Sent
2026-05-14 10:00:02,839 [INFO] ============================================================
2026-05-14 10:00:02,841 [INFO] SCANNER RUN STARTED - BETFAIR
2026-05-14 10:00:02,841 [INFO] ============================================================
2026-05-14 10:00:03,583 [INFO] Cached Betfair session too old, re-logging in
2026-05-14 10:00:03,584 [INFO] Betfair login attempt 1/3
2026-05-14 10:00:03,761 [INFO] Betfair login successful
2026-05-14 10:00:03,936 [INFO] Catalogue: 100 markets for sport ID 1
2026-05-14 10:00:04,083 [INFO] Catalogue: 100 markets for sport ID 2
2026-05-14 10:00:04,229 [INFO] Catalogue: 100 markets for sport ID 7
2026-05-14 10:00:04,355 [INFO] Catalogue: 100 markets for sport ID 4
2026-05-14 10:00:04,456 [INFO] Catalogue: 0 markets for sport ID 2378961
2026-05-14 10:00:04,589 [INFO] Catalogue: 85 markets for sport ID 3
2026-05-14 10:00:04,859 [INFO] Catalogue: 100 markets for sport ID 7522
2026-05-14 10:00:04,952 [INFO] Catalogue: 0 markets for sport ID 6423
2026-05-14 10:00:04,952 [INFO] Betfair: fetching prices for 585 markets...
2026-05-14 10:00:10,641 [INFO] Betfair: enriching 585 markets with price data...
2026-05-14 10:00:10,646 [INFO] Betfair: enriched 50/585 markets, 6 tradeable so far
2026-05-14 10:00:10,652 [INFO] Betfair: enriched 100/585 markets, 18 tradeable so far
2026-05-14 10:00:10,656 [INFO] Betfair: enriched 150/585 markets, 22 tradeable so far
2026-05-14 10:00:10,659 [INFO] Betfair: enriched 200/585 markets, 22 tradeable so far
2026-05-14 10:00:10,667 [INFO] Betfair: enriched 250/585 markets, 31 tradeable so far
2026-05-14 10:00:10,682 [INFO] Betfair: enriched 300/585 markets, 58 tradeable so far
2026-05-14 10:00:10,686 [INFO] Betfair: enriched 350/585 markets, 68 tradeable so far
2026-05-14 10:00:10,689 [INFO] Betfair: enriched 400/585 markets, 75 tradeable so far
2026-05-14 10:00:10,733 [INFO] Betfair: enriched 450/585 markets, 119 tradeable so far
2026-05-14 10:00:10,759 [INFO] Betfair: enriched 500/585 markets, 149 tradeable so far
2026-05-14 10:00:10,823 [INFO] Betfair: enriched 550/585 markets, 156 tradeable so far
2026-05-14 10:00:10,866 [INFO] Betfair: enriched 585/585 markets, 158 tradeable so far
2026-05-14 10:00:10,869 [INFO] Betfair: 585 total markets, 158 above 100 GBP volume
2026-05-14 10:00:10,920 [INFO] betfair: 585 total, 158 above 100 GBP threshold
2026-05-14 10:00:11,230 [INFO] Snapshot written: /home/jwfalc/smarkets-bot/data/snapshots/betfair/2026-05-14_09-00.json
2026-05-14 10:00:11,378 [INFO] Market log updated (betfair)
2026-05-14 10:00:53,687 [INFO] Scanner complete for betfair. Snapshot: 2026-05-14_09-00.json
2026-05-14 10:00:54,298 [INFO] ============================================================
2026-05-14 10:00:54,299 [INFO] SCANNER RUN STARTED - MATCHBOOK
2026-05-14 10:00:54,299 [INFO] ============================================================
2026-05-14 10:00:54,907 [INFO] Matchbook login attempt 1/3
2026-05-14 10:00:55,106 [INFO] Matchbook login successful
2026-05-14 10:00:55,107 [INFO] Matchbook: fetching events with prices for 15 sports...
2026-05-14 10:00:55,206 [INFO] Matchbook: fetched page offset=0, 20 events (total so far: 20)
2026-05-14 10:00:55,513 [INFO] Matchbook: fetched page offset=20, 20 events (total so far: 40)
2026-05-14 10:00:55,749 [INFO] Matchbook: fetched page offset=40, 20 events (total so far: 60)
2026-05-14 10:00:56,009 [INFO] Matchbook: fetched page offset=60, 20 events (total so far: 80)
2026-05-14 10:00:56,341 [INFO] Matchbook: fetched page offset=80, 20 events (total so far: 100)
2026-05-14 10:00:56,682 [INFO] Matchbook: fetched page offset=100, 20 events (total so far: 120)
2026-05-14 10:00:57,025 [INFO] Matchbook: fetched page offset=120, 20 events (total so far: 140)
2026-05-14 10:00:57,360 [INFO] Matchbook: fetched page offset=140, 20 events (total so far: 160)
2026-05-14 10:00:57,735 [INFO] Matchbook: fetched page offset=160, 20 events (total so far: 180)
2026-05-14 10:00:58,107 [INFO] Matchbook: fetched page offset=180, 20 events (total so far: 200)
2026-05-14 10:00:58,481 [INFO] Matchbook: fetched page offset=200, 20 events (total so far: 220)
2026-05-14 10:00:58,833 [INFO] Matchbook: fetched page offset=220, 20 events (total so far: 240)
2026-05-14 10:00:59,277 [INFO] Matchbook: fetched page offset=240, 20 events (total so far: 260)
2026-05-14 10:00:59,628 [INFO] Matchbook: fetched page offset=260, 20 events (total so far: 280)
2026-05-14 10:00:59,877 [INFO] Matchbook: fetched page offset=280, 20 events (total so far: 300)
2026-05-14 10:01:00,115 [INFO] Matchbook: fetched page offset=300, 7 events (total so far: 307)
2026-05-14 10:01:00,116 [INFO] Matchbook: processing 307 events
2026-05-14 10:01:00,120 [INFO] Matchbook: processed 20/307 events, 51 markets so far
2026-05-14 10:01:00,135 [INFO] Matchbook: processed 40/307 events, 107 markets so far
2026-05-14 10:01:00,138 [INFO] Matchbook: processed 60/307 events, 127 markets so far
2026-05-14 10:01:00,143 [INFO] Matchbook: processed 80/307 events, 147 markets so far
2026-05-14 10:01:00,156 [INFO] Matchbook: processed 100/307 events, 418 markets so far
2026-05-14 10:01:00,342 [INFO] Matchbook: processed 120/307 events, 913 markets so far
2026-05-14 10:01:00,366 [INFO] Matchbook: processed 140/307 events, 1481 markets so far
2026-05-14 10:01:00,393 [INFO] Matchbook: processed 160/307 events, 2068 markets so far
2026-05-14 10:01:00,422 [INFO] Matchbook: processed 180/307 events, 2687 markets so far
2026-05-14 10:01:00,456 [INFO] Matchbook: processed 200/307 events, 3421 markets so far
2026-05-14 10:01:00,494 [INFO] Matchbook: processed 220/307 events, 4200 markets so far
2026-05-14 10:01:00,526 [INFO] Matchbook: processed 240/307 events, 4869 markets so far
2026-05-14 10:01:00,584 [INFO] Matchbook: processed 260/307 events, 5580 markets so far
2026-05-14 10:01:00,615 [INFO] Matchbook: processed 280/307 events, 6237 markets so far
2026-05-14 10:01:00,620 [INFO] Matchbook: processed 300/307 events, 6315 markets so far
2026-05-14 10:01:00,621 [INFO] Matchbook: processed 307/307 events, 6322 markets so far
2026-05-14 10:01:00,622 [INFO] Matchbook: 6323 total markets, 351 above 25 GBP volume
2026-05-14 10:01:00,725 [INFO] matchbook: 6323 total, 351 above 25 GBP threshold
2026-05-14 10:01:00,948 [INFO] Snapshot written: /home/jwfalc/smarkets-bot/data/snapshots/matchbook/2026-05-14_09-00.json
2026-05-14 10:01:01,067 [INFO] Market log updated (matchbook)
2026-05-14 10:01:42,673 [INFO] Scanner complete for matchbook. Snapshot: 2026-05-14_09-00.json
2026-05-14 10:01:44,010 [RESEARCHER] matchbook: 233 tradeable markets from 2026-05-14_09-00.json
2026-05-14 10:01:44,012 [RESEARCHER] Market selection: 0 politics/current-affairs + 15 matchbook-sports + 0 betfair-sports = 15 total
2026-05-14 10:01:44,013 [RESEARCHER] [1/15] Winner
2026-05-14 10:01:50,632 [RESEARCHER] [2/15] Winner
2026-05-14 10:01:53,816 [RESEARCHER] [3/15] Winner
2026-05-14 10:01:57,644 [RESEARCHER] [4/15] Winner
2026-05-14 10:02:01,619 [RESEARCHER] [5/15] To Be Relegated
2026-05-14 10:02:05,050 [RESEARCHER] [6/15] Winner
2026-05-14 10:02:09,184 [RESEARCHER] [7/15] Top 10 Finish
2026-05-14 10:02:11,576 [RESEARCHER] [8/15] Top 5 Finish
2026-05-14 10:02:13,629 [RESEARCHER] [9/15] Match Odds
2026-05-14 10:02:17,226 [RESEARCHER] [10/15] Top 4 Finish
2026-05-14 10:02:20,953 [RESEARCHER] [11/15] Winner
2026-05-14 10:02:25,117 [RESEARCHER] [12/15] Match Odds
2026-05-14 10:02:28,977 [RESEARCHER] [13/15] Top 6 Finish
2026-05-14 10:02:32,563 [RESEARCHER] [14/15] Match Odds
2026-05-14 10:02:36,341 [RESEARCHER] [15/15] Match Odds
2026-05-14 10:02:40,404 [RESEARCHER] Research brief written: 2026-05-14_09-02_brief.json
2026-05-14 10:02:40,405 [RESEARCHER] Markets: 15 | Errors: 0 | Credits used: 30
BRIEF_PATH:/home/jwfalc/smarkets-bot/data/research/2026-05-14_09-02_brief.json
2026-05-14 10:02:40,945 [ANALYZER] Loading research brief: 2026-05-14_09-02_brief.json
2026-05-14 10:02:41,056 [ANALYZER] Analyzed 15 markets
2026-05-14 10:02:41,057 [ANALYZER] Found 12 signals (10pp+)
2026-05-14 10:02:41,057 [ANALYZER] Logged 20 distribution entries (7pp+)
2026-05-14 10:02:41,079 [ANALYZER] Research output written: 2026-05-14_09-02_research.json
2026-05-14 10:02:41,083 [ANALYZER] Appended 66 edge traces to edge_traces.json
RESEARCH_PATH:/home/jwfalc/smarkets-bot/data/research/2026-05-14_09-02_research.json
2026-05-14 10:02:42,125 [RESOLVE] Found 28 open trade(s) to check (paper_mode=True)
2026-05-14 10:02:42,126 [RESOLVE] Settled markets found: 0
2026-05-14 10:02:42,126 [RESOLVE] No open-trade markets have settled yet.
2026-05-14 10:02:43,283 [INFO] ============================================================
2026-05-14 10:02:43,285 [INFO] DIGEST RUN STARTED
2026-05-14 10:02:43,285 [INFO] ============================================================
2026-05-14 10:02:50,920 [INFO] Dashboard data written: /home/jwfalc/smarkets-bot/dashboard/dashboard_data.json
2026-05-14 10:02:50,997 [INFO] Period logs updated: 2026-05-14, 2026-W20, 2026-05, 2026-Q2
2026-05-14 10:02:50,998 [INFO] Run log: [2026-05-14 09:02 UTC] status=signal | platforms=betfair,matchbook | markets=509 | signals=12 | alerts=0 | movements=10 | consec_losses=2
2026-05-14 10:02:50,998 [INFO] Digest complete
Balance: £202.32 | Reserved: £199.66 | Available: £2.66
Skipping (conflicting back in same market): Winner
Skipping (already open): Top 10 Finish LAY
Skipping (insufficient balance): Top 10 Finish needs £7.10, only £2.66 available
Skipping (insufficient balance): Top 10 Finish needs £8.50, only £2.66 available
Skipping (insufficient balance): Top 10 Finish needs £8.60, only £2.66 available
Skipping (insufficient balance): Top 10 Finish needs £10.75, only £2.66 available
Skipping (insufficient balance): Top 10 Finish needs £11.25, only £2.66 available
Skipping (already open): Top 5 Finish LAY
Skipping (already open): Match Odds BACK
Skipping (conflicting back in same market): Match Odds
Skipping (already open): Top 6 Finish LAY
Skipping (already open): Top 6 Finish LAY
No new paper trades to log
Distribution log updated: 5 new entries added
Total entries: 559
  7-9pp: 148 total, 23 resolved
  10-11pp: 64 total, 37 resolved
  12pp+: 347 total, 169 resolved

REVIEW DUE: 7-9pp band has 23 resolved entries (threshold: 12)
  Run: python distribution_logger.py report
  Then run: prompts/prompt_review_v1.md

REVIEW DUE: 7-9pp band has 23 resolved entries (threshold: 12)
  Run: python distribution_logger.py report
  Then run: prompts/prompt_review_v1.md
EXIT_CODE:0
Sent
2026-05-14 10:02:56,317 [STATIC-DASH] Building dashboard data…
2026-05-14 10:02:57,778 [STATIC-DASH] Data collected: 106 trades, 65 signals, 509 markets
2026-05-14 10:02:58,010 [STATIC-DASH] Written: /home/jwfalc/smarkets-dashboard/index.html (2446KB)
2026-05-14 10:02:58 [DEPLOY] Starting dashboard deploy...
WARNING: could not find injection point in HTML
HTML written OK
2026-05-14 10:02:58 [DEPLOY] Static HTML built
[main 19e6713] Deploy: 2026-05-14 10:02 UTC
 1 file changed, 1 insertion(+), 1 deletion(-)
To https://github.com/jwfalc-coder/smarkets-dashboard.git
   cc3a66f..19e6713  main -> main
2026-05-14 10:02:58 [DEPLOY] Deploy complete: Deploy: 2026-05-14 10:02 UTC
