Sent
2026-06-07 15:00:03,126 [INFO] ============================================================
2026-06-07 15:00:03,126 [INFO] SCANNER RUN STARTED - BETFAIR
2026-06-07 15:00:03,126 [INFO] ============================================================
2026-06-07 15:00:03,553 [INFO] Cached Betfair session too old, re-logging in
2026-06-07 15:00:03,554 [INFO] Betfair login attempt 1/3
2026-06-07 15:00:03,708 [INFO] Betfair login successful
2026-06-07 15:00:03,868 [INFO] Catalogue: 100 markets for sport ID 1
2026-06-07 15:00:04,002 [INFO] Catalogue: 100 markets for sport ID 2
2026-06-07 15:00:04,130 [INFO] Catalogue: 100 markets for sport ID 7
2026-06-07 15:00:04,246 [INFO] Catalogue: 100 markets for sport ID 4
2026-06-07 15:00:04,345 [INFO] Catalogue: 1 markets for sport ID 2378961
2026-06-07 15:00:04,426 [INFO] Catalogue: 0 markets for sport ID 3
2026-06-07 15:00:04,623 [INFO] Catalogue: 77 markets for sport ID 7522
2026-06-07 15:00:04,716 [INFO] Catalogue: 6 markets for sport ID 6423
2026-06-07 15:00:04,717 [INFO] Betfair: fetching prices for 484 markets...
2026-06-07 15:00:09,145 [INFO] Betfair: enriching 484 markets with price data...
2026-06-07 15:00:09,153 [INFO] Betfair: enriched 50/484 markets, 11 tradeable so far
2026-06-07 15:00:09,163 [INFO] Betfair: enriched 100/484 markets, 16 tradeable so far
2026-06-07 15:00:09,167 [INFO] Betfair: enriched 150/484 markets, 18 tradeable so far
2026-06-07 15:00:09,170 [INFO] Betfair: enriched 200/484 markets, 19 tradeable so far
2026-06-07 15:00:09,186 [INFO] Betfair: enriched 250/484 markets, 52 tradeable so far
2026-06-07 15:00:09,201 [INFO] Betfair: enriched 300/484 markets, 77 tradeable so far
2026-06-07 15:00:09,205 [INFO] Betfair: enriched 350/484 markets, 89 tradeable so far
2026-06-07 15:00:09,210 [INFO] Betfair: enriched 400/484 markets, 90 tradeable so far
2026-06-07 15:00:09,289 [INFO] Betfair: enriched 450/484 markets, 106 tradeable so far
2026-06-07 15:00:09,326 [INFO] Betfair: enriched 484/484 markets, 115 tradeable so far
2026-06-07 15:00:09,329 [INFO] Betfair: 484 total markets, 115 above 100 GBP volume
2026-06-07 15:00:09,568 [INFO] Outrights: 22 markets for sport 1
2026-06-07 15:00:09,739 [INFO] Outrights: 17 markets for sport 3
2026-06-07 15:00:09,840 [INFO] Outrights: 1 markets for sport 2378961
2026-06-07 15:00:10,265 [INFO] Outrights: 38 markets above 25 GBP
2026-06-07 15:00:10,271 [INFO] Betfair: added 38 outright markets for cross-ref
2026-06-07 15:00:10,271 [INFO] betfair: 522 total, 153 above 100 GBP threshold
2026-06-07 15:00:10,569 [INFO] Snapshot written: /home/jwfalc/smarkets-bot/data/snapshots/betfair/2026-06-07_14-00.json
2026-06-07 15:00:10,742 [INFO] Market log updated (betfair)
2026-06-07 15:00:35,404 [INFO] Scanner complete for betfair. Snapshot: 2026-06-07_14-00.json
2026-06-07 15:00:35,721 [INFO] ============================================================
2026-06-07 15:00:35,721 [INFO] SCANNER RUN STARTED - MATCHBOOK
2026-06-07 15:00:35,721 [INFO] ============================================================
2026-06-07 15:00:36,059 [INFO] Matchbook login attempt 1/3
2026-06-07 15:00:36,283 [INFO] Matchbook login successful
2026-06-07 15:00:36,284 [INFO] Matchbook: fetching events with prices for 15 sports...
2026-06-07 15:00:36,377 [INFO] Matchbook: fetched page offset=0, 20 events (total so far: 20)
2026-06-07 15:00:36,713 [INFO] Matchbook: fetched page offset=20, 20 events (total so far: 40)
2026-06-07 15:00:37,075 [INFO] Matchbook: fetched page offset=40, 20 events (total so far: 60)
2026-06-07 15:00:37,401 [INFO] Matchbook: fetched page offset=60, 20 events (total so far: 80)
2026-06-07 15:00:37,628 [INFO] Matchbook: fetched page offset=80, 20 events (total so far: 100)
2026-06-07 15:00:37,865 [INFO] Matchbook: fetched page offset=100, 20 events (total so far: 120)
2026-06-07 15:00:38,112 [INFO] Matchbook: fetched page offset=120, 20 events (total so far: 140)
2026-06-07 15:00:38,367 [INFO] Matchbook: fetched page offset=140, 20 events (total so far: 160)
2026-06-07 15:00:38,675 [INFO] Matchbook: fetched page offset=160, 20 events (total so far: 180)
2026-06-07 15:00:38,931 [INFO] Matchbook: fetched page offset=180, 20 events (total so far: 200)
2026-06-07 15:00:39,172 [INFO] Matchbook: fetched page offset=200, 5 events (total so far: 205)
2026-06-07 15:00:39,172 [INFO] Matchbook: processing 205 events
2026-06-07 15:00:39,178 [INFO] Matchbook: processed 20/205 events, 116 markets so far
2026-06-07 15:00:39,197 [INFO] Matchbook: processed 40/205 events, 599 markets so far
2026-06-07 15:00:39,221 [INFO] Matchbook: processed 60/205 events, 1270 markets so far
2026-06-07 15:00:39,249 [INFO] Matchbook: processed 80/205 events, 1781 markets so far
2026-06-07 15:00:39,250 [INFO] Matchbook: processed 100/205 events, 1815 markets so far
2026-06-07 15:00:39,254 [INFO] Matchbook: processed 120/205 events, 1976 markets so far
2026-06-07 15:00:39,263 [INFO] Matchbook: processed 140/205 events, 2213 markets so far
2026-06-07 15:00:39,274 [INFO] Matchbook: processed 160/205 events, 2510 markets so far
2026-06-07 15:00:39,300 [INFO] Matchbook: processed 180/205 events, 2801 markets so far
2026-06-07 15:00:39,307 [INFO] Matchbook: processed 200/205 events, 2862 markets so far
2026-06-07 15:00:39,330 [INFO] Matchbook: processed 205/205 events, 2873 markets so far
2026-06-07 15:00:39,330 [INFO] Matchbook: 2874 total markets, 347 above 25 GBP volume
2026-06-07 15:00:39,358 [INFO] matchbook: 2874 total, 347 above 25 GBP threshold
2026-06-07 15:00:39,515 [INFO] Snapshot written: /home/jwfalc/smarkets-bot/data/snapshots/matchbook/2026-06-07_14-00.json
2026-06-07 15:00:39,598 [INFO] Market log updated (matchbook)
2026-06-07 15:01:03,779 [INFO] Scanner complete for matchbook. Snapshot: 2026-06-07_14-00.json
2026-06-07 15:01:04,460 [RESEARCHER] Prior index loaded: 4 known runners
2026-06-07 15:01:04,524 [RESEARCHER] betfair: 153 tradeable markets from 2026-06-07_14-00.json
2026-06-07 15:01:04,525 [RESEARCHER] Market selection: 2 politics + 7 outrights + 8 other sports = 17 total (platforms: ['betfair'])
2026-06-07 15:01:04,525 [RESEARCHER] [1/17] Makerfield - Restore Britain Vote Percentage
2026-06-07 15:01:10,158 [RESEARCHER] [2/17] Maine Democratic Senate Primary Winner
2026-06-07 15:01:15,588 [RESEARCHER] [3/17] Winner
2026-06-07 15:01:26,731 [RESEARCHER]   Prior history injected for Portugal
2026-06-07 15:01:26,732 [RESEARCHER] [4/17] Winner
2026-06-07 15:01:35,711 [RESEARCHER] [5/17] Winner
2026-06-07 15:01:45,610 [RESEARCHER] [6/17] Winner
2026-06-07 15:01:54,306 [RESEARCHER] [7/17] Top 10 Finish
2026-06-07 15:01:56,144 [RESEARCHER] [8/17] Winner
2026-06-07 15:02:04,930 [RESEARCHER] [9/17] Winner
2026-06-07 15:02:09,553 [RESEARCHER] [10/17] Match Odds
2026-06-07 15:02:17,641 [RESEARCHER] [11/17] NBA Championship Winner
2026-06-07 15:02:25,214 [RESEARCHER]   Prior history injected for New York Knicks
2026-06-07 15:02:25,214 [RESEARCHER] [12/17] Match Bet 1
2026-06-07 15:02:30,538 [RESEARCHER] [13/17] 1m2f Listed Stks
2026-06-07 15:02:35,694 [RESEARCHER] [14/17] Winner 2026/27
2026-06-07 15:02:42,691 [RESEARCHER] [15/17] 2m Hcap Hrd
2026-06-07 15:02:48,887 [RESEARCHER] [16/17] Name the Finalists
2026-06-07 15:02:56,186 [RESEARCHER] [17/17] Moneyline
2026-06-07 15:03:04,249 [RESEARCHER]   Prior history injected for New York Knicks
2026-06-07 15:03:04,275 [RESEARCHER] Research brief written: 2026-06-07_14-03_brief.json
2026-06-07 15:03:04,275 [RESEARCHER] Markets: 17 | Errors: 0 | Credits used: 69
BRIEF_PATH:/home/jwfalc/smarkets-bot/data/research/2026-06-07_14-03_brief.json
2026-06-07 15:03:04,601 [ANALYZER] Loading research brief: 2026-06-07_14-03_brief.json
2026-06-07 15:03:04,847 [ANALYZER] Betfair cross-ref index: 3837 runners
2026-06-07 15:03:04,853 [ANALYZER] Analyzed 17 markets
2026-06-07 15:03:04,853 [ANALYZER] Found 5 signals (10pp+)
2026-06-07 15:03:04,853 [ANALYZER] Logged 15 distribution entries (7pp+)
2026-06-07 15:03:04,870 [ANALYZER] Research output written: 2026-06-07_14-03_research.json
2026-06-07 15:03:04,873 [ANALYZER] Appended 89 edge traces to edge_traces.json
RESEARCH_PATH:/home/jwfalc/smarkets-bot/data/research/2026-06-07_14-03_research.json
2026-06-07 15:03:05,445 [RESOLVE] Found 9 open trade(s) to check (paper_mode=True)
2026-06-07 15:03:05,517 [RESOLVE] Using cached Betfair session token
2026-06-07 15:03:05,517 [RESOLVE] Betfair: checking 6 open-trade markets
2026-06-07 15:03:16,301 [RESOLVE] Snapshot name lookup: found mappings for 6 markets
2026-06-07 15:03:16,412 [RESOLVE] Settled markets found: 0
2026-06-07 15:03:16,413 [RESOLVE] No open-trade markets have settled yet.
2026-06-07 15:03:17,034 [INFO] ============================================================
2026-06-07 15:03:17,034 [INFO] DIGEST RUN STARTED
2026-06-07 15:03:17,035 [INFO] ============================================================
2026-06-07 15:03:20,801 [INFO] Slip dedup: skipping Tyrrell Hatton (BACK) — already open
2026-06-07 15:03:20,802 [INFO] Slip dedup: skipping Scottie Scheffler (BACK) — already open
2026-06-07 15:03:20,808 [INFO] Sending batch slip: 3 signals
2026-06-07 15:03:21,169 [INFO] Telegram notification sent
2026-06-07 15:03:21,170 [INFO] Sent 5 Telegram signal alerts
2026-06-07 15:03:21,190 [INFO] Dashboard data written: /home/jwfalc/smarkets-bot/dashboard/dashboard_data.json
2026-06-07 15:03:21,255 [INFO] Period logs updated: 2026-06-07, 2026-W23, 2026-06, 2026-Q2
2026-06-07 15:03:21,256 [INFO] Run log: [2026-06-07 14:03 UTC] status=signal | platforms=betfair,matchbook | markets=500 | signals=5 | alerts=5 | movements=10 | consec_losses=2
2026-06-07 15:03:21,256 [INFO] Digest complete
Kelly balance: £52.21 | Reserved: £33.55 | Available: £18.66
Logged paper trade: Maine Democratic Senate Primary Winner - LAY @ 25.0% (edge: 10.76pp) [betfair] | available now £10.20
Skipping (already open): Winner BACK
Skipping (already open): Winner BACK
Logged paper trade: Winner 2026/27 - BACK @ 16.67% (edge: 10.17pp) [betfair] | available now £8.20

2 new paper trade(s) logged
Distribution log updated: 9 new entries added
Total entries: 982
  near_certainty: 8 total, 6 resolved
  high_prob: 26 total, 15 resolved
  7-9pp: 287 total, 99 resolved
  10-11pp: 144 total, 46 resolved
  12pp+: 517 total, 365 resolved

REVIEW DUE: 7-9pp band has 99 resolved entries (threshold: 12)
  Run: python distribution_logger.py report
  Then run: prompts/prompt_review_v1.md

REVIEW DUE: 7-9pp band has 99 resolved entries (threshold: 12)
  Run: python distribution_logger.py report
  Then run: prompts/prompt_review_v1.md
EXIT_CODE:0
Sent
2026-06-07 15:03:24,467 [STATIC-DASH] Building dashboard data…
2026-06-07 15:03:25,598 [STATIC-DASH] Data collected: 15 trades, 43 signals, 500 markets
2026-06-07 15:03:25,811 [STATIC-DASH] Written: /home/jwfalc/smarkets-dashboard/index.html (2850KB)
2026-06-07 15:03:25 [DEPLOY] Starting dashboard deploy...
WARNING: could not find injection point in HTML
HTML written OK
2026-06-07 15:03:25 [DEPLOY] Static HTML built
[main 91f9570] Deploy: 2026-06-07 15:03 UTC
 1 file changed, 1 insertion(+), 1 deletion(-)
To https://github.com/jwfalc-coder/smarkets-dashboard.git
   ea4e142..91f9570  main -> main
2026-06-07 15:03:25 [DEPLOY] Deploy complete: Deploy: 2026-06-07 15:03 UTC
[main 4929ee4] log: routine_2026-06-07_1500
 1 file changed, 159 insertions(+)
 create mode 100644 data/routine_logs/routine_2026-06-07_1500.log
From https://github.com/jwfalc-coder/betting-auditor
 * branch            main       -> FETCH_HEAD
Current branch main is up to date.
To https://github.com/jwfalc-coder/betting-auditor.git
   5fa62be..4929ee4  main -> main
