Sent
2026-06-12 22:00:02,313 [INFO] ============================================================
2026-06-12 22:00:02,313 [INFO] SCANNER RUN STARTED - BETFAIR
2026-06-12 22:00:02,313 [INFO] ============================================================
2026-06-12 22:00:02,727 [INFO] Cached Betfair session too old, re-logging in
2026-06-12 22:00:02,727 [INFO] Betfair login attempt 1/3
2026-06-12 22:00:02,894 [INFO] Betfair login successful
2026-06-12 22:00:03,054 [INFO] Catalogue: 100 markets for sport ID 1
2026-06-12 22:00:03,183 [INFO] Catalogue: 100 markets for sport ID 2
2026-06-12 22:00:03,318 [INFO] Catalogue: 100 markets for sport ID 7
2026-06-12 22:00:03,430 [INFO] Catalogue: 100 markets for sport ID 4
2026-06-12 22:00:03,506 [INFO] Catalogue: 0 markets for sport ID 2378961
2026-06-12 22:00:03,590 [INFO] Catalogue: 0 markets for sport ID 3
2026-06-12 22:00:03,768 [INFO] Catalogue: 80 markets for sport ID 7522
2026-06-12 22:00:03,887 [INFO] Catalogue: 9 markets for sport ID 6423
2026-06-12 22:00:03,887 [INFO] Betfair: fetching prices for 489 markets...
2026-06-12 22:00:08,065 [INFO] Betfair: enriching 489 markets with price data...
2026-06-12 22:00:08,074 [INFO] Betfair: enriched 50/489 markets, 16 tradeable so far
2026-06-12 22:00:08,082 [INFO] Betfair: enriched 100/489 markets, 21 tradeable so far
2026-06-12 22:00:08,085 [INFO] Betfair: enriched 150/489 markets, 21 tradeable so far
2026-06-12 22:00:08,088 [INFO] Betfair: enriched 200/489 markets, 21 tradeable so far
2026-06-12 22:00:08,098 [INFO] Betfair: enriched 250/489 markets, 28 tradeable so far
2026-06-12 22:00:08,112 [INFO] Betfair: enriched 300/489 markets, 36 tradeable so far
2026-06-12 22:00:08,117 [INFO] Betfair: enriched 350/489 markets, 42 tradeable so far
2026-06-12 22:00:08,120 [INFO] Betfair: enriched 400/489 markets, 47 tradeable so far
2026-06-12 22:00:08,204 [INFO] Betfair: enriched 450/489 markets, 59 tradeable so far
2026-06-12 22:00:08,252 [INFO] Betfair: enriched 489/489 markets, 64 tradeable so far
2026-06-12 22:00:08,253 [INFO] Betfair: 489 total markets, 64 above 100 GBP volume
2026-06-12 22:00:08,368 [INFO] Outrights: 20 markets for sport 1
2026-06-12 22:00:08,473 [INFO] Outrights: 11 markets for sport 3
2026-06-12 22:00:08,548 [INFO] Outrights: 1 markets for sport 2378961
2026-06-12 22:00:08,894 [INFO] Outrights: 30 markets above 25 GBP
2026-06-12 22:00:08,898 [INFO] Betfair: added 30 outright markets for cross-ref
2026-06-12 22:00:08,898 [INFO] betfair: 519 total, 94 above 100 GBP threshold
2026-06-12 22:00:09,100 [INFO] Snapshot written: /home/jwfalc/smarkets-bot/data/snapshots/betfair/2026-06-12_21-00.json
2026-06-12 22:00:09,213 [INFO] Market log updated (betfair)
2026-06-12 22:00:36,444 [INFO] Scanner complete for betfair. Snapshot: 2026-06-12_21-00.json
2026-06-12 22:00:37,121 [INFO] ============================================================
2026-06-12 22:00:37,121 [INFO] SCANNER RUN STARTED - MATCHBOOK
2026-06-12 22:00:37,122 [INFO] ============================================================
2026-06-12 22:00:37,460 [INFO] Matchbook login attempt 1/3
2026-06-12 22:00:37,618 [INFO] Matchbook login successful
2026-06-12 22:00:37,619 [INFO] Matchbook: fetching events with prices for 15 sports...
2026-06-12 22:00:37,751 [INFO] Matchbook: fetched page offset=0, 20 events (total so far: 20)
2026-06-12 22:00:37,991 [INFO] Matchbook: fetched page offset=20, 20 events (total so far: 40)
2026-06-12 22:00:38,331 [INFO] Matchbook: fetched page offset=40, 20 events (total so far: 60)
2026-06-12 22:00:38,644 [INFO] Matchbook: fetched page offset=60, 20 events (total so far: 80)
2026-06-12 22:00:39,008 [INFO] Matchbook: fetched page offset=80, 20 events (total so far: 100)
2026-06-12 22:00:39,361 [INFO] Matchbook: fetched page offset=100, 20 events (total so far: 120)
2026-06-12 22:00:39,624 [INFO] Matchbook: fetched page offset=120, 18 events (total so far: 138)
2026-06-12 22:00:39,624 [INFO] Matchbook: processing 138 events
2026-06-12 22:00:39,638 [INFO] Matchbook: processed 20/138 events, 320 markets so far
2026-06-12 22:00:39,643 [INFO] Matchbook: processed 40/138 events, 465 markets so far
2026-06-12 22:00:39,656 [INFO] Matchbook: processed 60/138 events, 890 markets so far
2026-06-12 22:00:39,674 [INFO] Matchbook: processed 80/138 events, 1357 markets so far
2026-06-12 22:00:39,694 [INFO] Matchbook: processed 100/138 events, 1807 markets so far
2026-06-12 22:00:39,715 [INFO] Matchbook: processed 120/138 events, 2249 markets so far
2026-06-12 22:00:39,722 [INFO] Matchbook: processed 138/138 events, 2267 markets so far
2026-06-12 22:00:39,722 [INFO] Matchbook: 2268 total markets, 399 above 25 GBP volume
2026-06-12 22:00:39,749 [INFO] matchbook: 2268 total, 399 above 25 GBP threshold
2026-06-12 22:00:39,916 [INFO] Snapshot written: /home/jwfalc/smarkets-bot/data/snapshots/matchbook/2026-06-12_21-00.json
2026-06-12 22:00:40,007 [INFO] Market log updated (matchbook)
2026-06-12 22:01:06,937 [INFO] Scanner complete for matchbook. Snapshot: 2026-06-12_21-00.json
2026-06-12 22:01:07,678 [RESEARCHER] Prior index loaded: 21 known runners
2026-06-12 22:01:07,724 [RESEARCHER] betfair: skipped 19 outright markets with no start time (BUG-093)
2026-06-12 22:01:07,725 [RESEARCHER] betfair: 75 tradeable markets from 2026-06-12_21-00.json
2026-06-12 22:01:07,725 [RESEARCHER] Market selection: 1 politics + 0 outrights + 15 other sports = 16 total (platforms: ['betfair'])
2026-06-12 22:01:07,725 [RESEARCHER] [1/16] Makerfield - Restore Britain Vote Percentage
2026-06-12 22:01:13,233 [RESEARCHER] [2/16] NBA Championship Winner
2026-06-12 22:01:20,465 [RESEARCHER]   Prior history injected for New York Knicks
2026-06-12 22:01:20,465 [RESEARCHER] [3/16] Match Odds
2026-06-12 22:01:27,920 [RESEARCHER] [4/16] FIFA Golden Ball
2026-06-12 22:01:35,517 [RESEARCHER] [5/16] Match Odds
2026-06-12 22:01:42,897 [RESEARCHER] [6/16] Match Odds
2026-06-12 22:01:50,620 [RESEARCHER] [7/16] Moneyline
2026-06-12 22:01:57,244 [RESEARCHER]   Prior history injected for New York Knicks
2026-06-12 22:01:57,245 [RESEARCHER] [8/16] PFA Player of the Year 2025/26
2026-06-12 22:02:05,038 [RESEARCHER] [9/16] R3 6f Allw
2026-06-12 22:02:11,111 [RESEARCHER] [10/16] Match Odds
2026-06-12 22:02:19,234 [RESEARCHER] [11/16] Moneyline
2026-06-12 22:02:26,369 [RESEARCHER]   Prior history injected for Golden State Valkyries
2026-06-12 22:02:26,369 [RESEARCHER] [12/16] Moneyline
2026-06-12 22:02:33,978 [RESEARCHER] [13/16] Moneyline
2026-06-12 22:02:41,563 [RESEARCHER] [14/16] Match Odds
2026-06-12 22:02:48,533 [RESEARCHER] [15/16] Match Odds
2026-06-12 22:02:55,779 [RESEARCHER] [16/16] 2 TBP
2026-06-12 22:03:01,479 [RESEARCHER] Research brief written: 2026-06-12_21-03_brief.json
2026-06-12 22:03:01,479 [RESEARCHER] Markets: 16 | Errors: 0 | Credits used: 61
BRIEF_PATH:/home/jwfalc/smarkets-bot/data/research/2026-06-12_21-03_brief.json
2026-06-12 22:03:01,829 [ANALYZER] Loading research brief: 2026-06-12_21-03_brief.json
2026-06-12 22:03:02,036 [ANALYZER] Betfair cross-ref index: 2937 runners
2026-06-12 22:03:02,078 [ANALYZER] Market skipped (overbook 166% > 130%): Bundelkhand Bulls v Gwalior Cheetahs | Match Odds
2026-06-12 22:03:02,204 [ANALYZER] Analyzed 15 markets
2026-06-12 22:03:02,204 [ANALYZER] Found 7 signals (10pp+)
2026-06-12 22:03:02,204 [ANALYZER] Logged 11 distribution entries (7pp+)
2026-06-12 22:03:02,217 [ANALYZER] Research output written: 2026-06-12_21-03_research.json
2026-06-12 22:03:02,219 [ANALYZER] Appended 55 edge traces to edge_traces.json
RESEARCH_PATH:/home/jwfalc/smarkets-bot/data/research/2026-06-12_21-03_research.json
2026-06-12 22:03:02,851 [RESOLVE] Found 17 open trade(s) to check (paper_mode=True)
2026-06-12 22:03:02,928 [RESOLVE] Using cached Betfair session token
2026-06-12 22:03:02,928 [RESOLVE] Betfair: checking 12 open-trade markets
2026-06-12 22:03:16,682 [RESOLVE] Snapshot name lookup: found mappings for 12 markets
2026-06-12 22:03:16,870 [RESOLVE] Settled markets found: 0
2026-06-12 22:03:16,870 [RESOLVE] No open-trade markets have settled yet.
2026-06-12 22:03:17,497 [INFO] ============================================================
2026-06-12 22:03:17,497 [INFO] DIGEST RUN STARTED
2026-06-12 22:03:17,498 [INFO] ============================================================
2026-06-12 22:03:21,442 [INFO] Slip dedup: skipping Golden State Valkyries (BACK) — already open
2026-06-12 22:03:21,443 [INFO] Slip dedup: skipping New York Knicks (BACK) — already open
2026-06-12 22:03:21,449 [INFO] Sending batch slip: 5 signals
2026-06-12 22:03:21,673 [INFO] Telegram notification sent
2026-06-12 22:03:21,674 [INFO] Sent 7 Telegram signal alerts
2026-06-12 22:03:21,692 [INFO] Dashboard data written: /home/jwfalc/smarkets-bot/dashboard/dashboard_data.json
2026-06-12 22:03:21,762 [INFO] Period logs updated: 2026-06-12, 2026-W24, 2026-06, 2026-Q2
2026-06-12 22:03:21,762 [INFO] Run log: [2026-06-12 21:03 UTC] status=signal | platforms=betfair,matchbook | markets=493 | signals=7 | alerts=7 | movements=10 | consec_losses=1
2026-06-12 22:03:21,763 [INFO] Digest complete
Kelly balance: £70.88 | Reserved: £97.39 | Available: £-26.51
Skipping (already open): NBA Championship Winner BACK
⚠ LOW BALANCE: Moneyline needs £3.17, only £-26.51 available — logging anyway (Phase 0 manual)
Logged paper trade: Moneyline - BACK @ 35.21% (edge: 12.33pp) [betfair] | available now £-29.68
⚠ LOW BALANCE: 2 TBP needs £17.45, only £-29.68 available — logging anyway (Phase 0 manual)
Logged paper trade: 2 TBP - LAY @ 52.08% (edge: 22.91pp) [betfair] | available now £-47.13
⚠ LOW BALANCE: 2 TBP needs £10.33, only £-47.13 available — logging anyway (Phase 0 manual)
Logged paper trade: 2 TBP - LAY @ 68.03% (edge: 28.73pp) [betfair] | available now £-57.46
⚠ LOW BALANCE: 2 TBP needs £7.00, only £-57.46 available — logging anyway (Phase 0 manual)
Logged paper trade: 2 TBP - LAY @ 38.17% (edge: 13.18pp) [betfair] | available now £-64.46
  [dedup] Removed duplicate open: Scottie Scheffler Winner
  [dedup] Removed duplicate open: Scottie Scheffler Winner
  [dedup] 2 duplicate(s) removed in post-write scan

4 new paper trade(s) logged
Distribution log updated: 7 new entries added
Total entries: 1124
  near_certainty: 11 total, 7 resolved
  high_prob: 34 total, 19 resolved
  7-9pp: 340 total, 109 resolved
  10-11pp: 180 total, 62 resolved
  12pp+: 559 total, 410 resolved

REVIEW DUE: 7-9pp band has 109 resolved entries (threshold: 12)
  Run: python distribution_logger.py report
  Then run: prompts/prompt_review_v1.md

REVIEW DUE: 7-9pp band has 109 resolved entries (threshold: 12)
  Run: python distribution_logger.py report
  Then run: prompts/prompt_review_v1.md
EXIT_CODE:0
Sent
2026-06-12 22:03:24,885 [STATIC-DASH] Building dashboard data…
2026-06-12 22:03:26,107 [STATIC-DASH] Data collected: 43 trades, 51 signals, 493 markets
2026-06-12 22:03:26,312 [STATIC-DASH] Written: /home/jwfalc/smarkets-dashboard/index.html (2678KB)
2026-06-12 22:03:26,346 [STATIC-DASH] Copied PWA asset: manifest.json
2026-06-12 22:03:26,347 [STATIC-DASH] Copied PWA asset: apple-touch-icon.png
2026-06-12 22:03:26,349 [STATIC-DASH] Copied PWA asset: icon-192.png
2026-06-12 22:03:26,350 [STATIC-DASH] Copied PWA asset: icon-512.png
2026-06-12 22:03:26 [DEPLOY] Starting dashboard deploy...
WARNING: could not find injection point in HTML
HTML written OK
2026-06-12 22:03:26 [DEPLOY] Static HTML built
[main 3efed10] Deploy: 2026-06-12 22:03 UTC
 1 file changed, 1 insertion(+), 1 deletion(-)
To https://github.com/jwfalc-coder/smarkets-dashboard.git
   0c22fd6..3efed10  main -> main
2026-06-12 22:03:26 [DEPLOY] Deploy complete: Deploy: 2026-06-12 22:03 UTC
[main 24cdfbf] log: routine_2026-06-12_2200
 1 file changed, 164 insertions(+)
 create mode 100644 data/routine_logs/routine_2026-06-12_2200.log
From https://github.com/jwfalc-coder/betting-auditor
 * branch            main       -> FETCH_HEAD
Current branch main is up to date.
To https://github.com/jwfalc-coder/betting-auditor.git
   eb43043..24cdfbf  main -> main
