Sent
2026-06-03 23:00:02,931 [INFO] ============================================================
2026-06-03 23:00:02,932 [INFO] SCANNER RUN STARTED - BETFAIR
2026-06-03 23:00:02,932 [INFO] ============================================================
2026-06-03 23:00:03,451 [INFO] Cached Betfair session too old, re-logging in
2026-06-03 23:00:03,452 [INFO] Betfair login attempt 1/3
2026-06-03 23:00:03,614 [INFO] Betfair login successful
2026-06-03 23:00:03,765 [INFO] Catalogue: 100 markets for sport ID 1
2026-06-03 23:00:03,882 [INFO] Catalogue: 100 markets for sport ID 2
2026-06-03 23:00:04,004 [INFO] Catalogue: 100 markets for sport ID 7
2026-06-03 23:00:04,117 [INFO] Catalogue: 100 markets for sport ID 4
2026-06-03 23:00:04,194 [INFO] Catalogue: 0 markets for sport ID 2378961
2026-06-03 23:00:04,319 [INFO] Catalogue: 78 markets for sport ID 3
2026-06-03 23:00:04,553 [INFO] Catalogue: 92 markets for sport ID 7522
2026-06-03 23:00:04,621 [INFO] Catalogue: 0 markets for sport ID 6423
2026-06-03 23:00:04,621 [INFO] Betfair: fetching prices for 570 markets...
2026-06-03 23:00:09,373 [INFO] Betfair: enriching 570 markets with price data...
2026-06-03 23:00:09,379 [INFO] Betfair: enriched 50/570 markets, 12 tradeable so far
2026-06-03 23:00:09,383 [INFO] Betfair: enriched 100/570 markets, 18 tradeable so far
2026-06-03 23:00:09,385 [INFO] Betfair: enriched 150/570 markets, 23 tradeable so far
2026-06-03 23:00:09,387 [INFO] Betfair: enriched 200/570 markets, 25 tradeable so far
2026-06-03 23:00:09,393 [INFO] Betfair: enriched 250/570 markets, 29 tradeable so far
2026-06-03 23:00:09,401 [INFO] Betfair: enriched 300/570 markets, 29 tradeable so far
2026-06-03 23:00:09,404 [INFO] Betfair: enriched 350/570 markets, 36 tradeable so far
2026-06-03 23:00:09,406 [INFO] Betfair: enriched 400/570 markets, 39 tradeable so far
2026-06-03 23:00:09,440 [INFO] Betfair: enriched 450/570 markets, 84 tradeable so far
2026-06-03 23:00:09,476 [INFO] Betfair: enriched 500/570 markets, 116 tradeable so far
2026-06-03 23:00:09,525 [INFO] Betfair: enriched 550/570 markets, 122 tradeable so far
2026-06-03 23:00:09,545 [INFO] Betfair: enriched 570/570 markets, 122 tradeable so far
2026-06-03 23:00:09,546 [INFO] Betfair: 570 total markets, 122 above 100 GBP volume
2026-06-03 23:00:09,670 [INFO] Outrights: 22 markets for sport 1
2026-06-03 23:00:09,774 [INFO] Outrights: 17 markets for sport 3
2026-06-03 23:00:09,846 [INFO] Outrights: 1 markets for sport 2378961
2026-06-03 23:00:10,258 [INFO] Outrights: 37 markets above 25 GBP
2026-06-03 23:00:10,266 [INFO] Betfair: added 26 outright markets for cross-ref
2026-06-03 23:00:10,267 [INFO] betfair: 596 total, 148 above 100 GBP threshold
2026-06-03 23:00:10,565 [INFO] Snapshot written: /home/jwfalc/smarkets-bot/data/snapshots/betfair/2026-06-03_22-00.json
2026-06-03 23:00:10,733 [INFO] Market log updated (betfair)
2026-06-03 23:00:40,672 [INFO] Scanner complete for betfair. Snapshot: 2026-06-03_22-00.json
2026-06-03 23:00:40,983 [INFO] ============================================================
2026-06-03 23:00:40,983 [INFO] SCANNER RUN STARTED - MATCHBOOK
2026-06-03 23:00:40,983 [INFO] ============================================================
2026-06-03 23:00:41,323 [INFO] Matchbook login attempt 1/3
2026-06-03 23:00:41,502 [INFO] Matchbook login successful
2026-06-03 23:00:41,502 [INFO] Matchbook: fetching events with prices for 15 sports...
2026-06-03 23:00:41,631 [INFO] Matchbook: fetched page offset=0, 20 events (total so far: 20)
2026-06-03 23:00:41,860 [INFO] Matchbook: fetched page offset=20, 20 events (total so far: 40)
2026-06-03 23:00:42,093 [INFO] Matchbook: fetched page offset=40, 20 events (total so far: 60)
2026-06-03 23:00:42,342 [INFO] Matchbook: fetched page offset=60, 20 events (total so far: 80)
2026-06-03 23:00:42,591 [INFO] Matchbook: fetched page offset=80, 20 events (total so far: 100)
2026-06-03 23:00:42,823 [INFO] Matchbook: fetched page offset=100, 20 events (total so far: 120)
2026-06-03 23:00:43,061 [INFO] Matchbook: fetched page offset=120, 20 events (total so far: 140)
2026-06-03 23:00:43,340 [INFO] Matchbook: fetched page offset=140, 20 events (total so far: 160)
2026-06-03 23:00:43,597 [INFO] Matchbook: fetched page offset=160, 20 events (total so far: 180)
2026-06-03 23:00:43,870 [INFO] Matchbook: fetched page offset=180, 20 events (total so far: 200)
2026-06-03 23:00:44,129 [INFO] Matchbook: fetched page offset=200, 20 events (total so far: 220)
2026-06-03 23:00:44,368 [INFO] Matchbook: fetched page offset=220, 5 events (total so far: 225)
2026-06-03 23:00:44,368 [INFO] Matchbook: processing 225 events
2026-06-03 23:00:44,381 [INFO] Matchbook: processed 20/225 events, 200 markets so far
2026-06-03 23:00:44,382 [INFO] Matchbook: processed 40/225 events, 220 markets so far
2026-06-03 23:00:44,383 [INFO] Matchbook: processed 60/225 events, 240 markets so far
2026-06-03 23:00:44,386 [INFO] Matchbook: processed 80/225 events, 292 markets so far
2026-06-03 23:00:44,389 [INFO] Matchbook: processed 100/225 events, 314 markets so far
2026-06-03 23:00:44,390 [INFO] Matchbook: processed 120/225 events, 334 markets so far
2026-06-03 23:00:44,392 [INFO] Matchbook: processed 140/225 events, 386 markets so far
2026-06-03 23:00:44,399 [INFO] Matchbook: processed 160/225 events, 582 markets so far
2026-06-03 23:00:44,407 [INFO] Matchbook: processed 180/225 events, 838 markets so far
2026-06-03 23:00:44,414 [INFO] Matchbook: processed 200/225 events, 882 markets so far
2026-06-03 23:00:44,418 [INFO] Matchbook: processed 220/225 events, 948 markets so far
2026-06-03 23:00:44,420 [INFO] Matchbook: processed 225/225 events, 953 markets so far
2026-06-03 23:00:44,421 [INFO] Matchbook: 954 total markets, 232 above 25 GBP volume
2026-06-03 23:00:44,436 [INFO] matchbook: 954 total, 232 above 25 GBP threshold
2026-06-03 23:00:44,570 [INFO] Snapshot written: /home/jwfalc/smarkets-bot/data/snapshots/matchbook/2026-06-03_22-00.json
2026-06-03 23:00:44,646 [INFO] Market log updated (matchbook)
2026-06-03 23:01:11,534 [INFO] Scanner complete for matchbook. Snapshot: 2026-06-03_22-00.json
2026-06-03 23:01:12,181 [RESEARCHER] Prior index loaded: 106 known runners
2026-06-03 23:01:12,242 [RESEARCHER] betfair: 148 tradeable markets from 2026-06-03_22-00.json
2026-06-03 23:01:12,243 [RESEARCHER] Market selection: 1 politics + 7 outrights + 8 other sports = 16 total (platforms: ['betfair'])
2026-06-03 23:01:12,243 [RESEARCHER] [1/16] Makerfield - Restore Britain Vote Percentage
2026-06-03 23:01:18,229 [RESEARCHER] [2/16] Winner
2026-06-03 23:01:25,829 [RESEARCHER] [3/16] Winner
2026-06-03 23:01:34,462 [RESEARCHER]   Prior history injected for Scottie Scheffler
2026-06-03 23:01:34,463 [RESEARCHER]   Prior history injected for Ludvig Aberg
2026-06-03 23:01:34,464 [RESEARCHER]   Prior history injected for Rory McIlroy
2026-06-03 23:01:34,464 [RESEARCHER]   Prior history injected for Xander Schauffele
2026-06-03 23:01:34,464 [RESEARCHER]   Prior history injected for Cameron Young
2026-06-03 23:01:34,465 [RESEARCHER]   Prior history injected for Si Woo Kim
2026-06-03 23:01:34,465 [RESEARCHER] [4/16] Winner
2026-06-03 23:01:43,516 [RESEARCHER]   Prior history injected for Daniel Hillier
2026-06-03 23:01:43,516 [RESEARCHER]   Prior history injected for Jacob Skov Olesen
2026-06-03 23:01:43,517 [RESEARCHER] [5/16] Winner
2026-06-03 23:01:48,412 [RESEARCHER]   Prior history injected for Scottie Scheffler
2026-06-03 23:01:48,413 [RESEARCHER]   Prior history injected for Rory McIlroy
2026-06-03 23:01:48,413 [RESEARCHER]   Prior history injected for Jon Rahm
2026-06-03 23:01:48,413 [RESEARCHER]   Prior history injected for Cameron Young
2026-06-03 23:01:48,414 [RESEARCHER]   Prior history injected for Ludvig Aberg
2026-06-03 23:01:48,414 [RESEARCHER]   Prior history injected for Xander Schauffele
2026-06-03 23:01:48,414 [RESEARCHER] [6/16] Winner
2026-06-03 23:01:52,879 [RESEARCHER]   Prior history injected for Scottie Scheffler
2026-06-03 23:01:52,879 [RESEARCHER]   Prior history injected for Rory McIlroy
2026-06-03 23:01:52,880 [RESEARCHER]   Prior history injected for Jon Rahm
2026-06-03 23:01:52,880 [RESEARCHER]   Prior history injected for Xander Schauffele
2026-06-03 23:01:52,881 [RESEARCHER]   Prior history injected for Cameron Young
2026-06-03 23:01:52,881 [RESEARCHER] [7/16] Winner
2026-06-03 23:02:01,982 [RESEARCHER]   Prior history injected for Jon Rahm
2026-06-03 23:02:01,983 [RESEARCHER]   Prior history injected for Bryson DeChambeau
2026-06-03 23:02:01,983 [RESEARCHER] [8/16] Top 10 Finish
2026-06-03 23:02:03,888 [RESEARCHER]   Prior history injected for Scottie Scheffler
2026-06-03 23:02:03,889 [RESEARCHER]   Prior history injected for Ludvig Aberg
2026-06-03 23:02:03,889 [RESEARCHER]   Prior history injected for Rory McIlroy
2026-06-03 23:02:03,890 [RESEARCHER]   Prior history injected for Xander Schauffele
2026-06-03 23:02:03,890 [RESEARCHER]   Prior history injected for Cameron Young
2026-06-03 23:02:03,890 [RESEARCHER]   Prior history injected for Si Woo Kim
2026-06-03 23:02:03,891 [RESEARCHER] [9/16] NBA Championship Winner
2026-06-03 23:02:11,348 [RESEARCHER]   Prior history injected for San Antonio Spurs
2026-06-03 23:02:11,349 [RESEARCHER]   Prior history injected for Sacramento Kings
2026-06-03 23:02:11,349 [RESEARCHER] [10/16] Match Odds
2026-06-03 23:02:19,347 [RESEARCHER]   Prior history injected for The Draw
2026-06-03 23:02:19,347 [RESEARCHER] [11/16] Moneyline
2026-06-03 23:02:27,290 [RESEARCHER]   Prior history injected for San Antonio Spurs
2026-06-03 23:02:27,291 [RESEARCHER] [12/16] Match Odds
2026-06-03 23:02:35,484 [RESEARCHER]   Prior history injected for Alexander Zverev
2026-06-03 23:02:35,485 [RESEARCHER] [13/16] Moneyline
2026-06-03 23:02:42,905 [RESEARCHER] [14/16] Winner 2026/27
2026-06-03 23:02:50,278 [RESEARCHER]   Prior history injected for Arsenal
2026-06-03 23:02:50,279 [RESEARCHER]   Prior history injected for Man City
2026-06-03 23:02:50,279 [RESEARCHER]   Prior history injected for Liverpool
2026-06-03 23:02:50,279 [RESEARCHER]   Prior history injected for Chelsea
2026-06-03 23:02:50,280 [RESEARCHER]   Prior history injected for Aston Villa
2026-06-03 23:02:50,280 [RESEARCHER] [15/16] Joost Luiten vs Mikael Lindberg
2026-06-03 23:02:58,614 [RESEARCHER] [16/16] 1st Round Leader
2026-06-03 23:03:00,522 [RESEARCHER]   Prior history injected for Daniel Hillier
2026-06-03 23:03:00,522 [RESEARCHER]   Prior history injected for Jacob Skov Olesen
2026-06-03 23:03:00,547 [RESEARCHER] Research brief written: 2026-06-03_22-03_brief.json
2026-06-03 23:03:00,548 [RESEARCHER] Markets: 16 | Errors: 0 | Credits used: 71
BRIEF_PATH:/home/jwfalc/smarkets-bot/data/research/2026-06-03_22-03_brief.json
2026-06-03 23:03:00,883 [ANALYZER] Loading research brief: 2026-06-03_22-03_brief.json
2026-06-03 23:03:01,117 [ANALYZER] Betfair cross-ref index: 4869 runners
2026-06-03 23:03:01,126 [ANALYZER] Analyzed 16 markets
2026-06-03 23:03:01,126 [ANALYZER] Found 11 signals (10pp+)
2026-06-03 23:03:01,126 [ANALYZER] Logged 14 distribution entries (7pp+)
2026-06-03 23:03:01,142 [ANALYZER] Research output written: 2026-06-03_22-03_research.json
2026-06-03 23:03:01,146 [ANALYZER] Appended 77 edge traces to edge_traces.json
RESEARCH_PATH:/home/jwfalc/smarkets-bot/data/research/2026-06-03_22-03_research.json
2026-06-03 23:03:01,713 [RESOLVE] Found 21 open trade(s) to check (paper_mode=True)
2026-06-03 23:03:01,782 [RESOLVE] Using cached Betfair session token
2026-06-03 23:03:01,782 [RESOLVE] Betfair: checking 15 open-trade markets
2026-06-03 23:03:21,176 [RESOLVE] Snapshot name lookup: found mappings for 15 markets
2026-06-03 23:03:21,277 [RESOLVE] Betfair settled: market=1.258799218 winner=Louis Veron (79244190)
2026-06-03 23:03:21,372 [RESOLVE] Settled markets found: 1
2026-06-03 23:03:21,488 [RESOLVE]   [betfair] 2m Mdn Hrd | WIN | P&L: +0.40 | Selection: Louis Veron | Winner: Louis Veron
2026-06-03 23:03:21,488 [RESOLVE] Resolution alert: 2m Mdn Hrd pnl=+0.40
2026-06-03 23:03:21,602 [RESOLVE] Telegram notification sent
2026-06-03 23:03:21,631 [RESOLVE] Auto-resolved 1 trade(s). Running P&L: +331.67 | W/L: 131/79 | ROI: 35.4%
2026-06-03 23:03:22,245 [INFO] ============================================================
2026-06-03 23:03:22,247 [INFO] DIGEST RUN STARTED
2026-06-03 23:03:22,247 [INFO] ============================================================
2026-06-03 23:03:26,485 [INFO] Sending signal alert: Top 10 Finish edge=22.29pp
2026-06-03 23:03:26,588 [INFO] Telegram notification sent
2026-06-03 23:03:26,589 [INFO] Sending signal alert: Top 10 Finish edge=15.49pp
2026-06-03 23:03:26,680 [INFO] Telegram notification sent
2026-06-03 23:03:26,681 [INFO] Sending signal alert: Winner edge=15.13pp
2026-06-03 23:03:26,780 [INFO] Telegram notification sent
2026-06-03 23:03:26,780 [INFO] Sent 3 Telegram signal alerts
2026-06-03 23:03:26,828 [INFO] Dashboard data written: /home/jwfalc/smarkets-bot/dashboard/dashboard_data.json
2026-06-03 23:03:26,908 [INFO] Period logs updated: 2026-06-03, 2026-W23, 2026-06, 2026-Q2
2026-06-03 23:03:26,908 [INFO] Run log: [2026-06-03 22:03 UTC] status=signal | platforms=betfair,matchbook | markets=380 | signals=11 | alerts=3 | movements=10 | consec_losses=0
2026-06-03 23:03:27,006 [INFO] Telegram notification sent
2026-06-03 23:03:27,008 [INFO] Digest complete
Balance: £431.67 | Reserved: £96.59 | Available: £335.08
Skipping (already open): Winner BACK
Reduced stake: Winner edge 12.2pp < 15.0pp → £2.15 (43%)
Skipping (already open): Winner BACK
Reduced stake: Top 10 Finish edge 11.3pp < 12pp → £3.15 (63%)
Reduced stake: Match Odds edge 8.1pp < 12pp → £3.10 (62%)
Logged paper trade: Match Odds - BACK @ 78.12% (edge: 8.11pp) [betfair] | available now £331.98
Reduced stake: Winner 2026/27 edge 11.2pp < 15.0pp → £1.15 (23%)
Skipping (already open): Winner 2026/27 BACK

1 new paper trade(s) logged
Distribution log updated: 1 new entries added
Total entries: 870
  near_certainty: 7 total, 6 resolved
  high_prob: 21 total, 10 resolved
  7-9pp: 258 total, 98 resolved
  10-11pp: 112 total, 46 resolved
  12pp+: 472 total, 360 resolved

REVIEW DUE: 7-9pp band has 98 resolved entries (threshold: 12)
  Run: python distribution_logger.py report
  Then run: prompts/prompt_review_v1.md

REVIEW DUE: 7-9pp band has 98 resolved entries (threshold: 12)
  Run: python distribution_logger.py report
  Then run: prompts/prompt_review_v1.md
EXIT_CODE:0
Sent
2026-06-03 23:03:29,997 [STATIC-DASH] Building dashboard data…
2026-06-03 23:03:31,528 [STATIC-DASH] Data collected: 232 trades, 45 signals, 380 markets
2026-06-03 23:03:31,767 [STATIC-DASH] Written: /home/jwfalc/smarkets-dashboard/index.html (2903KB)
2026-06-03 23:03:31 [DEPLOY] Starting dashboard deploy...
WARNING: could not find injection point in HTML
HTML written OK
2026-06-03 23:03:31 [DEPLOY] Static HTML built
[main 491703f] Deploy: 2026-06-03 23:03 UTC
 1 file changed, 1 insertion(+), 1 deletion(-)
To https://github.com/jwfalc-coder/smarkets-dashboard.git
   d01e8ae..491703f  main -> main
2026-06-03 23:03:31 [DEPLOY] Deploy complete: Deploy: 2026-06-03 23:03 UTC
[main d625ec9] log: routine_2026-06-03_2300
 1 file changed, 209 insertions(+)
 create mode 100644 data/routine_logs/routine_2026-06-03_2300.log
From https://github.com/jwfalc-coder/betting-auditor
 * branch            main       -> FETCH_HEAD
Current branch main is up to date.
To https://github.com/jwfalc-coder/betting-auditor.git
   9cfe0c3..d625ec9  main -> main
