Sent
2026-05-15 14:00:04,300 [INFO] ============================================================
2026-05-15 14:00:04,301 [INFO] SCANNER RUN STARTED - BETFAIR
2026-05-15 14:00:04,302 [INFO] ============================================================
2026-05-15 14:00:05,383 [INFO] Cached Betfair session too old, re-logging in
2026-05-15 14:00:05,385 [INFO] Betfair login attempt 1/3
2026-05-15 14:00:05,582 [INFO] Betfair login successful
2026-05-15 14:00:05,796 [INFO] Catalogue: 100 markets for sport ID 1
2026-05-15 14:00:05,968 [INFO] Catalogue: 100 markets for sport ID 2
2026-05-15 14:00:06,114 [INFO] Catalogue: 100 markets for sport ID 7
2026-05-15 14:00:06,257 [INFO] Catalogue: 100 markets for sport ID 4
2026-05-15 14:00:06,360 [INFO] Catalogue: 0 markets for sport ID 2378961
2026-05-15 14:00:06,486 [INFO] Catalogue: 10 markets for sport ID 3
2026-05-15 14:00:06,780 [INFO] Catalogue: 100 markets for sport ID 7522
2026-05-15 14:00:06,910 [INFO] Catalogue: 9 markets for sport ID 6423
2026-05-15 14:00:06,911 [INFO] Betfair: fetching prices for 519 markets...
2026-05-15 14:00:12,639 [INFO] Betfair: enriching 519 markets with price data...
2026-05-15 14:00:12,646 [INFO] Betfair: enriched 50/519 markets, 8 tradeable so far
2026-05-15 14:00:12,661 [INFO] Betfair: enriched 100/519 markets, 25 tradeable so far
2026-05-15 14:00:12,666 [INFO] Betfair: enriched 150/519 markets, 32 tradeable so far
2026-05-15 14:00:12,670 [INFO] Betfair: enriched 200/519 markets, 36 tradeable so far
2026-05-15 14:00:12,686 [INFO] Betfair: enriched 250/519 markets, 63 tradeable so far
2026-05-15 14:00:12,700 [INFO] Betfair: enriched 300/519 markets, 90 tradeable so far
2026-05-15 14:00:12,707 [INFO] Betfair: enriched 350/519 markets, 103 tradeable so far
2026-05-15 14:00:12,711 [INFO] Betfair: enriched 400/519 markets, 109 tradeable so far
2026-05-15 14:00:12,781 [INFO] Betfair: enriched 450/519 markets, 123 tradeable so far
2026-05-15 14:00:12,850 [INFO] Betfair: enriched 500/519 markets, 130 tradeable so far
2026-05-15 14:00:12,891 [INFO] Betfair: enriched 519/519 markets, 134 tradeable so far
2026-05-15 14:00:12,897 [INFO] Betfair: 519 total markets, 134 above 100 GBP volume
2026-05-15 14:00:12,951 [INFO] betfair: 519 total, 134 above 100 GBP threshold
2026-05-15 14:00:13,280 [INFO] Snapshot written: /home/jwfalc/smarkets-bot/data/snapshots/betfair/2026-05-15_13-00.json
2026-05-15 14:00:13,400 [INFO] Market log updated (betfair)
2026-05-15 14:01:02,681 [INFO] Scanner complete for betfair. Snapshot: 2026-05-15_13-00.json
2026-05-15 14:01:03,771 [INFO] ============================================================
2026-05-15 14:01:03,772 [INFO] SCANNER RUN STARTED - MATCHBOOK
2026-05-15 14:01:03,774 [INFO] ============================================================
2026-05-15 14:01:04,750 [INFO] Matchbook login attempt 1/3
2026-05-15 14:01:04,967 [INFO] Matchbook login successful
2026-05-15 14:01:04,971 [INFO] Matchbook: fetching events with prices for 15 sports...
2026-05-15 14:01:05,161 [INFO] Matchbook: fetched page offset=0, 20 events (total so far: 20)
2026-05-15 14:01:05,497 [INFO] Matchbook: fetched page offset=20, 20 events (total so far: 40)
2026-05-15 14:01:05,902 [INFO] Matchbook: fetched page offset=40, 20 events (total so far: 60)
2026-05-15 14:01:06,340 [INFO] Matchbook: fetched page offset=60, 20 events (total so far: 80)
2026-05-15 14:01:06,748 [INFO] Matchbook: fetched page offset=80, 20 events (total so far: 100)
2026-05-15 14:01:07,176 [INFO] Matchbook: fetched page offset=100, 20 events (total so far: 120)
2026-05-15 14:01:07,516 [INFO] Matchbook: fetched page offset=120, 20 events (total so far: 140)
2026-05-15 14:01:07,912 [INFO] Matchbook: fetched page offset=140, 20 events (total so far: 160)
2026-05-15 14:01:08,361 [INFO] Matchbook: fetched page offset=160, 20 events (total so far: 180)
2026-05-15 14:01:08,779 [INFO] Matchbook: fetched page offset=180, 20 events (total so far: 200)
2026-05-15 14:01:09,146 [INFO] Matchbook: fetched page offset=200, 20 events (total so far: 220)
2026-05-15 14:01:09,551 [INFO] Matchbook: fetched page offset=220, 20 events (total so far: 240)
2026-05-15 14:01:09,944 [INFO] Matchbook: fetched page offset=240, 20 events (total so far: 260)
2026-05-15 14:01:10,392 [INFO] Matchbook: fetched page offset=260, 20 events (total so far: 280)
2026-05-15 14:01:10,781 [INFO] Matchbook: fetched page offset=280, 20 events (total so far: 300)
2026-05-15 14:01:11,252 [INFO] Matchbook: fetched page offset=300, 20 events (total so far: 320)
2026-05-15 14:01:11,498 [INFO] Matchbook: fetched page offset=320, 20 events (total so far: 340)
2026-05-15 14:01:11,743 [INFO] Matchbook: fetched page offset=340, 12 events (total so far: 352)
2026-05-15 14:01:11,744 [INFO] Matchbook: processing 352 events
2026-05-15 14:01:11,764 [INFO] Matchbook: processed 20/352 events, 262 markets so far
2026-05-15 14:01:11,791 [INFO] Matchbook: processed 40/352 events, 696 markets so far
2026-05-15 14:01:11,827 [INFO] Matchbook: processed 60/352 events, 1244 markets so far
2026-05-15 14:01:11,870 [INFO] Matchbook: processed 80/352 events, 1795 markets so far
2026-05-15 14:01:11,921 [INFO] Matchbook: processed 100/352 events, 2413 markets so far
2026-05-15 14:01:11,962 [INFO] Matchbook: processed 120/352 events, 3058 markets so far
2026-05-15 14:01:11,992 [INFO] Matchbook: processed 140/352 events, 3589 markets so far
2026-05-15 14:01:12,045 [INFO] Matchbook: processed 160/352 events, 4337 markets so far
2026-05-15 14:01:12,112 [INFO] Matchbook: processed 180/352 events, 5032 markets so far
2026-05-15 14:01:12,152 [INFO] Matchbook: processed 200/352 events, 5681 markets so far
2026-05-15 14:01:12,187 [INFO] Matchbook: processed 220/352 events, 6308 markets so far
2026-05-15 14:01:12,225 [INFO] Matchbook: processed 240/352 events, 7062 markets so far
2026-05-15 14:01:12,270 [INFO] Matchbook: processed 260/352 events, 7839 markets so far
2026-05-15 14:01:12,338 [INFO] Matchbook: processed 280/352 events, 8671 markets so far
2026-05-15 14:01:12,386 [INFO] Matchbook: processed 300/352 events, 9411 markets so far
2026-05-15 14:01:12,422 [INFO] Matchbook: processed 320/352 events, 9507 markets so far
2026-05-15 14:01:12,425 [INFO] Matchbook: processed 340/352 events, 9528 markets so far
2026-05-15 14:01:12,427 [INFO] Matchbook: processed 352/352 events, 9540 markets so far
2026-05-15 14:01:12,429 [INFO] Matchbook: 9541 total markets, 666 above 25 GBP volume
2026-05-15 14:01:12,590 [INFO] matchbook: 9541 total, 666 above 25 GBP threshold
2026-05-15 14:01:13,015 [INFO] Snapshot written: /home/jwfalc/smarkets-bot/data/snapshots/matchbook/2026-05-15_13-01.json
2026-05-15 14:01:13,213 [INFO] Market log updated (matchbook)
2026-05-15 14:02:09,196 [INFO] Scanner complete for matchbook. Snapshot: 2026-05-15_13-01.json
2026-05-15 14:02:11,029 [RESEARCHER] matchbook: 413 tradeable markets from 2026-05-15_13-01.json
2026-05-15 14:02:11,034 [RESEARCHER] Market selection: 0 politics/current-affairs + 15 matchbook-sports + 0 betfair-sports = 15 total
2026-05-15 14:02:11,035 [RESEARCHER] [1/15] Winner
2026-05-15 14:02:18,936 [RESEARCHER] [2/15] Winner
2026-05-15 14:02:25,586 [RESEARCHER] [3/15] Winner
2026-05-15 14:02:33,418 [RESEARCHER] [4/15] To Be Relegated
2026-05-15 14:02:41,667 [RESEARCHER] [5/15] Winner
2026-05-15 14:02:48,397 [RESEARCHER] [6/15] Top 10 Finish
2026-05-15 14:02:51,554 [RESEARCHER] [7/15] Top 5 Finish
2026-05-15 14:02:54,391 [RESEARCHER] [8/15] Match Odds
2026-05-15 14:03:02,740 [RESEARCHER] [9/15] Correct Score
2026-05-15 14:03:10,429 [RESEARCHER] [10/15] Correct Score
2026-05-15 14:03:12,231 [RESEARCHER] [11/15] Top 4 Finish
2026-05-15 14:03:20,166 [RESEARCHER] [12/15] Winner
2026-05-15 14:03:27,905 [RESEARCHER] [13/15] Top 6 Finish
2026-05-15 14:03:30,965 [RESEARCHER] [14/15] Match Odds
2026-05-15 14:03:39,017 [RESEARCHER] [15/15] Top 20 Finish
2026-05-15 14:03:42,009 [RESEARCHER] Research brief written: 2026-05-15_13-03_brief.json
2026-05-15 14:03:42,010 [RESEARCHER] Markets: 15 | Errors: 0 | Credits used: 60
BRIEF_PATH:/home/jwfalc/smarkets-bot/data/research/2026-05-15_13-03_brief.json
2026-05-15 14:03:42,573 [ANALYZER] Loading research brief: 2026-05-15_13-03_brief.json
2026-05-15 14:03:42,706 [ANALYZER] Analyzed 15 markets
2026-05-15 14:03:42,706 [ANALYZER] Found 2 signals (10pp+)
2026-05-15 14:03:42,706 [ANALYZER] Logged 10 distribution entries (7pp+)
2026-05-15 14:03:42,727 [ANALYZER] Research output written: 2026-05-15_13-03_research.json
2026-05-15 14:03:42,732 [ANALYZER] Appended 72 edge traces to edge_traces.json
RESEARCH_PATH:/home/jwfalc/smarkets-bot/data/research/2026-05-15_13-03_research.json
2026-05-15 14:03:43,798 [RESOLVE] Found 20 open trade(s) to check (paper_mode=True)
2026-05-15 14:03:43,800 [RESOLVE] Settled markets found: 0
2026-05-15 14:03:43,801 [RESOLVE] Standings fallback: 2 season future market(s) to check
2026-05-15 14:03:44,283 [RESOLVE] Standings: no match for ' Scottie Scheffler' in 24-team table
2026-05-15 14:03:44,285 [RESOLVE] Standings: no match for ' Scottie Scheffler' in 24-team table
2026-05-15 14:03:44,291 [RESOLVE] No open-trade markets have settled yet.
2026-05-15 14:03:45,499 [INFO] ============================================================
2026-05-15 14:03:45,500 [INFO] DIGEST RUN STARTED
2026-05-15 14:03:45,501 [INFO] ============================================================
2026-05-15 14:03:53,587 [WARNING] CONSECUTIVE LOSSES: 3
2026-05-15 14:03:53,588 [WARNING] Consecutive loss alert: 3 in a row
2026-05-15 14:03:53,716 [INFO] Telegram notification sent
2026-05-15 14:03:53,762 [INFO] Dashboard data written: /home/jwfalc/smarkets-bot/dashboard/dashboard_data.json
2026-05-15 14:03:53,846 [INFO] Period logs updated: 2026-05-15, 2026-W20, 2026-05, 2026-Q2
2026-05-15 14:03:53,848 [INFO] Run log: [2026-05-15 13:03 UTC] status=signal | platforms=betfair,matchbook | markets=800 | signals=2 | alerts=0 | movements=10 | consec_losses=3
2026-05-15 14:03:53,849 [INFO] Digest complete
Balance: £197.32 | Reserved: £178.26 | Available: £19.06
Skipping (already open): Top 6 Finish LAY
Skipping (already open): Top 6 Finish LAY
No new paper trades to log
Distribution log updated: 3 new entries added
Total entries: 595
  7-9pp: 164 total, 27 resolved
  10-11pp: 70 total, 37 resolved
  12pp+: 361 total, 171 resolved

REVIEW DUE: 7-9pp band has 27 resolved entries (threshold: 12)
  Run: python distribution_logger.py report
  Then run: prompts/prompt_review_v1.md

REVIEW DUE: 7-9pp band has 27 resolved entries (threshold: 12)
  Run: python distribution_logger.py report
  Then run: prompts/prompt_review_v1.md
EXIT_CODE:0
Sent
2026-05-15 14:03:59,611 [STATIC-DASH] Building dashboard data…
2026-05-15 14:04:01,202 [STATIC-DASH] Data collected: 99 trades, 68 signals, 800 markets
2026-05-15 14:04:01,467 [STATIC-DASH] Written: /home/jwfalc/smarkets-dashboard/index.html (2637KB)
2026-05-15 14:04:01 [DEPLOY] Starting dashboard deploy...
WARNING: could not find injection point in HTML
HTML written OK
2026-05-15 14:04:01 [DEPLOY] Static HTML built
[main fc30d1b] Deploy: 2026-05-15 14:04 UTC
 1 file changed, 1 insertion(+), 1 deletion(-)
To https://github.com/jwfalc-coder/smarkets-dashboard.git
   2a53078..fc30d1b  main -> main
2026-05-15 14:04:01 [DEPLOY] Deploy complete: Deploy: 2026-05-15 14:04 UTC
