Sent
2026-06-01 18:00:12,409 [INFO] ============================================================
2026-06-01 18:00:12,410 [INFO] SCANNER RUN STARTED - BETFAIR
2026-06-01 18:00:12,410 [INFO] ============================================================
2026-06-01 18:00:12,807 [INFO] Cached Betfair session too old, re-logging in
2026-06-01 18:00:12,808 [INFO] Betfair login attempt 1/3
2026-06-01 18:00:12,974 [INFO] Betfair login successful
2026-06-01 18:00:13,133 [INFO] Catalogue: 100 markets for sport ID 1
2026-06-01 18:00:13,253 [INFO] Catalogue: 100 markets for sport ID 2
2026-06-01 18:00:13,370 [INFO] Catalogue: 100 markets for sport ID 7
2026-06-01 18:00:13,477 [INFO] Catalogue: 100 markets for sport ID 4
2026-06-01 18:00:13,558 [INFO] Catalogue: 2 markets for sport ID 2378961
2026-06-01 18:00:13,626 [INFO] Catalogue: 0 markets for sport ID 3
2026-06-01 18:00:13,830 [INFO] Catalogue: 72 markets for sport ID 7522
2026-06-01 18:00:13,912 [INFO] Catalogue: 0 markets for sport ID 6423
2026-06-01 18:00:13,913 [INFO] Betfair: fetching prices for 474 markets...
2026-06-01 18:00:17,967 [INFO] Betfair: enriching 474 markets with price data...
2026-06-01 18:00:17,973 [INFO] Betfair: enriched 50/474 markets, 15 tradeable so far
2026-06-01 18:00:17,981 [INFO] Betfair: enriched 100/474 markets, 23 tradeable so far
2026-06-01 18:00:17,983 [INFO] Betfair: enriched 150/474 markets, 24 tradeable so far
2026-06-01 18:00:17,986 [INFO] Betfair: enriched 200/474 markets, 26 tradeable so far
2026-06-01 18:00:17,996 [INFO] Betfair: enriched 250/474 markets, 53 tradeable so far
2026-06-01 18:00:18,007 [INFO] Betfair: enriched 300/474 markets, 80 tradeable so far
2026-06-01 18:00:18,010 [INFO] Betfair: enriched 350/474 markets, 87 tradeable so far
2026-06-01 18:00:18,014 [INFO] Betfair: enriched 400/474 markets, 90 tradeable so far
2026-06-01 18:00:18,098 [INFO] Betfair: enriched 450/474 markets, 111 tradeable so far
2026-06-01 18:00:18,120 [INFO] Betfair: enriched 474/474 markets, 116 tradeable so far
2026-06-01 18:00:18,122 [INFO] Betfair: 474 total markets, 116 above 100 GBP volume
2026-06-01 18:00:18,236 [INFO] Outrights: 20 markets for sport 1
2026-06-01 18:00:18,326 [INFO] Outrights: 15 markets for sport 3
2026-06-01 18:00:18,406 [INFO] Outrights: 1 markets for sport 2378961
2026-06-01 18:00:18,753 [INFO] Outrights: 29 markets above 25 GBP
2026-06-01 18:00:18,758 [INFO] Betfair: added 29 outright markets for cross-ref
2026-06-01 18:00:18,759 [INFO] betfair: 503 total, 145 above 100 GBP threshold
2026-06-01 18:00:19,052 [INFO] Snapshot written: /home/jwfalc/smarkets-bot/data/snapshots/betfair/2026-06-01_17-00.json
2026-06-01 18:00:19,213 [INFO] Market log updated (betfair)
2026-06-01 18:00:43,736 [INFO] Scanner complete for betfair. Snapshot: 2026-06-01_17-00.json
2026-06-01 18:00:44,049 [INFO] ============================================================
2026-06-01 18:00:44,050 [INFO] SCANNER RUN STARTED - MATCHBOOK
2026-06-01 18:00:44,050 [INFO] ============================================================
2026-06-01 18:00:44,391 [INFO] Matchbook login attempt 1/3
2026-06-01 18:00:44,562 [INFO] Matchbook login successful
2026-06-01 18:00:44,562 [INFO] Matchbook: fetching events with prices for 15 sports...
2026-06-01 18:00:44,659 [INFO] Matchbook: fetched page offset=0, 20 events (total so far: 20)
2026-06-01 18:00:44,956 [INFO] Matchbook: fetched page offset=20, 20 events (total so far: 40)
2026-06-01 18:00:45,270 [INFO] Matchbook: fetched page offset=40, 20 events (total so far: 60)
2026-06-01 18:00:45,497 [INFO] Matchbook: fetched page offset=60, 20 events (total so far: 80)
2026-06-01 18:00:45,727 [INFO] Matchbook: fetched page offset=80, 20 events (total so far: 100)
2026-06-01 18:00:45,985 [INFO] Matchbook: fetched page offset=100, 20 events (total so far: 120)
2026-06-01 18:00:46,244 [INFO] Matchbook: fetched page offset=120, 20 events (total so far: 140)
2026-06-01 18:00:46,478 [INFO] Matchbook: fetched page offset=140, 20 events (total so far: 160)
2026-06-01 18:00:46,716 [INFO] Matchbook: fetched page offset=160, 9 events (total so far: 169)
2026-06-01 18:00:46,717 [INFO] Matchbook: processing 169 events
2026-06-01 18:00:46,722 [INFO] Matchbook: processed 20/169 events, 142 markets so far
2026-06-01 18:00:46,737 [INFO] Matchbook: processed 40/169 events, 545 markets so far
2026-06-01 18:00:46,753 [INFO] Matchbook: processed 60/169 events, 976 markets so far
2026-06-01 18:00:46,754 [INFO] Matchbook: processed 80/169 events, 1013 markets so far
2026-06-01 18:00:46,755 [INFO] Matchbook: processed 100/169 events, 1033 markets so far
2026-06-01 18:00:46,757 [INFO] Matchbook: processed 120/169 events, 1127 markets so far
2026-06-01 18:00:46,765 [INFO] Matchbook: processed 140/169 events, 1245 markets so far
2026-06-01 18:00:46,766 [INFO] Matchbook: processed 160/169 events, 1265 markets so far
2026-06-01 18:00:46,768 [INFO] Matchbook: processed 169/169 events, 1274 markets so far
2026-06-01 18:00:46,768 [INFO] Matchbook: 1275 total markets, 300 above 25 GBP volume
2026-06-01 18:00:46,782 [INFO] matchbook: 1275 total, 300 above 25 GBP threshold
2026-06-01 18:00:46,884 [INFO] Snapshot written: /home/jwfalc/smarkets-bot/data/snapshots/matchbook/2026-06-01_17-00.json
2026-06-01 18:00:46,938 [INFO] Market log updated (matchbook)
2026-06-01 18:01:11,153 [INFO] Scanner complete for matchbook. Snapshot: 2026-06-01_17-00.json
2026-06-01 18:01:11,791 [RESEARCHER] Prior index loaded: 104 known runners
2026-06-01 18:01:11,852 [RESEARCHER] betfair: 145 tradeable markets from 2026-06-01_17-00.json
2026-06-01 18:01:11,853 [RESEARCHER] Market selection: 3 politics + 7 outrights + 8 other sports = 18 total (platforms: ['betfair'])
2026-06-01 18:01:11,853 [RESEARCHER] [1/18] Makerfield - Restore Britain Vote Percentage
2026-06-01 18:01:17,122 [RESEARCHER] [2/18] Los Angeles Mayoral Election
2026-06-01 18:01:23,015 [RESEARCHER] [3/18] Next Mayor of Seoul
2026-06-01 18:01:28,539 [RESEARCHER] [4/18] Winner
2026-06-01 18:01:35,362 [RESEARCHER] [5/18] Winner
2026-06-01 18:01:44,227 [RESEARCHER]   Prior history injected for Scottie Scheffler
2026-06-01 18:01:44,227 [RESEARCHER]   Prior history injected for Rory McIlroy
2026-06-01 18:01:44,227 [RESEARCHER]   Prior history injected for Jon Rahm
2026-06-01 18:01:44,228 [RESEARCHER]   Prior history injected for Xander Schauffele
2026-06-01 18:01:44,228 [RESEARCHER]   Prior history injected for Cameron Young
2026-06-01 18:01:44,228 [RESEARCHER] [6/18] Winner
2026-06-01 18:01:48,604 [RESEARCHER]   Prior history injected for Scottie Scheffler
2026-06-01 18:01:48,604 [RESEARCHER]   Prior history injected for Rory McIlroy
2026-06-01 18:01:48,605 [RESEARCHER]   Prior history injected for Jon Rahm
2026-06-01 18:01:48,605 [RESEARCHER]   Prior history injected for Cameron Young
2026-06-01 18:01:48,606 [RESEARCHER]   Prior history injected for Ludvig Aberg
2026-06-01 18:01:48,606 [RESEARCHER]   Prior history injected for Bryson DeChambeau
2026-06-01 18:01:48,606 [RESEARCHER] [7/18] Winner
2026-06-01 18:01:53,921 [RESEARCHER]   Prior history injected for Scottie Scheffler
2026-06-01 18:01:53,922 [RESEARCHER]   Prior history injected for Rory McIlroy
2026-06-01 18:01:53,922 [RESEARCHER]   Prior history injected for Cameron Young
2026-06-01 18:01:53,922 [RESEARCHER]   Prior history injected for Xander Schauffele
2026-06-01 18:01:53,923 [RESEARCHER]   Prior history injected for Ludvig Aberg
2026-06-01 18:01:53,923 [RESEARCHER]   Prior history injected for Matt Fitzpatrick
2026-06-01 18:01:53,923 [RESEARCHER] [8/18] Winner
2026-06-01 18:01:58,465 [RESEARCHER]   Prior history injected for Scottie Scheffler
2026-06-01 18:01:58,465 [RESEARCHER]   Prior history injected for Rory McIlroy
2026-06-01 18:01:58,466 [RESEARCHER]   Prior history injected for Jon Rahm
2026-06-01 18:01:58,466 [RESEARCHER]   Prior history injected for Cameron Young
2026-06-01 18:01:58,467 [RESEARCHER]   Prior history injected for Ludvig Aberg
2026-06-01 18:01:58,467 [RESEARCHER]   Prior history injected for Bryson DeChambeau
2026-06-01 18:01:58,467 [RESEARCHER] [9/18] Winner
2026-06-01 18:02:07,281 [RESEARCHER]   Prior history injected for Daniel Hillier
2026-06-01 18:02:07,282 [RESEARCHER]   Prior history injected for Oliver Lindell
2026-06-01 18:02:07,282 [RESEARCHER]   Prior history injected for Casey Jarvis
2026-06-01 18:02:07,282 [RESEARCHER] [10/18] Top 10 Finish
2026-06-01 18:02:09,261 [RESEARCHER]   Prior history injected for Scottie Scheffler
2026-06-01 18:02:09,262 [RESEARCHER]   Prior history injected for Rory McIlroy
2026-06-01 18:02:09,262 [RESEARCHER]   Prior history injected for Cameron Young
2026-06-01 18:02:09,262 [RESEARCHER]   Prior history injected for Xander Schauffele
2026-06-01 18:02:09,263 [RESEARCHER]   Prior history injected for Ludvig Aberg
2026-06-01 18:02:09,263 [RESEARCHER]   Prior history injected for Matt Fitzpatrick
2026-06-01 18:02:09,263 [RESEARCHER] [11/18] Match Odds
2026-06-01 18:02:17,841 [RESEARCHER] [12/18] Match Odds
2026-06-01 18:02:24,331 [RESEARCHER]   Prior history injected for The Draw
2026-06-01 18:02:24,332 [RESEARCHER] [13/18] 5f Nov Stks
2026-06-01 18:02:30,574 [RESEARCHER] [14/18] 1m1f Mdn Stks
2026-06-01 18:02:36,396 [RESEARCHER] [15/18] Winner 2026/27
2026-06-01 18:02:43,762 [RESEARCHER]   Prior history injected for Arsenal
2026-06-01 18:02:43,762 [RESEARCHER]   Prior history injected for Man City
2026-06-01 18:02:43,763 [RESEARCHER]   Prior history injected for Liverpool
2026-06-01 18:02:43,763 [RESEARCHER]   Prior history injected for Chelsea
2026-06-01 18:02:43,763 [RESEARCHER]   Prior history injected for Aston Villa
2026-06-01 18:02:43,764 [RESEARCHER] [16/18] Match Odds
2026-06-01 18:02:52,134 [RESEARCHER] [17/18] Winner 2026
2026-06-01 18:02:59,960 [RESEARCHER] [18/18] Ballon d'Or Winner 2026
2026-06-01 18:03:09,537 [RESEARCHER] Research brief written: 2026-06-01_17-03_brief.json
2026-06-01 18:03:09,537 [RESEARCHER] Markets: 18 | Errors: 0 | Credits used: 73
BRIEF_PATH:/home/jwfalc/smarkets-bot/data/research/2026-06-01_17-03_brief.json
2026-06-01 18:03:09,853 [ANALYZER] Loading research brief: 2026-06-01_17-03_brief.json
2026-06-01 18:03:10,080 [ANALYZER] Betfair cross-ref index: 3619 runners
2026-06-01 18:03:10,088 [ANALYZER] Analyzed 17 markets
2026-06-01 18:03:10,088 [ANALYZER] Found 4 signals (10pp+)
2026-06-01 18:03:10,088 [ANALYZER] Logged 15 distribution entries (7pp+)
2026-06-01 18:03:10,104 [ANALYZER] Research output written: 2026-06-01_17-03_research.json
2026-06-01 18:03:10,107 [ANALYZER] Appended 85 edge traces to edge_traces.json
RESEARCH_PATH:/home/jwfalc/smarkets-bot/data/research/2026-06-01_17-03_research.json
2026-06-01 18:03:10,668 [RESOLVE] Found 10 open trade(s) to check (paper_mode=True)
2026-06-01 18:03:10,737 [RESOLVE] Using cached Betfair session token
2026-06-01 18:03:10,737 [RESOLVE] Betfair: checking 10 open-trade markets
2026-06-01 18:03:20,048 [RESOLVE] Snapshot name lookup: found mappings for 10 markets
2026-06-01 18:03:20,159 [RESOLVE] Settled markets found: 0
2026-06-01 18:03:20,159 [RESOLVE] No open-trade markets have settled yet.
2026-06-01 18:03:20,777 [INFO] ============================================================
2026-06-01 18:03:20,777 [INFO] DIGEST RUN STARTED
2026-06-01 18:03:20,777 [INFO] ============================================================
2026-06-01 18:03:24,944 [INFO] Sending signal alert: Winner edge=19.17pp
2026-06-01 18:03:35,133 [INFO] Telegram notification sent
2026-06-01 18:03:35,134 [INFO] Sent 1 Telegram signal alerts
2026-06-01 18:03:35,223 [INFO] Dashboard data written: /home/jwfalc/smarkets-bot/dashboard/dashboard_data.json
2026-06-01 18:03:35,283 [INFO] Period logs updated: 2026-06-01, 2026-W23, 2026-06, 2026-Q2
2026-06-01 18:03:35,283 [INFO] Run log: [2026-06-01 17:03 UTC] status=signal | platforms=betfair,matchbook | markets=445 | signals=4 | alerts=1 | movements=10 | consec_losses=0
2026-06-01 18:03:35,283 [INFO] Digest complete
Balance: £431.70 | Reserved: £30.20 | Available: £401.50
Reduced stake: Winner edge 12.2pp < 15.0pp → £2.15 (43%)
Skipping (already open): Winner BACK
Reduced stake: Winner edge 14.2pp < 15.0pp → £4.15 (83%)
Logged paper trade: Winner - BACK @ 16.67% (edge: 14.17pp) [betfair] | available now £397.35
Reduced stake: Match Odds edge 9.2pp < 15.0pp → £4.20 (84%)
Logged paper trade: Match Odds - BACK @ 82.64% (edge: 9.22pp) [betfair] | available now £393.15

2 new paper trade(s) logged
Distribution log updated: 4 new entries added
Total entries: 819
  near_certainty: 6 total, 5 resolved
  high_prob: 18 total, 9 resolved
  7-9pp: 239 total, 98 resolved
  10-11pp: 103 total, 45 resolved
  12pp+: 453 total, 357 resolved

REVIEW DUE: 7-9pp band has 98 resolved entries (threshold: 12)
  Run: python distribution_logger.py report
  Then run: prompts/prompt_review_v1.md

REVIEW DUE: 7-9pp band has 98 resolved entries (threshold: 12)
  Run: python distribution_logger.py report
  Then run: prompts/prompt_review_v1.md
EXIT_CODE:0
Sent
2026-06-01 18:03:38,350 [STATIC-DASH] Building dashboard data…
2026-06-01 18:03:39,406 [STATIC-DASH] Data collected: 217 trades, 47 signals, 445 markets
2026-06-01 18:03:39,618 [STATIC-DASH] Written: /home/jwfalc/smarkets-dashboard/index.html (2797KB)
2026-06-01 18:03:39 [DEPLOY] Starting dashboard deploy...
WARNING: could not find injection point in HTML
HTML written OK
2026-06-01 18:03:39 [DEPLOY] Static HTML built
[main a237096] Deploy: 2026-06-01 18:03 UTC
 1 file changed, 1 insertion(+), 1 deletion(-)
To https://github.com/jwfalc-coder/smarkets-dashboard.git
   4ded552..a237096  main -> main
2026-06-01 18:03:39 [DEPLOY] Deploy complete: Deploy: 2026-06-01 18:03 UTC
