Sent
2026-05-23 23:00:02,028 [INFO] ============================================================
2026-05-23 23:00:02,028 [INFO] SCANNER RUN STARTED - BETFAIR
2026-05-23 23:00:02,028 [INFO] ============================================================
2026-05-23 23:00:02,425 [INFO] Cached Betfair session too old, re-logging in
2026-05-23 23:00:02,426 [INFO] Betfair login attempt 1/3
2026-05-23 23:00:02,573 [INFO] Betfair login successful
2026-05-23 23:00:02,729 [INFO] Catalogue: 100 markets for sport ID 1
2026-05-23 23:00:02,859 [INFO] Catalogue: 100 markets for sport ID 2
2026-05-23 23:00:02,980 [INFO] Catalogue: 100 markets for sport ID 7
2026-05-23 23:00:03,100 [INFO] Catalogue: 100 markets for sport ID 4
2026-05-23 23:00:03,178 [INFO] Catalogue: 0 markets for sport ID 2378961
2026-05-23 23:00:03,288 [INFO] Catalogue: 19 markets for sport ID 3
2026-05-23 23:00:03,513 [INFO] Catalogue: 100 markets for sport ID 7522
2026-05-23 23:00:03,610 [INFO] Catalogue: 6 markets for sport ID 6423
2026-05-23 23:00:03,611 [INFO] Betfair: fetching prices for 525 markets...
2026-05-23 23:00:08,185 [INFO] Betfair: enriching 525 markets with price data...
2026-05-23 23:00:08,192 [INFO] Betfair: enriched 50/525 markets, 14 tradeable so far
2026-05-23 23:00:08,199 [INFO] Betfair: enriched 100/525 markets, 18 tradeable so far
2026-05-23 23:00:08,202 [INFO] Betfair: enriched 150/525 markets, 19 tradeable so far
2026-05-23 23:00:08,204 [INFO] Betfair: enriched 200/525 markets, 20 tradeable so far
2026-05-23 23:00:08,214 [INFO] Betfair: enriched 250/525 markets, 25 tradeable so far
2026-05-23 23:00:08,257 [INFO] Betfair: enriched 300/525 markets, 28 tradeable so far
2026-05-23 23:00:08,260 [INFO] Betfair: enriched 350/525 markets, 37 tradeable so far
2026-05-23 23:00:08,263 [INFO] Betfair: enriched 400/525 markets, 43 tradeable so far
2026-05-23 23:00:08,314 [INFO] Betfair: enriched 450/525 markets, 65 tradeable so far
2026-05-23 23:00:08,366 [INFO] Betfair: enriched 500/525 markets, 71 tradeable so far
2026-05-23 23:00:08,394 [INFO] Betfair: enriched 525/525 markets, 73 tradeable so far
2026-05-23 23:00:08,397 [INFO] Betfair: 525 total markets, 73 above 100 GBP volume
2026-05-23 23:00:08,524 [INFO] Outrights: 27 markets for sport 1
2026-05-23 23:00:08,617 [INFO] Outrights: 12 markets for sport 3
2026-05-23 23:00:08,697 [INFO] Outrights: 0 markets for sport 2378961
2026-05-23 23:00:09,073 [INFO] Outrights: 35 markets above 25 GBP
2026-05-23 23:00:09,078 [INFO] Betfair: added 32 outright markets for cross-ref
2026-05-23 23:00:09,078 [INFO] betfair: 557 total, 105 above 100 GBP threshold
2026-05-23 23:00:09,315 [INFO] Snapshot written: /home/jwfalc/smarkets-bot/data/snapshots/betfair/2026-05-23_22-00.json
2026-05-23 23:00:09,449 [INFO] Market log updated (betfair)
2026-05-23 23:00:39,927 [INFO] Scanner complete for betfair. Snapshot: 2026-05-23_22-00.json
2026-05-23 23:00:40,249 [INFO] ============================================================
2026-05-23 23:00:40,250 [INFO] SCANNER RUN STARTED - MATCHBOOK
2026-05-23 23:00:40,250 [INFO] ============================================================
2026-05-23 23:00:40,595 [INFO] Matchbook login attempt 1/3
2026-05-23 23:00:40,765 [INFO] Matchbook login successful
2026-05-23 23:00:40,765 [INFO] Matchbook: fetching events with prices for 15 sports...
2026-05-23 23:00:40,917 [INFO] Matchbook: fetched page offset=0, 20 events (total so far: 20)
2026-05-23 23:00:41,260 [INFO] Matchbook: fetched page offset=20, 20 events (total so far: 40)
2026-05-23 23:00:41,643 [INFO] Matchbook: fetched page offset=40, 20 events (total so far: 60)
2026-05-23 23:00:41,987 [INFO] Matchbook: fetched page offset=60, 20 events (total so far: 80)
2026-05-23 23:00:42,261 [INFO] Matchbook: fetched page offset=80, 20 events (total so far: 100)
2026-05-23 23:00:42,569 [INFO] Matchbook: fetched page offset=100, 20 events (total so far: 120)
2026-05-23 23:00:42,888 [INFO] Matchbook: fetched page offset=120, 20 events (total so far: 140)
2026-05-23 23:00:43,238 [INFO] Matchbook: fetched page offset=140, 20 events (total so far: 160)
2026-05-23 23:00:43,606 [INFO] Matchbook: fetched page offset=160, 20 events (total so far: 180)
2026-05-23 23:00:43,987 [INFO] Matchbook: fetched page offset=180, 20 events (total so far: 200)
2026-05-23 23:00:44,286 [INFO] Matchbook: fetched page offset=200, 20 events (total so far: 220)
2026-05-23 23:00:44,561 [INFO] Matchbook: fetched page offset=220, 20 events (total so far: 240)
2026-05-23 23:00:44,822 [INFO] Matchbook: fetched page offset=240, 20 events (total so far: 260)
2026-05-23 23:00:45,091 [INFO] Matchbook: fetched page offset=260, 20 events (total so far: 280)
2026-05-23 23:00:45,362 [INFO] Matchbook: fetched page offset=280, 20 events (total so far: 300)
2026-05-23 23:00:45,672 [INFO] Matchbook: fetched page offset=300, 20 events (total so far: 320)
2026-05-23 23:00:45,951 [INFO] Matchbook: fetched page offset=320, 20 events (total so far: 340)
2026-05-23 23:00:46,201 [INFO] Matchbook: fetched page offset=340, 20 events (total so far: 360)
2026-05-23 23:00:46,441 [INFO] Matchbook: fetched page offset=360, 20 events (total so far: 380)
2026-05-23 23:00:46,921 [INFO] Matchbook: processing 380 events
2026-05-23 23:00:46,935 [INFO] Matchbook: processed 20/380 events, 374 markets so far
2026-05-23 23:00:46,957 [INFO] Matchbook: processed 40/380 events, 982 markets so far
2026-05-23 23:00:46,981 [INFO] Matchbook: processed 60/380 events, 1616 markets so far
2026-05-23 23:00:46,999 [INFO] Matchbook: processed 80/380 events, 2157 markets so far
2026-05-23 23:00:47,011 [INFO] Matchbook: processed 100/380 events, 2529 markets so far
2026-05-23 23:00:47,029 [INFO] Matchbook: processed 120/380 events, 3085 markets so far
2026-05-23 23:00:47,050 [INFO] Matchbook: processed 140/380 events, 3642 markets so far
2026-05-23 23:00:47,082 [INFO] Matchbook: processed 160/380 events, 4127 markets so far
2026-05-23 23:00:47,105 [INFO] Matchbook: processed 180/380 events, 4856 markets so far
2026-05-23 23:00:47,129 [INFO] Matchbook: processed 200/380 events, 5505 markets so far
2026-05-23 23:00:47,146 [INFO] Matchbook: processed 220/380 events, 6110 markets so far
2026-05-23 23:00:47,158 [INFO] Matchbook: processed 240/380 events, 6573 markets so far
2026-05-23 23:00:47,167 [INFO] Matchbook: processed 260/380 events, 6920 markets so far
2026-05-23 23:00:47,177 [INFO] Matchbook: processed 280/380 events, 7325 markets so far
2026-05-23 23:00:47,187 [INFO] Matchbook: processed 300/380 events, 7712 markets so far
2026-05-23 23:00:47,196 [INFO] Matchbook: processed 320/380 events, 8119 markets so far
2026-05-23 23:00:47,211 [INFO] Matchbook: processed 340/380 events, 8674 markets so far
2026-05-23 23:00:47,214 [INFO] Matchbook: processed 360/380 events, 8716 markets so far
2026-05-23 23:00:47,216 [INFO] Matchbook: processed 380/380 events, 8736 markets so far
2026-05-23 23:00:47,217 [INFO] Matchbook: 8737 total markets, 697 above 25 GBP volume
2026-05-23 23:00:47,285 [INFO] matchbook: 8737 total, 697 above 25 GBP threshold
2026-05-23 23:00:47,529 [INFO] Snapshot written: /home/jwfalc/smarkets-bot/data/snapshots/matchbook/2026-05-23_22-00.json
2026-05-23 23:00:47,661 [INFO] Market log updated (matchbook)
2026-05-23 23:01:19,911 [INFO] Scanner complete for matchbook. Snapshot: 2026-05-23_22-00.json
2026-05-23 23:01:20,649 [RESEARCHER] matchbook: 697 tradeable markets from 2026-05-23_22-00.json
2026-05-23 23:01:21,768 [RESEARCHER] Market selection: 0 politics/current-affairs + 15 sports = 15 total (platforms: ['matchbook'])
2026-05-23 23:01:21,768 [RESEARCHER] [1/15] Winner
2026-05-23 23:01:29,190 [RESEARCHER] [2/15] Winner
2026-05-23 23:01:36,152 [RESEARCHER] [3/15] Winner
2026-05-23 23:01:43,215 [RESEARCHER] [4/15] To Be Relegated
2026-05-23 23:01:50,000 [RESEARCHER] [5/15] Winner
2026-05-23 23:01:59,904 [RESEARCHER] [6/15] Correct Score
2026-05-23 23:02:08,273 [RESEARCHER] [7/15] Match Odds
2026-05-23 23:02:15,204 [RESEARCHER] [8/15] Match Odds
2026-05-23 23:02:22,447 [RESEARCHER] [9/15] Match Odds
2026-05-23 23:02:29,023 [RESEARCHER] [10/15] Match Odds
2026-05-23 23:02:37,397 [RESEARCHER] [11/15] Correct Score
2026-05-23 23:02:39,153 [RESEARCHER] [12/15] Match Odds
2026-05-23 23:02:44,206 [RESEARCHER] [13/15] Top 4 Finish
2026-05-23 23:02:51,502 [RESEARCHER] [14/15] Moneyline
2026-05-23 23:02:58,981 [RESEARCHER] [15/15] Match Odds
2026-05-23 23:03:05,920 [RESEARCHER] Research brief written: 2026-05-23_22-03_brief.json
2026-05-23 23:03:05,920 [RESEARCHER] Markets: 15 | Errors: 0 | Credits used: 59
BRIEF_PATH:/home/jwfalc/smarkets-bot/data/research/2026-05-23_22-03_brief.json
2026-05-23 23:03:06,219 [ANALYZER] Loading research brief: 2026-05-23_22-03_brief.json
2026-05-23 23:03:06,432 [ANALYZER] Betfair cross-ref index: 2990 runners
2026-05-23 23:03:06,447 [ANALYZER] Analyzed 15 markets
2026-05-23 23:03:06,448 [ANALYZER] Found 0 signals (10pp+)
2026-05-23 23:03:06,448 [ANALYZER] Logged 3 distribution entries (7pp+)
2026-05-23 23:03:06,458 [ANALYZER] Research output written: 2026-05-23_22-03_research.json
2026-05-23 23:03:06,460 [ANALYZER] Appended 59 edge traces to edge_traces.json
RESEARCH_PATH:/home/jwfalc/smarkets-bot/data/research/2026-05-23_22-03_research.json
2026-05-23 23:03:07,019 [RESOLVE] Found 20 open trade(s) to check (paper_mode=True)
2026-05-23 23:03:07,088 [RESOLVE] Using cached Betfair session token
2026-05-23 23:03:07,088 [RESOLVE] Betfair: checking 3 open-trade markets
2026-05-23 23:03:14,267 [RESOLVE] Snapshot name lookup: found mappings for 3 markets
2026-05-23 23:03:14,355 [RESOLVE] Web fallback: 1 stale match market(s) to look up
2026-05-23 23:03:40,347 [RESOLVE] Stale market unresolved — manual check needed: 'SC Freiburg vs Aston Villa' (market=33223408744800023, logged 2026-05-20). Tip: add [football_data] api_key to config.toml for CL coverage.
2026-05-23 23:03:40,347 [RESOLVE] Settled markets found: 0
2026-05-23 23:03:40,348 [RESOLVE] Standings: unknown competition for 'Men's French Open 2026 - Winner' — skip
2026-05-23 23:03:40,348 [RESOLVE] No open-trade markets have settled yet.
2026-05-23 23:03:40,997 [INFO] ============================================================
2026-05-23 23:03:40,998 [INFO] DIGEST RUN STARTED
2026-05-23 23:03:40,998 [INFO] ============================================================
2026-05-23 23:03:46,587 [INFO] Dashboard data written: /home/jwfalc/smarkets-bot/dashboard/dashboard_data.json
2026-05-23 23:03:46,656 [INFO] Period logs updated: 2026-05-23, 2026-W21, 2026-05, 2026-Q2
2026-05-23 23:03:46,656 [INFO] Run log: [2026-05-23 22:03 UTC] status=ok | platforms=betfair,matchbook | markets=802 | signals=0 | alerts=0 | movements=10 | consec_losses=1
2026-05-23 23:03:46,657 [INFO] Daily summary suppressed - nothing to report
2026-05-23 23:03:46,657 [INFO] Digest complete
Balance: £271.25 | Reserved: £109.88 | Available: £161.37
No new paper trades to log
Distribution log updated: 2 new entries added
Total entries: 604
  near_certainty: 4 total, 4 resolved
  high_prob: 14 total, 5 resolved
  7-9pp: 162 total, 33 resolved
  10-11pp: 50 total, 21 resolved
  12pp+: 374 total, 193 resolved

REVIEW DUE: 7-9pp band has 33 resolved entries (threshold: 12)
  Run: python distribution_logger.py report
  Then run: prompts/prompt_review_v1.md

REVIEW DUE: 7-9pp band has 33 resolved entries (threshold: 12)
  Run: python distribution_logger.py report
  Then run: prompts/prompt_review_v1.md
EXIT_CODE:0
Sent
2026-05-23 23:03:49,582 [STATIC-DASH] Building dashboard data…
2026-05-23 23:03:50,589 [STATIC-DASH] Data collected: 116 trades, 11 signals, 802 markets
2026-05-23 23:03:50,822 [STATIC-DASH] Written: /home/jwfalc/smarkets-dashboard/index.html (2760KB)
2026-05-23 23:03:50 [DEPLOY] Starting dashboard deploy...
WARNING: could not find injection point in HTML
HTML written OK
2026-05-23 23:03:50 [DEPLOY] Static HTML built
[main d66b398] Deploy: 2026-05-23 23:03 UTC
 1 file changed, 1 insertion(+), 1 deletion(-)
To https://github.com/jwfalc-coder/smarkets-dashboard.git
   144f9f8..d66b398  main -> main
2026-05-23 23:03:50 [DEPLOY] Deploy complete: Deploy: 2026-05-23 23:03 UTC
