Sent
2026-06-04 23:00:12,580 [INFO] ============================================================
2026-06-04 23:00:12,580 [INFO] SCANNER RUN STARTED - BETFAIR
2026-06-04 23:00:12,580 [INFO] ============================================================
2026-06-04 23:00:12,978 [INFO] Cached Betfair session too old, re-logging in
2026-06-04 23:00:12,978 [INFO] Betfair login attempt 1/3
2026-06-04 23:00:13,123 [INFO] Betfair login successful
2026-06-04 23:00:13,293 [INFO] Catalogue: 100 markets for sport ID 1
2026-06-04 23:00:13,411 [INFO] Catalogue: 100 markets for sport ID 2
2026-06-04 23:00:13,545 [INFO] Catalogue: 100 markets for sport ID 7
2026-06-04 23:00:13,660 [INFO] Catalogue: 100 markets for sport ID 4
2026-06-04 23:00:13,735 [INFO] Catalogue: 0 markets for sport ID 2378961
2026-06-04 23:00:13,839 [INFO] Catalogue: 38 markets for sport ID 3
2026-06-04 23:00:14,038 [INFO] Catalogue: 80 markets for sport ID 7522
2026-06-04 23:00:14,115 [INFO] Catalogue: 0 markets for sport ID 6423
2026-06-04 23:00:14,116 [INFO] Betfair: fetching prices for 518 markets...
2026-06-04 23:00:18,433 [INFO] Betfair: enriching 518 markets with price data...
2026-06-04 23:00:18,441 [INFO] Betfair: enriched 50/518 markets, 23 tradeable so far
2026-06-04 23:00:18,449 [INFO] Betfair: enriched 100/518 markets, 54 tradeable so far
2026-06-04 23:00:18,452 [INFO] Betfair: enriched 150/518 markets, 57 tradeable so far
2026-06-04 23:00:18,454 [INFO] Betfair: enriched 200/518 markets, 58 tradeable so far
2026-06-04 23:00:18,464 [INFO] Betfair: enriched 250/518 markets, 66 tradeable so far
2026-06-04 23:00:18,475 [INFO] Betfair: enriched 300/518 markets, 66 tradeable so far
2026-06-04 23:00:18,478 [INFO] Betfair: enriched 350/518 markets, 76 tradeable so far
2026-06-04 23:00:18,482 [INFO] Betfair: enriched 400/518 markets, 84 tradeable so far
2026-06-04 23:00:18,550 [INFO] Betfair: enriched 450/518 markets, 117 tradeable so far
2026-06-04 23:00:18,599 [INFO] Betfair: enriched 500/518 markets, 126 tradeable so far
2026-06-04 23:00:18,615 [INFO] Betfair: enriched 518/518 markets, 126 tradeable so far
2026-06-04 23:00:18,616 [INFO] Betfair: 518 total markets, 126 above 100 GBP volume
2026-06-04 23:00:18,732 [INFO] Outrights: 22 markets for sport 1
2026-06-04 23:00:18,838 [INFO] Outrights: 17 markets for sport 3
2026-06-04 23:00:18,923 [INFO] Outrights: 1 markets for sport 2378961
2026-06-04 23:00:19,304 [INFO] Outrights: 38 markets above 25 GBP
2026-06-04 23:00:19,310 [INFO] Betfair: added 34 outright markets for cross-ref
2026-06-04 23:00:19,311 [INFO] betfair: 552 total, 160 above 100 GBP threshold
2026-06-04 23:00:19,591 [INFO] Snapshot written: /home/jwfalc/smarkets-bot/data/snapshots/betfair/2026-06-04_22-00.json
2026-06-04 23:00:19,744 [INFO] Market log updated (betfair)
2026-06-04 23:00:48,142 [INFO] Scanner complete for betfair. Snapshot: 2026-06-04_22-00.json
2026-06-04 23:00:48,449 [INFO] ============================================================
2026-06-04 23:00:48,449 [INFO] SCANNER RUN STARTED - MATCHBOOK
2026-06-04 23:00:48,449 [INFO] ============================================================
2026-06-04 23:00:48,833 [INFO] Matchbook login attempt 1/3
2026-06-04 23:00:49,002 [INFO] Matchbook login successful
2026-06-04 23:00:49,002 [INFO] Matchbook: fetching events with prices for 15 sports...
2026-06-04 23:00:49,141 [INFO] Matchbook: fetched page offset=0, 20 events (total so far: 20)
2026-06-04 23:00:49,406 [INFO] Matchbook: fetched page offset=20, 20 events (total so far: 40)
2026-06-04 23:00:49,680 [INFO] Matchbook: fetched page offset=40, 20 events (total so far: 60)
2026-06-04 23:00:49,978 [INFO] Matchbook: fetched page offset=60, 20 events (total so far: 80)
2026-06-04 23:00:50,259 [INFO] Matchbook: fetched page offset=80, 20 events (total so far: 100)
2026-06-04 23:00:50,517 [INFO] Matchbook: fetched page offset=100, 20 events (total so far: 120)
2026-06-04 23:00:50,767 [INFO] Matchbook: fetched page offset=120, 9 events (total so far: 129)
2026-06-04 23:00:50,767 [INFO] Matchbook: processing 129 events
2026-06-04 23:00:50,779 [INFO] Matchbook: processed 20/129 events, 221 markets so far
2026-06-04 23:00:50,785 [INFO] Matchbook: processed 40/129 events, 374 markets so far
2026-06-04 23:00:50,795 [INFO] Matchbook: processed 60/129 events, 616 markets so far
2026-06-04 23:00:50,806 [INFO] Matchbook: processed 80/129 events, 958 markets so far
2026-06-04 23:00:50,815 [INFO] Matchbook: processed 100/129 events, 1073 markets so far
2026-06-04 23:00:50,820 [INFO] Matchbook: processed 120/129 events, 1134 markets so far
2026-06-04 23:00:50,823 [INFO] Matchbook: processed 129/129 events, 1157 markets so far
2026-06-04 23:00:50,823 [INFO] Matchbook: 1158 total markets, 225 above 25 GBP volume
2026-06-04 23:00:50,838 [INFO] matchbook: 1158 total, 225 above 25 GBP threshold
2026-06-04 23:00:50,976 [INFO] Snapshot written: /home/jwfalc/smarkets-bot/data/snapshots/matchbook/2026-06-04_22-00.json
2026-06-04 23:00:51,054 [INFO] Market log updated (matchbook)
2026-06-04 23:01:17,098 [INFO] Scanner complete for matchbook. Snapshot: 2026-06-04_22-00.json
2026-06-04 23:01:17,732 [RESEARCHER] Prior index loaded: 108 known runners
2026-06-04 23:01:17,791 [RESEARCHER] betfair: 160 tradeable markets from 2026-06-04_22-00.json
2026-06-04 23:01:17,792 [RESEARCHER] Market selection: 1 politics + 7 outrights + 8 other sports = 16 total (platforms: ['betfair'])
2026-06-04 23:01:17,792 [RESEARCHER] [1/16] Makerfield - Restore Britain Vote Percentage
2026-06-04 23:01:23,623 [RESEARCHER] [2/16] Winner
2026-06-04 23:01:32,131 [RESEARCHER] [3/16] Winner
2026-06-04 23:01:40,900 [RESEARCHER]   Prior history injected for J.J. Spaun
2026-06-04 23:01:40,901 [RESEARCHER]   Prior history injected for Ludvig Aberg
2026-06-04 23:01:40,901 [RESEARCHER]   Prior history injected for Scottie Scheffler
2026-06-04 23:01:40,902 [RESEARCHER] [4/16] Winner
2026-06-04 23:01:49,826 [RESEARCHER]   Prior history injected for Oliver Lindell
2026-06-04 23:01:49,826 [RESEARCHER] [5/16] Winner
2026-06-04 23:01:58,813 [RESEARCHER]   Prior history injected for Bryson DeChambeau
2026-06-04 23:01:58,813 [RESEARCHER] [6/16] Top 10 Finish
2026-06-04 23:02:00,621 [RESEARCHER]   Prior history injected for J.J. Spaun
2026-06-04 23:02:00,621 [RESEARCHER]   Prior history injected for Ludvig Aberg
2026-06-04 23:02:00,622 [RESEARCHER]   Prior history injected for Scottie Scheffler
2026-06-04 23:02:00,622 [RESEARCHER] [7/16] Winner
2026-06-04 23:02:09,022 [RESEARCHER]   Prior history injected for Scottie Scheffler
2026-06-04 23:02:09,023 [RESEARCHER]   Prior history injected for Rory McIlroy
2026-06-04 23:02:09,023 [RESEARCHER]   Prior history injected for Jon Rahm
2026-06-04 23:02:09,023 [RESEARCHER]   Prior history injected for Cameron Young
2026-06-04 23:02:09,024 [RESEARCHER]   Prior history injected for Ludvig Aberg
2026-06-04 23:02:09,024 [RESEARCHER]   Prior history injected for Xander Schauffele
2026-06-04 23:02:09,024 [RESEARCHER] [8/16] Winner
2026-06-04 23:02:13,899 [RESEARCHER]   Prior history injected for Scottie Scheffler
2026-06-04 23:02:13,899 [RESEARCHER]   Prior history injected for Rory McIlroy
2026-06-04 23:02:13,900 [RESEARCHER]   Prior history injected for Jon Rahm
2026-06-04 23:02:13,900 [RESEARCHER]   Prior history injected for Xander Schauffele
2026-06-04 23:02:13,901 [RESEARCHER]   Prior history injected for Cameron Young
2026-06-04 23:02:13,901 [RESEARCHER] [9/16] Match Odds
2026-06-04 23:02:22,397 [RESEARCHER]   Prior history injected for The Draw
2026-06-04 23:02:22,398 [RESEARCHER] [10/16] NBA Championship Winner
2026-06-04 23:02:29,770 [RESEARCHER]   Prior history injected for San Antonio Spurs
2026-06-04 23:02:29,770 [RESEARCHER]   Prior history injected for Sacramento Kings
2026-06-04 23:02:29,770 [RESEARCHER] [11/16] Match Odds
2026-06-04 23:02:36,407 [RESEARCHER]   Prior history injected for The Draw
2026-06-04 23:02:36,408 [RESEARCHER] [12/16] Winner 2026/27
2026-06-04 23:02:43,058 [RESEARCHER]   Prior history injected for Arsenal
2026-06-04 23:02:43,058 [RESEARCHER]   Prior history injected for Man City
2026-06-04 23:02:43,058 [RESEARCHER]   Prior history injected for Liverpool
2026-06-04 23:02:43,059 [RESEARCHER]   Prior history injected for Chelsea
2026-06-04 23:02:43,059 [RESEARCHER]   Prior history injected for Aston Villa
2026-06-04 23:02:43,059 [RESEARCHER] [13/16] Moneyline
2026-06-04 23:02:51,588 [RESEARCHER]   Prior history injected for San Antonio Spurs
2026-06-04 23:02:51,588 [RESEARCHER] [14/16] Match Odds
2026-06-04 23:03:00,154 [RESEARCHER]   Prior history injected for Sussex Sharks W
2026-06-04 23:03:00,154 [RESEARCHER]   Prior history injected for Leicestershire Foxes W
2026-06-04 23:03:00,154 [RESEARCHER] [15/16] Match Odds
2026-06-04 23:03:08,153 [RESEARCHER]   Prior history injected for The Blaze W
2026-06-04 23:03:08,154 [RESEARCHER]   Prior history injected for Warwickshire W
2026-06-04 23:03:08,154 [RESEARCHER] [16/16] Match Odds
2026-06-04 23:03:16,184 [RESEARCHER]   Prior history injected for Kent W
2026-06-04 23:03:16,184 [RESEARCHER]   Prior history injected for Worcestershire Rapids W
2026-06-04 23:03:16,206 [RESEARCHER] Research brief written: 2026-06-04_22-03_brief.json
2026-06-04 23:03:16,207 [RESEARCHER] Markets: 16 | Errors: 0 | Credits used: 69
BRIEF_PATH:/home/jwfalc/smarkets-bot/data/research/2026-06-04_22-03_brief.json
2026-06-04 23:03:16,530 [ANALYZER] Loading research brief: 2026-06-04_22-03_brief.json
2026-06-04 23:03:16,762 [ANALYZER] Betfair cross-ref index: 4665 runners
2026-06-04 23:03:16,769 [ANALYZER] Analyzed 16 markets
2026-06-04 23:03:16,769 [ANALYZER] Found 3 signals (10pp+)
2026-06-04 23:03:16,769 [ANALYZER] Logged 10 distribution entries (7pp+)
2026-06-04 23:03:16,783 [ANALYZER] Research output written: 2026-06-04_22-03_research.json
2026-06-04 23:03:16,785 [ANALYZER] Appended 74 edge traces to edge_traces.json
RESEARCH_PATH:/home/jwfalc/smarkets-bot/data/research/2026-06-04_22-03_research.json
2026-06-04 23:03:17,348 [RESOLVE] Found 23 open trade(s) to check (paper_mode=True)
2026-06-04 23:03:17,417 [RESOLVE] Using cached Betfair session token
2026-06-04 23:03:17,417 [RESOLVE] Betfair: checking 17 open-trade markets
2026-06-04 23:03:27,825 [RESOLVE] Snapshot name lookup: found mappings for 17 markets
2026-06-04 23:03:28,054 [RESOLVE] Betfair settled: market=1.258829498 winner=Endorsement (552)
2026-06-04 23:03:28,181 [RESOLVE] Settled markets found: 1
2026-06-04 23:03:28,280 [RESOLVE]   [betfair] 1m4f Listed | WIN | P&L: +0.74 | Selection: Endorsement | Winner: Endorsement
2026-06-04 23:03:28,280 [RESOLVE] Resolution alert: 1m4f Listed pnl=+0.74
2026-06-04 23:03:38,484 [RESOLVE] Telegram notification sent
2026-06-04 23:03:38,540 [RESOLVE] Auto-resolved 1 trade(s). Running P&L: +333.47 | W/L: 133/79 | ROI: 35.36%
2026-06-04 23:03:39,164 [INFO] ============================================================
2026-06-04 23:03:39,164 [INFO] DIGEST RUN STARTED
2026-06-04 23:03:39,164 [INFO] ============================================================
2026-06-04 23:03:43,452 [INFO] Dashboard data written: /home/jwfalc/smarkets-bot/dashboard/dashboard_data.json
2026-06-04 23:03:43,516 [INFO] Period logs updated: 2026-06-04, 2026-W23, 2026-06, 2026-Q2
2026-06-04 23:03:43,517 [INFO] Run log: [2026-06-04 22:03 UTC] status=signal | platforms=betfair,matchbook | markets=385 | signals=3 | alerts=0 | movements=10 | consec_losses=0
2026-06-04 23:03:43,740 [INFO] Telegram notification sent
2026-06-04 23:03:43,741 [INFO] Digest complete
Balance: £433.47 | Reserved: £103.34 | Available: £330.13
Reduced stake: Winner edge 14.2pp < 15.0pp → £4.15 (83%)
Skipping (already open): Winner BACK
Logged paper trade: Match Odds - BACK @ 84.03% (edge: 11.84pp) [betfair] | available now £325.13
Reduced stake: Match Odds edge 11.7pp < 15.0pp → £1.70 (34%)
Logged paper trade: Match Odds - BACK @ 63.69% (edge: 11.71pp) [betfair] | available now £323.43

2 new paper trade(s) logged
Distribution log updated: 3 new entries added
Total entries: 897
  near_certainty: 7 total, 6 resolved
  high_prob: 23 total, 12 resolved
  7-9pp: 264 total, 98 resolved
  10-11pp: 119 total, 46 resolved
  12pp+: 484 total, 360 resolved

REVIEW DUE: 7-9pp band has 98 resolved entries (threshold: 12)
  Run: python distribution_logger.py report
  Then run: prompts/prompt_review_v1.md

REVIEW DUE: 7-9pp band has 98 resolved entries (threshold: 12)
  Run: python distribution_logger.py report
  Then run: prompts/prompt_review_v1.md
EXIT_CODE:0
Sent
2026-06-04 23:03:46,956 [STATIC-DASH] Building dashboard data…
2026-06-04 23:03:48,045 [STATIC-DASH] Data collected: 237 trades, 63 signals, 385 markets
2026-06-04 23:03:48,263 [STATIC-DASH] Written: /home/jwfalc/smarkets-dashboard/index.html (2935KB)
2026-06-04 23:03:48 [DEPLOY] Starting dashboard deploy...
WARNING: could not find injection point in HTML
HTML written OK
2026-06-04 23:03:48 [DEPLOY] Static HTML built
[main 35133e9] Deploy: 2026-06-04 23:03 UTC
 1 file changed, 1 insertion(+), 1 deletion(-)
To https://github.com/jwfalc-coder/smarkets-dashboard.git
   a6c7a09..35133e9  main -> main
2026-06-04 23:03:48 [DEPLOY] Deploy complete: Deploy: 2026-06-04 23:03 UTC
[main 9a332b3] log: routine_2026-06-04_2300
 1 file changed, 184 insertions(+)
 create mode 100644 data/routine_logs/routine_2026-06-04_2300.log
From https://github.com/jwfalc-coder/betting-auditor
 * branch            main       -> FETCH_HEAD
Current branch main is up to date.
To https://github.com/jwfalc-coder/betting-auditor.git
   e966368..9a332b3  main -> main
