Sent
2026-05-31 10:00:02,244 [INFO] ============================================================
2026-05-31 10:00:02,244 [INFO] SCANNER RUN STARTED - BETFAIR
2026-05-31 10:00:02,245 [INFO] ============================================================
2026-05-31 10:00:02,643 [INFO] Cached Betfair session too old, re-logging in
2026-05-31 10:00:02,643 [INFO] Betfair login attempt 1/3
2026-05-31 10:00:02,805 [INFO] Betfair login successful
2026-05-31 10:00:02,959 [INFO] Catalogue: 100 markets for sport ID 1
2026-05-31 10:00:03,067 [INFO] Catalogue: 100 markets for sport ID 2
2026-05-31 10:00:03,195 [INFO] Catalogue: 100 markets for sport ID 7
2026-05-31 10:00:03,309 [INFO] Catalogue: 100 markets for sport ID 4
2026-05-31 10:00:03,409 [INFO] Catalogue: 1 markets for sport ID 2378961
2026-05-31 10:00:03,537 [INFO] Catalogue: 32 markets for sport ID 3
2026-05-31 10:00:03,750 [INFO] Catalogue: 90 markets for sport ID 7522
2026-05-31 10:00:03,869 [INFO] Catalogue: 6 markets for sport ID 6423
2026-05-31 10:00:03,869 [INFO] Betfair: fetching prices for 529 markets...
2026-05-31 10:00:08,435 [INFO] Betfair: enriching 529 markets with price data...
2026-05-31 10:00:08,442 [INFO] Betfair: enriched 50/529 markets, 7 tradeable so far
2026-05-31 10:00:08,450 [INFO] Betfair: enriched 100/529 markets, 12 tradeable so far
2026-05-31 10:00:08,453 [INFO] Betfair: enriched 150/529 markets, 13 tradeable so far
2026-05-31 10:00:08,457 [INFO] Betfair: enriched 200/529 markets, 13 tradeable so far
2026-05-31 10:00:08,467 [INFO] Betfair: enriched 250/529 markets, 28 tradeable so far
2026-05-31 10:00:08,477 [INFO] Betfair: enriched 300/529 markets, 43 tradeable so far
2026-05-31 10:00:08,480 [INFO] Betfair: enriched 350/529 markets, 61 tradeable so far
2026-05-31 10:00:08,482 [INFO] Betfair: enriched 400/529 markets, 73 tradeable so far
2026-05-31 10:00:08,519 [INFO] Betfair: enriched 450/529 markets, 94 tradeable so far
2026-05-31 10:00:08,571 [INFO] Betfair: enriched 500/529 markets, 107 tradeable so far
2026-05-31 10:00:08,604 [INFO] Betfair: enriched 529/529 markets, 107 tradeable so far
2026-05-31 10:00:08,607 [INFO] Betfair: 529 total markets, 107 above 100 GBP volume
2026-05-31 10:00:08,717 [INFO] Outrights: 20 markets for sport 1
2026-05-31 10:00:08,809 [INFO] Outrights: 16 markets for sport 3
2026-05-31 10:00:08,885 [INFO] Outrights: 1 markets for sport 2378961
2026-05-31 10:00:09,253 [INFO] Outrights: 34 markets above 25 GBP
2026-05-31 10:00:09,259 [INFO] Betfair: added 30 outright markets for cross-ref
2026-05-31 10:00:09,259 [INFO] betfair: 559 total, 137 above 100 GBP threshold
2026-05-31 10:00:09,557 [INFO] Snapshot written: /home/jwfalc/smarkets-bot/data/snapshots/betfair/2026-05-31_09-00.json
2026-05-31 10:00:09,723 [INFO] Market log updated (betfair)
2026-05-31 10:00:38,112 [INFO] Scanner complete for betfair. Snapshot: 2026-05-31_09-00.json
2026-05-31 10:00:38,431 [INFO] ============================================================
2026-05-31 10:00:38,431 [INFO] SCANNER RUN STARTED - MATCHBOOK
2026-05-31 10:00:38,432 [INFO] ============================================================
2026-05-31 10:00:38,812 [INFO] Matchbook login attempt 1/3
2026-05-31 10:00:38,976 [INFO] Matchbook login successful
2026-05-31 10:00:38,977 [INFO] Matchbook: fetching events with prices for 15 sports...
2026-05-31 10:00:39,135 [INFO] Matchbook: fetched page offset=0, 20 events (total so far: 20)
2026-05-31 10:00:39,474 [INFO] Matchbook: fetched page offset=20, 20 events (total so far: 40)
2026-05-31 10:00:39,703 [INFO] Matchbook: fetched page offset=40, 20 events (total so far: 60)
2026-05-31 10:00:40,025 [INFO] Matchbook: fetched page offset=60, 20 events (total so far: 80)
2026-05-31 10:00:40,402 [INFO] Matchbook: fetched page offset=80, 20 events (total so far: 100)
2026-05-31 10:00:40,756 [INFO] Matchbook: fetched page offset=100, 20 events (total so far: 120)
2026-05-31 10:00:41,059 [INFO] Matchbook: fetched page offset=120, 20 events (total so far: 140)
2026-05-31 10:00:41,400 [INFO] Matchbook: fetched page offset=140, 20 events (total so far: 160)
2026-05-31 10:00:41,722 [INFO] Matchbook: fetched page offset=160, 20 events (total so far: 180)
2026-05-31 10:00:42,025 [INFO] Matchbook: fetched page offset=180, 20 events (total so far: 200)
2026-05-31 10:00:42,260 [INFO] Matchbook: fetched page offset=200, 20 events (total so far: 220)
2026-05-31 10:00:42,487 [INFO] Matchbook: fetched page offset=220, 20 events (total so far: 240)
2026-05-31 10:00:42,746 [INFO] Matchbook: fetched page offset=240, 20 events (total so far: 260)
2026-05-31 10:00:42,981 [INFO] Matchbook: fetched page offset=260, 20 events (total so far: 280)
2026-05-31 10:00:43,223 [INFO] Matchbook: fetched page offset=280, 15 events (total so far: 295)
2026-05-31 10:00:43,223 [INFO] Matchbook: processing 295 events
2026-05-31 10:00:43,234 [INFO] Matchbook: processed 20/295 events, 212 markets so far
2026-05-31 10:00:43,253 [INFO] Matchbook: processed 40/295 events, 709 markets so far
2026-05-31 10:00:43,254 [INFO] Matchbook: processed 60/295 events, 729 markets so far
2026-05-31 10:00:43,269 [INFO] Matchbook: processed 80/295 events, 1127 markets so far
2026-05-31 10:00:43,291 [INFO] Matchbook: processed 100/295 events, 1702 markets so far
2026-05-31 10:00:43,356 [INFO] Matchbook: processed 120/295 events, 2346 markets so far
2026-05-31 10:00:43,375 [INFO] Matchbook: processed 140/295 events, 2917 markets so far
2026-05-31 10:00:43,395 [INFO] Matchbook: processed 160/295 events, 3582 markets so far
2026-05-31 10:00:43,416 [INFO] Matchbook: processed 180/295 events, 4218 markets so far
2026-05-31 10:00:43,432 [INFO] Matchbook: processed 200/295 events, 4736 markets so far
2026-05-31 10:00:43,435 [INFO] Matchbook: processed 220/295 events, 4835 markets so far
2026-05-31 10:00:43,436 [INFO] Matchbook: processed 240/295 events, 4855 markets so far
2026-05-31 10:00:43,441 [INFO] Matchbook: processed 260/295 events, 4915 markets so far
2026-05-31 10:00:43,443 [INFO] Matchbook: processed 280/295 events, 4935 markets so far
2026-05-31 10:00:43,445 [INFO] Matchbook: processed 295/295 events, 4950 markets so far
2026-05-31 10:00:43,445 [INFO] Matchbook: 4951 total markets, 409 above 25 GBP volume
2026-05-31 10:00:43,495 [INFO] matchbook: 4951 total, 409 above 25 GBP threshold
2026-05-31 10:00:43,724 [INFO] Snapshot written: /home/jwfalc/smarkets-bot/data/snapshots/matchbook/2026-05-31_09-00.json
2026-05-31 10:00:43,830 [INFO] Market log updated (matchbook)
2026-05-31 10:01:10,714 [INFO] Scanner complete for matchbook. Snapshot: 2026-05-31_09-00.json
2026-05-31 10:01:11,369 [RESEARCHER] Prior index loaded: 92 known runners
2026-05-31 10:01:11,430 [RESEARCHER] betfair: 137 tradeable markets from 2026-05-31_09-00.json
2026-05-31 10:01:11,431 [RESEARCHER] Market selection: 2 politics + 7 outrights + 8 other sports = 17 total (platforms: ['betfair'])
2026-05-31 10:01:11,432 [RESEARCHER] [1/17] Starmer Replaced by June 1st 2026
2026-05-31 10:01:16,256 [RESEARCHER]   Prior history injected for Yes
2026-05-31 10:01:16,256 [RESEARCHER]   Prior history injected for No
2026-05-31 10:01:16,256 [RESEARCHER] [2/17] Makerfield - Restore Britain Vote Percentage
2026-05-31 10:01:21,474 [RESEARCHER] [3/17] Winner
2026-05-31 10:01:28,653 [RESEARCHER] [4/17] Winner
2026-05-31 10:01:36,221 [RESEARCHER]   Prior history injected for Alex Smalley
2026-05-31 10:01:36,222 [RESEARCHER] [5/17] Winner
2026-05-31 10:01:44,308 [RESEARCHER] [6/17] Winner
2026-05-31 10:01:51,664 [RESEARCHER]   Prior history injected for Bryson DeChambeau
2026-05-31 10:01:51,665 [RESEARCHER] [7/17] Winner
2026-05-31 10:02:00,304 [RESEARCHER]   Prior history injected for Scottie Scheffler
2026-05-31 10:02:00,305 [RESEARCHER]   Prior history injected for Rory McIlroy
2026-05-31 10:02:00,305 [RESEARCHER]   Prior history injected for Jon Rahm
2026-05-31 10:02:00,305 [RESEARCHER]   Prior history injected for Xander Schauffele
2026-05-31 10:02:00,306 [RESEARCHER]   Prior history injected for Cameron Young
2026-05-31 10:02:00,306 [RESEARCHER] [8/17] Winner
2026-05-31 10:02:04,681 [RESEARCHER]   Prior history injected for Scottie Scheffler
2026-05-31 10:02:04,682 [RESEARCHER]   Prior history injected for Rory McIlroy
2026-05-31 10:02:04,682 [RESEARCHER]   Prior history injected for Jon Rahm
2026-05-31 10:02:04,683 [RESEARCHER]   Prior history injected for Cameron Young
2026-05-31 10:02:04,683 [RESEARCHER]   Prior history injected for Ludvig Aberg
2026-05-31 10:02:04,683 [RESEARCHER]   Prior history injected for Bryson DeChambeau
2026-05-31 10:02:04,684 [RESEARCHER] [9/17] Top 10 Finish
2026-05-31 10:02:06,650 [RESEARCHER]   Prior history injected for Alex Smalley
2026-05-31 10:02:06,651 [RESEARCHER] [10/17] Match Odds
2026-05-31 10:02:13,710 [RESEARCHER] [11/17] Match Odds
2026-05-31 10:02:22,470 [RESEARCHER] [12/17] Match Odds
2026-05-31 10:02:30,133 [RESEARCHER] [13/17] 1m2f Grp 1
2026-05-31 10:02:34,752 [RESEARCHER] [14/17] Winner 2026/27
2026-05-31 10:02:41,509 [RESEARCHER]   Prior history injected for Arsenal
2026-05-31 10:02:41,509 [RESEARCHER]   Prior history injected for Man City
2026-05-31 10:02:41,510 [RESEARCHER]   Prior history injected for Liverpool
2026-05-31 10:02:41,510 [RESEARCHER]   Prior history injected for Chelsea
2026-05-31 10:02:41,510 [RESEARCHER]   Prior history injected for Aston Villa
2026-05-31 10:02:41,511 [RESEARCHER] [15/17] Match Odds
2026-05-31 10:02:48,228 [RESEARCHER] [16/17] Match Odds
2026-05-31 10:02:56,160 [RESEARCHER] [17/17] Match Odds
2026-05-31 10:03:03,709 [RESEARCHER] Research brief written: 2026-05-31_09-03_brief.json
2026-05-31 10:03:03,709 [RESEARCHER] Markets: 17 | Errors: 0 | Credits used: 71
BRIEF_PATH:/home/jwfalc/smarkets-bot/data/research/2026-05-31_09-03_brief.json
2026-05-31 10:03:04,028 [ANALYZER] Loading research brief: 2026-05-31_09-03_brief.json
2026-05-31 10:03:04,271 [ANALYZER] Betfair cross-ref index: 3648 runners
2026-05-31 10:03:04,277 [ANALYZER] Analyzed 17 markets
2026-05-31 10:03:04,278 [ANALYZER] Found 7 signals (10pp+)
2026-05-31 10:03:04,278 [ANALYZER] Logged 16 distribution entries (7pp+)
2026-05-31 10:03:04,292 [ANALYZER] Research output written: 2026-05-31_09-03_research.json
2026-05-31 10:03:04,295 [ANALYZER] Appended 74 edge traces to edge_traces.json
RESEARCH_PATH:/home/jwfalc/smarkets-bot/data/research/2026-05-31_09-03_research.json
2026-05-31 10:03:04,859 [RESOLVE] Found 32 open trade(s) to check (paper_mode=True)
2026-05-31 10:03:04,929 [RESOLVE] Using cached Betfair session token
2026-05-31 10:03:04,930 [RESOLVE] Betfair: checking 16 open-trade markets
2026-05-31 10:03:14,006 [RESOLVE] Snapshot name lookup: found mappings for 16 markets
2026-05-31 10:03:14,208 [RESOLVE] Settled markets found: 0
2026-05-31 10:03:14,208 [RESOLVE] No open-trade markets have settled yet.
2026-05-31 10:03:14,831 [INFO] ============================================================
2026-05-31 10:03:14,832 [INFO] DIGEST RUN STARTED
2026-05-31 10:03:14,832 [INFO] ============================================================
2026-05-31 10:03:19,649 [INFO] Sending signal alert: Top 10 Finish edge=50.63pp
2026-05-31 10:03:19,746 [INFO] Telegram notification sent
2026-05-31 10:03:19,747 [INFO] Sending signal alert: Top 10 Finish edge=48.39pp
2026-05-31 10:03:19,840 [INFO] Telegram notification sent
2026-05-31 10:03:19,841 [INFO] Sending signal alert: Top 10 Finish edge=43.03pp
2026-05-31 10:03:20,056 [INFO] Telegram notification sent
2026-05-31 10:03:20,057 [INFO] Sending signal alert: Winner edge=17.17pp
2026-05-31 10:03:20,161 [INFO] Telegram notification sent
2026-05-31 10:03:20,161 [INFO] Sent 4 Telegram signal alerts
2026-05-31 10:03:20,203 [INFO] Dashboard data written: /home/jwfalc/smarkets-bot/dashboard/dashboard_data.json
2026-05-31 10:03:20,289 [INFO] Period logs updated: 2026-05-31, 2026-W22, 2026-05, 2026-Q2
2026-05-31 10:03:20,289 [INFO] Run log: [2026-05-31 09:03 UTC] status=signal | platforms=betfair,matchbook | markets=546 | signals=7 | alerts=4 | movements=10 | consec_losses=1
2026-05-31 10:03:20,290 [INFO] Digest complete
Balance: £362.39 | Reserved: £171.20 | Available: £191.19
Reduced stake: Winner edge 14.5pp < 15.0pp → £4.50 (90%)
Skipping (conflicting back in same market): Winner
Reduced stake: Winner edge 14.2pp < 15.0pp → £4.15 (83%)
Skipping (already open): Winner BACK
Skipping (already open): Winner BACK
Skipping (already open): Top 10 Finish LAY
Skipping (correlated exposure in same market): Top 10 Finish LAY Mac Meissner
Skipping (already open): Top 10 Finish LAY
No new paper trades to log
Distribution log updated: 6 new entries added
Total entries: 780
  near_certainty: 6 total, 5 resolved
  high_prob: 17 total, 8 resolved
  7-9pp: 228 total, 83 resolved
  10-11pp: 90 total, 35 resolved
  12pp+: 439 total, 319 resolved

REVIEW DUE: 7-9pp band has 83 resolved entries (threshold: 12)
  Run: python distribution_logger.py report
  Then run: prompts/prompt_review_v1.md

REVIEW DUE: 7-9pp band has 83 resolved entries (threshold: 12)
  Run: python distribution_logger.py report
  Then run: prompts/prompt_review_v1.md
EXIT_CODE:0
Sent
2026-05-31 10:03:23,194 [STATIC-DASH] Building dashboard data…
2026-05-31 10:03:24,297 [STATIC-DASH] Data collected: 212 trades, 41 signals, 546 markets
2026-05-31 10:03:24,523 [STATIC-DASH] Written: /home/jwfalc/smarkets-dashboard/index.html (3064KB)
2026-05-31 10:03:24 [DEPLOY] Starting dashboard deploy...
WARNING: could not find injection point in HTML
HTML written OK
2026-05-31 10:03:24 [DEPLOY] Static HTML built
[main c7d942e] Deploy: 2026-05-31 10:03 UTC
 1 file changed, 1 insertion(+), 1 deletion(-)
To https://github.com/jwfalc-coder/smarkets-dashboard.git
   db15057..c7d942e  main -> main
2026-05-31 10:03:24 [DEPLOY] Deploy complete: Deploy: 2026-05-31 10:03 UTC
[main 8b77379] log: routine_2026-05-31_1000
 1 file changed, 193 insertions(+)
 create mode 100644 data/routine_logs/routine_2026-05-31_1000.log
From https://github.com/jwfalc-coder/betting-auditor
 * branch            main       -> FETCH_HEAD
   35c6886..3a84c8f  main       -> origin/main
Rebasing (1/1)Successfully rebased and updated refs/heads/main.
To https://github.com/jwfalc-coder/betting-auditor.git
   3a84c8f..33d2f58  main -> main
