Sent
2026-05-30 14:00:02,013 [INFO] ============================================================
2026-05-30 14:00:02,014 [INFO] SCANNER RUN STARTED - BETFAIR
2026-05-30 14:00:02,014 [INFO] ============================================================
2026-05-30 14:00:02,408 [INFO] Cached Betfair session too old, re-logging in
2026-05-30 14:00:02,409 [INFO] Betfair login attempt 1/3
2026-05-30 14:00:02,563 [INFO] Betfair login successful
2026-05-30 14:00:02,702 [INFO] Catalogue: 100 markets for sport ID 1
2026-05-30 14:00:02,849 [INFO] Catalogue: 100 markets for sport ID 2
2026-05-30 14:00:02,998 [INFO] Catalogue: 100 markets for sport ID 7
2026-05-30 14:00:03,164 [INFO] Catalogue: 100 markets for sport ID 4
2026-05-30 14:00:03,248 [INFO] Catalogue: 1 markets for sport ID 2378961
2026-05-30 14:00:03,352 [INFO] Catalogue: 13 markets for sport ID 3
2026-05-30 14:00:03,577 [INFO] Catalogue: 86 markets for sport ID 7522
2026-05-30 14:00:03,695 [INFO] Catalogue: 9 markets for sport ID 6423
2026-05-30 14:00:03,696 [INFO] Betfair: fetching prices for 509 markets...
2026-05-30 14:00:08,151 [INFO] Betfair: enriching 509 markets with price data...
2026-05-30 14:00:08,157 [INFO] Betfair: enriched 50/509 markets, 3 tradeable so far
2026-05-30 14:00:08,167 [INFO] Betfair: enriched 100/509 markets, 17 tradeable so far
2026-05-30 14:00:08,170 [INFO] Betfair: enriched 150/509 markets, 22 tradeable so far
2026-05-30 14:00:08,172 [INFO] Betfair: enriched 200/509 markets, 24 tradeable so far
2026-05-30 14:00:08,216 [INFO] Betfair: enriched 250/509 markets, 57 tradeable so far
2026-05-30 14:00:08,223 [INFO] Betfair: enriched 300/509 markets, 78 tradeable so far
2026-05-30 14:00:08,226 [INFO] Betfair: enriched 350/509 markets, 86 tradeable so far
2026-05-30 14:00:08,228 [INFO] Betfair: enriched 400/509 markets, 94 tradeable so far
2026-05-30 14:00:08,266 [INFO] Betfair: enriched 450/509 markets, 118 tradeable so far
2026-05-30 14:00:08,316 [INFO] Betfair: enriched 500/509 markets, 126 tradeable so far
2026-05-30 14:00:08,333 [INFO] Betfair: enriched 509/509 markets, 127 tradeable so far
2026-05-30 14:00:08,336 [INFO] Betfair: 509 total markets, 127 above 100 GBP volume
2026-05-30 14:00:08,464 [INFO] Outrights: 22 markets for sport 1
2026-05-30 14:00:08,560 [INFO] Outrights: 16 markets for sport 3
2026-05-30 14:00:08,640 [INFO] Outrights: 1 markets for sport 2378961
2026-05-30 14:00:09,040 [INFO] Outrights: 35 markets above 25 GBP
2026-05-30 14:00:09,045 [INFO] Betfair: added 32 outright markets for cross-ref
2026-05-30 14:00:09,046 [INFO] betfair: 541 total, 159 above 100 GBP threshold
2026-05-30 14:00:09,374 [INFO] Snapshot written: /home/jwfalc/smarkets-bot/data/snapshots/betfair/2026-05-30_13-00.json
2026-05-30 14:00:09,569 [INFO] Market log updated (betfair)
2026-05-30 14:00:36,738 [INFO] Scanner complete for betfair. Snapshot: 2026-05-30_13-00.json
2026-05-30 14:00:37,052 [INFO] ============================================================
2026-05-30 14:00:37,053 [INFO] SCANNER RUN STARTED - MATCHBOOK
2026-05-30 14:00:37,053 [INFO] ============================================================
2026-05-30 14:00:38,383 [INFO] Matchbook login attempt 1/3
2026-05-30 14:00:38,558 [INFO] Matchbook login successful
2026-05-30 14:00:38,559 [INFO] Matchbook: fetching events with prices for 15 sports...
2026-05-30 14:00:38,720 [INFO] Matchbook: fetched page offset=0, 20 events (total so far: 20)
2026-05-30 14:00:39,053 [INFO] Matchbook: fetched page offset=20, 20 events (total so far: 40)
2026-05-30 14:00:39,404 [INFO] Matchbook: fetched page offset=40, 20 events (total so far: 60)
2026-05-30 14:00:39,725 [INFO] Matchbook: fetched page offset=60, 20 events (total so far: 80)
2026-05-30 14:00:40,061 [INFO] Matchbook: fetched page offset=80, 20 events (total so far: 100)
2026-05-30 14:00:40,356 [INFO] Matchbook: fetched page offset=100, 20 events (total so far: 120)
2026-05-30 14:00:40,683 [INFO] Matchbook: fetched page offset=120, 20 events (total so far: 140)
2026-05-30 14:00:41,005 [INFO] Matchbook: fetched page offset=140, 20 events (total so far: 160)
2026-05-30 14:00:41,264 [INFO] Matchbook: fetched page offset=160, 20 events (total so far: 180)
2026-05-30 14:00:41,574 [INFO] Matchbook: fetched page offset=180, 20 events (total so far: 200)
2026-05-30 14:00:41,920 [INFO] Matchbook: fetched page offset=200, 20 events (total so far: 220)
2026-05-30 14:00:42,174 [INFO] Matchbook: fetched page offset=220, 20 events (total so far: 240)
2026-05-30 14:00:42,413 [INFO] Matchbook: fetched page offset=240, 20 events (total so far: 260)
2026-05-30 14:00:42,657 [INFO] Matchbook: fetched page offset=260, 3 events (total so far: 263)
2026-05-30 14:00:42,658 [INFO] Matchbook: processing 263 events
2026-05-30 14:00:42,667 [INFO] Matchbook: processed 20/263 events, 163 markets so far
2026-05-30 14:00:42,680 [INFO] Matchbook: processed 40/263 events, 546 markets so far
2026-05-30 14:00:42,698 [INFO] Matchbook: processed 60/263 events, 1019 markets so far
2026-05-30 14:00:42,757 [INFO] Matchbook: processed 80/263 events, 1477 markets so far
2026-05-30 14:00:42,779 [INFO] Matchbook: processed 100/263 events, 2079 markets so far
2026-05-30 14:00:42,795 [INFO] Matchbook: processed 120/263 events, 2625 markets so far
2026-05-30 14:00:42,815 [INFO] Matchbook: processed 140/263 events, 3265 markets so far
2026-05-30 14:00:42,830 [INFO] Matchbook: processed 160/263 events, 3794 markets so far
2026-05-30 14:00:42,838 [INFO] Matchbook: processed 180/263 events, 4130 markets so far
2026-05-30 14:00:42,855 [INFO] Matchbook: processed 200/263 events, 4625 markets so far
2026-05-30 14:00:42,877 [INFO] Matchbook: processed 220/263 events, 5292 markets so far
2026-05-30 14:00:42,882 [INFO] Matchbook: processed 240/263 events, 5312 markets so far
2026-05-30 14:00:42,883 [INFO] Matchbook: processed 260/263 events, 5332 markets so far
2026-05-30 14:00:42,885 [INFO] Matchbook: processed 263/263 events, 5335 markets so far
2026-05-30 14:00:42,886 [INFO] Matchbook: 5336 total markets, 549 above 25 GBP volume
2026-05-30 14:00:42,933 [INFO] matchbook: 5336 total, 549 above 25 GBP threshold
2026-05-30 14:00:43,134 [INFO] Snapshot written: /home/jwfalc/smarkets-bot/data/snapshots/matchbook/2026-05-30_13-00.json
2026-05-30 14:00:43,242 [INFO] Market log updated (matchbook)
2026-05-30 14:01:13,815 [INFO] Scanner complete for matchbook. Snapshot: 2026-05-30_13-00.json
2026-05-30 14:01:14,501 [RESEARCHER] Prior index loaded: 89 known runners
2026-05-30 14:01:14,569 [RESEARCHER] betfair: 159 tradeable markets from 2026-05-30_13-00.json
2026-05-30 14:01:14,570 [RESEARCHER] Market selection: 2 politics + 7 outrights + 8 other sports = 17 total (platforms: ['betfair'])
2026-05-30 14:01:14,570 [RESEARCHER] [1/17] Starmer Replaced by June 1st 2026
2026-05-30 14:01:19,705 [RESEARCHER]   Prior history injected for Yes
2026-05-30 14:01:19,706 [RESEARCHER]   Prior history injected for No
2026-05-30 14:01:19,706 [RESEARCHER] [2/17] Makerfield - Restore Britain Vote Percentage
2026-05-30 14:01:25,013 [RESEARCHER] [3/17] Winner
2026-05-30 14:01:31,668 [RESEARCHER] [4/17] Winner
2026-05-30 14:01:38,251 [RESEARCHER]   Prior history injected for Arsenal
2026-05-30 14:01:38,251 [RESEARCHER] [5/17] Winner
2026-05-30 14:01:46,667 [RESEARCHER] [6/17] Winner
2026-05-30 14:01:55,636 [RESEARCHER] [7/17] Winner
2026-05-30 14:02:04,020 [RESEARCHER]   Prior history injected for Bryson DeChambeau
2026-05-30 14:02:04,021 [RESEARCHER] [8/17] Winner
2026-05-30 14:02:12,057 [RESEARCHER]   Prior history injected for Scottie Scheffler
2026-05-30 14:02:12,057 [RESEARCHER]   Prior history injected for Rory McIlroy
2026-05-30 14:02:12,058 [RESEARCHER]   Prior history injected for Jon Rahm
2026-05-30 14:02:12,058 [RESEARCHER]   Prior history injected for Xander Schauffele
2026-05-30 14:02:12,059 [RESEARCHER]   Prior history injected for Cameron Young
2026-05-30 14:02:12,059 [RESEARCHER] [9/17] Winner
2026-05-30 14:02:16,319 [RESEARCHER]   Prior history injected for Scottie Scheffler
2026-05-30 14:02:16,319 [RESEARCHER]   Prior history injected for Rory McIlroy
2026-05-30 14:02:16,320 [RESEARCHER]   Prior history injected for Jon Rahm
2026-05-30 14:02:16,320 [RESEARCHER]   Prior history injected for Cameron Young
2026-05-30 14:02:16,320 [RESEARCHER]   Prior history injected for Ludvig Aberg
2026-05-30 14:02:16,321 [RESEARCHER]   Prior history injected for Bryson DeChambeau
2026-05-30 14:02:16,321 [RESEARCHER] [10/17] Moneyline
2026-05-30 14:02:22,897 [RESEARCHER]   Prior history injected for San Antonio Spurs
2026-05-30 14:02:22,897 [RESEARCHER] [11/17] 1m3f Grp 3
2026-05-30 14:02:28,022 [RESEARCHER] [12/17] 5f Stks
2026-05-30 14:02:33,413 [RESEARCHER] [13/17] Match Odds
2026-05-30 14:02:40,524 [RESEARCHER] [14/17] Will an English team win the 25/26 UCL?
2026-05-30 14:02:47,484 [RESEARCHER]   Prior history injected for No
2026-05-30 14:02:47,484 [RESEARCHER]   Prior history injected for Yes
2026-05-30 14:02:47,485 [RESEARCHER] [15/17] 7f Hcap
2026-05-30 14:02:52,440 [RESEARCHER] [16/17] Match Odds
2026-05-30 14:02:59,761 [RESEARCHER] [17/17] Match Odds
2026-05-30 14:03:06,209 [RESEARCHER]   Prior history injected for Madison Keys
2026-05-30 14:03:06,232 [RESEARCHER] Research brief written: 2026-05-30_13-03_brief.json
2026-05-30 14:03:06,233 [RESEARCHER] Markets: 17 | Errors: 0 | Credits used: 68
BRIEF_PATH:/home/jwfalc/smarkets-bot/data/research/2026-05-30_13-03_brief.json
2026-05-30 14:03:06,558 [ANALYZER] Loading research brief: 2026-05-30_13-03_brief.json
2026-05-30 14:03:06,838 [ANALYZER] Betfair cross-ref index: 4050 runners
2026-05-30 14:03:06,845 [ANALYZER] Analyzed 17 markets
2026-05-30 14:03:06,845 [ANALYZER] Found 5 signals (10pp+)
2026-05-30 14:03:06,845 [ANALYZER] Logged 7 distribution entries (7pp+)
2026-05-30 14:03:06,859 [ANALYZER] Research output written: 2026-05-30_13-03_research.json
2026-05-30 14:03:06,862 [ANALYZER] Appended 78 edge traces to edge_traces.json
RESEARCH_PATH:/home/jwfalc/smarkets-bot/data/research/2026-05-30_13-03_research.json
2026-05-30 14:03:07,424 [RESOLVE] Found 34 open trade(s) to check (paper_mode=True)
2026-05-30 14:03:07,494 [RESOLVE] Using cached Betfair session token
2026-05-30 14:03:07,495 [RESOLVE] Betfair: checking 16 open-trade markets
2026-05-30 14:03:16,535 [RESOLVE] Snapshot name lookup: found mappings for 16 markets
2026-05-30 14:03:16,725 [RESOLVE] Settled markets found: 0
2026-05-30 14:03:16,725 [RESOLVE] Standings: unknown competition for 'Men's French Open 2026 - Winner' — skip
2026-05-30 14:03:16,725 [RESOLVE] No open-trade markets have settled yet.
2026-05-30 14:03:17,348 [INFO] ============================================================
2026-05-30 14:03:17,348 [INFO] DIGEST RUN STARTED
2026-05-30 14:03:17,348 [INFO] ============================================================
2026-05-30 14:03:22,314 [INFO] Sending signal alert: Match Odds edge=18.1pp
2026-05-30 14:03:22,488 [INFO] Telegram notification sent
2026-05-30 14:03:22,489 [INFO] Sending signal alert: Winner edge=17.17pp
2026-05-30 14:03:22,585 [INFO] Telegram notification sent
2026-05-30 14:03:22,585 [INFO] Sending signal alert: Winner edge=15.17pp
2026-05-30 14:03:22,685 [INFO] Telegram notification sent
2026-05-30 14:03:22,686 [INFO] Sent 3 Telegram signal alerts
2026-05-30 14:03:22,728 [INFO] Dashboard data written: /home/jwfalc/smarkets-bot/dashboard/dashboard_data.json
2026-05-30 14:03:22,811 [INFO] Period logs updated: 2026-05-30, 2026-W22, 2026-05, 2026-Q2
2026-05-30 14:03:22,811 [INFO] Run log: [2026-05-30 13:03 UTC] status=signal | platforms=betfair,matchbook | markets=708 | signals=5 | alerts=3 | movements=10 | consec_losses=1
2026-05-30 14:03:22,811 [INFO] Digest complete
Balance: £363.99 | Reserved: £177.90 | Available: £186.09
Reduced stake: Winner edge 10.7pp < 15.0pp → £0.65 (13%)
Skipping (conflicting back in same market): Winner
Skipping (already open): Winner BACK
Skipping (already open): Winner BACK
Logged paper trade: Match Odds - BACK @ 51.81% (edge: 18.1pp) [betfair] | available now £181.09

1 new paper trade(s) logged
Distribution log updated: 3 new entries added
Total entries: 756
  near_certainty: 6 total, 5 resolved
  high_prob: 16 total, 8 resolved
  7-9pp: 221 total, 82 resolved
  10-11pp: 83 total, 35 resolved
  12pp+: 430 total, 317 resolved

REVIEW DUE: 7-9pp band has 82 resolved entries (threshold: 12)
  Run: python distribution_logger.py report
  Then run: prompts/prompt_review_v1.md

REVIEW DUE: 7-9pp band has 82 resolved entries (threshold: 12)
  Run: python distribution_logger.py report
  Then run: prompts/prompt_review_v1.md
EXIT_CODE:0
Sent
2026-05-30 14:03:25,792 [STATIC-DASH] Building dashboard data…
2026-05-30 14:03:26,898 [STATIC-DASH] Data collected: 211 trades, 45 signals, 708 markets
2026-05-30 14:03:27,148 [STATIC-DASH] Written: /home/jwfalc/smarkets-dashboard/index.html (3343KB)
2026-05-30 14:03:27 [DEPLOY] Starting dashboard deploy...
WARNING: could not find injection point in HTML
HTML written OK
2026-05-30 14:03:27 [DEPLOY] Static HTML built
[main b3df707] Deploy: 2026-05-30 14:03 UTC
 1 file changed, 1 insertion(+), 1 deletion(-)
To https://github.com/jwfalc-coder/smarkets-dashboard.git
   271542e..b3df707  main -> main
2026-05-30 14:03:27 [DEPLOY] Deploy complete: Deploy: 2026-05-30 14:03 UTC
