Sent
2026-06-09 06:00:02,687 [INFO] ============================================================
2026-06-09 06:00:02,687 [INFO] SCANNER RUN STARTED - BETFAIR
2026-06-09 06:00:02,687 [INFO] ============================================================
2026-06-09 06:00:03,084 [INFO] Cached Betfair session too old, re-logging in
2026-06-09 06:00:03,085 [INFO] Betfair login attempt 1/3
2026-06-09 06:00:03,218 [INFO] Betfair login successful
2026-06-09 06:00:03,358 [INFO] Catalogue: 100 markets for sport ID 1
2026-06-09 06:00:03,504 [INFO] Catalogue: 100 markets for sport ID 2
2026-06-09 06:00:03,620 [INFO] Catalogue: 100 markets for sport ID 7
2026-06-09 06:00:03,715 [INFO] Catalogue: 100 markets for sport ID 4
2026-06-09 06:00:03,795 [INFO] Catalogue: 1 markets for sport ID 2378961
2026-06-09 06:00:03,882 [INFO] Catalogue: 6 markets for sport ID 3
2026-06-09 06:00:04,073 [INFO] Catalogue: 65 markets for sport ID 7522
2026-06-09 06:00:04,145 [INFO] Catalogue: 0 markets for sport ID 6423
2026-06-09 06:00:04,146 [INFO] Betfair: fetching prices for 472 markets...
2026-06-09 06:00:08,163 [INFO] Betfair: enriching 472 markets with price data...
2026-06-09 06:00:08,171 [INFO] Betfair: enriched 50/472 markets, 7 tradeable so far
2026-06-09 06:00:08,178 [INFO] Betfair: enriched 100/472 markets, 14 tradeable so far
2026-06-09 06:00:08,181 [INFO] Betfair: enriched 150/472 markets, 15 tradeable so far
2026-06-09 06:00:08,188 [INFO] Betfair: enriched 200/472 markets, 19 tradeable so far
2026-06-09 06:00:08,199 [INFO] Betfair: enriched 250/472 markets, 28 tradeable so far
2026-06-09 06:00:08,207 [INFO] Betfair: enriched 300/472 markets, 28 tradeable so far
2026-06-09 06:00:08,210 [INFO] Betfair: enriched 350/472 markets, 41 tradeable so far
2026-06-09 06:00:08,213 [INFO] Betfair: enriched 400/472 markets, 47 tradeable so far
2026-06-09 06:00:08,306 [INFO] Betfair: enriched 450/472 markets, 61 tradeable so far
2026-06-09 06:00:08,328 [INFO] Betfair: enriched 472/472 markets, 64 tradeable so far
2026-06-09 06:00:08,328 [INFO] Betfair: 472 total markets, 65 above 100 GBP volume
2026-06-09 06:00:08,437 [INFO] Outrights: 22 markets for sport 1
2026-06-09 06:00:08,518 [INFO] Outrights: 9 markets for sport 3
2026-06-09 06:00:08,590 [INFO] Outrights: 1 markets for sport 2378961
2026-06-09 06:00:08,944 [INFO] Outrights: 30 markets above 25 GBP
2026-06-09 06:00:08,949 [INFO] Betfair: added 27 outright markets for cross-ref
2026-06-09 06:00:08,949 [INFO] betfair: 499 total, 92 above 100 GBP threshold
2026-06-09 06:00:09,156 [INFO] Snapshot written: /home/jwfalc/smarkets-bot/data/snapshots/betfair/2026-06-09_05-00.json
2026-06-09 06:00:09,265 [INFO] Market log updated (betfair)
2026-06-09 06:00:29,644 [INFO] Scanner complete for betfair. Snapshot: 2026-06-09_05-00.json
2026-06-09 06:00:29,955 [INFO] ============================================================
2026-06-09 06:00:29,956 [INFO] SCANNER RUN STARTED - MATCHBOOK
2026-06-09 06:00:29,956 [INFO] ============================================================
2026-06-09 06:00:31,043 [INFO] Matchbook login attempt 1/3
2026-06-09 06:00:31,224 [INFO] Matchbook login successful
2026-06-09 06:00:31,225 [INFO] Matchbook: fetching events with prices for 15 sports...
2026-06-09 06:00:31,304 [INFO] Matchbook: fetched page offset=0, 20 events (total so far: 20)
2026-06-09 06:00:31,540 [INFO] Matchbook: fetched page offset=20, 20 events (total so far: 40)
2026-06-09 06:00:31,806 [INFO] Matchbook: fetched page offset=40, 20 events (total so far: 60)
2026-06-09 06:00:32,052 [INFO] Matchbook: fetched page offset=60, 20 events (total so far: 80)
2026-06-09 06:00:32,317 [INFO] Matchbook: fetched page offset=80, 20 events (total so far: 100)
2026-06-09 06:00:32,604 [INFO] Matchbook: fetched page offset=100, 20 events (total so far: 120)
2026-06-09 06:00:32,886 [INFO] Matchbook: fetched page offset=120, 20 events (total so far: 140)
2026-06-09 06:00:33,427 [INFO] Matchbook: fetched page offset=140, 20 events (total so far: 160)
2026-06-09 06:00:33,681 [INFO] Matchbook: fetched page offset=160, 20 events (total so far: 180)
2026-06-09 06:00:33,932 [INFO] Matchbook: fetched page offset=180, 20 events (total so far: 200)
2026-06-09 06:00:34,248 [INFO] Matchbook: fetched page offset=200, 20 events (total so far: 220)
2026-06-09 06:00:34,543 [INFO] Matchbook: fetched page offset=220, 20 events (total so far: 240)
2026-06-09 06:00:34,796 [INFO] Matchbook: fetched page offset=240, 20 events (total so far: 260)
2026-06-09 06:00:35,025 [INFO] Matchbook: fetched page offset=260, 4 events (total so far: 264)
2026-06-09 06:00:35,025 [INFO] Matchbook: processing 264 events
2026-06-09 06:00:35,029 [INFO] Matchbook: processed 20/264 events, 154 markets so far
2026-06-09 06:00:35,032 [INFO] Matchbook: processed 40/264 events, 257 markets so far
2026-06-09 06:00:35,040 [INFO] Matchbook: processed 60/264 events, 489 markets so far
2026-06-09 06:00:35,045 [INFO] Matchbook: processed 80/264 events, 665 markets so far
2026-06-09 06:00:35,050 [INFO] Matchbook: processed 100/264 events, 821 markets so far
2026-06-09 06:00:35,061 [INFO] Matchbook: processed 120/264 events, 1156 markets so far
2026-06-09 06:00:35,074 [INFO] Matchbook: processed 140/264 events, 1667 markets so far
2026-06-09 06:00:35,119 [INFO] Matchbook: processed 160/264 events, 2086 markets so far
2026-06-09 06:00:35,125 [INFO] Matchbook: processed 180/264 events, 2308 markets so far
2026-06-09 06:00:35,132 [INFO] Matchbook: processed 200/264 events, 2455 markets so far
2026-06-09 06:00:35,148 [INFO] Matchbook: processed 220/264 events, 2717 markets so far
2026-06-09 06:00:35,165 [INFO] Matchbook: processed 240/264 events, 3118 markets so far
2026-06-09 06:00:35,170 [INFO] Matchbook: processed 260/264 events, 3171 markets so far
2026-06-09 06:00:35,171 [INFO] Matchbook: processed 264/264 events, 3175 markets so far
2026-06-09 06:00:35,172 [INFO] Matchbook: 3176 total markets, 306 above 25 GBP volume
2026-06-09 06:00:35,200 [INFO] matchbook: 3176 total, 306 above 25 GBP threshold
2026-06-09 06:00:35,334 [INFO] Snapshot written: /home/jwfalc/smarkets-bot/data/snapshots/matchbook/2026-06-09_05-00.json
2026-06-09 06:00:35,406 [INFO] Market log updated (matchbook)
2026-06-09 06:00:58,229 [INFO] Scanner complete for matchbook. Snapshot: 2026-06-09_05-00.json
2026-06-09 06:00:58,909 [RESEARCHER] Prior index loaded: 11 known runners
2026-06-09 06:00:58,955 [RESEARCHER] betfair: 92 tradeable markets from 2026-06-09_05-00.json
2026-06-09 06:00:58,956 [RESEARCHER] Market selection: 2 politics + 7 outrights + 8 other sports = 17 total (platforms: ['betfair'])
2026-06-09 06:00:58,956 [RESEARCHER] [1/17] Makerfield - Restore Britain Vote Percentage
2026-06-09 06:01:04,635 [RESEARCHER] [2/17] Maine Democratic Senate Primary Winner
2026-06-09 06:01:10,018 [RESEARCHER] [3/17] Winner
2026-06-09 06:01:16,978 [RESEARCHER]   Prior history injected for Portugal
2026-06-09 06:01:16,978 [RESEARCHER] [4/17] Winner
2026-06-09 06:01:26,038 [RESEARCHER]   Prior history injected for Scottie Scheffler
2026-06-09 06:01:26,039 [RESEARCHER]   Prior history injected for Xander Schauffele
2026-06-09 06:01:26,039 [RESEARCHER]   Prior history injected for Tommy Fleetwood
2026-06-09 06:01:26,039 [RESEARCHER] [5/17] Winner
2026-06-09 06:01:30,289 [RESEARCHER]   Prior history injected for Scottie Scheffler
2026-06-09 06:01:30,289 [RESEARCHER]   Prior history injected for Tommy Fleetwood
2026-06-09 06:01:30,289 [RESEARCHER]   Prior history injected for Xander Schauffele
2026-06-09 06:01:30,290 [RESEARCHER] [6/17] Winner
2026-06-09 06:01:38,494 [RESEARCHER]   Prior history injected for Tommy Fleetwood
2026-06-09 06:01:38,495 [RESEARCHER] [7/17] Winner
2026-06-09 06:01:42,994 [RESEARCHER]   Prior history injected for Scottie Scheffler
2026-06-09 06:01:42,995 [RESEARCHER]   Prior history injected for Xander Schauffele
2026-06-09 06:01:42,996 [RESEARCHER] [8/17] Top 5 Finish
2026-06-09 06:01:44,917 [RESEARCHER]   Prior history injected for Tommy Fleetwood
2026-06-09 06:01:44,918 [RESEARCHER] [9/17] Top 10 Finish
2026-06-09 06:01:46,830 [RESEARCHER]   Prior history injected for Tommy Fleetwood
2026-06-09 06:01:46,830 [RESEARCHER] [10/17] NBA Championship Winner
2026-06-09 06:01:54,245 [RESEARCHER] [11/17] Winner 2026/27
2026-06-09 06:02:00,983 [RESEARCHER] [12/17] Match Odds
2026-06-09 06:02:09,410 [RESEARCHER] [13/17] Name the Finalists
2026-06-09 06:02:16,481 [RESEARCHER] [14/17] Winner 2026/27
2026-06-09 06:02:23,907 [RESEARCHER] [15/17] Winner 2026
2026-06-09 06:02:30,929 [RESEARCHER] [16/17] Match Odds
2026-06-09 06:02:38,869 [RESEARCHER] [17/17] Ballon d'Or Winner 2026
2026-06-09 06:02:45,947 [RESEARCHER] Research brief written: 2026-06-09_05-02_brief.json
2026-06-09 06:02:45,947 [RESEARCHER] Markets: 17 | Errors: 0 | Credits used: 72
BRIEF_PATH:/home/jwfalc/smarkets-bot/data/research/2026-06-09_05-02_brief.json
2026-06-09 06:02:46,287 [ANALYZER] Loading research brief: 2026-06-09_05-02_brief.json
2026-06-09 06:02:46,470 [ANALYZER] Betfair cross-ref index: 3408 runners
2026-06-09 06:02:46,477 [ANALYZER] Analyzed 17 markets
2026-06-09 06:02:46,478 [ANALYZER] Found 3 signals (10pp+)
2026-06-09 06:02:46,478 [ANALYZER] Logged 11 distribution entries (7pp+)
2026-06-09 06:02:46,494 [ANALYZER] Research output written: 2026-06-09_05-02_research.json
2026-06-09 06:02:46,498 [ANALYZER] Appended 92 edge traces to edge_traces.json
RESEARCH_PATH:/home/jwfalc/smarkets-bot/data/research/2026-06-09_05-02_research.json
2026-06-09 06:02:47,058 [RESOLVE] Found 5 open trade(s) to check (paper_mode=True)
2026-06-09 06:02:47,127 [RESOLVE] Using cached Betfair session token
2026-06-09 06:02:47,127 [RESOLVE] Betfair: checking 5 open-trade markets
2026-06-09 06:02:58,257 [RESOLVE] Snapshot name lookup: found mappings for 4 markets
2026-06-09 06:02:58,357 [RESOLVE] Settled markets found: 0
2026-06-09 06:02:58,357 [RESOLVE] No open-trade markets have settled yet.
2026-06-09 06:02:58,985 [INFO] ============================================================
2026-06-09 06:02:58,985 [INFO] DIGEST RUN STARTED
2026-06-09 06:02:58,985 [INFO] ============================================================
2026-06-09 06:03:02,693 [INFO] Slip dedup: skipping Scottie Scheffler (BACK) — already open
2026-06-09 06:03:02,699 [INFO] Sending batch slip: 2 signals
2026-06-09 06:03:02,841 [INFO] Telegram notification sent
2026-06-09 06:03:02,841 [INFO] Sent 3 Telegram signal alerts
2026-06-09 06:03:02,862 [INFO] Dashboard data written: /home/jwfalc/smarkets-bot/dashboard/dashboard_data.json
2026-06-09 06:03:02,921 [INFO] Period logs updated: 2026-06-09, 2026-W24, 2026-06, 2026-Q2
2026-06-09 06:03:02,922 [INFO] Run log: [2026-06-09 05:02 UTC] status=signal | platforms=betfair,matchbook | markets=398 | signals=3 | alerts=3 | movements=10 | consec_losses=0
2026-06-09 06:03:02,922 [INFO] Digest complete
Kelly balance: £88.08 | Reserved: £9.14 | Available: £78.94
Skipping (already open): Winner BACK
Logged paper trade: Top 10 Finish - LAY @ 41.32% (edge: 11.23pp) [betfair] | available now £69.26
Logged paper trade: Top 10 Finish - LAY @ 37.31% (edge: 10.63pp) [betfair] | available now £59.03

2 new paper trade(s) logged
Distribution log updated: 11 new entries added
Total entries: 1019
  near_certainty: 9 total, 7 resolved
  high_prob: 28 total, 16 resolved
  7-9pp: 301 total, 109 resolved
  10-11pp: 155 total, 61 resolved
  12pp+: 526 total, 405 resolved

REVIEW DUE: 7-9pp band has 109 resolved entries (threshold: 12)
  Run: python distribution_logger.py report
  Then run: prompts/prompt_review_v1.md

REVIEW DUE: 7-9pp band has 109 resolved entries (threshold: 12)
  Run: python distribution_logger.py report
  Then run: prompts/prompt_review_v1.md
EXIT_CODE:0
Sent
2026-06-09 06:03:06,014 [STATIC-DASH] Building dashboard data…
2026-06-09 06:03:07,363 [STATIC-DASH] Data collected: 19 trades, 42 signals, 398 markets
2026-06-09 06:03:07,555 [STATIC-DASH] Written: /home/jwfalc/smarkets-dashboard/index.html (2315KB)
2026-06-09 06:03:07 [DEPLOY] Starting dashboard deploy...
WARNING: could not find injection point in HTML
HTML written OK
2026-06-09 06:03:07 [DEPLOY] Static HTML built
[main eede620] Deploy: 2026-06-09 06:03 UTC
 1 file changed, 1 insertion(+), 1 deletion(-)
To https://github.com/jwfalc-coder/smarkets-dashboard.git
   9a21c5c..eede620  main -> main
2026-06-09 06:03:07 [DEPLOY] Deploy complete: Deploy: 2026-06-09 06:03 UTC
[main e78bdcb] log: routine_2026-06-09_0600
 1 file changed, 172 insertions(+)
 create mode 100644 data/routine_logs/routine_2026-06-09_0600.log
From https://github.com/jwfalc-coder/betting-auditor
 * branch            main       -> FETCH_HEAD
Current branch main is up to date.
To https://github.com/jwfalc-coder/betting-auditor.git
   534c425..e78bdcb  main -> main
