Sent
2026-05-16 06:00:02,982 [INFO] ============================================================
2026-05-16 06:00:02,982 [INFO] SCANNER RUN STARTED - BETFAIR
2026-05-16 06:00:02,982 [INFO] ============================================================
2026-05-16 06:00:03,376 [INFO] Cached Betfair session too old, re-logging in
2026-05-16 06:00:03,377 [INFO] Betfair login attempt 1/3
2026-05-16 06:00:03,525 [INFO] Betfair login successful
2026-05-16 06:00:03,681 [INFO] Catalogue: 100 markets for sport ID 1
2026-05-16 06:00:03,806 [INFO] Catalogue: 100 markets for sport ID 2
2026-05-16 06:00:03,931 [INFO] Catalogue: 100 markets for sport ID 7
2026-05-16 06:00:04,067 [INFO] Catalogue: 100 markets for sport ID 4
2026-05-16 06:00:04,152 [INFO] Catalogue: 0 markets for sport ID 2378961
2026-05-16 06:00:04,278 [INFO] Catalogue: 85 markets for sport ID 3
2026-05-16 06:00:04,493 [INFO] Catalogue: 100 markets for sport ID 7522
2026-05-16 06:00:04,596 [INFO] Catalogue: 9 markets for sport ID 6423
2026-05-16 06:00:04,597 [INFO] Betfair: fetching prices for 594 markets...
2026-05-16 06:00:09,551 [INFO] Betfair: enriching 594 markets with price data...
2026-05-16 06:00:09,559 [INFO] Betfair: enriched 50/594 markets, 5 tradeable so far
2026-05-16 06:00:09,565 [INFO] Betfair: enriched 100/594 markets, 12 tradeable so far
2026-05-16 06:00:09,568 [INFO] Betfair: enriched 150/594 markets, 15 tradeable so far
2026-05-16 06:00:09,570 [INFO] Betfair: enriched 200/594 markets, 15 tradeable so far
2026-05-16 06:00:09,582 [INFO] Betfair: enriched 250/594 markets, 26 tradeable so far
2026-05-16 06:00:09,589 [INFO] Betfair: enriched 300/594 markets, 33 tradeable so far
2026-05-16 06:00:09,591 [INFO] Betfair: enriched 350/594 markets, 41 tradeable so far
2026-05-16 06:00:09,594 [INFO] Betfair: enriched 400/594 markets, 53 tradeable so far
2026-05-16 06:00:09,626 [INFO] Betfair: enriched 450/594 markets, 79 tradeable so far
2026-05-16 06:00:09,644 [INFO] Betfair: enriched 500/594 markets, 81 tradeable so far
2026-05-16 06:00:09,707 [INFO] Betfair: enriched 550/594 markets, 84 tradeable so far
2026-05-16 06:00:09,758 [INFO] Betfair: enriched 594/594 markets, 87 tradeable so far
2026-05-16 06:00:09,761 [INFO] Betfair: 594 total markets, 87 above 100 GBP volume
2026-05-16 06:00:09,789 [INFO] betfair: 594 total, 87 above 100 GBP threshold
2026-05-16 06:00:09,941 [INFO] Snapshot written: /home/jwfalc/smarkets-bot/data/snapshots/betfair/2026-05-16_05-00.json
2026-05-16 06:00:10,017 [INFO] Market log updated (betfair)
2026-05-16 06:00:40,926 [INFO] Scanner complete for betfair. Snapshot: 2026-05-16_05-00.json
2026-05-16 06:00:41,244 [INFO] ============================================================
2026-05-16 06:00:41,245 [INFO] SCANNER RUN STARTED - MATCHBOOK
2026-05-16 06:00:41,245 [INFO] ============================================================
2026-05-16 06:00:41,593 [INFO] Matchbook login attempt 1/3
2026-05-16 06:00:41,767 [INFO] Matchbook login successful
2026-05-16 06:00:41,768 [INFO] Matchbook: fetching events with prices for 15 sports...
2026-05-16 06:00:41,940 [INFO] Matchbook: fetched page offset=0, 20 events (total so far: 20)
2026-05-16 06:00:42,228 [INFO] Matchbook: fetched page offset=20, 20 events (total so far: 40)
2026-05-16 06:00:42,518 [INFO] Matchbook: fetched page offset=40, 20 events (total so far: 60)
2026-05-16 06:00:42,857 [INFO] Matchbook: fetched page offset=60, 20 events (total so far: 80)
2026-05-16 06:00:43,088 [INFO] Matchbook: fetched page offset=80, 20 events (total so far: 100)
2026-05-16 06:00:43,379 [INFO] Matchbook: fetched page offset=100, 20 events (total so far: 120)
2026-05-16 06:00:43,683 [INFO] Matchbook: fetched page offset=120, 20 events (total so far: 140)
2026-05-16 06:00:44,013 [INFO] Matchbook: fetched page offset=140, 20 events (total so far: 160)
2026-05-16 06:00:44,353 [INFO] Matchbook: fetched page offset=160, 20 events (total so far: 180)
2026-05-16 06:00:44,696 [INFO] Matchbook: fetched page offset=180, 20 events (total so far: 200)
2026-05-16 06:00:44,987 [INFO] Matchbook: fetched page offset=200, 20 events (total so far: 220)
2026-05-16 06:00:45,263 [INFO] Matchbook: fetched page offset=220, 20 events (total so far: 240)
2026-05-16 06:00:45,593 [INFO] Matchbook: fetched page offset=240, 20 events (total so far: 260)
2026-05-16 06:00:45,926 [INFO] Matchbook: fetched page offset=260, 20 events (total so far: 280)
2026-05-16 06:00:46,209 [INFO] Matchbook: fetched page offset=280, 20 events (total so far: 300)
2026-05-16 06:00:46,530 [INFO] Matchbook: fetched page offset=300, 20 events (total so far: 320)
2026-05-16 06:00:46,904 [INFO] Matchbook: fetched page offset=320, 20 events (total so far: 340)
2026-05-16 06:00:47,221 [INFO] Matchbook: fetched page offset=340, 20 events (total so far: 360)
2026-05-16 06:00:47,558 [INFO] Matchbook: fetched page offset=360, 20 events (total so far: 380)
2026-05-16 06:00:47,924 [INFO] Matchbook: fetched page offset=380, 20 events (total so far: 400)
2026-05-16 06:00:48,324 [INFO] Matchbook: fetched page offset=400, 20 events (total so far: 420)
2026-05-16 06:00:48,644 [INFO] Matchbook: fetched page offset=420, 20 events (total so far: 440)
2026-05-16 06:00:48,895 [INFO] Matchbook: fetched page offset=440, 20 events (total so far: 460)
2026-05-16 06:00:49,128 [INFO] Matchbook: fetched page offset=460, 20 events (total so far: 480)
2026-05-16 06:00:49,363 [INFO] Matchbook: fetched page offset=480, 14 events (total so far: 494)
2026-05-16 06:00:49,363 [INFO] Matchbook: processing 494 events
2026-05-16 06:00:49,384 [INFO] Matchbook: processed 20/494 events, 453 markets so far
2026-05-16 06:00:49,396 [INFO] Matchbook: processed 40/494 events, 763 markets so far
2026-05-16 06:00:49,409 [INFO] Matchbook: processed 60/494 events, 1116 markets so far
2026-05-16 06:00:49,425 [INFO] Matchbook: processed 80/494 events, 1593 markets so far
2026-05-16 06:00:49,426 [INFO] Matchbook: processed 100/494 events, 1613 markets so far
2026-05-16 06:00:49,440 [INFO] Matchbook: processed 120/494 events, 2028 markets so far
2026-05-16 06:00:49,506 [INFO] Matchbook: processed 140/494 events, 2549 markets so far
2026-05-16 06:00:49,526 [INFO] Matchbook: processed 160/494 events, 3120 markets so far
2026-05-16 06:00:49,546 [INFO] Matchbook: processed 180/494 events, 3742 markets so far
2026-05-16 06:00:49,565 [INFO] Matchbook: processed 200/494 events, 4308 markets so far
2026-05-16 06:00:49,579 [INFO] Matchbook: processed 220/494 events, 4886 markets so far
2026-05-16 06:00:49,593 [INFO] Matchbook: processed 240/494 events, 5468 markets so far
2026-05-16 06:00:49,613 [INFO] Matchbook: processed 260/494 events, 6126 markets so far
2026-05-16 06:00:49,637 [INFO] Matchbook: processed 280/494 events, 6831 markets so far
2026-05-16 06:00:49,658 [INFO] Matchbook: processed 300/494 events, 7332 markets so far
2026-05-16 06:00:49,676 [INFO] Matchbook: processed 320/494 events, 7934 markets so far
2026-05-16 06:00:49,695 [INFO] Matchbook: processed 340/494 events, 8545 markets so far
2026-05-16 06:00:49,719 [INFO] Matchbook: processed 360/494 events, 9002 markets so far
2026-05-16 06:00:49,760 [INFO] Matchbook: processed 380/494 events, 9832 markets so far
2026-05-16 06:00:49,804 [INFO] Matchbook: processed 400/494 events, 10653 markets so far
2026-05-16 06:00:49,840 [INFO] Matchbook: processed 420/494 events, 11574 markets so far
2026-05-16 06:00:49,870 [INFO] Matchbook: processed 440/494 events, 12321 markets so far
2026-05-16 06:00:49,876 [INFO] Matchbook: processed 460/494 events, 12458 markets so far
2026-05-16 06:00:49,878 [INFO] Matchbook: processed 480/494 events, 12479 markets so far
2026-05-16 06:00:49,879 [INFO] Matchbook: processed 494/494 events, 12492 markets so far
2026-05-16 06:00:49,879 [INFO] Matchbook: 12493 total markets, 714 above 25 GBP volume
2026-05-16 06:00:49,980 [INFO] matchbook: 12493 total, 714 above 25 GBP threshold
2026-05-16 06:00:50,238 [INFO] Snapshot written: /home/jwfalc/smarkets-bot/data/snapshots/matchbook/2026-05-16_05-00.json
2026-05-16 06:00:50,371 [INFO] Market log updated (matchbook)
2026-05-16 06:01:22,435 [INFO] Scanner complete for matchbook. Snapshot: 2026-05-16_05-00.json
2026-05-16 06:01:23,183 [RESEARCHER] matchbook: 449 tradeable markets from 2026-05-16_05-00.json
2026-05-16 06:01:23,185 [RESEARCHER] Market selection: 0 politics/current-affairs + 15 matchbook-sports + 0 betfair-sports = 15 total
2026-05-16 06:01:23,186 [RESEARCHER] [1/15] Winner
2026-05-16 06:01:30,045 [RESEARCHER] [2/15] Winner
2026-05-16 06:01:37,040 [RESEARCHER] [3/15] Winner
2026-05-16 06:01:44,244 [RESEARCHER] [4/15] To Be Relegated
2026-05-16 06:01:51,896 [RESEARCHER] [5/15] Winner
2026-05-16 06:01:58,400 [RESEARCHER] [6/15] Top 10 Finish
2026-05-16 06:02:01,477 [RESEARCHER] [7/15] Correct Score
2026-05-16 06:02:09,175 [RESEARCHER] [8/15] Top 5 Finish
2026-05-16 06:02:11,904 [RESEARCHER] [9/15] Match Odds
2026-05-16 06:02:18,780 [RESEARCHER] [10/15] Handicap
2026-05-16 06:02:26,050 [RESEARCHER]   -> Dual entry: also on matchbook (market 33275510411601023)
2026-05-16 06:02:26,050 [RESEARCHER] [11/15] Moneyline
2026-05-16 06:02:32,639 [RESEARCHER] [12/15] Top 4 Finish
2026-05-16 06:02:39,388 [RESEARCHER] [13/15] Winner
2026-05-16 06:02:46,139 [RESEARCHER] [14/15] Top 6 Finish
2026-05-16 06:02:48,955 [RESEARCHER] [15/15] Match Odds
2026-05-16 06:02:52,097 [RESEARCHER] Research brief written: 2026-05-16_05-02_brief.json
2026-05-16 06:02:52,098 [RESEARCHER] Markets: 16 | Errors: 0 | Credits used: 60
BRIEF_PATH:/home/jwfalc/smarkets-bot/data/research/2026-05-16_05-02_brief.json
2026-05-16 06:02:52,386 [ANALYZER] Loading research brief: 2026-05-16_05-02_brief.json
2026-05-16 06:02:52,475 [ANALYZER] Analyzed 16 markets
2026-05-16 06:02:52,475 [ANALYZER] Found 13 signals (10pp+)
2026-05-16 06:02:52,475 [ANALYZER] Logged 17 distribution entries (7pp+)
2026-05-16 06:02:52,490 [ANALYZER] Research output written: 2026-05-16_05-02_research.json
2026-05-16 06:02:52,492 [ANALYZER] Appended 66 edge traces to edge_traces.json
RESEARCH_PATH:/home/jwfalc/smarkets-bot/data/research/2026-05-16_05-02_research.json
2026-05-16 06:02:53,045 [RESOLVE] Found 20 open trade(s) to check (paper_mode=True)
2026-05-16 06:02:53,045 [RESOLVE] Settled markets found: 0
2026-05-16 06:02:53,046 [RESOLVE] Standings fallback: 2 season future market(s) to check
2026-05-16 06:02:53,503 [RESOLVE] Standings: no match for ' Scottie Scheffler' in 24-team table
2026-05-16 06:02:53,504 [RESOLVE] Standings: no match for ' Scottie Scheffler' in 24-team table
2026-05-16 06:02:53,504 [RESOLVE] No open-trade markets have settled yet.
2026-05-16 06:02:54,100 [INFO] ============================================================
2026-05-16 06:02:54,100 [INFO] DIGEST RUN STARTED
2026-05-16 06:02:54,101 [INFO] ============================================================
2026-05-16 06:02:59,565 [INFO] Signal filtered (high-odds lay): Top 10 Finish @ 4.30 odds (cap: 4.0)
2026-05-16 06:02:59,565 [INFO] Signal filtered (high-odds lay): Top 10 Finish @ 6.00 odds (cap: 4.0)
2026-05-16 06:02:59,566 [WARNING] CONSECUTIVE LOSSES: 3
2026-05-16 06:02:59,566 [WARNING] Consecutive loss alert: 3 in a row
2026-05-16 06:02:59,669 [INFO] Telegram notification sent
2026-05-16 06:02:59,697 [INFO] Dashboard data written: /home/jwfalc/smarkets-bot/dashboard/dashboard_data.json
2026-05-16 06:02:59,754 [INFO] Period logs updated: 2026-05-16, 2026-W20, 2026-05, 2026-Q2
2026-05-16 06:02:59,754 [INFO] Run log: [2026-05-16 05:02 UTC] status=signal | platforms=betfair,matchbook | markets=801 | signals=11 | alerts=0 | movements=10 | consec_losses=3
2026-05-16 06:02:59,754 [INFO] Digest complete
Balance: £197.32 | Reserved: £178.26 | Available: £19.06
Skipping high-odds lay: Top 10 Finish @ 4.30 odds (cap: 4.0)
Logged paper trade: Top 10 Finish - LAY @ 48.54% (edge: 29.28pp) [matchbook] | available now £13.76
Logged paper trade: Top 10 Finish - LAY @ 52.91% (edge: 31.92pp) [matchbook] | available now £9.31
Logged paper trade: Top 10 Finish - LAY @ 51.02% (edge: 30.78pp) [matchbook] | available now £4.51
Skipping high-odds lay: Top 10 Finish @ 6.00 odds (cap: 4.0)
Skipping (already open): Top 5 Finish LAY
Skipping (insufficient balance): Top 5 Finish needs £10.25, only £4.51 available
Skipping (insufficient balance): Top 5 Finish needs £12.50, only £4.51 available
Skipping (insufficient balance): Top 5 Finish needs £10.25, only £4.51 available
Skipping back bet below minimum edge: Match Odds 14.9pp < 15.0pp
Skipping back bet below minimum edge: Match Odds 14.8pp < 15.0pp
Skipping (already open): Top 6 Finish LAY
Skipping (already open): Top 6 Finish LAY

3 new paper trade(s) logged
Distribution log updated: 16 new entries added
Total entries: 613
  7-9pp: 165 total, 27 resolved
  10-11pp: 71 total, 37 resolved
  12pp+: 377 total, 171 resolved

REVIEW DUE: 7-9pp band has 27 resolved entries (threshold: 12)
  Run: python distribution_logger.py report
  Then run: prompts/prompt_review_v1.md

REVIEW DUE: 7-9pp band has 27 resolved entries (threshold: 12)
  Run: python distribution_logger.py report
  Then run: prompts/prompt_review_v1.md
EXIT_CODE:0
Sent
2026-05-16 06:03:02,616 [STATIC-DASH] Building dashboard data…
2026-05-16 06:03:03,525 [STATIC-DASH] Data collected: 102 trades, 61 signals, 801 markets
2026-05-16 06:03:03,730 [STATIC-DASH] Written: /home/jwfalc/smarkets-dashboard/index.html (2593KB)
2026-05-16 06:03:03 [DEPLOY] Starting dashboard deploy...
WARNING: could not find injection point in HTML
HTML written OK
2026-05-16 06:03:03 [DEPLOY] Static HTML built
[main 16b47de] Deploy: 2026-05-16 06:03 UTC
 1 file changed, 1 insertion(+), 1 deletion(-)
To https://github.com/jwfalc-coder/smarkets-dashboard.git
   e133a8d..16b47de  main -> main
2026-05-16 06:03:03 [DEPLOY] Deploy complete: Deploy: 2026-05-16 06:03 UTC
