Sent
2026-06-14 10:30:02,360 [INFO] ============================================================
2026-06-14 10:30:02,360 [INFO] SCANNER RUN STARTED - BETFAIR
2026-06-14 10:30:02,360 [INFO] ============================================================
2026-06-14 10:30:02,955 [INFO] Cached Betfair session too old, re-logging in
2026-06-14 10:30:02,956 [INFO] Betfair login attempt 1/3
2026-06-14 10:30:03,110 [INFO] Betfair login successful
2026-06-14 10:30:03,240 [INFO] Catalogue: 100 markets for sport ID 1
2026-06-14 10:30:03,370 [INFO] Catalogue: 100 markets for sport ID 2
2026-06-14 10:30:03,497 [INFO] Catalogue: 100 markets for sport ID 7
2026-06-14 10:30:03,597 [INFO] Catalogue: 75 markets for sport ID 4
2026-06-14 10:30:03,665 [INFO] Catalogue: 0 markets for sport ID 2378961
2026-06-14 10:30:03,759 [INFO] Catalogue: 29 markets for sport ID 3
2026-06-14 10:30:03,902 [INFO] Catalogue: 45 markets for sport ID 7522
2026-06-14 10:30:03,983 [INFO] Catalogue: 0 markets for sport ID 6423
2026-06-14 10:30:03,983 [INFO] Betfair: fetching prices for 449 markets...
2026-06-14 10:30:07,781 [INFO] Betfair: enriching 449 markets with price data...
2026-06-14 10:30:07,788 [INFO] Betfair: enriched 50/449 markets, 8 tradeable so far
2026-06-14 10:30:07,798 [INFO] Betfair: enriched 100/449 markets, 13 tradeable so far
2026-06-14 10:30:07,801 [INFO] Betfair: enriched 150/449 markets, 14 tradeable so far
2026-06-14 10:30:07,804 [INFO] Betfair: enriched 200/449 markets, 15 tradeable so far
2026-06-14 10:30:07,817 [INFO] Betfair: enriched 250/449 markets, 24 tradeable so far
2026-06-14 10:30:07,826 [INFO] Betfair: enriched 300/449 markets, 43 tradeable so far
2026-06-14 10:30:07,829 [INFO] Betfair: enriched 350/449 markets, 59 tradeable so far
2026-06-14 10:30:07,851 [INFO] Betfair: enriched 400/449 markets, 81 tradeable so far
2026-06-14 10:30:07,894 [INFO] Betfair: enriched 449/449 markets, 101 tradeable so far
2026-06-14 10:30:07,896 [INFO] Betfair: 449 total markets, 101 above 100 GBP volume
2026-06-14 10:30:07,994 [INFO] Outrights: 20 markets for sport 1
2026-06-14 10:30:08,080 [INFO] Outrights: 11 markets for sport 3
2026-06-14 10:30:08,171 [INFO] Outrights: 1 markets for sport 2378961
2026-06-14 10:30:08,524 [INFO] Outrights: 30 markets above 25 GBP
2026-06-14 10:30:08,528 [INFO] Betfair: added 25 outright markets for cross-ref
2026-06-14 10:30:08,529 [INFO] betfair: 474 total, 126 above 100 GBP threshold
2026-06-14 10:30:08,783 [INFO] Snapshot written: /home/jwfalc/smarkets-bot/data/snapshots/betfair/2026-06-14_09-30.json
2026-06-14 10:30:08,912 [INFO] Market log updated (betfair)
2026-06-14 10:30:32,714 [INFO] Scanner complete for betfair. Snapshot: 2026-06-14_09-30.json
2026-06-14 10:30:34,334 [INFO] ============================================================
2026-06-14 10:30:34,335 [INFO] SCANNER RUN STARTED - MATCHBOOK
2026-06-14 10:30:34,335 [INFO] ============================================================
2026-06-14 10:30:34,676 [INFO] Matchbook login attempt 1/3
2026-06-14 10:30:34,852 [INFO] Matchbook login successful
2026-06-14 10:30:34,853 [INFO] Matchbook: fetching events with prices for 15 sports...
2026-06-14 10:30:34,956 [INFO] Matchbook: fetched page offset=0, 20 events (total so far: 20)
2026-06-14 10:30:35,274 [INFO] Matchbook: fetched page offset=20, 20 events (total so far: 40)
2026-06-14 10:30:35,568 [INFO] Matchbook: fetched page offset=40, 20 events (total so far: 60)
2026-06-14 10:30:35,846 [INFO] Matchbook: fetched page offset=60, 20 events (total so far: 80)
2026-06-14 10:30:36,123 [INFO] Matchbook: fetched page offset=80, 20 events (total so far: 100)
2026-06-14 10:30:36,438 [INFO] Matchbook: fetched page offset=100, 20 events (total so far: 120)
2026-06-14 10:30:36,763 [INFO] Matchbook: fetched page offset=120, 20 events (total so far: 140)
2026-06-14 10:30:37,084 [INFO] Matchbook: fetched page offset=140, 20 events (total so far: 160)
2026-06-14 10:30:37,327 [INFO] Matchbook: fetched page offset=160, 20 events (total so far: 180)
2026-06-14 10:30:37,564 [INFO] Matchbook: fetched page offset=180, 20 events (total so far: 200)
2026-06-14 10:30:37,866 [INFO] Matchbook: fetched page offset=200, 20 events (total so far: 220)
2026-06-14 10:30:38,227 [INFO] Matchbook: fetched page offset=220, 20 events (total so far: 240)
2026-06-14 10:30:38,514 [INFO] Matchbook: fetched page offset=240, 20 events (total so far: 260)
2026-06-14 10:30:38,773 [INFO] Matchbook: fetched page offset=260, 12 events (total so far: 272)
2026-06-14 10:30:38,773 [INFO] Matchbook: processing 272 events
2026-06-14 10:30:38,778 [INFO] Matchbook: processed 20/272 events, 119 markets so far
2026-06-14 10:30:38,794 [INFO] Matchbook: processed 40/272 events, 548 markets so far
2026-06-14 10:30:38,807 [INFO] Matchbook: processed 60/272 events, 903 markets so far
2026-06-14 10:30:38,813 [INFO] Matchbook: processed 80/272 events, 1081 markets so far
2026-06-14 10:30:38,869 [INFO] Matchbook: processed 100/272 events, 1324 markets so far
2026-06-14 10:30:38,886 [INFO] Matchbook: processed 120/272 events, 1864 markets so far
2026-06-14 10:30:38,908 [INFO] Matchbook: processed 140/272 events, 2551 markets so far
2026-06-14 10:30:38,928 [INFO] Matchbook: processed 160/272 events, 3146 markets so far
2026-06-14 10:30:38,935 [INFO] Matchbook: processed 180/272 events, 3457 markets so far
2026-06-14 10:30:38,940 [INFO] Matchbook: processed 200/272 events, 3703 markets so far
2026-06-14 10:30:38,952 [INFO] Matchbook: processed 220/272 events, 4047 markets so far
2026-06-14 10:30:38,977 [INFO] Matchbook: processed 240/272 events, 4602 markets so far
2026-06-14 10:30:38,991 [INFO] Matchbook: processed 260/272 events, 4940 markets so far
2026-06-14 10:30:38,997 [INFO] Matchbook: processed 272/272 events, 4952 markets so far
2026-06-14 10:30:38,998 [INFO] Matchbook: 4953 total markets, 504 above 25 GBP volume
2026-06-14 10:30:39,046 [INFO] matchbook: 4953 total, 504 above 25 GBP threshold
2026-06-14 10:30:39,255 [INFO] Snapshot written: /home/jwfalc/smarkets-bot/data/snapshots/matchbook/2026-06-14_09-30.json
2026-06-14 10:30:39,380 [INFO] Market log updated (matchbook)
2026-06-14 10:31:03,362 [INFO] Scanner complete for matchbook. Snapshot: 2026-06-14_09-30.json
2026-06-14 10:31:04,133 [RESEARCHER] Prior index loaded: 25 known runners
2026-06-14 10:31:04,190 [RESEARCHER] betfair: skipped 14 outright markets with no start time (BUG-093)
2026-06-14 10:31:04,190 [RESEARCHER] betfair: 112 tradeable markets from 2026-06-14_09-30.json
2026-06-14 10:31:04,192 [RESEARCHER] Market selection: 1 politics + 6 outrights + 9 other sports = 16 total (platforms: ['betfair'])
2026-06-14 10:31:04,193 [RESEARCHER] [1/16] Makerfield - Restore Britain Vote Percentage
2026-06-14 10:31:11,854 [RESEARCHER] [2/16] Winner
2026-06-14 10:31:19,725 [RESEARCHER]   Prior history injected for Tommy Fleetwood
2026-06-14 10:31:20,335 [RESEARCHER]   Data provider: 6 facts injected
2026-06-14 10:31:20,336 [RESEARCHER] [3/16] Top 10 Finish
2026-06-14 10:31:22,264 [RESEARCHER]   Prior history injected for Tommy Fleetwood
2026-06-14 10:31:22,581 [RESEARCHER]   Data provider: 6 facts injected
2026-06-14 10:31:22,581 [RESEARCHER] [4/16] Top 20 Finish
2026-06-14 10:31:24,480 [RESEARCHER]   Prior history injected for Tommy Fleetwood
2026-06-14 10:31:24,813 [RESEARCHER]   Data provider: 6 facts injected
2026-06-14 10:31:24,814 [RESEARCHER] [5/16] Top 5 Finish
2026-06-14 10:31:26,653 [RESEARCHER]   Prior history injected for Tommy Fleetwood
2026-06-14 10:31:26,971 [RESEARCHER]   Data provider: 6 facts injected
2026-06-14 10:31:26,971 [RESEARCHER] [6/16] Winner
2026-06-14 10:31:35,148 [RESEARCHER] [SLASHGOLF] No tournament match for ' LPGA Dow Championship 2026'
2026-06-14 10:31:35,148 [RESEARCHER] [7/16] Winner
2026-06-14 10:31:43,402 [RESEARCHER] [SLASHGOLF] No tournament match for '  Champ Tour Principal Charity Classic 2026'
2026-06-14 10:31:43,402 [RESEARCHER] [8/16] Match Odds
2026-06-14 10:31:50,925 [RESEARCHER]   Prior history injected for India W
2026-06-14 10:31:50,926 [RESEARCHER]   Prior history injected for Pakistan W
2026-06-14 10:31:51,942 [RESEARCHER]   Data provider: 1 facts injected
2026-06-14 10:31:51,943 [RESEARCHER] [9/16] FIFA Golden Ball
2026-06-14 10:31:58,656 [RESEARCHER] [API_FOOTBALL] Could not resolve team ID for 'Lamine Yamal'
2026-06-14 10:31:58,668 [RESEARCHER] [DATA_PROVIDER] theoddsapi: unrecognised sport_type=
2026-06-14 10:31:58,668 [RESEARCHER] [10/16] 1m2f Grp 1
2026-06-14 10:32:03,718 [RESEARCHER] [11/16] Match Odds
2026-06-14 10:32:12,351 [RESEARCHER]   Prior history injected for Northamptonshire W
2026-06-14 10:32:12,352 [RESEARCHER]   Prior history injected for Derbyshire Falcons W
2026-06-14 10:32:12,877 [RESEARCHER] [12/16] Match Odds
2026-06-14 10:32:19,720 [RESEARCHER]   Prior history injected for Leicestershire Foxes W
2026-06-14 10:32:19,721 [RESEARCHER]   Prior history injected for Kent W
2026-06-14 10:32:20,262 [RESEARCHER] [13/16] 1m4f Nov Stks
2026-06-14 10:32:25,434 [RESEARCHER] [14/16] PFA Player of the Year 2025/26
2026-06-14 10:32:33,034 [RESEARCHER] [API_FOOTBALL] Could not resolve team ID for 'Bruno Fernandes'
2026-06-14 10:32:33,044 [RESEARCHER] [DATA_PROVIDER] theoddsapi: unrecognised sport_type=
2026-06-14 10:32:33,044 [RESEARCHER] [15/16] Each Way 10 Places - 1/5 Odds
2026-06-14 10:32:34,895 [RESEARCHER]   Prior history injected for Tommy Fleetwood
2026-06-14 10:32:35,267 [RESEARCHER]   Data provider: 6 facts injected
2026-06-14 10:32:35,267 [RESEARCHER] [16/16] Match Odds
2026-06-14 10:32:42,477 [RESEARCHER]   Prior history injected for Worcestershire Rapids W
2026-06-14 10:32:42,478 [RESEARCHER]   Prior history injected for Middlesex W
2026-06-14 10:32:43,015 [RESEARCHER] Research brief written: 2026-06-14_09-32_brief.json
2026-06-14 10:32:43,015 [RESEARCHER] Markets: 16 | Errors: 0 | Credits used: 68
BRIEF_PATH:/home/jwfalc/smarkets-bot/data/research/2026-06-14_09-32_brief.json
2026-06-14 10:32:43,340 [ANALYZER] Loading research brief: 2026-06-14_09-32_brief.json
2026-06-14 10:32:43,567 [ANALYZER] Betfair cross-ref index: 3003 runners
2026-06-14 10:32:43,798 [ANALYZER] Analyzed 16 markets
2026-06-14 10:32:43,799 [ANALYZER] Found 15 signals (10pp+)
2026-06-14 10:32:43,799 [ANALYZER] Logged 33 distribution entries (7pp+)
2026-06-14 10:32:43,817 [ANALYZER] Research output written: 2026-06-14_09-32_research.json
2026-06-14 10:32:43,820 [ANALYZER] Appended 80 edge traces to edge_traces.json
RESEARCH_PATH:/home/jwfalc/smarkets-bot/data/research/2026-06-14_09-32_research.json
2026-06-14 10:32:44,498 [RESOLVE] Found 18 open trade(s) to check (paper_mode=True)
2026-06-14 10:32:44,579 [RESOLVE] Using cached Betfair session token
2026-06-14 10:32:44,579 [RESOLVE] Betfair: checking 14 open-trade markets
2026-06-14 10:32:57,643 [RESOLVE] Snapshot name lookup: found mappings for 14 markets
2026-06-14 10:32:57,842 [RESOLVE] Settled markets found: 0
2026-06-14 10:32:57,843 [RESOLVE] No open-trade markets have settled yet.
Kelly balance: £189.32 | Reserved: £168.23 | Available: £21.09
Skipping (conflicting back in same market): Winner
Skipping (conflicting back in same market): Top 10 Finish
Skipping (conflicting back in same market): Top 10 Finish
Skipping (conflicting back in same market): Top 10 Finish
Skipping (conflicting back in same market): Top 10 Finish
Skipping (already open): Top 10 Finish BACK
Skipping (Kelly stake below £0.50 floor): Top 20 Finish Wyndham Clark — stake=£0.04 odds=1.12 model_prob=89.29%
Skipping (conflicting back in same market): Top 20 Finish
Skipping (conflicting back in same market): Top 5 Finish
Skipping (conflicting back in same market): Top 5 Finish
Skipping (conflicting back in same market): Top 5 Finish
Skipping (already open): FIFA Golden Ball BACK
Skipping (conflicting back in same market): FIFA Golden Ball
Skipping (already open): PFA Player of the Year 2025/26 LAY
No new paper trades to log
2026-06-14 10:32:59,368 [INFO] ============================================================
2026-06-14 10:32:59,368 [INFO] DIGEST RUN STARTED
2026-06-14 10:32:59,368 [INFO] ============================================================
2026-06-14 10:33:03,278 [INFO] Slip dedup: skipping Lamine Yamal (BACK) — conflicting back in same market
2026-06-14 10:33:03,278 [INFO] Slip dedup: skipping Wyndham Clark (BACK) — conflicting back in same market
2026-06-14 10:33:03,278 [INFO] Slip dedup: skipping Jackson Suber (BACK) — conflicting back in same market
2026-06-14 10:33:03,279 [INFO] Slip dedup: skipping Jackson Suber (BACK) — conflicting back in same market
2026-06-14 10:33:03,279 [INFO] Slip dedup: skipping Sam Burns (BACK) — conflicting back in same market
2026-06-14 10:33:03,279 [INFO] Slip dedup: skipping Jesper Svensson (BACK) — conflicting back in same market
2026-06-14 10:33:03,279 [INFO] Slip dedup: skipping Kylian Mbappe (BACK) — conflicting back in same market
2026-06-14 10:33:03,279 [INFO] Slip dedup: skipping Jackson Suber (BACK) — conflicting back in same market
2026-06-14 10:33:03,280 [INFO] Slip dedup: skipping Tommy Fleetwood (BACK) — conflicting back in same market
2026-06-14 10:33:03,280 [INFO] Slip dedup: skipping Bud Cauley (BACK) — conflicting back in same market
2026-06-14 10:33:03,280 [INFO] Slip dedup: skipping Jesper Svensson (BACK) — conflicting back in same market
2026-06-14 10:33:03,280 [INFO] Slip dedup: skipping India W (BACK) — conflicting back in same market
2026-06-14 10:33:03,280 [INFO] Slip dedup: skipping Wyndham Clark (BACK) — conflicting back in same market
2026-06-14 10:33:03,282 [INFO] Slip dedup: skipping Erling Haaland (LAY) — already open
2026-06-14 10:33:03,282 [INFO] Slip dedup: all signals already open — no slip sent
2026-06-14 10:33:03,283 [INFO] Sent 1 Telegram signal alerts
2026-06-14 10:33:06,526 [INFO] cashout_advisor [profit_threshold]: India W (BACK) — Odds shortened from 1.09 to 1.080 — ~130% of max profit now locked in
2026-06-14 10:33:06,526 [INFO] Cash-out advisory: India W (BACK) trigger=profit_threshold
2026-06-14 10:33:06,588 [WARNING] Telegram connection error (attempt 1/3), retrying in 8s: ('Connection aborted.', ConnectionResetError(104, 'Connection reset by peer'))
2026-06-14 10:33:14,740 [INFO] Telegram notification sent
2026-06-14 10:33:14,742 [INFO] cashout_advisor: 1 advisory(s) fired this run
2026-06-14 10:33:14,743 [INFO] Cash-out advisories fired: 1
2026-06-14 10:33:14,796 [INFO] Dashboard data written: /home/jwfalc/smarkets-bot/dashboard/dashboard_data.json
2026-06-14 10:33:14,879 [INFO] Period logs updated: 2026-06-14, 2026-W24, 2026-06, 2026-Q2
2026-06-14 10:33:14,879 [INFO] Run log: [2026-06-14 09:32 UTC] status=signal | platforms=betfair,matchbook | markets=630 | signals=15 | alerts=1 | movements=10 | consec_losses=0
2026-06-14 10:33:14,880 [INFO] Digest complete
Distribution log updated: 5 new entries added
Total entries: 1228
  near_certainty: 13 total, 9 resolved
  high_prob: 43 total, 26 resolved
  7-9pp: 369 total, 113 resolved
  10-11pp: 194 total, 64 resolved
  12pp+: 609 total, 418 resolved

REVIEW DUE: 7-9pp band has 113 resolved entries (threshold: 12)
  Run: python distribution_logger.py report
  Then run: prompts/prompt_review_v1.md

REVIEW DUE: 7-9pp band has 113 resolved entries (threshold: 12)
  Run: python distribution_logger.py report
  Then run: prompts/prompt_review_v1.md
EXIT_CODE:0
Sent
2026-06-14 10:33:18,242 [STATIC-DASH] Building dashboard data…
2026-06-14 10:33:18,248 [STATIC-DASH] Data collected: 52 trades, 15 signals
2026-06-14 10:33:18,292 [STATIC-DASH] Written: /home/jwfalc/smarkets-dashboard/index.html (570KB)
2026-06-14 10:33:18,296 [STATIC-DASH] Copied PWA asset: manifest.json
2026-06-14 10:33:18,297 [STATIC-DASH] Copied PWA asset: apple-touch-icon.png
2026-06-14 10:33:18,299 [STATIC-DASH] Copied PWA asset: icon-192.png
2026-06-14 10:33:18,301 [STATIC-DASH] Copied PWA asset: icon-512.png
2026-06-14 10:33:18 [DEPLOY] Starting dashboard deploy...
HTML written OK
2026-06-14 10:33:18 [DEPLOY] Static HTML built
[main a967684] Deploy: 2026-06-14 10:33 UTC
 1 file changed, 1 insertion(+), 1 deletion(-)
To https://github.com/jwfalc-coder/smarkets-dashboard.git
   bd1bcb0..a967684  main -> main
2026-06-14 10:33:18 [DEPLOY] Deploy complete: Deploy: 2026-06-14 10:33 UTC
