Sent
2026-05-15 10:00:03,215 [INFO] ============================================================
2026-05-15 10:00:03,215 [INFO] SCANNER RUN STARTED - BETFAIR
2026-05-15 10:00:03,216 [INFO] ============================================================
2026-05-15 10:00:03,989 [INFO] Cached Betfair session too old, re-logging in
2026-05-15 10:00:03,992 [INFO] Betfair login attempt 1/3
2026-05-15 10:00:04,170 [INFO] Betfair login successful
2026-05-15 10:00:04,367 [INFO] Catalogue: 100 markets for sport ID 1
2026-05-15 10:00:04,525 [INFO] Catalogue: 100 markets for sport ID 2
2026-05-15 10:00:04,673 [INFO] Catalogue: 100 markets for sport ID 7
2026-05-15 10:00:04,805 [INFO] Catalogue: 100 markets for sport ID 4
2026-05-15 10:00:04,892 [INFO] Catalogue: 0 markets for sport ID 2378961
2026-05-15 10:00:05,043 [INFO] Catalogue: 84 markets for sport ID 3
2026-05-15 10:00:05,317 [INFO] Catalogue: 100 markets for sport ID 7522
2026-05-15 10:00:05,453 [INFO] Catalogue: 9 markets for sport ID 6423
2026-05-15 10:00:05,454 [INFO] Betfair: fetching prices for 593 markets...
2026-05-15 10:00:11,301 [INFO] Betfair: enriching 593 markets with price data...
2026-05-15 10:00:11,308 [INFO] Betfair: enriched 50/593 markets, 24 tradeable so far
2026-05-15 10:00:11,317 [INFO] Betfair: enriched 100/593 markets, 24 tradeable so far
2026-05-15 10:00:11,321 [INFO] Betfair: enriched 150/593 markets, 28 tradeable so far
2026-05-15 10:00:11,323 [INFO] Betfair: enriched 200/593 markets, 30 tradeable so far
2026-05-15 10:00:11,330 [INFO] Betfair: enriched 250/593 markets, 36 tradeable so far
2026-05-15 10:00:11,341 [INFO] Betfair: enriched 300/593 markets, 37 tradeable so far
2026-05-15 10:00:11,346 [INFO] Betfair: enriched 350/593 markets, 52 tradeable so far
2026-05-15 10:00:11,350 [INFO] Betfair: enriched 400/593 markets, 56 tradeable so far
2026-05-15 10:00:11,392 [INFO] Betfair: enriched 450/593 markets, 92 tradeable so far
2026-05-15 10:00:11,429 [INFO] Betfair: enriched 500/593 markets, 124 tradeable so far
2026-05-15 10:00:11,493 [INFO] Betfair: enriched 550/593 markets, 125 tradeable so far
2026-05-15 10:00:11,579 [INFO] Betfair: enriched 593/593 markets, 127 tradeable so far
2026-05-15 10:00:11,584 [INFO] Betfair: 593 total markets, 127 above 100 GBP volume
2026-05-15 10:00:11,635 [INFO] betfair: 593 total, 127 above 100 GBP threshold
2026-05-15 10:00:11,868 [INFO] Snapshot written: /home/jwfalc/smarkets-bot/data/snapshots/betfair/2026-05-15_09-00.json
2026-05-15 10:00:11,970 [INFO] Market log updated (betfair)
2026-05-15 10:00:57,721 [INFO] Scanner complete for betfair. Snapshot: 2026-05-15_09-00.json
2026-05-15 10:00:58,359 [INFO] ============================================================
2026-05-15 10:00:58,360 [INFO] SCANNER RUN STARTED - MATCHBOOK
2026-05-15 10:00:58,360 [INFO] ============================================================
2026-05-15 10:00:59,025 [INFO] Matchbook login attempt 1/3
2026-05-15 10:00:59,200 [INFO] Matchbook login successful
2026-05-15 10:00:59,202 [INFO] Matchbook: fetching events with prices for 15 sports...
2026-05-15 10:00:59,396 [INFO] Matchbook: fetched page offset=0, 20 events (total so far: 20)
2026-05-15 10:00:59,638 [INFO] Matchbook: fetched page offset=20, 20 events (total so far: 40)
2026-05-15 10:00:59,949 [INFO] Matchbook: fetched page offset=40, 20 events (total so far: 60)
2026-05-15 10:01:00,276 [INFO] Matchbook: fetched page offset=60, 20 events (total so far: 80)
2026-05-15 10:01:00,636 [INFO] Matchbook: fetched page offset=80, 20 events (total so far: 100)
2026-05-15 10:01:00,950 [INFO] Matchbook: fetched page offset=100, 20 events (total so far: 120)
2026-05-15 10:01:01,266 [INFO] Matchbook: fetched page offset=120, 20 events (total so far: 140)
2026-05-15 10:01:01,646 [INFO] Matchbook: fetched page offset=140, 20 events (total so far: 160)
2026-05-15 10:01:01,989 [INFO] Matchbook: fetched page offset=160, 20 events (total so far: 180)
2026-05-15 10:01:02,312 [INFO] Matchbook: fetched page offset=180, 20 events (total so far: 200)
2026-05-15 10:01:02,748 [INFO] Matchbook: fetched page offset=200, 20 events (total so far: 220)
2026-05-15 10:01:03,109 [INFO] Matchbook: fetched page offset=220, 20 events (total so far: 240)
2026-05-15 10:01:03,425 [INFO] Matchbook: fetched page offset=240, 20 events (total so far: 260)
2026-05-15 10:01:03,764 [INFO] Matchbook: fetched page offset=260, 20 events (total so far: 280)
2026-05-15 10:01:04,118 [INFO] Matchbook: fetched page offset=280, 20 events (total so far: 300)
2026-05-15 10:01:04,499 [INFO] Matchbook: fetched page offset=300, 20 events (total so far: 320)
2026-05-15 10:01:05,061 [INFO] Matchbook: fetched page offset=320, 20 events (total so far: 340)
2026-05-15 10:01:05,348 [INFO] Matchbook: fetched page offset=340, 20 events (total so far: 360)
2026-05-15 10:01:05,594 [INFO] Matchbook: fetched page offset=360, 16 events (total so far: 376)
2026-05-15 10:01:05,595 [INFO] Matchbook: processing 376 events
2026-05-15 10:01:05,613 [INFO] Matchbook: processed 20/376 events, 145 markets so far
2026-05-15 10:01:05,614 [INFO] Matchbook: processed 40/376 events, 165 markets so far
2026-05-15 10:01:05,629 [INFO] Matchbook: processed 60/376 events, 438 markets so far
2026-05-15 10:01:05,650 [INFO] Matchbook: processed 80/376 events, 768 markets so far
2026-05-15 10:01:05,670 [INFO] Matchbook: processed 100/376 events, 1229 markets so far
2026-05-15 10:01:05,689 [INFO] Matchbook: processed 120/376 events, 1632 markets so far
2026-05-15 10:01:05,710 [INFO] Matchbook: processed 140/376 events, 1985 markets so far
2026-05-15 10:01:05,735 [INFO] Matchbook: processed 160/376 events, 2558 markets so far
2026-05-15 10:01:05,767 [INFO] Matchbook: processed 180/376 events, 3170 markets so far
2026-05-15 10:01:05,786 [INFO] Matchbook: processed 200/376 events, 3698 markets so far
2026-05-15 10:01:05,857 [INFO] Matchbook: processed 220/376 events, 4572 markets so far
2026-05-15 10:01:05,885 [INFO] Matchbook: processed 240/376 events, 5234 markets so far
2026-05-15 10:01:05,908 [INFO] Matchbook: processed 260/376 events, 5785 markets so far
2026-05-15 10:01:05,938 [INFO] Matchbook: processed 280/376 events, 6397 markets so far
2026-05-15 10:01:05,965 [INFO] Matchbook: processed 300/376 events, 7042 markets so far
2026-05-15 10:01:06,005 [INFO] Matchbook: processed 320/376 events, 7764 markets so far
2026-05-15 10:01:06,045 [INFO] Matchbook: processed 340/376 events, 8559 markets so far
2026-05-15 10:01:06,059 [INFO] Matchbook: processed 360/376 events, 8838 markets so far
2026-05-15 10:01:06,060 [INFO] Matchbook: processed 376/376 events, 8854 markets so far
2026-05-15 10:01:06,061 [INFO] Matchbook: 8855 total markets, 496 above 25 GBP volume
2026-05-15 10:01:06,191 [INFO] matchbook: 8855 total, 496 above 25 GBP threshold
2026-05-15 10:01:06,451 [INFO] Snapshot written: /home/jwfalc/smarkets-bot/data/snapshots/matchbook/2026-05-15_09-00.json
2026-05-15 10:01:06,585 [INFO] Market log updated (matchbook)
2026-05-15 10:01:49,208 [INFO] Scanner complete for matchbook. Snapshot: 2026-05-15_09-00.json
2026-05-15 10:01:51,451 [RESEARCHER] matchbook: 314 tradeable markets from 2026-05-15_09-00.json
2026-05-15 10:01:51,455 [RESEARCHER] Market selection: 0 politics/current-affairs + 15 matchbook-sports + 0 betfair-sports = 15 total
2026-05-15 10:01:51,455 [RESEARCHER] [1/15] Winner
2026-05-15 10:01:55,025 [RESEARCHER] [2/15] Winner
2026-05-15 10:01:58,584 [RESEARCHER] [3/15] Winner
2026-05-15 10:02:02,002 [RESEARCHER] [4/15] To Be Relegated
2026-05-15 10:02:06,015 [RESEARCHER] [5/15] Winner
2026-05-15 10:02:09,456 [RESEARCHER] [6/15] Top 10 Finish
2026-05-15 10:02:11,759 [RESEARCHER] [7/15] Top 5 Finish
2026-05-15 10:02:14,156 [RESEARCHER] [8/15] Match Odds
2026-05-15 10:02:17,908 [RESEARCHER] [9/15] Top 4 Finish
2026-05-15 10:02:21,697 [RESEARCHER] [10/15] Winner
2026-05-15 10:02:25,333 [RESEARCHER] [11/15] Top 6 Finish
2026-05-15 10:02:28,986 [RESEARCHER] [12/15] Correct Score
2026-05-15 10:02:33,006 [RESEARCHER] [13/15] Top 20 Finish
2026-05-15 10:02:35,362 [RESEARCHER] [14/15] Top 8 Finish
2026-05-15 10:02:38,744 [RESEARCHER] [15/15] Match Odds
2026-05-15 10:02:42,413 [RESEARCHER] Research brief written: 2026-05-15_09-02_brief.json
2026-05-15 10:02:42,413 [RESEARCHER] Markets: 15 | Errors: 0 | Credits used: 30
BRIEF_PATH:/home/jwfalc/smarkets-bot/data/research/2026-05-15_09-02_brief.json
2026-05-15 10:02:42,982 [ANALYZER] Loading research brief: 2026-05-15_09-02_brief.json
2026-05-15 10:02:43,098 [ANALYZER] Analyzed 15 markets
2026-05-15 10:02:43,098 [ANALYZER] Found 13 signals (10pp+)
2026-05-15 10:02:43,098 [ANALYZER] Logged 24 distribution entries (7pp+)
2026-05-15 10:02:43,120 [ANALYZER] Research output written: 2026-05-15_09-02_research.json
2026-05-15 10:02:43,123 [ANALYZER] Appended 72 edge traces to edge_traces.json
RESEARCH_PATH:/home/jwfalc/smarkets-bot/data/research/2026-05-15_09-02_research.json
2026-05-15 10:02:44,163 [RESOLVE] Found 20 open trade(s) to check (paper_mode=True)
2026-05-15 10:02:44,164 [RESOLVE] Settled markets found: 0
2026-05-15 10:02:44,164 [RESOLVE] Standings fallback: 2 season future market(s) to check
2026-05-15 10:02:44,644 [RESOLVE] Standings: no match for ' Scottie Scheffler' in 24-team table
2026-05-15 10:02:44,645 [RESOLVE] Standings: no match for ' Scottie Scheffler' in 24-team table
2026-05-15 10:02:44,645 [RESOLVE] No open-trade markets have settled yet.
2026-05-15 10:02:45,812 [INFO] ============================================================
2026-05-15 10:02:45,815 [INFO] DIGEST RUN STARTED
2026-05-15 10:02:45,815 [INFO] ============================================================
2026-05-15 10:02:53,515 [INFO] Signal filtered (high-odds lay): Top 8 Finish @ 6.00 odds (cap: 4.0)
2026-05-15 10:02:53,518 [WARNING] CONSECUTIVE LOSSES: 3
2026-05-15 10:02:53,519 [WARNING] Consecutive loss alert: 3 in a row
2026-05-15 10:02:54,728 [INFO] Telegram notification sent
2026-05-15 10:02:54,768 [INFO] Dashboard data written: /home/jwfalc/smarkets-bot/dashboard/dashboard_data.json
2026-05-15 10:02:54,848 [INFO] Period logs updated: 2026-05-15, 2026-W20, 2026-05, 2026-Q2
2026-05-15 10:02:54,849 [INFO] Run log: [2026-05-15 09:02 UTC] status=signal | platforms=betfair,matchbook | markets=623 | signals=12 | alerts=0 | movements=10 | consec_losses=3
2026-05-15 10:02:54,850 [INFO] Digest complete
Traceback (most recent call last):
  File "/home/jwfalc/smarkets-bot/scripts/paper_tracker.py", line 630, in <module>
    log_paper_trades()
    ~~~~~~~~~~~~~~~~^^
  File "/home/jwfalc/smarkets-bot/scripts/paper_tracker.py", line 156, in log_paper_trades
    high_odds_cap, high_odds_min_edge,
                   ^^^^^^^^^^^^^^^^^^
NameError: name 'high_odds_min_edge' is not defined
Distribution log updated: 10 new entries added
Total entries: 592
  7-9pp: 163 total, 27 resolved
  10-11pp: 68 total, 37 resolved
  12pp+: 361 total, 171 resolved

REVIEW DUE: 7-9pp band has 27 resolved entries (threshold: 12)
  Run: python distribution_logger.py report
  Then run: prompts/prompt_review_v1.md

REVIEW DUE: 7-9pp band has 27 resolved entries (threshold: 12)
  Run: python distribution_logger.py report
  Then run: prompts/prompt_review_v1.md
EXIT_CODE:0
Sent
2026-05-15 10:03:00,365 [STATIC-DASH] Building dashboard data…
2026-05-15 10:03:01,923 [STATIC-DASH] Data collected: 99 trades, 76 signals, 623 markets
2026-05-15 10:03:02,151 [STATIC-DASH] Written: /home/jwfalc/smarkets-dashboard/index.html (2375KB)
2026-05-15 10:03:02 [DEPLOY] Starting dashboard deploy...
WARNING: could not find injection point in HTML
HTML written OK
2026-05-15 10:03:02 [DEPLOY] Static HTML built
[main 2a53078] Deploy: 2026-05-15 10:03 UTC
 1 file changed, 1 insertion(+), 1 deletion(-)
To https://github.com/jwfalc-coder/smarkets-dashboard.git
   3782c2c..2a53078  main -> main
2026-05-15 10:03:02 [DEPLOY] Deploy complete: Deploy: 2026-05-15 10:03 UTC
