Sent
2026-06-13 06:00:02,963 [INFO] ============================================================
2026-06-13 06:00:02,964 [INFO] SCANNER RUN STARTED - BETFAIR
2026-06-13 06:00:02,964 [INFO] ============================================================
2026-06-13 06:00:03,359 [INFO] Cached Betfair session too old, re-logging in
2026-06-13 06:00:03,359 [INFO] Betfair login attempt 1/3
2026-06-13 06:00:03,501 [INFO] Betfair login successful
2026-06-13 06:00:03,651 [INFO] Catalogue: 100 markets for sport ID 1
2026-06-13 06:00:03,767 [INFO] Catalogue: 100 markets for sport ID 2
2026-06-13 06:00:03,895 [INFO] Catalogue: 100 markets for sport ID 7
2026-06-13 06:00:04,008 [INFO] Catalogue: 100 markets for sport ID 4
2026-06-13 06:00:04,086 [INFO] Catalogue: 0 markets for sport ID 2378961
2026-06-13 06:00:04,175 [INFO] Catalogue: 29 markets for sport ID 3
2026-06-13 06:00:04,351 [INFO] Catalogue: 65 markets for sport ID 7522
2026-06-13 06:00:04,462 [INFO] Catalogue: 6 markets for sport ID 6423
2026-06-13 06:00:04,462 [INFO] Betfair: fetching prices for 500 markets...
2026-06-13 06:00:08,528 [INFO] Betfair: enriching 500 markets with price data...
2026-06-13 06:00:08,535 [INFO] Betfair: enriched 50/500 markets, 4 tradeable so far
2026-06-13 06:00:08,544 [INFO] Betfair: enriched 100/500 markets, 7 tradeable so far
2026-06-13 06:00:08,548 [INFO] Betfair: enriched 150/500 markets, 11 tradeable so far
2026-06-13 06:00:08,551 [INFO] Betfair: enriched 200/500 markets, 11 tradeable so far
2026-06-13 06:00:08,563 [INFO] Betfair: enriched 250/500 markets, 24 tradeable so far
2026-06-13 06:00:08,578 [INFO] Betfair: enriched 300/500 markets, 33 tradeable so far
2026-06-13 06:00:08,582 [INFO] Betfair: enriched 350/500 markets, 44 tradeable so far
2026-06-13 06:00:08,586 [INFO] Betfair: enriched 400/500 markets, 50 tradeable so far
2026-06-13 06:00:08,659 [INFO] Betfair: enriched 450/500 markets, 73 tradeable so far
2026-06-13 06:00:08,716 [INFO] Betfair: enriched 500/500 markets, 81 tradeable so far
2026-06-13 06:00:08,717 [INFO] Betfair: 500 total markets, 81 above 100 GBP volume
2026-06-13 06:00:08,832 [INFO] Outrights: 20 markets for sport 1
2026-06-13 06:00:08,922 [INFO] Outrights: 11 markets for sport 3
2026-06-13 06:00:09,002 [INFO] Outrights: 1 markets for sport 2378961
2026-06-13 06:00:09,327 [INFO] Outrights: 30 markets above 25 GBP
2026-06-13 06:00:09,331 [INFO] Betfair: added 25 outright markets for cross-ref
2026-06-13 06:00:09,332 [INFO] betfair: 525 total, 106 above 100 GBP threshold
2026-06-13 06:00:09,529 [INFO] Snapshot written: /home/jwfalc/smarkets-bot/data/snapshots/betfair/2026-06-13_05-00.json
2026-06-13 06:00:09,635 [INFO] Market log updated (betfair)
2026-06-13 06:00:34,582 [INFO] Scanner complete for betfair. Snapshot: 2026-06-13_05-00.json
2026-06-13 06:00:34,888 [INFO] ============================================================
2026-06-13 06:00:34,888 [INFO] SCANNER RUN STARTED - MATCHBOOK
2026-06-13 06:00:34,888 [INFO] ============================================================
2026-06-13 06:00:35,230 [INFO] Matchbook login attempt 1/3
2026-06-13 06:00:35,398 [INFO] Matchbook login successful
2026-06-13 06:00:35,399 [INFO] Matchbook: fetching events with prices for 15 sports...
2026-06-13 06:00:35,510 [INFO] Matchbook: fetched page offset=0, 20 events (total so far: 20)
2026-06-13 06:00:35,763 [INFO] Matchbook: fetched page offset=20, 20 events (total so far: 40)
2026-06-13 06:00:35,997 [INFO] Matchbook: fetched page offset=40, 20 events (total so far: 60)
2026-06-13 06:00:36,286 [INFO] Matchbook: fetched page offset=60, 20 events (total so far: 80)
2026-06-13 06:00:36,578 [INFO] Matchbook: fetched page offset=80, 20 events (total so far: 100)
2026-06-13 06:00:36,874 [INFO] Matchbook: fetched page offset=100, 20 events (total so far: 120)
2026-06-13 06:00:37,176 [INFO] Matchbook: fetched page offset=120, 20 events (total so far: 140)
2026-06-13 06:00:37,500 [INFO] Matchbook: fetched page offset=140, 20 events (total so far: 160)
2026-06-13 06:00:37,828 [INFO] Matchbook: fetched page offset=160, 20 events (total so far: 180)
2026-06-13 06:00:38,161 [INFO] Matchbook: fetched page offset=180, 20 events (total so far: 200)
2026-06-13 06:00:38,425 [INFO] Matchbook: fetched page offset=200, 20 events (total so far: 220)
2026-06-13 06:00:38,651 [INFO] Matchbook: processing 220 events
2026-06-13 06:00:38,661 [INFO] Matchbook: processed 20/220 events, 236 markets so far
2026-06-13 06:00:38,665 [INFO] Matchbook: processed 40/220 events, 383 markets so far
2026-06-13 06:00:38,668 [INFO] Matchbook: processed 60/220 events, 435 markets so far
2026-06-13 06:00:38,680 [INFO] Matchbook: processed 80/220 events, 792 markets so far
2026-06-13 06:00:38,691 [INFO] Matchbook: processed 100/220 events, 1099 markets so far
2026-06-13 06:00:38,702 [INFO] Matchbook: processed 120/220 events, 1393 markets so far
2026-06-13 06:00:38,719 [INFO] Matchbook: processed 140/220 events, 1852 markets so far
2026-06-13 06:00:38,738 [INFO] Matchbook: processed 160/220 events, 2357 markets so far
2026-06-13 06:00:38,789 [INFO] Matchbook: processed 180/220 events, 2770 markets so far
2026-06-13 06:00:38,812 [INFO] Matchbook: processed 200/220 events, 3301 markets so far
2026-06-13 06:00:38,819 [INFO] Matchbook: processed 220/220 events, 3321 markets so far
2026-06-13 06:00:38,819 [INFO] Matchbook: 3322 total markets, 422 above 25 GBP volume
2026-06-13 06:00:38,856 [INFO] matchbook: 3322 total, 422 above 25 GBP threshold
2026-06-13 06:00:39,033 [INFO] Snapshot written: /home/jwfalc/smarkets-bot/data/snapshots/matchbook/2026-06-13_05-00.json
2026-06-13 06:00:39,127 [INFO] Market log updated (matchbook)
2026-06-13 06:01:04,851 [INFO] Scanner complete for matchbook. Snapshot: 2026-06-13_05-00.json
2026-06-13 06:01:05,496 [RESEARCHER] Prior index loaded: 22 known runners
2026-06-13 06:01:05,543 [RESEARCHER] betfair: skipped 14 outright markets with no start time (BUG-093)
2026-06-13 06:01:05,543 [RESEARCHER] betfair: 92 tradeable markets from 2026-06-13_05-00.json
2026-06-13 06:01:05,544 [RESEARCHER] Market selection: 1 politics + 6 outrights + 9 other sports = 16 total (platforms: ['betfair'])
2026-06-13 06:01:05,544 [RESEARCHER] [1/16] Makerfield - Restore Britain Vote Percentage
2026-06-13 06:01:10,959 [RESEARCHER] [2/16] Winner
2026-06-13 06:01:19,592 [RESEARCHER]   Prior history injected for Tommy Fleetwood
2026-06-13 06:01:19,593 [RESEARCHER] [3/16] Top 10 Finish
2026-06-13 06:01:21,584 [RESEARCHER]   Prior history injected for Tommy Fleetwood
2026-06-13 06:01:21,585 [RESEARCHER] [4/16] Top 20 Finish
2026-06-13 06:01:23,566 [RESEARCHER]   Prior history injected for Tommy Fleetwood
2026-06-13 06:01:23,566 [RESEARCHER] [5/16] Top 5 Finish
2026-06-13 06:01:25,552 [RESEARCHER]   Prior history injected for Tommy Fleetwood
2026-06-13 06:01:25,553 [RESEARCHER] [6/16] Winner
2026-06-13 06:01:33,806 [RESEARCHER] [7/16] Winner
2026-06-13 06:01:42,045 [RESEARCHER] [8/16] NBA Championship Winner
2026-06-13 06:01:48,886 [RESEARCHER]   Prior history injected for New York Knicks
2026-06-13 06:01:48,886 [RESEARCHER] [9/16] Match Odds
2026-06-13 06:01:56,386 [RESEARCHER] [10/16] Match Odds
2026-06-13 06:02:04,088 [RESEARCHER] [11/16] FIFA Golden Ball
2026-06-13 06:02:10,791 [RESEARCHER] [12/16] Moneyline
2026-06-13 06:02:17,777 [RESEARCHER]   Prior history injected for New York Knicks
2026-06-13 06:02:17,777 [RESEARCHER] [13/16] Match Odds
2026-06-13 06:02:25,109 [RESEARCHER] [14/16] R7 1600m Grp1
2026-06-13 06:02:29,749 [RESEARCHER] [15/16] Match Odds
2026-06-13 06:02:36,822 [RESEARCHER]   Prior history injected for Scotland W
2026-06-13 06:02:36,823 [RESEARCHER]   Prior history injected for Ireland W
2026-06-13 06:02:36,823 [RESEARCHER] [16/16] R8 2400m Qlty
2026-06-13 06:02:42,258 [RESEARCHER] Research brief written: 2026-06-13_05-02_brief.json
2026-06-13 06:02:42,258 [RESEARCHER] Markets: 16 | Errors: 0 | Credits used: 67
BRIEF_PATH:/home/jwfalc/smarkets-bot/data/research/2026-06-13_05-02_brief.json
2026-06-13 06:02:42,585 [ANALYZER] Loading research brief: 2026-06-13_05-02_brief.json
2026-06-13 06:02:42,767 [ANALYZER] Betfair cross-ref index: 2844 runners
2026-06-13 06:02:42,967 [ANALYZER] Analyzed 16 markets
2026-06-13 06:02:42,967 [ANALYZER] Found 4 signals (10pp+)
2026-06-13 06:02:42,967 [ANALYZER] Logged 22 distribution entries (7pp+)
2026-06-13 06:02:42,983 [ANALYZER] Research output written: 2026-06-13_05-02_research.json
2026-06-13 06:02:42,986 [ANALYZER] Appended 76 edge traces to edge_traces.json
RESEARCH_PATH:/home/jwfalc/smarkets-bot/data/research/2026-06-13_05-02_research.json
2026-06-13 06:02:43,547 [RESOLVE] Found 15 open trade(s) to check (paper_mode=True)
2026-06-13 06:02:43,616 [RESOLVE] Using cached Betfair session token
2026-06-13 06:02:43,616 [RESOLVE] Betfair: checking 12 open-trade markets
2026-06-13 06:02:56,288 [RESOLVE] Snapshot name lookup: found mappings for 12 markets
2026-06-13 06:02:56,419 [RESOLVE] Betfair settled: market=1.259085445 winner=Golden State Valkyries (75136141)
2026-06-13 06:02:56,497 [RESOLVE] Settled markets found: 1
2026-06-13 06:02:56,618 [RESOLVE]   [betfair] Moneyline | WIN | P&L: +1.94 | Selection: Golden State Valkyries | Winner(s): Golden State Valkyries
2026-06-13 06:02:56,618 [RESOLVE] Resolution alert: Moneyline pnl=+1.94
2026-06-13 06:02:56,762 [RESOLVE] Telegram notification sent
2026-06-13 06:02:56,776 [RESOLVE] Auto-resolved 1 trade(s). Running P&L: +21.31 | W/L: 19/7 | ROI: 13.02%
2026-06-13 06:02:57,395 [INFO] ============================================================
2026-06-13 06:02:57,395 [INFO] DIGEST RUN STARTED
2026-06-13 06:02:57,395 [INFO] ============================================================
2026-06-13 06:03:01,542 [INFO] Slip dedup: skipping New York Knicks (BACK) — already open
2026-06-13 06:03:01,542 [INFO] Slip dedup: skipping New York Knicks (BACK) — already open
2026-06-13 06:03:01,542 [INFO] Slip dedup: skipping Sam Burns (BACK) — already open
2026-06-13 06:03:01,548 [INFO] Sending batch slip: 1 signals
2026-06-13 06:03:01,692 [INFO] Telegram notification sent
2026-06-13 06:03:01,693 [INFO] Sent 4 Telegram signal alerts
2026-06-13 06:03:01,714 [INFO] Dashboard data written: /home/jwfalc/smarkets-bot/dashboard/dashboard_data.json
2026-06-13 06:03:01,780 [INFO] Period logs updated: 2026-06-13, 2026-W24, 2026-06, 2026-Q2
2026-06-13 06:03:01,780 [INFO] Run log: [2026-06-13 05:02 UTC] status=signal | platforms=betfair,matchbook | markets=528 | signals=4 | alerts=4 | movements=10 | consec_losses=0
2026-06-13 06:03:01,781 [INFO] Digest complete
Kelly balance: £73.07 | Reserved: £86.63 | Available: £-13.56
Skipping (correlated exposure in same market): Top 10 Finish BACK Sam Burns
Skipping (already open): Top 20 Finish BACK
Skipping (already open): NBA Championship Winner BACK
Skipping (already open): Moneyline BACK
No new paper trades to log
Distribution log updated: 21 new entries added
Total entries: 1145
  near_certainty: 11 total, 9 resolved
  high_prob: 36 total, 20 resolved
  7-9pp: 346 total, 109 resolved
  10-11pp: 183 total, 62 resolved
  12pp+: 569 total, 410 resolved

REVIEW DUE: 7-9pp band has 109 resolved entries (threshold: 12)
  Run: python distribution_logger.py report
  Then run: prompts/prompt_review_v1.md

REVIEW DUE: 7-9pp band has 109 resolved entries (threshold: 12)
  Run: python distribution_logger.py report
  Then run: prompts/prompt_review_v1.md
EXIT_CODE:0
Sent
2026-06-13 06:03:04,861 [STATIC-DASH] Building dashboard data…
2026-06-13 06:03:06,215 [STATIC-DASH] Data collected: 40 trades, 51 signals, 528 markets
2026-06-13 06:03:06,432 [STATIC-DASH] Written: /home/jwfalc/smarkets-dashboard/index.html (2697KB)
2026-06-13 06:03:06,440 [STATIC-DASH] Copied PWA asset: manifest.json
2026-06-13 06:03:06,442 [STATIC-DASH] Copied PWA asset: apple-touch-icon.png
2026-06-13 06:03:06,444 [STATIC-DASH] Copied PWA asset: icon-192.png
2026-06-13 06:03:06,446 [STATIC-DASH] Copied PWA asset: icon-512.png
2026-06-13 06:03:06 [DEPLOY] Starting dashboard deploy...
WARNING: could not find injection point in HTML
HTML written OK
2026-06-13 06:03:06 [DEPLOY] Static HTML built
[main 5ce5c0b] Deploy: 2026-06-13 06:03 UTC
 1 file changed, 1 insertion(+), 1 deletion(-)
To https://github.com/jwfalc-coder/smarkets-dashboard.git
   3efed10..5ce5c0b  main -> main
2026-06-13 06:03:06 [DEPLOY] Deploy complete: Deploy: 2026-06-13 06:03 UTC
[main ec8d5db] log: routine_2026-06-13_0600
 1 file changed, 172 insertions(+)
 create mode 100644 data/routine_logs/routine_2026-06-13_0600.log
From https://github.com/jwfalc-coder/betting-auditor
 * branch            main       -> FETCH_HEAD
Current branch main is up to date.
To https://github.com/jwfalc-coder/betting-auditor.git
   2c4f4bf..ec8d5db  main -> main
