Sent
2026-05-12 10:00:02,340 [INFO] ============================================================
2026-05-12 10:00:02,341 [INFO] SCANNER RUN STARTED - BETFAIR
2026-05-12 10:00:02,341 [INFO] ============================================================
2026-05-12 10:00:02,742 [INFO] Cached Betfair session too old, re-logging in
2026-05-12 10:00:02,742 [INFO] Betfair login attempt 1/3
2026-05-12 10:00:02,901 [INFO] Betfair login successful
2026-05-12 10:00:03,072 [INFO] Catalogue: 100 markets for sport ID 1
2026-05-12 10:00:03,204 [INFO] Catalogue: 100 markets for sport ID 2
2026-05-12 10:00:03,337 [INFO] Catalogue: 100 markets for sport ID 7
2026-05-12 10:00:03,462 [INFO] Catalogue: 100 markets for sport ID 4
2026-05-12 10:00:03,550 [INFO] Catalogue: 3 markets for sport ID 2378961
2026-05-12 10:00:03,624 [INFO] Catalogue: 0 markets for sport ID 3
2026-05-12 10:00:03,864 [INFO] Catalogue: 100 markets for sport ID 7522
2026-05-12 10:00:03,953 [INFO] Catalogue: 0 markets for sport ID 6423
2026-05-12 10:00:03,953 [INFO] Betfair: fetching prices for 503 markets...
2026-05-12 10:00:08,448 [INFO] Betfair: enriching 503 markets with price data...
2026-05-12 10:00:08,455 [INFO] Betfair: enriched 50/503 markets, 24 tradeable so far
2026-05-12 10:00:08,463 [INFO] Betfair: enriched 100/503 markets, 46 tradeable so far
2026-05-12 10:00:08,465 [INFO] Betfair: enriched 150/503 markets, 48 tradeable so far
2026-05-12 10:00:08,467 [INFO] Betfair: enriched 200/503 markets, 49 tradeable so far
2026-05-12 10:00:08,476 [INFO] Betfair: enriched 250/503 markets, 53 tradeable so far
2026-05-12 10:00:08,485 [INFO] Betfair: enriched 300/503 markets, 68 tradeable so far
2026-05-12 10:00:08,489 [INFO] Betfair: enriched 350/503 markets, 80 tradeable so far
2026-05-12 10:00:08,493 [INFO] Betfair: enriched 400/503 markets, 80 tradeable so far
2026-05-12 10:00:08,578 [INFO] Betfair: enriched 450/503 markets, 91 tradeable so far
2026-05-12 10:00:08,627 [INFO] Betfair: enriched 500/503 markets, 99 tradeable so far
2026-05-12 10:00:08,629 [INFO] Betfair: enriched 503/503 markets, 99 tradeable so far
2026-05-12 10:00:08,630 [INFO] Betfair: 503 total markets, 99 above 100 GBP volume
2026-05-12 10:00:08,654 [INFO] betfair: 503 total, 99 above 100 GBP threshold
2026-05-12 10:00:08,831 [INFO] Snapshot written: /home/jwfalc/smarkets-bot/data/snapshots/betfair/2026-05-12_09-00.json
2026-05-12 10:00:08,911 [INFO] Market log updated (betfair)
2026-05-12 10:00:39,669 [INFO] Scanner complete for betfair. Snapshot: 2026-05-12_09-00.json
2026-05-12 10:00:40,113 [INFO] ============================================================
2026-05-12 10:00:40,114 [INFO] SCANNER RUN STARTED - MATCHBOOK
2026-05-12 10:00:40,115 [INFO] ============================================================
2026-05-12 10:00:40,585 [INFO] Using cached Matchbook session token
2026-05-12 10:00:40,585 [INFO] Matchbook: fetching events with prices for 15 sports...
2026-05-12 10:00:40,715 [INFO] Matchbook: fetched page offset=0, 20 events (total so far: 20)
2026-05-12 10:00:40,983 [INFO] Matchbook: fetched page offset=20, 20 events (total so far: 40)
2026-05-12 10:00:41,225 [INFO] Matchbook: fetched page offset=40, 20 events (total so far: 60)
2026-05-12 10:00:41,504 [INFO] Matchbook: fetched page offset=60, 20 events (total so far: 80)
2026-05-12 10:00:41,823 [INFO] Matchbook: fetched page offset=80, 20 events (total so far: 100)
2026-05-12 10:00:42,161 [INFO] Matchbook: fetched page offset=100, 20 events (total so far: 120)
2026-05-12 10:00:42,523 [INFO] Matchbook: fetched page offset=120, 20 events (total so far: 140)
2026-05-12 10:00:42,873 [INFO] Matchbook: fetched page offset=140, 20 events (total so far: 160)
2026-05-12 10:00:43,171 [INFO] Matchbook: fetched page offset=160, 20 events (total so far: 180)
2026-05-12 10:00:43,555 [INFO] Matchbook: fetched page offset=180, 20 events (total so far: 200)
2026-05-12 10:00:43,887 [INFO] Matchbook: fetched page offset=200, 20 events (total so far: 220)
2026-05-12 10:00:44,160 [INFO] Matchbook: fetched page offset=220, 20 events (total so far: 240)
2026-05-12 10:00:44,500 [INFO] Matchbook: fetched page offset=240, 20 events (total so far: 260)
2026-05-12 10:00:44,861 [INFO] Matchbook: fetched page offset=260, 20 events (total so far: 280)
2026-05-12 10:00:45,189 [INFO] Matchbook: fetched page offset=280, 20 events (total so far: 300)
2026-05-12 10:00:45,429 [INFO] Matchbook: fetched page offset=300, 20 events (total so far: 320)
2026-05-12 10:00:45,661 [INFO] Matchbook: fetched page offset=320, 5 events (total so far: 325)
2026-05-12 10:00:45,662 [INFO] Matchbook: processing 325 events
2026-05-12 10:00:45,669 [INFO] Matchbook: processed 20/325 events, 81 markets so far
2026-05-12 10:00:45,675 [INFO] Matchbook: processed 40/325 events, 225 markets so far
2026-05-12 10:00:45,678 [INFO] Matchbook: processed 60/325 events, 302 markets so far
2026-05-12 10:00:45,686 [INFO] Matchbook: processed 80/325 events, 480 markets so far
2026-05-12 10:00:45,808 [INFO] Matchbook: processed 100/325 events, 842 markets so far
2026-05-12 10:00:45,830 [INFO] Matchbook: processed 120/325 events, 1332 markets so far
2026-05-12 10:00:45,855 [INFO] Matchbook: processed 140/325 events, 1897 markets so far
2026-05-12 10:00:45,880 [INFO] Matchbook: processed 160/325 events, 2492 markets so far
2026-05-12 10:00:45,896 [INFO] Matchbook: processed 180/325 events, 2899 markets so far
2026-05-12 10:00:45,931 [INFO] Matchbook: processed 200/325 events, 3663 markets so far
2026-05-12 10:00:45,956 [INFO] Matchbook: processed 220/325 events, 4323 markets so far
2026-05-12 10:00:45,966 [INFO] Matchbook: processed 240/325 events, 4454 markets so far
2026-05-12 10:00:45,995 [INFO] Matchbook: processed 260/325 events, 5150 markets so far
2026-05-12 10:00:46,036 [INFO] Matchbook: processed 280/325 events, 5860 markets so far
2026-05-12 10:00:46,063 [INFO] Matchbook: processed 300/325 events, 6515 markets so far
2026-05-12 10:00:46,066 [INFO] Matchbook: processed 320/325 events, 6535 markets so far
2026-05-12 10:00:46,068 [INFO] Matchbook: processed 325/325 events, 6540 markets so far
2026-05-12 10:00:46,069 [INFO] Matchbook: 6541 total markets, 433 above 25 GBP volume
2026-05-12 10:00:46,147 [INFO] matchbook: 6541 total, 433 above 25 GBP threshold
2026-05-12 10:00:46,327 [INFO] Snapshot written: /home/jwfalc/smarkets-bot/data/snapshots/matchbook/2026-05-12_09-00.json
2026-05-12 10:00:46,416 [INFO] Market log updated (matchbook)
2026-05-12 10:01:19,758 [INFO] Scanner complete for matchbook. Snapshot: 2026-05-12_09-00.json
2026-05-12 10:01:20,736 [RESEARCHER] matchbook: 274 tradeable markets from 2026-05-12_09-00.json
2026-05-12 10:01:20,738 [RESEARCHER] Market selection: 0 politics/current-affairs + 15 matchbook-sports + 0 betfair-sports = 15 total
2026-05-12 10:01:20,738 [RESEARCHER] [1/15] Winner
2026-05-12 10:01:24,168 [RESEARCHER] [2/15] Winner
2026-05-12 10:01:27,835 [RESEARCHER] [3/15] Winner
2026-05-12 10:01:31,072 [RESEARCHER] [4/15] To Be Relegated
2026-05-12 10:01:34,550 [RESEARCHER] [5/15] Winner
2026-05-12 10:01:37,702 [RESEARCHER] [6/15] Match Odds
2026-05-12 10:01:40,959 [RESEARCHER] [7/15] Top 4 Finish
2026-05-12 10:01:44,634 [RESEARCHER] [8/15] Winner
2026-05-12 10:01:48,280 [RESEARCHER] [9/15] Top 6 Finish
2026-05-12 10:01:52,153 [RESEARCHER] [10/15] Match Odds
2026-05-12 10:01:55,433 [RESEARCHER] [11/15] Match Odds
2026-05-12 10:01:59,038 [RESEARCHER] [12/15] Correct Score
2026-05-12 10:02:03,272 [RESEARCHER] [13/15] Match Odds
2026-05-12 10:02:06,689 [RESEARCHER] [14/15] Moneyline
2026-05-12 10:02:09,687 [RESEARCHER] [15/15] Match Odds
2026-05-12 10:02:13,309 [RESEARCHER] Research brief written: 2026-05-12_09-02_brief.json
2026-05-12 10:02:13,309 [RESEARCHER] Markets: 15 | Errors: 0 | Credits used: 30
BRIEF_PATH:/home/jwfalc/smarkets-bot/data/research/2026-05-12_09-02_brief.json
2026-05-12 10:02:13,689 [ANALYZER] Loading research brief: 2026-05-12_09-02_brief.json
2026-05-12 10:02:13,768 [ANALYZER] Analyzed 15 markets
2026-05-12 10:02:13,768 [ANALYZER] Found 7 signals (10pp+)
2026-05-12 10:02:13,768 [ANALYZER] Logged 13 distribution entries (7pp+)
2026-05-12 10:02:13,783 [ANALYZER] Research output written: 2026-05-12_09-02_research.json
RESEARCH_PATH:/home/jwfalc/smarkets-bot/data/research/2026-05-12_09-02_research.json
2026-05-12 10:02:14,546 [RESOLVE] Found 20 open trade(s) to check (paper_mode=True)
2026-05-12 10:02:14,554 [RESOLVE] Using cached Matchbook session token
2026-05-12 10:02:14,554 [RESOLVE] Matchbook: checking 5 open-trade markets against settled events
/home/jwfalc/smarkets-bot/scripts/check_resolutions.py:305: DeprecationWarning: datetime.datetime.utcnow() is deprecated and scheduled for removal in a future version. Use timezone-aware objects to represent datetimes in UTC: datetime.datetime.now(datetime.UTC).
  cutoff = datetime.datetime.utcnow() - datetime.timedelta(days=30)
2026-05-12 10:02:23,541 [RESOLVE] Settled markets found: 0
2026-05-12 10:02:23,542 [RESOLVE] No open-trade markets have settled yet.
2026-05-12 10:02:24,389 [INFO] ============================================================
2026-05-12 10:02:24,390 [INFO] DIGEST RUN STARTED
2026-05-12 10:02:24,390 [INFO] ============================================================
2026-05-12 10:02:29,797 [INFO] Dashboard data written: /home/jwfalc/smarkets-bot/dashboard/dashboard_data.json
2026-05-12 10:02:29,853 [INFO] Period logs updated: 2026-05-12, 2026-W20, 2026-05, 2026-Q2
2026-05-12 10:02:29,854 [INFO] Run log: [2026-05-12 09:02 UTC] status=signal | platforms=betfair,matchbook | markets=532 | signals=7 | alerts=0 | movements=10 | consec_losses=0
2026-05-12 10:02:29,854 [INFO] Digest complete
Balance: £159.18 | Reserved: £158.46 | Available: £0.72
Skipping (insufficient balance): Winner needs £5.00, only £0.72 available
Skipping (insufficient balance): Top 6 Finish needs £4.65, only £0.72 available
Skipping (insufficient balance): Top 6 Finish needs £6.60, only £0.72 available
Skipping (insufficient balance): Moneyline needs £5.00, only £0.72 available
Skipping (insufficient balance): Moneyline needs £5.00, only £0.72 available
Skipping (insufficient balance): Match Odds needs £5.00, only £0.72 available
No new paper trades to log
Distribution log updated: 5 new entries added
Total entries: 495
  7-9pp: 117 total, 18 resolved
  10-11pp: 61 total, 37 resolved
  12pp+: 317 total, 169 resolved

REVIEW DUE: 7-9pp band has 18 resolved entries (threshold: 12)
  Run: python distribution_logger.py report
  Then run: prompts/prompt_review_v1.md

REVIEW DUE: 7-9pp band has 18 resolved entries (threshold: 12)
  Run: python distribution_logger.py report
  Then run: prompts/prompt_review_v1.md
EXIT_CODE:0
Sent
2026-05-12 10:02:33 [DEPLOY] Starting dashboard deploy...
HTML written OK
2026-05-12 10:02:33 [DEPLOY] Static HTML built
[main 397c698] Deploy: 2026-05-12 10:02 UTC
 1 file changed, 1 insertion(+), 1 deletion(-)
To https://github.com/jwfalc-coder/smarkets-dashboard.git
   b316693..397c698  main -> main
2026-05-12 10:02:33 [DEPLOY] Deploy complete: Deploy: 2026-05-12 10:02 UTC
