Sent
2026-05-11 23:00:02,439 [INFO] ============================================================
2026-05-11 23:00:02,439 [INFO] SCANNER RUN STARTED - BETFAIR
2026-05-11 23:00:02,439 [INFO] ============================================================
2026-05-11 23:00:02,847 [INFO] Cached Betfair session too old, re-logging in
2026-05-11 23:00:02,847 [INFO] Betfair login attempt 1/3
2026-05-11 23:00:03,014 [INFO] Betfair login successful
2026-05-11 23:00:03,162 [INFO] Catalogue: 100 markets for sport ID 1
2026-05-11 23:00:03,281 [INFO] Catalogue: 100 markets for sport ID 2
2026-05-11 23:00:03,414 [INFO] Catalogue: 100 markets for sport ID 7
2026-05-11 23:00:03,531 [INFO] Catalogue: 100 markets for sport ID 4
2026-05-11 23:00:03,623 [INFO] Catalogue: 3 markets for sport ID 2378961
2026-05-11 23:00:03,697 [INFO] Catalogue: 0 markets for sport ID 3
2026-05-11 23:00:03,915 [INFO] Catalogue: 100 markets for sport ID 7522
2026-05-11 23:00:03,997 [INFO] Catalogue: 0 markets for sport ID 6423
2026-05-11 23:00:03,998 [INFO] Betfair: fetching prices for 503 markets...
2026-05-11 23:00:08,372 [INFO] Betfair: enriching 503 markets with price data...
2026-05-11 23:00:08,382 [INFO] Betfair: enriched 50/503 markets, 18 tradeable so far
2026-05-11 23:00:08,390 [INFO] Betfair: enriched 100/503 markets, 38 tradeable so far
2026-05-11 23:00:08,392 [INFO] Betfair: enriched 150/503 markets, 38 tradeable so far
2026-05-11 23:00:08,394 [INFO] Betfair: enriched 200/503 markets, 38 tradeable so far
2026-05-11 23:00:08,437 [INFO] Betfair: enriched 250/503 markets, 40 tradeable so far
2026-05-11 23:00:08,443 [INFO] Betfair: enriched 300/503 markets, 48 tradeable so far
2026-05-11 23:00:08,445 [INFO] Betfair: enriched 350/503 markets, 61 tradeable so far
2026-05-11 23:00:08,448 [INFO] Betfair: enriched 400/503 markets, 66 tradeable so far
2026-05-11 23:00:08,490 [INFO] Betfair: enriched 450/503 markets, 78 tradeable so far
2026-05-11 23:00:08,537 [INFO] Betfair: enriched 500/503 markets, 84 tradeable so far
2026-05-11 23:00:08,540 [INFO] Betfair: enriched 503/503 markets, 84 tradeable so far
2026-05-11 23:00:08,540 [INFO] Betfair: 503 total markets, 84 above 100 GBP volume
2026-05-11 23:00:08,565 [INFO] betfair: 503 total, 84 above 100 GBP threshold
2026-05-11 23:00:08,738 [INFO] Snapshot written: /home/jwfalc/smarkets-bot/data/snapshots/betfair/2026-05-11_22-00.json
2026-05-11 23:00:08,828 [INFO] Market log updated (betfair)
2026-05-11 23:00:39,369 [INFO] Scanner complete for betfair. Snapshot: 2026-05-11_22-00.json
2026-05-11 23:00:39,846 [INFO] ============================================================
2026-05-11 23:00:39,846 [INFO] SCANNER RUN STARTED - MATCHBOOK
2026-05-11 23:00:39,847 [INFO] ============================================================
2026-05-11 23:00:40,327 [INFO] Using cached Matchbook session token
2026-05-11 23:00:40,327 [INFO] Matchbook: fetching events with prices for 15 sports...
2026-05-11 23:00:40,547 [INFO] Matchbook: fetched page offset=0, 20 events (total so far: 20)
2026-05-11 23:00:40,809 [INFO] Matchbook: fetched page offset=20, 20 events (total so far: 40)
2026-05-11 23:00:41,057 [INFO] Matchbook: fetched page offset=40, 20 events (total so far: 60)
2026-05-11 23:00:41,298 [INFO] Matchbook: fetched page offset=60, 20 events (total so far: 80)
2026-05-11 23:00:41,537 [INFO] Matchbook: fetched page offset=80, 20 events (total so far: 100)
2026-05-11 23:00:41,865 [INFO] Matchbook: fetched page offset=100, 20 events (total so far: 120)
2026-05-11 23:00:42,195 [INFO] Matchbook: fetched page offset=120, 20 events (total so far: 140)
2026-05-11 23:00:42,485 [INFO] Matchbook: fetched page offset=140, 20 events (total so far: 160)
2026-05-11 23:00:42,883 [INFO] Matchbook: fetched page offset=160, 20 events (total so far: 180)
2026-05-11 23:00:43,160 [INFO] Matchbook: fetched page offset=180, 20 events (total so far: 200)
2026-05-11 23:00:43,512 [INFO] Matchbook: fetched page offset=200, 20 events (total so far: 220)
2026-05-11 23:00:43,848 [INFO] Matchbook: fetched page offset=220, 20 events (total so far: 240)
2026-05-11 23:00:44,184 [INFO] Matchbook: fetched page offset=240, 20 events (total so far: 260)
2026-05-11 23:00:44,425 [INFO] Matchbook: fetched page offset=260, 20 events (total so far: 280)
2026-05-11 23:00:44,660 [INFO] Matchbook: fetched page offset=280, 6 events (total so far: 286)
2026-05-11 23:00:44,660 [INFO] Matchbook: processing 286 events
2026-05-11 23:00:44,682 [INFO] Matchbook: processed 20/286 events, 516 markets so far
2026-05-11 23:00:44,688 [INFO] Matchbook: processed 40/286 events, 644 markets so far
2026-05-11 23:00:44,692 [INFO] Matchbook: processed 60/286 events, 731 markets so far
2026-05-11 23:00:44,696 [INFO] Matchbook: processed 80/286 events, 838 markets so far
2026-05-11 23:00:44,698 [INFO] Matchbook: processed 100/286 events, 910 markets so far
2026-05-11 23:00:44,712 [INFO] Matchbook: processed 120/286 events, 1250 markets so far
2026-05-11 23:00:44,732 [INFO] Matchbook: processed 140/286 events, 1767 markets so far
2026-05-11 23:00:44,831 [INFO] Matchbook: processed 160/286 events, 2208 markets so far
2026-05-11 23:00:44,864 [INFO] Matchbook: processed 180/286 events, 2913 markets so far
2026-05-11 23:00:44,873 [INFO] Matchbook: processed 200/286 events, 3036 markets so far
2026-05-11 23:00:44,901 [INFO] Matchbook: processed 220/286 events, 3719 markets so far
2026-05-11 23:00:44,932 [INFO] Matchbook: processed 240/286 events, 4427 markets so far
2026-05-11 23:00:44,961 [INFO] Matchbook: processed 260/286 events, 5118 markets so far
2026-05-11 23:00:44,963 [INFO] Matchbook: processed 280/286 events, 5138 markets so far
2026-05-11 23:00:44,964 [INFO] Matchbook: processed 286/286 events, 5144 markets so far
2026-05-11 23:00:44,964 [INFO] Matchbook: 5145 total markets, 356 above 25 GBP volume
2026-05-11 23:00:45,023 [INFO] matchbook: 5145 total, 356 above 25 GBP threshold
2026-05-11 23:00:45,169 [INFO] Snapshot written: /home/jwfalc/smarkets-bot/data/snapshots/matchbook/2026-05-11_22-00.json
2026-05-11 23:00:45,243 [INFO] Market log updated (matchbook)
2026-05-11 23:01:16,954 [INFO] Scanner complete for matchbook. Snapshot: 2026-05-11_22-00.json
2026-05-11 23:01:17,932 [RESEARCHER] matchbook: 219 tradeable markets from 2026-05-11_22-00.json
2026-05-11 23:01:17,934 [RESEARCHER] Market selection: 0 politics/current-affairs + 15 matchbook-sports + 0 betfair-sports = 15 total
2026-05-11 23:01:17,934 [RESEARCHER] [1/15] Winner
2026-05-11 23:01:22,279 [RESEARCHER] [2/15] Winner
2026-05-11 23:01:25,855 [RESEARCHER] [3/15] Winner
2026-05-11 23:01:30,625 [RESEARCHER] [4/15] To Be Relegated
2026-05-11 23:01:34,427 [RESEARCHER] [5/15] Winner
2026-05-11 23:01:38,674 [RESEARCHER] [6/15] Match Odds
2026-05-11 23:01:42,210 [RESEARCHER] [7/15] Top 4 Finish
2026-05-11 23:01:45,964 [RESEARCHER] [8/15] Winner
2026-05-11 23:01:49,742 [RESEARCHER] [9/15] Top 6 Finish
2026-05-11 23:01:53,489 [RESEARCHER] [10/15] Correct Score
2026-05-11 23:01:57,151 [RESEARCHER] [11/15] Match Odds
2026-05-11 23:02:01,224 [RESEARCHER] [12/15] Match Odds
2026-05-11 23:02:05,895 [RESEARCHER] [13/15] Match Odds
2026-05-11 23:02:09,916 [RESEARCHER] [14/15] Winner
2026-05-11 23:02:13,193 [RESEARCHER] [15/15] Match Odds
2026-05-11 23:02:16,980 [RESEARCHER] Research brief written: 2026-05-11_22-02_brief.json
2026-05-11 23:02:16,980 [RESEARCHER] Markets: 15 | Errors: 0 | Credits used: 30
BRIEF_PATH:/home/jwfalc/smarkets-bot/data/research/2026-05-11_22-02_brief.json
2026-05-11 23:02:17,363 [ANALYZER] Loading research brief: 2026-05-11_22-02_brief.json
2026-05-11 23:02:17,435 [ANALYZER] Analyzed 15 markets
2026-05-11 23:02:17,436 [ANALYZER] Found 5 signals (10pp+)
2026-05-11 23:02:17,437 [ANALYZER] Logged 13 distribution entries (7pp+)
2026-05-11 23:02:17,451 [ANALYZER] Research output written: 2026-05-11_22-02_research.json
RESEARCH_PATH:/home/jwfalc/smarkets-bot/data/research/2026-05-11_22-02_research.json
2026-05-11 23:02:18,212 [RESOLVE] Found 18 open trade(s) to check (paper_mode=True)
2026-05-11 23:02:18,220 [RESOLVE] Using cached Matchbook session token
2026-05-11 23:02:18,221 [RESOLVE] Matchbook: checking 5 open-trade markets against settled events
/home/jwfalc/smarkets-bot/scripts/check_resolutions.py:305: DeprecationWarning: datetime.datetime.utcnow() is deprecated and scheduled for removal in a future version. Use timezone-aware objects to represent datetimes in UTC: datetime.datetime.now(datetime.UTC).
  cutoff = datetime.datetime.utcnow() - datetime.timedelta(days=30)
2026-05-11 23:02:26,630 [RESOLVE] Settled markets found: 0
2026-05-11 23:02:26,630 [RESOLVE] No open-trade markets have settled yet.
2026-05-11 23:02:27,481 [INFO] ============================================================
2026-05-11 23:02:27,482 [INFO] DIGEST RUN STARTED
2026-05-11 23:02:27,482 [INFO] ============================================================
2026-05-11 23:02:32,877 [INFO] Dashboard data written: /home/jwfalc/smarkets-bot/dashboard/dashboard_data.json
2026-05-11 23:02:32,932 [INFO] Period logs updated: 2026-05-11, 2026-W20, 2026-05, 2026-Q2
2026-05-11 23:02:32,933 [INFO] Run log: [2026-05-11 22:02 UTC] status=signal | platforms=betfair,matchbook | markets=440 | signals=5 | alerts=0 | movements=10 | consec_losses=0
2026-05-11 23:02:33,080 [INFO] Telegram notification sent
2026-05-11 23:02:33,081 [INFO] Digest complete
Balance: £159.18 | Reserved: £156.81 | Available: £2.37
Skipping (insufficient balance): Top 6 Finish needs £4.70, only £2.37 available
Skipping (insufficient balance): Match Odds needs £5.00, only £2.37 available
Skipping (insufficient balance): Match Odds needs £5.00, only £2.37 available
No new paper trades to log
Distribution log updated: 4 new entries added
Total entries: 477
  7-9pp: 107 total, 18 resolved
  10-11pp: 59 total, 37 resolved
  12pp+: 311 total, 169 resolved

REVIEW DUE: 7-9pp band has 18 resolved entries (threshold: 12)
  Run: python distribution_logger.py report
  Then run: prompts/prompt_review_v1.md

REVIEW DUE: 7-9pp band has 18 resolved entries (threshold: 12)
  Run: python distribution_logger.py report
  Then run: prompts/prompt_review_v1.md
EXIT_CODE:0
Sent
2026-05-11 23:02:36 [DEPLOY] Starting dashboard deploy...
HTML written OK
2026-05-11 23:02:36 [DEPLOY] Static HTML built
[main 5d0b988] Deploy: 2026-05-11 23:02 UTC
 1 file changed, 1 insertion(+), 1 deletion(-)
To https://github.com/jwfalc-coder/smarkets-dashboard.git
   131f887..5d0b988  main -> main
2026-05-11 23:02:36 [DEPLOY] Deploy complete: Deploy: 2026-05-11 23:02 UTC
