Sent
2026-05-27 18:00:02,167 [INFO] ============================================================
2026-05-27 18:00:02,168 [INFO] SCANNER RUN STARTED - BETFAIR
2026-05-27 18:00:02,168 [INFO] ============================================================
2026-05-27 18:00:02,566 [INFO] Cached Betfair session too old, re-logging in
2026-05-27 18:00:02,567 [INFO] Betfair login attempt 1/3
2026-05-27 18:00:02,721 [INFO] Betfair login successful
2026-05-27 18:00:02,872 [INFO] Catalogue: 100 markets for sport ID 1
2026-05-27 18:00:02,986 [INFO] Catalogue: 100 markets for sport ID 2
2026-05-27 18:00:03,107 [INFO] Catalogue: 100 markets for sport ID 7
2026-05-27 18:00:03,225 [INFO] Catalogue: 100 markets for sport ID 4
2026-05-27 18:00:03,299 [INFO] Catalogue: 0 markets for sport ID 2378961
2026-05-27 18:00:03,426 [INFO] Catalogue: 79 markets for sport ID 3
2026-05-27 18:00:03,663 [INFO] Catalogue: 100 markets for sport ID 7522
2026-05-27 18:00:03,744 [INFO] Catalogue: 0 markets for sport ID 6423
2026-05-27 18:00:03,744 [INFO] Betfair: fetching prices for 579 markets...
2026-05-27 18:00:08,829 [INFO] Betfair: enriching 579 markets with price data...
2026-05-27 18:00:08,837 [INFO] Betfair: enriched 50/579 markets, 2 tradeable so far
2026-05-27 18:00:08,848 [INFO] Betfair: enriched 100/579 markets, 6 tradeable so far
2026-05-27 18:00:08,851 [INFO] Betfair: enriched 150/579 markets, 9 tradeable so far
2026-05-27 18:00:08,856 [INFO] Betfair: enriched 200/579 markets, 13 tradeable so far
2026-05-27 18:00:08,866 [INFO] Betfair: enriched 250/579 markets, 39 tradeable so far
2026-05-27 18:00:08,876 [INFO] Betfair: enriched 300/579 markets, 58 tradeable so far
2026-05-27 18:00:08,881 [INFO] Betfair: enriched 350/579 markets, 68 tradeable so far
2026-05-27 18:00:08,885 [INFO] Betfair: enriched 400/579 markets, 70 tradeable so far
2026-05-27 18:00:08,942 [INFO] Betfair: enriched 450/579 markets, 95 tradeable so far
2026-05-27 18:00:08,979 [INFO] Betfair: enriched 500/579 markets, 120 tradeable so far
2026-05-27 18:00:09,044 [INFO] Betfair: enriched 550/579 markets, 141 tradeable so far
2026-05-27 18:00:09,073 [INFO] Betfair: enriched 579/579 markets, 144 tradeable so far
2026-05-27 18:00:09,074 [INFO] Betfair: 579 total markets, 145 above 100 GBP volume
2026-05-27 18:00:09,188 [INFO] Outrights: 21 markets for sport 1
2026-05-27 18:00:09,296 [INFO] Outrights: 16 markets for sport 3
2026-05-27 18:00:09,374 [INFO] Outrights: 0 markets for sport 2378961
2026-05-27 18:00:09,772 [INFO] Outrights: 32 markets above 25 GBP
2026-05-27 18:00:09,779 [INFO] Betfair: added 22 outright markets for cross-ref
2026-05-27 18:00:09,781 [INFO] betfair: 601 total, 167 above 100 GBP threshold
2026-05-27 18:00:10,245 [INFO] Snapshot written: /home/jwfalc/smarkets-bot/data/snapshots/betfair/2026-05-27_17-00.json
2026-05-27 18:00:10,485 [INFO] Market log updated (betfair)
2026-05-27 18:00:37,294 [INFO] Scanner complete for betfair. Snapshot: 2026-05-27_17-00.json
2026-05-27 18:00:37,613 [INFO] ============================================================
2026-05-27 18:00:37,613 [INFO] SCANNER RUN STARTED - MATCHBOOK
2026-05-27 18:00:37,613 [INFO] ============================================================
2026-05-27 18:00:37,952 [INFO] Matchbook login attempt 1/3
2026-05-27 18:00:38,114 [INFO] Matchbook login successful
2026-05-27 18:00:38,114 [INFO] Matchbook: fetching events with prices for 15 sports...
2026-05-27 18:00:38,222 [INFO] Matchbook: fetched page offset=0, 20 events (total so far: 20)
2026-05-27 18:00:38,522 [INFO] Matchbook: fetched page offset=20, 20 events (total so far: 40)
2026-05-27 18:00:38,890 [INFO] Matchbook: fetched page offset=40, 20 events (total so far: 60)
2026-05-27 18:00:39,292 [INFO] Matchbook: fetched page offset=60, 20 events (total so far: 80)
2026-05-27 18:00:39,531 [INFO] Matchbook: fetched page offset=80, 20 events (total so far: 100)
2026-05-27 18:00:39,796 [INFO] Matchbook: fetched page offset=100, 20 events (total so far: 120)
2026-05-27 18:00:40,054 [INFO] Matchbook: fetched page offset=120, 20 events (total so far: 140)
2026-05-27 18:00:40,318 [INFO] Matchbook: fetched page offset=140, 20 events (total so far: 160)
2026-05-27 18:00:40,545 [INFO] Matchbook: fetched page offset=160, 20 events (total so far: 180)
2026-05-27 18:00:40,794 [INFO] Matchbook: fetched page offset=180, 20 events (total so far: 200)
2026-05-27 18:00:41,088 [INFO] Matchbook: fetched page offset=200, 20 events (total so far: 220)
2026-05-27 18:00:41,414 [INFO] Matchbook: fetched page offset=220, 20 events (total so far: 240)
2026-05-27 18:00:41,661 [INFO] Matchbook: fetched page offset=240, 20 events (total so far: 260)
2026-05-27 18:00:41,899 [INFO] Matchbook: fetched page offset=260, 20 events (total so far: 280)
2026-05-27 18:00:42,127 [INFO] Matchbook: fetched page offset=280, 2 events (total so far: 282)
2026-05-27 18:00:42,127 [INFO] Matchbook: processing 282 events
2026-05-27 18:00:42,135 [INFO] Matchbook: processed 20/282 events, 251 markets so far
2026-05-27 18:00:42,150 [INFO] Matchbook: processed 40/282 events, 693 markets so far
2026-05-27 18:00:42,176 [INFO] Matchbook: processed 60/282 events, 1354 markets so far
2026-05-27 18:00:42,189 [INFO] Matchbook: processed 80/282 events, 1634 markets so far
2026-05-27 18:00:42,196 [INFO] Matchbook: processed 100/282 events, 1723 markets so far
2026-05-27 18:00:42,230 [INFO] Matchbook: processed 120/282 events, 1964 markets so far
2026-05-27 18:00:42,235 [INFO] Matchbook: processed 140/282 events, 2141 markets so far
2026-05-27 18:00:42,244 [INFO] Matchbook: processed 160/282 events, 2255 markets so far
2026-05-27 18:00:42,245 [INFO] Matchbook: processed 180/282 events, 2275 markets so far
2026-05-27 18:00:42,250 [INFO] Matchbook: processed 200/282 events, 2434 markets so far
2026-05-27 18:00:42,265 [INFO] Matchbook: processed 220/282 events, 2865 markets so far
2026-05-27 18:00:42,285 [INFO] Matchbook: processed 240/282 events, 3372 markets so far
2026-05-27 18:00:42,289 [INFO] Matchbook: processed 260/282 events, 3392 markets so far
2026-05-27 18:00:42,292 [INFO] Matchbook: processed 280/282 events, 3412 markets so far
2026-05-27 18:00:42,293 [INFO] Matchbook: processed 282/282 events, 3414 markets so far
2026-05-27 18:00:42,293 [INFO] Matchbook: 3415 total markets, 463 above 25 GBP volume
2026-05-27 18:00:42,330 [INFO] matchbook: 3415 total, 463 above 25 GBP threshold
2026-05-27 18:00:42,538 [INFO] Snapshot written: /home/jwfalc/smarkets-bot/data/snapshots/matchbook/2026-05-27_17-00.json
2026-05-27 18:00:42,648 [INFO] Market log updated (matchbook)
2026-05-27 18:01:08,744 [INFO] Scanner complete for matchbook. Snapshot: 2026-05-27_17-00.json
2026-05-27 18:01:09,436 [RESEARCHER] Prior index loaded: 83 known runners
2026-05-27 18:01:09,528 [RESEARCHER] betfair: 167 tradeable markets from 2026-05-27_17-00.json
2026-05-27 18:01:09,529 [RESEARCHER] Market selection: 0 politics + 7 outrights + 8 other sports = 15 total (platforms: ['betfair'])
2026-05-27 18:01:09,529 [RESEARCHER] [1/15] Winner
2026-05-27 18:01:16,482 [RESEARCHER] [2/15] Winner
2026-05-27 18:01:25,377 [RESEARCHER]   Prior history injected for Ludvig Aberg
2026-05-27 18:01:25,377 [RESEARCHER]   Prior history injected for Ben Griffin
2026-05-27 18:01:25,377 [RESEARCHER] [3/15] Winner
2026-05-27 18:01:32,296 [RESEARCHER]   Prior history injected for Crystal Palace
2026-05-27 18:01:32,297 [RESEARCHER] [4/15] Winner
2026-05-27 18:01:41,355 [RESEARCHER] [5/15] Winner
2026-05-27 18:01:49,666 [RESEARCHER]   Prior history injected for Scottie Scheffler
2026-05-27 18:01:49,666 [RESEARCHER]   Prior history injected for Rory McIlroy
2026-05-27 18:01:49,667 [RESEARCHER]   Prior history injected for Jon Rahm
2026-05-27 18:01:49,667 [RESEARCHER]   Prior history injected for Xander Schauffele
2026-05-27 18:01:49,667 [RESEARCHER]   Prior history injected for Cameron Young
2026-05-27 18:01:49,668 [RESEARCHER] [6/15] Winner
2026-05-27 18:01:54,476 [RESEARCHER]   Prior history injected for Scottie Scheffler
2026-05-27 18:01:54,477 [RESEARCHER]   Prior history injected for Rory McIlroy
2026-05-27 18:01:54,477 [RESEARCHER]   Prior history injected for Jon Rahm
2026-05-27 18:01:54,477 [RESEARCHER]   Prior history injected for Cameron Young
2026-05-27 18:01:54,478 [RESEARCHER]   Prior history injected for Ludvig Aberg
2026-05-27 18:01:54,478 [RESEARCHER]   Prior history injected for Xander Schauffele
2026-05-27 18:01:54,478 [RESEARCHER] [7/15] Winner
2026-05-27 18:02:03,790 [RESEARCHER]   Prior history injected for Jon Rahm
2026-05-27 18:02:03,791 [RESEARCHER]   Prior history injected for Bryson DeChambeau
2026-05-27 18:02:03,791 [RESEARCHER] [8/15] Winner 2025/26
2026-05-27 18:02:10,486 [RESEARCHER]   Prior history injected for Arsenal
2026-05-27 18:02:10,486 [RESEARCHER] [9/15] Match Odds
2026-05-27 18:02:17,268 [RESEARCHER] [10/15] 2m1f Mdn Hrd
2026-05-27 18:02:22,460 [RESEARCHER] [11/15] 7f Nov Stks
2026-05-27 18:02:27,457 [RESEARCHER] [12/15] Winner 2026/27
2026-05-27 18:02:33,971 [RESEARCHER]   Prior history injected for Arsenal
2026-05-27 18:02:33,972 [RESEARCHER]   Prior history injected for Man City
2026-05-27 18:02:33,972 [RESEARCHER]   Prior history injected for Liverpool
2026-05-27 18:02:33,972 [RESEARCHER]   Prior history injected for Chelsea
2026-05-27 18:02:33,973 [RESEARCHER]   Prior history injected for Aston Villa
2026-05-27 18:02:33,973 [RESEARCHER] [13/15] Daniel Hillier v Nathan Kimsey
2026-05-27 18:02:42,994 [RESEARCHER] [14/15] Winner 2026
2026-05-27 18:02:50,380 [RESEARCHER] [15/15] 2m1f Hcap Hrd
2026-05-27 18:02:55,299 [RESEARCHER] Research brief written: 2026-05-27_17-02_brief.json
2026-05-27 18:02:55,299 [RESEARCHER] Markets: 15 | Errors: 0 | Credits used: 63
BRIEF_PATH:/home/jwfalc/smarkets-bot/data/research/2026-05-27_17-02_brief.json
2026-05-27 18:02:55,625 [ANALYZER] Loading research brief: 2026-05-27_17-02_brief.json
2026-05-27 18:02:55,964 [ANALYZER] Betfair cross-ref index: 5376 runners
2026-05-27 18:02:55,971 [ANALYZER] Analyzed 15 markets
2026-05-27 18:02:55,972 [ANALYZER] Found 4 signals (10pp+)
2026-05-27 18:02:55,972 [ANALYZER] Logged 10 distribution entries (7pp+)
2026-05-27 18:02:55,987 [ANALYZER] Research output written: 2026-05-27_17-02_research.json
2026-05-27 18:02:55,989 [ANALYZER] Appended 82 edge traces to edge_traces.json
RESEARCH_PATH:/home/jwfalc/smarkets-bot/data/research/2026-05-27_17-02_research.json
2026-05-27 18:02:56,563 [RESOLVE] Found 20 open trade(s) to check (paper_mode=True)
2026-05-27 18:02:56,632 [RESOLVE] Using cached Betfair session token
2026-05-27 18:02:56,632 [RESOLVE] Betfair: checking 12 open-trade markets
2026-05-27 18:03:04,746 [RESOLVE] Snapshot name lookup: found mappings for 11 markets
2026-05-27 18:03:04,880 [RESOLVE] Betfair settled: market=1.258587602 winner=Lairy Mary (97400844)
2026-05-27 18:03:04,955 [RESOLVE] Settled markets found: 1
2026-05-27 18:03:05,018 [RESOLVE]   [betfair] 5f Claim Stks | LOSS | P&L: -1.40 | Selection: Penny Arcade | Winner: Lairy Mary
2026-05-27 18:03:05,019 [RESOLVE] Resolution alert: 5f Claim Stks pnl=-1.40
2026-05-27 18:03:05,143 [RESOLVE] Telegram notification sent
2026-05-27 18:03:05,144 [RESOLVE] Standings: unknown competition for 'Men's French Open 2026 - Winner' — skip
2026-05-27 18:03:05,166 [RESOLVE] Auto-resolved 1 trade(s). Running P&L: +277.08 | W/L: 105/66 | ROI: 38.17%
2026-05-27 18:03:05,786 [INFO] ============================================================
2026-05-27 18:03:05,791 [INFO] DIGEST RUN STARTED
2026-05-27 18:03:05,791 [INFO] ============================================================
2026-05-27 18:03:10,608 [INFO] Dashboard data written: /home/jwfalc/smarkets-bot/dashboard/dashboard_data.json
2026-05-27 18:03:10,685 [INFO] Period logs updated: 2026-05-27, 2026-W22, 2026-05, 2026-Q2
2026-05-27 18:03:10,686 [INFO] Run log: [2026-05-27 17:03 UTC] status=signal | platforms=betfair,matchbook | markets=630 | signals=4 | alerts=0 | movements=10 | consec_losses=2
2026-05-27 18:03:10,686 [INFO] Digest complete
Balance: £377.08 | Reserved: £76.60 | Available: £300.48
Reduced stake: Winner edge 11.0pp < 15.0pp → £1.00 (20%)
Reduced stake: Winner edge 13.2pp < 15.0pp → £3.15 (63%)
No new paper trades to log
Distribution log updated: 1 new entries added
Total entries: 674
  near_certainty: 5 total, 4 resolved
  high_prob: 15 total, 7 resolved
  7-9pp: 186 total, 81 resolved
  10-11pp: 73 total, 35 resolved
  12pp+: 395 total, 316 resolved

REVIEW DUE: 7-9pp band has 81 resolved entries (threshold: 12)
  Run: python distribution_logger.py report
  Then run: prompts/prompt_review_v1.md

REVIEW DUE: 7-9pp band has 81 resolved entries (threshold: 12)
  Run: python distribution_logger.py report
  Then run: prompts/prompt_review_v1.md
EXIT_CODE:0
Sent
2026-05-27 18:03:13,650 [STATIC-DASH] Building dashboard data…
2026-05-27 18:03:14,780 [STATIC-DASH] Data collected: 190 trades, 35 signals, 630 markets
2026-05-27 18:03:15,080 [STATIC-DASH] Written: /home/jwfalc/smarkets-dashboard/index.html (3779KB)
2026-05-27 18:03:15 [DEPLOY] Starting dashboard deploy...
WARNING: could not find injection point in HTML
HTML written OK
2026-05-27 18:03:15 [DEPLOY] Static HTML built
[main 84321c2] Deploy: 2026-05-27 18:03 UTC
 1 file changed, 1 insertion(+), 1 deletion(-)
To https://github.com/jwfalc-coder/smarkets-dashboard.git
   2d3472d..84321c2  main -> main
2026-05-27 18:03:15 [DEPLOY] Deploy complete: Deploy: 2026-05-27 18:03 UTC
[main 0ad3002] log: routine_2026-05-27_1800
 1 file changed, 183 insertions(+)
 create mode 100644 data/routine_logs/routine_2026-05-27_1800.log
From https://github.com/jwfalc-coder/betting-auditor
 * branch            main       -> FETCH_HEAD
Current branch main is up to date.
To https://github.com/jwfalc-coder/betting-auditor.git
   b42a110..0ad3002  main -> main
