Sent
2026-06-09 15:00:02,324 [INFO] ============================================================
2026-06-09 15:00:02,325 [INFO] SCANNER RUN STARTED - BETFAIR
2026-06-09 15:00:02,325 [INFO] ============================================================
2026-06-09 15:00:02,741 [INFO] Using cached Betfair session token
2026-06-09 15:00:02,874 [INFO] Catalogue: 100 markets for sport ID 1
2026-06-09 15:00:02,983 [INFO] Catalogue: 100 markets for sport ID 2
2026-06-09 15:00:03,097 [INFO] Catalogue: 100 markets for sport ID 7
2026-06-09 15:00:03,192 [INFO] Catalogue: 71 markets for sport ID 4
2026-06-09 15:00:03,270 [INFO] Catalogue: 0 markets for sport ID 2378961
2026-06-09 15:00:03,364 [INFO] Catalogue: 6 markets for sport ID 3
2026-06-09 15:00:03,556 [INFO] Catalogue: 83 markets for sport ID 7522
2026-06-09 15:00:03,625 [INFO] Catalogue: 0 markets for sport ID 6423
2026-06-09 15:00:03,626 [INFO] Betfair: fetching prices for 460 markets...
2026-06-09 15:00:07,410 [INFO] Betfair: enriching 460 markets with price data...
2026-06-09 15:00:07,417 [INFO] Betfair: enriched 50/460 markets, 14 tradeable so far
2026-06-09 15:00:07,426 [INFO] Betfair: enriched 100/460 markets, 22 tradeable so far
2026-06-09 15:00:07,428 [INFO] Betfair: enriched 150/460 markets, 27 tradeable so far
2026-06-09 15:00:07,431 [INFO] Betfair: enriched 200/460 markets, 30 tradeable so far
2026-06-09 15:00:07,444 [INFO] Betfair: enriched 250/460 markets, 59 tradeable so far
2026-06-09 15:00:07,457 [INFO] Betfair: enriched 300/460 markets, 81 tradeable so far
2026-06-09 15:00:07,461 [INFO] Betfair: enriched 350/460 markets, 90 tradeable so far
2026-06-09 15:00:07,523 [INFO] Betfair: enriched 400/460 markets, 109 tradeable so far
2026-06-09 15:00:07,597 [INFO] Betfair: enriched 450/460 markets, 124 tradeable so far
2026-06-09 15:00:07,607 [INFO] Betfair: enriched 460/460 markets, 129 tradeable so far
2026-06-09 15:00:07,607 [INFO] Betfair: 460 total markets, 129 above 100 GBP volume
2026-06-09 15:00:07,717 [INFO] Outrights: 22 markets for sport 1
2026-06-09 15:00:07,803 [INFO] Outrights: 10 markets for sport 3
2026-06-09 15:00:07,873 [INFO] Outrights: 1 markets for sport 2378961
2026-06-09 15:00:08,252 [INFO] Outrights: 31 markets above 25 GBP
2026-06-09 15:00:08,257 [INFO] Betfair: added 28 outright markets for cross-ref
2026-06-09 15:00:08,258 [INFO] betfair: 488 total, 157 above 100 GBP threshold
2026-06-09 15:00:08,678 [INFO] Snapshot written: /home/jwfalc/smarkets-bot/data/snapshots/betfair/2026-06-09_14-00.json
2026-06-09 15:00:08,900 [INFO] Market log updated (betfair)
2026-06-09 15:00:31,797 [INFO] Scanner complete for betfair. Snapshot: 2026-06-09_14-00.json
2026-06-09 15:00:32,108 [INFO] ============================================================
2026-06-09 15:00:32,108 [INFO] SCANNER RUN STARTED - MATCHBOOK
2026-06-09 15:00:32,109 [INFO] ============================================================
2026-06-09 15:00:32,452 [INFO] Matchbook login attempt 1/3
2026-06-09 15:00:32,630 [INFO] Matchbook login successful
2026-06-09 15:00:32,631 [INFO] Matchbook: fetching events with prices for 15 sports...
2026-06-09 15:00:32,737 [INFO] Matchbook: fetched page offset=0, 20 events (total so far: 20)
2026-06-09 15:00:33,015 [INFO] Matchbook: fetched page offset=20, 20 events (total so far: 40)
2026-06-09 15:00:33,330 [INFO] Matchbook: fetched page offset=40, 20 events (total so far: 60)
2026-06-09 15:00:33,660 [INFO] Matchbook: fetched page offset=60, 20 events (total so far: 80)
2026-06-09 15:00:33,984 [INFO] Matchbook: fetched page offset=80, 20 events (total so far: 100)
2026-06-09 15:00:34,290 [INFO] Matchbook: fetched page offset=100, 20 events (total so far: 120)
2026-06-09 15:00:34,621 [INFO] Matchbook: fetched page offset=120, 20 events (total so far: 140)
2026-06-09 15:00:34,866 [INFO] Matchbook: fetched page offset=140, 20 events (total so far: 160)
2026-06-09 15:00:35,160 [INFO] Matchbook: fetched page offset=160, 20 events (total so far: 180)
2026-06-09 15:00:35,431 [INFO] Matchbook: fetched page offset=180, 20 events (total so far: 200)
2026-06-09 15:00:35,755 [INFO] Matchbook: fetched page offset=200, 20 events (total so far: 220)
2026-06-09 15:00:36,064 [INFO] Matchbook: fetched page offset=220, 20 events (total so far: 240)
2026-06-09 15:00:36,318 [INFO] Matchbook: fetched page offset=240, 17 events (total so far: 257)
2026-06-09 15:00:36,318 [INFO] Matchbook: processing 257 events
2026-06-09 15:00:36,321 [INFO] Matchbook: processed 20/257 events, 125 markets so far
2026-06-09 15:00:36,326 [INFO] Matchbook: processed 40/257 events, 332 markets so far
2026-06-09 15:00:36,334 [INFO] Matchbook: processed 60/257 events, 579 markets so far
2026-06-09 15:00:36,348 [INFO] Matchbook: processed 80/257 events, 924 markets so far
2026-06-09 15:00:36,368 [INFO] Matchbook: processed 100/257 events, 1443 markets so far
2026-06-09 15:00:36,418 [INFO] Matchbook: processed 120/257 events, 1822 markets so far
2026-06-09 15:00:36,437 [INFO] Matchbook: processed 140/257 events, 2316 markets so far
2026-06-09 15:00:36,441 [INFO] Matchbook: processed 160/257 events, 2500 markets so far
2026-06-09 15:00:36,453 [INFO] Matchbook: processed 180/257 events, 2748 markets so far
2026-06-09 15:00:36,460 [INFO] Matchbook: processed 200/257 events, 2817 markets so far
2026-06-09 15:00:36,475 [INFO] Matchbook: processed 220/257 events, 3161 markets so far
2026-06-09 15:00:36,489 [INFO] Matchbook: processed 240/257 events, 3472 markets so far
2026-06-09 15:00:36,492 [INFO] Matchbook: processed 257/257 events, 3498 markets so far
2026-06-09 15:00:36,492 [INFO] Matchbook: 3499 total markets, 506 above 25 GBP volume
2026-06-09 15:00:36,530 [INFO] matchbook: 3499 total, 506 above 25 GBP threshold
2026-06-09 15:00:36,729 [INFO] Snapshot written: /home/jwfalc/smarkets-bot/data/snapshots/matchbook/2026-06-09_14-00.json
2026-06-09 15:00:36,835 [INFO] Market log updated (matchbook)
2026-06-09 15:00:58,393 [INFO] Scanner complete for matchbook. Snapshot: 2026-06-09_14-00.json
2026-06-09 15:00:59,043 [RESEARCHER] Prior index loaded: 12 known runners
2026-06-09 15:00:59,129 [RESEARCHER] betfair: 157 tradeable markets from 2026-06-09_14-00.json
2026-06-09 15:00:59,130 [RESEARCHER] Market selection: 1 politics + 7 outrights + 8 other sports = 16 total (platforms: ['betfair'])
2026-06-09 15:00:59,130 [RESEARCHER] [1/16] Makerfield - Restore Britain Vote Percentage
2026-06-09 15:01:05,027 [RESEARCHER] [2/16] Winner
2026-06-09 15:01:12,975 [RESEARCHER]   Prior history injected for Portugal
2026-06-09 15:01:12,975 [RESEARCHER] [3/16] Winner
2026-06-09 15:01:23,963 [RESEARCHER]   Prior history injected for Tommy Fleetwood
2026-06-09 15:01:23,963 [RESEARCHER] [4/16] Winner
2026-06-09 15:01:33,447 [RESEARCHER]   Prior history injected for Scottie Scheffler
2026-06-09 15:01:33,447 [RESEARCHER]   Prior history injected for Xander Schauffele
2026-06-09 15:01:33,448 [RESEARCHER]   Prior history injected for Tommy Fleetwood
2026-06-09 15:01:33,448 [RESEARCHER] [5/16] Winner
2026-06-09 15:01:38,132 [RESEARCHER]   Prior history injected for Scottie Scheffler
2026-06-09 15:01:38,132 [RESEARCHER]   Prior history injected for Tommy Fleetwood
2026-06-09 15:01:38,133 [RESEARCHER]   Prior history injected for Xander Schauffele
2026-06-09 15:01:38,133 [RESEARCHER] [6/16] Top 5 Finish
2026-06-09 15:01:40,011 [RESEARCHER]   Prior history injected for Tommy Fleetwood
2026-06-09 15:01:40,011 [RESEARCHER] [7/16] Winner
2026-06-09 15:01:44,617 [RESEARCHER]   Prior history injected for Scottie Scheffler
2026-06-09 15:01:44,618 [RESEARCHER]   Prior history injected for Xander Schauffele
2026-06-09 15:01:44,618 [RESEARCHER] [8/16] Top 10 Finish
2026-06-09 15:01:46,488 [RESEARCHER]   Prior history injected for Tommy Fleetwood
2026-06-09 15:01:46,489 [RESEARCHER] [9/16] NBA Championship Winner
2026-06-09 15:01:54,769 [RESEARCHER]   Prior history injected for New York Knicks
2026-06-09 15:01:54,770 [RESEARCHER] [10/16] 6f Hcap
2026-06-09 15:02:00,204 [RESEARCHER] [11/16] Winner 2026/27
2026-06-09 15:02:08,175 [RESEARCHER] [12/16] Name the Finalists
2026-06-09 15:02:16,262 [RESEARCHER] [13/16] 2m4f Mdn Hrd
2026-06-09 15:02:21,415 [RESEARCHER] [14/16] 6f Hcap
2026-06-09 15:02:26,934 [RESEARCHER] [15/16] Moneyline
2026-06-09 15:02:34,548 [RESEARCHER]   Prior history injected for New York Knicks
2026-06-09 15:02:34,548 [RESEARCHER] [16/16] Winner 2026/27
2026-06-09 15:02:42,225 [RESEARCHER] Research brief written: 2026-06-09_14-02_brief.json
2026-06-09 15:02:42,226 [RESEARCHER] Markets: 16 | Errors: 0 | Credits used: 66
BRIEF_PATH:/home/jwfalc/smarkets-bot/data/research/2026-06-09_14-02_brief.json
2026-06-09 15:02:42,549 [ANALYZER] Loading research brief: 2026-06-09_14-02_brief.json
2026-06-09 15:02:42,866 [ANALYZER] Betfair cross-ref index: 4365 runners
2026-06-09 15:02:42,872 [ANALYZER] Analyzed 16 markets
2026-06-09 15:02:42,872 [ANALYZER] Found 4 signals (10pp+)
2026-06-09 15:02:42,872 [ANALYZER] Logged 11 distribution entries (7pp+)
2026-06-09 15:02:42,889 [ANALYZER] Research output written: 2026-06-09_14-02_research.json
2026-06-09 15:02:42,892 [ANALYZER] Appended 92 edge traces to edge_traces.json
RESEARCH_PATH:/home/jwfalc/smarkets-bot/data/research/2026-06-09_14-02_research.json
2026-06-09 15:02:43,458 [RESOLVE] Found 9 open trade(s) to check (paper_mode=True)
2026-06-09 15:02:43,528 [RESOLVE] Using cached Betfair session token
2026-06-09 15:02:43,528 [RESOLVE] Betfair: checking 6 open-trade markets
2026-06-09 15:02:54,954 [RESOLVE] Snapshot name lookup: found mappings for 6 markets
2026-06-09 15:02:55,057 [RESOLVE] Settled markets found: 0
2026-06-09 15:02:55,057 [RESOLVE] No open-trade markets have settled yet.
2026-06-09 15:02:55,685 [INFO] ============================================================
2026-06-09 15:02:55,686 [INFO] DIGEST RUN STARTED
2026-06-09 15:02:55,686 [INFO] ============================================================
2026-06-09 15:02:59,188 [INFO] Slip dedup: skipping Scottie Scheffler (BACK) — already open
2026-06-09 15:02:59,188 [INFO] Slip dedup: skipping Spain (BACK) — already open
2026-06-09 15:02:59,194 [INFO] Sending batch slip: 2 signals
2026-06-09 15:02:59,405 [INFO] Telegram notification sent
2026-06-09 15:02:59,406 [INFO] Sent 4 Telegram signal alerts
2026-06-09 15:02:59,427 [INFO] Dashboard data written: /home/jwfalc/smarkets-bot/dashboard/dashboard_data.json
2026-06-09 15:02:59,488 [INFO] Period logs updated: 2026-06-09, 2026-W24, 2026-06, 2026-Q2
2026-06-09 15:02:59,489 [INFO] Run log: [2026-06-09 14:02 UTC] status=signal | platforms=betfair,matchbook | markets=663 | signals=4 | alerts=4 | movements=10 | consec_losses=0
2026-06-09 15:02:59,489 [INFO] Digest complete
Kelly balance: £88.08 | Reserved: £39.58 | Available: £48.50
Skipping (already open): Winner BACK
Skipping (already open): Winner BACK
Logged paper trade: Winner - BACK @ 16.67% (edge: 10.17pp) [betfair] | available now £46.50
Logged paper trade: 2m4f Mdn Hrd - BACK @ 44.64% (edge: 10.11pp) [betfair] | available now £44.50
  [dedup] Removed duplicate open: Scottie Scheffler Winner
  [dedup] Removed duplicate open: Scottie Scheffler Winner
  [dedup] 2 duplicate(s) removed in post-write scan

2 new paper trade(s) logged
Distribution log updated: 2 new entries added
Total entries: 1027
  near_certainty: 9 total, 7 resolved
  high_prob: 28 total, 16 resolved
  7-9pp: 306 total, 109 resolved
  10-11pp: 157 total, 61 resolved
  12pp+: 527 total, 405 resolved

REVIEW DUE: 7-9pp band has 109 resolved entries (threshold: 12)
  Run: python distribution_logger.py report
  Then run: prompts/prompt_review_v1.md

REVIEW DUE: 7-9pp band has 109 resolved entries (threshold: 12)
  Run: python distribution_logger.py report
  Then run: prompts/prompt_review_v1.md
EXIT_CODE:0
Sent
2026-06-09 15:03:02,553 [STATIC-DASH] Building dashboard data…
2026-06-09 15:03:03,769 [STATIC-DASH] Data collected: 22 trades, 41 signals, 663 markets
2026-06-09 15:03:04,040 [STATIC-DASH] Written: /home/jwfalc/smarkets-dashboard/index.html (3581KB)
2026-06-09 15:03:04 [DEPLOY] Starting dashboard deploy...
WARNING: could not find injection point in HTML
HTML written OK
2026-06-09 15:03:04 [DEPLOY] Static HTML built
[main d5b2f3e] Deploy: 2026-06-09 15:03 UTC
 1 file changed, 1 insertion(+), 1 deletion(-)
To https://github.com/jwfalc-coder/smarkets-dashboard.git
   328631d..d5b2f3e  main -> main
2026-06-09 15:03:04 [DEPLOY] Deploy complete: Deploy: 2026-06-09 15:03 UTC
