Telegram connection error (attempt 1/3), retrying in 8s: ('Connection aborted.', ConnectionResetError(104, 'Connection reset by peer'))
Sent
2026-06-11 15:00:11,690 [INFO] ============================================================
2026-06-11 15:00:11,690 [INFO] SCANNER RUN STARTED - BETFAIR
2026-06-11 15:00:11,690 [INFO] ============================================================
2026-06-11 15:00:12,171 [INFO] Using cached Betfair session token
2026-06-11 15:00:12,374 [INFO] Catalogue: 140 markets for sport ID 1
2026-06-11 15:00:12,521 [INFO] Catalogue: 72 markets for sport ID 2
2026-06-11 15:00:13,443 [INFO] Catalogue: 401 markets for sport ID 7
2026-06-11 15:00:13,526 [INFO] Catalogue: 27 markets for sport ID 4
2026-06-11 15:00:13,601 [INFO] Catalogue: 0 markets for sport ID 2378961
2026-06-11 15:00:13,689 [INFO] Catalogue: 7 markets for sport ID 3
2026-06-11 15:00:13,887 [INFO] Catalogue: 78 markets for sport ID 7522
2026-06-11 15:00:13,979 [INFO] Catalogue: 6 markets for sport ID 6423
2026-06-11 15:00:13,980 [INFO] Betfair: fetching prices for 731 markets...
2026-06-11 15:00:20,742 [INFO] Betfair: enriching 731 markets with price data...
2026-06-11 15:00:20,746 [INFO] Betfair: enriched 50/731 markets, 20 tradeable so far
2026-06-11 15:00:20,749 [INFO] Betfair: enriched 100/731 markets, 28 tradeable so far
2026-06-11 15:00:20,753 [INFO] Betfair: enriched 150/731 markets, 37 tradeable so far
2026-06-11 15:00:20,755 [INFO] Betfair: enriched 200/731 markets, 68 tradeable so far
2026-06-11 15:00:20,763 [INFO] Betfair: enriched 250/731 markets, 98 tradeable so far
2026-06-11 15:00:20,770 [INFO] Betfair: enriched 300/731 markets, 112 tradeable so far
2026-06-11 15:00:20,778 [INFO] Betfair: enriched 350/731 markets, 112 tradeable so far
2026-06-11 15:00:20,787 [INFO] Betfair: enriched 400/731 markets, 114 tradeable so far
2026-06-11 15:00:20,796 [INFO] Betfair: enriched 450/731 markets, 115 tradeable so far
2026-06-11 15:00:20,805 [INFO] Betfair: enriched 500/731 markets, 115 tradeable so far
2026-06-11 15:00:20,819 [INFO] Betfair: enriched 550/731 markets, 116 tradeable so far
2026-06-11 15:00:20,831 [INFO] Betfair: enriched 600/731 markets, 131 tradeable so far
2026-06-11 15:00:20,912 [INFO] Betfair: enriched 650/731 markets, 146 tradeable so far
2026-06-11 15:00:20,974 [INFO] Betfair: enriched 700/731 markets, 168 tradeable so far
2026-06-11 15:00:21,017 [INFO] Betfair: enriched 731/731 markets, 168 tradeable so far
2026-06-11 15:00:21,018 [INFO] Betfair: 731 total markets, 168 above 100 GBP volume
2026-06-11 15:00:21,135 [INFO] Outrights: 21 markets for sport 1
2026-06-11 15:00:21,230 [INFO] Outrights: 11 markets for sport 3
2026-06-11 15:00:21,330 [INFO] Outrights: 1 markets for sport 2378961
2026-06-11 15:00:21,729 [INFO] Outrights: 31 markets above 25 GBP
2026-06-11 15:00:21,733 [INFO] Betfair: added 30 outright markets for cross-ref
2026-06-11 15:00:21,734 [INFO] betfair: 761 total, 198 above 100 GBP threshold
2026-06-11 15:00:22,092 [INFO] Snapshot written: /home/jwfalc/smarkets-bot/data/snapshots/betfair/2026-06-11_14-00.json
2026-06-11 15:00:22,269 [INFO] Market log updated (betfair)
2026-06-11 15:00:49,160 [INFO] Scanner complete for betfair. Snapshot: 2026-06-11_14-00.json
2026-06-11 15:00:49,537 [INFO] ============================================================
2026-06-11 15:00:49,538 [INFO] SCANNER RUN STARTED - MATCHBOOK
2026-06-11 15:00:49,538 [INFO] ============================================================
2026-06-11 15:00:49,879 [INFO] Matchbook login attempt 1/3
2026-06-11 15:00:50,049 [INFO] Matchbook login successful
2026-06-11 15:00:50,050 [INFO] Matchbook: fetching events with prices for 15 sports...
2026-06-11 15:00:50,148 [INFO] Matchbook: fetched page offset=0, 20 events (total so far: 20)
2026-06-11 15:00:50,418 [INFO] Matchbook: fetched page offset=20, 20 events (total so far: 40)
2026-06-11 15:00:50,758 [INFO] Matchbook: fetched page offset=40, 20 events (total so far: 60)
2026-06-11 15:00:51,051 [INFO] Matchbook: fetched page offset=60, 20 events (total so far: 80)
2026-06-11 15:00:51,407 [INFO] Matchbook: fetched page offset=80, 20 events (total so far: 100)
2026-06-11 15:00:51,764 [INFO] Matchbook: fetched page offset=100, 20 events (total so far: 120)
2026-06-11 15:00:52,053 [INFO] Matchbook: fetched page offset=120, 20 events (total so far: 140)
2026-06-11 15:00:52,284 [INFO] Matchbook: fetched page offset=140, 1 events (total so far: 141)
2026-06-11 15:00:52,285 [INFO] Matchbook: processing 141 events
2026-06-11 15:00:52,290 [INFO] Matchbook: processed 20/141 events, 175 markets so far
2026-06-11 15:00:52,297 [INFO] Matchbook: processed 40/141 events, 373 markets so far
2026-06-11 15:00:52,309 [INFO] Matchbook: processed 60/141 events, 507 markets so far
2026-06-11 15:00:52,313 [INFO] Matchbook: processed 80/141 events, 623 markets so far
2026-06-11 15:00:52,329 [INFO] Matchbook: processed 100/141 events, 989 markets so far
2026-06-11 15:00:52,348 [INFO] Matchbook: processed 120/141 events, 1405 markets so far
2026-06-11 15:00:52,360 [INFO] Matchbook: processed 140/141 events, 1608 markets so far
2026-06-11 15:00:52,360 [INFO] Matchbook: processed 141/141 events, 1609 markets so far
2026-06-11 15:00:52,360 [INFO] Matchbook: 1610 total markets, 390 above 25 GBP volume
2026-06-11 15:00:52,384 [INFO] matchbook: 1610 total, 390 above 25 GBP threshold
2026-06-11 15:00:52,553 [INFO] Snapshot written: /home/jwfalc/smarkets-bot/data/snapshots/matchbook/2026-06-11_14-00.json
2026-06-11 15:00:52,645 [INFO] Market log updated (matchbook)
2026-06-11 15:01:18,129 [INFO] Scanner complete for matchbook. Snapshot: 2026-06-11_14-00.json
2026-06-11 15:01:19,801 [RESEARCHER] Prior index loaded: 17 known runners
2026-06-11 15:01:19,875 [RESEARCHER] betfair: 198 tradeable markets from 2026-06-11_14-00.json
2026-06-11 15:01:19,876 [RESEARCHER] Market selection: 1 politics + 7 outrights + 8 other sports = 16 total (platforms: ['betfair'])
2026-06-11 15:01:19,876 [RESEARCHER] [1/16] Makerfield - Restore Britain Vote Percentage
2026-06-11 15:01:25,328 [RESEARCHER] [2/16] Winner
2026-06-11 15:01:32,482 [RESEARCHER]   Prior history injected for Portugal
2026-06-11 15:01:32,483 [RESEARCHER] [3/16] Winner
2026-06-11 15:01:41,092 [RESEARCHER]   Prior history injected for Tommy Fleetwood
2026-06-11 15:01:41,093 [RESEARCHER] [4/16] Winner
2026-06-11 15:01:49,379 [RESEARCHER]   Prior history injected for Scottie Scheffler
2026-06-11 15:01:49,381 [RESEARCHER]   Prior history injected for Xander Schauffele
2026-06-11 15:01:49,382 [RESEARCHER]   Prior history injected for Tommy Fleetwood
2026-06-11 15:01:49,382 [RESEARCHER] [5/16] Top 10 Finish
2026-06-11 15:01:56,820 [RESEARCHER]   Prior history injected for Tommy Fleetwood
2026-06-11 15:01:56,821 [RESEARCHER] [6/16] Winner
2026-06-11 15:02:01,504 [RESEARCHER]   Prior history injected for Scottie Scheffler
2026-06-11 15:02:01,505 [RESEARCHER]   Prior history injected for Tommy Fleetwood
2026-06-11 15:02:01,505 [RESEARCHER]   Prior history injected for Xander Schauffele
2026-06-11 15:02:01,505 [RESEARCHER] [7/16] Top 5 Finish
2026-06-11 15:02:03,334 [RESEARCHER]   Prior history injected for Tommy Fleetwood
2026-06-11 15:02:03,335 [RESEARCHER] [8/16] Winner
2026-06-11 15:02:08,124 [RESEARCHER]   Prior history injected for Scottie Scheffler
2026-06-11 15:02:08,124 [RESEARCHER]   Prior history injected for Xander Schauffele
2026-06-11 15:02:08,124 [RESEARCHER] [9/16] Match Odds
2026-06-11 15:02:14,675 [RESEARCHER] [10/16] Match Odds
2026-06-11 15:02:22,592 [RESEARCHER] [11/16] Match Odds
2026-06-11 15:02:29,456 [RESEARCHER] [12/16] Match Odds
2026-06-11 15:02:36,297 [RESEARCHER] [13/16] Match Odds
2026-06-11 15:02:43,925 [RESEARCHER] [14/16] 1m Nov Stks
2026-06-11 15:02:49,235 [RESEARCHER] [15/16] 7f Hcap
2026-06-11 15:02:54,256 [RESEARCHER] [16/16] FIFA Golden Ball
2026-06-11 15:03:00,893 [RESEARCHER] Research brief written: 2026-06-11_14-03_brief.json
2026-06-11 15:03:00,893 [RESEARCHER] Markets: 16 | Errors: 0 | Credits used: 67
BRIEF_PATH:/home/jwfalc/smarkets-bot/data/research/2026-06-11_14-03_brief.json
2026-06-11 15:03:01,217 [ANALYZER] Loading research brief: 2026-06-11_14-03_brief.json
2026-06-11 15:03:01,476 [ANALYZER] Betfair cross-ref index: 4094 runners
2026-06-11 15:03:01,483 [ANALYZER] Analyzed 16 markets
2026-06-11 15:03:01,483 [ANALYZER] Found 4 signals (10pp+)
2026-06-11 15:03:01,483 [ANALYZER] Logged 9 distribution entries (7pp+)
2026-06-11 15:03:01,498 [ANALYZER] Research output written: 2026-06-11_14-03_research.json
2026-06-11 15:03:01,500 [ANALYZER] Appended 78 edge traces to edge_traces.json
RESEARCH_PATH:/home/jwfalc/smarkets-bot/data/research/2026-06-11_14-03_research.json
2026-06-11 15:03:02,065 [RESOLVE] Found 11 open trade(s) to check (paper_mode=True)
2026-06-11 15:03:02,135 [RESOLVE] Using cached Betfair session token
2026-06-11 15:03:02,135 [RESOLVE] Betfair: checking 10 open-trade markets
2026-06-11 15:03:15,510 [RESOLVE] Snapshot name lookup: found mappings for 10 markets
2026-06-11 15:03:15,664 [RESOLVE] Settled markets found: 0
2026-06-11 15:03:15,665 [RESOLVE] No open-trade markets have settled yet.
2026-06-11 15:03:16,290 [INFO] ============================================================
2026-06-11 15:03:16,291 [INFO] DIGEST RUN STARTED
2026-06-11 15:03:16,291 [INFO] ============================================================
2026-06-11 15:03:20,110 [INFO] Slip dedup: skipping Scottie Scheffler (BACK) — already open
2026-06-11 15:03:20,110 [INFO] Slip dedup: skipping Scottie Scheffler (BACK) — already open
2026-06-11 15:03:20,116 [INFO] Sending batch slip: 2 signals
2026-06-11 15:03:20,179 [WARNING] Telegram connection error (attempt 1/3), retrying in 8s: ('Connection aborted.', ConnectionResetError(104, 'Connection reset by peer'))
2026-06-11 15:03:28,350 [INFO] Telegram notification sent
2026-06-11 15:03:28,351 [INFO] Sent 4 Telegram signal alerts
2026-06-11 15:03:28,391 [INFO] Dashboard data written: /home/jwfalc/smarkets-bot/dashboard/dashboard_data.json
2026-06-11 15:03:28,516 [INFO] Period logs updated: 2026-06-11, 2026-W24, 2026-06, 2026-Q2
2026-06-11 15:03:28,516 [INFO] Run log: [2026-06-11 14:03 UTC] status=signal | platforms=betfair,matchbook | markets=588 | signals=4 | alerts=4 | movements=10 | consec_losses=2
2026-06-11 15:03:28,517 [INFO] Digest complete
Kelly balance: £73.01 | Reserved: £59.61 | Available: £13.40
Skipping (conflicting back in same market): Winner
Skipping (already open): Winner BACK
Skipping (already open): Winner BACK
Logged paper trade: Match Odds - BACK @ 29.85% (edge: 16.79pp) [betfair] | available now £7.80

1 new paper trade(s) logged
Distribution log updated: 8 new entries added
Total entries: 1085
  near_certainty: 9 total, 7 resolved
  high_prob: 30 total, 18 resolved
  7-9pp: 325 total, 109 resolved
  10-11pp: 173 total, 61 resolved
  12pp+: 548 total, 407 resolved

REVIEW DUE: 7-9pp band has 109 resolved entries (threshold: 12)
  Run: python distribution_logger.py report
  Then run: prompts/prompt_review_v1.md

REVIEW DUE: 7-9pp band has 109 resolved entries (threshold: 12)
  Run: python distribution_logger.py report
  Then run: prompts/prompt_review_v1.md
EXIT_CODE:0
Sent
2026-06-11 15:03:31,616 [STATIC-DASH] Building dashboard data…
2026-06-11 15:03:33,052 [STATIC-DASH] Data collected: 30 trades, 38 signals, 588 markets
2026-06-11 15:03:33,280 [STATIC-DASH] Written: /home/jwfalc/smarkets-dashboard/index.html (2975KB)
2026-06-11 15:03:33,294 [STATIC-DASH] Copied PWA asset: manifest.json
2026-06-11 15:03:33,296 [STATIC-DASH] Copied PWA asset: apple-touch-icon.png
2026-06-11 15:03:33,298 [STATIC-DASH] Copied PWA asset: icon-192.png
2026-06-11 15:03:33,300 [STATIC-DASH] Copied PWA asset: icon-512.png
2026-06-11 15:03:33 [DEPLOY] Starting dashboard deploy...
WARNING: could not find injection point in HTML
HTML written OK
2026-06-11 15:03:33 [DEPLOY] Static HTML built
[main 80a54b2] Deploy: 2026-06-11 15:03 UTC
 1 file changed, 1 insertion(+), 1 deletion(-)
To https://github.com/jwfalc-coder/smarkets-dashboard.git
   321ca41..80a54b2  main -> main
2026-06-11 15:03:33 [DEPLOY] Deploy complete: Deploy: 2026-06-11 15:03 UTC
[main 5ec9569] log: routine_2026-06-11_1500
 1 file changed, 170 insertions(+)
 create mode 100644 data/routine_logs/routine_2026-06-11_1500.log
From https://github.com/jwfalc-coder/betting-auditor
 * branch            main       -> FETCH_HEAD
Current branch main is up to date.
To https://github.com/jwfalc-coder/betting-auditor.git
   8f4936d..5ec9569  main -> main
