Sent
2026-05-12 06:00:02,298 [INFO] ============================================================
2026-05-12 06:00:02,299 [INFO] SCANNER RUN STARTED - BETFAIR
2026-05-12 06:00:02,299 [INFO] ============================================================
2026-05-12 06:00:02,696 [INFO] Cached Betfair session too old, re-logging in
2026-05-12 06:00:02,696 [INFO] Betfair login attempt 1/3
2026-05-12 06:00:02,857 [INFO] Betfair login successful
2026-05-12 06:00:03,009 [INFO] Catalogue: 100 markets for sport ID 1
2026-05-12 06:00:03,132 [INFO] Catalogue: 100 markets for sport ID 2
2026-05-12 06:00:03,253 [INFO] Catalogue: 100 markets for sport ID 7
2026-05-12 06:00:03,363 [INFO] Catalogue: 100 markets for sport ID 4
2026-05-12 06:00:03,449 [INFO] Catalogue: 3 markets for sport ID 2378961
2026-05-12 06:00:03,517 [INFO] Catalogue: 0 markets for sport ID 3
2026-05-12 06:00:03,740 [INFO] Catalogue: 100 markets for sport ID 7522
2026-05-12 06:00:03,824 [INFO] Catalogue: 0 markets for sport ID 6423
2026-05-12 06:00:03,824 [INFO] Betfair: fetching prices for 503 markets...
2026-05-12 06:00:07,975 [INFO] Betfair: enriching 503 markets with price data...
2026-05-12 06:00:07,982 [INFO] Betfair: enriched 50/503 markets, 6 tradeable so far
2026-05-12 06:00:07,990 [INFO] Betfair: enriched 100/503 markets, 24 tradeable so far
2026-05-12 06:00:07,992 [INFO] Betfair: enriched 150/503 markets, 25 tradeable so far
2026-05-12 06:00:07,995 [INFO] Betfair: enriched 200/503 markets, 26 tradeable so far
2026-05-12 06:00:08,004 [INFO] Betfair: enriched 250/503 markets, 37 tradeable so far
2026-05-12 06:00:08,013 [INFO] Betfair: enriched 300/503 markets, 41 tradeable so far
2026-05-12 06:00:08,017 [INFO] Betfair: enriched 350/503 markets, 49 tradeable so far
2026-05-12 06:00:08,021 [INFO] Betfair: enriched 400/503 markets, 49 tradeable so far
2026-05-12 06:00:08,110 [INFO] Betfair: enriched 450/503 markets, 57 tradeable so far
2026-05-12 06:00:08,156 [INFO] Betfair: enriched 500/503 markets, 61 tradeable so far
2026-05-12 06:00:08,159 [INFO] Betfair: enriched 503/503 markets, 61 tradeable so far
2026-05-12 06:00:08,160 [INFO] Betfair: 503 total markets, 61 above 100 GBP volume
2026-05-12 06:00:08,183 [INFO] betfair: 503 total, 61 above 100 GBP threshold
2026-05-12 06:00:08,292 [INFO] Snapshot written: /home/jwfalc/smarkets-bot/data/snapshots/betfair/2026-05-12_05-00.json
2026-05-12 06:00:08,344 [INFO] Market log updated (betfair)
2026-05-12 06:00:39,750 [INFO] Scanner complete for betfair. Snapshot: 2026-05-12_05-00.json
2026-05-12 06:00:40,205 [INFO] ============================================================
2026-05-12 06:00:40,206 [INFO] SCANNER RUN STARTED - MATCHBOOK
2026-05-12 06:00:40,206 [INFO] ============================================================
2026-05-12 06:00:40,686 [INFO] Matchbook login attempt 1/3
2026-05-12 06:00:40,869 [INFO] Matchbook login successful
2026-05-12 06:00:40,871 [INFO] Matchbook: fetching events with prices for 15 sports...
2026-05-12 06:00:40,968 [INFO] Matchbook: fetched page offset=0, 20 events (total so far: 20)
2026-05-12 06:00:41,237 [INFO] Matchbook: fetched page offset=20, 20 events (total so far: 40)
2026-05-12 06:00:41,471 [INFO] Matchbook: fetched page offset=40, 20 events (total so far: 60)
2026-05-12 06:00:41,722 [INFO] Matchbook: fetched page offset=60, 20 events (total so far: 80)
2026-05-12 06:00:42,039 [INFO] Matchbook: fetched page offset=80, 20 events (total so far: 100)
2026-05-12 06:00:42,357 [INFO] Matchbook: fetched page offset=100, 20 events (total so far: 120)
2026-05-12 06:00:42,695 [INFO] Matchbook: fetched page offset=120, 20 events (total so far: 140)
2026-05-12 06:00:42,991 [INFO] Matchbook: fetched page offset=140, 20 events (total so far: 160)
2026-05-12 06:00:43,373 [INFO] Matchbook: fetched page offset=160, 20 events (total so far: 180)
2026-05-12 06:00:43,690 [INFO] Matchbook: fetched page offset=180, 20 events (total so far: 200)
2026-05-12 06:00:43,965 [INFO] Matchbook: fetched page offset=200, 20 events (total so far: 220)
2026-05-12 06:00:44,305 [INFO] Matchbook: fetched page offset=220, 20 events (total so far: 240)
2026-05-12 06:00:44,640 [INFO] Matchbook: fetched page offset=240, 20 events (total so far: 260)
2026-05-12 06:00:44,969 [INFO] Matchbook: fetched page offset=260, 20 events (total so far: 280)
2026-05-12 06:00:45,232 [INFO] Matchbook: fetched page offset=280, 20 events (total so far: 300)
2026-05-12 06:00:45,466 [INFO] Matchbook: fetched page offset=300, 11 events (total so far: 311)
2026-05-12 06:00:45,466 [INFO] Matchbook: processing 311 events
2026-05-12 06:00:45,469 [INFO] Matchbook: processed 20/311 events, 88 markets so far
2026-05-12 06:00:45,473 [INFO] Matchbook: processed 40/311 events, 200 markets so far
2026-05-12 06:00:45,478 [INFO] Matchbook: processed 60/311 events, 280 markets so far
2026-05-12 06:00:45,484 [INFO] Matchbook: processed 80/311 events, 407 markets so far
2026-05-12 06:00:45,598 [INFO] Matchbook: processed 100/311 events, 774 markets so far
2026-05-12 06:00:45,619 [INFO] Matchbook: processed 120/311 events, 1305 markets so far
2026-05-12 06:00:45,641 [INFO] Matchbook: processed 140/311 events, 1872 markets so far
2026-05-12 06:00:45,659 [INFO] Matchbook: processed 160/311 events, 2322 markets so far
2026-05-12 06:00:45,689 [INFO] Matchbook: processed 180/311 events, 2980 markets so far
2026-05-12 06:00:45,716 [INFO] Matchbook: processed 200/311 events, 3666 markets so far
2026-05-12 06:00:45,724 [INFO] Matchbook: processed 220/311 events, 3847 markets so far
2026-05-12 06:00:45,752 [INFO] Matchbook: processed 240/311 events, 4482 markets so far
2026-05-12 06:00:45,783 [INFO] Matchbook: processed 260/311 events, 5139 markets so far
2026-05-12 06:00:45,825 [INFO] Matchbook: processed 280/311 events, 5886 markets so far
2026-05-12 06:00:45,834 [INFO] Matchbook: processed 300/311 events, 6002 markets so far
2026-05-12 06:00:45,835 [INFO] Matchbook: processed 311/311 events, 6013 markets so far
2026-05-12 06:00:45,835 [INFO] Matchbook: 6014 total markets, 306 above 25 GBP volume
2026-05-12 06:00:45,902 [INFO] matchbook: 6014 total, 306 above 25 GBP threshold
2026-05-12 06:00:46,034 [INFO] Snapshot written: /home/jwfalc/smarkets-bot/data/snapshots/matchbook/2026-05-12_05-00.json
2026-05-12 06:00:46,102 [INFO] Market log updated (matchbook)
2026-05-12 06:01:17,464 [INFO] Scanner complete for matchbook. Snapshot: 2026-05-12_05-00.json
2026-05-12 06:01:18,450 [RESEARCHER] matchbook: 190 tradeable markets from 2026-05-12_05-00.json
2026-05-12 06:01:18,451 [RESEARCHER] Market selection: 0 politics/current-affairs + 15 matchbook-sports + 0 betfair-sports = 15 total
2026-05-12 06:01:18,451 [RESEARCHER] [1/15] Winner
2026-05-12 06:01:22,189 [RESEARCHER] [2/15] Winner
2026-05-12 06:01:25,766 [RESEARCHER] [3/15] Winner
2026-05-12 06:01:29,098 [RESEARCHER] [4/15] To Be Relegated
2026-05-12 06:01:32,569 [RESEARCHER] [5/15] Winner
2026-05-12 06:01:35,950 [RESEARCHER] [6/15] Match Odds
2026-05-12 06:01:39,416 [RESEARCHER] [7/15] Top 4 Finish
2026-05-12 06:01:43,261 [RESEARCHER] [8/15] Winner
2026-05-12 06:01:47,005 [RESEARCHER] [9/15] Top 6 Finish
2026-05-12 06:01:50,996 [RESEARCHER] [10/15] Match Odds
2026-05-12 06:01:55,043 [RESEARCHER] [11/15] Match Odds
2026-05-12 06:01:58,720 [RESEARCHER] [12/15] Match Odds
2026-05-12 06:02:02,026 [RESEARCHER] [13/15] Match Odds
2026-05-12 06:02:06,191 [RESEARCHER] [14/15] Winner
2026-05-12 06:02:09,854 [RESEARCHER] [15/15] Match Odds
2026-05-12 06:02:13,185 [RESEARCHER] Research brief written: 2026-05-12_05-02_brief.json
2026-05-12 06:02:13,185 [RESEARCHER] Markets: 15 | Errors: 0 | Credits used: 30
BRIEF_PATH:/home/jwfalc/smarkets-bot/data/research/2026-05-12_05-02_brief.json
2026-05-12 06:02:13,553 [ANALYZER] Loading research brief: 2026-05-12_05-02_brief.json
2026-05-12 06:02:13,611 [ANALYZER] Analyzed 15 markets
2026-05-12 06:02:13,611 [ANALYZER] Found 5 signals (10pp+)
2026-05-12 06:02:13,611 [ANALYZER] Logged 13 distribution entries (7pp+)
2026-05-12 06:02:13,625 [ANALYZER] Research output written: 2026-05-12_05-02_research.json
RESEARCH_PATH:/home/jwfalc/smarkets-bot/data/research/2026-05-12_05-02_research.json
2026-05-12 06:02:14,399 [RESOLVE] Found 18 open trade(s) to check (paper_mode=True)
2026-05-12 06:02:14,407 [RESOLVE] Using cached Matchbook session token
2026-05-12 06:02:14,407 [RESOLVE] Matchbook: checking 5 open-trade markets against settled events
/home/jwfalc/smarkets-bot/scripts/check_resolutions.py:305: DeprecationWarning: datetime.datetime.utcnow() is deprecated and scheduled for removal in a future version. Use timezone-aware objects to represent datetimes in UTC: datetime.datetime.now(datetime.UTC).
  cutoff = datetime.datetime.utcnow() - datetime.timedelta(days=30)
2026-05-12 06:02:22,922 [RESOLVE] Settled markets found: 0
2026-05-12 06:02:22,923 [RESOLVE] No open-trade markets have settled yet.
2026-05-12 06:02:23,783 [INFO] ============================================================
2026-05-12 06:02:23,784 [INFO] DIGEST RUN STARTED
2026-05-12 06:02:23,784 [INFO] ============================================================
2026-05-12 06:02:29,543 [INFO] Dashboard data written: /home/jwfalc/smarkets-bot/dashboard/dashboard_data.json
2026-05-12 06:02:29,599 [INFO] Period logs updated: 2026-05-12, 2026-W20, 2026-05, 2026-Q2
2026-05-12 06:02:29,601 [INFO] Run log: [2026-05-12 05:02 UTC] status=signal | platforms=betfair,matchbook | markets=367 | signals=5 | alerts=0 | movements=10 | consec_losses=0
2026-05-12 06:02:29,601 [INFO] Digest complete
Balance: £159.18 | Reserved: £156.81 | Available: £2.37
Logged paper trade: To Be Relegated - LAY @ 75.76% (edge: 10.56pp) [matchbook] | available now £0.77
Skipping (insufficient balance): Winner needs £5.00, only £0.77 available
Logged paper trade: Top 6 Finish - LAY @ 99.01% (edge: 48.26pp) [matchbook] | available now £0.72
Skipping (insufficient balance): Top 6 Finish needs £4.70, only £0.72 available
Skipping (insufficient balance): Top 6 Finish needs £6.60, only £0.72 available

2 new paper trade(s) logged
Distribution log updated: 13 new entries added
Total entries: 490
  7-9pp: 115 total, 18 resolved
  10-11pp: 60 total, 37 resolved
  12pp+: 315 total, 169 resolved

REVIEW DUE: 7-9pp band has 18 resolved entries (threshold: 12)
  Run: python distribution_logger.py report
  Then run: prompts/prompt_review_v1.md

REVIEW DUE: 7-9pp band has 18 resolved entries (threshold: 12)
  Run: python distribution_logger.py report
  Then run: prompts/prompt_review_v1.md
EXIT_CODE:0
Sent
2026-05-12 06:02:33 [DEPLOY] Starting dashboard deploy...
HTML written OK
2026-05-12 06:02:33 [DEPLOY] Static HTML built
[main b316693] Deploy: 2026-05-12 06:02 UTC
 1 file changed, 1 insertion(+), 1 deletion(-)
To https://github.com/jwfalc-coder/smarkets-dashboard.git
   5d0b988..b316693  main -> main
2026-05-12 06:02:33 [DEPLOY] Deploy complete: Deploy: 2026-05-12 06:02 UTC
