Sent
2026-05-20 18:00:02,661 [INFO] ============================================================
2026-05-20 18:00:02,661 [INFO] SCANNER RUN STARTED - BETFAIR
2026-05-20 18:00:02,662 [INFO] ============================================================
2026-05-20 18:00:03,266 [INFO] Cached Betfair session too old, re-logging in
2026-05-20 18:00:03,268 [INFO] Betfair login attempt 1/3
2026-05-20 18:00:03,428 [INFO] Betfair login successful
2026-05-20 18:00:03,594 [INFO] Catalogue: 100 markets for sport ID 1
2026-05-20 18:00:03,727 [INFO] Catalogue: 100 markets for sport ID 2
2026-05-20 18:00:03,864 [INFO] Catalogue: 100 markets for sport ID 7
2026-05-20 18:00:03,984 [INFO] Catalogue: 100 markets for sport ID 4
2026-05-20 18:00:04,074 [INFO] Catalogue: 2 markets for sport ID 2378961
2026-05-20 18:00:04,216 [INFO] Catalogue: 76 markets for sport ID 3
2026-05-20 18:00:04,469 [INFO] Catalogue: 100 markets for sport ID 7522
2026-05-20 18:00:04,541 [INFO] Catalogue: 0 markets for sport ID 6423
2026-05-20 18:00:04,541 [INFO] Betfair: fetching prices for 578 markets...
2026-05-20 18:00:09,842 [INFO] Betfair: enriching 578 markets with price data...
2026-05-20 18:00:09,852 [INFO] Betfair: enriched 50/578 markets, 11 tradeable so far
2026-05-20 18:00:09,857 [INFO] Betfair: enriched 100/578 markets, 21 tradeable so far
2026-05-20 18:00:09,860 [INFO] Betfair: enriched 150/578 markets, 25 tradeable so far
2026-05-20 18:00:09,863 [INFO] Betfair: enriched 200/578 markets, 29 tradeable so far
2026-05-20 18:00:09,873 [INFO] Betfair: enriched 250/578 markets, 53 tradeable so far
2026-05-20 18:00:09,880 [INFO] Betfair: enriched 300/578 markets, 76 tradeable so far
2026-05-20 18:00:09,885 [INFO] Betfair: enriched 350/578 markets, 85 tradeable so far
2026-05-20 18:00:09,887 [INFO] Betfair: enriched 400/578 markets, 89 tradeable so far
2026-05-20 18:00:09,926 [INFO] Betfair: enriched 450/578 markets, 129 tradeable so far
2026-05-20 18:00:09,974 [INFO] Betfair: enriched 500/578 markets, 158 tradeable so far
2026-05-20 18:00:10,036 [INFO] Betfair: enriched 550/578 markets, 169 tradeable so far
2026-05-20 18:00:10,090 [INFO] Betfair: enriched 578/578 markets, 173 tradeable so far
2026-05-20 18:00:10,091 [INFO] Betfair: 578 total markets, 174 above 100 GBP volume
2026-05-20 18:00:10,257 [INFO] Outrights: 49 markets for sport 1
2026-05-20 18:00:10,359 [INFO] Outrights: 13 markets for sport 3
2026-05-20 18:00:10,453 [INFO] Outrights: 0 markets for sport 2378961
2026-05-20 18:00:11,157 [INFO] Outrights: 47 markets above 25 GBP
2026-05-20 18:00:11,169 [INFO] Betfair: added 40 outright markets for cross-ref
2026-05-20 18:00:11,171 [INFO] betfair: 618 total, 214 above 100 GBP threshold
2026-05-20 18:00:11,696 [INFO] Snapshot written: /home/jwfalc/smarkets-bot/data/snapshots/betfair/2026-05-20_17-00.json
2026-05-20 18:00:11,939 [INFO] Market log updated (betfair)
2026-05-20 18:00:46,511 [INFO] Scanner complete for betfair. Snapshot: 2026-05-20_17-00.json
2026-05-20 18:00:47,023 [INFO] ============================================================
2026-05-20 18:00:47,023 [INFO] SCANNER RUN STARTED - MATCHBOOK
2026-05-20 18:00:47,023 [INFO] ============================================================
2026-05-20 18:00:47,541 [INFO] Matchbook login attempt 1/3
2026-05-20 18:00:47,707 [INFO] Matchbook login successful
2026-05-20 18:00:47,708 [INFO] Matchbook: fetching events with prices for 15 sports...
2026-05-20 18:00:47,826 [INFO] Matchbook: fetched page offset=0, 20 events (total so far: 20)
2026-05-20 18:00:48,152 [INFO] Matchbook: fetched page offset=20, 20 events (total so far: 40)
2026-05-20 18:00:48,492 [INFO] Matchbook: fetched page offset=40, 20 events (total so far: 60)
2026-05-20 18:00:48,940 [INFO] Matchbook: fetched page offset=60, 20 events (total so far: 80)
2026-05-20 18:00:49,274 [INFO] Matchbook: fetched page offset=80, 20 events (total so far: 100)
2026-05-20 18:00:49,505 [INFO] Matchbook: fetched page offset=100, 20 events (total so far: 120)
2026-05-20 18:00:49,742 [INFO] Matchbook: fetched page offset=120, 20 events (total so far: 140)
2026-05-20 18:00:50,021 [INFO] Matchbook: fetched page offset=140, 20 events (total so far: 160)
2026-05-20 18:00:50,254 [INFO] Matchbook: fetched page offset=160, 20 events (total so far: 180)
2026-05-20 18:00:50,576 [INFO] Matchbook: fetched page offset=180, 20 events (total so far: 200)
2026-05-20 18:00:50,859 [INFO] Matchbook: fetched page offset=200, 20 events (total so far: 220)
2026-05-20 18:00:51,189 [INFO] Matchbook: fetched page offset=220, 20 events (total so far: 240)
2026-05-20 18:00:51,567 [INFO] Matchbook: fetched page offset=240, 20 events (total so far: 260)
2026-05-20 18:00:51,876 [INFO] Matchbook: fetched page offset=260, 20 events (total so far: 280)
2026-05-20 18:00:52,124 [INFO] Matchbook: fetched page offset=280, 20 events (total so far: 300)
2026-05-20 18:00:52,368 [INFO] Matchbook: fetched page offset=300, 20 events (total so far: 320)
2026-05-20 18:00:52,601 [INFO] Matchbook: fetched page offset=320, 7 events (total so far: 327)
2026-05-20 18:00:52,601 [INFO] Matchbook: processing 327 events
2026-05-20 18:00:52,608 [INFO] Matchbook: processed 20/327 events, 187 markets so far
2026-05-20 18:00:52,626 [INFO] Matchbook: processed 40/327 events, 605 markets so far
2026-05-20 18:00:52,650 [INFO] Matchbook: processed 60/327 events, 1126 markets so far
2026-05-20 18:00:52,751 [INFO] Matchbook: processed 80/327 events, 1761 markets so far
2026-05-20 18:00:52,774 [INFO] Matchbook: processed 100/327 events, 2107 markets so far
2026-05-20 18:00:52,775 [INFO] Matchbook: processed 120/327 events, 2127 markets so far
2026-05-20 18:00:52,777 [INFO] Matchbook: processed 140/327 events, 2211 markets so far
2026-05-20 18:00:52,786 [INFO] Matchbook: processed 160/327 events, 2272 markets so far
2026-05-20 18:00:52,788 [INFO] Matchbook: processed 180/327 events, 2292 markets so far
2026-05-20 18:00:52,810 [INFO] Matchbook: processed 200/327 events, 2840 markets so far
2026-05-20 18:00:52,823 [INFO] Matchbook: processed 220/327 events, 3111 markets so far
2026-05-20 18:00:52,843 [INFO] Matchbook: processed 240/327 events, 3566 markets so far
2026-05-20 18:00:52,870 [INFO] Matchbook: processed 260/327 events, 4189 markets so far
2026-05-20 18:00:52,892 [INFO] Matchbook: processed 280/327 events, 4691 markets so far
2026-05-20 18:00:52,898 [INFO] Matchbook: processed 300/327 events, 4814 markets so far
2026-05-20 18:00:52,901 [INFO] Matchbook: processed 320/327 events, 4833 markets so far
2026-05-20 18:00:52,902 [INFO] Matchbook: processed 327/327 events, 4840 markets so far
2026-05-20 18:00:52,902 [INFO] Matchbook: 4841 total markets, 715 above 25 GBP volume
2026-05-20 18:00:52,972 [INFO] matchbook: 4841 total, 715 above 25 GBP threshold
2026-05-20 18:00:53,282 [INFO] Snapshot written: /home/jwfalc/smarkets-bot/data/snapshots/matchbook/2026-05-20_17-00.json
2026-05-20 18:00:53,433 [INFO] Market log updated (matchbook)
2026-05-20 18:01:29,669 [INFO] Scanner complete for matchbook. Snapshot: 2026-05-20_17-00.json
2026-05-20 18:01:30,825 [RESEARCHER] matchbook: 438 tradeable markets from 2026-05-20_17-00.json
2026-05-20 18:01:30,940 [RESEARCHER] betfair: 210 tradeable markets from 2026-05-20_17-00.json
2026-05-20 18:01:30,948 [RESEARCHER] Market selection: 2 politics/current-affairs + 7 matchbook-sports + 8 betfair-sports = 17 total
2026-05-20 18:01:30,949 [RESEARCHER] [1/17] Dublin Central by-election
2026-05-20 18:01:38,086 [RESEARCHER] [2/17] Galway West By-Election Winner
2026-05-20 18:01:43,585 [RESEARCHER] [3/17] Winner
2026-05-20 18:01:51,163 [RESEARCHER] [4/17] Winner
2026-05-20 18:01:59,216 [RESEARCHER] [5/17] Winner
2026-05-20 18:02:07,102 [RESEARCHER] [6/17] To Be Relegated
2026-05-20 18:02:15,761 [RESEARCHER] [7/17] Winner
2026-05-20 18:02:24,432 [RESEARCHER] [8/17] Correct Score
2026-05-20 18:02:32,289 [RESEARCHER] [9/17] Match Odds
2026-05-20 18:02:41,607 [RESEARCHER] [10/17] Relegation
2026-05-20 18:02:44,719 [RESEARCHER] [11/17] Winner
2026-05-20 18:02:46,367 [RESEARCHER] [12/17] Winner 2025/26
2026-05-20 18:02:54,549 [RESEARCHER] [13/17] Top 4 Finish
2026-05-20 18:03:01,983 [RESEARCHER] [14/17] Top 10 Finish
2026-05-20 18:03:04,933 [RESEARCHER] [15/17] Promotion 2025/26
2026-05-20 18:03:12,689 [RESEARCHER] [16/17] Winner 2025/26
2026-05-20 18:03:21,588 [RESEARCHER] [17/17] Winner
2026-05-20 18:03:26,054 [RESEARCHER] Research brief written: 2026-05-20_17-03_brief.json
2026-05-20 18:03:26,055 [RESEARCHER] Markets: 17 | Errors: 0 | Credits used: 66
BRIEF_PATH:/home/jwfalc/smarkets-bot/data/research/2026-05-20_17-03_brief.json
2026-05-20 18:03:26,515 [ANALYZER] Loading research brief: 2026-05-20_17-03_brief.json
2026-05-20 18:03:26,887 [ANALYZER] Betfair cross-ref index: 5487 runners
2026-05-20 18:03:26,892 [ANALYZER] Analyzed 17 markets
2026-05-20 18:03:26,893 [ANALYZER] Found 4 signals (10pp+)
2026-05-20 18:03:26,893 [ANALYZER] Logged 12 distribution entries (7pp+)
2026-05-20 18:03:26,915 [ANALYZER] Research output written: 2026-05-20_17-03_research.json
2026-05-20 18:03:26,919 [ANALYZER] Appended 92 edge traces to edge_traces.json
RESEARCH_PATH:/home/jwfalc/smarkets-bot/data/research/2026-05-20_17-03_research.json
2026-05-20 18:03:27,770 [RESOLVE] Found 16 open trade(s) to check (paper_mode=True)
2026-05-20 18:03:27,873 [RESOLVE] Using cached Betfair session token
2026-05-20 18:03:27,873 [RESOLVE] Betfair: checking 2 open-trade markets
2026-05-20 18:03:35,250 [RESOLVE] Snapshot name lookup: found mappings for 2 markets
2026-05-20 18:03:35,340 [RESOLVE] Settled markets found: 0
2026-05-20 18:03:35,340 [RESOLVE] Standings: unknown competition for 'Men's French Open 2026 - Winner' — skip
2026-05-20 18:03:35,341 [RESOLVE] No open-trade markets have settled yet.
2026-05-20 18:03:36,319 [INFO] ============================================================
2026-05-20 18:03:36,319 [INFO] DIGEST RUN STARTED
2026-05-20 18:03:36,319 [INFO] ============================================================
2026-05-20 18:03:42,835 [INFO] Signal filtered (high-odds lay): Galway West By-Election Winner @ 5.00 odds (cap: 4.0)
2026-05-20 18:03:42,872 [INFO] Dashboard data written: /home/jwfalc/smarkets-bot/dashboard/dashboard_data.json
2026-05-20 18:03:42,986 [INFO] Period logs updated: 2026-05-20, 2026-W21, 2026-05, 2026-Q2
2026-05-20 18:03:42,986 [INFO] Run log: [2026-05-20 17:03 UTC] status=signal | platforms=betfair,matchbook | markets=929 | signals=3 | alerts=0 | movements=10 | consec_losses=1
2026-05-20 18:03:42,987 [INFO] Digest complete
Balance: £271.25 | Reserved: £63.59 | Available: £207.66
No new paper trades to log
Distribution log updated: 3 new entries added
Total entries: 571
  near_certainty: 4 total, 4 resolved
  high_prob: 14 total, 5 resolved
  7-9pp: 151 total, 33 resolved
  10-11pp: 46 total, 21 resolved
  12pp+: 356 total, 193 resolved

REVIEW DUE: 7-9pp band has 33 resolved entries (threshold: 12)
  Run: python distribution_logger.py report
  Then run: prompts/prompt_review_v1.md

REVIEW DUE: 7-9pp band has 33 resolved entries (threshold: 12)
  Run: python distribution_logger.py report
  Then run: prompts/prompt_review_v1.md
EXIT_CODE:0
Sent
2026-05-20 18:03:47,470 [STATIC-DASH] Building dashboard data…
2026-05-20 18:03:48,904 [STATIC-DASH] Data collected: 112 trades, 14 signals, 929 markets
2026-05-20 18:03:49,242 [STATIC-DASH] Written: /home/jwfalc/smarkets-dashboard/index.html (3689KB)
2026-05-20 18:03:49 [DEPLOY] Starting dashboard deploy...
WARNING: could not find injection point in HTML
HTML written OK
2026-05-20 18:03:49 [DEPLOY] Static HTML built
[main 6ec2388] Deploy: 2026-05-20 18:03 UTC
 1 file changed, 1 insertion(+), 1 deletion(-)
To https://github.com/jwfalc-coder/smarkets-dashboard.git
   d8734c8..6ec2388  main -> main
2026-05-20 18:03:49 [DEPLOY] Deploy complete: Deploy: 2026-05-20 18:03 UTC
[main 78c0652] log: routine_2026-05-20_1800
 1 file changed, 162 insertions(+)
 create mode 100644 data/routine_logs/routine_2026-05-20_1800.log
From https://github.com/jwfalc-coder/betting-auditor
 * branch            main       -> FETCH_HEAD
Current branch main is up to date.
To https://github.com/jwfalc-coder/betting-auditor.git
   92d3e41..78c0652  main -> main
