Sent
2026-05-25 06:00:02,379 [INFO] ============================================================
2026-05-25 06:00:02,379 [INFO] SCANNER RUN STARTED - BETFAIR
2026-05-25 06:00:02,380 [INFO] ============================================================
2026-05-25 06:00:02,774 [INFO] Cached Betfair session too old, re-logging in
2026-05-25 06:00:02,775 [INFO] Betfair login attempt 1/3
2026-05-25 06:00:02,935 [INFO] Betfair login successful
2026-05-25 06:00:03,091 [INFO] Catalogue: 100 markets for sport ID 1
2026-05-25 06:00:03,213 [INFO] Catalogue: 100 markets for sport ID 2
2026-05-25 06:00:03,328 [INFO] Catalogue: 100 markets for sport ID 7
2026-05-25 06:00:03,444 [INFO] Catalogue: 100 markets for sport ID 4
2026-05-25 06:00:03,543 [INFO] Catalogue: 1 markets for sport ID 2378961
2026-05-25 06:00:03,631 [INFO] Catalogue: 0 markets for sport ID 3
2026-05-25 06:00:03,853 [INFO] Catalogue: 96 markets for sport ID 7522
2026-05-25 06:00:03,923 [INFO] Catalogue: 0 markets for sport ID 6423
2026-05-25 06:00:03,923 [INFO] Betfair: fetching prices for 497 markets...
2026-05-25 06:00:07,995 [INFO] Betfair: enriching 497 markets with price data...
2026-05-25 06:00:08,003 [INFO] Betfair: enriched 50/497 markets, 17 tradeable so far
2026-05-25 06:00:08,010 [INFO] Betfair: enriched 100/497 markets, 22 tradeable so far
2026-05-25 06:00:08,012 [INFO] Betfair: enriched 150/497 markets, 23 tradeable so far
2026-05-25 06:00:08,015 [INFO] Betfair: enriched 200/497 markets, 24 tradeable so far
2026-05-25 06:00:08,025 [INFO] Betfair: enriched 250/497 markets, 30 tradeable so far
2026-05-25 06:00:08,035 [INFO] Betfair: enriched 300/497 markets, 33 tradeable so far
2026-05-25 06:00:08,039 [INFO] Betfair: enriched 350/497 markets, 49 tradeable so far
2026-05-25 06:00:08,050 [INFO] Betfair: enriched 400/497 markets, 61 tradeable so far
2026-05-25 06:00:08,145 [INFO] Betfair: enriched 450/497 markets, 69 tradeable so far
2026-05-25 06:00:08,191 [INFO] Betfair: enriched 497/497 markets, 80 tradeable so far
2026-05-25 06:00:08,192 [INFO] Betfair: 497 total markets, 81 above 100 GBP volume
2026-05-25 06:00:08,316 [INFO] Outrights: 19 markets for sport 1
2026-05-25 06:00:08,388 [INFO] Outrights: 6 markets for sport 3
2026-05-25 06:00:08,456 [INFO] Outrights: 0 markets for sport 2378961
2026-05-25 06:00:08,708 [INFO] Outrights: 21 markets above 25 GBP
2026-05-25 06:00:08,712 [INFO] Betfair: added 21 outright markets for cross-ref
2026-05-25 06:00:08,712 [INFO] betfair: 518 total, 102 above 100 GBP threshold
2026-05-25 06:00:08,927 [INFO] Snapshot written: /home/jwfalc/smarkets-bot/data/snapshots/betfair/2026-05-25_05-00.json
2026-05-25 06:00:12,488 [INFO] Rotated market log to market_log_2026-W21.csv.gz
2026-05-25 06:00:12,601 [INFO] Market log updated (betfair)
2026-05-25 06:00:38,926 [INFO] Scanner complete for betfair. Snapshot: 2026-05-25_05-00.json
2026-05-25 06:00:39,267 [INFO] ============================================================
2026-05-25 06:00:39,268 [INFO] SCANNER RUN STARTED - MATCHBOOK
2026-05-25 06:00:39,268 [INFO] ============================================================
2026-05-25 06:00:39,607 [INFO] Matchbook login attempt 1/3
2026-05-25 06:00:39,778 [INFO] Matchbook login successful
2026-05-25 06:00:39,778 [INFO] Matchbook: fetching events with prices for 15 sports...
2026-05-25 06:00:39,884 [INFO] Matchbook: fetched page offset=0, 20 events (total so far: 20)
2026-05-25 06:00:40,156 [INFO] Matchbook: fetched page offset=20, 20 events (total so far: 40)
2026-05-25 06:00:40,454 [INFO] Matchbook: fetched page offset=40, 20 events (total so far: 60)
2026-05-25 06:00:40,787 [INFO] Matchbook: fetched page offset=60, 20 events (total so far: 80)
2026-05-25 06:00:41,103 [INFO] Matchbook: fetched page offset=80, 20 events (total so far: 100)
2026-05-25 06:00:41,399 [INFO] Matchbook: fetched page offset=100, 20 events (total so far: 120)
2026-05-25 06:00:41,662 [INFO] Matchbook: fetched page offset=120, 20 events (total so far: 140)
2026-05-25 06:00:41,920 [INFO] Matchbook: fetched page offset=140, 20 events (total so far: 160)
2026-05-25 06:00:42,167 [INFO] Matchbook: fetched page offset=160, 20 events (total so far: 180)
2026-05-25 06:00:42,472 [INFO] Matchbook: fetched page offset=180, 20 events (total so far: 200)
2026-05-25 06:00:42,763 [INFO] Matchbook: fetched page offset=200, 20 events (total so far: 220)
2026-05-25 06:00:43,055 [INFO] Matchbook: fetched page offset=220, 20 events (total so far: 240)
2026-05-25 06:00:43,284 [INFO] Matchbook: fetched page offset=240, 20 events (total so far: 260)
2026-05-25 06:00:43,520 [INFO] Matchbook: fetched page offset=260, 15 events (total so far: 275)
2026-05-25 06:00:43,520 [INFO] Matchbook: processing 275 events
2026-05-25 06:00:43,531 [INFO] Matchbook: processed 20/275 events, 309 markets so far
2026-05-25 06:00:43,541 [INFO] Matchbook: processed 40/275 events, 643 markets so far
2026-05-25 06:00:43,554 [INFO] Matchbook: processed 60/275 events, 1062 markets so far
2026-05-25 06:00:43,610 [INFO] Matchbook: processed 80/275 events, 1618 markets so far
2026-05-25 06:00:43,629 [INFO] Matchbook: processed 100/275 events, 2142 markets so far
2026-05-25 06:00:43,646 [INFO] Matchbook: processed 120/275 events, 2603 markets so far
2026-05-25 06:00:43,656 [INFO] Matchbook: processed 140/275 events, 2956 markets so far
2026-05-25 06:00:43,664 [INFO] Matchbook: processed 160/275 events, 3275 markets so far
2026-05-25 06:00:43,669 [INFO] Matchbook: processed 180/275 events, 3475 markets so far
2026-05-25 06:00:43,690 [INFO] Matchbook: processed 200/275 events, 4066 markets so far
2026-05-25 06:00:43,704 [INFO] Matchbook: processed 220/275 events, 4492 markets so far
2026-05-25 06:00:43,720 [INFO] Matchbook: processed 240/275 events, 4859 markets so far
2026-05-25 06:00:43,721 [INFO] Matchbook: processed 260/275 events, 4879 markets so far
2026-05-25 06:00:43,723 [INFO] Matchbook: processed 275/275 events, 4894 markets so far
2026-05-25 06:00:43,723 [INFO] Matchbook: 4895 total markets, 209 above 25 GBP volume
2026-05-25 06:00:43,763 [INFO] matchbook: 4895 total, 209 above 25 GBP threshold
2026-05-25 06:00:43,857 [INFO] Snapshot written: /home/jwfalc/smarkets-bot/data/snapshots/matchbook/2026-05-25_05-00.json
2026-05-25 06:00:43,907 [INFO] Market log updated (matchbook)
2026-05-25 06:01:09,248 [INFO] Scanner complete for matchbook. Snapshot: 2026-05-25_05-00.json
2026-05-25 06:01:09,915 [RESEARCHER] matchbook: 209 tradeable markets from 2026-05-25_05-00.json
2026-05-25 06:01:09,916 [RESEARCHER] Market selection: 0 politics/current-affairs + 15 sports = 15 total (platforms: ['matchbook'])
2026-05-25 06:01:09,916 [RESEARCHER] [1/15] Winner
2026-05-25 06:01:17,749 [RESEARCHER] [2/15] Winner
2026-05-25 06:01:25,657 [RESEARCHER] [3/15] Moneyline
2026-05-25 06:01:32,617 [RESEARCHER] [4/15] Winner
2026-05-25 06:01:39,335 [RESEARCHER] [5/15] Match Odds
2026-05-25 06:01:46,049 [RESEARCHER] [6/15] Winner
2026-05-25 06:01:52,403 [RESEARCHER] [7/15] Correct Score
2026-05-25 06:01:59,683 [RESEARCHER] [8/15] Winner
2026-05-25 06:02:06,881 [RESEARCHER] [9/15] Match Odds
2026-05-25 06:02:13,529 [RESEARCHER] [10/15] Winner
2026-05-25 06:02:20,210 [RESEARCHER] [11/15] Match Odds
2026-05-25 06:02:26,726 [RESEARCHER] [12/15] Winner 
2026-05-25 06:02:34,049 [RESEARCHER] [13/15] Total
2026-05-25 06:02:36,603 [RESEARCHER] [14/15] Winner
2026-05-25 06:02:45,389 [RESEARCHER] [15/15] Match Odds
2026-05-25 06:02:52,535 [RESEARCHER] Research brief written: 2026-05-25_05-02_brief.json
2026-05-25 06:02:52,535 [RESEARCHER] Markets: 15 | Errors: 0 | Credits used: 60
BRIEF_PATH:/home/jwfalc/smarkets-bot/data/research/2026-05-25_05-02_brief.json
2026-05-25 06:02:52,828 [ANALYZER] Loading research brief: 2026-05-25_05-02_brief.json
2026-05-25 06:02:52,987 [ANALYZER] Betfair cross-ref index: 2454 runners
2026-05-25 06:02:52,991 [ANALYZER] Analyzed 15 markets
2026-05-25 06:02:52,991 [ANALYZER] Found 0 signals (10pp+)
2026-05-25 06:02:52,991 [ANALYZER] Logged 2 distribution entries (7pp+)
2026-05-25 06:02:53,002 [ANALYZER] Research output written: 2026-05-25_05-02_research.json
2026-05-25 06:02:53,004 [ANALYZER] Appended 62 edge traces to edge_traces.json
RESEARCH_PATH:/home/jwfalc/smarkets-bot/data/research/2026-05-25_05-02_research.json
2026-05-25 06:02:53,567 [RESOLVE] Found 3 open trade(s) to check (paper_mode=True)
2026-05-25 06:02:53,567 [RESOLVE] Settled markets found: 0
2026-05-25 06:02:53,568 [RESOLVE] Standings: unknown competition for 'Men's French Open 2026 - Winner' — skip
2026-05-25 06:02:53,568 [RESOLVE] Standings fallback: 1 season future market(s) to check
2026-05-25 06:02:54,022 [RESOLVE] Standings: no match for 'Erling Haaland' in 20-team table
2026-05-25 06:02:54,023 [RESOLVE] No open-trade markets have settled yet.
2026-05-25 06:02:54,631 [INFO] ============================================================
2026-05-25 06:02:54,631 [INFO] DIGEST RUN STARTED
2026-05-25 06:02:54,631 [INFO] ============================================================
2026-05-25 06:02:58,952 [INFO] Dashboard data written: /home/jwfalc/smarkets-bot/dashboard/dashboard_data.json
2026-05-25 06:02:59,008 [INFO] Period logs updated: 2026-05-25, 2026-W22, 2026-05, 2026-Q2
2026-05-25 06:02:59,008 [INFO] Run log: [2026-05-25 05:02 UTC] status=ok | platforms=betfair,matchbook | markets=311 | signals=0 | alerts=0 | movements=10 | consec_losses=1
2026-05-25 06:02:59,009 [INFO] Digest complete
Balance: £282.75 | Reserved: £8.50 | Available: £274.25
No new paper trades to log
Distribution log updated: 1 new entries added
Total entries: 616
  near_certainty: 5 total, 4 resolved
  high_prob: 14 total, 7 resolved
  7-9pp: 165 total, 58 resolved
  10-11pp: 53 total, 29 resolved
  12pp+: 379 total, 270 resolved

REVIEW DUE: 7-9pp band has 58 resolved entries (threshold: 12)
  Run: python distribution_logger.py report
  Then run: prompts/prompt_review_v1.md

REVIEW DUE: 7-9pp band has 58 resolved entries (threshold: 12)
  Run: python distribution_logger.py report
  Then run: prompts/prompt_review_v1.md
EXIT_CODE:0
Sent
2026-05-25 06:03:01,940 [STATIC-DASH] Building dashboard data…
2026-05-25 06:03:02,813 [STATIC-DASH] Data collected: 152 trades, 7 signals, 311 markets
2026-05-25 06:03:02,963 [STATIC-DASH] Written: /home/jwfalc/smarkets-dashboard/index.html (2007KB)
2026-05-25 06:03:03 [DEPLOY] Starting dashboard deploy...
WARNING: could not find injection point in HTML
HTML written OK
2026-05-25 06:03:03 [DEPLOY] Static HTML built
[main 9f09b85] Deploy: 2026-05-25 06:03 UTC
 1 file changed, 1 insertion(+), 1 deletion(-)
To https://github.com/jwfalc-coder/smarkets-dashboard.git
   0ab2f8e..9f09b85  main -> main
2026-05-25 06:03:03 [DEPLOY] Deploy complete: Deploy: 2026-05-25 06:03 UTC
[main 8f2df2d] log: routine_2026-05-25_0600
 1 file changed, 150 insertions(+)
 create mode 100644 data/routine_logs/routine_2026-05-25_0600.log
From https://github.com/jwfalc-coder/betting-auditor
 * branch            main       -> FETCH_HEAD
Current branch main is up to date.
To https://github.com/jwfalc-coder/betting-auditor.git
   80df70c..8f2df2d  main -> main
