Sent
2026-05-30 10:00:02,161 [INFO] ============================================================
2026-05-30 10:00:02,161 [INFO] SCANNER RUN STARTED - BETFAIR
2026-05-30 10:00:02,161 [INFO] ============================================================
2026-05-30 10:00:02,557 [INFO] Cached Betfair session too old, re-logging in
2026-05-30 10:00:02,558 [INFO] Betfair login attempt 1/3
2026-05-30 10:00:02,728 [INFO] Betfair login successful
2026-05-30 10:00:02,870 [INFO] Catalogue: 100 markets for sport ID 1
2026-05-30 10:00:02,993 [INFO] Catalogue: 100 markets for sport ID 2
2026-05-30 10:00:03,129 [INFO] Catalogue: 100 markets for sport ID 7
2026-05-30 10:00:03,260 [INFO] Catalogue: 100 markets for sport ID 4
2026-05-30 10:00:03,341 [INFO] Catalogue: 2 markets for sport ID 2378961
2026-05-30 10:00:03,437 [INFO] Catalogue: 39 markets for sport ID 3
2026-05-30 10:00:03,663 [INFO] Catalogue: 80 markets for sport ID 7522
2026-05-30 10:00:03,762 [INFO] Catalogue: 9 markets for sport ID 6423
2026-05-30 10:00:03,762 [INFO] Betfair: fetching prices for 530 markets...
2026-05-30 10:00:08,305 [INFO] Betfair: enriching 530 markets with price data...
2026-05-30 10:00:08,315 [INFO] Betfair: enriched 50/530 markets, 13 tradeable so far
2026-05-30 10:00:08,321 [INFO] Betfair: enriched 100/530 markets, 19 tradeable so far
2026-05-30 10:00:08,324 [INFO] Betfair: enriched 150/530 markets, 20 tradeable so far
2026-05-30 10:00:08,326 [INFO] Betfair: enriched 200/530 markets, 20 tradeable so far
2026-05-30 10:00:08,335 [INFO] Betfair: enriched 250/530 markets, 27 tradeable so far
2026-05-30 10:00:08,374 [INFO] Betfair: enriched 300/530 markets, 29 tradeable so far
2026-05-30 10:00:08,378 [INFO] Betfair: enriched 350/530 markets, 40 tradeable so far
2026-05-30 10:00:08,380 [INFO] Betfair: enriched 400/530 markets, 45 tradeable so far
2026-05-30 10:00:08,408 [INFO] Betfair: enriched 450/530 markets, 66 tradeable so far
2026-05-30 10:00:08,460 [INFO] Betfair: enriched 500/530 markets, 83 tradeable so far
2026-05-30 10:00:08,495 [INFO] Betfair: enriched 530/530 markets, 85 tradeable so far
2026-05-30 10:00:08,498 [INFO] Betfair: 530 total markets, 85 above 100 GBP volume
2026-05-30 10:00:08,612 [INFO] Outrights: 22 markets for sport 1
2026-05-30 10:00:08,704 [INFO] Outrights: 16 markets for sport 3
2026-05-30 10:00:08,784 [INFO] Outrights: 1 markets for sport 2378961
2026-05-30 10:00:09,181 [INFO] Outrights: 35 markets above 25 GBP
2026-05-30 10:00:09,187 [INFO] Betfair: added 31 outright markets for cross-ref
2026-05-30 10:00:09,188 [INFO] betfair: 561 total, 116 above 100 GBP threshold
2026-05-30 10:00:09,501 [INFO] Snapshot written: /home/jwfalc/smarkets-bot/data/snapshots/betfair/2026-05-30_09-00.json
2026-05-30 10:00:09,678 [INFO] Market log updated (betfair)
2026-05-30 10:00:36,995 [INFO] Scanner complete for betfair. Snapshot: 2026-05-30_09-00.json
2026-05-30 10:00:37,304 [INFO] ============================================================
2026-05-30 10:00:37,304 [INFO] SCANNER RUN STARTED - MATCHBOOK
2026-05-30 10:00:37,304 [INFO] ============================================================
2026-05-30 10:00:37,644 [INFO] Matchbook login attempt 1/3
2026-05-30 10:00:37,817 [INFO] Matchbook login successful
2026-05-30 10:00:37,817 [INFO] Matchbook: fetching events with prices for 15 sports...
2026-05-30 10:00:38,016 [INFO] Matchbook: fetched page offset=0, 20 events (total so far: 20)
2026-05-30 10:00:38,339 [INFO] Matchbook: fetched page offset=20, 20 events (total so far: 40)
2026-05-30 10:00:38,665 [INFO] Matchbook: fetched page offset=40, 20 events (total so far: 60)
2026-05-30 10:00:38,931 [INFO] Matchbook: fetched page offset=60, 20 events (total so far: 80)
2026-05-30 10:00:39,256 [INFO] Matchbook: fetched page offset=80, 20 events (total so far: 100)
2026-05-30 10:00:39,572 [INFO] Matchbook: fetched page offset=100, 20 events (total so far: 120)
2026-05-30 10:00:39,873 [INFO] Matchbook: fetched page offset=120, 20 events (total so far: 140)
2026-05-30 10:00:40,188 [INFO] Matchbook: fetched page offset=140, 20 events (total so far: 160)
2026-05-30 10:00:40,462 [INFO] Matchbook: fetched page offset=160, 20 events (total so far: 180)
2026-05-30 10:00:40,765 [INFO] Matchbook: fetched page offset=180, 20 events (total so far: 200)
2026-05-30 10:00:41,018 [INFO] Matchbook: fetched page offset=200, 20 events (total so far: 220)
2026-05-30 10:00:41,343 [INFO] Matchbook: fetched page offset=220, 20 events (total so far: 240)
2026-05-30 10:00:41,646 [INFO] Matchbook: fetched page offset=240, 20 events (total so far: 260)
2026-05-30 10:00:41,880 [INFO] Matchbook: fetched page offset=260, 20 events (total so far: 280)
2026-05-30 10:00:42,122 [INFO] Matchbook: fetched page offset=280, 14 events (total so far: 294)
2026-05-30 10:00:42,123 [INFO] Matchbook: processing 294 events
2026-05-30 10:00:42,134 [INFO] Matchbook: processed 20/294 events, 237 markets so far
2026-05-30 10:00:42,149 [INFO] Matchbook: processed 40/294 events, 643 markets so far
2026-05-30 10:00:42,214 [INFO] Matchbook: processed 60/294 events, 1009 markets so far
2026-05-30 10:00:42,217 [INFO] Matchbook: processed 80/294 events, 1059 markets so far
2026-05-30 10:00:42,235 [INFO] Matchbook: processed 100/294 events, 1558 markets so far
2026-05-30 10:00:42,253 [INFO] Matchbook: processed 120/294 events, 2027 markets so far
2026-05-30 10:00:42,270 [INFO] Matchbook: processed 140/294 events, 2568 markets so far
2026-05-30 10:00:42,290 [INFO] Matchbook: processed 160/294 events, 3186 markets so far
2026-05-30 10:00:42,303 [INFO] Matchbook: processed 180/294 events, 3748 markets so far
2026-05-30 10:00:42,321 [INFO] Matchbook: processed 200/294 events, 4236 markets so far
2026-05-30 10:00:42,329 [INFO] Matchbook: processed 220/294 events, 4583 markets so far
2026-05-30 10:00:42,352 [INFO] Matchbook: processed 240/294 events, 5218 markets so far
2026-05-30 10:00:42,366 [INFO] Matchbook: processed 260/294 events, 5556 markets so far
2026-05-30 10:00:42,368 [INFO] Matchbook: processed 280/294 events, 5576 markets so far
2026-05-30 10:00:42,370 [INFO] Matchbook: processed 294/294 events, 5590 markets so far
2026-05-30 10:00:42,370 [INFO] Matchbook: 5591 total markets, 456 above 25 GBP volume
2026-05-30 10:00:42,423 [INFO] matchbook: 5591 total, 456 above 25 GBP threshold
2026-05-30 10:00:42,618 [INFO] Snapshot written: /home/jwfalc/smarkets-bot/data/snapshots/matchbook/2026-05-30_09-00.json
2026-05-30 10:00:42,721 [INFO] Market log updated (matchbook)
2026-05-30 10:01:12,621 [INFO] Scanner complete for matchbook. Snapshot: 2026-05-30_09-00.json
2026-05-30 10:01:13,275 [RESEARCHER] Prior index loaded: 89 known runners
2026-05-30 10:01:13,341 [RESEARCHER] betfair: 116 tradeable markets from 2026-05-30_09-00.json
2026-05-30 10:01:13,341 [RESEARCHER] Market selection: 3 politics + 7 outrights + 8 other sports = 18 total (platforms: ['betfair'])
2026-05-30 10:01:13,342 [RESEARCHER] [1/18] Starmer Replaced by June 1st 2026
2026-05-30 10:01:18,787 [RESEARCHER]   Prior history injected for Yes
2026-05-30 10:01:18,788 [RESEARCHER]   Prior history injected for No
2026-05-30 10:01:18,788 [RESEARCHER] [2/18] Next President of Colombia
2026-05-30 10:01:24,029 [RESEARCHER]   Prior history injected for Paloma Valencia
2026-05-30 10:01:24,030 [RESEARCHER] [3/18] Makerfield - Restore Britain Vote Percentage
2026-05-30 10:01:28,950 [RESEARCHER] [4/18] Winner
2026-05-30 10:01:35,658 [RESEARCHER] [5/18] Winner
2026-05-30 10:01:42,087 [RESEARCHER]   Prior history injected for Arsenal
2026-05-30 10:01:42,088 [RESEARCHER] [6/18] Winner
2026-05-30 10:01:50,124 [RESEARCHER] [7/18] Winner
2026-05-30 10:01:58,017 [RESEARCHER] [8/18] Winner
2026-05-30 10:02:05,668 [RESEARCHER]   Prior history injected for Bryson DeChambeau
2026-05-30 10:02:05,668 [RESEARCHER] [9/18] Winner
2026-05-30 10:02:14,047 [RESEARCHER]   Prior history injected for Scottie Scheffler
2026-05-30 10:02:14,047 [RESEARCHER]   Prior history injected for Rory McIlroy
2026-05-30 10:02:14,048 [RESEARCHER]   Prior history injected for Jon Rahm
2026-05-30 10:02:14,048 [RESEARCHER]   Prior history injected for Xander Schauffele
2026-05-30 10:02:14,048 [RESEARCHER]   Prior history injected for Cameron Young
2026-05-30 10:02:14,049 [RESEARCHER] [10/18] Winner
2026-05-30 10:02:18,307 [RESEARCHER]   Prior history injected for Scottie Scheffler
2026-05-30 10:02:18,307 [RESEARCHER]   Prior history injected for Rory McIlroy
2026-05-30 10:02:18,308 [RESEARCHER]   Prior history injected for Jon Rahm
2026-05-30 10:02:18,308 [RESEARCHER]   Prior history injected for Cameron Young
2026-05-30 10:02:18,308 [RESEARCHER]   Prior history injected for Ludvig Aberg
2026-05-30 10:02:18,309 [RESEARCHER]   Prior history injected for Bryson DeChambeau
2026-05-30 10:02:18,309 [RESEARCHER] [11/18] Match Odds
2026-05-30 10:02:25,445 [RESEARCHER]   Prior history injected for Pakistan
2026-05-30 10:02:25,445 [RESEARCHER] [12/18] Moneyline
2026-05-30 10:02:32,436 [RESEARCHER]   Prior history injected for San Antonio Spurs
2026-05-30 10:02:32,436 [RESEARCHER] [13/18] Will an English team win the 25/26 UCL?
2026-05-30 10:02:38,709 [RESEARCHER]   Prior history injected for No
2026-05-30 10:02:38,709 [RESEARCHER]   Prior history injected for Yes
2026-05-30 10:02:38,710 [RESEARCHER] [14/18] Match Odds
2026-05-30 10:02:45,819 [RESEARCHER] [15/18] Winner 2026/27
2026-05-30 10:02:52,766 [RESEARCHER]   Prior history injected for Arsenal
2026-05-30 10:02:52,767 [RESEARCHER]   Prior history injected for Man City
2026-05-30 10:02:52,767 [RESEARCHER]   Prior history injected for Liverpool
2026-05-30 10:02:52,767 [RESEARCHER]   Prior history injected for Chelsea
2026-05-30 10:02:52,768 [RESEARCHER]   Prior history injected for Aston Villa
2026-05-30 10:02:52,768 [RESEARCHER] [16/18] Match Odds
2026-05-30 10:02:59,704 [RESEARCHER] [17/18] 7f Mdn Stks
2026-05-30 10:03:12,557 [RESEARCHER] [18/18] Winner 2026
2026-05-30 10:03:19,232 [RESEARCHER] Research brief written: 2026-05-30_09-03_brief.json
2026-05-30 10:03:19,232 [RESEARCHER] Markets: 18 | Errors: 0 | Credits used: 73
BRIEF_PATH:/home/jwfalc/smarkets-bot/data/research/2026-05-30_09-03_brief.json
2026-05-30 10:03:19,552 [ANALYZER] Loading research brief: 2026-05-30_09-03_brief.json
2026-05-30 10:03:19,813 [ANALYZER] Betfair cross-ref index: 3696 runners
2026-05-30 10:03:19,820 [ANALYZER] Analyzed 18 markets
2026-05-30 10:03:19,820 [ANALYZER] Found 2 signals (10pp+)
2026-05-30 10:03:19,820 [ANALYZER] Logged 9 distribution entries (7pp+)
2026-05-30 10:03:19,835 [ANALYZER] Research output written: 2026-05-30_09-03_research.json
2026-05-30 10:03:19,838 [ANALYZER] Appended 84 edge traces to edge_traces.json
RESEARCH_PATH:/home/jwfalc/smarkets-bot/data/research/2026-05-30_09-03_research.json
2026-05-30 10:03:20,402 [RESOLVE] Found 33 open trade(s) to check (paper_mode=True)
2026-05-30 10:03:20,472 [RESOLVE] Using cached Betfair session token
2026-05-30 10:03:20,472 [RESOLVE] Betfair: checking 15 open-trade markets
2026-05-30 10:03:29,205 [RESOLVE] Snapshot name lookup: found mappings for 15 markets
2026-05-30 10:03:29,414 [RESOLVE] Settled markets found: 0
2026-05-30 10:03:29,415 [RESOLVE] Standings: unknown competition for 'Men's French Open 2026 - Winner' — skip
2026-05-30 10:03:29,415 [RESOLVE] No open-trade markets have settled yet.
2026-05-30 10:03:30,036 [INFO] ============================================================
2026-05-30 10:03:30,036 [INFO] DIGEST RUN STARTED
2026-05-30 10:03:30,036 [INFO] ============================================================
2026-05-30 10:03:34,965 [INFO] Dashboard data written: /home/jwfalc/smarkets-bot/dashboard/dashboard_data.json
2026-05-30 10:03:35,047 [INFO] Period logs updated: 2026-05-30, 2026-W22, 2026-05, 2026-Q2
2026-05-30 10:03:35,047 [INFO] Run log: [2026-05-30 09:03 UTC] status=signal | platforms=betfair,matchbook | markets=572 | signals=2 | alerts=0 | movements=10 | consec_losses=1
2026-05-30 10:03:35,048 [INFO] Digest complete
Balance: £363.99 | Reserved: £176.00 | Available: £187.99
Reduced stake: Winner edge 12.2pp < 15.0pp → £2.15 (43%)
Skipping (already open): Winner BACK
Reduced stake: Match Odds edge 11.9pp < 15.0pp → £1.90 (38%)
Logged paper trade: Match Odds - BACK @ 57.14% (edge: 11.91pp) [betfair] | available now £186.09

1 new paper trade(s) logged
Distribution log updated: 4 new entries added
Total entries: 753
  near_certainty: 6 total, 5 resolved
  high_prob: 16 total, 8 resolved
  7-9pp: 219 total, 82 resolved
  10-11pp: 83 total, 35 resolved
  12pp+: 429 total, 317 resolved

REVIEW DUE: 7-9pp band has 82 resolved entries (threshold: 12)
  Run: python distribution_logger.py report
  Then run: prompts/prompt_review_v1.md

REVIEW DUE: 7-9pp band has 82 resolved entries (threshold: 12)
  Run: python distribution_logger.py report
  Then run: prompts/prompt_review_v1.md
EXIT_CODE:0
Sent
2026-05-30 10:03:48,136 [STATIC-DASH] Building dashboard data…
2026-05-30 10:03:49,274 [STATIC-DASH] Data collected: 210 trades, 44 signals, 572 markets
2026-05-30 10:03:49,525 [STATIC-DASH] Written: /home/jwfalc/smarkets-dashboard/index.html (3212KB)
2026-05-30 10:03:49 [DEPLOY] Starting dashboard deploy...
WARNING: could not find injection point in HTML
HTML written OK
2026-05-30 10:03:49 [DEPLOY] Static HTML built
[main 271542e] Deploy: 2026-05-30 10:03 UTC
 1 file changed, 1 insertion(+), 1 deletion(-)
To https://github.com/jwfalc-coder/smarkets-dashboard.git
   9f14c0b..271542e  main -> main
2026-05-30 10:03:49 [DEPLOY] Deploy complete: Deploy: 2026-05-30 10:03 UTC
[main d088de2] log: routine_2026-05-30_1000
 1 file changed, 187 insertions(+)
 create mode 100644 data/routine_logs/routine_2026-05-30_1000.log
From https://github.com/jwfalc-coder/betting-auditor
 * branch            main       -> FETCH_HEAD
   adb0f0a..464ce02  main       -> origin/main
Rebasing (1/1)Successfully rebased and updated refs/heads/main.
To https://github.com/jwfalc-coder/betting-auditor.git
   464ce02..499ab98  main -> main
