Sent
2026-05-13 10:00:03,279 [INFO] ============================================================
2026-05-13 10:00:03,280 [INFO] SCANNER RUN STARTED - BETFAIR
2026-05-13 10:00:03,280 [INFO] ============================================================
2026-05-13 10:00:04,063 [INFO] Cached Betfair session too old, re-logging in
2026-05-13 10:00:04,064 [INFO] Betfair login attempt 1/3
2026-05-13 10:00:04,247 [INFO] Betfair login successful
2026-05-13 10:00:04,430 [INFO] Catalogue: 100 markets for sport ID 1
2026-05-13 10:00:04,580 [INFO] Catalogue: 100 markets for sport ID 2
2026-05-13 10:00:04,725 [INFO] Catalogue: 100 markets for sport ID 7
2026-05-13 10:00:04,855 [INFO] Catalogue: 100 markets for sport ID 4
2026-05-13 10:00:04,949 [INFO] Catalogue: 0 markets for sport ID 2378961
2026-05-13 10:00:05,081 [INFO] Catalogue: 85 markets for sport ID 3
2026-05-13 10:00:05,347 [INFO] Catalogue: 100 markets for sport ID 7522
2026-05-13 10:00:05,429 [INFO] Catalogue: 0 markets for sport ID 6423
2026-05-13 10:00:05,430 [INFO] Betfair: fetching prices for 585 markets...
2026-05-13 10:00:11,180 [INFO] Betfair: enriching 585 markets with price data...
2026-05-13 10:00:11,187 [INFO] Betfair: enriched 50/585 markets, 21 tradeable so far
2026-05-13 10:00:11,195 [INFO] Betfair: enriched 100/585 markets, 32 tradeable so far
2026-05-13 10:00:11,198 [INFO] Betfair: enriched 150/585 markets, 37 tradeable so far
2026-05-13 10:00:11,201 [INFO] Betfair: enriched 200/585 markets, 39 tradeable so far
2026-05-13 10:00:11,210 [INFO] Betfair: enriched 250/585 markets, 45 tradeable so far
2026-05-13 10:00:11,224 [INFO] Betfair: enriched 300/585 markets, 71 tradeable so far
2026-05-13 10:00:11,227 [INFO] Betfair: enriched 350/585 markets, 79 tradeable so far
2026-05-13 10:00:11,229 [INFO] Betfair: enriched 400/585 markets, 84 tradeable so far
2026-05-13 10:00:11,278 [INFO] Betfair: enriched 450/585 markets, 104 tradeable so far
2026-05-13 10:00:11,315 [INFO] Betfair: enriched 500/585 markets, 124 tradeable so far
2026-05-13 10:00:11,398 [INFO] Betfair: enriched 550/585 markets, 129 tradeable so far
2026-05-13 10:00:11,464 [INFO] Betfair: enriched 585/585 markets, 139 tradeable so far
2026-05-13 10:00:11,466 [INFO] Betfair: 585 total markets, 139 above 100 GBP volume
2026-05-13 10:00:11,518 [INFO] betfair: 585 total, 139 above 100 GBP threshold
2026-05-13 10:00:11,964 [INFO] Snapshot written: /home/jwfalc/smarkets-bot/data/snapshots/betfair/2026-05-13_09-00.json
2026-05-13 10:00:12,161 [INFO] Market log updated (betfair)
2026-05-13 10:00:51,587 [INFO] Scanner complete for betfair. Snapshot: 2026-05-13_09-00.json
2026-05-13 10:00:52,205 [INFO] ============================================================
2026-05-13 10:00:52,206 [INFO] SCANNER RUN STARTED - MATCHBOOK
2026-05-13 10:00:52,207 [INFO] ============================================================
2026-05-13 10:00:52,811 [INFO] Matchbook login attempt 1/3
2026-05-13 10:00:52,991 [INFO] Matchbook login successful
2026-05-13 10:00:52,992 [INFO] Matchbook: fetching events with prices for 15 sports...
2026-05-13 10:00:53,072 [INFO] Matchbook: fetched page offset=0, 20 events (total so far: 20)
2026-05-13 10:00:53,369 [INFO] Matchbook: fetched page offset=20, 20 events (total so far: 40)
2026-05-13 10:00:53,650 [INFO] Matchbook: fetched page offset=40, 20 events (total so far: 60)
2026-05-13 10:00:54,006 [INFO] Matchbook: fetched page offset=60, 20 events (total so far: 80)
2026-05-13 10:00:54,363 [INFO] Matchbook: fetched page offset=80, 20 events (total so far: 100)
2026-05-13 10:00:54,750 [INFO] Matchbook: fetched page offset=100, 20 events (total so far: 120)
2026-05-13 10:00:55,137 [INFO] Matchbook: fetched page offset=120, 20 events (total so far: 140)
2026-05-13 10:00:55,524 [INFO] Matchbook: fetched page offset=140, 20 events (total so far: 160)
2026-05-13 10:00:55,878 [INFO] Matchbook: fetched page offset=160, 20 events (total so far: 180)
2026-05-13 10:00:56,211 [INFO] Matchbook: fetched page offset=180, 20 events (total so far: 200)
2026-05-13 10:00:56,441 [INFO] Matchbook: fetched page offset=200, 20 events (total so far: 220)
2026-05-13 10:00:56,751 [INFO] Matchbook: fetched page offset=220, 20 events (total so far: 240)
2026-05-13 10:00:57,087 [INFO] Matchbook: fetched page offset=240, 20 events (total so far: 260)
2026-05-13 10:00:57,450 [INFO] Matchbook: fetched page offset=260, 20 events (total so far: 280)
2026-05-13 10:00:57,809 [INFO] Matchbook: fetched page offset=280, 20 events (total so far: 300)
2026-05-13 10:00:58,158 [INFO] Matchbook: fetched page offset=300, 20 events (total so far: 320)
2026-05-13 10:00:58,584 [INFO] Matchbook: fetched page offset=320, 20 events (total so far: 340)
2026-05-13 10:00:58,818 [INFO] Matchbook: fetched page offset=340, 12 events (total so far: 352)
2026-05-13 10:00:58,819 [INFO] Matchbook: processing 352 events
2026-05-13 10:00:58,821 [INFO] Matchbook: processed 20/352 events, 19 markets so far
2026-05-13 10:00:58,830 [INFO] Matchbook: processed 40/352 events, 229 markets so far
2026-05-13 10:00:58,845 [INFO] Matchbook: processed 60/352 events, 409 markets so far
2026-05-13 10:00:58,870 [INFO] Matchbook: processed 80/352 events, 849 markets so far
2026-05-13 10:00:58,898 [INFO] Matchbook: processed 100/352 events, 1393 markets so far
2026-05-13 10:00:58,928 [INFO] Matchbook: processed 120/352 events, 1997 markets so far
2026-05-13 10:00:58,962 [INFO] Matchbook: processed 140/352 events, 2648 markets so far
2026-05-13 10:00:58,990 [INFO] Matchbook: processed 160/352 events, 3232 markets so far
2026-05-13 10:00:59,024 [INFO] Matchbook: processed 180/352 events, 3887 markets so far
2026-05-13 10:00:59,050 [INFO] Matchbook: processed 200/352 events, 4357 markets so far
2026-05-13 10:00:59,052 [INFO] Matchbook: processed 220/352 events, 4377 markets so far
2026-05-13 10:00:59,062 [INFO] Matchbook: processed 240/352 events, 4401 markets so far
2026-05-13 10:00:59,104 [INFO] Matchbook: processed 260/352 events, 4876 markets so far
2026-05-13 10:00:59,142 [INFO] Matchbook: processed 280/352 events, 5584 markets so far
2026-05-13 10:00:59,174 [INFO] Matchbook: processed 300/352 events, 6247 markets so far
2026-05-13 10:00:59,210 [INFO] Matchbook: processed 320/352 events, 6995 markets so far
2026-05-13 10:00:59,222 [INFO] Matchbook: processed 340/352 events, 7177 markets so far
2026-05-13 10:00:59,224 [INFO] Matchbook: processed 352/352 events, 7189 markets so far
2026-05-13 10:00:59,225 [INFO] Matchbook: 7190 total markets, 482 above 25 GBP volume
2026-05-13 10:00:59,345 [INFO] matchbook: 7190 total, 482 above 25 GBP threshold
2026-05-13 10:00:59,597 [INFO] Snapshot written: /home/jwfalc/smarkets-bot/data/snapshots/matchbook/2026-05-13_09-00.json
2026-05-13 10:00:59,723 [INFO] Market log updated (matchbook)
2026-05-13 10:01:38,627 [INFO] Scanner complete for matchbook. Snapshot: 2026-05-13_09-00.json
2026-05-13 10:01:40,574 [RESEARCHER] matchbook: 312 tradeable markets from 2026-05-13_09-00.json
2026-05-13 10:01:40,578 [RESEARCHER] Market selection: 0 politics/current-affairs + 15 matchbook-sports + 0 betfair-sports = 15 total
2026-05-13 10:01:40,579 [RESEARCHER] [1/15] Winner
2026-05-13 10:01:44,034 [RESEARCHER] [2/15] Winner
2026-05-13 10:01:47,686 [RESEARCHER] [3/15] Winner
2026-05-13 10:01:50,881 [RESEARCHER] [4/15] To Be Relegated
2026-05-13 10:01:53,967 [RESEARCHER] [5/15] Winner
2026-05-13 10:01:57,807 [RESEARCHER] [6/15] Match Odds
2026-05-13 10:02:00,893 [RESEARCHER] [7/15] Top 4 Finish
2026-05-13 10:02:04,508 [RESEARCHER] [8/15] Winner
2026-05-13 10:02:08,458 [RESEARCHER] [9/15] Correct Score
2026-05-13 10:02:11,646 [RESEARCHER] [10/15] Top 6 Finish
2026-05-13 10:02:15,164 [RESEARCHER] [11/15] Match Odds
2026-05-13 10:02:18,452 [RESEARCHER] [12/15] Match Odds
2026-05-13 10:02:22,073 [RESEARCHER] [13/15] Match Odds
2026-05-13 10:02:25,595 [RESEARCHER] [14/15] Match Odds
2026-05-13 10:02:29,350 [RESEARCHER] [15/15] Match Odds
2026-05-13 10:02:33,212 [RESEARCHER] Research brief written: 2026-05-13_09-02_brief.json
2026-05-13 10:02:33,212 [RESEARCHER] Markets: 15 | Errors: 0 | Credits used: 30
BRIEF_PATH:/home/jwfalc/smarkets-bot/data/research/2026-05-13_09-02_brief.json
2026-05-13 10:02:33,756 [ANALYZER] Loading research brief: 2026-05-13_09-02_brief.json
2026-05-13 10:02:33,907 [ANALYZER] Analyzed 15 markets
2026-05-13 10:02:33,908 [ANALYZER] Found 7 signals (10pp+)
2026-05-13 10:02:33,908 [ANALYZER] Logged 17 distribution entries (7pp+)
2026-05-13 10:02:33,924 [ANALYZER] Research output written: 2026-05-13_09-02_research.json
2026-05-13 10:02:33,926 [ANALYZER] Appended 60 edge traces to edge_traces.json
RESEARCH_PATH:/home/jwfalc/smarkets-bot/data/research/2026-05-13_09-02_research.json
2026-05-13 10:02:34,981 [RESOLVE] Found 24 open trade(s) to check (paper_mode=True)
2026-05-13 10:02:34,982 [RESOLVE] Settled markets found: 0
2026-05-13 10:02:34,982 [RESOLVE] No open-trade markets have settled yet.
2026-05-13 10:02:36,159 [INFO] ============================================================
2026-05-13 10:02:36,161 [INFO] DIGEST RUN STARTED
2026-05-13 10:02:36,162 [INFO] ============================================================
2026-05-13 10:02:43,374 [INFO] Dashboard data written: /home/jwfalc/smarkets-bot/dashboard/dashboard_data.json
2026-05-13 10:02:43,445 [INFO] Period logs updated: 2026-05-13, 2026-W20, 2026-05, 2026-Q2
2026-05-13 10:02:43,446 [INFO] Run log: [2026-05-13 09:02 UTC] status=signal | platforms=betfair,matchbook | markets=621 | signals=7 | alerts=0 | movements=10 | consec_losses=1
2026-05-13 10:02:43,446 [INFO] Digest complete
Balance: £207.32 | Reserved: £179.31 | Available: £28.01
Skipping (conflicting back in same market): Winner
Skipping (already open): Top 6 Finish LAY
Skipping (already open): Top 6 Finish LAY
Logged paper trade: Match Odds - BACK @ 50.0% (edge: 12.4pp) [matchbook] | available now £23.01
Skipping (conflicting back in same market): Match Odds
Logged paper trade: Match Odds - BACK @ 42.02% (edge: 15.72pp) [matchbook] | available now £18.01
Skipping (conflicting back in same market): Match Odds

2 new paper trade(s) logged
Distribution log updated: 11 new entries added
Total entries: 525
  7-9pp: 135 total, 18 resolved
  10-11pp: 63 total, 37 resolved
  12pp+: 327 total, 169 resolved

REVIEW DUE: 7-9pp band has 18 resolved entries (threshold: 12)
  Run: python distribution_logger.py report
  Then run: prompts/prompt_review_v1.md

REVIEW DUE: 7-9pp band has 18 resolved entries (threshold: 12)
  Run: python distribution_logger.py report
  Then run: prompts/prompt_review_v1.md
EXIT_CODE:0
Sent
2026-05-13 10:02:48,645 [STATIC-DASH] Building dashboard data…
2026-05-13 10:02:50,329 [STATIC-DASH] Data collected: 103 trades, 51 signals, 621 markets
2026-05-13 10:02:50,602 [STATIC-DASH] Written: /home/jwfalc/smarkets-dashboard/index.html (2875KB)
2026-05-13 10:02:50 [DEPLOY] Starting dashboard deploy...
WARNING: could not find injection point in HTML
HTML written OK
2026-05-13 10:02:50 [DEPLOY] Static HTML built
[main 67a9743] Deploy: 2026-05-13 10:02 UTC
 1 file changed, 1 insertion(+), 1 deletion(-)
To https://github.com/jwfalc-coder/smarkets-dashboard.git
   00aeb93..67a9743  main -> main
2026-05-13 10:02:50 [DEPLOY] Deploy complete: Deploy: 2026-05-13 10:02 UTC
