Sent
2026-05-14 23:00:03,603 [INFO] ============================================================
2026-05-14 23:00:03,604 [INFO] SCANNER RUN STARTED - BETFAIR
2026-05-14 23:00:03,604 [INFO] ============================================================
2026-05-14 23:00:04,414 [INFO] Cached Betfair session too old, re-logging in
2026-05-14 23:00:04,415 [INFO] Betfair login attempt 1/3
2026-05-14 23:00:04,591 [INFO] Betfair login successful
2026-05-14 23:00:04,765 [INFO] Catalogue: 100 markets for sport ID 1
2026-05-14 23:00:04,918 [INFO] Catalogue: 100 markets for sport ID 2
2026-05-14 23:00:05,078 [INFO] Catalogue: 100 markets for sport ID 7
2026-05-14 23:00:05,215 [INFO] Catalogue: 100 markets for sport ID 4
2026-05-14 23:00:05,307 [INFO] Catalogue: 0 markets for sport ID 2378961
2026-05-14 23:00:05,392 [INFO] Catalogue: 0 markets for sport ID 3
2026-05-14 23:00:05,681 [INFO] Catalogue: 100 markets for sport ID 7522
2026-05-14 23:00:05,801 [INFO] Catalogue: 9 markets for sport ID 6423
2026-05-14 23:00:05,802 [INFO] Betfair: fetching prices for 509 markets...
2026-05-14 23:00:10,769 [INFO] Betfair: enriching 509 markets with price data...
2026-05-14 23:00:10,777 [INFO] Betfair: enriched 50/509 markets, 35 tradeable so far
2026-05-14 23:00:10,785 [INFO] Betfair: enriched 100/509 markets, 47 tradeable so far
2026-05-14 23:00:10,788 [INFO] Betfair: enriched 150/509 markets, 50 tradeable so far
2026-05-14 23:00:10,793 [INFO] Betfair: enriched 200/509 markets, 51 tradeable so far
2026-05-14 23:00:10,897 [INFO] Betfair: enriched 250/509 markets, 60 tradeable so far
2026-05-14 23:00:10,909 [INFO] Betfair: enriched 300/509 markets, 64 tradeable so far
2026-05-14 23:00:10,912 [INFO] Betfair: enriched 350/509 markets, 70 tradeable so far
2026-05-14 23:00:10,917 [INFO] Betfair: enriched 400/509 markets, 76 tradeable so far
2026-05-14 23:00:10,985 [INFO] Betfair: enriched 450/509 markets, 84 tradeable so far
2026-05-14 23:00:11,051 [INFO] Betfair: enriched 500/509 markets, 92 tradeable so far
2026-05-14 23:00:11,073 [INFO] Betfair: enriched 509/509 markets, 93 tradeable so far
2026-05-14 23:00:11,078 [INFO] Betfair: 509 total markets, 93 above 100 GBP volume
2026-05-14 23:00:11,127 [INFO] betfair: 509 total, 93 above 100 GBP threshold
2026-05-14 23:00:11,356 [INFO] Snapshot written: /home/jwfalc/smarkets-bot/data/snapshots/betfair/2026-05-14_22-00.json
2026-05-14 23:00:11,456 [INFO] Market log updated (betfair)
2026-05-14 23:00:53,281 [INFO] Scanner complete for betfair. Snapshot: 2026-05-14_22-00.json
2026-05-14 23:00:53,962 [INFO] ============================================================
2026-05-14 23:00:53,963 [INFO] SCANNER RUN STARTED - MATCHBOOK
2026-05-14 23:00:53,964 [INFO] ============================================================
2026-05-14 23:00:54,636 [INFO] Matchbook login attempt 1/3
2026-05-14 23:00:54,801 [INFO] Matchbook login successful
2026-05-14 23:00:54,803 [INFO] Matchbook: fetching events with prices for 15 sports...
2026-05-14 23:00:55,052 [INFO] Matchbook: fetched page offset=0, 20 events (total so far: 20)
2026-05-14 23:00:55,344 [INFO] Matchbook: fetched page offset=20, 20 events (total so far: 40)
2026-05-14 23:00:55,626 [INFO] Matchbook: fetched page offset=40, 20 events (total so far: 60)
2026-05-14 23:00:56,005 [INFO] Matchbook: fetched page offset=60, 20 events (total so far: 80)
2026-05-14 23:00:56,455 [INFO] Matchbook: fetched page offset=80, 20 events (total so far: 100)
2026-05-14 23:00:56,859 [INFO] Matchbook: fetched page offset=100, 20 events (total so far: 120)
2026-05-14 23:00:57,180 [INFO] Matchbook: fetched page offset=120, 20 events (total so far: 140)
2026-05-14 23:00:57,518 [INFO] Matchbook: fetched page offset=140, 20 events (total so far: 160)
2026-05-14 23:00:57,877 [INFO] Matchbook: fetched page offset=160, 20 events (total so far: 180)
2026-05-14 23:00:58,292 [INFO] Matchbook: fetched page offset=180, 20 events (total so far: 200)
2026-05-14 23:00:58,620 [INFO] Matchbook: fetched page offset=200, 20 events (total so far: 220)
2026-05-14 23:00:58,865 [INFO] Matchbook: fetched page offset=220, 20 events (total so far: 240)
2026-05-14 23:00:59,095 [INFO] Matchbook: fetched page offset=240, 4 events (total so far: 244)
2026-05-14 23:00:59,096 [INFO] Matchbook: processing 244 events
2026-05-14 23:00:59,127 [INFO] Matchbook: processed 20/244 events, 397 markets so far
2026-05-14 23:00:59,142 [INFO] Matchbook: processed 40/244 events, 681 markets so far
2026-05-14 23:00:59,156 [INFO] Matchbook: processed 60/244 events, 982 markets so far
2026-05-14 23:00:59,180 [INFO] Matchbook: processed 80/244 events, 1521 markets so far
2026-05-14 23:00:59,374 [INFO] Matchbook: processed 100/244 events, 2331 markets so far
2026-05-14 23:00:59,409 [INFO] Matchbook: processed 120/244 events, 3107 markets so far
2026-05-14 23:00:59,435 [INFO] Matchbook: processed 140/244 events, 3721 markets so far
2026-05-14 23:00:59,464 [INFO] Matchbook: processed 160/244 events, 4303 markets so far
2026-05-14 23:00:59,496 [INFO] Matchbook: processed 180/244 events, 4915 markets so far
2026-05-14 23:00:59,538 [INFO] Matchbook: processed 200/244 events, 5629 markets so far
2026-05-14 23:00:59,566 [INFO] Matchbook: processed 220/244 events, 6204 markets so far
2026-05-14 23:00:59,571 [INFO] Matchbook: processed 240/244 events, 6224 markets so far
2026-05-14 23:00:59,572 [INFO] Matchbook: processed 244/244 events, 6228 markets so far
2026-05-14 23:00:59,573 [INFO] Matchbook: 6229 total markets, 437 above 25 GBP volume
2026-05-14 23:00:59,669 [INFO] matchbook: 6229 total, 437 above 25 GBP threshold
2026-05-14 23:00:59,896 [INFO] Snapshot written: /home/jwfalc/smarkets-bot/data/snapshots/matchbook/2026-05-14_22-00.json
2026-05-14 23:01:00,011 [INFO] Market log updated (matchbook)
2026-05-14 23:01:46,891 [INFO] Scanner complete for matchbook. Snapshot: 2026-05-14_22-00.json
2026-05-14 23:01:48,309 [RESEARCHER] matchbook: 304 tradeable markets from 2026-05-14_22-00.json
2026-05-14 23:01:48,312 [RESEARCHER] Market selection: 0 politics/current-affairs + 15 matchbook-sports + 0 betfair-sports = 15 total
2026-05-14 23:01:48,313 [RESEARCHER] [1/15] Winner
2026-05-14 23:01:52,225 [RESEARCHER] [2/15] Winner
2026-05-14 23:01:56,240 [RESEARCHER] [3/15] Winner
2026-05-14 23:01:59,767 [RESEARCHER] [4/15] To Be Relegated
2026-05-14 23:02:03,910 [RESEARCHER] [5/15] Winner
2026-05-14 23:02:07,373 [RESEARCHER] [6/15] Correct Score
2026-05-14 23:02:11,231 [RESEARCHER] [7/15] Top 10 Finish
2026-05-14 23:02:13,860 [RESEARCHER] [8/15] Top 5 Finish
2026-05-14 23:02:16,144 [RESEARCHER] [9/15] Match Odds
2026-05-14 23:02:20,508 [RESEARCHER] [10/15] Moneyline
2026-05-14 23:02:24,256 [RESEARCHER] [11/15] Match Odds
2026-05-14 23:02:28,137 [RESEARCHER] [12/15] Top 4 Finish
2026-05-14 23:02:31,658 [RESEARCHER] [13/15] Match Odds
2026-05-14 23:02:40,381 [RESEARCHER] [14/15] Winner
2026-05-14 23:02:44,035 [RESEARCHER] [15/15] Top 6 Finish
2026-05-14 23:02:47,978 [RESEARCHER] Research brief written: 2026-05-14_22-02_brief.json
2026-05-14 23:02:47,978 [RESEARCHER] Markets: 15 | Errors: 0 | Credits used: 30
BRIEF_PATH:/home/jwfalc/smarkets-bot/data/research/2026-05-14_22-02_brief.json
2026-05-14 23:02:48,515 [ANALYZER] Loading research brief: 2026-05-14_22-02_brief.json
2026-05-14 23:02:48,612 [ANALYZER] Analyzed 15 markets
2026-05-14 23:02:48,612 [ANALYZER] Found 4 signals (10pp+)
2026-05-14 23:02:48,612 [ANALYZER] Logged 15 distribution entries (7pp+)
2026-05-14 23:02:48,630 [ANALYZER] Research output written: 2026-05-14_22-02_research.json
2026-05-14 23:02:48,633 [ANALYZER] Appended 65 edge traces to edge_traces.json
RESEARCH_PATH:/home/jwfalc/smarkets-bot/data/research/2026-05-14_22-02_research.json
2026-05-14 23:02:49,719 [RESOLVE] Found 28 open trade(s) to check (paper_mode=True)
2026-05-14 23:02:49,721 [RESOLVE] Settled markets found: 0
2026-05-14 23:02:49,721 [RESOLVE] Standings fallback: 2 season future market(s) to check
2026-05-14 23:02:50,216 [RESOLVE] Standings: no match for ' Scottie Scheffler' in 24-team table
2026-05-14 23:02:50,218 [RESOLVE] Standings: no match for ' Scottie Scheffler' in 24-team table
2026-05-14 23:02:50,218 [RESOLVE] No open-trade markets have settled yet.
2026-05-14 23:02:51,423 [INFO] ============================================================
2026-05-14 23:02:51,424 [INFO] DIGEST RUN STARTED
2026-05-14 23:02:51,424 [INFO] ============================================================
2026-05-14 23:02:59,097 [INFO] Dashboard data written: /home/jwfalc/smarkets-bot/dashboard/dashboard_data.json
2026-05-14 23:02:59,183 [INFO] Period logs updated: 2026-05-14, 2026-W20, 2026-05, 2026-Q2
2026-05-14 23:02:59,184 [INFO] Run log: [2026-05-14 22:02 UTC] status=signal | platforms=betfair,matchbook | markets=530 | signals=4 | alerts=0 | movements=10 | consec_losses=0
2026-05-14 23:02:59,307 [INFO] Telegram notification sent
2026-05-14 23:02:59,310 [INFO] Digest complete
Balance: £180.68 | Reserved: £199.66 | Available: £-18.98
Skipping (already open): Top 6 Finish LAY
Skipping (already open): Top 6 Finish LAY
No new paper trades to log
Distribution log updated: 8 new entries added
Total entries: 568
  7-9pp: 157 total, 23 resolved
  10-11pp: 64 total, 37 resolved
  12pp+: 347 total, 169 resolved

REVIEW DUE: 7-9pp band has 23 resolved entries (threshold: 12)
  Run: python distribution_logger.py report
  Then run: prompts/prompt_review_v1.md

REVIEW DUE: 7-9pp band has 23 resolved entries (threshold: 12)
  Run: python distribution_logger.py report
  Then run: prompts/prompt_review_v1.md
EXIT_CODE:0
Sent
2026-05-14 23:03:04,869 [STATIC-DASH] Building dashboard data…
2026-05-14 23:03:06,339 [STATIC-DASH] Data collected: 139 trades, 65 signals, 530 markets
2026-05-14 23:03:06,561 [STATIC-DASH] Written: /home/jwfalc/smarkets-dashboard/index.html (2215KB)
2026-05-14 23:03:06 [DEPLOY] Starting dashboard deploy...
WARNING: could not find injection point in HTML
HTML written OK
2026-05-14 23:03:06 [DEPLOY] Static HTML built
[main e4f3484] Deploy: 2026-05-14 23:03 UTC
 1 file changed, 1 insertion(+), 1 deletion(-)
To https://github.com/jwfalc-coder/smarkets-dashboard.git
   890ec5d..e4f3484  main -> main
2026-05-14 23:03:06 [DEPLOY] Deploy complete: Deploy: 2026-05-14 23:03 UTC
