Sent
2026-05-26 18:00:02,346 [INFO] ============================================================
2026-05-26 18:00:02,346 [INFO] SCANNER RUN STARTED - BETFAIR
2026-05-26 18:00:02,346 [INFO] ============================================================
2026-05-26 18:00:02,749 [INFO] Cached Betfair session too old, re-logging in
2026-05-26 18:00:02,749 [INFO] Betfair login attempt 1/3
2026-05-26 18:00:02,901 [INFO] Betfair login successful
2026-05-26 18:00:03,059 [INFO] Catalogue: 100 markets for sport ID 1
2026-05-26 18:00:03,184 [INFO] Catalogue: 100 markets for sport ID 2
2026-05-26 18:00:03,302 [INFO] Catalogue: 100 markets for sport ID 7
2026-05-26 18:00:03,419 [INFO] Catalogue: 100 markets for sport ID 4
2026-05-26 18:00:03,489 [INFO] Catalogue: 0 markets for sport ID 2378961
2026-05-26 18:00:03,595 [INFO] Catalogue: 38 markets for sport ID 3
2026-05-26 18:00:03,821 [INFO] Catalogue: 100 markets for sport ID 7522
2026-05-26 18:00:03,902 [INFO] Catalogue: 0 markets for sport ID 6423
2026-05-26 18:00:03,902 [INFO] Betfair: fetching prices for 538 markets...
2026-05-26 18:00:08,414 [INFO] Betfair: enriching 538 markets with price data...
2026-05-26 18:00:08,420 [INFO] Betfair: enriched 50/538 markets, 8 tradeable so far
2026-05-26 18:00:08,425 [INFO] Betfair: enriched 100/538 markets, 9 tradeable so far
2026-05-26 18:00:08,430 [INFO] Betfair: enriched 150/538 markets, 12 tradeable so far
2026-05-26 18:00:08,433 [INFO] Betfair: enriched 200/538 markets, 16 tradeable so far
2026-05-26 18:00:08,443 [INFO] Betfair: enriched 250/538 markets, 41 tradeable so far
2026-05-26 18:00:08,454 [INFO] Betfair: enriched 300/538 markets, 59 tradeable so far
2026-05-26 18:00:08,458 [INFO] Betfair: enriched 350/538 markets, 65 tradeable so far
2026-05-26 18:00:08,462 [INFO] Betfair: enriched 400/538 markets, 71 tradeable so far
2026-05-26 18:00:08,540 [INFO] Betfair: enriched 450/538 markets, 91 tradeable so far
2026-05-26 18:00:08,587 [INFO] Betfair: enriched 500/538 markets, 106 tradeable so far
2026-05-26 18:00:08,627 [INFO] Betfair: enriched 538/538 markets, 108 tradeable so far
2026-05-26 18:00:08,629 [INFO] Betfair: 538 total markets, 108 above 100 GBP volume
2026-05-26 18:00:08,750 [INFO] Outrights: 21 markets for sport 1
2026-05-26 18:00:08,843 [INFO] Outrights: 16 markets for sport 3
2026-05-26 18:00:08,914 [INFO] Outrights: 0 markets for sport 2378961
2026-05-26 18:00:09,300 [INFO] Outrights: 29 markets above 25 GBP
2026-05-26 18:00:09,307 [INFO] Betfair: added 20 outright markets for cross-ref
2026-05-26 18:00:09,309 [INFO] betfair: 558 total, 128 above 100 GBP threshold
2026-05-26 18:00:09,621 [INFO] Snapshot written: /home/jwfalc/smarkets-bot/data/snapshots/betfair/2026-05-26_17-00.json
2026-05-26 18:00:09,779 [INFO] Market log updated (betfair)
2026-05-26 18:00:34,292 [INFO] Scanner complete for betfair. Snapshot: 2026-05-26_17-00.json
2026-05-26 18:00:34,619 [INFO] ============================================================
2026-05-26 18:00:34,619 [INFO] SCANNER RUN STARTED - MATCHBOOK
2026-05-26 18:00:34,619 [INFO] ============================================================
2026-05-26 18:00:34,969 [INFO] Matchbook login attempt 1/3
2026-05-26 18:00:35,140 [INFO] Matchbook login successful
2026-05-26 18:00:35,141 [INFO] Matchbook: fetching events with prices for 15 sports...
2026-05-26 18:00:35,256 [INFO] Matchbook: fetched page offset=0, 20 events (total so far: 20)
2026-05-26 18:00:35,535 [INFO] Matchbook: fetched page offset=20, 20 events (total so far: 40)
2026-05-26 18:00:35,852 [INFO] Matchbook: fetched page offset=40, 20 events (total so far: 60)
2026-05-26 18:00:36,224 [INFO] Matchbook: fetched page offset=60, 20 events (total so far: 80)
2026-05-26 18:00:36,464 [INFO] Matchbook: fetched page offset=80, 20 events (total so far: 100)
2026-05-26 18:00:36,720 [INFO] Matchbook: fetched page offset=100, 20 events (total so far: 120)
2026-05-26 18:00:36,968 [INFO] Matchbook: fetched page offset=120, 20 events (total so far: 140)
2026-05-26 18:00:37,210 [INFO] Matchbook: fetched page offset=140, 20 events (total so far: 160)
2026-05-26 18:00:37,457 [INFO] Matchbook: fetched page offset=160, 20 events (total so far: 180)
2026-05-26 18:00:37,753 [INFO] Matchbook: fetched page offset=180, 20 events (total so far: 200)
2026-05-26 18:00:38,069 [INFO] Matchbook: fetched page offset=200, 20 events (total so far: 220)
2026-05-26 18:00:38,329 [INFO] Matchbook: fetched page offset=220, 20 events (total so far: 240)
2026-05-26 18:00:38,641 [INFO] Matchbook: fetched page offset=240, 20 events (total so far: 260)
2026-05-26 18:00:38,904 [INFO] Matchbook: fetched page offset=260, 20 events (total so far: 280)
2026-05-26 18:00:39,156 [INFO] Matchbook: fetched page offset=280, 20 events (total so far: 300)
2026-05-26 18:00:39,383 [INFO] Matchbook: fetched page offset=300, 1 events (total so far: 301)
2026-05-26 18:00:39,384 [INFO] Matchbook: processing 301 events
2026-05-26 18:00:39,401 [INFO] Matchbook: processed 20/301 events, 259 markets so far
2026-05-26 18:00:39,425 [INFO] Matchbook: processed 40/301 events, 666 markets so far
2026-05-26 18:00:39,491 [INFO] Matchbook: processed 60/301 events, 1110 markets so far
2026-05-26 18:00:39,516 [INFO] Matchbook: processed 80/301 events, 1703 markets so far
2026-05-26 18:00:39,521 [INFO] Matchbook: processed 100/301 events, 1883 markets so far
2026-05-26 18:00:39,526 [INFO] Matchbook: processed 120/301 events, 2074 markets so far
2026-05-26 18:00:39,532 [INFO] Matchbook: processed 140/301 events, 2265 markets so far
2026-05-26 18:00:39,535 [INFO] Matchbook: processed 160/301 events, 2388 markets so far
2026-05-26 18:00:39,539 [INFO] Matchbook: processed 180/301 events, 2552 markets so far
2026-05-26 18:00:39,555 [INFO] Matchbook: processed 200/301 events, 2941 markets so far
2026-05-26 18:00:39,570 [INFO] Matchbook: processed 220/301 events, 3148 markets so far
2026-05-26 18:00:39,575 [INFO] Matchbook: processed 240/301 events, 3170 markets so far
2026-05-26 18:00:39,592 [INFO] Matchbook: processed 260/301 events, 3621 markets so far
2026-05-26 18:00:39,597 [INFO] Matchbook: processed 280/301 events, 3663 markets so far
2026-05-26 18:00:39,599 [INFO] Matchbook: processed 300/301 events, 3683 markets so far
2026-05-26 18:00:39,600 [INFO] Matchbook: processed 301/301 events, 3684 markets so far
2026-05-26 18:00:39,600 [INFO] Matchbook: 3685 total markets, 553 above 25 GBP volume
2026-05-26 18:00:39,638 [INFO] matchbook: 3685 total, 553 above 25 GBP threshold
2026-05-26 18:00:39,846 [INFO] Snapshot written: /home/jwfalc/smarkets-bot/data/snapshots/matchbook/2026-05-26_17-00.json
2026-05-26 18:00:39,959 [INFO] Market log updated (matchbook)
2026-05-26 18:01:05,516 [INFO] Scanner complete for matchbook. Snapshot: 2026-05-26_17-00.json
2026-05-26 18:01:07,720 [RESEARCHER] betfair: 128 tradeable markets from 2026-05-26_17-00.json
2026-05-26 18:01:07,721 [RESEARCHER] Market selection: 0 politics + 7 outrights + 8 other sports = 15 total (platforms: ['betfair'])
2026-05-26 18:01:07,721 [RESEARCHER] [1/15] Winner
2026-05-26 18:01:15,123 [RESEARCHER] [2/15] Winner
2026-05-26 18:01:23,297 [RESEARCHER] [3/15] Winner
2026-05-26 18:01:30,025 [RESEARCHER] [4/15] Winner
2026-05-26 18:01:37,266 [RESEARCHER] [5/15] Winner
2026-05-26 18:01:45,114 [RESEARCHER] [6/15] Winner
2026-05-26 18:01:49,358 [RESEARCHER] [7/15] Top 5 Finish
2026-05-26 18:01:51,955 [RESEARCHER] [8/15] Winner 2025/26
2026-05-26 18:01:59,823 [RESEARCHER] [9/15] Match Odds
2026-05-26 18:02:08,482 [RESEARCHER] [10/15] Moneyline
2026-05-26 18:02:15,530 [RESEARCHER] [11/15] Match Odds
2026-05-26 18:02:23,421 [RESEARCHER] [12/15] Match Odds
2026-05-26 18:02:29,548 [RESEARCHER] [13/15] Match Odds
2026-05-26 18:02:37,113 [RESEARCHER] [14/15] 2m5f Hcap Hrd
2026-05-26 18:02:41,965 [RESEARCHER] [15/15] 7f Hcap
2026-05-26 18:02:49,730 [RESEARCHER] Research brief written: 2026-05-26_17-02_brief.json
2026-05-26 18:02:49,730 [RESEARCHER] Markets: 15 | Errors: 0 | Credits used: 58
BRIEF_PATH:/home/jwfalc/smarkets-bot/data/research/2026-05-26_17-02_brief.json
2026-05-26 18:02:50,048 [ANALYZER] Loading research brief: 2026-05-26_17-02_brief.json
2026-05-26 18:02:50,304 [ANALYZER] Betfair cross-ref index: 4707 runners
2026-05-26 18:02:50,309 [ANALYZER] Analyzed 15 markets
2026-05-26 18:02:50,309 [ANALYZER] Found 3 signals (10pp+)
2026-05-26 18:02:50,309 [ANALYZER] Logged 6 distribution entries (7pp+)
2026-05-26 18:02:50,322 [ANALYZER] Research output written: 2026-05-26_17-02_research.json
2026-05-26 18:02:50,324 [ANALYZER] Appended 69 edge traces to edge_traces.json
RESEARCH_PATH:/home/jwfalc/smarkets-bot/data/research/2026-05-26_17-02_research.json
2026-05-26 18:02:50,894 [RESOLVE] Found 4 open trade(s) to check (paper_mode=True)
2026-05-26 18:02:50,968 [RESOLVE] Using cached Betfair session token
2026-05-26 18:02:50,968 [RESOLVE] Betfair: checking 1 open-trade markets
2026-05-26 18:02:58,881 [RESOLVE] Snapshot name lookup: found mappings for 0 markets
2026-05-26 18:02:58,973 [RESOLVE] Settled markets found: 0
2026-05-26 18:02:58,973 [RESOLVE] Standings: unknown competition for 'Men's French Open 2026 - Winner' — skip
2026-05-26 18:02:58,973 [RESOLVE] No open-trade markets have settled yet.
2026-05-26 18:02:59,608 [INFO] ============================================================
2026-05-26 18:02:59,609 [INFO] DIGEST RUN STARTED
2026-05-26 18:02:59,609 [INFO] ============================================================
2026-05-26 18:03:04,320 [INFO] Dashboard data written: /home/jwfalc/smarkets-bot/dashboard/dashboard_data.json
2026-05-26 18:03:04,389 [INFO] Period logs updated: 2026-05-26, 2026-W22, 2026-05, 2026-Q2
2026-05-26 18:03:04,390 [INFO] Run log: [2026-05-26 17:02 UTC] status=signal | platforms=betfair,matchbook | markets=681 | signals=3 | alerts=0 | movements=10 | consec_losses=0
2026-05-26 18:03:04,390 [INFO] Digest complete
Balance: £379.13 | Reserved: £15.50 | Available: £363.63
Reduced stake: Winner edge 12.7pp < 15.0pp → £2.75 (55%)
Logged paper trade: Winner - BACK @ 9.52% (edge: 12.74pp) [betfair] | available now £360.88
Reduced stake: Winner edge 12.2pp < 15.0pp → £2.15 (43%)
Logged paper trade: Winner - BACK @ 16.67% (edge: 12.17pp) [betfair] | available now £358.73
Reduced stake: Top 5 Finish edge 10.6pp < 15.0pp → £0.60 (12%)
Logged paper trade: Top 5 Finish - BACK @ 27.78% (edge: 10.58pp) [betfair] | available now £358.13

3 new paper trade(s) logged
Distribution log updated: 6 new entries added
Total entries: 642
  near_certainty: 5 total, 4 resolved
  high_prob: 15 total, 7 resolved
  7-9pp: 172 total, 81 resolved
  10-11pp: 66 total, 34 resolved
  12pp+: 384 total, 315 resolved

REVIEW DUE: 7-9pp band has 81 resolved entries (threshold: 12)
  Run: python distribution_logger.py report
  Then run: prompts/prompt_review_v1.md

REVIEW DUE: 7-9pp band has 81 resolved entries (threshold: 12)
  Run: python distribution_logger.py report
  Then run: prompts/prompt_review_v1.md
EXIT_CODE:0
Sent
2026-05-26 18:03:07,391 [STATIC-DASH] Building dashboard data…
2026-05-26 18:03:08,427 [STATIC-DASH] Data collected: 176 trades, 15 signals, 681 markets
2026-05-26 18:03:08,655 [STATIC-DASH] Written: /home/jwfalc/smarkets-dashboard/index.html (2940KB)
2026-05-26 18:03:08 [DEPLOY] Starting dashboard deploy...
WARNING: could not find injection point in HTML
HTML written OK
2026-05-26 18:03:08 [DEPLOY] Static HTML built
[main f1430cb] Deploy: 2026-05-26 18:03 UTC
 1 file changed, 1 insertion(+), 1 deletion(-)
To https://github.com/jwfalc-coder/smarkets-dashboard.git
   1fbe42d..f1430cb  main -> main
2026-05-26 18:03:08 [DEPLOY] Deploy complete: Deploy: 2026-05-26 18:03 UTC
