Sent
2026-05-12 14:00:02,262 [INFO] ============================================================
2026-05-12 14:00:02,262 [INFO] SCANNER RUN STARTED - BETFAIR
2026-05-12 14:00:02,263 [INFO] ============================================================
2026-05-12 14:00:02,656 [INFO] Using cached Betfair session token
2026-05-12 14:00:02,790 [INFO] Catalogue: 100 markets for sport ID 1
2026-05-12 14:00:02,892 [INFO] Catalogue: 100 markets for sport ID 2
2026-05-12 14:00:03,023 [INFO] Catalogue: 100 markets for sport ID 7
2026-05-12 14:00:03,124 [INFO] Catalogue: 100 markets for sport ID 4
2026-05-12 14:00:03,195 [INFO] Catalogue: 0 markets for sport ID 2378961
2026-05-12 14:00:03,311 [INFO] Catalogue: 19 markets for sport ID 3
2026-05-12 14:00:03,538 [INFO] Catalogue: 100 markets for sport ID 7522
2026-05-12 14:00:03,606 [INFO] Catalogue: 0 markets for sport ID 6423
2026-05-12 14:00:03,606 [INFO] Betfair: fetching prices for 519 markets...
2026-05-12 14:00:08,019 [INFO] Betfair: enriching 519 markets with price data...
2026-05-12 14:00:08,024 [INFO] Betfair: enriched 50/519 markets, 1 tradeable so far
2026-05-12 14:00:08,029 [INFO] Betfair: enriched 100/519 markets, 11 tradeable so far
2026-05-12 14:00:08,031 [INFO] Betfair: enriched 150/519 markets, 12 tradeable so far
2026-05-12 14:00:08,033 [INFO] Betfair: enriched 200/519 markets, 14 tradeable so far
2026-05-12 14:00:08,038 [INFO] Betfair: enriched 250/519 markets, 40 tradeable so far
2026-05-12 14:00:08,045 [INFO] Betfair: enriched 300/519 markets, 63 tradeable so far
2026-05-12 14:00:08,048 [INFO] Betfair: enriched 350/519 markets, 76 tradeable so far
2026-05-12 14:00:08,051 [INFO] Betfair: enriched 400/519 markets, 78 tradeable so far
2026-05-12 14:00:08,146 [INFO] Betfair: enriched 450/519 markets, 91 tradeable so far
2026-05-12 14:00:08,199 [INFO] Betfair: enriched 500/519 markets, 104 tradeable so far
2026-05-12 14:00:08,218 [INFO] Betfair: enriched 519/519 markets, 104 tradeable so far
2026-05-12 14:00:08,220 [INFO] Betfair: 519 total markets, 104 above 100 GBP volume
2026-05-12 14:00:08,246 [INFO] betfair: 519 total, 104 above 100 GBP threshold
2026-05-12 14:00:08,517 [INFO] Snapshot written: /home/jwfalc/smarkets-bot/data/snapshots/betfair/2026-05-12_13-00.json
2026-05-12 14:00:08,651 [INFO] Market log updated (betfair)
2026-05-12 14:00:40,453 [INFO] Scanner complete for betfair. Snapshot: 2026-05-12_13-00.json
2026-05-12 14:00:40,977 [INFO] ============================================================
2026-05-12 14:00:40,979 [INFO] SCANNER RUN STARTED - MATCHBOOK
2026-05-12 14:00:40,979 [INFO] ============================================================
2026-05-12 14:00:41,550 [INFO] Using cached Matchbook session token
2026-05-12 14:00:41,551 [INFO] Matchbook: fetching events with prices for 15 sports...
2026-05-12 14:00:41,685 [INFO] Matchbook: fetched page offset=0, 20 events (total so far: 20)
2026-05-12 14:00:41,964 [INFO] Matchbook: fetched page offset=20, 20 events (total so far: 40)
2026-05-12 14:00:42,301 [INFO] Matchbook: fetched page offset=40, 20 events (total so far: 60)
2026-05-12 14:00:42,721 [INFO] Matchbook: fetched page offset=60, 20 events (total so far: 80)
2026-05-12 14:00:43,070 [INFO] Matchbook: fetched page offset=80, 20 events (total so far: 100)
2026-05-12 14:00:43,452 [INFO] Matchbook: fetched page offset=100, 20 events (total so far: 120)
2026-05-12 14:00:43,737 [INFO] Matchbook: fetched page offset=120, 20 events (total so far: 140)
2026-05-12 14:00:43,983 [INFO] Matchbook: fetched page offset=140, 20 events (total so far: 160)
2026-05-12 14:00:44,338 [INFO] Matchbook: fetched page offset=160, 20 events (total so far: 180)
2026-05-12 14:00:44,703 [INFO] Matchbook: fetched page offset=180, 20 events (total so far: 200)
2026-05-12 14:00:45,031 [INFO] Matchbook: fetched page offset=200, 20 events (total so far: 220)
2026-05-12 14:00:45,363 [INFO] Matchbook: fetched page offset=220, 20 events (total so far: 240)
2026-05-12 14:00:45,719 [INFO] Matchbook: fetched page offset=240, 20 events (total so far: 260)
2026-05-12 14:00:46,053 [INFO] Matchbook: fetched page offset=260, 20 events (total so far: 280)
2026-05-12 14:00:46,349 [INFO] Matchbook: fetched page offset=280, 20 events (total so far: 300)
2026-05-12 14:00:46,591 [INFO] Matchbook: fetched page offset=300, 17 events (total so far: 317)
2026-05-12 14:00:46,592 [INFO] Matchbook: processing 317 events
2026-05-12 14:00:46,599 [INFO] Matchbook: processed 20/317 events, 132 markets so far
2026-05-12 14:00:46,606 [INFO] Matchbook: processed 40/317 events, 334 markets so far
2026-05-12 14:00:46,730 [INFO] Matchbook: processed 60/317 events, 730 markets so far
2026-05-12 14:00:46,752 [INFO] Matchbook: processed 80/317 events, 1207 markets so far
2026-05-12 14:00:46,779 [INFO] Matchbook: processed 100/317 events, 1841 markets so far
2026-05-12 14:00:46,809 [INFO] Matchbook: processed 120/317 events, 2454 markets so far
2026-05-12 14:00:46,823 [INFO] Matchbook: processed 140/317 events, 2777 markets so far
2026-05-12 14:00:46,827 [INFO] Matchbook: processed 160/317 events, 2885 markets so far
2026-05-12 14:00:46,852 [INFO] Matchbook: processed 180/317 events, 3409 markets so far
2026-05-12 14:00:46,884 [INFO] Matchbook: processed 200/317 events, 4140 markets so far
2026-05-12 14:00:46,906 [INFO] Matchbook: processed 220/317 events, 4506 markets so far
2026-05-12 14:00:46,928 [INFO] Matchbook: processed 240/317 events, 4947 markets so far
2026-05-12 14:00:46,966 [INFO] Matchbook: processed 260/317 events, 5610 markets so far
2026-05-12 14:00:46,997 [INFO] Matchbook: processed 280/317 events, 6341 markets so far
2026-05-12 14:00:47,014 [INFO] Matchbook: processed 300/317 events, 6724 markets so far
2026-05-12 14:00:47,016 [INFO] Matchbook: processed 317/317 events, 6741 markets so far
2026-05-12 14:00:47,016 [INFO] Matchbook: 6742 total markets, 535 above 25 GBP volume
2026-05-12 14:00:47,102 [INFO] matchbook: 6742 total, 535 above 25 GBP threshold
2026-05-12 14:00:47,362 [INFO] Snapshot written: /home/jwfalc/smarkets-bot/data/snapshots/matchbook/2026-05-12_13-00.json
2026-05-12 14:00:47,493 [INFO] Market log updated (matchbook)
2026-05-12 14:01:21,052 [INFO] Scanner complete for matchbook. Snapshot: 2026-05-12_13-00.json
2026-05-12 14:01:22,143 [RESEARCHER] matchbook: 351 tradeable markets from 2026-05-12_13-00.json
2026-05-12 14:01:22,146 [RESEARCHER] Market selection: 0 politics/current-affairs + 15 matchbook-sports + 0 betfair-sports = 15 total
2026-05-12 14:01:22,147 [RESEARCHER] [1/15] Winner
2026-05-12 14:01:25,588 [RESEARCHER] [2/15] Winner
2026-05-12 14:01:29,030 [RESEARCHER] [3/15] Winner
2026-05-12 14:01:32,402 [RESEARCHER] [4/15] To Be Relegated
2026-05-12 14:01:36,151 [RESEARCHER] [5/15] Winner
2026-05-12 14:01:40,231 [RESEARCHER] [6/15] Match Odds
2026-05-12 14:01:43,921 [RESEARCHER] [7/15] Moneyline
2026-05-12 14:01:48,860 [RESEARCHER] [8/15] Correct Score
2026-05-12 14:01:52,829 [RESEARCHER] [9/15] Top 4 Finish
2026-05-12 14:01:56,753 [RESEARCHER] [10/15] Winner
2026-05-12 14:02:00,863 [RESEARCHER] [11/15] Top 6 Finish
2026-05-12 14:02:04,368 [RESEARCHER] [12/15] Match Odds
2026-05-12 14:02:08,145 [RESEARCHER] [13/15] Match Odds
2026-05-12 14:02:11,596 [RESEARCHER] [14/15] Match Odds
2026-05-12 14:02:15,132 [RESEARCHER] [15/15] Moneyline
2026-05-12 14:02:19,263 [RESEARCHER] Research brief written: 2026-05-12_13-02_brief.json
2026-05-12 14:02:19,264 [RESEARCHER] Markets: 15 | Errors: 0 | Credits used: 30
BRIEF_PATH:/home/jwfalc/smarkets-bot/data/research/2026-05-12_13-02_brief.json
2026-05-12 14:02:19,649 [ANALYZER] Loading research brief: 2026-05-12_13-02_brief.json
2026-05-12 14:02:19,761 [ANALYZER] Analyzed 15 markets
2026-05-12 14:02:19,761 [ANALYZER] Found 3 signals (10pp+)
2026-05-12 14:02:19,761 [ANALYZER] Logged 8 distribution entries (7pp+)
2026-05-12 14:02:19,774 [ANALYZER] Research output written: 2026-05-12_13-02_research.json
RESEARCH_PATH:/home/jwfalc/smarkets-bot/data/research/2026-05-12_13-02_research.json
2026-05-12 14:02:20,548 [RESOLVE] Found 25 open trade(s) to check (paper_mode=True)
2026-05-12 14:02:20,553 [RESOLVE] Using cached Matchbook session token
2026-05-12 14:02:20,554 [RESOLVE] Matchbook: checking 7 open-trade markets against settled events
/home/jwfalc/smarkets-bot/scripts/check_resolutions.py:305: DeprecationWarning: datetime.datetime.utcnow() is deprecated and scheduled for removal in a future version. Use timezone-aware objects to represent datetimes in UTC: datetime.datetime.now(datetime.UTC).
  cutoff = datetime.datetime.utcnow() - datetime.timedelta(days=30)
2026-05-12 14:02:29,939 [RESOLVE] Settled markets found: 0
2026-05-12 14:02:29,939 [RESOLVE] No open-trade markets have settled yet.
2026-05-12 14:02:30,782 [INFO] ============================================================
2026-05-12 14:02:30,782 [INFO] DIGEST RUN STARTED
2026-05-12 14:02:30,783 [INFO] ============================================================
2026-05-12 14:02:36,323 [INFO] Dashboard data written: /home/jwfalc/smarkets-bot/dashboard/dashboard_data.json
2026-05-12 14:02:36,380 [INFO] Period logs updated: 2026-05-12, 2026-W20, 2026-05, 2026-Q2
2026-05-12 14:02:36,381 [INFO] Run log: [2026-05-12 13:02 UTC] status=signal | platforms=betfair,matchbook | markets=639 | signals=3 | alerts=0 | movements=10 | consec_losses=0
2026-05-12 14:02:36,381 [INFO] Digest complete
Balance: £209.18 | Reserved: £184.31 | Available: £24.87
No new paper trades to log
Distribution log updated: 1 new entries added
Total entries: 500
  7-9pp: 120 total, 18 resolved
  10-11pp: 61 total, 37 resolved
  12pp+: 319 total, 169 resolved

REVIEW DUE: 7-9pp band has 18 resolved entries (threshold: 12)
  Run: python distribution_logger.py report
  Then run: prompts/prompt_review_v1.md

REVIEW DUE: 7-9pp band has 18 resolved entries (threshold: 12)
  Run: python distribution_logger.py report
  Then run: prompts/prompt_review_v1.md
EXIT_CODE:0
Sent
2026-05-12 14:02:39 [DEPLOY] Starting dashboard deploy...
HTML written OK
2026-05-12 14:02:39 [DEPLOY] Static HTML built
[main fe0d21f] Deploy: 2026-05-12 14:02 UTC
 1 file changed, 1 insertion(+), 1 deletion(-)
To https://github.com/jwfalc-coder/smarkets-dashboard.git
   f9a5902..fe0d21f  main -> main
2026-05-12 14:02:39 [DEPLOY] Deploy complete: Deploy: 2026-05-12 14:02 UTC
