Sent
2026-06-14 15:00:03,174 [INFO] ============================================================
2026-06-14 15:00:03,175 [INFO] SCANNER RUN STARTED - BETFAIR
2026-06-14 15:00:03,175 [INFO] ============================================================
2026-06-14 15:00:03,596 [INFO] Cached Betfair session too old, re-logging in
2026-06-14 15:00:03,597 [INFO] Betfair login attempt 1/3
2026-06-14 15:00:03,754 [INFO] Betfair login successful
2026-06-14 15:00:03,909 [INFO] Catalogue: 100 markets for sport ID 1
2026-06-14 15:00:04,034 [INFO] Catalogue: 100 markets for sport ID 2
2026-06-14 15:00:04,156 [INFO] Catalogue: 100 markets for sport ID 7
2026-06-14 15:00:04,254 [INFO] Catalogue: 44 markets for sport ID 4
2026-06-14 15:00:04,322 [INFO] Catalogue: 0 markets for sport ID 2378961
2026-06-14 15:00:04,422 [INFO] Catalogue: 28 markets for sport ID 3
2026-06-14 15:00:04,573 [INFO] Catalogue: 42 markets for sport ID 7522
2026-06-14 15:00:04,644 [INFO] Catalogue: 0 markets for sport ID 6423
2026-06-14 15:00:04,644 [INFO] Betfair: fetching prices for 414 markets...
2026-06-14 15:00:08,198 [INFO] Betfair: enriching 414 markets with price data...
2026-06-14 15:00:08,206 [INFO] Betfair: enriched 50/414 markets, 4 tradeable so far
2026-06-14 15:00:08,216 [INFO] Betfair: enriched 100/414 markets, 8 tradeable so far
2026-06-14 15:00:08,219 [INFO] Betfair: enriched 150/414 markets, 9 tradeable so far
2026-06-14 15:00:08,222 [INFO] Betfair: enriched 200/414 markets, 11 tradeable so far
2026-06-14 15:00:08,237 [INFO] Betfair: enriched 250/414 markets, 40 tradeable so far
2026-06-14 15:00:08,251 [INFO] Betfair: enriched 300/414 markets, 68 tradeable so far
2026-06-14 15:00:08,256 [INFO] Betfair: enriched 350/414 markets, 77 tradeable so far
2026-06-14 15:00:08,313 [INFO] Betfair: enriched 400/414 markets, 115 tradeable so far
2026-06-14 15:00:08,326 [INFO] Betfair: enriched 414/414 markets, 115 tradeable so far
2026-06-14 15:00:08,329 [INFO] Betfair: 414 total markets, 115 above 100 GBP volume
2026-06-14 15:00:08,433 [INFO] Outrights: 20 markets for sport 1
2026-06-14 15:00:08,524 [INFO] Outrights: 11 markets for sport 3
2026-06-14 15:00:08,597 [INFO] Outrights: 1 markets for sport 2378961
2026-06-14 15:00:08,944 [INFO] Outrights: 30 markets above 25 GBP
2026-06-14 15:00:08,948 [INFO] Betfair: added 26 outright markets for cross-ref
2026-06-14 15:00:08,949 [INFO] betfair: 440 total, 141 above 100 GBP threshold
2026-06-14 15:00:09,245 [INFO] Snapshot written: /home/jwfalc/smarkets-bot/data/snapshots/betfair/2026-06-14_14-00.json
2026-06-14 15:00:09,394 [INFO] Market log updated (betfair)
2026-06-14 15:00:34,744 [INFO] Scanner complete for betfair. Snapshot: 2026-06-14_14-00.json
2026-06-14 15:00:35,068 [INFO] ============================================================
2026-06-14 15:00:35,068 [INFO] SCANNER RUN STARTED - MATCHBOOK
2026-06-14 15:00:35,068 [INFO] ============================================================
2026-06-14 15:00:35,415 [INFO] Matchbook login attempt 1/3
2026-06-14 15:00:35,582 [INFO] Matchbook login successful
2026-06-14 15:00:35,583 [INFO] Matchbook: fetching events with prices for 15 sports...
2026-06-14 15:00:35,703 [INFO] Matchbook: fetched page offset=0, 20 events (total so far: 20)
2026-06-14 15:00:35,980 [INFO] Matchbook: fetched page offset=20, 20 events (total so far: 40)
2026-06-14 15:00:36,240 [INFO] Matchbook: fetched page offset=40, 20 events (total so far: 60)
2026-06-14 15:00:36,576 [INFO] Matchbook: fetched page offset=60, 20 events (total so far: 80)
2026-06-14 15:00:36,915 [INFO] Matchbook: fetched page offset=80, 20 events (total so far: 100)
2026-06-14 15:00:37,241 [INFO] Matchbook: fetched page offset=100, 20 events (total so far: 120)
2026-06-14 15:00:37,561 [INFO] Matchbook: fetched page offset=120, 20 events (total so far: 140)
2026-06-14 15:00:37,810 [INFO] Matchbook: fetched page offset=140, 20 events (total so far: 160)
2026-06-14 15:00:38,049 [INFO] Matchbook: fetched page offset=160, 20 events (total so far: 180)
2026-06-14 15:00:38,338 [INFO] Matchbook: fetched page offset=180, 20 events (total so far: 200)
2026-06-14 15:00:38,614 [INFO] Matchbook: fetched page offset=200, 20 events (total so far: 220)
2026-06-14 15:00:38,968 [INFO] Matchbook: fetched page offset=220, 20 events (total so far: 240)
2026-06-14 15:00:39,310 [INFO] Matchbook: fetched page offset=240, 20 events (total so far: 260)
2026-06-14 15:00:39,614 [INFO] Matchbook: fetched page offset=260, 15 events (total so far: 275)
2026-06-14 15:00:39,614 [INFO] Matchbook: processing 275 events
2026-06-14 15:00:39,629 [INFO] Matchbook: processed 20/275 events, 141 markets so far
2026-06-14 15:00:39,645 [INFO] Matchbook: processed 40/275 events, 359 markets so far
2026-06-14 15:00:39,659 [INFO] Matchbook: processed 60/275 events, 507 markets so far
2026-06-14 15:00:39,674 [INFO] Matchbook: processed 80/275 events, 865 markets so far
2026-06-14 15:00:39,741 [INFO] Matchbook: processed 100/275 events, 1505 markets so far
2026-06-14 15:00:39,763 [INFO] Matchbook: processed 120/275 events, 2137 markets so far
2026-06-14 15:00:39,780 [INFO] Matchbook: processed 140/275 events, 2638 markets so far
2026-06-14 15:00:39,784 [INFO] Matchbook: processed 160/275 events, 2807 markets so far
2026-06-14 15:00:39,787 [INFO] Matchbook: processed 180/275 events, 2920 markets so far
2026-06-14 15:00:39,794 [INFO] Matchbook: processed 200/275 events, 3134 markets so far
2026-06-14 15:00:39,804 [INFO] Matchbook: processed 220/275 events, 3444 markets so far
2026-06-14 15:00:39,825 [INFO] Matchbook: processed 240/275 events, 3895 markets so far
2026-06-14 15:00:39,844 [INFO] Matchbook: processed 260/275 events, 4353 markets so far
2026-06-14 15:00:39,850 [INFO] Matchbook: processed 275/275 events, 4368 markets so far
2026-06-14 15:00:39,851 [INFO] Matchbook: 4369 total markets, 621 above 25 GBP volume
2026-06-14 15:00:39,894 [INFO] matchbook: 4369 total, 621 above 25 GBP threshold
2026-06-14 15:00:40,116 [INFO] Snapshot written: /home/jwfalc/smarkets-bot/data/snapshots/matchbook/2026-06-14_14-00.json
2026-06-14 15:00:40,232 [INFO] Market log updated (matchbook)
2026-06-14 15:01:04,130 [INFO] Scanner complete for matchbook. Snapshot: 2026-06-14_14-00.json
2026-06-14 15:01:04,843 [RESEARCHER] Prior index loaded: 22 known runners
2026-06-14 15:01:04,906 [RESEARCHER] Horizon filter: skipping English Premier League | pfa player of the year 2025/26 — no market_start_time (outright/long-horizon type)
2026-06-14 15:01:04,906 [RESEARCHER] Horizon filter: skipping Brazilian Serie A | winner 2026 — no market_start_time (outright/long-horizon type)
2026-06-14 15:01:04,906 [RESEARCHER] Horizon filter: skipping Irish Premier Division | winner outright 2026 — no market_start_time (outright/long-horizon type)
2026-06-14 15:01:04,906 [RESEARCHER] Horizon filter: skipping US Major League Soccer | mls cup winner 2026 — no market_start_time (outright/long-horizon type)
2026-06-14 15:01:04,906 [RESEARCHER] Horizon filter: skipping FIFA World Cup | winner — no market_start_time (outright/long-horizon type)
2026-06-14 15:01:04,906 [RESEARCHER] Horizon filter: skipping FIFA World Cup | fifa golden ball — no market_start_time (outright/long-horizon type)
2026-06-14 15:01:04,906 [RESEARCHER] Horizon filter: skipping FIFA World Cup | winning group — no market_start_time (outright/long-horizon type)
2026-06-14 15:01:04,907 [RESEARCHER] Horizon filter: skipping FIFA World Cup | england starting xi vs croatia - midfielders — no market_start_time (outright/long-horizon type)
2026-06-14 15:01:04,907 [RESEARCHER] Horizon filter: skipping FIFA World Cup | england starting xi vs croatia - goalkeepers — no market_start_time (outright/long-horizon type)
2026-06-14 15:01:04,907 [RESEARCHER] Horizon filter: skipping FIFA World Cup | england starting xi vs croatia - defenders — no market_start_time (outright/long-horizon type)
2026-06-14 15:01:04,907 [RESEARCHER] Horizon filter: skipping FIFA World Cup | england starting xi vs croatia - forwards — no market_start_time (outright/long-horizon type)
2026-06-14 15:01:04,907 [RESEARCHER] Horizon filter: skipping FIFA World Cup | total tournament goals — no market_start_time (outright/long-horizon type)
2026-06-14 15:01:04,907 [RESEARCHER] Horizon filter: skipping FIFA World Cup | england top team goalscorer — no market_start_time (outright/long-horizon type)
2026-06-14 15:01:04,907 [RESEARCHER] Horizon filter: skipping FIFA World Cup | who will perform at the world cup final ht show? — no market_start_time (outright/long-horizon type)
2026-06-14 15:01:04,907 [RESEARCHER] Horizon filter: skipping English Sky Bet League 1 | winner 2026/27 — no market_start_time (outright/long-horizon type)
2026-06-14 15:01:04,907 [RESEARCHER] Horizon filter: skipping English Sky Bet League 2 | winner 2026/27 — no market_start_time (outright/long-horizon type)
2026-06-14 15:01:04,907 [RESEARCHER] Horizon filter: skipping English Sky Bet Championship | winner 2026/27 — no market_start_time (outright/long-horizon type)
2026-06-14 15:01:04,907 [RESEARCHER] Horizon filter: skipping English Premier League | winner 2026/27 — no market_start_time (outright/long-horizon type)
2026-06-14 15:01:04,908 [RESEARCHER] Horizon filter: skipping Specials | ballon d'or winner 2026 — no market_start_time (outright/long-horizon type)
2026-06-14 15:01:04,908 [RESEARCHER] Horizon filter: skipping  LPGA Dow Championship 2026 | winner — no market_start_time (outright/long-horizon type)
2026-06-14 15:01:04,908 [RESEARCHER] Horizon filter: skipping US Open 2026 | winner — no market_start_time (outright/long-horizon type)
2026-06-14 15:01:04,908 [RESEARCHER] Horizon filter: skipping The Open Championship 2026 | winner — no market_start_time (outright/long-horizon type)
2026-06-14 15:01:04,908 [RESEARCHER] Horizon filter: skipping Presidents Cup 2026 | winner — no market_start_time (outright/long-horizon type)
2026-06-14 15:01:04,908 [RESEARCHER] Horizon filter: skipping The Masters 2027 | winner — no market_start_time (outright/long-horizon type)
2026-06-14 15:01:04,908 [RESEARCHER] Horizon filter: skipping The Ryder Cup 2027 | winner — no market_start_time (outright/long-horizon type)
2026-06-14 15:01:04,908 [RESEARCHER] Horizon filter: skipping UK - By-Elections | makerfield - restore britain vote percentage — no market_start_time (outright/long-horizon type)
2026-06-14 15:01:04,908 [RESEARCHER] betfair: skipped 26 outright markets with no start time (BUG-093)
2026-06-14 15:01:04,908 [RESEARCHER] betfair: 115 tradeable markets from 2026-06-14_14-00.json
2026-06-14 15:01:04,909 [RESEARCHER] Market selection: 0 politics + 5 outrights + 10 other sports = 15 total (platforms: ['betfair'])
2026-06-14 15:01:04,909 [RESEARCHER] [1/15] Winner
2026-06-14 15:01:13,245 [RESEARCHER]   Prior history injected for Tommy Fleetwood
2026-06-14 15:01:13,837 [RESEARCHER]   Data provider: 6 facts injected
2026-06-14 15:01:13,837 [RESEARCHER] [2/15] Top 10 Finish
2026-06-14 15:01:15,762 [RESEARCHER]   Prior history injected for Tommy Fleetwood
2026-06-14 15:01:16,061 [RESEARCHER]   Data provider: 6 facts injected
2026-06-14 15:01:16,062 [RESEARCHER] [3/15] Top 20 Finish
2026-06-14 15:01:17,901 [RESEARCHER]   Prior history injected for Tommy Fleetwood
2026-06-14 15:01:18,196 [RESEARCHER]   Data provider: 6 facts injected
2026-06-14 15:01:18,196 [RESEARCHER] [4/15] Top 5 Finish
2026-06-14 15:01:20,167 [RESEARCHER]   Prior history injected for Tommy Fleetwood
2026-06-14 15:01:20,493 [RESEARCHER]   Data provider: 6 facts injected
2026-06-14 15:01:20,493 [RESEARCHER] [5/15] Winner
2026-06-14 15:01:28,926 [RESEARCHER] [SLASHGOLF] No tournament match for '  Champ Tour Principal Charity Classic 2026'
2026-06-14 15:01:28,927 [RESEARCHER] [6/15] 1m2f Grp 1
2026-06-14 15:01:33,997 [RESEARCHER] [7/15] 7f Hcap
2026-06-14 15:01:38,554 [RESEARCHER] [8/15] 6f Nov Stks
2026-06-14 15:01:43,894 [RESEARCHER] [9/15] 2m2f Hcap Hrd
2026-06-14 15:01:48,618 [RESEARCHER] [10/15] 5f Mdn
2026-06-14 15:01:53,460 [RESEARCHER] [11/15] Each Way 10 Places - 1/5 Odds
2026-06-14 15:01:55,418 [RESEARCHER]   Prior history injected for Tommy Fleetwood
2026-06-14 15:01:55,771 [RESEARCHER]   Data provider: 6 facts injected
2026-06-14 15:01:55,771 [RESEARCHER] [12/15] 17:42-Suber
2026-06-14 15:02:01,036 [RESEARCHER] [SLASHGOLF] No tournament match for '4th Round 3 Balls'
2026-06-14 15:02:01,037 [RESEARCHER] [13/15] Match Odds
2026-06-14 15:02:10,082 [RESEARCHER] [DATA_PROVIDER] theoddsapi: unrecognised sport_type=
2026-06-14 15:02:10,083 [RESEARCHER] [14/15] Match Odds
2026-06-14 15:02:18,099 [RESEARCHER]   Data provider: 3 facts injected
2026-06-14 15:02:18,099 [RESEARCHER] [15/15] Match Odds
2026-06-14 15:02:28,076 [RESEARCHER] [DATA_PROVIDER] theoddsapi: unrecognised sport_type=
2026-06-14 15:02:28,077 [RESEARCHER]   Data provider: 2 facts injected
2026-06-14 15:02:28,086 [RESEARCHER] Research brief written: 2026-06-14_14-02_brief.json
2026-06-14 15:02:28,086 [RESEARCHER] Markets: 15 | Errors: 0 | Credits used: 62
BRIEF_PATH:/home/jwfalc/smarkets-bot/data/research/2026-06-14_14-02_brief.json
2026-06-14 15:02:28,396 [ANALYZER] Loading research brief: 2026-06-14_14-02_brief.json
2026-06-14 15:02:28,638 [ANALYZER] Betfair cross-ref index: 3252 runners
2026-06-14 15:02:28,711 [ANALYZER] BUG-130: Skipped unsupported market type: Chantilly (FRA) 14th Jun | 1m2f Grp 1 [betfair]
2026-06-14 15:02:28,711 [ANALYZER] BUG-130: Skipped unsupported market type: Doncaster 14th Jun | 7f Hcap [betfair]
2026-06-14 15:02:28,711 [ANALYZER] BUG-130: Skipped unsupported market type: Salisbury 14th Jun | 6f Nov Stks [betfair]
2026-06-14 15:02:28,712 [ANALYZER] BUG-130: Skipped unsupported market type: Downpatrick 14th Jun | 2m2f Hcap Hrd [betfair]
2026-06-14 15:02:28,712 [ANALYZER] BUG-130: Skipped unsupported market type: Cork 14th Jun | 5f Mdn [betfair]
2026-06-14 15:02:28,723 [ANALYZER] BUG-130: Skipped unsupported market type: 4th Round 3 Balls | 17:42-Suber [betfair]
2026-06-14 15:02:28,738 [ANALYZER] Analyzed 9 markets
2026-06-14 15:02:28,738 [ANALYZER] Found 12 signals (10pp+)
2026-06-14 15:02:28,738 [ANALYZER] Logged 23 distribution entries (7pp+)
2026-06-14 15:02:28,750 [ANALYZER] Research output written: 2026-06-14_14-02_research.json
2026-06-14 15:02:28,752 [ANALYZER] Appended 42 edge traces to edge_traces.json
RESEARCH_PATH:/home/jwfalc/smarkets-bot/data/research/2026-06-14_14-02_research.json
2026-06-14 15:02:29,318 [RESOLVE] Found 16 open trade(s) to check (paper_mode=True)
2026-06-14 15:02:29,387 [RESOLVE] Using cached Betfair session token
2026-06-14 15:02:29,387 [RESOLVE] Betfair: checking 10 open-trade markets
2026-06-14 15:02:42,621 [RESOLVE] Snapshot name lookup: found mappings for 10 markets
2026-06-14 15:02:42,771 [RESOLVE] Settled markets found: 0
2026-06-14 15:02:42,771 [RESOLVE] No open-trade markets have settled yet.
Kelly balance: £74.68 | Reserved: £89.01 | Available: £-14.33
Skipping (conflicting back in same market): Winner
Skipping (conflicting back in same market): Top 10 Finish
Skipping (conflicting back in same market): Top 10 Finish
Skipping (conflicting back in same market): Top 10 Finish
Skipping (conflicting back in same market): Top 10 Finish
Skipping (already open): Top 10 Finish BACK
Skipping (conflicting back in same market): Top 20 Finish
Skipping (Kelly stake below £0.50 floor): Top 20 Finish Wyndham Clark — stake=£0.01 odds=1.12 model_prob=89.29%
Skipping (conflicting back in same market): Top 20 Finish
Skipping (conflicting back in same market): Top 5 Finish
Skipping (conflicting back in same market): Top 5 Finish
Skipping (conflicting back in same market): Top 5 Finish
No new paper trades to log
2026-06-14 15:02:44,047 [INFO] ============================================================
2026-06-14 15:02:44,047 [INFO] DIGEST RUN STARTED
2026-06-14 15:02:44,047 [INFO] ============================================================
2026-06-14 15:02:47,730 [INFO] Slip dedup: skipping Wyndham Clark (BACK) — conflicting back in same market
2026-06-14 15:02:47,736 [INFO] Slip dedup: skipping Jackson Suber (BACK) — conflicting back in same market
2026-06-14 15:02:47,736 [INFO] Slip dedup: skipping Jackson Suber (BACK) — conflicting back in same market
2026-06-14 15:02:47,736 [INFO] Slip dedup: skipping Jackson Suber (BACK) — conflicting back in same market
2026-06-14 15:02:47,737 [INFO] Slip dedup: skipping Sam Burns (BACK) — conflicting back in same market
2026-06-14 15:02:47,737 [INFO] Slip dedup: skipping Jesper Svensson (BACK) — conflicting back in same market
2026-06-14 15:02:47,737 [INFO] Slip dedup: skipping Bud Cauley (BACK) — conflicting back in same market
2026-06-14 15:02:47,737 [INFO] Slip dedup: skipping Tommy Fleetwood (BACK) — conflicting back in same market
2026-06-14 15:02:47,737 [INFO] Slip dedup: skipping Jesper Svensson (BACK) — conflicting back in same market
2026-06-14 15:02:47,737 [INFO] Slip dedup: skipping Wyndham Clark (BACK) — conflicting back in same market
2026-06-14 15:02:47,737 [INFO] Slip dedup: skipping Jackson Suber (BACK) — conflicting back in same market
2026-06-14 15:02:50,851 [INFO] cashout_advisor: no advisory triggers fired
2026-06-14 15:02:50,870 [INFO] Dashboard data written: /home/jwfalc/smarkets-bot/dashboard/dashboard_data.json
2026-06-14 15:02:50,949 [INFO] Period logs updated: 2026-06-14, 2026-W24, 2026-06, 2026-Q2
2026-06-14 15:02:50,950 [INFO] Run log: [2026-06-14 14:02 UTC] status=signal | platforms=betfair,matchbook | markets=762 | signals=12 | alerts=0 | movements=10 | consec_losses=1
2026-06-14 15:02:50,950 [INFO] Digest complete
Distribution log updated: 5 new entries added
Total entries: 1233
  near_certainty: 14 total, 9 resolved
  high_prob: 43 total, 26 resolved
  7-9pp: 370 total, 113 resolved
  10-11pp: 194 total, 64 resolved
  12pp+: 612 total, 418 resolved

REVIEW DUE: 7-9pp band has 113 resolved entries (threshold: 12)
  Run: python distribution_logger.py report
  Then run: prompts/prompt_review_v1.md

REVIEW DUE: 7-9pp band has 113 resolved entries (threshold: 12)
  Run: python distribution_logger.py report
  Then run: prompts/prompt_review_v1.md
EXIT_CODE:0
Sent
2026-06-14 15:02:53,803 [STATIC-DASH] Building dashboard data…
2026-06-14 15:02:53,808 [STATIC-DASH] Data collected: 54 trades, 12 signals
2026-06-14 15:02:53,848 [STATIC-DASH] Written: /home/jwfalc/smarkets-dashboard/index.html (513KB)
2026-06-14 15:02:53,849 [STATIC-DASH] Copied PWA asset: manifest.json
2026-06-14 15:02:53,850 [STATIC-DASH] Copied PWA asset: apple-touch-icon.png
2026-06-14 15:02:53,852 [STATIC-DASH] Copied PWA asset: icon-192.png
2026-06-14 15:02:53,854 [STATIC-DASH] Copied PWA asset: icon-512.png
2026-06-14 15:02:53 [DEPLOY] Starting dashboard deploy...
HTML written OK
2026-06-14 15:02:53 [DEPLOY] Static HTML built
[main ed9dc6f] Deploy: 2026-06-14 15:02 UTC
 1 file changed, 27 insertions(+), 4 deletions(-)
To https://github.com/jwfalc-coder/smarkets-dashboard.git
   a967684..ed9dc6f  main -> main
2026-06-14 15:02:53 [DEPLOY] Deploy complete: Deploy: 2026-06-14 15:02 UTC
