Sent
2026-06-11 06:06:46,574 [INFO] ============================================================
2026-06-11 06:06:46,575 [INFO] SCANNER RUN STARTED - BETFAIR
2026-06-11 06:06:46,575 [INFO] ============================================================
2026-06-11 06:06:46,975 [INFO] Using cached Betfair session token
2026-06-11 06:06:47,096 [INFO] Catalogue: 100 markets for sport ID 1
2026-06-11 06:06:47,194 [INFO] Catalogue: 100 markets for sport ID 2
2026-06-11 06:06:47,299 [INFO] Catalogue: 100 markets for sport ID 7
2026-06-11 06:06:47,400 [INFO] Catalogue: 100 markets for sport ID 4
2026-06-11 06:06:47,474 [INFO] Catalogue: 0 markets for sport ID 2378961
2026-06-11 06:06:47,577 [INFO] Catalogue: 38 markets for sport ID 3
2026-06-11 06:06:47,722 [INFO] Catalogue: 54 markets for sport ID 7522
2026-06-11 06:06:47,804 [INFO] Catalogue: 6 markets for sport ID 6423
2026-06-11 06:06:47,805 [INFO] Betfair: fetching prices for 498 markets...
2026-06-11 06:06:51,576 [INFO] Betfair: enriching 498 markets with price data...
2026-06-11 06:06:51,582 [INFO] Betfair: enriched 50/498 markets, 4 tradeable so far
2026-06-11 06:06:51,590 [INFO] Betfair: enriched 100/498 markets, 6 tradeable so far
2026-06-11 06:06:51,593 [INFO] Betfair: enriched 150/498 markets, 13 tradeable so far
2026-06-11 06:06:51,596 [INFO] Betfair: enriched 200/498 markets, 15 tradeable so far
2026-06-11 06:06:51,607 [INFO] Betfair: enriched 250/498 markets, 26 tradeable so far
2026-06-11 06:06:51,618 [INFO] Betfair: enriched 300/498 markets, 30 tradeable so far
2026-06-11 06:06:51,621 [INFO] Betfair: enriched 350/498 markets, 48 tradeable so far
2026-06-11 06:06:51,625 [INFO] Betfair: enriched 400/498 markets, 52 tradeable so far
2026-06-11 06:06:51,666 [INFO] Betfair: enriched 450/498 markets, 75 tradeable so far
2026-06-11 06:06:51,748 [INFO] Betfair: enriched 498/498 markets, 81 tradeable so far
2026-06-11 06:06:51,748 [INFO] Betfair: 498 total markets, 81 above 100 GBP volume
2026-06-11 06:06:51,855 [INFO] Outrights: 23 markets for sport 1
2026-06-11 06:06:51,941 [INFO] Outrights: 11 markets for sport 3
2026-06-11 06:06:52,011 [INFO] Outrights: 1 markets for sport 2378961
2026-06-11 06:06:52,374 [INFO] Outrights: 33 markets above 25 GBP
2026-06-11 06:06:52,380 [INFO] Betfair: added 28 outright markets for cross-ref
2026-06-11 06:06:52,381 [INFO] betfair: 526 total, 109 above 100 GBP threshold
2026-06-11 06:06:52,562 [INFO] Snapshot written: /home/jwfalc/smarkets-bot/data/snapshots/betfair/2026-06-11_05-06.json
2026-06-11 06:06:52,656 [INFO] Market log updated (betfair)
2026-06-11 06:07:14,608 [INFO] Scanner complete for betfair. Snapshot: 2026-06-11_05-06.json
2026-06-11 06:07:14,920 [INFO] ============================================================
2026-06-11 06:07:14,920 [INFO] SCANNER RUN STARTED - MATCHBOOK
2026-06-11 06:07:14,920 [INFO] ============================================================
2026-06-11 06:07:15,264 [INFO] Using cached Matchbook session token
2026-06-11 06:07:15,265 [INFO] Matchbook: fetching events with prices for 15 sports...
2026-06-11 06:07:15,358 [INFO] Matchbook: fetched page offset=0, 20 events (total so far: 20)
2026-06-11 06:07:15,625 [INFO] Matchbook: fetched page offset=20, 20 events (total so far: 40)
2026-06-11 06:07:15,851 [INFO] Matchbook: fetched page offset=40, 20 events (total so far: 60)
2026-06-11 06:07:16,083 [INFO] Matchbook: fetched page offset=60, 20 events (total so far: 80)
2026-06-11 06:07:16,337 [INFO] Matchbook: fetched page offset=80, 20 events (total so far: 100)
2026-06-11 06:07:16,626 [INFO] Matchbook: fetched page offset=100, 20 events (total so far: 120)
2026-06-11 06:07:16,951 [INFO] Matchbook: fetched page offset=120, 20 events (total so far: 140)
2026-06-11 06:07:17,293 [INFO] Matchbook: fetched page offset=140, 20 events (total so far: 160)
2026-06-11 06:07:17,635 [INFO] Matchbook: fetched page offset=160, 20 events (total so far: 180)
2026-06-11 06:07:18,096 [INFO] Matchbook: fetched page offset=180, 12 events (total so far: 192)
2026-06-11 06:07:18,096 [INFO] Matchbook: processing 192 events
2026-06-11 06:07:18,100 [INFO] Matchbook: processed 20/192 events, 178 markets so far
2026-06-11 06:07:18,108 [INFO] Matchbook: processed 40/192 events, 318 markets so far
2026-06-11 06:07:18,109 [INFO] Matchbook: processed 60/192 events, 338 markets so far
2026-06-11 06:07:18,111 [INFO] Matchbook: processed 80/192 events, 389 markets so far
2026-06-11 06:07:18,116 [INFO] Matchbook: processed 100/192 events, 582 markets so far
2026-06-11 06:07:18,123 [INFO] Matchbook: processed 120/192 events, 709 markets so far
2026-06-11 06:07:18,134 [INFO] Matchbook: processed 140/192 events, 919 markets so far
2026-06-11 06:07:18,154 [INFO] Matchbook: processed 160/192 events, 1362 markets so far
2026-06-11 06:07:18,171 [INFO] Matchbook: processed 180/192 events, 1754 markets so far
2026-06-11 06:07:18,176 [INFO] Matchbook: processed 192/192 events, 1818 markets so far
2026-06-11 06:07:18,176 [INFO] Matchbook: 1819 total markets, 320 above 25 GBP volume
2026-06-11 06:07:18,199 [INFO] matchbook: 1819 total, 320 above 25 GBP threshold
2026-06-11 06:07:18,354 [INFO] Snapshot written: /home/jwfalc/smarkets-bot/data/snapshots/matchbook/2026-06-11_05-07.json
2026-06-11 06:07:18,436 [INFO] Market log updated (matchbook)
2026-06-11 06:07:40,968 [INFO] Scanner complete for matchbook. Snapshot: 2026-06-11_05-07.json
2026-06-11 06:07:41,612 [RESEARCHER] Prior index loaded: 15 known runners
2026-06-11 06:07:41,654 [RESEARCHER] betfair: 109 tradeable markets from 2026-06-11_05-06.json
2026-06-11 06:07:41,655 [RESEARCHER] Market selection: 1 politics + 7 outrights + 8 other sports = 16 total (platforms: ['betfair'])
2026-06-11 06:07:41,655 [RESEARCHER] [1/16] Makerfield - Restore Britain Vote Percentage
2026-06-11 06:07:44,065 [RESEARCHER] [2/16] Winner
2026-06-11 06:07:45,653 [RESEARCHER]   Prior history injected for Portugal
2026-06-11 06:07:45,654 [RESEARCHER] [3/16] Winner
2026-06-11 06:07:47,555 [RESEARCHER]   Prior history injected for Tommy Fleetwood
2026-06-11 06:07:47,555 [RESEARCHER] [4/16] Winner
2026-06-11 06:07:49,450 [RESEARCHER]   Prior history injected for Scottie Scheffler
2026-06-11 06:07:49,451 [RESEARCHER]   Prior history injected for Xander Schauffele
2026-06-11 06:07:49,452 [RESEARCHER]   Prior history injected for Tommy Fleetwood
2026-06-11 06:07:49,452 [RESEARCHER] [5/16] Winner
2026-06-11 06:07:51,429 [RESEARCHER]   Prior history injected for Scottie Scheffler
2026-06-11 06:07:51,429 [RESEARCHER]   Prior history injected for Tommy Fleetwood
2026-06-11 06:07:51,430 [RESEARCHER]   Prior history injected for Xander Schauffele
2026-06-11 06:07:51,430 [RESEARCHER] [6/16] Top 10 Finish
2026-06-11 06:07:53,267 [RESEARCHER]   Prior history injected for Tommy Fleetwood
2026-06-11 06:07:53,267 [RESEARCHER] [7/16] Top 20 Finish
2026-06-11 06:07:55,134 [RESEARCHER]   Prior history injected for Tommy Fleetwood
2026-06-11 06:07:55,135 [RESEARCHER] [8/16] Top 5 Finish
2026-06-11 06:07:57,065 [RESEARCHER]   Prior history injected for Tommy Fleetwood
2026-06-11 06:07:57,066 [RESEARCHER] [9/16] Match Odds
2026-06-11 06:07:58,656 [RESEARCHER] [10/16] Match Odds
2026-06-11 06:08:00,221 [RESEARCHER] [11/16] Match Odds
2026-06-11 06:08:01,789 [RESEARCHER] [12/16] Match Odds
2026-06-11 06:08:03,325 [RESEARCHER] [13/16] Match Odds
2026-06-11 06:08:04,826 [RESEARCHER] [14/16] Match Odds
2026-06-11 06:08:06,387 [RESEARCHER] [15/16] Name the Finalists
2026-06-11 06:08:07,984 [RESEARCHER] [16/16] Winner 2026/27
2026-06-11 06:08:09,586 [RESEARCHER] Research brief written: 2026-06-11_05-08_brief.json
2026-06-11 06:08:09,587 [RESEARCHER] Markets: 16 | Errors: 0 | Credits used: 69
BRIEF_PATH:/home/jwfalc/smarkets-bot/data/research/2026-06-11_05-08_brief.json
2026-06-11 06:08:09,908 [ANALYZER] Loading research brief: 2026-06-11_05-08_brief.json
2026-06-11 06:08:10,079 [ANALYZER] Betfair cross-ref index: 4010 runners
2026-06-11 06:08:10,086 [ANALYZER] Analyzed 16 markets
2026-06-11 06:08:10,086 [ANALYZER] Found 4 signals (10pp+)
2026-06-11 06:08:10,086 [ANALYZER] Logged 9 distribution entries (7pp+)
2026-06-11 06:08:10,099 [ANALYZER] Research output written: 2026-06-11_05-08_research.json
2026-06-11 06:08:10,102 [ANALYZER] Appended 72 edge traces to edge_traces.json
RESEARCH_PATH:/home/jwfalc/smarkets-bot/data/research/2026-06-11_05-08_research.json
2026-06-11 06:08:10,663 [RESOLVE] Found 9 open trade(s) to check (paper_mode=True)
2026-06-11 06:08:10,732 [RESOLVE] Using cached Betfair session token
2026-06-11 06:08:10,732 [RESOLVE] Betfair: checking 8 open-trade markets
2026-06-11 06:08:22,525 [RESOLVE] Snapshot name lookup: found mappings for 8 markets
2026-06-11 06:08:22,630 [RESOLVE] Settled markets found: 0
2026-06-11 06:08:22,630 [RESOLVE] No open-trade markets have settled yet.
2026-06-11 06:08:23,258 [INFO] ============================================================
2026-06-11 06:08:23,258 [INFO] DIGEST RUN STARTED
2026-06-11 06:08:23,258 [INFO] ============================================================
2026-06-11 06:08:26,942 [INFO] Slip dedup: skipping Tommy Fleetwood (BACK) — already open
2026-06-11 06:08:26,942 [INFO] Slip dedup: skipping Tommy Fleetwood (BACK) — already open
2026-06-11 06:08:26,942 [INFO] Slip dedup: skipping Scottie Scheffler (BACK) — already open
2026-06-11 06:08:26,942 [INFO] Slip dedup: skipping Tommy Fleetwood (BACK) — already open
2026-06-11 06:08:26,942 [INFO] Slip dedup: all signals already open — no slip sent
2026-06-11 06:08:26,943 [INFO] Sent 4 Telegram signal alerts
2026-06-11 06:08:26,962 [INFO] Dashboard data written: /home/jwfalc/smarkets-bot/dashboard/dashboard_data.json
2026-06-11 06:08:27,024 [INFO] Period logs updated: 2026-06-11, 2026-W24, 2026-06, 2026-Q2
2026-06-11 06:08:27,024 [INFO] Run log: [2026-06-11 05:08 UTC] status=signal | platforms=betfair,matchbook | markets=429 | signals=4 | alerts=4 | movements=10 | consec_losses=0
2026-06-11 06:08:27,025 [INFO] Digest complete
Kelly balance: £96.52 | Reserved: £40.38 | Available: £56.14
Skipping (already open): Winner BACK
Skipping (correlated exposure in same market): Top 10 Finish BACK Tommy Fleetwood
Skipping (already open): Top 20 Finish BACK
Skipping (already open): Top 5 Finish BACK
No new paper trades to log
Distribution log updated: 9 new entries added
Total entries: 1072
  near_certainty: 9 total, 7 resolved
  high_prob: 29 total, 17 resolved
  7-9pp: 324 total, 109 resolved
  10-11pp: 167 total, 61 resolved
  12pp+: 543 total, 406 resolved

REVIEW DUE: 7-9pp band has 109 resolved entries (threshold: 12)
  Run: python distribution_logger.py report
  Then run: prompts/prompt_review_v1.md

REVIEW DUE: 7-9pp band has 109 resolved entries (threshold: 12)
  Run: python distribution_logger.py report
  Then run: prompts/prompt_review_v1.md
EXIT_CODE:0
Sent
2026-06-11 06:08:30,068 [STATIC-DASH] Building dashboard data…
2026-06-11 06:08:31,128 [STATIC-DASH] Data collected: 25 trades, 35 signals, 429 markets
2026-06-11 06:08:31,300 [STATIC-DASH] Written: /home/jwfalc/smarkets-dashboard/index.html (2241KB)
2026-06-11 06:08:31,310 [STATIC-DASH] Copied PWA asset: manifest.json
2026-06-11 06:08:31,311 [STATIC-DASH] Copied PWA asset: apple-touch-icon.png
2026-06-11 06:08:31,312 [STATIC-DASH] Copied PWA asset: icon-192.png
2026-06-11 06:08:31,313 [STATIC-DASH] Copied PWA asset: icon-512.png
2026-06-11 06:08:31 [DEPLOY] Starting dashboard deploy...
WARNING: could not find injection point in HTML
HTML written OK
2026-06-11 06:08:31 [DEPLOY] Static HTML built
[main ef6d350] Deploy: 2026-06-11 06:08 UTC
 1 file changed, 1 insertion(+), 1 deletion(-)
To https://github.com/jwfalc-coder/smarkets-dashboard.git
   629afb5..ef6d350  main -> main
2026-06-11 06:08:31 [DEPLOY] Deploy complete: Deploy: 2026-06-11 06:08 UTC
