Sent
2026-05-09 18:00:02,561 [INFO] ============================================================
2026-05-09 18:00:02,561 [INFO] SCANNER RUN STARTED - BETFAIR
2026-05-09 18:00:02,561 [INFO] ============================================================
2026-05-09 18:00:02,972 [INFO] Cached Betfair session too old, re-logging in
2026-05-09 18:00:02,973 [INFO] Betfair login attempt 1/3
2026-05-09 18:00:03,117 [INFO] Betfair login successful
2026-05-09 18:00:03,307 [INFO] Catalogue: 100 markets for sport ID 1
2026-05-09 18:00:03,441 [INFO] Catalogue: 100 markets for sport ID 2
2026-05-09 18:00:03,555 [INFO] Catalogue: 100 markets for sport ID 7
2026-05-09 18:00:03,670 [INFO] Catalogue: 100 markets for sport ID 4
2026-05-09 18:00:03,766 [INFO] Catalogue: 2 markets for sport ID 2378961
2026-05-09 18:00:03,870 [INFO] Catalogue: 33 markets for sport ID 3
2026-05-09 18:00:04,081 [INFO] Catalogue: 100 markets for sport ID 7522
2026-05-09 18:00:04,187 [INFO] Catalogue: 9 markets for sport ID 6423
2026-05-09 18:00:04,187 [INFO] Betfair: fetching prices for 544 markets...
2026-05-09 18:00:09,059 [INFO] Betfair: enriching 544 markets with price data...
2026-05-09 18:00:09,063 [INFO] Betfair: enriched 50/544 markets, 10 tradeable so far
2026-05-09 18:00:09,069 [INFO] Betfair: enriched 100/544 markets, 12 tradeable so far
2026-05-09 18:00:09,072 [INFO] Betfair: enriched 150/544 markets, 18 tradeable so far
2026-05-09 18:00:09,076 [INFO] Betfair: enriched 200/544 markets, 20 tradeable so far
2026-05-09 18:00:09,083 [INFO] Betfair: enriched 250/544 markets, 44 tradeable so far
2026-05-09 18:00:09,088 [INFO] Betfair: enriched 300/544 markets, 56 tradeable so far
2026-05-09 18:00:09,091 [INFO] Betfair: enriched 350/544 markets, 65 tradeable so far
2026-05-09 18:00:09,093 [INFO] Betfair: enriched 400/544 markets, 67 tradeable so far
2026-05-09 18:00:09,134 [INFO] Betfair: enriched 450/544 markets, 94 tradeable so far
2026-05-09 18:00:09,180 [INFO] Betfair: enriched 500/544 markets, 112 tradeable so far
2026-05-09 18:00:09,238 [INFO] Betfair: enriched 544/544 markets, 116 tradeable so far
2026-05-09 18:00:09,241 [INFO] Betfair: 544 total markets, 116 above 100 GBP volume
2026-05-09 18:00:09,270 [INFO] betfair: 544 total, 116 above 100 GBP threshold
2026-05-09 18:00:09,598 [INFO] Snapshot written: /home/jwfalc/smarkets-bot/data/snapshots/betfair/2026-05-09_17-00.json
2026-05-09 18:00:09,764 [INFO] Market log updated (betfair)
2026-05-09 18:00:37,200 [INFO] Scanner complete for betfair. Snapshot: 2026-05-09_17-00.json
2026-05-09 18:00:37,708 [INFO] ============================================================
2026-05-09 18:00:37,708 [INFO] SCANNER RUN STARTED - MATCHBOOK
2026-05-09 18:00:37,708 [INFO] ============================================================
2026-05-09 18:00:38,236 [INFO] Matchbook login attempt 1/3
2026-05-09 18:00:38,406 [INFO] Matchbook login successful
2026-05-09 18:00:38,407 [INFO] Matchbook: fetching events with prices for 15 sports...
2026-05-09 18:00:38,589 [INFO] Matchbook: fetched page offset=0, 20 events (total so far: 20)
2026-05-09 18:00:38,937 [INFO] Matchbook: fetched page offset=20, 20 events (total so far: 40)
2026-05-09 18:00:39,342 [INFO] Matchbook: fetched page offset=40, 20 events (total so far: 60)
2026-05-09 18:00:39,768 [INFO] Matchbook: fetched page offset=60, 20 events (total so far: 80)
2026-05-09 18:00:40,144 [INFO] Matchbook: fetched page offset=80, 20 events (total so far: 100)
2026-05-09 18:00:40,473 [INFO] Matchbook: fetched page offset=100, 20 events (total so far: 120)
2026-05-09 18:00:40,856 [INFO] Matchbook: fetched page offset=120, 20 events (total so far: 140)
2026-05-09 18:00:41,217 [INFO] Matchbook: fetched page offset=140, 20 events (total so far: 160)
2026-05-09 18:00:41,547 [INFO] Matchbook: fetched page offset=160, 20 events (total so far: 180)
2026-05-09 18:00:41,902 [INFO] Matchbook: fetched page offset=180, 20 events (total so far: 200)
2026-05-09 18:00:42,291 [INFO] Matchbook: fetched page offset=200, 20 events (total so far: 220)
2026-05-09 18:00:42,597 [INFO] Matchbook: fetched page offset=220, 20 events (total so far: 240)
2026-05-09 18:00:42,921 [INFO] Matchbook: fetched page offset=240, 20 events (total so far: 260)
2026-05-09 18:00:43,241 [INFO] Matchbook: fetched page offset=260, 20 events (total so far: 280)
2026-05-09 18:00:43,586 [INFO] Matchbook: fetched page offset=280, 20 events (total so far: 300)
2026-05-09 18:00:44,025 [INFO] Matchbook: fetched page offset=300, 20 events (total so far: 320)
2026-05-09 18:00:44,355 [INFO] Matchbook: fetched page offset=320, 20 events (total so far: 340)
2026-05-09 18:00:44,774 [INFO] Matchbook: fetched page offset=340, 20 events (total so far: 360)
2026-05-09 18:00:45,149 [INFO] Matchbook: fetched page offset=360, 20 events (total so far: 380)
2026-05-09 18:00:45,500 [INFO] Matchbook: fetched page offset=380, 20 events (total so far: 400)
2026-05-09 18:00:45,817 [INFO] Matchbook: fetched page offset=400, 20 events (total so far: 420)
2026-05-09 18:00:46,062 [INFO] Matchbook: fetched page offset=420, 20 events (total so far: 440)
2026-05-09 18:00:46,303 [INFO] Matchbook: fetched page offset=440, 6 events (total so far: 446)
2026-05-09 18:00:46,304 [INFO] Matchbook: processing 446 events
2026-05-09 18:00:46,319 [INFO] Matchbook: processed 20/446 events, 243 markets so far
2026-05-09 18:00:46,339 [INFO] Matchbook: processed 40/446 events, 656 markets so far
2026-05-09 18:00:46,366 [INFO] Matchbook: processed 60/446 events, 1259 markets so far
2026-05-09 18:00:46,390 [INFO] Matchbook: processed 80/446 events, 1854 markets so far
2026-05-09 18:00:46,494 [INFO] Matchbook: processed 100/446 events, 2529 markets so far
2026-05-09 18:00:46,517 [INFO] Matchbook: processed 120/446 events, 3156 markets so far
2026-05-09 18:00:46,542 [INFO] Matchbook: processed 140/446 events, 3771 markets so far
2026-05-09 18:00:46,562 [INFO] Matchbook: processed 160/446 events, 4333 markets so far
2026-05-09 18:00:46,588 [INFO] Matchbook: processed 180/446 events, 4971 markets so far
2026-05-09 18:00:46,613 [INFO] Matchbook: processed 200/446 events, 5606 markets so far
2026-05-09 18:00:46,640 [INFO] Matchbook: processed 220/446 events, 6265 markets so far
2026-05-09 18:00:46,657 [INFO] Matchbook: processed 240/446 events, 6793 markets so far
2026-05-09 18:00:46,677 [INFO] Matchbook: processed 260/446 events, 7298 markets so far
2026-05-09 18:00:46,712 [INFO] Matchbook: processed 280/446 events, 7946 markets so far
2026-05-09 18:00:46,739 [INFO] Matchbook: processed 300/446 events, 8607 markets so far
2026-05-09 18:00:46,768 [INFO] Matchbook: processed 320/446 events, 9266 markets so far
2026-05-09 18:00:46,792 [INFO] Matchbook: processed 340/446 events, 9882 markets so far
2026-05-09 18:00:46,825 [INFO] Matchbook: processed 360/446 events, 10655 markets so far
2026-05-09 18:00:46,857 [INFO] Matchbook: processed 380/446 events, 11406 markets so far
2026-05-09 18:00:46,883 [INFO] Matchbook: processed 400/446 events, 12091 markets so far
2026-05-09 18:00:46,922 [INFO] Matchbook: processed 420/446 events, 12778 markets so far
2026-05-09 18:00:46,925 [INFO] Matchbook: processed 440/446 events, 12827 markets so far
2026-05-09 18:00:46,927 [INFO] Matchbook: processed 446/446 events, 12833 markets so far
2026-05-09 18:00:46,928 [INFO] Matchbook: 12834 total markets, 1055 above 25 GBP volume
2026-05-09 18:00:47,074 [INFO] matchbook: 12834 total, 1055 above 25 GBP threshold
2026-05-09 18:00:47,509 [INFO] Snapshot written: /home/jwfalc/smarkets-bot/data/snapshots/matchbook/2026-05-09_17-00.json
2026-05-09 18:00:47,723 [INFO] Market log updated (matchbook)
2026-05-09 18:01:20,853 [INFO] Scanner complete for matchbook. Snapshot: 2026-05-09_17-00.json
2026-05-09 18:01:22,203 [RESEARCHER] betfair: 116 tradeable markets from 2026-05-09_17-00.json
2026-05-09 18:01:22,287 [RESEARCHER] matchbook: 680 tradeable markets from 2026-05-09_17-00.json
2026-05-09 18:01:22,291 [RESEARCHER] Market selection: 2 politics/current-affairs + 7 matchbook-sports + 8 betfair-sports = 17 total
2026-05-09 18:01:22,292 [RESEARCHER] [1/17] 2026 Dublin Central by-election
2026-05-09 18:01:27,921 [RESEARCHER] [2/17] 2026 Galway West By-Election Winner
2026-05-09 18:01:32,417 [RESEARCHER] [3/17] Winner
2026-05-09 18:01:37,134 [RESEARCHER] [4/17] Winner
2026-05-09 18:01:41,160 [RESEARCHER] [5/17] Winner
2026-05-09 18:01:44,705 [RESEARCHER] [6/17] Winner
2026-05-09 18:01:48,883 [RESEARCHER] [7/17] Winner
2026-05-09 18:01:52,553 [RESEARCHER] [8/17] To Be Relegated
2026-05-09 18:01:56,321 [RESEARCHER] [9/17] Winner
2026-05-09 18:02:00,101 [RESEARCHER] [10/17] Match Odds
2026-05-09 18:02:03,507 [RESEARCHER] [11/17] Pakistan 1st Innings Runs Line
2026-05-09 18:02:07,134 [RESEARCHER] [12/17] Winner
2026-05-09 18:02:10,854 [RESEARCHER] [13/17] Match Odds
2026-05-09 18:02:14,380 [RESEARCHER] [14/17] Handicap
2026-05-09 18:02:18,135 [RESEARCHER] [15/17] Winner
2026-05-09 18:02:22,237 [RESEARCHER] [16/17] Winner
2026-05-09 18:02:25,949 [RESEARCHER]   -> Dual entry: also on matchbook (market 33193608429700081)
2026-05-09 18:02:25,950 [RESEARCHER] [17/17] Oklahoma City vs Los Angeles - Series Winner
2026-05-09 18:02:29,292 [RESEARCHER] Research brief written: 2026-05-09_17-02_brief.json
2026-05-09 18:02:29,293 [RESEARCHER] Markets: 18 | Errors: 0 | Credits used: 36
BRIEF_PATH:/home/jwfalc/smarkets-bot/data/research/2026-05-09_17-02_brief.json
2026-05-09 18:02:29,756 [ANALYZER] Loading research brief: 2026-05-09_17-02_brief.json
2026-05-09 18:02:29,930 [ANALYZER] Analyzed 18 markets
2026-05-09 18:02:29,931 [ANALYZER] Found 20 signals (10pp+)
2026-05-09 18:02:29,931 [ANALYZER] Logged 30 distribution entries (7pp+)
2026-05-09 18:02:29,953 [ANALYZER] Research output written: 2026-05-09_17-02_research.json
RESEARCH_PATH:/home/jwfalc/smarkets-bot/data/research/2026-05-09_17-02_research.json
2026-05-09 18:02:30,923 [RESOLVE] Found 31 open trade(s) to check (paper_mode=True)
2026-05-09 18:02:31,100 [RESOLVE] Using cached Betfair session token
2026-05-09 18:02:31,100 [RESOLVE] Betfair: checking 6 open-trade markets
2026-05-09 18:02:36,013 [RESOLVE] Snapshot name lookup: found mappings for 6 markets
2026-05-09 18:02:36,127 [RESOLVE] Using cached Matchbook session token
2026-05-09 18:02:36,128 [RESOLVE] Matchbook: checking 5 open-trade markets against settled events
/home/jwfalc/smarkets-bot/scripts/check_resolutions.py:306: DeprecationWarning: datetime.datetime.utcnow() is deprecated and scheduled for removal in a future version. Use timezone-aware objects to represent datetimes in UTC: datetime.datetime.now(datetime.UTC).
  from_date = (datetime.datetime.utcnow() - datetime.timedelta(days=30)).strftime("%Y-%m-%d")
2026-05-09 18:02:36,190 [RESOLVE] GET events failed: 400 {"errors":[{"messages":["Incorrect request param: after."],"codes":[null]}]}
2026-05-09 18:02:38,214 [RESOLVE] GET events failed: 400 {"errors":[{"messages":["Incorrect request param: after."],"codes":[null]}]}
2026-05-09 18:02:40,238 [RESOLVE] GET events failed: 400 {"errors":[{"messages":["Incorrect request param: after."],"codes":[null]}]}
2026-05-09 18:02:40,239 [RESOLVE] Matchbook settled events request failed: GET events failed: 400
2026-05-09 18:02:40,245 [RESOLVE] Web fallback: 1 stale match market(s) to look up
2026-05-09 18:02:49,971 [RESOLVE] Stale market unresolved — manual check needed: 'Atlético de Madrid vs Celta de Vigo' (market=33128052006800081, logged 2026-05-07). Tip: add [football_data] api_key to config.toml for CL coverage.
2026-05-09 18:02:49,971 [RESOLVE] Settled markets found: 0
2026-05-09 18:02:49,971 [RESOLVE] No open-trade markets have settled yet.
2026-05-09 18:02:51,080 [INFO] ============================================================
2026-05-09 18:02:51,087 [INFO] DIGEST RUN STARTED
2026-05-09 18:02:51,087 [INFO] ============================================================
2026-05-09 18:02:56,402 [INFO] Signal filtered (high-odds lay): 2026 Dublin Central by-election @ 6.00 odds, 11.7pp edge
2026-05-09 18:02:56,402 [INFO] Signal filtered (high-odds lay): 2026 Galway West By-Election Winner @ 4.50 odds, 12.4pp edge
2026-05-09 18:02:56,402 [INFO] Signal filtered (high-odds lay): 2026 Galway West By-Election Winner @ 5.30 odds, 10.6pp edge
2026-05-09 18:02:56,402 [INFO] Signal filtered (high-odds lay): Handicap @ 6.00 odds, 11.1pp edge
2026-05-09 18:02:56,403 [INFO] Signal filtered (high-odds lay): Handicap @ 6.00 odds, 11.1pp edge
2026-05-09 18:02:56,403 [INFO] Signal filtered (high-odds lay): Handicap @ 6.00 odds, 11.1pp edge
2026-05-09 18:02:56,438 [INFO] Dashboard data written: /home/jwfalc/smarkets-bot/dashboard/dashboard_data.json
2026-05-09 18:02:56,492 [INFO] Period logs updated: 2026-05-09, 2026-W19, 2026-05, 2026-Q2
2026-05-09 18:02:56,494 [INFO] Run log: [2026-05-09 17:02 UTC] status=signal | platforms=betfair,matchbook | markets=1171 | signals=14 | alerts=0 | movements=10 | consec_losses=0
2026-05-09 18:02:56,495 [INFO] Digest complete
Balance: £104.18 | Reserved: £238.71 | Available: £-134.53
Skipping high-odds lay: 2026 Dublin Central by-election @ 6.00 odds, 11.7pp edge (need 20.0pp+ above 4.0 odds)
Skipping (insufficient balance): 2026 Dublin Central by-election needs £0.05, only £-134.53 available
Skipping (insufficient balance): 2026 Dublin Central by-election needs £0.05, only £-134.53 available
Skipping (insufficient balance): 2026 Dublin Central by-election needs £0.05, only £-134.53 available
Skipping (insufficient balance): 2026 Dublin Central by-election needs £0.05, only £-134.53 available
Skipping (insufficient balance): 2026 Galway West By-Election Winner needs £2.55, only £-134.53 available
Skipping high-odds lay: 2026 Galway West By-Election Winner @ 4.50 odds, 12.4pp edge (need 20.0pp+ above 4.0 odds)
Skipping (insufficient balance): 2026 Galway West By-Election Winner needs £0.05, only £-134.53 available
Skipping high-odds lay: 2026 Galway West By-Election Winner @ 5.30 odds, 10.6pp edge (need 20.0pp+ above 4.0 odds)
Skipping (insufficient balance): To Be Relegated needs £1.60, only £-134.53 available
Skipping (insufficient balance): Handicap needs £0.05, only £-134.53 available
Skipping high-odds lay: Handicap @ 6.00 odds, 11.1pp edge (need 20.0pp+ above 4.0 odds)
Skipping (insufficient balance): Handicap needs £0.05, only £-134.53 available
Skipping high-odds lay: Handicap @ 6.00 odds, 11.1pp edge (need 20.0pp+ above 4.0 odds)
Skipping (insufficient balance): Handicap needs £0.05, only £-134.53 available
Skipping high-odds lay: Handicap @ 6.00 odds, 11.1pp edge (need 20.0pp+ above 4.0 odds)
Skipping (insufficient balance): Winner needs £0.10, only £-134.53 available
Skipping (insufficient balance): Winner needs £0.10, only £-134.53 available
Skipping (insufficient balance): Winner needs £0.85, only £-134.53 available
Skipping (insufficient balance): Winner needs £0.10, only £-134.53 available
No new paper trades to log
Distribution log updated: 11 new entries added
Total entries: 378
  7-9pp: 78 total, 14 resolved
  10-11pp: 51 total, 29 resolved
  12pp+: 249 total, 127 resolved

REVIEW DUE: 7-9pp band has 14 resolved entries (threshold: 12)
  Run: python distribution_logger.py report
  Then run: prompts/prompt_review_v1.md

REVIEW DUE: 7-9pp band has 14 resolved entries (threshold: 12)
  Run: python distribution_logger.py report
  Then run: prompts/prompt_review_v1.md
EXIT_CODE:0
Sent
2026-05-09 18:03:00 [DEPLOY] Starting dashboard deploy...
HTML written OK
2026-05-09 18:03:00 [DEPLOY] Static HTML built
[main 41ece32] Deploy: 2026-05-09 18:03 UTC
 1 file changed, 1 insertion(+), 1 deletion(-)
To https://github.com/jwfalc-coder/smarkets-dashboard.git
   b19fcd0..41ece32  main -> main
2026-05-09 18:03:00 [DEPLOY] Deploy complete: Deploy: 2026-05-09 18:03 UTC
