Sent
2026-05-30 23:00:02,612 [INFO] ============================================================
2026-05-30 23:00:02,612 [INFO] SCANNER RUN STARTED - BETFAIR
2026-05-30 23:00:02,612 [INFO] ============================================================
2026-05-30 23:00:03,014 [INFO] Cached Betfair session too old, re-logging in
2026-05-30 23:00:03,014 [INFO] Betfair login attempt 1/3
2026-05-30 23:00:03,167 [INFO] Betfair login successful
2026-05-30 23:00:03,332 [INFO] Catalogue: 100 markets for sport ID 1
2026-05-30 23:00:03,450 [INFO] Catalogue: 100 markets for sport ID 2
2026-05-30 23:00:03,566 [INFO] Catalogue: 100 markets for sport ID 7
2026-05-30 23:00:03,680 [INFO] Catalogue: 100 markets for sport ID 4
2026-05-30 23:00:03,762 [INFO] Catalogue: 1 markets for sport ID 2378961
2026-05-30 23:00:03,854 [INFO] Catalogue: 33 markets for sport ID 3
2026-05-30 23:00:04,051 [INFO] Catalogue: 83 markets for sport ID 7522
2026-05-30 23:00:04,154 [INFO] Catalogue: 6 markets for sport ID 6423
2026-05-30 23:00:04,155 [INFO] Betfair: fetching prices for 523 markets...
2026-05-30 23:00:08,659 [INFO] Betfair: enriching 523 markets with price data...
2026-05-30 23:00:08,666 [INFO] Betfair: enriched 50/523 markets, 10 tradeable so far
2026-05-30 23:00:08,672 [INFO] Betfair: enriched 100/523 markets, 15 tradeable so far
2026-05-30 23:00:08,675 [INFO] Betfair: enriched 150/523 markets, 17 tradeable so far
2026-05-30 23:00:08,677 [INFO] Betfair: enriched 200/523 markets, 17 tradeable so far
2026-05-30 23:00:08,685 [INFO] Betfair: enriched 250/523 markets, 22 tradeable so far
2026-05-30 23:00:08,696 [INFO] Betfair: enriched 300/523 markets, 22 tradeable so far
2026-05-30 23:00:08,699 [INFO] Betfair: enriched 350/523 markets, 38 tradeable so far
2026-05-30 23:00:08,702 [INFO] Betfair: enriched 400/523 markets, 45 tradeable so far
2026-05-30 23:00:08,747 [INFO] Betfair: enriched 450/523 markets, 73 tradeable so far
2026-05-30 23:00:08,799 [INFO] Betfair: enriched 500/523 markets, 82 tradeable so far
2026-05-30 23:00:08,825 [INFO] Betfair: enriched 523/523 markets, 82 tradeable so far
2026-05-30 23:00:08,829 [INFO] Betfair: 523 total markets, 82 above 100 GBP volume
2026-05-30 23:00:08,945 [INFO] Outrights: 20 markets for sport 1
2026-05-30 23:00:09,038 [INFO] Outrights: 16 markets for sport 3
2026-05-30 23:00:09,119 [INFO] Outrights: 1 markets for sport 2378961
2026-05-30 23:00:09,507 [INFO] Outrights: 33 markets above 25 GBP
2026-05-30 23:00:09,513 [INFO] Betfair: added 27 outright markets for cross-ref
2026-05-30 23:00:09,514 [INFO] betfair: 550 total, 109 above 100 GBP threshold
2026-05-30 23:00:09,829 [INFO] Snapshot written: /home/jwfalc/smarkets-bot/data/snapshots/betfair/2026-05-30_22-00.json
2026-05-30 23:00:10,002 [INFO] Market log updated (betfair)
2026-05-30 23:00:39,741 [INFO] Scanner complete for betfair. Snapshot: 2026-05-30_22-00.json
2026-05-30 23:00:40,055 [INFO] ============================================================
2026-05-30 23:00:40,056 [INFO] SCANNER RUN STARTED - MATCHBOOK
2026-05-30 23:00:40,056 [INFO] ============================================================
2026-05-30 23:00:40,392 [INFO] Matchbook login attempt 1/3
2026-05-30 23:00:40,589 [INFO] Matchbook login successful
2026-05-30 23:00:40,589 [INFO] Matchbook: fetching events with prices for 15 sports...
2026-05-30 23:00:40,735 [INFO] Matchbook: fetched page offset=0, 20 events (total so far: 20)
2026-05-30 23:00:41,059 [INFO] Matchbook: fetched page offset=20, 20 events (total so far: 40)
2026-05-30 23:00:41,321 [INFO] Matchbook: fetched page offset=40, 20 events (total so far: 60)
2026-05-30 23:00:41,587 [INFO] Matchbook: fetched page offset=60, 20 events (total so far: 80)
2026-05-30 23:00:41,875 [INFO] Matchbook: fetched page offset=80, 20 events (total so far: 100)
2026-05-30 23:00:42,192 [INFO] Matchbook: fetched page offset=100, 20 events (total so far: 120)
2026-05-30 23:00:42,509 [INFO] Matchbook: fetched page offset=120, 20 events (total so far: 140)
2026-05-30 23:00:42,796 [INFO] Matchbook: fetched page offset=140, 20 events (total so far: 160)
2026-05-30 23:00:43,087 [INFO] Matchbook: fetched page offset=160, 20 events (total so far: 180)
2026-05-30 23:00:43,346 [INFO] Matchbook: fetched page offset=180, 20 events (total so far: 200)
2026-05-30 23:00:43,596 [INFO] Matchbook: fetched page offset=200, 20 events (total so far: 220)
2026-05-30 23:00:43,830 [INFO] Matchbook: fetched page offset=220, 20 events (total so far: 240)
2026-05-30 23:00:44,063 [INFO] Matchbook: fetched page offset=240, 3 events (total so far: 243)
2026-05-30 23:00:44,063 [INFO] Matchbook: processing 243 events
2026-05-30 23:00:44,074 [INFO] Matchbook: processed 20/243 events, 212 markets so far
2026-05-30 23:00:44,095 [INFO] Matchbook: processed 40/243 events, 814 markets so far
2026-05-30 23:00:44,103 [INFO] Matchbook: processed 60/243 events, 1025 markets so far
2026-05-30 23:00:44,107 [INFO] Matchbook: processed 80/243 events, 1140 markets so far
2026-05-30 23:00:44,118 [INFO] Matchbook: processed 100/243 events, 1498 markets so far
2026-05-30 23:00:44,169 [INFO] Matchbook: processed 120/243 events, 2011 markets so far
2026-05-30 23:00:44,190 [INFO] Matchbook: processed 140/243 events, 2605 markets so far
2026-05-30 23:00:44,206 [INFO] Matchbook: processed 160/243 events, 3136 markets so far
2026-05-30 23:00:44,222 [INFO] Matchbook: processed 180/243 events, 3715 markets so far
2026-05-30 23:00:44,229 [INFO] Matchbook: processed 200/243 events, 3989 markets so far
2026-05-30 23:00:44,233 [INFO] Matchbook: processed 220/243 events, 4009 markets so far
2026-05-30 23:00:44,235 [INFO] Matchbook: processed 240/243 events, 4029 markets so far
2026-05-30 23:00:44,237 [INFO] Matchbook: processed 243/243 events, 4032 markets so far
2026-05-30 23:00:44,237 [INFO] Matchbook: 4033 total markets, 340 above 25 GBP volume
2026-05-30 23:00:44,272 [INFO] matchbook: 4033 total, 340 above 25 GBP threshold
2026-05-30 23:00:44,470 [INFO] Snapshot written: /home/jwfalc/smarkets-bot/data/snapshots/matchbook/2026-05-30_22-00.json
2026-05-30 23:00:44,553 [INFO] Market log updated (matchbook)
2026-05-30 23:01:11,674 [INFO] Scanner complete for matchbook. Snapshot: 2026-05-30_22-00.json
2026-05-30 23:01:12,323 [RESEARCHER] Prior index loaded: 91 known runners
2026-05-30 23:01:12,386 [RESEARCHER] betfair: 109 tradeable markets from 2026-05-30_22-00.json
2026-05-30 23:01:12,387 [RESEARCHER] Market selection: 2 politics + 7 outrights + 8 other sports = 17 total (platforms: ['betfair'])
2026-05-30 23:01:12,387 [RESEARCHER] [1/17] Starmer Replaced by June 1st 2026
2026-05-30 23:01:17,647 [RESEARCHER]   Prior history injected for Yes
2026-05-30 23:01:17,648 [RESEARCHER]   Prior history injected for No
2026-05-30 23:01:17,648 [RESEARCHER] [2/17] Makerfield - Restore Britain Vote Percentage
2026-05-30 23:01:22,821 [RESEARCHER] [3/17] Winner
2026-05-30 23:01:29,808 [RESEARCHER] [4/17] Winner
2026-05-30 23:01:38,220 [RESEARCHER]   Prior history injected for Alex Smalley
2026-05-30 23:01:38,220 [RESEARCHER] [5/17] Winner
2026-05-30 23:01:46,752 [RESEARCHER] [6/17] Winner
2026-05-30 23:01:54,487 [RESEARCHER]   Prior history injected for Bryson DeChambeau
2026-05-30 23:01:54,487 [RESEARCHER] [7/17] Winner
2026-05-30 23:02:02,923 [RESEARCHER]   Prior history injected for Scottie Scheffler
2026-05-30 23:02:02,923 [RESEARCHER]   Prior history injected for Rory McIlroy
2026-05-30 23:02:02,924 [RESEARCHER]   Prior history injected for Jon Rahm
2026-05-30 23:02:02,924 [RESEARCHER]   Prior history injected for Xander Schauffele
2026-05-30 23:02:02,924 [RESEARCHER]   Prior history injected for Cameron Young
2026-05-30 23:02:02,925 [RESEARCHER] [8/17] Winner
2026-05-30 23:02:07,769 [RESEARCHER]   Prior history injected for Scottie Scheffler
2026-05-30 23:02:07,770 [RESEARCHER]   Prior history injected for Rory McIlroy
2026-05-30 23:02:07,770 [RESEARCHER]   Prior history injected for Jon Rahm
2026-05-30 23:02:07,771 [RESEARCHER]   Prior history injected for Cameron Young
2026-05-30 23:02:07,771 [RESEARCHER]   Prior history injected for Ludvig Aberg
2026-05-30 23:02:07,771 [RESEARCHER]   Prior history injected for Bryson DeChambeau
2026-05-30 23:02:07,772 [RESEARCHER] [9/17] Top 10 Finish
2026-05-30 23:02:09,668 [RESEARCHER]   Prior history injected for Alex Smalley
2026-05-30 23:02:09,669 [RESEARCHER] [10/17] Moneyline
2026-05-30 23:02:16,191 [RESEARCHER]   Prior history injected for San Antonio Spurs
2026-05-30 23:02:16,192 [RESEARCHER] [11/17] Match Odds
2026-05-30 23:02:23,411 [RESEARCHER] [12/17] Match Odds
2026-05-30 23:02:31,638 [RESEARCHER] [13/17] Match Odds
2026-05-30 23:02:45,593 [RESEARCHER] [14/17] Winner 2026/27
2026-05-30 23:02:52,651 [RESEARCHER]   Prior history injected for Arsenal
2026-05-30 23:02:52,652 [RESEARCHER]   Prior history injected for Man City
2026-05-30 23:02:52,652 [RESEARCHER]   Prior history injected for Liverpool
2026-05-30 23:02:52,653 [RESEARCHER]   Prior history injected for Chelsea
2026-05-30 23:02:52,653 [RESEARCHER]   Prior history injected for Aston Villa
2026-05-30 23:02:52,653 [RESEARCHER] [15/17] Match Odds
2026-05-30 23:03:05,328 [RESEARCHER] [16/17] Match Odds
2026-05-30 23:03:18,392 [RESEARCHER] [17/17] Daniel Hillier v Nathan Kimsey
2026-05-30 23:03:26,522 [RESEARCHER] Research brief written: 2026-05-30_22-03_brief.json
2026-05-30 23:03:26,522 [RESEARCHER] Markets: 17 | Errors: 0 | Credits used: 73
BRIEF_PATH:/home/jwfalc/smarkets-bot/data/research/2026-05-30_22-03_brief.json
2026-05-30 23:03:26,840 [ANALYZER] Loading research brief: 2026-05-30_22-03_brief.json
2026-05-30 23:03:27,089 [ANALYZER] Betfair cross-ref index: 3521 runners
2026-05-30 23:03:27,096 [ANALYZER] Analyzed 17 markets
2026-05-30 23:03:27,096 [ANALYZER] Found 4 signals (10pp+)
2026-05-30 23:03:27,096 [ANALYZER] Logged 7 distribution entries (7pp+)
2026-05-30 23:03:27,109 [ANALYZER] Research output written: 2026-05-30_22-03_research.json
2026-05-30 23:03:27,112 [ANALYZER] Appended 70 edge traces to edge_traces.json
RESEARCH_PATH:/home/jwfalc/smarkets-bot/data/research/2026-05-30_22-03_research.json
2026-05-30 23:03:27,675 [RESOLVE] Found 32 open trade(s) to check (paper_mode=True)
2026-05-30 23:03:27,743 [RESOLVE] Using cached Betfair session token
2026-05-30 23:03:27,744 [RESOLVE] Betfair: checking 16 open-trade markets
2026-05-30 23:03:36,738 [RESOLVE] Snapshot name lookup: found mappings for 16 markets
2026-05-30 23:03:36,842 [RESOLVE] Betfair settled: market=1.258704516 winner=Madison Keys (3800907)
2026-05-30 23:03:36,920 [RESOLVE] Settled markets found: 1
2026-05-30 23:03:36,990 [RESOLVE]   [betfair] Match Odds | LOSS | P&L: -5.00 | Selection: Victoria Mboko | Winner: Madison Keys
2026-05-30 23:03:36,990 [RESOLVE] Resolution alert: Match Odds pnl=-5.00
2026-05-30 23:03:37,094 [RESOLVE] Telegram notification sent
2026-05-30 23:03:37,119 [RESOLVE] Auto-resolved 1 trade(s). Running P&L: +262.39 | W/L: 108/71 | ROI: 34.55%
2026-05-30 23:03:37,737 [INFO] ============================================================
2026-05-30 23:03:37,737 [INFO] DIGEST RUN STARTED
2026-05-30 23:03:37,737 [INFO] ============================================================
2026-05-30 23:03:42,516 [INFO] Sending signal alert: Winner edge=17.17pp
2026-05-30 23:03:42,618 [INFO] Telegram notification sent
2026-05-30 23:03:42,618 [INFO] Sent 1 Telegram signal alerts
2026-05-30 23:03:42,658 [INFO] Dashboard data written: /home/jwfalc/smarkets-bot/dashboard/dashboard_data.json
2026-05-30 23:03:42,744 [INFO] Period logs updated: 2026-05-30, 2026-W22, 2026-05, 2026-Q2
2026-05-30 23:03:42,745 [INFO] Run log: [2026-05-30 22:03 UTC] status=signal | platforms=betfair,matchbook | markets=449 | signals=4 | alerts=1 | movements=10 | consec_losses=1
2026-05-30 23:03:42,885 [INFO] Telegram notification sent
2026-05-30 23:03:42,886 [INFO] Digest complete
Balance: £362.39 | Reserved: £168.10 | Available: £194.29
Reduced stake: Winner edge 11.6pp < 15.0pp → £1.60 (32%)
Skipping (conflicting back in same market): Winner
Reduced stake: Winner edge 14.2pp < 15.0pp → £4.15 (83%)
Skipping (already open): Winner BACK
Skipping (already open): Winner BACK
No new paper trades to log
Distribution log updated: 0 new entries added
Total entries: 761
  near_certainty: 6 total, 5 resolved
  high_prob: 16 total, 8 resolved
  7-9pp: 224 total, 83 resolved
  10-11pp: 85 total, 35 resolved
  12pp+: 430 total, 319 resolved

REVIEW DUE: 7-9pp band has 83 resolved entries (threshold: 12)
  Run: python distribution_logger.py report
  Then run: prompts/prompt_review_v1.md

REVIEW DUE: 7-9pp band has 83 resolved entries (threshold: 12)
  Run: python distribution_logger.py report
  Then run: prompts/prompt_review_v1.md
EXIT_CODE:0
Sent
2026-05-30 23:03:45,807 [STATIC-DASH] Building dashboard data…
2026-05-30 23:03:46,901 [STATIC-DASH] Data collected: 211 trades, 46 signals, 449 markets
2026-05-30 23:03:47,118 [STATIC-DASH] Written: /home/jwfalc/smarkets-dashboard/index.html (3005KB)
2026-05-30 23:03:47 [DEPLOY] Starting dashboard deploy...
WARNING: could not find injection point in HTML
HTML written OK
2026-05-30 23:03:47 [DEPLOY] Static HTML built
[main 0e8bb85] Deploy: 2026-05-30 23:03 UTC
 1 file changed, 1 insertion(+), 1 deletion(-)
To https://github.com/jwfalc-coder/smarkets-dashboard.git
   568ba19..0e8bb85  main -> main
2026-05-30 23:03:47 [DEPLOY] Deploy complete: Deploy: 2026-05-30 23:03 UTC
[main 9c4582b] log: routine_2026-05-30_2300
 1 file changed, 186 insertions(+)
 create mode 100644 data/routine_logs/routine_2026-05-30_2300.log
From https://github.com/jwfalc-coder/betting-auditor
 * branch            main       -> FETCH_HEAD
Current branch main is up to date.
To https://github.com/jwfalc-coder/betting-auditor.git
   762d228..9c4582b  main -> main
