Sent
2026-05-27 14:00:02,547 [INFO] ============================================================
2026-05-27 14:00:02,547 [INFO] SCANNER RUN STARTED - BETFAIR
2026-05-27 14:00:02,547 [INFO] ============================================================
2026-05-27 14:00:02,963 [INFO] Cached Betfair session too old, re-logging in
2026-05-27 14:00:02,964 [INFO] Betfair login attempt 1/3
2026-05-27 14:00:03,124 [INFO] Betfair login successful
2026-05-27 14:00:03,270 [INFO] Catalogue: 100 markets for sport ID 1
2026-05-27 14:00:03,381 [INFO] Catalogue: 100 markets for sport ID 2
2026-05-27 14:00:03,526 [INFO] Catalogue: 100 markets for sport ID 7
2026-05-27 14:00:03,647 [INFO] Catalogue: 100 markets for sport ID 4
2026-05-27 14:00:03,726 [INFO] Catalogue: 0 markets for sport ID 2378961
2026-05-27 14:00:03,844 [INFO] Catalogue: 69 markets for sport ID 3
2026-05-27 14:00:04,081 [INFO] Catalogue: 100 markets for sport ID 7522
2026-05-27 14:00:04,152 [INFO] Catalogue: 0 markets for sport ID 6423
2026-05-27 14:00:04,153 [INFO] Betfair: fetching prices for 569 markets...
2026-05-27 14:00:09,536 [INFO] Betfair: enriching 569 markets with price data...
2026-05-27 14:00:09,541 [INFO] Betfair: enriched 50/569 markets, 4 tradeable so far
2026-05-27 14:00:09,546 [INFO] Betfair: enriched 100/569 markets, 8 tradeable so far
2026-05-27 14:00:09,548 [INFO] Betfair: enriched 150/569 markets, 11 tradeable so far
2026-05-27 14:00:09,552 [INFO] Betfair: enriched 200/569 markets, 13 tradeable so far
2026-05-27 14:00:09,559 [INFO] Betfair: enriched 250/569 markets, 45 tradeable so far
2026-05-27 14:00:09,565 [INFO] Betfair: enriched 300/569 markets, 67 tradeable so far
2026-05-27 14:00:09,568 [INFO] Betfair: enriched 350/569 markets, 87 tradeable so far
2026-05-27 14:00:09,570 [INFO] Betfair: enriched 400/569 markets, 95 tradeable so far
2026-05-27 14:00:09,622 [INFO] Betfair: enriched 450/569 markets, 123 tradeable so far
2026-05-27 14:00:09,657 [INFO] Betfair: enriched 500/569 markets, 135 tradeable so far
2026-05-27 14:00:09,705 [INFO] Betfair: enriched 550/569 markets, 155 tradeable so far
2026-05-27 14:00:09,733 [INFO] Betfair: enriched 569/569 markets, 156 tradeable so far
2026-05-27 14:00:09,733 [INFO] Betfair: 569 total markets, 156 above 100 GBP volume
2026-05-27 14:00:09,861 [INFO] Outrights: 21 markets for sport 1
2026-05-27 14:00:09,960 [INFO] Outrights: 16 markets for sport 3
2026-05-27 14:00:10,039 [INFO] Outrights: 0 markets for sport 2378961
2026-05-27 14:00:10,420 [INFO] Outrights: 30 markets above 25 GBP
2026-05-27 14:00:10,427 [INFO] Betfair: added 20 outright markets for cross-ref
2026-05-27 14:00:10,428 [INFO] betfair: 589 total, 176 above 100 GBP threshold
2026-05-27 14:00:10,865 [INFO] Snapshot written: /home/jwfalc/smarkets-bot/data/snapshots/betfair/2026-05-27_13-00.json
2026-05-27 14:00:11,088 [INFO] Market log updated (betfair)
2026-05-27 14:00:40,282 [INFO] Scanner complete for betfair. Snapshot: 2026-05-27_13-00.json
2026-05-27 14:00:40,602 [INFO] ============================================================
2026-05-27 14:00:40,602 [INFO] SCANNER RUN STARTED - MATCHBOOK
2026-05-27 14:00:40,603 [INFO] ============================================================
2026-05-27 14:00:40,942 [INFO] Matchbook login attempt 1/3
2026-05-27 14:00:41,129 [INFO] Matchbook login successful
2026-05-27 14:00:41,130 [INFO] Matchbook: fetching events with prices for 15 sports...
2026-05-27 14:00:41,232 [INFO] Matchbook: fetched page offset=0, 20 events (total so far: 20)
2026-05-27 14:00:41,517 [INFO] Matchbook: fetched page offset=20, 20 events (total so far: 40)
2026-05-27 14:00:41,790 [INFO] Matchbook: fetched page offset=40, 20 events (total so far: 60)
2026-05-27 14:00:42,125 [INFO] Matchbook: fetched page offset=60, 20 events (total so far: 80)
2026-05-27 14:00:42,515 [INFO] Matchbook: fetched page offset=80, 20 events (total so far: 100)
2026-05-27 14:00:42,789 [INFO] Matchbook: fetched page offset=100, 20 events (total so far: 120)
2026-05-27 14:00:43,041 [INFO] Matchbook: fetched page offset=120, 20 events (total so far: 140)
2026-05-27 14:00:43,298 [INFO] Matchbook: fetched page offset=140, 20 events (total so far: 160)
2026-05-27 14:00:43,552 [INFO] Matchbook: fetched page offset=160, 20 events (total so far: 180)
2026-05-27 14:00:43,796 [INFO] Matchbook: fetched page offset=180, 20 events (total so far: 200)
2026-05-27 14:00:44,036 [INFO] Matchbook: fetched page offset=200, 20 events (total so far: 220)
2026-05-27 14:00:44,323 [INFO] Matchbook: fetched page offset=220, 20 events (total so far: 240)
2026-05-27 14:00:44,619 [INFO] Matchbook: fetched page offset=240, 20 events (total so far: 260)
2026-05-27 14:00:44,861 [INFO] Matchbook: fetched page offset=260, 20 events (total so far: 280)
2026-05-27 14:00:45,123 [INFO] Matchbook: fetched page offset=280, 20 events (total so far: 300)
2026-05-27 14:00:45,354 [INFO] Matchbook: processing 300 events
2026-05-27 14:00:45,369 [INFO] Matchbook: processed 20/300 events, 194 markets so far
2026-05-27 14:00:45,392 [INFO] Matchbook: processed 40/300 events, 539 markets so far
2026-05-27 14:00:45,410 [INFO] Matchbook: processed 60/300 events, 815 markets so far
2026-05-27 14:00:45,481 [INFO] Matchbook: processed 80/300 events, 1315 markets so far
2026-05-27 14:00:45,508 [INFO] Matchbook: processed 100/300 events, 1993 markets so far
2026-05-27 14:00:45,518 [INFO] Matchbook: processed 120/300 events, 2072 markets so far
2026-05-27 14:00:45,522 [INFO] Matchbook: processed 140/300 events, 2250 markets so far
2026-05-27 14:00:45,529 [INFO] Matchbook: processed 160/300 events, 2498 markets so far
2026-05-27 14:00:45,534 [INFO] Matchbook: processed 180/300 events, 2675 markets so far
2026-05-27 14:00:45,537 [INFO] Matchbook: processed 200/300 events, 2718 markets so far
2026-05-27 14:00:45,538 [INFO] Matchbook: processed 220/300 events, 2738 markets so far
2026-05-27 14:00:45,551 [INFO] Matchbook: processed 240/300 events, 3119 markets so far
2026-05-27 14:00:45,569 [INFO] Matchbook: processed 260/300 events, 3562 markets so far
2026-05-27 14:00:45,571 [INFO] Matchbook: processed 280/300 events, 3582 markets so far
2026-05-27 14:00:45,573 [INFO] Matchbook: processed 300/300 events, 3602 markets so far
2026-05-27 14:00:45,574 [INFO] Matchbook: 3603 total markets, 394 above 25 GBP volume
2026-05-27 14:00:45,610 [INFO] matchbook: 3603 total, 394 above 25 GBP threshold
2026-05-27 14:00:45,794 [INFO] Snapshot written: /home/jwfalc/smarkets-bot/data/snapshots/matchbook/2026-05-27_13-00.json
2026-05-27 14:00:45,895 [INFO] Market log updated (matchbook)
2026-05-27 14:01:12,732 [INFO] Scanner complete for matchbook. Snapshot: 2026-05-27_13-00.json
2026-05-27 14:01:13,398 [RESEARCHER] Prior index loaded: 82 known runners
2026-05-27 14:01:13,484 [RESEARCHER] betfair: 176 tradeable markets from 2026-05-27_13-00.json
2026-05-27 14:01:13,485 [RESEARCHER] Market selection: 0 politics + 7 outrights + 8 other sports = 15 total (platforms: ['betfair'])
2026-05-27 14:01:13,485 [RESEARCHER] [1/15] Winner
2026-05-27 14:01:20,488 [RESEARCHER] [2/15] Winner
2026-05-27 14:01:29,309 [RESEARCHER]   Prior history injected for Ludvig Aberg
2026-05-27 14:01:29,309 [RESEARCHER]   Prior history injected for Ben Griffin
2026-05-27 14:01:29,309 [RESEARCHER] [3/15] Winner
2026-05-27 14:01:35,977 [RESEARCHER]   Prior history injected for Crystal Palace
2026-05-27 14:01:35,977 [RESEARCHER] [4/15] Winner
2026-05-27 14:01:44,412 [RESEARCHER] [5/15] Winner
2026-05-27 14:01:52,581 [RESEARCHER]   Prior history injected for Scottie Scheffler
2026-05-27 14:01:52,582 [RESEARCHER]   Prior history injected for Rory McIlroy
2026-05-27 14:01:52,582 [RESEARCHER]   Prior history injected for Jon Rahm
2026-05-27 14:01:52,582 [RESEARCHER]   Prior history injected for Xander Schauffele
2026-05-27 14:01:52,583 [RESEARCHER]   Prior history injected for Cameron Young
2026-05-27 14:01:52,583 [RESEARCHER] [6/15] Winner
2026-05-27 14:01:56,955 [RESEARCHER]   Prior history injected for Scottie Scheffler
2026-05-27 14:01:56,956 [RESEARCHER]   Prior history injected for Rory McIlroy
2026-05-27 14:01:56,956 [RESEARCHER]   Prior history injected for Jon Rahm
2026-05-27 14:01:56,956 [RESEARCHER]   Prior history injected for Cameron Young
2026-05-27 14:01:56,957 [RESEARCHER]   Prior history injected for Ludvig Aberg
2026-05-27 14:01:56,957 [RESEARCHER]   Prior history injected for Xander Schauffele
2026-05-27 14:01:56,957 [RESEARCHER] [7/15] Winner
2026-05-27 14:02:05,851 [RESEARCHER]   Prior history injected for Jon Rahm
2026-05-27 14:02:05,852 [RESEARCHER]   Prior history injected for Bryson DeChambeau
2026-05-27 14:02:05,852 [RESEARCHER] [8/15] Winner 2025/26
2026-05-27 14:02:12,741 [RESEARCHER]   Prior history injected for Arsenal
2026-05-27 14:02:12,741 [RESEARCHER] [9/15] Match Odds
2026-05-27 14:02:20,125 [RESEARCHER] [10/15] 5f Mdn Stks
2026-05-27 14:02:26,105 [RESEARCHER] [11/15] Match Odds
2026-05-27 14:02:32,080 [RESEARCHER] [12/15] 5f Claim Stks
2026-05-27 14:02:37,725 [RESEARCHER] [13/15] 3m2f Hcap Chs
2026-05-27 14:02:42,758 [RESEARCHER] [14/15] Winner 2026/27
2026-05-27 14:02:49,278 [RESEARCHER]   Prior history injected for Arsenal
2026-05-27 14:02:49,279 [RESEARCHER]   Prior history injected for Man City
2026-05-27 14:02:49,279 [RESEARCHER]   Prior history injected for Liverpool
2026-05-27 14:02:49,280 [RESEARCHER]   Prior history injected for Chelsea
2026-05-27 14:02:49,280 [RESEARCHER]   Prior history injected for Aston Villa
2026-05-27 14:02:49,280 [RESEARCHER] [15/15] Daniel Hillier v Nathan Kimsey
2026-05-27 14:02:57,573 [RESEARCHER] Research brief written: 2026-05-27_13-02_brief.json
2026-05-27 14:02:57,574 [RESEARCHER] Markets: 15 | Errors: 0 | Credits used: 63
BRIEF_PATH:/home/jwfalc/smarkets-bot/data/research/2026-05-27_13-02_brief.json
2026-05-27 14:02:57,892 [ANALYZER] Loading research brief: 2026-05-27_13-02_brief.json
2026-05-27 14:02:58,210 [ANALYZER] Betfair cross-ref index: 5436 runners
2026-05-27 14:02:58,217 [ANALYZER] Analyzed 15 markets
2026-05-27 14:02:58,217 [ANALYZER] Found 7 signals (10pp+)
2026-05-27 14:02:58,217 [ANALYZER] Logged 12 distribution entries (7pp+)
2026-05-27 14:02:58,232 [ANALYZER] Research output written: 2026-05-27_13-02_research.json
2026-05-27 14:02:58,235 [ANALYZER] Appended 77 edge traces to edge_traces.json
RESEARCH_PATH:/home/jwfalc/smarkets-bot/data/research/2026-05-27_13-02_research.json
2026-05-27 14:02:58,802 [RESOLVE] Found 18 open trade(s) to check (paper_mode=True)
2026-05-27 14:02:58,870 [RESOLVE] Using cached Betfair session token
2026-05-27 14:02:58,870 [RESOLVE] Betfair: checking 10 open-trade markets
2026-05-27 14:03:06,868 [RESOLVE] Snapshot name lookup: found mappings for 9 markets
2026-05-27 14:03:06,980 [RESOLVE] Betfair settled: market=1.258564000 winner=Thiago Agustin Tirante (11233238)
2026-05-27 14:03:06,983 [RESOLVE] Settled markets found: 1
2026-05-27 14:03:07,046 [RESOLVE]   [betfair] Match Odds | LOSS | P&L: -0.65 | Selection: Alejandro Davidovich Fokina | Winner: Thiago Agustin Tirante
2026-05-27 14:03:07,047 [RESOLVE] Resolution alert: Match Odds pnl=-0.65
2026-05-27 14:03:07,192 [RESOLVE] Telegram notification sent
2026-05-27 14:03:07,193 [RESOLVE] Standings: unknown competition for 'Men's French Open 2026 - Winner' — skip
2026-05-27 14:03:07,216 [RESOLVE] Auto-resolved 1 trade(s). Running P&L: +278.48 | W/L: 105/65 | ROI: 38.43%
2026-05-27 14:03:07,851 [INFO] ============================================================
2026-05-27 14:03:07,852 [INFO] DIGEST RUN STARTED
2026-05-27 14:03:07,852 [INFO] ============================================================
2026-05-27 14:03:12,640 [INFO] Dashboard data written: /home/jwfalc/smarkets-bot/dashboard/dashboard_data.json
2026-05-27 14:03:12,716 [INFO] Period logs updated: 2026-05-27, 2026-W22, 2026-05, 2026-Q2
2026-05-27 14:03:12,717 [INFO] Run log: [2026-05-27 13:03 UTC] status=signal | platforms=betfair,matchbook | markets=570 | signals=7 | alerts=0 | movements=10 | consec_losses=1
2026-05-27 14:03:12,717 [INFO] Digest complete
Balance: £378.48 | Reserved: £72.30 | Available: £306.18
Reduced stake: Winner edge 10.7pp < 15.0pp → £0.75 (15%)
Skipping (already open): Winner BACK
Reduced stake: Winner edge 13.2pp < 15.0pp → £3.15 (63%)
Logged paper trade: Winner - BACK @ 16.67% (edge: 13.17pp) [betfair] | available now £303.03
Reduced stake: Winner edge 12.7pp < 15.0pp → £2.70 (54%)
Reduced stake: Match Odds edge 11.1pp < 15.0pp → £1.15 (23%)
Logged paper trade: Match Odds - BACK @ 57.14% (edge: 11.13pp) [betfair] | available now £301.88
Reduced stake: 5f Claim Stks edge 11.4pp < 15.0pp → £1.40 (28%)
Logged paper trade: 5f Claim Stks - BACK @ 71.43% (edge: 11.41pp) [betfair] | available now £300.48
Reduced stake: Winner 2026/27 edge 12.2pp < 15.0pp → £2.15 (43%)

3 new paper trade(s) logged
Distribution log updated: 4 new entries added
Total entries: 673
  near_certainty: 5 total, 4 resolved
  high_prob: 15 total, 7 resolved
  7-9pp: 185 total, 81 resolved
  10-11pp: 73 total, 35 resolved
  12pp+: 395 total, 315 resolved

REVIEW DUE: 7-9pp band has 81 resolved entries (threshold: 12)
  Run: python distribution_logger.py report
  Then run: prompts/prompt_review_v1.md

REVIEW DUE: 7-9pp band has 81 resolved entries (threshold: 12)
  Run: python distribution_logger.py report
  Then run: prompts/prompt_review_v1.md
EXIT_CODE:0
Sent
2026-05-27 14:03:15,735 [STATIC-DASH] Building dashboard data…
2026-05-27 14:03:16,852 [STATIC-DASH] Data collected: 190 trades, 34 signals, 570 markets
2026-05-27 14:03:17,119 [STATIC-DASH] Written: /home/jwfalc/smarkets-dashboard/index.html (3548KB)
2026-05-27 14:03:17 [DEPLOY] Starting dashboard deploy...
WARNING: could not find injection point in HTML
HTML written OK
2026-05-27 14:03:17 [DEPLOY] Static HTML built
[main 2d3472d] Deploy: 2026-05-27 14:03 UTC
 1 file changed, 1 insertion(+), 1 deletion(-)
To https://github.com/jwfalc-coder/smarkets-dashboard.git
   25405a4..2d3472d  main -> main
2026-05-27 14:03:17 [DEPLOY] Deploy complete: Deploy: 2026-05-27 14:03 UTC
[main b42a110] log: routine_2026-05-27_1400
 1 file changed, 192 insertions(+)
 create mode 100644 data/routine_logs/routine_2026-05-27_1400.log
From https://github.com/jwfalc-coder/betting-auditor
 * branch            main       -> FETCH_HEAD
Current branch main is up to date.
To https://github.com/jwfalc-coder/betting-auditor.git
   c1d5cfc..b42a110  main -> main
