Sent
2026-06-19 18:00:03,159 [INFO] ============================================================
2026-06-19 18:00:03,159 [INFO] SCANNER RUN STARTED - BETFAIR
2026-06-19 18:00:03,159 [INFO] ============================================================
2026-06-19 18:00:03,565 [INFO] Using cached Betfair session token
2026-06-19 18:00:03,684 [INFO] Catalogue: 100 markets for sport ID 1 (window=48h)
2026-06-19 18:00:03,796 [INFO] Catalogue: 100 markets for sport ID 2 (window=48h)
2026-06-19 18:00:03,913 [INFO] Catalogue: 100 markets for sport ID 7 (window=48h)
2026-06-19 18:00:04,025 [INFO] Catalogue: 100 markets for sport ID 4 (window=48h)
2026-06-19 18:00:04,096 [INFO] Catalogue: 0 markets for sport ID 2378961 (window=168h)
2026-06-19 18:00:04,174 [INFO] Catalogue: 22 markets for sport ID 3 (window=168h)
2026-06-19 18:00:04,369 [INFO] Catalogue: 63 markets for sport ID 7522 (window=48h)
2026-06-19 18:00:04,477 [INFO] Catalogue: 12 markets for sport ID 6423 (window=48h)
2026-06-19 18:00:04,477 [INFO] Betfair: fetching prices for 497 markets...
2026-06-19 18:00:08,585 [INFO] Betfair: enriching 497 markets with price data...
2026-06-19 18:00:08,592 [INFO] Betfair: enriched 50/497 markets, 4 tradeable so far
2026-06-19 18:00:08,599 [INFO] Betfair: enriched 100/497 markets, 12 tradeable so far
2026-06-19 18:00:08,604 [INFO] Betfair: enriched 150/497 markets, 16 tradeable so far
2026-06-19 18:00:08,607 [INFO] Betfair: enriched 200/497 markets, 20 tradeable so far
2026-06-19 18:00:08,621 [INFO] Betfair: enriched 250/497 markets, 47 tradeable so far
2026-06-19 18:00:08,632 [INFO] Betfair: enriched 300/497 markets, 60 tradeable so far
2026-06-19 18:00:08,637 [INFO] Betfair: enriched 350/497 markets, 67 tradeable so far
2026-06-19 18:00:08,640 [INFO] Betfair: enriched 400/497 markets, 70 tradeable so far
2026-06-19 18:00:08,680 [INFO] Betfair: enriched 450/497 markets, 100 tradeable so far
2026-06-19 18:00:08,768 [INFO] Betfair: enriched 497/497 markets, 108 tradeable so far
2026-06-19 18:00:08,771 [INFO] Betfair: 497 total markets, 108 above 100 GBP volume
2026-06-19 18:00:08,891 [INFO] Outrights: 20 markets for sport 1
2026-06-19 18:00:08,981 [INFO] Outrights: 9 markets for sport 3
2026-06-19 18:00:09,069 [INFO] Outrights: 50 markets for sport 2378961
2026-06-19 18:00:09,701 [INFO] Outrights: 56 markets above 25 GBP
2026-06-19 18:00:09,706 [INFO] Betfair: added 56 outright markets for cross-ref
2026-06-19 18:00:09,706 [INFO] betfair: 553 total, 164 above 100 GBP threshold
2026-06-19 18:00:10,030 [INFO] Snapshot written: /home/jwfalc/smarkets-bot/data/snapshots/betfair/2026-06-19_17-00.json
2026-06-19 18:00:10,203 [INFO] Market log updated (betfair)
2026-06-19 18:00:35,461 [INFO] Scanner complete for betfair. Snapshot: 2026-06-19_17-00.json
2026-06-19 18:00:35,780 [INFO] ============================================================
2026-06-19 18:00:35,780 [INFO] SCANNER RUN STARTED - MATCHBOOK
2026-06-19 18:00:35,780 [INFO] ============================================================
2026-06-19 18:00:36,128 [INFO] Using cached Matchbook session token
2026-06-19 18:00:36,129 [INFO] Matchbook: fetching events with prices for 15 sports...
2026-06-19 18:00:36,312 [INFO] Matchbook: fetched page offset=0, 20 events (total so far: 20)
2026-06-19 18:00:36,685 [INFO] Matchbook: fetched page offset=20, 20 events (total so far: 40)
2026-06-19 18:00:37,052 [INFO] Matchbook: fetched page offset=40, 20 events (total so far: 60)
2026-06-19 18:00:37,461 [INFO] Matchbook: fetched page offset=60, 20 events (total so far: 80)
2026-06-19 18:00:37,756 [INFO] Matchbook: fetched page offset=80, 20 events (total so far: 100)
2026-06-19 18:00:38,015 [INFO] Matchbook: fetched page offset=100, 20 events (total so far: 120)
2026-06-19 18:00:38,241 [INFO] Matchbook: fetched page offset=120, 2 events (total so far: 122)
2026-06-19 18:00:38,242 [INFO] Matchbook: processing 122 events
2026-06-19 18:00:38,258 [INFO] Matchbook: processed 20/122 events, 409 markets so far
2026-06-19 18:00:38,285 [INFO] Matchbook: processed 40/122 events, 1072 markets so far
2026-06-19 18:00:38,308 [INFO] Matchbook: processed 60/122 events, 1630 markets so far
2026-06-19 18:00:38,336 [INFO] Matchbook: processed 80/122 events, 2277 markets so far
2026-06-19 18:00:38,348 [INFO] Matchbook: processed 100/122 events, 2575 markets so far
2026-06-19 18:00:38,354 [INFO] Matchbook: processed 120/122 events, 2595 markets so far
2026-06-19 18:00:38,355 [INFO] Matchbook: processed 122/122 events, 2597 markets so far
2026-06-19 18:00:38,355 [INFO] Matchbook: 2598 total markets, 560 above 25 GBP volume
2026-06-19 18:00:38,389 [INFO] matchbook: 2598 total, 560 above 25 GBP threshold
2026-06-19 18:00:38,606 [INFO] Snapshot written: /home/jwfalc/smarkets-bot/data/snapshots/matchbook/2026-06-19_17-00.json
2026-06-19 18:00:38,739 [INFO] Market log updated (matchbook)
2026-06-19 18:01:05,260 [INFO] Scanner complete for matchbook. Snapshot: 2026-06-19_17-00.json
2026-06-19 18:01:05,919 [RESEARCHER] Research cache: 49 entries loaded (TTL 6h, drift 10%)
2026-06-19 18:01:05,988 [RESEARCHER] betfair: skipped 2 markets above volume cap (£500,000)
2026-06-19 18:01:05,988 [RESEARCHER] Horizon filter: skipping English Premier League | pfa player of the year 2025/26 — no market_start_time (outright/long-horizon type)
2026-06-19 18:01:05,989 [RESEARCHER] Horizon filter: skipping Brazilian Serie A | winner 2026 — no market_start_time (outright/long-horizon type)
2026-06-19 18:01:05,989 [RESEARCHER] Horizon filter: skipping Irish Premier Division | winner outright 2026 — no market_start_time (outright/long-horizon type)
2026-06-19 18:01:05,989 [RESEARCHER] Horizon filter: skipping US Major League Soccer | mls cup winner 2026 — no market_start_time (outright/long-horizon type)
2026-06-19 18:01:05,989 [RESEARCHER] Horizon filter: skipping FIFA World Cup | fifa golden ball — no market_start_time (outright/long-horizon type)
2026-06-19 18:01:05,989 [RESEARCHER] Horizon filter: skipping FIFA World Cup | winning group — no market_start_time (outright/long-horizon type)
2026-06-19 18:01:05,989 [RESEARCHER] Horizon filter: skipping FIFA World Cup | total tournament goals — no market_start_time (outright/long-horizon type)
2026-06-19 18:01:05,989 [RESEARCHER] Horizon filter: skipping FIFA World Cup | england top team goalscorer — no market_start_time (outright/long-horizon type)
2026-06-19 18:01:05,989 [RESEARCHER] Horizon filter: skipping FIFA World Cup | who will perform at the world cup final ht show? — no market_start_time (outright/long-horizon type)
2026-06-19 18:01:05,989 [RESEARCHER] Horizon filter: skipping English Sky Bet League 1 | winner 2026/27 — no market_start_time (outright/long-horizon type)
2026-06-19 18:01:05,989 [RESEARCHER] Horizon filter: skipping English Sky Bet League 2 | winner 2026/27 — no market_start_time (outright/long-horizon type)
2026-06-19 18:01:05,989 [RESEARCHER] Horizon filter: skipping English Sky Bet Championship | winner 2026/27 — no market_start_time (outright/long-horizon type)
2026-06-19 18:01:05,990 [RESEARCHER] Horizon filter: skipping English Premier League | winner — no market_start_time (outright/long-horizon type)
2026-06-19 18:01:05,990 [RESEARCHER] Horizon filter: skipping English Premier League | relegation — no market_start_time (outright/long-horizon type)
2026-06-19 18:01:05,990 [RESEARCHER] Horizon filter: skipping Specials | ballon d'or winner 2026 — no market_start_time (outright/long-horizon type)
2026-06-19 18:01:05,990 [RESEARCHER] Horizon filter: skipping   US Open 2026 | top 5 finish — no market_start_time (outright/long-horizon type)
2026-06-19 18:01:05,990 [RESEARCHER] Horizon filter: skipping   US Open 2026 | top 10 finish — no market_start_time (outright/long-horizon type)
2026-06-19 18:01:05,990 [RESEARCHER] Horizon filter: skipping  LPGA Meijer Classic 2026 | winner — no market_start_time (outright/long-horizon type)
2026-06-19 18:01:05,990 [RESEARCHER] Horizon filter: skipping The Open Championship 2026 | winner — no market_start_time (outright/long-horizon type)
2026-06-19 18:01:05,990 [RESEARCHER] Horizon filter: skipping Presidents Cup 2026 | winner — no market_start_time (outright/long-horizon type)
2026-06-19 18:01:05,990 [RESEARCHER] Horizon filter: skipping The Masters 2027 | winner — no market_start_time (outright/long-horizon type)
2026-06-19 18:01:05,990 [RESEARCHER] Horizon filter: skipping The Ryder Cup 2027 | winner — no market_start_time (outright/long-horizon type)
2026-06-19 18:01:05,990 [RESEARCHER] betfair: skipped 22 outright markets with no start time (BUG-093)
2026-06-19 18:01:05,991 [RESEARCHER] betfair: 140 tradeable markets from 2026-06-19_17-00.json
2026-06-19 18:01:05,993 [RESEARCHER] Politics: skipping indefinite market: South American Politics | Next President of Peru
2026-06-19 18:01:05,993 [RESEARCHER] Politics: skipping indefinite market: South American Politics | Next President of Colombia
2026-06-19 18:01:05,993 [RESEARCHER] Politics: skipping indefinite market: UK - Party Leaders | Next Lib Dem Leader
2026-06-19 18:01:05,993 [RESEARCHER] Politics: skipping indefinite market: European Politics | Next Prime Minister of Sweden
2026-06-19 18:01:05,993 [RESEARCHER] Politics: skipping indefinite market: UK - Party Leaders | Next Labour Leader
2026-06-19 18:01:05,993 [RESEARCHER] Politics: skipping indefinite market: South American Politics | Next President of Brazil
2026-06-19 18:01:05,994 [RESEARCHER] Politics: capped at 5 slots — dropped 21 lowest-volume politics markets
2026-06-19 18:01:06,001 [RESEARCHER] Market selection: 5 politics + 0 outrights + 20 other sports = 25 total (platforms: ['betfair'])
2026-06-19 18:01:06,002 [RESEARCHER] [1/25] Which party will control the House in 2026?
2026-06-19 18:01:06,002 [RESEARCHER]   [CACHE HIT] Reusing research from 2026-06-19T12:37
2026-06-19 18:01:07,871 [RESEARCHER] [2/25] Which party will control the Senate in 2026?
2026-06-19 18:01:07,871 [RESEARCHER]   [CACHE HIT] Reusing research from 2026-06-19T12:37
2026-06-19 18:01:09,590 [RESEARCHER] [3/25] Los Angeles Mayoral Election
2026-06-19 18:01:09,590 [RESEARCHER]   [CACHE HIT] Reusing research from 2026-06-19T12:37
2026-06-19 18:01:11,450 [RESEARCHER] [4/25] Montana Senate Election Winner
2026-06-19 18:01:11,451 [RESEARCHER]   [CACHE HIT] Reusing research from 2026-06-19T12:37
2026-06-19 18:01:13,319 [RESEARCHER] [5/25] Oregon Gubernatorial Election Winner
2026-06-19 18:01:13,319 [RESEARCHER]   [CACHE HIT] Reusing research from 2026-06-19T12:37
2026-06-19 18:01:15,105 [RESEARCHER] [7/25] Match Odds
2026-06-19 18:01:15,106 [RESEARCHER]   [CACHE HIT] Reusing research from 2026-06-19T12:37
2026-06-19 18:01:16,014 [RESEARCHER]   Data provider: 3 facts injected
2026-06-19 18:01:16,015 [RESEARCHER] [8/25] Match Odds
2026-06-19 18:01:16,015 [RESEARCHER]   [CACHE HIT] Reusing research from 2026-06-19T16:37
2026-06-19 18:01:17,576 [RESEARCHER] [DATA_PROVIDER] theoddsapi: unrecognised sport_type=
2026-06-19 18:01:17,577 [RESEARCHER]   Data provider: 2 facts injected
2026-06-19 18:01:17,577 [RESEARCHER] [9/25] Moneyline
2026-06-19 18:01:17,577 [RESEARCHER]   [CACHE HIT] Reusing research from 2026-06-19T12:37
2026-06-19 18:01:17,584 [RESEARCHER] [DATA_PROVIDER] theoddsapi: unrecognised sport_type=
2026-06-19 18:01:17,585 [RESEARCHER] [10/25] Match Odds
2026-06-19 18:01:17,585 [RESEARCHER]   [CACHE HIT] Reusing research from 2026-06-19T16:37
2026-06-19 18:01:18,263 [RESEARCHER]   Data provider: 2 facts injected
2026-06-19 18:01:18,264 [RESEARCHER] [11/25] Moneyline
2026-06-19 18:01:18,264 [RESEARCHER]   [CACHE HIT] Reusing research from 2026-06-19T16:37
2026-06-19 18:01:18,271 [RESEARCHER] [DATA_PROVIDER] theoddsapi: unrecognised sport_type=
2026-06-19 18:01:18,271 [RESEARCHER] [14/25] Match Odds
2026-06-19 18:01:18,272 [RESEARCHER]   [CACHE HIT] Reusing research from 2026-06-19T16:37
2026-06-19 18:01:18,952 [RESEARCHER]   Data provider: 2 facts injected
2026-06-19 18:01:18,952 [RESEARCHER] [17/25] Moneyline
2026-06-19 18:01:18,954 [RESEARCHER]   [CACHE HIT] Reusing research from 2026-06-19T12:38
2026-06-19 18:01:18,961 [RESEARCHER] [DATA_PROVIDER] theoddsapi: unrecognised sport_type=
2026-06-19 18:01:18,961 [RESEARCHER] [19/25] Moneyline
2026-06-19 18:01:18,962 [RESEARCHER]   [CACHE HIT] Reusing research from 2026-06-19T12:38
2026-06-19 18:01:18,969 [RESEARCHER] [DATA_PROVIDER] theoddsapi: unrecognised sport_type=
2026-06-19 18:01:18,969 [RESEARCHER] [20/25] Match Odds
2026-06-19 18:01:18,969 [RESEARCHER]   [CACHE HIT] Reusing research from 2026-06-19T14:01
2026-06-19 18:01:19,491 [RESEARCHER] [21/25] Moneyline
2026-06-19 18:01:19,491 [RESEARCHER]   [CACHE HIT] Reusing research from 2026-06-19T12:39
2026-06-19 18:01:19,498 [RESEARCHER] [DATA_PROVIDER] theoddsapi: unrecognised sport_type=
2026-06-19 18:01:19,498 [RESEARCHER] [22/25] Match Odds
2026-06-19 18:01:19,499 [RESEARCHER]   [CACHE HIT] Reusing research from 2026-06-19T16:38
2026-06-19 18:01:20,990 [RESEARCHER] [DATA_PROVIDER] theoddsapi: unrecognised sport_type=
2026-06-19 18:01:20,991 [RESEARCHER]   Data provider: 5 facts injected
2026-06-19 18:01:20,991 [RESEARCHER] [23/25] 19:24-Scheffler
2026-06-19 18:01:32,084 [RESEARCHER] [SLASHGOLF] No tournament match for '2nd Round 3 Balls'
2026-06-19 18:01:32,085 [RESEARCHER] [24/25] Match Odds
2026-06-19 18:01:43,858 [RESEARCHER] [DATA_PROVIDER] theoddsapi: unrecognised sport_type=
2026-06-19 18:01:43,859 [RESEARCHER]   Data provider: 2 facts injected
2026-06-19 18:01:43,859 [RESEARCHER] [25/25] Match Odds
2026-06-19 18:01:43,859 [RESEARCHER]   [CACHE HIT] Reusing research from 2026-06-19T12:38
2026-06-19 18:01:44,356 [RESEARCHER] Research cache: pruned 2 entries older than 24h
2026-06-19 18:01:44,402 [RESEARCHER] researcher.py: skipped 6 markets (6 horse_racing) (excluded_sports)
2026-06-19 18:01:44,403 [RESEARCHER] Research cache: 17 hits, 8 fresh lookups
2026-06-19 18:01:44,427 [RESEARCHER] Research brief written: 2026-06-19_17-01_brief.json
2026-06-19 18:01:44,427 [RESEARCHER] Markets: 19 | Errors: 0 | Credits used: 12
BRIEF_PATH:/home/jwfalc/smarkets-bot/data/research/2026-06-19_17-01_brief.json
2026-06-19 18:01:46,912 [ANALYZER] Loading research brief: 2026-06-19_17-01_brief.json
2026-06-19 18:01:47,166 [ANALYZER] Betfair cross-ref index: 3314 runners
2026-06-19 18:01:47,169 [ANALYZER] BUG-134: Merged duplicate runner 'Deomcratic Party' into 'Democratic Party' (similarity 0.94) in USA 2026 Midterm Elections | Which party will control the House in 2026?
2026-06-19 18:01:47,178 [ANALYZER] Market skipped (overbook 132% > 130%): USA - Politics Specials | Los Angeles Mayoral Election
2026-06-19 18:01:47,178 [ANALYZER] Market skipped (overbook 142% > 130%): USA 2026 Midterm Elections | Montana Senate Election Winner
2026-06-19 18:01:47,178 [ANALYZER] Market skipped (overbook 187% > 130%): USA 2026 Midterm Elections | Oregon Gubernatorial Election Winner
2026-06-19 18:01:47,235 [ANALYZER] BUG-130: Skipped unsupported market type: 2nd Round 3 Balls | 19:24-Scheffler [betfair]
2026-06-19 18:01:47,245 [ANALYZER] Analyzed 15 markets
2026-06-19 18:01:47,246 [ANALYZER] Found 2 signals (10pp+)
2026-06-19 18:01:47,246 [ANALYZER] Logged 8 distribution entries (7pp+)
2026-06-19 18:01:47,253 [ANALYZER] Research output written: 2026-06-19_17-01_research.json
2026-06-19 18:01:47,255 [ANALYZER] Appended 31 edge traces to edge_traces.json
RESEARCH_PATH:/home/jwfalc/smarkets-bot/data/research/2026-06-19_17-01_research.json
2026-06-19 18:01:48,167 [RESOLVE] Found 16 open trade(s) to check (paper_mode=True)
2026-06-19 18:01:48,240 [RESOLVE] Using cached Betfair session token
2026-06-19 18:01:48,240 [RESOLVE] Betfair: checking 14 open-trade markets
2026-06-19 18:02:02,767 [RESOLVE] Snapshot name lookup: found mappings for 11 markets
2026-06-19 18:02:02,976 [RESOLVE] Settled markets found: 0
2026-06-19 18:02:02,976 [RESOLVE] No open-trade markets have settled yet.
Balance: £111.94 | Reserved: £54.18 | Available: £57.76
Stake scaling: Kelly balance £111.94 → max stake £15.00 (was £50.00)
BUG-134: Profit-relative cap: India BACK @ 1.14 — £1.34 → £0.36 (risk:reward would be 7.5:1)
Reduced stake: Match Odds edge 7.7pp < 3.0pp → £2.00 (67%)
BUG-134: Profit-relative cap: Haugesund U19 BACK @ 1.30 — £0.70 → £0.40 (risk:reward would be 3.5:1)
Reduced stake: Match Odds edge 6.7pp < 5.0pp → £2.00 (35%)
Logged paper trade: Match Odds - BACK @ 76.92% (edge: 6.73pp) [betfair] | available now £55.76

1 new paper trade(s) logged
Signal drought counter: 0 consecutive zero-signal run(s)
2026-06-19 18:02:04,305 [INFO] ============================================================
2026-06-19 18:02:04,306 [INFO] DIGEST RUN STARTED
2026-06-19 18:02:04,306 [INFO] ============================================================
2026-06-19 18:02:08,695 [INFO] Divergence gate (BUG-148b): suppressed 2 signal(s) with <5pp model-vs-market divergence
2026-06-19 18:02:08,719 [WARNING] Result contamination detected (BUG-151): AS Monaco v Paris Basketball — key_fact has score + recent date: In the 2026 season, Paris Basketball leads AS Monaco with a 4-1 head-to-head record. Paris won the most recent game 123-
2026-06-19 18:02:08,721 [WARNING] Result contamination detected (BUG-151): Sandnes Ulf U19 v Haugesund U19 — key_fact has score + recent date: Sandnes Ulf U19 lost to Haugesund U19 0-3 in February 2026. They are set to face Haugesund U19 again on June 19, 2026, i
/home/jwfalc/smarkets-bot/scripts/digest.py:624: DeprecationWarning: datetime.datetime.utcnow() is deprecated and scheduled for removal in a future version. Use timezone-aware objects to represent datetimes in UTC: datetime.datetime.now(datetime.UTC).
  _now_utc = datetime.datetime.utcnow().isoformat()
2026-06-19 18:02:12,361 [INFO] cashout_advisor: no advisory triggers fired
2026-06-19 18:02:12,381 [INFO] Dashboard data written: /home/jwfalc/smarkets-bot/dashboard/dashboard_data.json
2026-06-19 18:02:12,467 [INFO] Period logs updated: 2026-06-19, 2026-W25, 2026-06, 2026-Q2
2026-06-19 18:02:12,467 [INFO] Run log: [2026-06-19 17:02 UTC] status=ok | platforms=betfair,matchbook | markets=724 | signals=0 | alerts=0 | movements=10 | consec_losses=2
2026-06-19 18:02:12,467 [INFO] Digest complete
Distribution log updated: 2 new entries added
Total entries: 1458
  near_certainty: 15 total, 11 resolved
  high_prob: 50 total, 34 resolved
  7-9pp: 455 total, 145 resolved
  10-11pp: 235 total, 82 resolved
  12pp+: 703 total, 458 resolved

REVIEW DUE: 7-9pp band has 145 resolved entries (threshold: 12)
  Run: python distribution_logger.py report
  Then run: prompts/prompt_review_v1.md

REVIEW DUE: 7-9pp band has 145 resolved entries (threshold: 12)
  Run: python distribution_logger.py report
  Then run: prompts/prompt_review_v1.md
EXIT_CODE:0
Sent
2026-06-19 18:02:15,474 [STATIC-DASH] Building dashboard data…
2026-06-19 18:02:15,479 [STATIC-DASH] Data collected: 89 trades, 0 signals
2026-06-19 18:02:15,500 [STATIC-DASH] Written: /home/jwfalc/smarkets-dashboard/index.html (495KB)
2026-06-19 18:02:15,525 [STATIC-DASH] Copied PWA asset: manifest.json
2026-06-19 18:02:15,526 [STATIC-DASH] Copied PWA asset: apple-touch-icon.png
2026-06-19 18:02:15,527 [STATIC-DASH] Copied PWA asset: icon-192.png
2026-06-19 18:02:15,531 [STATIC-DASH] Copied PWA asset: icon-512.png
2026-06-19 18:02:15 [DEPLOY] Starting dashboard deploy...
HTML written OK
2026-06-19 18:02:15 [DEPLOY] Static HTML built
[main 49ef717] Deploy: 2026-06-19 18:02 UTC
 1 file changed, 1 insertion(+), 1 deletion(-)
To https://github.com/jwfalc-coder/smarkets-dashboard.git
   93a4bd6..49ef717  main -> main
2026-06-19 18:02:15 [DEPLOY] Deploy complete: Deploy: 2026-06-19 18:02 UTC
[main f3a556c] log: routine_2026-06-19_1800
 1 file changed, 225 insertions(+)
 create mode 100644 data/routine_logs/routine_2026-06-19_1800.log
From https://github.com/jwfalc-coder/betting-auditor
 * branch            main       -> FETCH_HEAD
Current branch main is up to date.
To https://github.com/jwfalc-coder/betting-auditor.git
   132ad59..f3a556c  main -> main
