Sent
2026-05-29 23:00:02,889 [INFO] ============================================================
2026-05-29 23:00:02,890 [INFO] SCANNER RUN STARTED - BETFAIR
2026-05-29 23:00:02,890 [INFO] ============================================================
2026-05-29 23:00:03,286 [INFO] Cached Betfair session too old, re-logging in
2026-05-29 23:00:03,286 [INFO] Betfair login attempt 1/3
2026-05-29 23:00:03,429 [INFO] Betfair login successful
2026-05-29 23:00:03,575 [INFO] Catalogue: 100 markets for sport ID 1
2026-05-29 23:00:03,709 [INFO] Catalogue: 100 markets for sport ID 2
2026-05-29 23:00:03,827 [INFO] Catalogue: 100 markets for sport ID 7
2026-05-29 23:00:03,942 [INFO] Catalogue: 100 markets for sport ID 4
2026-05-29 23:00:04,047 [INFO] Catalogue: 2 markets for sport ID 2378961
2026-05-29 23:00:04,157 [INFO] Catalogue: 33 markets for sport ID 3
2026-05-29 23:00:04,367 [INFO] Catalogue: 89 markets for sport ID 7522
2026-05-29 23:00:04,536 [INFO] Catalogue: 12 markets for sport ID 6423
2026-05-29 23:00:04,536 [INFO] Betfair: fetching prices for 536 markets...
2026-05-29 23:00:09,204 [INFO] Betfair: enriching 536 markets with price data...
2026-05-29 23:00:09,211 [INFO] Betfair: enriched 50/536 markets, 16 tradeable so far
2026-05-29 23:00:09,217 [INFO] Betfair: enriched 100/536 markets, 21 tradeable so far
2026-05-29 23:00:09,220 [INFO] Betfair: enriched 150/536 markets, 23 tradeable so far
2026-05-29 23:00:09,222 [INFO] Betfair: enriched 200/536 markets, 25 tradeable so far
2026-05-29 23:00:09,231 [INFO] Betfair: enriched 250/536 markets, 32 tradeable so far
2026-05-29 23:00:09,242 [INFO] Betfair: enriched 300/536 markets, 43 tradeable so far
2026-05-29 23:00:09,245 [INFO] Betfair: enriched 350/536 markets, 49 tradeable so far
2026-05-29 23:00:09,248 [INFO] Betfair: enriched 400/536 markets, 55 tradeable so far
2026-05-29 23:00:09,294 [INFO] Betfair: enriched 450/536 markets, 85 tradeable so far
2026-05-29 23:00:09,344 [INFO] Betfair: enriched 500/536 markets, 96 tradeable so far
2026-05-29 23:00:09,390 [INFO] Betfair: enriched 536/536 markets, 100 tradeable so far
2026-05-29 23:00:09,393 [INFO] Betfair: 536 total markets, 100 above 100 GBP volume
2026-05-29 23:00:09,520 [INFO] Outrights: 22 markets for sport 1
2026-05-29 23:00:09,619 [INFO] Outrights: 16 markets for sport 3
2026-05-29 23:00:09,705 [INFO] Outrights: 1 markets for sport 2378961
2026-05-29 23:00:10,087 [INFO] Outrights: 35 markets above 25 GBP
2026-05-29 23:00:10,093 [INFO] Betfair: added 29 outright markets for cross-ref
2026-05-29 23:00:10,094 [INFO] betfair: 565 total, 129 above 100 GBP threshold
2026-05-29 23:00:10,466 [INFO] Snapshot written: /home/jwfalc/smarkets-bot/data/snapshots/betfair/2026-05-29_22-00.json
2026-05-29 23:00:10,671 [INFO] Market log updated (betfair)
2026-05-29 23:00:40,445 [INFO] Scanner complete for betfair. Snapshot: 2026-05-29_22-00.json
2026-05-29 23:00:40,768 [INFO] ============================================================
2026-05-29 23:00:40,768 [INFO] SCANNER RUN STARTED - MATCHBOOK
2026-05-29 23:00:40,768 [INFO] ============================================================
2026-05-29 23:00:41,106 [INFO] Matchbook login attempt 1/3
2026-05-29 23:00:41,276 [INFO] Matchbook login successful
2026-05-29 23:00:41,277 [INFO] Matchbook: fetching events with prices for 15 sports...
2026-05-29 23:00:41,424 [INFO] Matchbook: fetched page offset=0, 20 events (total so far: 20)
2026-05-29 23:00:41,719 [INFO] Matchbook: fetched page offset=20, 20 events (total so far: 40)
2026-05-29 23:00:41,947 [INFO] Matchbook: fetched page offset=40, 20 events (total so far: 60)
2026-05-29 23:00:42,225 [INFO] Matchbook: fetched page offset=60, 20 events (total so far: 80)
2026-05-29 23:00:42,520 [INFO] Matchbook: fetched page offset=80, 20 events (total so far: 100)
2026-05-29 23:00:42,812 [INFO] Matchbook: fetched page offset=100, 20 events (total so far: 120)
2026-05-29 23:00:43,142 [INFO] Matchbook: fetched page offset=120, 20 events (total so far: 140)
2026-05-29 23:00:43,436 [INFO] Matchbook: fetched page offset=140, 20 events (total so far: 160)
2026-05-29 23:00:43,717 [INFO] Matchbook: fetched page offset=160, 20 events (total so far: 180)
2026-05-29 23:00:44,015 [INFO] Matchbook: fetched page offset=180, 20 events (total so far: 200)
2026-05-29 23:00:44,332 [INFO] Matchbook: fetched page offset=200, 20 events (total so far: 220)
2026-05-29 23:00:44,566 [INFO] Matchbook: fetched page offset=220, 20 events (total so far: 240)
2026-05-29 23:00:44,807 [INFO] Matchbook: fetched page offset=240, 17 events (total so far: 257)
2026-05-29 23:00:44,808 [INFO] Matchbook: processing 257 events
2026-05-29 23:00:44,821 [INFO] Matchbook: processed 20/257 events, 247 markets so far
2026-05-29 23:00:44,837 [INFO] Matchbook: processed 40/257 events, 742 markets so far
2026-05-29 23:00:44,838 [INFO] Matchbook: processed 60/257 events, 762 markets so far
2026-05-29 23:00:44,849 [INFO] Matchbook: processed 80/257 events, 1133 markets so far
2026-05-29 23:00:44,860 [INFO] Matchbook: processed 100/257 events, 1482 markets so far
2026-05-29 23:00:44,875 [INFO] Matchbook: processed 120/257 events, 1901 markets so far
2026-05-29 23:00:44,926 [INFO] Matchbook: processed 140/257 events, 2372 markets so far
2026-05-29 23:00:44,941 [INFO] Matchbook: processed 160/257 events, 2864 markets so far
2026-05-29 23:00:44,953 [INFO] Matchbook: processed 180/257 events, 3264 markets so far
2026-05-29 23:00:44,967 [INFO] Matchbook: processed 200/257 events, 3753 markets so far
2026-05-29 23:00:44,985 [INFO] Matchbook: processed 220/257 events, 4202 markets so far
2026-05-29 23:00:44,986 [INFO] Matchbook: processed 240/257 events, 4222 markets so far
2026-05-29 23:00:44,989 [INFO] Matchbook: processed 257/257 events, 4239 markets so far
2026-05-29 23:00:44,989 [INFO] Matchbook: 4240 total markets, 319 above 25 GBP volume
2026-05-29 23:00:45,040 [INFO] matchbook: 4240 total, 319 above 25 GBP threshold
2026-05-29 23:00:45,215 [INFO] Snapshot written: /home/jwfalc/smarkets-bot/data/snapshots/matchbook/2026-05-29_22-00.json
2026-05-29 23:00:45,299 [INFO] Market log updated (matchbook)
2026-05-29 23:01:13,038 [INFO] Scanner complete for matchbook. Snapshot: 2026-05-29_22-00.json
2026-05-29 23:01:13,687 [RESEARCHER] Prior index loaded: 88 known runners
2026-05-29 23:01:13,760 [RESEARCHER] betfair: 129 tradeable markets from 2026-05-29_22-00.json
2026-05-29 23:01:13,761 [RESEARCHER] Market selection: 3 politics + 7 outrights + 8 other sports = 18 total (platforms: ['betfair'])
2026-05-29 23:01:13,761 [RESEARCHER] [1/18] Maltese General Election
2026-05-29 23:01:19,733 [RESEARCHER] [2/18] Next President of Colombia
2026-05-29 23:01:24,905 [RESEARCHER]   Prior history injected for Paloma Valencia
2026-05-29 23:01:24,905 [RESEARCHER] [3/18] Makerfield - Restore Britain Vote Percentage
2026-05-29 23:01:30,322 [RESEARCHER] [4/18] Winner
2026-05-29 23:01:37,449 [RESEARCHER] [5/18] Winner
2026-05-29 23:01:44,481 [RESEARCHER]   Prior history injected for Arsenal
2026-05-29 23:01:44,482 [RESEARCHER] [6/18] Winner
2026-05-29 23:01:52,944 [RESEARCHER] [7/18] Winner
2026-05-29 23:02:02,136 [RESEARCHER] [8/18] Winner
2026-05-29 23:02:11,134 [RESEARCHER]   Prior history injected for Bryson DeChambeau
2026-05-29 23:02:11,135 [RESEARCHER]   Prior history injected for Jon Rahm
2026-05-29 23:02:11,135 [RESEARCHER] [9/18] Top 10 Finish
2026-05-29 23:02:12,980 [RESEARCHER] [10/18] Winner
2026-05-29 23:02:21,750 [RESEARCHER]   Prior history injected for Scottie Scheffler
2026-05-29 23:02:21,751 [RESEARCHER]   Prior history injected for Rory McIlroy
2026-05-29 23:02:21,751 [RESEARCHER]   Prior history injected for Jon Rahm
2026-05-29 23:02:21,751 [RESEARCHER]   Prior history injected for Xander Schauffele
2026-05-29 23:02:21,752 [RESEARCHER]   Prior history injected for Cameron Young
2026-05-29 23:02:21,752 [RESEARCHER] [11/18] Will an English team win the 25/26 UCL?
2026-05-29 23:02:28,248 [RESEARCHER]   Prior history injected for No
2026-05-29 23:02:28,249 [RESEARCHER]   Prior history injected for Yes
2026-05-29 23:02:28,249 [RESEARCHER] [12/18] Moneyline
2026-05-29 23:02:35,329 [RESEARCHER]   Prior history injected for San Antonio Spurs
2026-05-29 23:02:35,329 [RESEARCHER] [13/18] Match Odds
2026-05-29 23:02:43,004 [RESEARCHER] [14/18] Match Odds
2026-05-29 23:02:50,386 [RESEARCHER]   Prior history injected for Pakistan
2026-05-29 23:02:50,387 [RESEARCHER] [15/18] Winner 2026/27
2026-05-29 23:02:57,342 [RESEARCHER]   Prior history injected for Arsenal
2026-05-29 23:02:57,342 [RESEARCHER]   Prior history injected for Man City
2026-05-29 23:02:57,343 [RESEARCHER]   Prior history injected for Liverpool
2026-05-29 23:02:57,343 [RESEARCHER]   Prior history injected for Chelsea
2026-05-29 23:02:57,343 [RESEARCHER]   Prior history injected for Aston Villa
2026-05-29 23:02:57,344 [RESEARCHER] [16/18] Daniel Hillier v Nathan Kimsey
2026-05-29 23:03:05,464 [RESEARCHER] [17/18] Moneyline
2026-05-29 23:03:12,506 [RESEARCHER] [18/18] Moneyline
2026-05-29 23:03:20,544 [RESEARCHER] Research brief written: 2026-05-29_22-03_brief.json
2026-05-29 23:03:20,544 [RESEARCHER] Markets: 18 | Errors: 0 | Credits used: 75
BRIEF_PATH:/home/jwfalc/smarkets-bot/data/research/2026-05-29_22-03_brief.json
2026-05-29 23:03:20,868 [ANALYZER] Loading research brief: 2026-05-29_22-03_brief.json
2026-05-29 23:03:21,149 [ANALYZER] Betfair cross-ref index: 4127 runners
2026-05-29 23:03:21,155 [ANALYZER] Analyzed 18 markets
2026-05-29 23:03:21,155 [ANALYZER] Found 2 signals (10pp+)
2026-05-29 23:03:21,156 [ANALYZER] Logged 7 distribution entries (7pp+)
2026-05-29 23:03:21,170 [ANALYZER] Research output written: 2026-05-29_22-03_research.json
2026-05-29 23:03:21,173 [ANALYZER] Appended 78 edge traces to edge_traces.json
RESEARCH_PATH:/home/jwfalc/smarkets-bot/data/research/2026-05-29_22-03_research.json
2026-05-29 23:03:21,735 [RESOLVE] Found 34 open trade(s) to check (paper_mode=True)
2026-05-29 23:03:21,803 [RESOLVE] Using cached Betfair session token
2026-05-29 23:03:21,803 [RESOLVE] Betfair: checking 16 open-trade markets
2026-05-29 23:03:30,398 [RESOLVE] Snapshot name lookup: found mappings for 16 markets
2026-05-29 23:03:30,595 [RESOLVE] Betfair settled: market=1.258671588 winner=Jakub Mensik (39835947)
2026-05-29 23:03:30,597 [RESOLVE] Settled markets found: 1
2026-05-29 23:03:30,666 [RESOLVE]   [betfair] Match Odds | LOSS | P&L: -5.00 | Selection: Alex De Minaur | Winner: Jakub Mensik
2026-05-29 23:03:30,666 [RESOLVE] Resolution alert: Match Odds pnl=-5.00
2026-05-29 23:03:30,775 [RESOLVE] Telegram notification sent
2026-05-29 23:03:30,776 [RESOLVE] Standings: unknown competition for 'Men's French Open 2026 - Winner' — skip
2026-05-29 23:03:30,800 [RESOLVE] Auto-resolved 1 trade(s). Running P&L: +263.99 | W/L: 106/70 | ROI: 35.45%
2026-05-29 23:03:31,426 [INFO] ============================================================
2026-05-29 23:03:31,426 [INFO] DIGEST RUN STARTED
2026-05-29 23:03:31,426 [INFO] ============================================================
2026-05-29 23:03:36,319 [INFO] Dashboard data written: /home/jwfalc/smarkets-bot/dashboard/dashboard_data.json
2026-05-29 23:03:36,401 [INFO] Period logs updated: 2026-05-29, 2026-W22, 2026-05, 2026-Q2
2026-05-29 23:03:36,401 [INFO] Run log: [2026-05-29 22:03 UTC] status=signal | platforms=betfair,matchbook | markets=448 | signals=2 | alerts=0 | movements=10 | consec_losses=1
2026-05-29 23:03:46,521 [INFO] Telegram notification sent
2026-05-29 23:03:46,523 [INFO] Digest complete
Balance: £363.99 | Reserved: £176.00 | Available: £187.99
Reduced stake: Winner edge 12.2pp < 15.0pp → £2.15 (43%)
Skipping (conflicting back in same market): Winner
Reduced stake: Top 10 Finish edge 12.2pp < 15.0pp → £2.15 (43%)
No new paper trades to log
Distribution log updated: 1 new entries added
Total entries: 738
  near_certainty: 6 total, 5 resolved
  high_prob: 16 total, 8 resolved
  7-9pp: 212 total, 82 resolved
  10-11pp: 80 total, 35 resolved
  12pp+: 424 total, 317 resolved

REVIEW DUE: 7-9pp band has 82 resolved entries (threshold: 12)
  Run: python distribution_logger.py report
  Then run: prompts/prompt_review_v1.md

REVIEW DUE: 7-9pp band has 82 resolved entries (threshold: 12)
  Run: python distribution_logger.py report
  Then run: prompts/prompt_review_v1.md
EXIT_CODE:0
Sent
2026-05-29 23:03:49,448 [STATIC-DASH] Building dashboard data…
2026-05-29 23:03:50,534 [STATIC-DASH] Data collected: 209 trades, 50 signals, 448 markets
2026-05-29 23:03:50,780 [STATIC-DASH] Written: /home/jwfalc/smarkets-dashboard/index.html (3280KB)
2026-05-29 23:03:50 [DEPLOY] Starting dashboard deploy...
WARNING: could not find injection point in HTML
HTML written OK
2026-05-29 23:03:50 [DEPLOY] Static HTML built
[main 516a2f9] Deploy: 2026-05-29 23:03 UTC
 1 file changed, 1 insertion(+), 1 deletion(-)
To https://github.com/jwfalc-coder/smarkets-dashboard.git
   1cdae13..516a2f9  main -> main
2026-05-29 23:03:50 [DEPLOY] Deploy complete: Deploy: 2026-05-29 23:03 UTC
