Sent
2026-05-19 14:00:02,683 [INFO] ============================================================
2026-05-19 14:00:02,684 [INFO] SCANNER RUN STARTED - BETFAIR
2026-05-19 14:00:02,684 [INFO] ============================================================
2026-05-19 14:00:03,262 [INFO] Cached Betfair session too old, re-logging in
2026-05-19 14:00:03,263 [INFO] Betfair login attempt 1/3
2026-05-19 14:00:03,429 [INFO] Betfair login successful
2026-05-19 14:00:03,596 [INFO] Catalogue: 100 markets for sport ID 1
2026-05-19 14:00:03,727 [INFO] Catalogue: 100 markets for sport ID 2
2026-05-19 14:00:03,864 [INFO] Catalogue: 100 markets for sport ID 7
2026-05-19 14:00:04,005 [INFO] Catalogue: 100 markets for sport ID 4
2026-05-19 14:00:04,103 [INFO] Catalogue: 1 markets for sport ID 2378961
2026-05-19 14:00:04,240 [INFO] Catalogue: 12 markets for sport ID 3
2026-05-19 14:00:04,500 [INFO] Catalogue: 100 markets for sport ID 7522
2026-05-19 14:00:04,584 [INFO] Catalogue: 0 markets for sport ID 6423
2026-05-19 14:00:04,585 [INFO] Betfair: fetching prices for 513 markets...
2026-05-19 14:00:09,658 [INFO] Betfair: enriching 513 markets with price data...
2026-05-19 14:00:09,665 [INFO] Betfair: enriched 50/513 markets, 0 tradeable so far
2026-05-19 14:00:09,670 [INFO] Betfair: enriched 100/513 markets, 2 tradeable so far
2026-05-19 14:00:09,672 [INFO] Betfair: enriched 150/513 markets, 6 tradeable so far
2026-05-19 14:00:09,673 [INFO] Betfair: enriched 200/513 markets, 8 tradeable so far
2026-05-19 14:00:09,681 [INFO] Betfair: enriched 250/513 markets, 40 tradeable so far
2026-05-19 14:00:09,750 [INFO] Betfair: enriched 300/513 markets, 66 tradeable so far
2026-05-19 14:00:09,754 [INFO] Betfair: enriched 350/513 markets, 81 tradeable so far
2026-05-19 14:00:09,757 [INFO] Betfair: enriched 400/513 markets, 84 tradeable so far
2026-05-19 14:00:09,857 [INFO] Betfair: enriched 450/513 markets, 103 tradeable so far
2026-05-19 14:00:09,917 [INFO] Betfair: enriched 500/513 markets, 111 tradeable so far
2026-05-19 14:00:09,934 [INFO] Betfair: enriched 513/513 markets, 111 tradeable so far
2026-05-19 14:00:09,935 [INFO] Betfair: 513 total markets, 111 above 100 GBP volume
2026-05-19 14:00:10,090 [INFO] Outrights: 41 markets for sport 1
2026-05-19 14:00:10,201 [INFO] Outrights: 12 markets for sport 3
2026-05-19 14:00:10,288 [INFO] Outrights: 0 markets for sport 2378961
2026-05-19 14:00:10,886 [INFO] Outrights: 48 markets above 25 GBP
2026-05-19 14:00:10,893 [INFO] Betfair: added 42 outright markets for cross-ref
2026-05-19 14:00:10,895 [INFO] betfair: 555 total, 153 above 100 GBP threshold
2026-05-19 14:00:11,315 [INFO] Snapshot written: /home/jwfalc/smarkets-bot/data/snapshots/betfair/2026-05-19_13-00.json
2026-05-19 14:00:11,501 [INFO] Market log updated (betfair)
2026-05-19 14:00:45,041 [INFO] Scanner complete for betfair. Snapshot: 2026-05-19_13-00.json
2026-05-19 14:00:45,556 [INFO] ============================================================
2026-05-19 14:00:45,556 [INFO] SCANNER RUN STARTED - MATCHBOOK
2026-05-19 14:00:45,557 [INFO] ============================================================
2026-05-19 14:00:46,101 [INFO] Matchbook login attempt 1/3
2026-05-19 14:00:46,269 [INFO] Matchbook login successful
2026-05-19 14:00:46,270 [INFO] Matchbook: fetching events with prices for 15 sports...
2026-05-19 14:00:46,376 [INFO] Matchbook: fetched page offset=0, 20 events (total so far: 20)
2026-05-19 14:00:46,640 [INFO] Matchbook: fetched page offset=20, 20 events (total so far: 40)
2026-05-19 14:00:46,888 [INFO] Matchbook: fetched page offset=40, 20 events (total so far: 60)
2026-05-19 14:00:47,170 [INFO] Matchbook: fetched page offset=60, 20 events (total so far: 80)
2026-05-19 14:00:47,481 [INFO] Matchbook: fetched page offset=80, 20 events (total so far: 100)
2026-05-19 14:00:47,808 [INFO] Matchbook: fetched page offset=100, 20 events (total so far: 120)
2026-05-19 14:00:48,173 [INFO] Matchbook: fetched page offset=120, 20 events (total so far: 140)
2026-05-19 14:00:48,436 [INFO] Matchbook: fetched page offset=140, 20 events (total so far: 160)
2026-05-19 14:00:48,668 [INFO] Matchbook: fetched page offset=160, 20 events (total so far: 180)
2026-05-19 14:00:48,908 [INFO] Matchbook: fetched page offset=180, 20 events (total so far: 200)
2026-05-19 14:00:49,242 [INFO] Matchbook: fetched page offset=200, 20 events (total so far: 220)
2026-05-19 14:00:49,616 [INFO] Matchbook: fetched page offset=220, 20 events (total so far: 240)
2026-05-19 14:00:50,006 [INFO] Matchbook: fetched page offset=240, 20 events (total so far: 260)
2026-05-19 14:00:50,305 [INFO] Matchbook: fetched page offset=260, 20 events (total so far: 280)
2026-05-19 14:00:50,639 [INFO] Matchbook: fetched page offset=280, 20 events (total so far: 300)
2026-05-19 14:00:50,876 [INFO] Matchbook: fetched page offset=300, 20 events (total so far: 320)
2026-05-19 14:00:51,121 [INFO] Matchbook: fetched page offset=320, 19 events (total so far: 339)
2026-05-19 14:00:51,122 [INFO] Matchbook: processing 339 events
2026-05-19 14:00:51,129 [INFO] Matchbook: processed 20/339 events, 182 markets so far
2026-05-19 14:00:51,136 [INFO] Matchbook: processed 40/339 events, 329 markets so far
2026-05-19 14:00:51,141 [INFO] Matchbook: processed 60/339 events, 496 markets so far
2026-05-19 14:00:51,152 [INFO] Matchbook: processed 80/339 events, 716 markets so far
2026-05-19 14:00:51,164 [INFO] Matchbook: processed 100/339 events, 924 markets so far
2026-05-19 14:00:51,285 [INFO] Matchbook: processed 120/339 events, 1458 markets so far
2026-05-19 14:00:51,320 [INFO] Matchbook: processed 140/339 events, 1913 markets so far
2026-05-19 14:00:51,334 [INFO] Matchbook: processed 160/339 events, 2110 markets so far
2026-05-19 14:00:51,336 [INFO] Matchbook: processed 180/339 events, 2130 markets so far
2026-05-19 14:00:51,340 [INFO] Matchbook: processed 200/339 events, 2232 markets so far
2026-05-19 14:00:51,371 [INFO] Matchbook: processed 220/339 events, 2771 markets so far
2026-05-19 14:00:51,407 [INFO] Matchbook: processed 240/339 events, 3394 markets so far
2026-05-19 14:00:51,438 [INFO] Matchbook: processed 260/339 events, 4061 markets so far
2026-05-19 14:00:51,454 [INFO] Matchbook: processed 280/339 events, 4450 markets so far
2026-05-19 14:00:51,473 [INFO] Matchbook: processed 300/339 events, 4987 markets so far
2026-05-19 14:00:51,475 [INFO] Matchbook: processed 320/339 events, 5007 markets so far
2026-05-19 14:00:51,479 [INFO] Matchbook: processed 339/339 events, 5024 markets so far
2026-05-19 14:00:51,480 [INFO] Matchbook: 5025 total markets, 487 above 25 GBP volume
2026-05-19 14:00:51,546 [INFO] matchbook: 5025 total, 487 above 25 GBP threshold
2026-05-19 14:00:51,766 [INFO] Snapshot written: /home/jwfalc/smarkets-bot/data/snapshots/matchbook/2026-05-19_13-00.json
2026-05-19 14:00:51,876 [INFO] Market log updated (matchbook)
2026-05-19 14:01:26,998 [INFO] Scanner complete for matchbook. Snapshot: 2026-05-19_13-00.json
2026-05-19 14:01:28,070 [RESEARCHER] matchbook: 331 tradeable markets from 2026-05-19_13-00.json
2026-05-19 14:01:28,289 [RESEARCHER] Market selection: 0 politics/current-affairs + 15 matchbook-sports + 0 betfair-sports = 15 total
2026-05-19 14:01:28,290 [RESEARCHER] [1/15] Winner
2026-05-19 14:01:36,005 [RESEARCHER] [2/15] Winner
2026-05-19 14:01:44,179 [RESEARCHER] [3/15] To Be Relegated
2026-05-19 14:01:52,150 [RESEARCHER] [4/15] Winner
2026-05-19 14:02:00,189 [RESEARCHER] [5/15] Winner
2026-05-19 14:02:09,700 [RESEARCHER] [6/15] Winner
2026-05-19 14:02:16,635 [RESEARCHER] [7/15] Correct Score
2026-05-19 14:02:24,049 [RESEARCHER] [8/15] Match Odds
2026-05-19 14:02:32,301 [RESEARCHER] [9/15] Correct Score
2026-05-19 14:02:33,972 [RESEARCHER] [10/15] Match Odds
2026-05-19 14:02:41,403 [RESEARCHER] [11/15] Match Odds
2026-05-19 14:02:49,881 [RESEARCHER] [12/15] Top 4 Finish
2026-05-19 14:02:57,148 [RESEARCHER] [13/15] Correct Score
2026-05-19 14:02:58,737 [RESEARCHER] [14/15] Winner
2026-05-19 14:03:08,003 [RESEARCHER] [15/15] Top 6 Finish
2026-05-19 14:03:10,952 [RESEARCHER] Research brief written: 2026-05-19_13-03_brief.json
2026-05-19 14:03:10,952 [RESEARCHER] Markets: 15 | Errors: 0 | Credits used: 60
BRIEF_PATH:/home/jwfalc/smarkets-bot/data/research/2026-05-19_13-03_brief.json
2026-05-19 14:03:11,400 [ANALYZER] Loading research brief: 2026-05-19_13-03_brief.json
2026-05-19 14:03:11,687 [ANALYZER] Betfair cross-ref index: 4512 runners
2026-05-19 14:03:11,691 [ANALYZER] Analyzed 15 markets
2026-05-19 14:03:11,692 [ANALYZER] Found 0 signals (10pp+)
2026-05-19 14:03:11,693 [ANALYZER] Logged 2 distribution entries (7pp+)
2026-05-19 14:03:11,707 [ANALYZER] Research output written: 2026-05-19_13-03_research.json
2026-05-19 14:03:11,712 [ANALYZER] Appended 69 edge traces to edge_traces.json
RESEARCH_PATH:/home/jwfalc/smarkets-bot/data/research/2026-05-19_13-03_research.json
2026-05-19 14:03:12,547 [RESOLVE] Found 15 open trade(s) to check (paper_mode=True)
2026-05-19 14:03:12,548 [RESOLVE] Settled markets found: 0
2026-05-19 14:03:12,548 [RESOLVE] Standings: unknown competition for 'Men's French Open 2026 - Winner' — skip
2026-05-19 14:03:12,549 [RESOLVE] No open-trade markets have settled yet.
2026-05-19 14:03:13,455 [INFO] ============================================================
2026-05-19 14:03:13,462 [INFO] DIGEST RUN STARTED
2026-05-19 14:03:13,463 [INFO] ============================================================
2026-05-19 14:03:19,952 [INFO] Dashboard data written: /home/jwfalc/smarkets-bot/dashboard/dashboard_data.json
2026-05-19 14:03:20,030 [INFO] Period logs updated: 2026-05-19, 2026-W21, 2026-05, 2026-Q2
2026-05-19 14:03:20,031 [INFO] Run log: [2026-05-19 13:03 UTC] status=ok | platforms=betfair,matchbook | markets=640 | signals=0 | alerts=0 | movements=10 | consec_losses=1
2026-05-19 14:03:20,031 [INFO] Digest complete
Balance: £275.65 | Reserved: £59.67 | Available: £215.98
No new paper trades to log
Distribution log updated: 0 new entries added
Total entries: 556
  near_certainty: 4 total, 4 resolved
  high_prob: 14 total, 5 resolved
  7-9pp: 147 total, 33 resolved
  10-11pp: 44 total, 21 resolved
  12pp+: 347 total, 193 resolved

REVIEW DUE: 7-9pp band has 33 resolved entries (threshold: 12)
  Run: python distribution_logger.py report
  Then run: prompts/prompt_review_v1.md

REVIEW DUE: 7-9pp band has 33 resolved entries (threshold: 12)
  Run: python distribution_logger.py report
  Then run: prompts/prompt_review_v1.md
EXIT_CODE:0
Sent
2026-05-19 14:03:24,384 [STATIC-DASH] Building dashboard data…
2026-05-19 14:03:25,659 [STATIC-DASH] Data collected: 109 trades, 14 signals, 640 markets
2026-05-19 14:03:25,910 [STATIC-DASH] Written: /home/jwfalc/smarkets-dashboard/index.html (2802KB)
2026-05-19 14:03:26 [DEPLOY] Starting dashboard deploy...
WARNING: could not find injection point in HTML
HTML written OK
2026-05-19 14:03:26 [DEPLOY] Static HTML built
[main cf95200] Deploy: 2026-05-19 14:03 UTC
 1 file changed, 1 insertion(+), 1 deletion(-)
To https://github.com/jwfalc-coder/smarkets-dashboard.git
   0687b80..cf95200  main -> main
2026-05-19 14:03:26 [DEPLOY] Deploy complete: Deploy: 2026-05-19 14:03 UTC
