Sent
2026-05-31 06:00:02,212 [INFO] ============================================================
2026-05-31 06:00:02,212 [INFO] SCANNER RUN STARTED - BETFAIR
2026-05-31 06:00:02,212 [INFO] ============================================================
2026-05-31 06:00:02,620 [INFO] Cached Betfair session too old, re-logging in
2026-05-31 06:00:02,621 [INFO] Betfair login attempt 1/3
2026-05-31 06:00:02,772 [INFO] Betfair login successful
2026-05-31 06:00:02,936 [INFO] Catalogue: 100 markets for sport ID 1
2026-05-31 06:00:03,049 [INFO] Catalogue: 100 markets for sport ID 2
2026-05-31 06:00:03,172 [INFO] Catalogue: 100 markets for sport ID 7
2026-05-31 06:00:03,279 [INFO] Catalogue: 100 markets for sport ID 4
2026-05-31 06:00:03,369 [INFO] Catalogue: 1 markets for sport ID 2378961
2026-05-31 06:00:03,481 [INFO] Catalogue: 62 markets for sport ID 3
2026-05-31 06:00:03,661 [INFO] Catalogue: 72 markets for sport ID 7522
2026-05-31 06:00:03,764 [INFO] Catalogue: 6 markets for sport ID 6423
2026-05-31 06:00:03,764 [INFO] Betfair: fetching prices for 541 markets...
2026-05-31 06:00:08,258 [INFO] Betfair: enriching 541 markets with price data...
2026-05-31 06:00:08,265 [INFO] Betfair: enriched 50/541 markets, 4 tradeable so far
2026-05-31 06:00:08,272 [INFO] Betfair: enriched 100/541 markets, 6 tradeable so far
2026-05-31 06:00:08,276 [INFO] Betfair: enriched 150/541 markets, 7 tradeable so far
2026-05-31 06:00:08,278 [INFO] Betfair: enriched 200/541 markets, 7 tradeable so far
2026-05-31 06:00:08,288 [INFO] Betfair: enriched 250/541 markets, 19 tradeable so far
2026-05-31 06:00:08,298 [INFO] Betfair: enriched 300/541 markets, 23 tradeable so far
2026-05-31 06:00:08,301 [INFO] Betfair: enriched 350/541 markets, 40 tradeable so far
2026-05-31 06:00:08,304 [INFO] Betfair: enriched 400/541 markets, 50 tradeable so far
2026-05-31 06:00:08,345 [INFO] Betfair: enriched 450/541 markets, 77 tradeable so far
2026-05-31 06:00:08,384 [INFO] Betfair: enriched 500/541 markets, 88 tradeable so far
2026-05-31 06:00:08,429 [INFO] Betfair: enriched 541/541 markets, 91 tradeable so far
2026-05-31 06:00:08,432 [INFO] Betfair: 541 total markets, 91 above 100 GBP volume
2026-05-31 06:00:08,543 [INFO] Outrights: 20 markets for sport 1
2026-05-31 06:00:08,633 [INFO] Outrights: 16 markets for sport 3
2026-05-31 06:00:08,705 [INFO] Outrights: 1 markets for sport 2378961
2026-05-31 06:00:09,076 [INFO] Outrights: 34 markets above 25 GBP
2026-05-31 06:00:09,081 [INFO] Betfair: added 27 outright markets for cross-ref
2026-05-31 06:00:09,082 [INFO] betfair: 568 total, 118 above 100 GBP threshold
2026-05-31 06:00:09,324 [INFO] Snapshot written: /home/jwfalc/smarkets-bot/data/snapshots/betfair/2026-05-31_05-00.json
2026-05-31 06:00:09,453 [INFO] Market log updated (betfair)
2026-05-31 06:00:38,850 [INFO] Scanner complete for betfair. Snapshot: 2026-05-31_05-00.json
2026-05-31 06:00:39,157 [INFO] ============================================================
2026-05-31 06:00:39,157 [INFO] SCANNER RUN STARTED - MATCHBOOK
2026-05-31 06:00:39,157 [INFO] ============================================================
2026-05-31 06:00:39,492 [INFO] Matchbook login attempt 1/3
2026-05-31 06:00:39,658 [INFO] Matchbook login successful
2026-05-31 06:00:39,658 [INFO] Matchbook: fetching events with prices for 15 sports...
2026-05-31 06:00:39,795 [INFO] Matchbook: fetched page offset=0, 20 events (total so far: 20)
2026-05-31 06:00:40,123 [INFO] Matchbook: fetched page offset=20, 20 events (total so far: 40)
2026-05-31 06:00:40,349 [INFO] Matchbook: fetched page offset=40, 20 events (total so far: 60)
2026-05-31 06:00:40,646 [INFO] Matchbook: fetched page offset=60, 20 events (total so far: 80)
2026-05-31 06:00:41,011 [INFO] Matchbook: fetched page offset=80, 20 events (total so far: 100)
2026-05-31 06:00:41,344 [INFO] Matchbook: fetched page offset=100, 20 events (total so far: 120)
2026-05-31 06:00:41,654 [INFO] Matchbook: fetched page offset=120, 20 events (total so far: 140)
2026-05-31 06:00:41,983 [INFO] Matchbook: fetched page offset=140, 20 events (total so far: 160)
2026-05-31 06:00:42,249 [INFO] Matchbook: fetched page offset=160, 20 events (total so far: 180)
2026-05-31 06:00:42,485 [INFO] Matchbook: fetched page offset=180, 20 events (total so far: 200)
2026-05-31 06:00:42,733 [INFO] Matchbook: fetched page offset=200, 20 events (total so far: 220)
2026-05-31 06:00:42,963 [INFO] Matchbook: fetched page offset=220, 20 events (total so far: 240)
2026-05-31 06:00:43,194 [INFO] Matchbook: fetched page offset=240, 3 events (total so far: 243)
2026-05-31 06:00:43,195 [INFO] Matchbook: processing 243 events
2026-05-31 06:00:43,207 [INFO] Matchbook: processed 20/243 events, 243 markets so far
2026-05-31 06:00:43,228 [INFO] Matchbook: processed 40/243 events, 798 markets so far
2026-05-31 06:00:43,229 [INFO] Matchbook: processed 60/243 events, 818 markets so far
2026-05-31 06:00:43,242 [INFO] Matchbook: processed 80/243 events, 1182 markets so far
2026-05-31 06:00:43,263 [INFO] Matchbook: processed 100/243 events, 1727 markets so far
2026-05-31 06:00:43,287 [INFO] Matchbook: processed 120/243 events, 2369 markets so far
2026-05-31 06:00:43,336 [INFO] Matchbook: processed 140/243 events, 2912 markets so far
2026-05-31 06:00:43,355 [INFO] Matchbook: processed 160/243 events, 3492 markets so far
2026-05-31 06:00:43,367 [INFO] Matchbook: processed 180/243 events, 3841 markets so far
2026-05-31 06:00:43,369 [INFO] Matchbook: processed 200/243 events, 3901 markets so far
2026-05-31 06:00:43,374 [INFO] Matchbook: processed 220/243 events, 3921 markets so far
2026-05-31 06:00:43,375 [INFO] Matchbook: processed 240/243 events, 3941 markets so far
2026-05-31 06:00:43,377 [INFO] Matchbook: processed 243/243 events, 3944 markets so far
2026-05-31 06:00:43,377 [INFO] Matchbook: 3945 total markets, 275 above 25 GBP volume
2026-05-31 06:00:43,415 [INFO] matchbook: 3945 total, 275 above 25 GBP threshold
2026-05-31 06:00:43,617 [INFO] Snapshot written: /home/jwfalc/smarkets-bot/data/snapshots/matchbook/2026-05-31_05-00.json
2026-05-31 06:00:43,703 [INFO] Market log updated (matchbook)
2026-05-31 06:01:14,406 [INFO] Scanner complete for matchbook. Snapshot: 2026-05-31_05-00.json
2026-05-31 06:01:15,048 [RESEARCHER] Prior index loaded: 92 known runners
2026-05-31 06:01:15,099 [RESEARCHER] betfair: 118 tradeable markets from 2026-05-31_05-00.json
2026-05-31 06:01:15,100 [RESEARCHER] Market selection: 2 politics + 7 outrights + 8 other sports = 17 total (platforms: ['betfair'])
2026-05-31 06:01:15,100 [RESEARCHER] [1/17] Starmer Replaced by June 1st 2026
2026-05-31 06:01:20,650 [RESEARCHER]   Prior history injected for Yes
2026-05-31 06:01:20,650 [RESEARCHER]   Prior history injected for No
2026-05-31 06:01:20,651 [RESEARCHER] [2/17] Makerfield - Restore Britain Vote Percentage
2026-05-31 06:01:25,531 [RESEARCHER] [3/17] Winner
2026-05-31 06:01:31,699 [RESEARCHER] [4/17] Winner
2026-05-31 06:01:39,863 [RESEARCHER]   Prior history injected for Alex Smalley
2026-05-31 06:01:39,863 [RESEARCHER] [5/17] Winner
2026-05-31 06:01:48,329 [RESEARCHER] [6/17] Winner
2026-05-31 06:01:56,411 [RESEARCHER]   Prior history injected for Bryson DeChambeau
2026-05-31 06:01:56,412 [RESEARCHER] [7/17] Winner
2026-05-31 06:02:04,257 [RESEARCHER]   Prior history injected for Scottie Scheffler
2026-05-31 06:02:04,258 [RESEARCHER]   Prior history injected for Rory McIlroy
2026-05-31 06:02:04,258 [RESEARCHER]   Prior history injected for Jon Rahm
2026-05-31 06:02:04,258 [RESEARCHER]   Prior history injected for Xander Schauffele
2026-05-31 06:02:04,259 [RESEARCHER]   Prior history injected for Cameron Young
2026-05-31 06:02:04,259 [RESEARCHER] [8/17] Winner
2026-05-31 06:02:08,992 [RESEARCHER]   Prior history injected for Scottie Scheffler
2026-05-31 06:02:08,993 [RESEARCHER]   Prior history injected for Rory McIlroy
2026-05-31 06:02:08,993 [RESEARCHER]   Prior history injected for Jon Rahm
2026-05-31 06:02:08,993 [RESEARCHER]   Prior history injected for Cameron Young
2026-05-31 06:02:08,994 [RESEARCHER]   Prior history injected for Ludvig Aberg
2026-05-31 06:02:08,994 [RESEARCHER]   Prior history injected for Bryson DeChambeau
2026-05-31 06:02:08,994 [RESEARCHER] [9/17] Top 10 Finish
2026-05-31 06:02:10,881 [RESEARCHER]   Prior history injected for Alex Smalley
2026-05-31 06:02:10,881 [RESEARCHER] [10/17] Match Odds
2026-05-31 06:02:18,775 [RESEARCHER] [11/17] Match Odds
2026-05-31 06:02:26,462 [RESEARCHER] [12/17] Match Odds
2026-05-31 06:02:34,316 [RESEARCHER] [13/17] Winner 2026/27
2026-05-31 06:02:40,763 [RESEARCHER]   Prior history injected for Arsenal
2026-05-31 06:02:40,764 [RESEARCHER]   Prior history injected for Man City
2026-05-31 06:02:40,764 [RESEARCHER]   Prior history injected for Liverpool
2026-05-31 06:02:40,765 [RESEARCHER]   Prior history injected for Chelsea
2026-05-31 06:02:40,765 [RESEARCHER]   Prior history injected for Aston Villa
2026-05-31 06:02:40,765 [RESEARCHER] [14/17] Match Odds
2026-05-31 06:02:49,767 [RESEARCHER] [15/17] Daniel Hillier v Nathan Kimsey
2026-05-31 06:02:57,642 [RESEARCHER] [16/17] Match Odds
2026-05-31 06:03:03,913 [RESEARCHER] [17/17] Match Odds
2026-05-31 06:03:11,775 [RESEARCHER]   Prior history injected for The Draw
2026-05-31 06:03:11,794 [RESEARCHER] Research brief written: 2026-05-31_05-03_brief.json
2026-05-31 06:03:11,794 [RESEARCHER] Markets: 17 | Errors: 0 | Credits used: 73
BRIEF_PATH:/home/jwfalc/smarkets-bot/data/research/2026-05-31_05-03_brief.json
2026-05-31 06:03:12,106 [ANALYZER] Loading research brief: 2026-05-31_05-03_brief.json
2026-05-31 06:03:12,313 [ANALYZER] Betfair cross-ref index: 3710 runners
2026-05-31 06:03:12,319 [ANALYZER] Analyzed 17 markets
2026-05-31 06:03:12,320 [ANALYZER] Found 7 signals (10pp+)
2026-05-31 06:03:12,320 [ANALYZER] Logged 13 distribution entries (7pp+)
2026-05-31 06:03:12,334 [ANALYZER] Research output written: 2026-05-31_05-03_research.json
2026-05-31 06:03:12,337 [ANALYZER] Appended 71 edge traces to edge_traces.json
RESEARCH_PATH:/home/jwfalc/smarkets-bot/data/research/2026-05-31_05-03_research.json
2026-05-31 06:03:12,904 [RESOLVE] Found 31 open trade(s) to check (paper_mode=True)
2026-05-31 06:03:12,974 [RESOLVE] Using cached Betfair session token
2026-05-31 06:03:12,974 [RESOLVE] Betfair: checking 15 open-trade markets
2026-05-31 06:03:22,029 [RESOLVE] Snapshot name lookup: found mappings for 15 markets
2026-05-31 06:03:22,230 [RESOLVE] Settled markets found: 0
2026-05-31 06:03:22,231 [RESOLVE] No open-trade markets have settled yet.
2026-05-31 06:03:22,851 [INFO] ============================================================
2026-05-31 06:03:22,852 [INFO] DIGEST RUN STARTED
2026-05-31 06:03:22,852 [INFO] ============================================================
2026-05-31 06:03:27,688 [INFO] Sending signal alert: Top 10 Finish edge=51.17pp
2026-05-31 06:03:27,780 [INFO] Telegram notification sent
2026-05-31 06:03:27,781 [INFO] Sending signal alert: Top 10 Finish edge=48.45pp
2026-05-31 06:03:27,879 [INFO] Telegram notification sent
2026-05-31 06:03:27,880 [INFO] Sending signal alert: Top 10 Finish edge=43.43pp
2026-05-31 06:03:27,977 [INFO] Telegram notification sent
2026-05-31 06:03:27,978 [INFO] Sending signal alert: Winner edge=17.17pp
2026-05-31 06:03:28,078 [INFO] Telegram notification sent
2026-05-31 06:03:28,079 [INFO] Sent 4 Telegram signal alerts
2026-05-31 06:03:28,119 [INFO] Dashboard data written: /home/jwfalc/smarkets-bot/dashboard/dashboard_data.json
2026-05-31 06:03:28,203 [INFO] Period logs updated: 2026-05-31, 2026-W22, 2026-05, 2026-Q2
2026-05-31 06:03:28,204 [INFO] Run log: [2026-05-31 05:03 UTC] status=signal | platforms=betfair,matchbook | markets=393 | signals=7 | alerts=4 | movements=10 | consec_losses=1
2026-05-31 06:03:28,204 [INFO] Digest complete
Balance: £362.39 | Reserved: £168.10 | Available: £194.29
Skipping (already open): Winner BACK
Reduced stake: Winner edge 14.2pp < 15.0pp → £4.15 (83%)
Skipping (already open): Winner BACK
Skipping (already open): Top 10 Finish LAY
Skipping (correlated exposure in same market): Top 10 Finish LAY Mac Meissner
Skipping (already open): Top 10 Finish LAY
Reduced stake: Match Odds edge 8.1pp < 12pp → £3.10 (62%)
Logged paper trade: Match Odds - BACK @ 79.37% (edge: 8.09pp) [betfair] | available now £191.19

1 new paper trade(s) logged
Distribution log updated: 13 new entries added
Total entries: 774
  near_certainty: 6 total, 5 resolved
  high_prob: 17 total, 8 resolved
  7-9pp: 225 total, 83 resolved
  10-11pp: 88 total, 35 resolved
  12pp+: 438 total, 319 resolved

REVIEW DUE: 7-9pp band has 83 resolved entries (threshold: 12)
  Run: python distribution_logger.py report
  Then run: prompts/prompt_review_v1.md

REVIEW DUE: 7-9pp band has 83 resolved entries (threshold: 12)
  Run: python distribution_logger.py report
  Then run: prompts/prompt_review_v1.md
EXIT_CODE:0
Sent
2026-05-31 06:03:31,154 [STATIC-DASH] Building dashboard data…
2026-05-31 06:03:32,175 [STATIC-DASH] Data collected: 212 trades, 43 signals, 393 markets
2026-05-31 06:03:32,383 [STATIC-DASH] Written: /home/jwfalc/smarkets-dashboard/index.html (2685KB)
2026-05-31 06:03:32 [DEPLOY] Starting dashboard deploy...
WARNING: could not find injection point in HTML
HTML written OK
2026-05-31 06:03:32 [DEPLOY] Static HTML built
[main db15057] Deploy: 2026-05-31 06:03 UTC
 1 file changed, 1 insertion(+), 1 deletion(-)
To https://github.com/jwfalc-coder/smarkets-dashboard.git
   0e8bb85..db15057  main -> main
2026-05-31 06:03:32 [DEPLOY] Deploy complete: Deploy: 2026-05-31 06:03 UTC
