Sent
2026-05-28 10:00:02,850 [INFO] ============================================================
2026-05-28 10:00:02,852 [INFO] SCANNER RUN STARTED - BETFAIR
2026-05-28 10:00:02,853 [INFO] ============================================================
2026-05-28 10:00:03,314 [INFO] Cached Betfair session too old, re-logging in
2026-05-28 10:00:03,314 [INFO] Betfair login attempt 1/3
2026-05-28 10:00:03,475 [INFO] Betfair login successful
2026-05-28 10:00:03,645 [INFO] Catalogue: 100 markets for sport ID 1
2026-05-28 10:00:03,771 [INFO] Catalogue: 100 markets for sport ID 2
2026-05-28 10:00:03,907 [INFO] Catalogue: 100 markets for sport ID 7
2026-05-28 10:00:04,034 [INFO] Catalogue: 100 markets for sport ID 4
2026-05-28 10:00:04,132 [INFO] Catalogue: 2 markets for sport ID 2378961
2026-05-28 10:00:04,238 [INFO] Catalogue: 43 markets for sport ID 3
2026-05-28 10:00:04,465 [INFO] Catalogue: 100 markets for sport ID 7522
2026-05-28 10:00:04,565 [INFO] Catalogue: 3 markets for sport ID 6423
2026-05-28 10:00:04,566 [INFO] Betfair: fetching prices for 548 markets...
2026-05-28 10:00:09,717 [INFO] Betfair: enriching 548 markets with price data...
2026-05-28 10:00:09,724 [INFO] Betfair: enriched 50/548 markets, 18 tradeable so far
2026-05-28 10:00:09,736 [INFO] Betfair: enriched 100/548 markets, 29 tradeable so far
2026-05-28 10:00:09,738 [INFO] Betfair: enriched 150/548 markets, 31 tradeable so far
2026-05-28 10:00:09,741 [INFO] Betfair: enriched 200/548 markets, 32 tradeable so far
2026-05-28 10:00:09,751 [INFO] Betfair: enriched 250/548 markets, 41 tradeable so far
2026-05-28 10:00:09,763 [INFO] Betfair: enriched 300/548 markets, 58 tradeable so far
2026-05-28 10:00:09,767 [INFO] Betfair: enriched 350/548 markets, 73 tradeable so far
2026-05-28 10:00:09,769 [INFO] Betfair: enriched 400/548 markets, 78 tradeable so far
2026-05-28 10:00:09,800 [INFO] Betfair: enriched 450/548 markets, 110 tradeable so far
2026-05-28 10:00:09,849 [INFO] Betfair: enriched 500/548 markets, 119 tradeable so far
2026-05-28 10:00:09,899 [INFO] Betfair: enriched 548/548 markets, 129 tradeable so far
2026-05-28 10:00:09,902 [INFO] Betfair: 548 total markets, 129 above 100 GBP volume
2026-05-28 10:00:10,019 [INFO] Outrights: 22 markets for sport 1
2026-05-28 10:00:10,106 [INFO] Outrights: 16 markets for sport 3
2026-05-28 10:00:10,179 [INFO] Outrights: 0 markets for sport 2378961
2026-05-28 10:00:10,603 [INFO] Outrights: 31 markets above 25 GBP
2026-05-28 10:00:10,609 [INFO] Betfair: added 27 outright markets for cross-ref
2026-05-28 10:00:10,610 [INFO] betfair: 575 total, 156 above 100 GBP threshold
2026-05-28 10:00:10,873 [INFO] Snapshot written: /home/jwfalc/smarkets-bot/data/snapshots/betfair/2026-05-28_09-00.json
2026-05-28 10:00:11,019 [INFO] Market log updated (betfair)
2026-05-28 10:00:44,140 [INFO] Scanner complete for betfair. Snapshot: 2026-05-28_09-00.json
2026-05-28 10:00:44,450 [INFO] ============================================================
2026-05-28 10:00:44,450 [INFO] SCANNER RUN STARTED - MATCHBOOK
2026-05-28 10:00:44,450 [INFO] ============================================================
2026-05-28 10:00:44,801 [INFO] Matchbook login attempt 1/3
2026-05-28 10:00:44,984 [INFO] Matchbook login successful
2026-05-28 10:00:44,985 [INFO] Matchbook: fetching events with prices for 15 sports...
2026-05-28 10:00:45,120 [INFO] Matchbook: fetched page offset=0, 20 events (total so far: 20)
2026-05-28 10:00:45,398 [INFO] Matchbook: fetched page offset=20, 20 events (total so far: 40)
2026-05-28 10:00:45,707 [INFO] Matchbook: fetched page offset=40, 20 events (total so far: 60)
2026-05-28 10:00:45,945 [INFO] Matchbook: fetched page offset=60, 20 events (total so far: 80)
2026-05-28 10:00:46,252 [INFO] Matchbook: fetched page offset=80, 20 events (total so far: 100)
2026-05-28 10:00:46,528 [INFO] Matchbook: fetched page offset=100, 20 events (total so far: 120)
2026-05-28 10:00:46,850 [INFO] Matchbook: fetched page offset=120, 20 events (total so far: 140)
2026-05-28 10:00:47,111 [INFO] Matchbook: fetched page offset=140, 20 events (total so far: 160)
2026-05-28 10:00:47,363 [INFO] Matchbook: fetched page offset=160, 20 events (total so far: 180)
2026-05-28 10:00:47,688 [INFO] Matchbook: fetched page offset=180, 20 events (total so far: 200)
2026-05-28 10:00:47,963 [INFO] Matchbook: fetched page offset=200, 20 events (total so far: 220)
2026-05-28 10:00:48,195 [INFO] Matchbook: fetched page offset=220, 20 events (total so far: 240)
2026-05-28 10:00:48,434 [INFO] Matchbook: fetched page offset=240, 10 events (total so far: 250)
2026-05-28 10:00:48,435 [INFO] Matchbook: processing 250 events
2026-05-28 10:00:48,442 [INFO] Matchbook: processed 20/250 events, 158 markets so far
2026-05-28 10:00:48,449 [INFO] Matchbook: processed 40/250 events, 396 markets so far
2026-05-28 10:00:48,457 [INFO] Matchbook: processed 60/250 events, 501 markets so far
2026-05-28 10:00:48,458 [INFO] Matchbook: processed 80/250 events, 521 markets so far
2026-05-28 10:00:48,466 [INFO] Matchbook: processed 100/250 events, 760 markets so far
2026-05-28 10:00:48,475 [INFO] Matchbook: processed 120/250 events, 1050 markets so far
2026-05-28 10:00:48,492 [INFO] Matchbook: processed 140/250 events, 1528 markets so far
2026-05-28 10:00:48,502 [INFO] Matchbook: processed 160/250 events, 1799 markets so far
2026-05-28 10:00:48,505 [INFO] Matchbook: processed 180/250 events, 1941 markets so far
2026-05-28 10:00:48,557 [INFO] Matchbook: processed 200/250 events, 2589 markets so far
2026-05-28 10:00:48,567 [INFO] Matchbook: processed 220/250 events, 2763 markets so far
2026-05-28 10:00:48,569 [INFO] Matchbook: processed 240/250 events, 2783 markets so far
2026-05-28 10:00:48,571 [INFO] Matchbook: processed 250/250 events, 2793 markets so far
2026-05-28 10:00:48,571 [INFO] Matchbook: 2794 total markets, 289 above 25 GBP volume
2026-05-28 10:00:48,598 [INFO] matchbook: 2794 total, 289 above 25 GBP threshold
2026-05-28 10:00:48,754 [INFO] Snapshot written: /home/jwfalc/smarkets-bot/data/snapshots/matchbook/2026-05-28_09-00.json
2026-05-28 10:00:48,844 [INFO] Market log updated (matchbook)
2026-05-28 10:01:16,748 [INFO] Scanner complete for matchbook. Snapshot: 2026-05-28_09-00.json
2026-05-28 10:01:17,414 [RESEARCHER] Prior index loaded: 85 known runners
2026-05-28 10:01:17,470 [RESEARCHER] betfair: 156 tradeable markets from 2026-05-28_09-00.json
2026-05-28 10:01:17,471 [RESEARCHER] Market selection: 2 politics + 7 outrights + 8 other sports = 17 total (platforms: ['betfair'])
2026-05-28 10:01:17,471 [RESEARCHER] [1/17] Next President of Colombia
2026-05-28 10:01:22,822 [RESEARCHER]   Prior history injected for Paloma Valencia
2026-05-28 10:01:22,822 [RESEARCHER] [2/17] Maltese General Election
2026-05-28 10:01:28,228 [RESEARCHER] [3/17] Winner
2026-05-28 10:01:34,608 [RESEARCHER] [4/17] Winner
2026-05-28 10:01:42,505 [RESEARCHER]   Prior history injected for Ludvig Aberg
2026-05-28 10:01:42,506 [RESEARCHER] [5/17] Winner
2026-05-28 10:01:50,460 [RESEARCHER] [6/17] Winner
2026-05-28 10:01:58,631 [RESEARCHER]   Prior history injected for Bryson DeChambeau
2026-05-28 10:01:58,632 [RESEARCHER] [7/17] Winner
2026-05-28 10:02:06,542 [RESEARCHER]   Prior history injected for Scottie Scheffler
2026-05-28 10:02:06,543 [RESEARCHER]   Prior history injected for Rory McIlroy
2026-05-28 10:02:06,543 [RESEARCHER]   Prior history injected for Jon Rahm
2026-05-28 10:02:06,544 [RESEARCHER]   Prior history injected for Xander Schauffele
2026-05-28 10:02:06,544 [RESEARCHER]   Prior history injected for Cameron Young
2026-05-28 10:02:06,544 [RESEARCHER] [8/17] Winner
2026-05-28 10:02:10,841 [RESEARCHER]   Prior history injected for Scottie Scheffler
2026-05-28 10:02:10,842 [RESEARCHER]   Prior history injected for Rory McIlroy
2026-05-28 10:02:10,842 [RESEARCHER]   Prior history injected for Jon Rahm
2026-05-28 10:02:10,843 [RESEARCHER]   Prior history injected for Cameron Young
2026-05-28 10:02:10,843 [RESEARCHER]   Prior history injected for Ludvig Aberg
2026-05-28 10:02:10,843 [RESEARCHER] [9/17] Top 10 Finish
2026-05-28 10:02:12,595 [RESEARCHER]   Prior history injected for Ludvig Aberg
2026-05-28 10:02:12,595 [RESEARCHER] [10/17] Match Odds
2026-05-28 10:02:19,606 [RESEARCHER]   Prior history injected for The Draw
2026-05-28 10:02:19,606 [RESEARCHER] [11/17] Winner 2025/26
2026-05-28 10:02:26,304 [RESEARCHER]   Prior history injected for Arsenal
2026-05-28 10:02:26,305 [RESEARCHER] [12/17] Match Odds
2026-05-28 10:02:33,690 [RESEARCHER] [13/17] Match Odds
2026-05-28 10:02:41,658 [RESEARCHER] [14/17] Match Odds
2026-05-28 10:02:48,790 [RESEARCHER] [15/17] Winner 2026/27
2026-05-28 10:02:56,095 [RESEARCHER]   Prior history injected for Arsenal
2026-05-28 10:02:56,096 [RESEARCHER]   Prior history injected for Man City
2026-05-28 10:02:56,096 [RESEARCHER]   Prior history injected for Liverpool
2026-05-28 10:02:56,096 [RESEARCHER]   Prior history injected for Chelsea
2026-05-28 10:02:56,097 [RESEARCHER]   Prior history injected for Aston Villa
2026-05-28 10:02:56,097 [RESEARCHER] [16/17] Match Odds
2026-05-28 10:03:02,760 [RESEARCHER] [17/17] Match Odds
2026-05-28 10:03:09,853 [RESEARCHER] Research brief written: 2026-05-28_09-03_brief.json
2026-05-28 10:03:09,853 [RESEARCHER] Markets: 17 | Errors: 0 | Credits used: 72
BRIEF_PATH:/home/jwfalc/smarkets-bot/data/research/2026-05-28_09-03_brief.json
2026-05-28 10:03:10,188 [ANALYZER] Loading research brief: 2026-05-28_09-03_brief.json
2026-05-28 10:03:10,415 [ANALYZER] Betfair cross-ref index: 4749 runners
2026-05-28 10:03:10,422 [ANALYZER] Analyzed 17 markets
2026-05-28 10:03:10,422 [ANALYZER] Found 6 signals (10pp+)
2026-05-28 10:03:10,422 [ANALYZER] Logged 11 distribution entries (7pp+)
2026-05-28 10:03:10,437 [ANALYZER] Research output written: 2026-05-28_09-03_research.json
2026-05-28 10:03:10,442 [ANALYZER] Appended 77 edge traces to edge_traces.json
RESEARCH_PATH:/home/jwfalc/smarkets-bot/data/research/2026-05-28_09-03_research.json
2026-05-28 10:03:11,002 [RESOLVE] Found 25 open trade(s) to check (paper_mode=True)
2026-05-28 10:03:11,077 [RESOLVE] Using cached Betfair session token
2026-05-28 10:03:11,077 [RESOLVE] Betfair: checking 13 open-trade markets
2026-05-28 10:03:19,439 [RESOLVE] Snapshot name lookup: found mappings for 12 markets
2026-05-28 10:03:19,634 [RESOLVE] Settled markets found: 0
2026-05-28 10:03:19,634 [RESOLVE] Standings: unknown competition for 'Men's French Open 2026 - Winner' — skip
2026-05-28 10:03:19,635 [RESOLVE] No open-trade markets have settled yet.
2026-05-28 10:03:20,255 [INFO] ============================================================
2026-05-28 10:03:20,257 [INFO] DIGEST RUN STARTED
2026-05-28 10:03:20,257 [INFO] ============================================================
2026-05-28 10:03:25,576 [INFO] Sending signal alert: Winner 2026/27 edge=16.17pp
2026-05-28 10:03:25,688 [INFO] Telegram notification sent
2026-05-28 10:03:25,689 [INFO] Sent 1 Telegram signal alerts
2026-05-28 10:03:25,689 [WARNING] CONSECUTIVE LOSSES: 3
2026-05-28 10:03:25,689 [WARNING] Consecutive loss alert: 3 in a row
2026-05-28 10:03:26,034 [INFO] Telegram notification sent
2026-05-28 10:03:26,078 [INFO] Dashboard data written: /home/jwfalc/smarkets-bot/dashboard/dashboard_data.json
2026-05-28 10:03:26,171 [INFO] Period logs updated: 2026-05-28, 2026-W22, 2026-05, 2026-Q2
2026-05-28 10:03:26,172 [INFO] Run log: [2026-05-28 09:03 UTC] status=signal | platforms=betfair,matchbook | markets=445 | signals=6 | alerts=1 | movements=10 | consec_losses=3
2026-05-28 10:03:26,172 [INFO] Digest complete
Balance: £375.93 | Reserved: £126.20 | Available: £249.73
Reduced stake: Winner edge 12.2pp < 15.0pp → £2.15 (43%)
Logged paper trade: Winner - BACK @ 16.67% (edge: 12.17pp) [betfair] | available now £247.58
Reduced stake: Winner edge 12.9pp < 15.0pp → £2.90 (58%)
Skipping (already open): Winner BACK
Reduced stake: Winner edge 14.2pp < 15.0pp → £4.15 (83%)
Skipping (already open): Winner BACK
Skipping (already open): Winner 2026/27 BACK

1 new paper trade(s) logged
Distribution log updated: 6 new entries added
Total entries: 696
  near_certainty: 5 total, 4 resolved
  high_prob: 15 total, 7 resolved
  7-9pp: 191 total, 81 resolved
  10-11pp: 74 total, 35 resolved
  12pp+: 411 total, 317 resolved

REVIEW DUE: 7-9pp band has 81 resolved entries (threshold: 12)
  Run: python distribution_logger.py report
  Then run: prompts/prompt_review_v1.md

REVIEW DUE: 7-9pp band has 81 resolved entries (threshold: 12)
  Run: python distribution_logger.py report
  Then run: prompts/prompt_review_v1.md
EXIT_CODE:0
Sent
2026-05-28 10:03:29,151 [STATIC-DASH] Building dashboard data…
2026-05-28 10:03:30,519 [STATIC-DASH] Data collected: 198 trades, 52 signals, 445 markets
2026-05-28 10:03:30,755 [STATIC-DASH] Written: /home/jwfalc/smarkets-dashboard/index.html (2803KB)
2026-05-28 10:03:30 [DEPLOY] Starting dashboard deploy...
WARNING: could not find injection point in HTML
HTML written OK
2026-05-28 10:03:30 [DEPLOY] Static HTML built
[main 28b57da] Deploy: 2026-05-28 10:03 UTC
 1 file changed, 1 insertion(+), 1 deletion(-)
To https://github.com/jwfalc-coder/smarkets-dashboard.git
   57f223e..28b57da  main -> main
2026-05-28 10:03:30 [DEPLOY] Deploy complete: Deploy: 2026-05-28 10:03 UTC
[main a93332f] log: routine_2026-05-28_1000
 1 file changed, 187 insertions(+)
 create mode 100644 data/routine_logs/routine_2026-05-28_1000.log
From https://github.com/jwfalc-coder/betting-auditor
 * branch            main       -> FETCH_HEAD
   dfef19f..2917f60  main       -> origin/main
Rebasing (1/1)Successfully rebased and updated refs/heads/main.
To https://github.com/jwfalc-coder/betting-auditor.git
   2917f60..a544eae  main -> main
