Sent
2026-05-24 14:00:02,186 [INFO] ============================================================
2026-05-24 14:00:02,186 [INFO] SCANNER RUN STARTED - BETFAIR
2026-05-24 14:00:02,187 [INFO] ============================================================
2026-05-24 14:00:02,583 [INFO] Cached Betfair session too old, re-logging in
2026-05-24 14:00:02,583 [INFO] Betfair login attempt 1/3
2026-05-24 14:00:02,748 [INFO] Betfair login successful
2026-05-24 14:00:02,906 [INFO] Catalogue: 100 markets for sport ID 1
2026-05-24 14:00:03,040 [INFO] Catalogue: 100 markets for sport ID 2
2026-05-24 14:00:03,175 [INFO] Catalogue: 100 markets for sport ID 7
2026-05-24 14:00:03,292 [INFO] Catalogue: 100 markets for sport ID 4
2026-05-24 14:00:03,378 [INFO] Catalogue: 1 markets for sport ID 2378961
2026-05-24 14:00:03,466 [INFO] Catalogue: 10 markets for sport ID 3
2026-05-24 14:00:03,679 [INFO] Catalogue: 100 markets for sport ID 7522
2026-05-24 14:00:03,775 [INFO] Catalogue: 6 markets for sport ID 6423
2026-05-24 14:00:03,776 [INFO] Betfair: fetching prices for 517 markets...
2026-05-24 14:00:08,109 [INFO] Betfair: enriching 517 markets with price data...
2026-05-24 14:00:08,116 [INFO] Betfair: enriched 50/517 markets, 1 tradeable so far
2026-05-24 14:00:08,124 [INFO] Betfair: enriched 100/517 markets, 9 tradeable so far
2026-05-24 14:00:08,126 [INFO] Betfair: enriched 150/517 markets, 12 tradeable so far
2026-05-24 14:00:08,129 [INFO] Betfair: enriched 200/517 markets, 13 tradeable so far
2026-05-24 14:00:08,139 [INFO] Betfair: enriched 250/517 markets, 44 tradeable so far
2026-05-24 14:00:08,149 [INFO] Betfair: enriched 300/517 markets, 70 tradeable so far
2026-05-24 14:00:08,153 [INFO] Betfair: enriched 350/517 markets, 81 tradeable so far
2026-05-24 14:00:08,155 [INFO] Betfair: enriched 400/517 markets, 86 tradeable so far
2026-05-24 14:00:08,241 [INFO] Betfair: enriched 450/517 markets, 114 tradeable so far
2026-05-24 14:00:08,291 [INFO] Betfair: enriched 500/517 markets, 126 tradeable so far
2026-05-24 14:00:08,310 [INFO] Betfair: enriched 517/517 markets, 128 tradeable so far
2026-05-24 14:00:08,313 [INFO] Betfair: 517 total markets, 128 above 100 GBP volume
2026-05-24 14:00:08,428 [INFO] Outrights: 27 markets for sport 1
2026-05-24 14:00:08,519 [INFO] Outrights: 12 markets for sport 3
2026-05-24 14:00:08,588 [INFO] Outrights: 0 markets for sport 2378961
2026-05-24 14:00:08,959 [INFO] Outrights: 35 markets above 25 GBP
2026-05-24 14:00:08,964 [INFO] Betfair: added 35 outright markets for cross-ref
2026-05-24 14:00:08,965 [INFO] betfair: 552 total, 163 above 100 GBP threshold
2026-05-24 14:00:09,305 [INFO] Snapshot written: /home/jwfalc/smarkets-bot/data/snapshots/betfair/2026-05-24_13-00.json
2026-05-24 14:00:09,496 [INFO] Market log updated (betfair)
2026-05-24 14:00:37,623 [INFO] Scanner complete for betfair. Snapshot: 2026-05-24_13-00.json
2026-05-24 14:00:37,940 [INFO] ============================================================
2026-05-24 14:00:37,940 [INFO] SCANNER RUN STARTED - MATCHBOOK
2026-05-24 14:00:37,940 [INFO] ============================================================
2026-05-24 14:00:38,335 [INFO] Matchbook login attempt 1/3
2026-05-24 14:00:38,511 [INFO] Matchbook login successful
2026-05-24 14:00:38,512 [INFO] Matchbook: fetching events with prices for 15 sports...
2026-05-24 14:00:38,651 [INFO] Matchbook: fetched page offset=0, 20 events (total so far: 20)
2026-05-24 14:00:38,944 [INFO] Matchbook: fetched page offset=20, 20 events (total so far: 40)
2026-05-24 14:00:39,460 [INFO] Matchbook: fetched page offset=40, 20 events (total so far: 60)
2026-05-24 14:00:39,864 [INFO] Matchbook: fetched page offset=60, 20 events (total so far: 80)
2026-05-24 14:00:40,201 [INFO] Matchbook: fetched page offset=80, 20 events (total so far: 100)
2026-05-24 14:00:40,578 [INFO] Matchbook: fetched page offset=100, 20 events (total so far: 120)
2026-05-24 14:00:40,893 [INFO] Matchbook: fetched page offset=120, 20 events (total so far: 140)
2026-05-24 14:00:41,237 [INFO] Matchbook: fetched page offset=140, 20 events (total so far: 160)
2026-05-24 14:00:41,576 [INFO] Matchbook: fetched page offset=160, 20 events (total so far: 180)
2026-05-24 14:00:41,894 [INFO] Matchbook: fetched page offset=180, 20 events (total so far: 200)
2026-05-24 14:00:42,202 [INFO] Matchbook: fetched page offset=200, 20 events (total so far: 220)
2026-05-24 14:00:42,471 [INFO] Matchbook: fetched page offset=220, 20 events (total so far: 240)
2026-05-24 14:00:42,755 [INFO] Matchbook: fetched page offset=240, 20 events (total so far: 260)
2026-05-24 14:00:43,018 [INFO] Matchbook: fetched page offset=260, 20 events (total so far: 280)
2026-05-24 14:00:43,297 [INFO] Matchbook: fetched page offset=280, 20 events (total so far: 300)
2026-05-24 14:00:43,544 [INFO] Matchbook: fetched page offset=300, 20 events (total so far: 320)
2026-05-24 14:00:43,929 [INFO] Matchbook: fetched page offset=320, 20 events (total so far: 340)
2026-05-24 14:00:44,225 [INFO] Matchbook: fetched page offset=340, 20 events (total so far: 360)
2026-05-24 14:00:44,473 [INFO] Matchbook: fetched page offset=360, 20 events (total so far: 380)
2026-05-24 14:00:44,715 [INFO] Matchbook: fetched page offset=380, 20 events (total so far: 400)
2026-05-24 14:00:44,940 [INFO] Matchbook: fetched page offset=400, 3 events (total so far: 403)
2026-05-24 14:00:44,940 [INFO] Matchbook: processing 403 events
2026-05-24 14:00:44,952 [INFO] Matchbook: processed 20/403 events, 249 markets so far
2026-05-24 14:00:44,967 [INFO] Matchbook: processed 40/403 events, 691 markets so far
2026-05-24 14:00:44,985 [INFO] Matchbook: processed 60/403 events, 1193 markets so far
2026-05-24 14:00:45,012 [INFO] Matchbook: processed 80/403 events, 1835 markets so far
2026-05-24 14:00:45,029 [INFO] Matchbook: processed 100/403 events, 2309 markets so far
2026-05-24 14:00:45,059 [INFO] Matchbook: processed 120/403 events, 3049 markets so far
2026-05-24 14:00:45,077 [INFO] Matchbook: processed 140/403 events, 3613 markets so far
2026-05-24 14:00:45,116 [INFO] Matchbook: processed 160/403 events, 4356 markets so far
2026-05-24 14:00:45,138 [INFO] Matchbook: processed 180/403 events, 5030 markets so far
2026-05-24 14:00:45,158 [INFO] Matchbook: processed 200/403 events, 5688 markets so far
2026-05-24 14:00:45,175 [INFO] Matchbook: processed 220/403 events, 6196 markets so far
2026-05-24 14:00:45,185 [INFO] Matchbook: processed 240/403 events, 6554 markets so far
2026-05-24 14:00:45,196 [INFO] Matchbook: processed 260/403 events, 6964 markets so far
2026-05-24 14:00:45,206 [INFO] Matchbook: processed 280/403 events, 7354 markets so far
2026-05-24 14:00:45,215 [INFO] Matchbook: processed 300/403 events, 7729 markets so far
2026-05-24 14:00:45,218 [INFO] Matchbook: processed 320/403 events, 7821 markets so far
2026-05-24 14:00:45,228 [INFO] Matchbook: processed 340/403 events, 8143 markets so far
2026-05-24 14:00:45,244 [INFO] Matchbook: processed 360/403 events, 8632 markets so far
2026-05-24 14:00:45,248 [INFO] Matchbook: processed 380/403 events, 8718 markets so far
2026-05-24 14:00:45,250 [INFO] Matchbook: processed 400/403 events, 8738 markets so far
2026-05-24 14:00:45,251 [INFO] Matchbook: processed 403/403 events, 8741 markets so far
2026-05-24 14:00:45,251 [INFO] Matchbook: 8742 total markets, 986 above 25 GBP volume
2026-05-24 14:00:45,328 [INFO] matchbook: 8742 total, 986 above 25 GBP threshold
2026-05-24 14:00:45,639 [INFO] Snapshot written: /home/jwfalc/smarkets-bot/data/snapshots/matchbook/2026-05-24_13-00.json
2026-05-24 14:00:45,804 [INFO] Market log updated (matchbook)
2026-05-24 14:01:15,760 [INFO] Scanner complete for matchbook. Snapshot: 2026-05-24_13-00.json
2026-05-24 14:01:16,493 [RESEARCHER] matchbook: 986 tradeable markets from 2026-05-24_13-00.json
2026-05-24 14:01:16,495 [RESEARCHER] Market selection: 0 politics/current-affairs + 15 sports = 15 total (platforms: ['matchbook'])
2026-05-24 14:01:16,495 [RESEARCHER] [1/15] Winner
2026-05-24 14:01:23,547 [RESEARCHER] [2/15] Winner
2026-05-24 14:01:31,304 [RESEARCHER] [3/15] Winner
2026-05-24 14:01:37,963 [RESEARCHER] [4/15] To Be Relegated
2026-05-24 14:01:45,401 [RESEARCHER] [5/15] Winner
2026-05-24 14:01:52,823 [RESEARCHER] [6/15] Match Odds
2026-05-24 14:02:00,250 [RESEARCHER] [7/15] Match Odds
2026-05-24 14:02:07,350 [RESEARCHER] [8/15] Correct Score
2026-05-24 14:02:14,245 [RESEARCHER] [9/15] Match Odds
2026-05-24 14:02:21,678 [RESEARCHER] [10/15] Correct Score
2026-05-24 14:02:23,426 [RESEARCHER] [11/15] Match Odds
2026-05-24 14:02:30,556 [RESEARCHER] [12/15] Match Odds
2026-05-24 14:02:37,690 [RESEARCHER] [13/15] Match Odds
2026-05-24 14:02:44,728 [RESEARCHER] [14/15] Moneyline
2026-05-24 14:02:51,457 [RESEARCHER] [15/15] Winner
2026-05-24 14:02:58,893 [RESEARCHER] Research brief written: 2026-05-24_13-02_brief.json
2026-05-24 14:02:58,893 [RESEARCHER] Markets: 15 | Errors: 0 | Credits used: 60
BRIEF_PATH:/home/jwfalc/smarkets-bot/data/research/2026-05-24_13-02_brief.json
2026-05-24 14:02:59,190 [ANALYZER] Loading research brief: 2026-05-24_13-02_brief.json
2026-05-24 14:02:59,493 [ANALYZER] Betfair cross-ref index: 3146 runners
2026-05-24 14:02:59,497 [ANALYZER] Analyzed 15 markets
2026-05-24 14:02:59,497 [ANALYZER] Found 0 signals (10pp+)
2026-05-24 14:02:59,497 [ANALYZER] Logged 3 distribution entries (7pp+)
2026-05-24 14:02:59,508 [ANALYZER] Research output written: 2026-05-24_13-02_research.json
2026-05-24 14:02:59,510 [ANALYZER] Appended 61 edge traces to edge_traces.json
RESEARCH_PATH:/home/jwfalc/smarkets-bot/data/research/2026-05-24_13-02_research.json
2026-05-24 14:03:00,072 [RESOLVE] Found 17 open trade(s) to check (paper_mode=True)
2026-05-24 14:03:00,139 [RESOLVE] Using cached Betfair session token
2026-05-24 14:03:00,139 [RESOLVE] Betfair: checking 1 open-trade markets
2026-05-24 14:03:07,495 [RESOLVE] Snapshot name lookup: found mappings for 1 markets
2026-05-24 14:03:07,579 [RESOLVE] Settled markets found: 0
2026-05-24 14:03:07,579 [RESOLVE] Standings: unknown competition for 'Men's French Open 2026 - Winner' — skip
2026-05-24 14:03:07,579 [RESOLVE] No open-trade markets have settled yet.
2026-05-24 14:03:08,200 [INFO] ============================================================
2026-05-24 14:03:08,201 [INFO] DIGEST RUN STARTED
2026-05-24 14:03:08,201 [INFO] ============================================================
2026-05-24 14:03:13,345 [INFO] Dashboard data written: /home/jwfalc/smarkets-bot/dashboard/dashboard_data.json
2026-05-24 14:03:13,414 [INFO] Period logs updated: 2026-05-24, 2026-W21, 2026-05, 2026-Q2
2026-05-24 14:03:13,415 [INFO] Run log: [2026-05-24 13:03 UTC] status=ok | platforms=betfair,matchbook | markets=1149 | signals=0 | alerts=0 | movements=10 | consec_losses=1
2026-05-24 14:03:13,415 [INFO] Digest complete
Balance: £256.38 | Reserved: £104.90 | Available: £151.48
No new paper trades to log
Distribution log updated: 1 new entries added
Total entries: 612
  near_certainty: 4 total, 4 resolved
  high_prob: 14 total, 5 resolved
  7-9pp: 164 total, 33 resolved
  10-11pp: 52 total, 21 resolved
  12pp+: 378 total, 193 resolved

REVIEW DUE: 7-9pp band has 33 resolved entries (threshold: 12)
  Run: python distribution_logger.py report
  Then run: prompts/prompt_review_v1.md

REVIEW DUE: 7-9pp band has 33 resolved entries (threshold: 12)
  Run: python distribution_logger.py report
  Then run: prompts/prompt_review_v1.md
EXIT_CODE:0
Sent
2026-05-24 14:03:16,310 [STATIC-DASH] Building dashboard data…
2026-05-24 14:03:17,386 [STATIC-DASH] Data collected: 152 trades, 8 signals, 1149 markets
2026-05-24 14:03:17,667 [STATIC-DASH] Written: /home/jwfalc/smarkets-dashboard/index.html (3559KB)
2026-05-24 14:03:17 [DEPLOY] Starting dashboard deploy...
WARNING: could not find injection point in HTML
HTML written OK
2026-05-24 14:03:17 [DEPLOY] Static HTML built
[main 5145b74] Deploy: 2026-05-24 14:03 UTC
 1 file changed, 1 insertion(+), 1 deletion(-)
To https://github.com/jwfalc-coder/smarkets-dashboard.git
   5be3493..5145b74  main -> main
2026-05-24 14:03:17 [DEPLOY] Deploy complete: Deploy: 2026-05-24 14:03 UTC
