Sent
2026-06-06 10:00:02,576 [INFO] ============================================================
2026-06-06 10:00:02,577 [INFO] SCANNER RUN STARTED - BETFAIR
2026-06-06 10:00:02,577 [INFO] ============================================================
2026-06-06 10:00:02,974 [INFO] Cached Betfair session too old, re-logging in
2026-06-06 10:00:02,974 [INFO] Betfair login attempt 1/3
2026-06-06 10:00:03,117 [INFO] Betfair login successful
2026-06-06 10:00:03,288 [INFO] Catalogue: 100 markets for sport ID 1
2026-06-06 10:00:03,412 [INFO] Catalogue: 100 markets for sport ID 2
2026-06-06 10:00:03,533 [INFO] Catalogue: 100 markets for sport ID 7
2026-06-06 10:00:03,642 [INFO] Catalogue: 100 markets for sport ID 4
2026-06-06 10:00:03,718 [INFO] Catalogue: 0 markets for sport ID 2378961
2026-06-06 10:00:03,812 [INFO] Catalogue: 43 markets for sport ID 3
2026-06-06 10:00:04,029 [INFO] Catalogue: 100 markets for sport ID 7522
2026-06-06 10:00:04,128 [INFO] Catalogue: 6 markets for sport ID 6423
2026-06-06 10:00:04,128 [INFO] Betfair: fetching prices for 549 markets...
2026-06-06 10:00:08,830 [INFO] Betfair: enriching 549 markets with price data...
2026-06-06 10:00:08,837 [INFO] Betfair: enriched 50/549 markets, 9 tradeable so far
2026-06-06 10:00:08,845 [INFO] Betfair: enriched 100/549 markets, 16 tradeable so far
2026-06-06 10:00:08,848 [INFO] Betfair: enriched 150/549 markets, 18 tradeable so far
2026-06-06 10:00:08,850 [INFO] Betfair: enriched 200/549 markets, 20 tradeable so far
2026-06-06 10:00:08,855 [INFO] Betfair: enriched 250/549 markets, 28 tradeable so far
2026-06-06 10:00:08,861 [INFO] Betfair: enriched 300/549 markets, 28 tradeable so far
2026-06-06 10:00:08,864 [INFO] Betfair: enriched 350/549 markets, 39 tradeable so far
2026-06-06 10:00:08,865 [INFO] Betfair: enriched 400/549 markets, 42 tradeable so far
2026-06-06 10:00:08,886 [INFO] Betfair: enriched 450/549 markets, 71 tradeable so far
2026-06-06 10:00:08,936 [INFO] Betfair: enriched 500/549 markets, 85 tradeable so far
2026-06-06 10:00:08,990 [INFO] Betfair: enriched 549/549 markets, 91 tradeable so far
2026-06-06 10:00:08,993 [INFO] Betfair: 549 total markets, 91 above 100 GBP volume
2026-06-06 10:00:09,113 [INFO] Outrights: 22 markets for sport 1
2026-06-06 10:00:09,208 [INFO] Outrights: 17 markets for sport 3
2026-06-06 10:00:09,284 [INFO] Outrights: 1 markets for sport 2378961
2026-06-06 10:00:09,662 [INFO] Outrights: 38 markets above 25 GBP
2026-06-06 10:00:09,667 [INFO] Betfair: added 30 outright markets for cross-ref
2026-06-06 10:00:09,668 [INFO] betfair: 579 total, 121 above 100 GBP threshold
2026-06-06 10:00:09,902 [INFO] Snapshot written: /home/jwfalc/smarkets-bot/data/snapshots/betfair/2026-06-06_09-00.json
2026-06-06 10:00:10,033 [INFO] Market log updated (betfair)
2026-06-06 10:00:35,396 [INFO] Scanner complete for betfair. Snapshot: 2026-06-06_09-00.json
2026-06-06 10:00:35,713 [INFO] ============================================================
2026-06-06 10:00:35,714 [INFO] SCANNER RUN STARTED - MATCHBOOK
2026-06-06 10:00:35,714 [INFO] ============================================================
2026-06-06 10:00:36,059 [INFO] Matchbook login attempt 1/3
2026-06-06 10:00:40,917 [INFO] Matchbook login successful
2026-06-06 10:00:40,919 [INFO] Matchbook: fetching events with prices for 15 sports...
2026-06-06 10:00:43,842 [INFO] Matchbook: fetched page offset=0, 20 events (total so far: 20)
2026-06-06 10:00:45,044 [INFO] Matchbook: fetched page offset=20, 20 events (total so far: 40)
2026-06-06 10:00:45,960 [INFO] Matchbook: fetched page offset=40, 20 events (total so far: 60)
2026-06-06 10:00:46,873 [INFO] Matchbook: fetched page offset=60, 20 events (total so far: 80)
2026-06-06 10:00:48,154 [INFO] Matchbook: fetched page offset=80, 20 events (total so far: 100)
2026-06-06 10:00:49,514 [INFO] Matchbook: fetched page offset=100, 20 events (total so far: 120)
2026-06-06 10:00:50,673 [INFO] Matchbook: fetched page offset=120, 20 events (total so far: 140)
2026-06-06 10:00:51,865 [INFO] Matchbook: fetched page offset=140, 20 events (total so far: 160)
2026-06-06 10:00:52,289 [INFO] Matchbook: fetched page offset=160, 20 events (total so far: 180)
2026-06-06 10:00:52,698 [INFO] Matchbook: fetched page offset=180, 20 events (total so far: 200)
2026-06-06 10:00:53,014 [INFO] Matchbook: fetched page offset=200, 20 events (total so far: 220)
2026-06-06 10:00:53,258 [INFO] Matchbook: fetched page offset=220, 6 events (total so far: 226)
2026-06-06 10:00:53,258 [INFO] Matchbook: processing 226 events
2026-06-06 10:00:53,267 [INFO] Matchbook: processed 20/226 events, 125 markets so far
2026-06-06 10:00:53,273 [INFO] Matchbook: processed 40/226 events, 296 markets so far
2026-06-06 10:00:53,276 [INFO] Matchbook: processed 60/226 events, 359 markets so far
2026-06-06 10:00:53,277 [INFO] Matchbook: processed 80/226 events, 379 markets so far
2026-06-06 10:00:53,289 [INFO] Matchbook: processed 100/226 events, 677 markets so far
2026-06-06 10:00:53,304 [INFO] Matchbook: processed 120/226 events, 1095 markets so far
2026-06-06 10:00:53,325 [INFO] Matchbook: processed 140/226 events, 1674 markets so far
2026-06-06 10:00:53,374 [INFO] Matchbook: processed 160/226 events, 2210 markets so far
2026-06-06 10:00:53,388 [INFO] Matchbook: processed 180/226 events, 2670 markets so far
2026-06-06 10:00:53,399 [INFO] Matchbook: processed 200/226 events, 2811 markets so far
2026-06-06 10:00:53,404 [INFO] Matchbook: processed 220/226 events, 2874 markets so far
2026-06-06 10:00:53,406 [INFO] Matchbook: processed 226/226 events, 2888 markets so far
2026-06-06 10:00:53,407 [INFO] Matchbook: 2889 total markets, 366 above 25 GBP volume
2026-06-06 10:00:53,439 [INFO] matchbook: 2889 total, 366 above 25 GBP threshold
2026-06-06 10:00:53,602 [INFO] Snapshot written: /home/jwfalc/smarkets-bot/data/snapshots/matchbook/2026-06-06_09-00.json
2026-06-06 10:00:53,691 [INFO] Market log updated (matchbook)
2026-06-06 10:01:18,391 [INFO] Scanner complete for matchbook. Snapshot: 2026-06-06_09-00.json
2026-06-06 10:01:19,048 [RESEARCHER] Prior index loaded: 110 known runners
2026-06-06 10:01:19,099 [RESEARCHER] betfair: 121 tradeable markets from 2026-06-06_09-00.json
2026-06-06 10:01:19,099 [RESEARCHER] Market selection: 1 politics + 7 outrights + 8 other sports = 16 total (platforms: ['betfair'])
2026-06-06 10:01:19,100 [RESEARCHER] [1/16] Makerfield - Restore Britain Vote Percentage
2026-06-06 10:01:24,423 [RESEARCHER] [2/16] Winner
2026-06-06 10:01:30,920 [RESEARCHER] [3/16] Winner
2026-06-06 10:01:38,523 [RESEARCHER]   Prior history injected for Xander Schauffele
2026-06-06 10:01:38,524 [RESEARCHER]   Prior history injected for Scottie Scheffler
2026-06-06 10:01:38,524 [RESEARCHER] [4/16] Winner
2026-06-06 10:01:46,433 [RESEARCHER]   Prior history injected for Daniel Hillier
2026-06-06 10:01:46,433 [RESEARCHER]   Prior history injected for Oliver Lindell
2026-06-06 10:01:46,434 [RESEARCHER] [5/16] Winner
2026-06-06 10:01:54,182 [RESEARCHER]   Prior history injected for Jon Rahm
2026-06-06 10:01:54,183 [RESEARCHER] [6/16] Top 10 Finish
2026-06-06 10:01:56,063 [RESEARCHER]   Prior history injected for Xander Schauffele
2026-06-06 10:01:56,064 [RESEARCHER]   Prior history injected for Scottie Scheffler
2026-06-06 10:01:56,064 [RESEARCHER] [7/16] Winner
2026-06-06 10:02:04,649 [RESEARCHER]   Prior history injected for Scottie Scheffler
2026-06-06 10:02:04,650 [RESEARCHER]   Prior history injected for Rory McIlroy
2026-06-06 10:02:04,650 [RESEARCHER]   Prior history injected for Jon Rahm
2026-06-06 10:02:04,651 [RESEARCHER]   Prior history injected for Xander Schauffele
2026-06-06 10:02:04,651 [RESEARCHER]   Prior history injected for Cameron Young
2026-06-06 10:02:04,651 [RESEARCHER]   Prior history injected for Ludvig Aberg
2026-06-06 10:02:04,652 [RESEARCHER] [8/16] Winner
2026-06-06 10:02:12,034 [RESEARCHER]   Prior history injected for Scottie Scheffler
2026-06-06 10:02:12,034 [RESEARCHER]   Prior history injected for Rory McIlroy
2026-06-06 10:02:12,034 [RESEARCHER]   Prior history injected for Jon Rahm
2026-06-06 10:02:12,035 [RESEARCHER]   Prior history injected for Xander Schauffele
2026-06-06 10:02:12,035 [RESEARCHER] [9/16] Match Odds
2026-06-06 10:02:19,635 [RESEARCHER]   Prior history injected for The Draw
2026-06-06 10:02:19,636 [RESEARCHER] [10/16] Winner 2026/27
2026-06-06 10:02:25,936 [RESEARCHER]   Prior history injected for Arsenal
2026-06-06 10:02:25,936 [RESEARCHER]   Prior history injected for Man City
2026-06-06 10:02:25,936 [RESEARCHER]   Prior history injected for Liverpool
2026-06-06 10:02:25,937 [RESEARCHER]   Prior history injected for Chelsea
2026-06-06 10:02:25,937 [RESEARCHER]   Prior history injected for Aston Villa
2026-06-06 10:02:25,937 [RESEARCHER] [11/16] Match Odds
2026-06-06 10:02:32,777 [RESEARCHER] [12/16] Name the Finalists
2026-06-06 10:02:39,815 [RESEARCHER] [13/16] Winner 2026/27
2026-06-06 10:02:46,299 [RESEARCHER]   Prior history injected for West Ham
2026-06-06 10:02:46,300 [RESEARCHER] [14/16] Match Odds
2026-06-06 10:02:54,348 [RESEARCHER] [15/16] Russell Henley v Si Woo Kim
2026-06-06 10:03:01,989 [RESEARCHER]   Prior history injected for Russell Henley
2026-06-06 10:03:01,990 [RESEARCHER]   Prior history injected for Si Woo Kim
2026-06-06 10:03:01,990 [RESEARCHER] [16/16] Winner 2026
2026-06-06 10:03:08,810 [RESEARCHER] Research brief written: 2026-06-06_09-03_brief.json
2026-06-06 10:03:08,811 [RESEARCHER] Markets: 16 | Errors: 0 | Credits used: 70
BRIEF_PATH:/home/jwfalc/smarkets-bot/data/research/2026-06-06_09-03_brief.json
2026-06-06 10:03:09,129 [ANALYZER] Loading research brief: 2026-06-06_09-03_brief.json
2026-06-06 10:03:09,341 [ANALYZER] Betfair cross-ref index: 3722 runners
2026-06-06 10:03:09,348 [ANALYZER] Analyzed 16 markets
2026-06-06 10:03:09,349 [ANALYZER] Found 6 signals (10pp+)
2026-06-06 10:03:09,349 [ANALYZER] Logged 12 distribution entries (7pp+)
2026-06-06 10:03:09,365 [ANALYZER] Research output written: 2026-06-06_09-03_research.json
2026-06-06 10:03:09,368 [ANALYZER] Appended 81 edge traces to edge_traces.json
RESEARCH_PATH:/home/jwfalc/smarkets-bot/data/research/2026-06-06_09-03_research.json
2026-06-06 10:03:09,937 [RESOLVE] Found 24 open trade(s) to check (paper_mode=True)
2026-06-06 10:03:10,006 [RESOLVE] Using cached Betfair session token
2026-06-06 10:03:10,006 [RESOLVE] Betfair: checking 14 open-trade markets
2026-06-06 10:03:20,618 [RESOLVE] Snapshot name lookup: found mappings for 14 markets
2026-06-06 10:03:20,832 [RESOLVE] Settled markets found: 0
2026-06-06 10:03:20,832 [RESOLVE] No open-trade markets have settled yet.
2026-06-06 10:03:21,473 [INFO] ============================================================
2026-06-06 10:03:21,473 [INFO] DIGEST RUN STARTED
2026-06-06 10:03:21,473 [INFO] ============================================================
2026-06-06 10:03:25,754 [INFO] Sending signal alert: Top 10 Finish edge=47.89pp
2026-06-06 10:03:25,899 [INFO] Telegram notification sent
2026-06-06 10:03:25,900 [INFO] Sending signal alert: Top 10 Finish edge=34.44pp
2026-06-06 10:03:26,084 [INFO] Telegram notification sent
2026-06-06 10:03:26,085 [INFO] Sending signal alert: Top 10 Finish edge=28.32pp
2026-06-06 10:03:26,143 [WARNING] Telegram connection error (attempt 1/3), retrying in 8s: ('Connection aborted.', ConnectionResetError(104, 'Connection reset by peer'))
2026-06-06 10:03:44,262 [INFO] Telegram notification sent
2026-06-06 10:03:44,263 [INFO] Sending signal alert: Winner edge=16.02pp
2026-06-06 10:03:54,394 [INFO] Telegram notification sent
2026-06-06 10:03:54,396 [INFO] Sent 4 Telegram signal alerts
2026-06-06 10:03:54,477 [INFO] Dashboard data written: /home/jwfalc/smarkets-bot/dashboard/dashboard_data.json
2026-06-06 10:03:54,554 [INFO] Period logs updated: 2026-06-06, 2026-W23, 2026-06, 2026-Q2
2026-06-06 10:03:54,555 [INFO] Run log: [2026-06-06 09:03 UTC] status=signal | platforms=betfair,matchbook | markets=487 | signals=6 | alerts=4 | movements=10 | consec_losses=1
2026-06-06 10:03:54,555 [INFO] Digest complete
Kelly balance: £94.99 | Reserved: £955.34 | Available: £-860.35
Skipping (conflicting back in same market): Winner
Skipping (already open): Top 10 Finish LAY
Skipping (already open): Top 10 Finish LAY
Skipping (already open): Top 10 Finish LAY
Skipping (already open): Winner BACK
Skipping (already open): Winner 2026 BACK
No new paper trades to log
Distribution log updated: 2 new entries added
Total entries: 950
  near_certainty: 8 total, 6 resolved
  high_prob: 24 total, 14 resolved
  7-9pp: 276 total, 99 resolved
  10-11pp: 138 total, 46 resolved
  12pp+: 504 total, 364 resolved

REVIEW DUE: 7-9pp band has 99 resolved entries (threshold: 12)
  Run: python distribution_logger.py report
  Then run: prompts/prompt_review_v1.md

REVIEW DUE: 7-9pp band has 99 resolved entries (threshold: 12)
  Run: python distribution_logger.py report
  Then run: prompts/prompt_review_v1.md
EXIT_CODE:0
Sent
2026-06-06 10:03:57,582 [STATIC-DASH] Building dashboard data…
2026-06-06 10:03:58,676 [STATIC-DASH] Data collected: 242 trades, 54 signals, 487 markets
2026-06-06 10:03:58,889 [STATIC-DASH] Written: /home/jwfalc/smarkets-dashboard/index.html (2824KB)
2026-06-06 10:03:59 [DEPLOY] Starting dashboard deploy...
WARNING: could not find injection point in HTML
HTML written OK
2026-06-06 10:03:59 [DEPLOY] Static HTML built
[main 8865b0a] Deploy: 2026-06-06 10:03 UTC
 1 file changed, 1 insertion(+), 1 deletion(-)
To https://github.com/jwfalc-coder/smarkets-dashboard.git
   db0d89c..8865b0a  main -> main
2026-06-06 10:03:59 [DEPLOY] Deploy complete: Deploy: 2026-06-06 10:03 UTC
[main 5734207] log: routine_2026-06-06_1000
 1 file changed, 190 insertions(+)
 create mode 100644 data/routine_logs/routine_2026-06-06_1000.log
From https://github.com/jwfalc-coder/betting-auditor
 * branch            main       -> FETCH_HEAD
   317f3e4..e89dd6e  main       -> origin/main
Rebasing (1/1)Successfully rebased and updated refs/heads/main.
To https://github.com/jwfalc-coder/betting-auditor.git
   e89dd6e..e3f729d  main -> main
