Sent
2026-05-20 10:00:03,140 [INFO] ============================================================
2026-05-20 10:00:03,141 [INFO] SCANNER RUN STARTED - BETFAIR
2026-05-20 10:00:03,141 [INFO] ============================================================
2026-05-20 10:00:03,723 [INFO] Cached Betfair session too old, re-logging in
2026-05-20 10:00:03,728 [INFO] Betfair login attempt 1/3
2026-05-20 10:00:03,977 [INFO] Betfair login successful
2026-05-20 10:00:04,142 [INFO] Catalogue: 100 markets for sport ID 1
2026-05-20 10:00:04,280 [INFO] Catalogue: 100 markets for sport ID 2
2026-05-20 10:00:04,403 [INFO] Catalogue: 100 markets for sport ID 7
2026-05-20 10:00:04,517 [INFO] Catalogue: 86 markets for sport ID 4
2026-05-20 10:00:04,611 [INFO] Catalogue: 2 markets for sport ID 2378961
2026-05-20 10:00:04,750 [INFO] Catalogue: 76 markets for sport ID 3
2026-05-20 10:00:04,997 [INFO] Catalogue: 100 markets for sport ID 7522
2026-05-20 10:00:05,073 [INFO] Catalogue: 0 markets for sport ID 6423
2026-05-20 10:00:05,074 [INFO] Betfair: fetching prices for 564 markets...
2026-05-20 10:00:10,206 [INFO] Betfair: enriching 564 markets with price data...
2026-05-20 10:00:10,211 [INFO] Betfair: enriched 50/564 markets, 5 tradeable so far
2026-05-20 10:00:10,219 [INFO] Betfair: enriched 100/564 markets, 12 tradeable so far
2026-05-20 10:00:10,222 [INFO] Betfair: enriched 150/564 markets, 18 tradeable so far
2026-05-20 10:00:10,224 [INFO] Betfair: enriched 200/564 markets, 21 tradeable so far
2026-05-20 10:00:10,230 [INFO] Betfair: enriched 250/564 markets, 28 tradeable so far
2026-05-20 10:00:10,240 [INFO] Betfair: enriched 300/564 markets, 45 tradeable so far
2026-05-20 10:00:10,244 [INFO] Betfair: enriched 350/564 markets, 57 tradeable so far
2026-05-20 10:00:10,246 [INFO] Betfair: enriched 400/564 markets, 74 tradeable so far
2026-05-20 10:00:10,293 [INFO] Betfair: enriched 450/564 markets, 108 tradeable so far
2026-05-20 10:00:10,347 [INFO] Betfair: enriched 500/564 markets, 123 tradeable so far
2026-05-20 10:00:10,431 [INFO] Betfair: enriched 550/564 markets, 132 tradeable so far
2026-05-20 10:00:10,446 [INFO] Betfair: enriched 564/564 markets, 133 tradeable so far
2026-05-20 10:00:10,448 [INFO] Betfair: 564 total markets, 133 above 100 GBP volume
2026-05-20 10:00:10,596 [INFO] Outrights: 40 markets for sport 1
2026-05-20 10:00:10,709 [INFO] Outrights: 13 markets for sport 3
2026-05-20 10:00:10,777 [INFO] Outrights: 0 markets for sport 2378961
2026-05-20 10:00:11,374 [INFO] Outrights: 49 markets above 25 GBP
2026-05-20 10:00:11,381 [INFO] Betfair: added 42 outright markets for cross-ref
2026-05-20 10:00:11,383 [INFO] betfair: 606 total, 175 above 100 GBP threshold
2026-05-20 10:00:11,761 [INFO] Snapshot written: /home/jwfalc/smarkets-bot/data/snapshots/betfair/2026-05-20_09-00.json
2026-05-20 10:00:11,967 [INFO] Market log updated (betfair)
2026-05-20 10:00:45,754 [INFO] Scanner complete for betfair. Snapshot: 2026-05-20_09-00.json
2026-05-20 10:00:46,259 [INFO] ============================================================
2026-05-20 10:00:47,163 [INFO] SCANNER RUN STARTED - MATCHBOOK
2026-05-20 10:00:47,164 [INFO] ============================================================
2026-05-20 10:00:47,712 [INFO] Matchbook login attempt 1/3
2026-05-20 10:00:47,891 [INFO] Matchbook login successful
2026-05-20 10:00:47,892 [INFO] Matchbook: fetching events with prices for 15 sports...
2026-05-20 10:00:47,964 [INFO] Matchbook: fetched page offset=0, 20 events (total so far: 20)
2026-05-20 10:00:48,218 [INFO] Matchbook: fetched page offset=20, 20 events (total so far: 40)
2026-05-20 10:00:48,509 [INFO] Matchbook: fetched page offset=40, 20 events (total so far: 60)
2026-05-20 10:00:48,776 [INFO] Matchbook: fetched page offset=60, 20 events (total so far: 80)
2026-05-20 10:00:49,061 [INFO] Matchbook: fetched page offset=80, 20 events (total so far: 100)
2026-05-20 10:00:49,357 [INFO] Matchbook: fetched page offset=100, 20 events (total so far: 120)
2026-05-20 10:00:49,660 [INFO] Matchbook: fetched page offset=120, 20 events (total so far: 140)
2026-05-20 10:00:50,018 [INFO] Matchbook: fetched page offset=140, 20 events (total so far: 160)
2026-05-20 10:00:50,359 [INFO] Matchbook: fetched page offset=160, 20 events (total so far: 180)
2026-05-20 10:00:50,680 [INFO] Matchbook: fetched page offset=180, 20 events (total so far: 200)
2026-05-20 10:00:50,913 [INFO] Matchbook: fetched page offset=200, 20 events (total so far: 220)
2026-05-20 10:00:51,179 [INFO] Matchbook: fetched page offset=220, 20 events (total so far: 240)
2026-05-20 10:00:51,414 [INFO] Matchbook: fetched page offset=240, 20 events (total so far: 260)
2026-05-20 10:00:51,741 [INFO] Matchbook: fetched page offset=260, 20 events (total so far: 280)
2026-05-20 10:00:52,094 [INFO] Matchbook: fetched page offset=280, 20 events (total so far: 300)
2026-05-20 10:00:52,484 [INFO] Matchbook: fetched page offset=300, 20 events (total so far: 320)
2026-05-20 10:00:52,777 [INFO] Matchbook: fetched page offset=320, 20 events (total so far: 340)
2026-05-20 10:00:53,013 [INFO] Matchbook: fetched page offset=340, 20 events (total so far: 360)
2026-05-20 10:00:53,259 [INFO] Matchbook: fetched page offset=360, 20 events (total so far: 380)
2026-05-20 10:00:53,487 [INFO] Matchbook: processing 380 events
2026-05-20 10:00:53,489 [INFO] Matchbook: processed 20/380 events, 19 markets so far
2026-05-20 10:00:53,493 [INFO] Matchbook: processed 40/380 events, 163 markets so far
2026-05-20 10:00:53,501 [INFO] Matchbook: processed 60/380 events, 371 markets so far
2026-05-20 10:00:53,613 [INFO] Matchbook: processed 80/380 events, 582 markets so far
2026-05-20 10:00:53,621 [INFO] Matchbook: processed 100/380 events, 751 markets so far
2026-05-20 10:00:53,634 [INFO] Matchbook: processed 120/380 events, 1029 markets so far
2026-05-20 10:00:53,649 [INFO] Matchbook: processed 140/380 events, 1369 markets so far
2026-05-20 10:00:53,678 [INFO] Matchbook: processed 160/380 events, 2008 markets so far
2026-05-20 10:00:53,706 [INFO] Matchbook: processed 180/380 events, 2621 markets so far
2026-05-20 10:00:53,728 [INFO] Matchbook: processed 200/380 events, 3030 markets so far
2026-05-20 10:00:53,729 [INFO] Matchbook: processed 220/380 events, 3050 markets so far
2026-05-20 10:00:53,738 [INFO] Matchbook: processed 240/380 events, 3087 markets so far
2026-05-20 10:00:53,739 [INFO] Matchbook: processed 260/380 events, 3107 markets so far
2026-05-20 10:00:53,761 [INFO] Matchbook: processed 280/380 events, 3615 markets so far
2026-05-20 10:00:53,793 [INFO] Matchbook: processed 300/380 events, 4344 markets so far
2026-05-20 10:00:53,820 [INFO] Matchbook: processed 320/380 events, 4920 markets so far
2026-05-20 10:00:53,852 [INFO] Matchbook: processed 340/380 events, 5347 markets so far
2026-05-20 10:00:53,854 [INFO] Matchbook: processed 360/380 events, 5367 markets so far
2026-05-20 10:00:53,857 [INFO] Matchbook: processed 380/380 events, 5387 markets so far
2026-05-20 10:00:53,858 [INFO] Matchbook: 5388 total markets, 435 above 25 GBP volume
2026-05-20 10:00:53,932 [INFO] matchbook: 5388 total, 435 above 25 GBP threshold
2026-05-20 10:00:54,147 [INFO] Snapshot written: /home/jwfalc/smarkets-bot/data/snapshots/matchbook/2026-05-20_09-00.json
2026-05-20 10:00:54,261 [INFO] Market log updated (matchbook)
2026-05-20 10:01:29,999 [INFO] Scanner complete for matchbook. Snapshot: 2026-05-20_09-00.json
2026-05-20 10:01:31,075 [RESEARCHER] matchbook: 279 tradeable markets from 2026-05-20_09-00.json
2026-05-20 10:01:31,149 [RESEARCHER] betfair: 172 tradeable markets from 2026-05-20_09-00.json
2026-05-20 10:01:31,154 [RESEARCHER] Market selection: 2 politics/current-affairs + 7 matchbook-sports + 8 betfair-sports = 17 total
2026-05-20 10:01:31,155 [RESEARCHER] [1/17] Dublin Central by-election
2026-05-20 10:01:35,985 [RESEARCHER] [2/17] Galway West By-Election Winner
2026-05-20 10:01:39,692 [RESEARCHER] [3/17] Winner
2026-05-20 10:01:47,702 [RESEARCHER] [4/17] Winner
2026-05-20 10:01:56,224 [RESEARCHER] [5/17] To Be Relegated
2026-05-20 10:02:03,770 [RESEARCHER] [6/17] Winner
2026-05-20 10:02:11,009 [RESEARCHER] [7/17] Winner
2026-05-20 10:02:19,538 [RESEARCHER] [8/17] Match Odds
2026-05-20 10:02:26,206 [RESEARCHER] [9/17] Correct Score
2026-05-20 10:02:33,819 [RESEARCHER] [10/17] Relegation
2026-05-20 10:02:36,976 [RESEARCHER] [11/17] Winner
2026-05-20 10:02:43,808 [RESEARCHER] [12/17] Winner 2025/26
2026-05-20 10:02:55,743 [RESEARCHER] [13/17] Match Odds
2026-05-20 10:03:04,119 [RESEARCHER] [14/17] Top 4 Finish
2026-05-20 10:03:11,165 [RESEARCHER] [15/17] Top 10 Finish
2026-05-20 10:03:13,938 [RESEARCHER] [16/17] Promotion 2025/26
2026-05-20 10:03:21,137 [RESEARCHER] [17/17] Winner 2025/26
2026-05-20 10:03:27,604 [RESEARCHER] Research brief written: 2026-05-20_09-03_brief.json
2026-05-20 10:03:27,604 [RESEARCHER] Markets: 17 | Errors: 0 | Credits used: 66
BRIEF_PATH:/home/jwfalc/smarkets-bot/data/research/2026-05-20_09-03_brief.json
2026-05-20 10:03:28,040 [ANALYZER] Loading research brief: 2026-05-20_09-03_brief.json
2026-05-20 10:03:28,331 [ANALYZER] Betfair cross-ref index: 5010 runners
2026-05-20 10:03:28,338 [ANALYZER] Analyzed 17 markets
2026-05-20 10:03:28,338 [ANALYZER] Found 3 signals (10pp+)
2026-05-20 10:03:28,338 [ANALYZER] Logged 7 distribution entries (7pp+)
2026-05-20 10:03:28,356 [ANALYZER] Research output written: 2026-05-20_09-03_research.json
2026-05-20 10:03:28,359 [ANALYZER] Appended 88 edge traces to edge_traces.json
RESEARCH_PATH:/home/jwfalc/smarkets-bot/data/research/2026-05-20_09-03_research.json
2026-05-20 10:03:29,179 [RESOLVE] Found 13 open trade(s) to check (paper_mode=True)
2026-05-20 10:03:29,181 [RESOLVE] Settled markets found: 0
2026-05-20 10:03:29,182 [RESOLVE] Standings: unknown competition for 'Men's French Open 2026 - Winner' — skip
2026-05-20 10:03:29,182 [RESOLVE] No open-trade markets have settled yet.
2026-05-20 10:03:30,078 [INFO] ============================================================
2026-05-20 10:03:30,079 [INFO] DIGEST RUN STARTED
2026-05-20 10:03:30,080 [INFO] ============================================================
2026-05-20 10:03:36,621 [INFO] Dashboard data written: /home/jwfalc/smarkets-bot/dashboard/dashboard_data.json
2026-05-20 10:03:36,700 [INFO] Period logs updated: 2026-05-20, 2026-W21, 2026-05, 2026-Q2
2026-05-20 10:03:36,702 [INFO] Run log: [2026-05-20 09:03 UTC] status=signal | platforms=betfair,matchbook | markets=610 | signals=3 | alerts=0 | movements=10 | consec_losses=1
2026-05-20 10:03:36,702 [INFO] Digest complete
Balance: £271.25 | Reserved: £52.42 | Available: £218.83
Logged paper trade: Dublin Central by-election - LAY @ 74.07% (edge: 54.79pp) [betfair] | available now £217.08
Reduced stake: Galway West By-Election Winner edge 11.4pp < 12pp → £3.60 (72%)
Logged paper trade: Galway West By-Election Winner - LAY @ 45.45% (edge: 11.45pp) [betfair] | available now £212.76
Logged paper trade: Galway West By-Election Winner - LAY @ 49.5% (edge: 12.47pp) [betfair] | available now £207.66

3 new paper trade(s) logged
Distribution log updated: 7 new entries added
Total entries: 564
  near_certainty: 4 total, 4 resolved
  high_prob: 14 total, 5 resolved
  7-9pp: 147 total, 33 resolved
  10-11pp: 46 total, 21 resolved
  12pp+: 353 total, 193 resolved

REVIEW DUE: 7-9pp band has 33 resolved entries (threshold: 12)
  Run: python distribution_logger.py report
  Then run: prompts/prompt_review_v1.md

REVIEW DUE: 7-9pp band has 33 resolved entries (threshold: 12)
  Run: python distribution_logger.py report
  Then run: prompts/prompt_review_v1.md
EXIT_CODE:0
Sent
2026-05-20 10:03:41,020 [STATIC-DASH] Building dashboard data…
2026-05-20 10:03:42,312 [STATIC-DASH] Data collected: 112 trades, 10 signals, 610 markets
2026-05-20 10:03:42,568 [STATIC-DASH] Written: /home/jwfalc/smarkets-dashboard/index.html (2812KB)
2026-05-20 10:03:42 [DEPLOY] Starting dashboard deploy...
WARNING: could not find injection point in HTML
HTML written OK
2026-05-20 10:03:42 [DEPLOY] Static HTML built
[main d171b23] Deploy: 2026-05-20 10:03 UTC
 1 file changed, 1 insertion(+), 1 deletion(-)
To https://github.com/jwfalc-coder/smarkets-dashboard.git
   7a158bd..d171b23  main -> main
2026-05-20 10:03:42 [DEPLOY] Deploy complete: Deploy: 2026-05-20 10:03 UTC
