Sent
2026-05-09 23:00:02,515 [INFO] ============================================================
2026-05-09 23:00:02,515 [INFO] SCANNER RUN STARTED - BETFAIR
2026-05-09 23:00:02,515 [INFO] ============================================================
2026-05-09 23:00:02,923 [INFO] Using cached Betfair session token
2026-05-09 23:00:03,114 [INFO] Catalogue: 100 markets for sport ID 1
2026-05-09 23:00:03,235 [INFO] Catalogue: 100 markets for sport ID 2
2026-05-09 23:00:03,372 [INFO] Catalogue: 100 markets for sport ID 7
2026-05-09 23:00:03,493 [INFO] Catalogue: 100 markets for sport ID 4
2026-05-09 23:00:03,591 [INFO] Catalogue: 2 markets for sport ID 2378961
2026-05-09 23:00:03,712 [INFO] Catalogue: 33 markets for sport ID 3
2026-05-09 23:00:03,940 [INFO] Catalogue: 100 markets for sport ID 7522
2026-05-09 23:00:04,047 [INFO] Catalogue: 6 markets for sport ID 6423
2026-05-09 23:00:04,047 [INFO] Betfair: fetching prices for 541 markets...
2026-05-09 23:00:08,980 [INFO] Betfair: enriching 541 markets with price data...
2026-05-09 23:00:08,987 [INFO] Betfair: enriched 50/541 markets, 8 tradeable so far
2026-05-09 23:00:08,993 [INFO] Betfair: enriched 100/541 markets, 24 tradeable so far
2026-05-09 23:00:08,997 [INFO] Betfair: enriched 150/541 markets, 25 tradeable so far
2026-05-09 23:00:09,000 [INFO] Betfair: enriched 200/541 markets, 26 tradeable so far
2026-05-09 23:00:09,008 [INFO] Betfair: enriched 250/541 markets, 31 tradeable so far
2026-05-09 23:00:09,018 [INFO] Betfair: enriched 300/541 markets, 33 tradeable so far
2026-05-09 23:00:09,022 [INFO] Betfair: enriched 350/541 markets, 44 tradeable so far
2026-05-09 23:00:09,024 [INFO] Betfair: enriched 400/541 markets, 51 tradeable so far
2026-05-09 23:00:09,095 [INFO] Betfair: enriched 450/541 markets, 77 tradeable so far
2026-05-09 23:00:09,145 [INFO] Betfair: enriched 500/541 markets, 87 tradeable so far
2026-05-09 23:00:09,197 [INFO] Betfair: enriched 541/541 markets, 89 tradeable so far
2026-05-09 23:00:09,200 [INFO] Betfair: 541 total markets, 89 above 100 GBP volume
2026-05-09 23:00:09,229 [INFO] betfair: 541 total, 89 above 100 GBP threshold
2026-05-09 23:00:09,449 [INFO] Snapshot written: /home/jwfalc/smarkets-bot/data/snapshots/betfair/2026-05-09_22-00.json
2026-05-09 23:00:09,560 [INFO] Market log updated (betfair)
2026-05-09 23:00:36,262 [INFO] Scanner complete for betfair. Snapshot: 2026-05-09_22-00.json
2026-05-09 23:00:36,724 [INFO] ============================================================
2026-05-09 23:00:36,724 [INFO] SCANNER RUN STARTED - MATCHBOOK
2026-05-09 23:00:36,725 [INFO] ============================================================
2026-05-09 23:00:37,203 [INFO] Using cached Matchbook session token
2026-05-09 23:00:37,204 [INFO] Matchbook: fetching events with prices for 15 sports...
2026-05-09 23:00:37,426 [INFO] Matchbook: fetched page offset=0, 20 events (total so far: 20)
2026-05-09 23:00:37,811 [INFO] Matchbook: fetched page offset=20, 20 events (total so far: 40)
2026-05-09 23:00:38,259 [INFO] Matchbook: fetched page offset=40, 20 events (total so far: 60)
2026-05-09 23:00:38,686 [INFO] Matchbook: fetched page offset=60, 20 events (total so far: 80)
2026-05-09 23:00:38,975 [INFO] Matchbook: fetched page offset=80, 20 events (total so far: 100)
2026-05-09 23:00:39,219 [INFO] Matchbook: fetched page offset=100, 20 events (total so far: 120)
2026-05-09 23:00:39,597 [INFO] Matchbook: fetched page offset=120, 20 events (total so far: 140)
2026-05-09 23:00:39,921 [INFO] Matchbook: fetched page offset=140, 20 events (total so far: 160)
2026-05-09 23:00:40,258 [INFO] Matchbook: fetched page offset=160, 20 events (total so far: 180)
2026-05-09 23:00:40,594 [INFO] Matchbook: fetched page offset=180, 20 events (total so far: 200)
2026-05-09 23:00:40,928 [INFO] Matchbook: fetched page offset=200, 20 events (total so far: 220)
2026-05-09 23:00:41,259 [INFO] Matchbook: fetched page offset=220, 20 events (total so far: 240)
2026-05-09 23:00:41,641 [INFO] Matchbook: fetched page offset=240, 20 events (total so far: 260)
2026-05-09 23:00:42,014 [INFO] Matchbook: fetched page offset=260, 20 events (total so far: 280)
2026-05-09 23:00:42,338 [INFO] Matchbook: fetched page offset=280, 20 events (total so far: 300)
2026-05-09 23:00:42,585 [INFO] Matchbook: fetched page offset=300, 20 events (total so far: 320)
2026-05-09 23:00:42,922 [INFO] Matchbook: fetched page offset=320, 20 events (total so far: 340)
2026-05-09 23:00:43,337 [INFO] Matchbook: fetched page offset=340, 20 events (total so far: 360)
2026-05-09 23:00:43,589 [INFO] Matchbook: fetched page offset=360, 20 events (total so far: 380)
2026-05-09 23:00:43,822 [INFO] Matchbook: fetched page offset=380, 7 events (total so far: 387)
2026-05-09 23:00:43,822 [INFO] Matchbook: processing 387 events
2026-05-09 23:00:43,840 [INFO] Matchbook: processed 20/387 events, 267 markets so far
2026-05-09 23:00:43,860 [INFO] Matchbook: processed 40/387 events, 764 markets so far
2026-05-09 23:00:43,891 [INFO] Matchbook: processed 60/387 events, 1445 markets so far
2026-05-09 23:00:43,919 [INFO] Matchbook: processed 80/387 events, 2062 markets so far
2026-05-09 23:00:43,933 [INFO] Matchbook: processed 100/387 events, 2474 markets so far
2026-05-09 23:00:43,935 [INFO] Matchbook: processed 120/387 events, 2494 markets so far
2026-05-09 23:00:43,956 [INFO] Matchbook: processed 140/387 events, 3118 markets so far
2026-05-09 23:00:43,973 [INFO] Matchbook: processed 160/387 events, 3553 markets so far
2026-05-09 23:00:44,000 [INFO] Matchbook: processed 180/387 events, 4252 markets so far
2026-05-09 23:00:44,040 [INFO] Matchbook: processed 200/387 events, 4880 markets so far
2026-05-09 23:00:44,060 [INFO] Matchbook: processed 220/387 events, 5499 markets so far
2026-05-09 23:00:44,086 [INFO] Matchbook: processed 240/387 events, 6143 markets so far
2026-05-09 23:00:44,118 [INFO] Matchbook: processed 260/387 events, 6874 markets so far
2026-05-09 23:00:44,144 [INFO] Matchbook: processed 280/387 events, 7599 markets so far
2026-05-09 23:00:44,165 [INFO] Matchbook: processed 300/387 events, 8194 markets so far
2026-05-09 23:00:44,171 [INFO] Matchbook: processed 320/387 events, 8370 markets so far
2026-05-09 23:00:44,194 [INFO] Matchbook: processed 340/387 events, 9083 markets so far
2026-05-09 23:00:44,228 [INFO] Matchbook: processed 360/387 events, 9758 markets so far
2026-05-09 23:00:44,235 [INFO] Matchbook: processed 380/387 events, 9822 markets so far
2026-05-09 23:00:44,236 [INFO] Matchbook: processed 387/387 events, 9829 markets so far
2026-05-09 23:00:44,236 [INFO] Matchbook: 9830 total markets, 757 above 25 GBP volume
2026-05-09 23:00:44,342 [INFO] matchbook: 9830 total, 757 above 25 GBP threshold
2026-05-09 23:00:44,691 [INFO] Snapshot written: /home/jwfalc/smarkets-bot/data/snapshots/matchbook/2026-05-09_22-00.json
2026-05-09 23:00:44,857 [INFO] Market log updated (matchbook)
2026-05-09 23:01:15,160 [INFO] Scanner complete for matchbook. Snapshot: 2026-05-09_22-00.json
2026-05-09 23:01:16,156 [RESEARCHER] betfair: 89 tradeable markets from 2026-05-09_22-00.json
2026-05-09 23:01:16,220 [RESEARCHER] matchbook: 511 tradeable markets from 2026-05-09_22-00.json
2026-05-09 23:01:16,223 [RESEARCHER] Market selection: 2 politics/current-affairs + 7 matchbook-sports + 8 betfair-sports = 17 total
2026-05-09 23:01:16,223 [RESEARCHER] [1/17] 2026 Dublin Central by-election
2026-05-09 23:01:21,320 [RESEARCHER] [2/17] 2026 Galway West By-Election Winner
2026-05-09 23:01:25,109 [RESEARCHER] [3/17] Winner
2026-05-09 23:01:29,119 [RESEARCHER] [4/17] Winner
2026-05-09 23:01:32,844 [RESEARCHER] [5/17] Winner
2026-05-09 23:01:36,072 [RESEARCHER] [6/17] Winner
2026-05-09 23:01:40,069 [RESEARCHER] [7/17] Winner
2026-05-09 23:01:43,674 [RESEARCHER] [8/17] To Be Relegated
2026-05-09 23:01:47,550 [RESEARCHER] [9/17] Winner
2026-05-09 23:01:51,689 [RESEARCHER] [10/17] Match Odds
2026-05-09 23:01:55,360 [RESEARCHER] [11/17] Pakistan 1st Innings Runs Line
2026-05-09 23:01:59,823 [RESEARCHER] [12/17] Winner
2026-05-09 23:02:04,554 [RESEARCHER] [13/17] Match Odds
2026-05-09 23:02:08,902 [RESEARCHER] [14/17] Winner
2026-05-09 23:02:12,584 [RESEARCHER] [15/17] Winner
2026-05-09 23:02:16,251 [RESEARCHER] [16/17] Oklahoma City vs Los Angeles - Series Winner
2026-05-09 23:02:20,272 [RESEARCHER] [17/17] Moneyline
2026-05-09 23:02:24,304 [RESEARCHER] Research brief written: 2026-05-09_22-02_brief.json
2026-05-09 23:02:24,304 [RESEARCHER] Markets: 17 | Errors: 0 | Credits used: 36
BRIEF_PATH:/home/jwfalc/smarkets-bot/data/research/2026-05-09_22-02_brief.json
2026-05-09 23:02:24,687 [ANALYZER] Loading research brief: 2026-05-09_22-02_brief.json
2026-05-09 23:02:24,805 [ANALYZER] Analyzed 17 markets
2026-05-09 23:02:24,805 [ANALYZER] Found 13 signals (10pp+)
2026-05-09 23:02:24,805 [ANALYZER] Logged 18 distribution entries (7pp+)
2026-05-09 23:02:24,823 [ANALYZER] Research output written: 2026-05-09_22-02_research.json
RESEARCH_PATH:/home/jwfalc/smarkets-bot/data/research/2026-05-09_22-02_research.json
2026-05-09 23:02:25,577 [RESOLVE] Found 25 open trade(s) to check (paper_mode=True)
2026-05-09 23:02:25,673 [RESOLVE] Using cached Betfair session token
2026-05-09 23:02:25,674 [RESOLVE] Betfair: checking 2 open-trade markets
2026-05-09 23:02:30,091 [RESOLVE] Snapshot name lookup: found mappings for 2 markets
2026-05-09 23:02:30,192 [RESOLVE] Using cached Matchbook session token
2026-05-09 23:02:30,192 [RESOLVE] Matchbook: checking 5 open-trade markets against settled events
/home/jwfalc/smarkets-bot/scripts/check_resolutions.py:305: DeprecationWarning: datetime.datetime.utcnow() is deprecated and scheduled for removal in a future version. Use timezone-aware objects to represent datetimes in UTC: datetime.datetime.now(datetime.UTC).
  cutoff = datetime.datetime.utcnow() - datetime.timedelta(days=30)
2026-05-09 23:02:41,301 [RESOLVE] Web fallback: 1 stale match market(s) to look up
2026-05-09 23:02:52,886 [RESOLVE] Stale market unresolved — manual check needed: 'Atlético de Madrid vs Celta de Vigo' (market=33128052006800081, logged 2026-05-07). Tip: add [football_data] api_key to config.toml for CL coverage.
2026-05-09 23:02:52,886 [RESOLVE] Settled markets found: 0
2026-05-09 23:02:52,886 [RESOLVE] No open-trade markets have settled yet.
2026-05-09 23:02:53,754 [INFO] ============================================================
2026-05-09 23:02:53,754 [INFO] DIGEST RUN STARTED
2026-05-09 23:02:53,754 [INFO] ============================================================
2026-05-09 23:02:58,439 [INFO] Signal filtered (high-odds lay): 2026 Dublin Central by-election @ 6.00 odds, 11.7pp edge
2026-05-09 23:02:58,439 [INFO] Signal filtered (high-odds lay): 2026 Galway West By-Election Winner @ 4.50 odds, 16.6pp edge
2026-05-09 23:02:58,440 [INFO] Signal filtered (high-odds lay): 2026 Galway West By-Election Winner @ 6.00 odds, 11.7pp edge
2026-05-09 23:02:58,471 [INFO] Dashboard data written: /home/jwfalc/smarkets-bot/dashboard/dashboard_data.json
2026-05-09 23:02:58,519 [INFO] Period logs updated: 2026-05-09, 2026-W19, 2026-05, 2026-Q2
2026-05-09 23:02:58,519 [INFO] Run log: [2026-05-09 22:02 UTC] status=signal | platforms=betfair,matchbook | markets=846 | signals=10 | alerts=0 | movements=10 | consec_losses=0
2026-05-09 23:02:58,669 [INFO] Telegram notification sent
2026-05-09 23:02:58,670 [INFO] Digest complete
Balance: £105.38 | Reserved: £216.06 | Available: £-110.68
Skipping high-odds lay: 2026 Dublin Central by-election @ 6.00 odds, 11.7pp edge (need 20.0pp+ above 4.0 odds)
Skipping (insufficient balance): 2026 Dublin Central by-election needs £0.05, only £-110.68 available
Skipping (insufficient balance): 2026 Dublin Central by-election needs £0.05, only £-110.68 available
Skipping (insufficient balance): 2026 Dublin Central by-election needs £0.05, only £-110.68 available
Skipping (insufficient balance): 2026 Dublin Central by-election needs £0.05, only £-110.68 available
Skipping (insufficient balance): 2026 Galway West By-Election Winner needs £3.55, only £-110.68 available
Skipping high-odds lay: 2026 Galway West By-Election Winner @ 4.50 odds, 16.6pp edge (need 20.0pp+ above 4.0 odds)
Skipping (insufficient balance): 2026 Galway West By-Election Winner needs £0.05, only £-110.68 available
Skipping (insufficient balance): 2026 Galway West By-Election Winner needs £0.05, only £-110.68 available
Skipping (insufficient balance): 2026 Galway West By-Election Winner needs £0.05, only £-110.68 available
Skipping high-odds lay: 2026 Galway West By-Election Winner @ 6.00 odds, 11.7pp edge (need 20.0pp+ above 4.0 odds)
Skipping (insufficient balance): Moneyline needs £5.00, only £-110.68 available
Skipping (insufficient balance): Moneyline needs £5.00, only £-110.68 available
No new paper trades to log
Distribution log updated: 4 new entries added
Total entries: 382
  7-9pp: 79 total, 18 resolved
  10-11pp: 51 total, 34 resolved
  12pp+: 252 total, 134 resolved

REVIEW DUE: 7-9pp band has 18 resolved entries (threshold: 12)
  Run: python distribution_logger.py report
  Then run: prompts/prompt_review_v1.md

REVIEW DUE: 7-9pp band has 18 resolved entries (threshold: 12)
  Run: python distribution_logger.py report
  Then run: prompts/prompt_review_v1.md
EXIT_CODE:0
Sent
2026-05-09 23:03:02 [DEPLOY] Starting dashboard deploy...
HTML written OK
2026-05-09 23:03:02 [DEPLOY] Static HTML built
[main 63cf8ef] Deploy: 2026-05-09 23:03 UTC
 1 file changed, 1 insertion(+), 1 deletion(-)
To https://github.com/jwfalc-coder/smarkets-dashboard.git
   41ece32..63cf8ef  main -> main
2026-05-09 23:03:02 [DEPLOY] Deploy complete: Deploy: 2026-05-09 23:03 UTC
