Sent
2026-05-26 23:00:02,177 [INFO] ============================================================
2026-05-26 23:00:02,177 [INFO] SCANNER RUN STARTED - BETFAIR
2026-05-26 23:00:02,177 [INFO] ============================================================
2026-05-26 23:00:02,581 [INFO] Cached Betfair session too old, re-logging in
2026-05-26 23:00:02,582 [INFO] Betfair login attempt 1/3
2026-05-26 23:00:02,736 [INFO] Betfair login successful
2026-05-26 23:00:02,889 [INFO] Catalogue: 100 markets for sport ID 1
2026-05-26 23:00:03,016 [INFO] Catalogue: 100 markets for sport ID 2
2026-05-26 23:00:03,190 [INFO] Catalogue: 100 markets for sport ID 7
2026-05-26 23:00:03,301 [INFO] Catalogue: 100 markets for sport ID 4
2026-05-26 23:00:03,377 [INFO] Catalogue: 0 markets for sport ID 2378961
2026-05-26 23:00:03,507 [INFO] Catalogue: 58 markets for sport ID 3
2026-05-26 23:00:03,706 [INFO] Catalogue: 92 markets for sport ID 7522
2026-05-26 23:00:03,786 [INFO] Catalogue: 0 markets for sport ID 6423
2026-05-26 23:00:03,786 [INFO] Betfair: fetching prices for 550 markets...
2026-05-26 23:00:08,653 [INFO] Betfair: enriching 550 markets with price data...
2026-05-26 23:00:08,657 [INFO] Betfair: enriched 50/550 markets, 9 tradeable so far
2026-05-26 23:00:08,663 [INFO] Betfair: enriched 100/550 markets, 41 tradeable so far
2026-05-26 23:00:08,665 [INFO] Betfair: enriched 150/550 markets, 45 tradeable so far
2026-05-26 23:00:08,666 [INFO] Betfair: enriched 200/550 markets, 47 tradeable so far
2026-05-26 23:00:08,673 [INFO] Betfair: enriched 250/550 markets, 52 tradeable so far
2026-05-26 23:00:08,682 [INFO] Betfair: enriched 300/550 markets, 55 tradeable so far
2026-05-26 23:00:08,684 [INFO] Betfair: enriched 350/550 markets, 64 tradeable so far
2026-05-26 23:00:08,687 [INFO] Betfair: enriched 400/550 markets, 70 tradeable so far
2026-05-26 23:00:08,738 [INFO] Betfair: enriched 450/550 markets, 90 tradeable so far
2026-05-26 23:00:08,779 [INFO] Betfair: enriched 500/550 markets, 99 tradeable so far
2026-05-26 23:00:08,830 [INFO] Betfair: enriched 550/550 markets, 103 tradeable so far
2026-05-26 23:00:08,831 [INFO] Betfair: 550 total markets, 103 above 100 GBP volume
2026-05-26 23:00:08,961 [INFO] Outrights: 21 markets for sport 1
2026-05-26 23:00:09,053 [INFO] Outrights: 16 markets for sport 3
2026-05-26 23:00:09,131 [INFO] Outrights: 0 markets for sport 2378961
2026-05-26 23:00:09,516 [INFO] Outrights: 29 markets above 25 GBP
2026-05-26 23:00:09,522 [INFO] Betfair: added 20 outright markets for cross-ref
2026-05-26 23:00:09,524 [INFO] betfair: 570 total, 123 above 100 GBP threshold
2026-05-26 23:00:09,772 [INFO] Snapshot written: /home/jwfalc/smarkets-bot/data/snapshots/betfair/2026-05-26_22-00.json
2026-05-26 23:00:09,904 [INFO] Market log updated (betfair)
2026-05-26 23:00:35,074 [INFO] Scanner complete for betfair. Snapshot: 2026-05-26_22-00.json
2026-05-26 23:00:36,816 [INFO] ============================================================
2026-05-26 23:00:36,816 [INFO] SCANNER RUN STARTED - MATCHBOOK
2026-05-26 23:00:36,816 [INFO] ============================================================
2026-05-26 23:00:37,161 [INFO] Matchbook login attempt 1/3
2026-05-26 23:00:37,331 [INFO] Matchbook login successful
2026-05-26 23:00:37,332 [INFO] Matchbook: fetching events with prices for 15 sports...
2026-05-26 23:00:37,486 [INFO] Matchbook: fetched page offset=0, 20 events (total so far: 20)
2026-05-26 23:00:37,772 [INFO] Matchbook: fetched page offset=20, 20 events (total so far: 40)
2026-05-26 23:00:38,014 [INFO] Matchbook: fetched page offset=40, 20 events (total so far: 60)
2026-05-26 23:00:38,267 [INFO] Matchbook: fetched page offset=60, 20 events (total so far: 80)
2026-05-26 23:00:38,578 [INFO] Matchbook: fetched page offset=80, 20 events (total so far: 100)
2026-05-26 23:00:38,935 [INFO] Matchbook: fetched page offset=100, 20 events (total so far: 120)
2026-05-26 23:00:39,202 [INFO] Matchbook: fetched page offset=120, 20 events (total so far: 140)
2026-05-26 23:00:39,451 [INFO] Matchbook: fetched page offset=140, 20 events (total so far: 160)
2026-05-26 23:00:39,697 [INFO] Matchbook: fetched page offset=160, 20 events (total so far: 180)
2026-05-26 23:00:39,938 [INFO] Matchbook: fetched page offset=180, 20 events (total so far: 200)
2026-05-26 23:00:40,194 [INFO] Matchbook: fetched page offset=200, 20 events (total so far: 220)
2026-05-26 23:00:40,428 [INFO] Matchbook: fetched page offset=220, 20 events (total so far: 240)
2026-05-26 23:00:40,738 [INFO] Matchbook: fetched page offset=240, 20 events (total so far: 260)
2026-05-26 23:00:40,995 [INFO] Matchbook: fetched page offset=260, 20 events (total so far: 280)
2026-05-26 23:00:41,244 [INFO] Matchbook: fetched page offset=280, 20 events (total so far: 300)
2026-05-26 23:00:41,478 [INFO] Matchbook: fetched page offset=300, 4 events (total so far: 304)
2026-05-26 23:00:41,478 [INFO] Matchbook: processing 304 events
2026-05-26 23:00:41,494 [INFO] Matchbook: processed 20/304 events, 357 markets so far
2026-05-26 23:00:41,507 [INFO] Matchbook: processed 40/304 events, 727 markets so far
2026-05-26 23:00:41,511 [INFO] Matchbook: processed 60/304 events, 851 markets so far
2026-05-26 23:00:41,516 [INFO] Matchbook: processed 80/304 events, 1054 markets so far
2026-05-26 23:00:41,524 [INFO] Matchbook: processed 100/304 events, 1297 markets so far
2026-05-26 23:00:41,573 [INFO] Matchbook: processed 120/304 events, 1892 markets so far
2026-05-26 23:00:41,579 [INFO] Matchbook: processed 140/304 events, 1914 markets so far
2026-05-26 23:00:41,584 [INFO] Matchbook: processed 160/304 events, 2105 markets so far
2026-05-26 23:00:41,588 [INFO] Matchbook: processed 180/304 events, 2283 markets so far
2026-05-26 23:00:41,591 [INFO] Matchbook: processed 200/304 events, 2403 markets so far
2026-05-26 23:00:41,596 [INFO] Matchbook: processed 220/304 events, 2425 markets so far
2026-05-26 23:00:41,597 [INFO] Matchbook: processed 240/304 events, 2445 markets so far
2026-05-26 23:00:41,614 [INFO] Matchbook: processed 260/304 events, 2889 markets so far
2026-05-26 23:00:41,621 [INFO] Matchbook: processed 280/304 events, 2997 markets so far
2026-05-26 23:00:41,623 [INFO] Matchbook: processed 300/304 events, 3017 markets so far
2026-05-26 23:00:41,624 [INFO] Matchbook: processed 304/304 events, 3021 markets so far
2026-05-26 23:00:41,624 [INFO] Matchbook: 3022 total markets, 427 above 25 GBP volume
2026-05-26 23:00:41,654 [INFO] matchbook: 3022 total, 427 above 25 GBP threshold
2026-05-26 23:00:41,826 [INFO] Snapshot written: /home/jwfalc/smarkets-bot/data/snapshots/matchbook/2026-05-26_22-00.json
2026-05-26 23:00:41,922 [INFO] Market log updated (matchbook)
2026-05-26 23:01:07,629 [INFO] Scanner complete for matchbook. Snapshot: 2026-05-26_22-00.json
2026-05-26 23:01:08,280 [RESEARCHER] Prior index loaded: 82 known runners
2026-05-26 23:01:08,331 [RESEARCHER] betfair: 123 tradeable markets from 2026-05-26_22-00.json
2026-05-26 23:01:08,332 [RESEARCHER] Market selection: 0 politics + 7 outrights + 8 other sports = 15 total (platforms: ['betfair'])
2026-05-26 23:01:08,332 [RESEARCHER] [1/15] Winner
2026-05-26 23:01:16,519 [RESEARCHER] [2/15] Winner
2026-05-26 23:01:27,387 [RESEARCHER]   Prior history injected for Crystal Palace
2026-05-26 23:01:27,388 [RESEARCHER] [3/15] Winner
2026-05-26 23:01:36,658 [RESEARCHER]   Prior history injected for Ludvig Aberg
2026-05-26 23:01:36,658 [RESEARCHER]   Prior history injected for Ben Griffin
2026-05-26 23:01:36,658 [RESEARCHER] [4/15] Winner
2026-05-26 23:01:47,274 [RESEARCHER] [5/15] Winner
2026-05-26 23:01:55,967 [RESEARCHER]   Prior history injected for Scottie Scheffler
2026-05-26 23:01:55,968 [RESEARCHER]   Prior history injected for Rory McIlroy
2026-05-26 23:01:55,968 [RESEARCHER]   Prior history injected for Jon Rahm
2026-05-26 23:01:55,968 [RESEARCHER]   Prior history injected for Xander Schauffele
2026-05-26 23:01:55,969 [RESEARCHER]   Prior history injected for Cameron Young
2026-05-26 23:01:55,969 [RESEARCHER] [6/15] Winner
2026-05-26 23:02:01,263 [RESEARCHER]   Prior history injected for Scottie Scheffler
2026-05-26 23:02:01,264 [RESEARCHER]   Prior history injected for Rory McIlroy
2026-05-26 23:02:01,264 [RESEARCHER]   Prior history injected for Jon Rahm
2026-05-26 23:02:01,264 [RESEARCHER]   Prior history injected for Cameron Young
2026-05-26 23:02:01,264 [RESEARCHER]   Prior history injected for Ludvig Aberg
2026-05-26 23:02:01,264 [RESEARCHER]   Prior history injected for Xander Schauffele
2026-05-26 23:02:01,264 [RESEARCHER] [7/15] Top 5 Finish
2026-05-26 23:02:03,180 [RESEARCHER]   Prior history injected for Ludvig Aberg
2026-05-26 23:02:03,180 [RESEARCHER]   Prior history injected for Ben Griffin
2026-05-26 23:02:03,180 [RESEARCHER] [8/15] Winner 2025/26
2026-05-26 23:02:10,617 [RESEARCHER]   Prior history injected for Arsenal
2026-05-26 23:02:10,618 [RESEARCHER] [9/15] Moneyline
2026-05-26 23:02:18,236 [RESEARCHER]   Prior history injected for San Antonio Spurs
2026-05-26 23:02:18,236 [RESEARCHER] [10/15] Match Odds
2026-05-26 23:02:26,562 [RESEARCHER] [11/15] Match Odds
2026-05-26 23:02:34,518 [RESEARCHER]   Prior history injected for The Draw
2026-05-26 23:02:34,518 [RESEARCHER] [12/15] Match Odds
2026-05-26 23:02:42,116 [RESEARCHER]   Prior history injected for The Draw
2026-05-26 23:02:42,117 [RESEARCHER] [13/15] Winner 2026/27
2026-05-26 23:02:50,234 [RESEARCHER]   Prior history injected for Arsenal
2026-05-26 23:02:50,235 [RESEARCHER]   Prior history injected for Man City
2026-05-26 23:02:50,235 [RESEARCHER]   Prior history injected for Liverpool
2026-05-26 23:02:50,236 [RESEARCHER]   Prior history injected for Chelsea
2026-05-26 23:02:50,236 [RESEARCHER]   Prior history injected for Aston Villa
2026-05-26 23:02:50,237 [RESEARCHER] [14/15] Match Odds
2026-05-26 23:02:57,162 [RESEARCHER]   Prior history injected for The Draw
2026-05-26 23:02:57,162 [RESEARCHER] [15/15] Match Odds
2026-05-26 23:03:04,701 [RESEARCHER]   Prior history injected for The Draw
2026-05-26 23:03:04,711 [RESEARCHER] Research brief written: 2026-05-26_22-03_brief.json
2026-05-26 23:03:04,711 [RESEARCHER] Markets: 15 | Errors: 0 | Credits used: 65
BRIEF_PATH:/home/jwfalc/smarkets-bot/data/research/2026-05-26_22-03_brief.json
2026-05-26 23:03:05,004 [ANALYZER] Loading research brief: 2026-05-26_22-03_brief.json
2026-05-26 23:03:05,216 [ANALYZER] Betfair cross-ref index: 4630 runners
2026-05-26 23:03:05,222 [ANALYZER] Analyzed 15 markets
2026-05-26 23:03:05,222 [ANALYZER] Found 1 signals (10pp+)
2026-05-26 23:03:05,222 [ANALYZER] Logged 7 distribution entries (7pp+)
2026-05-26 23:03:05,235 [ANALYZER] Research output written: 2026-05-26_22-03_research.json
2026-05-26 23:03:05,237 [ANALYZER] Appended 70 edge traces to edge_traces.json
RESEARCH_PATH:/home/jwfalc/smarkets-bot/data/research/2026-05-26_22-03_research.json
2026-05-26 23:03:05,846 [RESOLVE] Found 7 open trade(s) to check (paper_mode=True)
2026-05-26 23:03:05,917 [RESOLVE] Using cached Betfair session token
2026-05-26 23:03:05,917 [RESOLVE] Betfair: checking 4 open-trade markets
2026-05-26 23:03:13,858 [RESOLVE] Snapshot name lookup: found mappings for 3 markets
2026-05-26 23:03:13,965 [RESOLVE] Settled markets found: 0
2026-05-26 23:03:13,965 [RESOLVE] Standings: unknown competition for 'Men's French Open 2026 - Winner' — skip
2026-05-26 23:03:13,965 [RESOLVE] No open-trade markets have settled yet.
2026-05-26 23:03:14,586 [INFO] ============================================================
2026-05-26 23:03:14,586 [INFO] DIGEST RUN STARTED
2026-05-26 23:03:14,587 [INFO] ============================================================
2026-05-26 23:03:19,347 [INFO] Dashboard data written: /home/jwfalc/smarkets-bot/dashboard/dashboard_data.json
2026-05-26 23:03:19,420 [INFO] Period logs updated: 2026-05-26, 2026-W22, 2026-05, 2026-Q2
2026-05-26 23:03:19,420 [INFO] Run log: [2026-05-26 22:03 UTC] status=signal | platforms=betfair,matchbook | markets=550 | signals=1 | alerts=0 | movements=10 | consec_losses=0
2026-05-26 23:03:19,628 [INFO] Telegram notification sent
2026-05-26 23:03:19,629 [INFO] Digest complete
Balance: £379.13 | Reserved: £21.00 | Available: £358.13
No new paper trades to log
Distribution log updated: 5 new entries added
Total entries: 647
  near_certainty: 5 total, 4 resolved
  high_prob: 15 total, 7 resolved
  7-9pp: 174 total, 81 resolved
  10-11pp: 69 total, 34 resolved
  12pp+: 384 total, 315 resolved

REVIEW DUE: 7-9pp band has 81 resolved entries (threshold: 12)
  Run: python distribution_logger.py report
  Then run: prompts/prompt_review_v1.md

REVIEW DUE: 7-9pp band has 81 resolved entries (threshold: 12)
  Run: python distribution_logger.py report
  Then run: prompts/prompt_review_v1.md
EXIT_CODE:0
Sent
2026-05-26 23:03:22,538 [STATIC-DASH] Building dashboard data…
2026-05-26 23:03:23,520 [STATIC-DASH] Data collected: 176 trades, 19 signals, 550 markets
2026-05-26 23:03:23,739 [STATIC-DASH] Written: /home/jwfalc/smarkets-dashboard/index.html (2581KB)
2026-05-26 23:03:23 [DEPLOY] Starting dashboard deploy...
WARNING: could not find injection point in HTML
HTML written OK
2026-05-26 23:03:23 [DEPLOY] Static HTML built
[main f1018ef] Deploy: 2026-05-26 23:03 UTC
 1 file changed, 1 insertion(+), 1 deletion(-)
To https://github.com/jwfalc-coder/smarkets-dashboard.git
   a88df77..f1018ef  main -> main
2026-05-26 23:03:23 [DEPLOY] Deploy complete: Deploy: 2026-05-26 23:03 UTC
[main c0dfb61] log: routine_2026-05-26_2300
 1 file changed, 184 insertions(+)
 create mode 100644 data/routine_logs/routine_2026-05-26_2300.log
From https://github.com/jwfalc-coder/betting-auditor
 * branch            main       -> FETCH_HEAD
Current branch main is up to date.
To https://github.com/jwfalc-coder/betting-auditor.git
   329f4b5..c0dfb61  main -> main
