Sent
2026-05-10 14:21:26,662 [INFO] ============================================================
2026-05-10 14:21:26,662 [INFO] SCANNER RUN STARTED - BETFAIR
2026-05-10 14:21:26,663 [INFO] ============================================================
2026-05-10 14:21:27,066 [INFO] Using cached Betfair session token
2026-05-10 14:21:27,220 [INFO] Catalogue: 100 markets for sport ID 1
2026-05-10 14:21:27,324 [INFO] Catalogue: 100 markets for sport ID 2
2026-05-10 14:21:27,444 [INFO] Catalogue: 100 markets for sport ID 7
2026-05-10 14:21:27,547 [INFO] Catalogue: 95 markets for sport ID 4
2026-05-10 14:21:27,634 [INFO] Catalogue: 3 markets for sport ID 2378961
2026-05-10 14:21:27,725 [INFO] Catalogue: 23 markets for sport ID 3
2026-05-10 14:21:27,937 [INFO] Catalogue: 100 markets for sport ID 7522
2026-05-10 14:21:28,019 [INFO] Catalogue: 3 markets for sport ID 6423
2026-05-10 14:21:28,019 [INFO] Betfair: fetching prices for 524 markets...
2026-05-10 14:21:32,327 [INFO] Betfair: enriching 524 markets with price data...
2026-05-10 14:21:32,333 [INFO] Betfair: enriched 50/524 markets, 26 tradeable so far
2026-05-10 14:21:32,339 [INFO] Betfair: enriched 100/524 markets, 37 tradeable so far
2026-05-10 14:21:32,341 [INFO] Betfair: enriched 150/524 markets, 38 tradeable so far
2026-05-10 14:21:32,343 [INFO] Betfair: enriched 200/524 markets, 39 tradeable so far
2026-05-10 14:21:32,351 [INFO] Betfair: enriched 250/524 markets, 72 tradeable so far
2026-05-10 14:21:32,412 [INFO] Betfair: enriched 300/524 markets, 92 tradeable so far
2026-05-10 14:21:32,415 [INFO] Betfair: enriched 350/524 markets, 98 tradeable so far
2026-05-10 14:21:32,420 [INFO] Betfair: enriched 400/524 markets, 108 tradeable so far
2026-05-10 14:21:32,462 [INFO] Betfair: enriched 450/524 markets, 138 tradeable so far
2026-05-10 14:21:32,514 [INFO] Betfair: enriched 500/524 markets, 149 tradeable so far
2026-05-10 14:21:32,542 [INFO] Betfair: enriched 524/524 markets, 150 tradeable so far
2026-05-10 14:21:32,545 [INFO] Betfair: 524 total markets, 150 above 100 GBP volume
2026-05-10 14:21:32,580 [INFO] betfair: 524 total, 150 above 100 GBP threshold
2026-05-10 14:21:32,962 [INFO] Snapshot written: /home/jwfalc/smarkets-bot/data/snapshots/betfair/2026-05-10_13-21.json
2026-05-10 14:21:33,143 [INFO] Market log updated (betfair)
2026-05-10 14:22:03,202 [INFO] Scanner complete for betfair. Snapshot: 2026-05-10_13-21.json
2026-05-10 14:22:03,670 [INFO] ============================================================
2026-05-10 14:22:03,671 [INFO] SCANNER RUN STARTED - MATCHBOOK
2026-05-10 14:22:03,671 [INFO] ============================================================
2026-05-10 14:22:04,156 [INFO] Using cached Matchbook session token
2026-05-10 14:22:04,157 [INFO] Matchbook: fetching events with prices for 15 sports...
2026-05-10 14:22:04,341 [INFO] Matchbook: fetched page offset=0, 20 events (total so far: 20)
2026-05-10 14:22:04,665 [INFO] Matchbook: fetched page offset=20, 20 events (total so far: 40)
2026-05-10 14:22:04,999 [INFO] Matchbook: fetched page offset=40, 20 events (total so far: 60)
2026-05-10 14:22:05,415 [INFO] Matchbook: fetched page offset=60, 20 events (total so far: 80)
2026-05-10 14:22:05,782 [INFO] Matchbook: fetched page offset=80, 20 events (total so far: 100)
2026-05-10 14:22:06,180 [INFO] Matchbook: fetched page offset=100, 20 events (total so far: 120)
2026-05-10 14:22:06,579 [INFO] Matchbook: fetched page offset=120, 20 events (total so far: 140)
2026-05-10 14:22:06,961 [INFO] Matchbook: fetched page offset=140, 20 events (total so far: 160)
2026-05-10 14:22:07,309 [INFO] Matchbook: fetched page offset=160, 20 events (total so far: 180)
2026-05-10 14:22:07,666 [INFO] Matchbook: fetched page offset=180, 20 events (total so far: 200)
2026-05-10 14:22:07,993 [INFO] Matchbook: fetched page offset=200, 20 events (total so far: 220)
2026-05-10 14:22:08,330 [INFO] Matchbook: fetched page offset=220, 20 events (total so far: 240)
2026-05-10 14:22:08,677 [INFO] Matchbook: fetched page offset=240, 20 events (total so far: 260)
2026-05-10 14:22:08,929 [INFO] Matchbook: fetched page offset=260, 20 events (total so far: 280)
2026-05-10 14:22:09,173 [INFO] Matchbook: fetched page offset=280, 20 events (total so far: 300)
2026-05-10 14:22:09,498 [INFO] Matchbook: fetched page offset=300, 20 events (total so far: 320)
2026-05-10 14:22:09,966 [INFO] Matchbook: fetched page offset=320, 20 events (total so far: 340)
2026-05-10 14:22:10,279 [INFO] Matchbook: fetched page offset=340, 20 events (total so far: 360)
2026-05-10 14:22:10,555 [INFO] Matchbook: fetched page offset=360, 20 events (total so far: 380)
2026-05-10 14:22:10,795 [INFO] Matchbook: fetched page offset=380, 15 events (total so far: 395)
2026-05-10 14:22:10,796 [INFO] Matchbook: processing 395 events
2026-05-10 14:22:10,817 [INFO] Matchbook: processed 20/395 events, 153 markets so far
2026-05-10 14:22:10,837 [INFO] Matchbook: processed 40/395 events, 519 markets so far
2026-05-10 14:22:10,866 [INFO] Matchbook: processed 60/395 events, 1078 markets so far
2026-05-10 14:22:10,903 [INFO] Matchbook: processed 80/395 events, 1696 markets so far
2026-05-10 14:22:10,936 [INFO] Matchbook: processed 100/395 events, 2327 markets so far
2026-05-10 14:22:10,975 [INFO] Matchbook: processed 120/395 events, 3010 markets so far
2026-05-10 14:22:11,010 [INFO] Matchbook: processed 140/395 events, 3718 markets so far
2026-05-10 14:22:11,069 [INFO] Matchbook: processed 160/395 events, 4345 markets so far
2026-05-10 14:22:11,097 [INFO] Matchbook: processed 180/395 events, 5028 markets so far
2026-05-10 14:22:11,129 [INFO] Matchbook: processed 200/395 events, 5713 markets so far
2026-05-10 14:22:11,155 [INFO] Matchbook: processed 220/395 events, 6331 markets so far
2026-05-10 14:22:11,194 [INFO] Matchbook: processed 240/395 events, 6986 markets so far
2026-05-10 14:22:11,234 [INFO] Matchbook: processed 260/395 events, 7604 markets so far
2026-05-10 14:22:11,242 [INFO] Matchbook: processed 280/395 events, 7738 markets so far
2026-05-10 14:22:11,246 [INFO] Matchbook: processed 300/395 events, 7825 markets so far
2026-05-10 14:22:11,276 [INFO] Matchbook: processed 320/395 events, 8406 markets so far
2026-05-10 14:22:11,316 [INFO] Matchbook: processed 340/395 events, 9109 markets so far
2026-05-10 14:22:11,337 [INFO] Matchbook: processed 360/395 events, 9759 markets so far
2026-05-10 14:22:11,347 [INFO] Matchbook: processed 380/395 events, 10153 markets so far
2026-05-10 14:22:11,349 [INFO] Matchbook: processed 395/395 events, 10168 markets so far
2026-05-10 14:22:11,350 [INFO] Matchbook: 10169 total markets, 1128 above 25 GBP volume
2026-05-10 14:22:11,472 [INFO] matchbook: 10169 total, 1128 above 25 GBP threshold
2026-05-10 14:22:11,930 [INFO] Snapshot written: /home/jwfalc/smarkets-bot/data/snapshots/matchbook/2026-05-10_13-22.json
2026-05-10 14:22:12,151 [INFO] Market log updated (matchbook)
2026-05-10 14:22:43,911 [INFO] Scanner complete for matchbook. Snapshot: 2026-05-10_13-22.json
2026-05-10 14:22:44,929 [RESEARCHER] matchbook: 765 tradeable markets from 2026-05-10_13-22.json
2026-05-10 14:22:44,936 [RESEARCHER] Market selection: 0 politics/current-affairs + 15 matchbook-sports + 0 betfair-sports = 15 total
2026-05-10 14:22:44,936 [RESEARCHER] [1/15] Winner
2026-05-10 14:22:47,393 [RESEARCHER] [2/15] Winner
2026-05-10 14:22:49,873 [RESEARCHER] [3/15] Winner
2026-05-10 14:22:51,910 [RESEARCHER] [4/15] Winner
2026-05-10 14:22:54,106 [RESEARCHER] [5/15] Winner
2026-05-10 14:22:56,228 [RESEARCHER] [6/15] To Be Relegated
2026-05-10 14:22:58,694 [RESEARCHER] [7/15] Winner
2026-05-10 14:23:00,978 [RESEARCHER] [8/15] Winner
2026-05-10 14:23:04,230 [RESEARCHER] [9/15] Match Odds
2026-05-10 14:23:07,882 [RESEARCHER] [10/15] Correct Score
2026-05-10 14:23:11,573 [RESEARCHER] [11/15] Total
2026-05-10 14:23:14,927 [RESEARCHER]   -> Dual entry: also on matchbook (market 33227370981000023)
2026-05-10 14:23:14,928 [RESEARCHER] [12/15] Winner
2026-05-10 14:23:18,256 [RESEARCHER] [13/15] Match Odds
2026-05-10 14:23:21,639 [RESEARCHER] [14/15] Correct Score
2026-05-10 14:23:25,084 [RESEARCHER] [15/15] Correct Score
2026-05-10 14:23:28,443 [RESEARCHER] Research brief written: 2026-05-10_13-23_brief.json
2026-05-10 14:23:28,443 [RESEARCHER] Markets: 16 | Errors: 0 | Credits used: 30
BRIEF_PATH:/home/jwfalc/smarkets-bot/data/research/2026-05-10_13-23_brief.json
2026-05-10 14:23:28,844 [ANALYZER] Loading research brief: 2026-05-10_13-23_brief.json
2026-05-10 14:23:28,996 [ANALYZER] Analyzed 16 markets
2026-05-10 14:23:28,997 [ANALYZER] Found 0 signals (10pp+)
2026-05-10 14:23:28,997 [ANALYZER] Logged 1 distribution entries (7pp+)
2026-05-10 14:23:29,011 [ANALYZER] Research output written: 2026-05-10_13-23_research.json
RESEARCH_PATH:/home/jwfalc/smarkets-bot/data/research/2026-05-10_13-23_research.json
2026-05-10 14:23:29,774 [RESOLVE] Found 24 open trade(s) to check (paper_mode=True)
2026-05-10 14:23:29,868 [RESOLVE] Using cached Betfair session token
2026-05-10 14:23:29,868 [RESOLVE] Betfair: checking 2 open-trade markets
2026-05-10 14:23:34,805 [RESOLVE] Snapshot name lookup: found mappings for 2 markets
2026-05-10 14:23:34,904 [RESOLVE] Using cached Matchbook session token
2026-05-10 14:23:34,905 [RESOLVE] Matchbook: checking 4 open-trade markets against settled events
/home/jwfalc/smarkets-bot/scripts/check_resolutions.py:305: DeprecationWarning: datetime.datetime.utcnow() is deprecated and scheduled for removal in a future version. Use timezone-aware objects to represent datetimes in UTC: datetime.datetime.now(datetime.UTC).
  cutoff = datetime.datetime.utcnow() - datetime.timedelta(days=30)
2026-05-10 14:23:46,246 [RESOLVE] Settled markets found: 0
2026-05-10 14:23:46,250 [RESOLVE] No open-trade markets have settled yet.
2026-05-10 14:23:47,113 [INFO] ============================================================
2026-05-10 14:23:47,113 [INFO] DIGEST RUN STARTED
2026-05-10 14:23:47,113 [INFO] ============================================================
2026-05-10 14:23:52,257 [INFO] Dashboard data written: /home/jwfalc/smarkets-bot/dashboard/dashboard_data.json
2026-05-10 14:23:52,320 [INFO] Period logs updated: 2026-05-10, 2026-W19, 2026-05, 2026-Q2
2026-05-10 14:23:52,321 [INFO] Run log: [2026-05-10 13:23 UTC] status=ok | platforms=betfair,matchbook | markets=1278 | signals=0 | alerts=0 | movements=10 | consec_losses=1
2026-05-10 14:23:52,321 [INFO] Digest complete
Balance: £100.38 | Reserved: £211.06 | Available: £-110.68
No new paper trades to log
Distribution log updated: 0 new entries added
Total entries: 432
  7-9pp: 85 total, 18 resolved
  10-11pp: 54 total, 34 resolved
  12pp+: 293 total, 134 resolved

REVIEW DUE: 7-9pp band has 18 resolved entries (threshold: 12)
  Run: python distribution_logger.py report
  Then run: prompts/prompt_review_v1.md

REVIEW DUE: 7-9pp band has 18 resolved entries (threshold: 12)
  Run: python distribution_logger.py report
  Then run: prompts/prompt_review_v1.md
EXIT_CODE:0
Sent
2026-05-10 14:23:55 [DEPLOY] Starting dashboard deploy...
HTML written OK
2026-05-10 14:23:55 [DEPLOY] Static HTML built
[main d4db8b0] Deploy: 2026-05-10 14:23 UTC
 1 file changed, 1 insertion(+), 1 deletion(-)
To https://github.com/jwfalc-coder/smarkets-dashboard.git
   bca007a..d4db8b0  main -> main
2026-05-10 14:23:55 [DEPLOY] Deploy complete: Deploy: 2026-05-10 14:23 UTC
