Sent
2026-05-11 18:00:02,516 [INFO] ============================================================
2026-05-11 18:00:02,516 [INFO] SCANNER RUN STARTED - BETFAIR
2026-05-11 18:00:02,516 [INFO] ============================================================
2026-05-11 18:00:02,919 [INFO] Cached Betfair session too old, re-logging in
2026-05-11 18:00:02,919 [INFO] Betfair login attempt 1/3
2026-05-11 18:00:03,078 [INFO] Betfair login successful
2026-05-11 18:00:03,236 [INFO] Catalogue: 100 markets for sport ID 1
2026-05-11 18:00:03,353 [INFO] Catalogue: 100 markets for sport ID 2
2026-05-11 18:00:03,480 [INFO] Catalogue: 100 markets for sport ID 7
2026-05-11 18:00:03,599 [INFO] Catalogue: 100 markets for sport ID 4
2026-05-11 18:00:03,686 [INFO] Catalogue: 3 markets for sport ID 2378961
2026-05-11 18:00:03,766 [INFO] Catalogue: 0 markets for sport ID 3
2026-05-11 18:00:03,999 [INFO] Catalogue: 100 markets for sport ID 7522
2026-05-11 18:00:04,088 [INFO] Catalogue: 0 markets for sport ID 6423
2026-05-11 18:00:04,089 [INFO] Betfair: fetching prices for 503 markets...
2026-05-11 18:00:08,616 [INFO] Betfair: enriching 503 markets with price data...
2026-05-11 18:00:08,623 [INFO] Betfair: enriched 50/503 markets, 7 tradeable so far
2026-05-11 18:00:08,632 [INFO] Betfair: enriched 100/503 markets, 17 tradeable so far
2026-05-11 18:00:08,635 [INFO] Betfair: enriched 150/503 markets, 19 tradeable so far
2026-05-11 18:00:08,637 [INFO] Betfair: enriched 200/503 markets, 22 tradeable so far
2026-05-11 18:00:08,647 [INFO] Betfair: enriched 250/503 markets, 54 tradeable so far
2026-05-11 18:00:08,657 [INFO] Betfair: enriched 300/503 markets, 74 tradeable so far
2026-05-11 18:00:08,662 [INFO] Betfair: enriched 350/503 markets, 85 tradeable so far
2026-05-11 18:00:08,664 [INFO] Betfair: enriched 400/503 markets, 86 tradeable so far
2026-05-11 18:00:08,744 [INFO] Betfair: enriched 450/503 markets, 101 tradeable so far
2026-05-11 18:00:08,791 [INFO] Betfair: enriched 500/503 markets, 107 tradeable so far
2026-05-11 18:00:08,795 [INFO] Betfair: enriched 503/503 markets, 107 tradeable so far
2026-05-11 18:00:08,797 [INFO] Betfair: 503 total markets, 107 above 100 GBP volume
2026-05-11 18:00:08,821 [INFO] betfair: 503 total, 107 above 100 GBP threshold
2026-05-11 18:00:09,029 [INFO] Snapshot written: /home/jwfalc/smarkets-bot/data/snapshots/betfair/2026-05-11_17-00.json
2026-05-11 18:00:09,132 [INFO] Market log updated (betfair)
2026-05-11 18:00:39,831 [INFO] Scanner complete for betfair. Snapshot: 2026-05-11_17-00.json
2026-05-11 18:00:40,280 [INFO] ============================================================
2026-05-11 18:00:40,280 [INFO] SCANNER RUN STARTED - MATCHBOOK
2026-05-11 18:00:40,280 [INFO] ============================================================
2026-05-11 18:00:40,747 [INFO] Matchbook login attempt 1/3
2026-05-11 18:00:40,929 [INFO] Matchbook login successful
2026-05-11 18:00:40,930 [INFO] Matchbook: fetching events with prices for 15 sports...
2026-05-11 18:00:41,066 [INFO] Matchbook: fetched page offset=0, 20 events (total so far: 20)
2026-05-11 18:00:41,376 [INFO] Matchbook: fetched page offset=20, 20 events (total so far: 40)
2026-05-11 18:00:41,780 [INFO] Matchbook: fetched page offset=40, 20 events (total so far: 60)
2026-05-11 18:00:42,145 [INFO] Matchbook: fetched page offset=60, 20 events (total so far: 80)
2026-05-11 18:00:42,413 [INFO] Matchbook: fetched page offset=80, 20 events (total so far: 100)
2026-05-11 18:00:42,665 [INFO] Matchbook: fetched page offset=100, 20 events (total so far: 120)
2026-05-11 18:00:42,907 [INFO] Matchbook: fetched page offset=120, 20 events (total so far: 140)
2026-05-11 18:00:43,147 [INFO] Matchbook: fetched page offset=140, 20 events (total so far: 160)
2026-05-11 18:00:43,475 [INFO] Matchbook: fetched page offset=160, 20 events (total so far: 180)
2026-05-11 18:00:43,793 [INFO] Matchbook: fetched page offset=180, 20 events (total so far: 200)
2026-05-11 18:00:44,127 [INFO] Matchbook: fetched page offset=200, 20 events (total so far: 220)
2026-05-11 18:00:44,405 [INFO] Matchbook: fetched page offset=220, 20 events (total so far: 240)
2026-05-11 18:00:44,770 [INFO] Matchbook: fetched page offset=240, 20 events (total so far: 260)
2026-05-11 18:00:45,111 [INFO] Matchbook: fetched page offset=260, 20 events (total so far: 280)
2026-05-11 18:00:45,390 [INFO] Matchbook: fetched page offset=280, 20 events (total so far: 300)
2026-05-11 18:00:45,628 [INFO] Matchbook: fetched page offset=300, 17 events (total so far: 317)
2026-05-11 18:00:45,628 [INFO] Matchbook: processing 317 events
2026-05-11 18:00:45,636 [INFO] Matchbook: processed 20/317 events, 186 markets so far
2026-05-11 18:00:45,656 [INFO] Matchbook: processed 40/317 events, 588 markets so far
2026-05-11 18:00:45,763 [INFO] Matchbook: processed 60/317 events, 1247 markets so far
2026-05-11 18:00:45,789 [INFO] Matchbook: processed 80/317 events, 1827 markets so far
2026-05-11 18:00:45,799 [INFO] Matchbook: processed 100/317 events, 2084 markets so far
2026-05-11 18:00:45,806 [INFO] Matchbook: processed 120/317 events, 2197 markets so far
2026-05-11 18:00:45,808 [INFO] Matchbook: processed 140/317 events, 2239 markets so far
2026-05-11 18:00:45,812 [INFO] Matchbook: processed 160/317 events, 2379 markets so far
2026-05-11 18:00:45,832 [INFO] Matchbook: processed 180/317 events, 2935 markets so far
2026-05-11 18:00:45,852 [INFO] Matchbook: processed 200/317 events, 3421 markets so far
2026-05-11 18:00:45,880 [INFO] Matchbook: processed 220/317 events, 4083 markets so far
2026-05-11 18:00:45,894 [INFO] Matchbook: processed 240/317 events, 4358 markets so far
2026-05-11 18:00:45,923 [INFO] Matchbook: processed 260/317 events, 5061 markets so far
2026-05-11 18:00:45,960 [INFO] Matchbook: processed 280/317 events, 5749 markets so far
2026-05-11 18:00:45,976 [INFO] Matchbook: processed 300/317 events, 6139 markets so far
2026-05-11 18:00:45,977 [INFO] Matchbook: processed 317/317 events, 6156 markets so far
2026-05-11 18:00:45,978 [INFO] Matchbook: 6157 total markets, 599 above 25 GBP volume
2026-05-11 18:00:46,049 [INFO] matchbook: 6157 total, 599 above 25 GBP threshold
2026-05-11 18:00:46,257 [INFO] Snapshot written: /home/jwfalc/smarkets-bot/data/snapshots/matchbook/2026-05-11_17-00.json
2026-05-11 18:00:46,358 [INFO] Market log updated (matchbook)
2026-05-11 18:01:18,063 [INFO] Scanner complete for matchbook. Snapshot: 2026-05-11_17-00.json
2026-05-11 18:01:19,041 [RESEARCHER] matchbook: 370 tradeable markets from 2026-05-11_17-00.json
2026-05-11 18:01:19,043 [RESEARCHER] Market selection: 0 politics/current-affairs + 15 matchbook-sports + 0 betfair-sports = 15 total
2026-05-11 18:01:19,044 [RESEARCHER] [1/15] Winner
2026-05-11 18:01:22,906 [RESEARCHER] [2/15] Winner
2026-05-11 18:01:26,491 [RESEARCHER] [3/15] Winner
2026-05-11 18:01:30,396 [RESEARCHER] [4/15] To Be Relegated
2026-05-11 18:01:34,004 [RESEARCHER] [5/15] Winner
2026-05-11 18:01:38,029 [RESEARCHER] [6/15] Correct Score
2026-05-11 18:01:41,542 [RESEARCHER] [7/15] Match Odds
2026-05-11 18:01:45,122 [RESEARCHER] [8/15] Match Odds
2026-05-11 18:01:48,800 [RESEARCHER] [9/15] Correct Score
2026-05-11 18:01:52,588 [RESEARCHER] [10/15] Top 4 Finish
2026-05-11 18:01:56,623 [RESEARCHER] [11/15] Winner
2026-05-11 18:02:00,240 [RESEARCHER] [12/15] Top 6 Finish
2026-05-11 18:02:04,840 [RESEARCHER] [13/15] Match Odds
2026-05-11 18:02:09,123 [RESEARCHER] [14/15] Match Odds
2026-05-11 18:02:12,745 [RESEARCHER] [15/15] Correct Score
2026-05-11 18:02:16,951 [RESEARCHER] Research brief written: 2026-05-11_17-02_brief.json
2026-05-11 18:02:16,951 [RESEARCHER] Markets: 15 | Errors: 0 | Credits used: 30
BRIEF_PATH:/home/jwfalc/smarkets-bot/data/research/2026-05-11_17-02_brief.json
2026-05-11 18:02:17,348 [ANALYZER] Loading research brief: 2026-05-11_17-02_brief.json
2026-05-11 18:02:17,443 [ANALYZER] Analyzed 15 markets
2026-05-11 18:02:17,443 [ANALYZER] Found 3 signals (10pp+)
2026-05-11 18:02:17,443 [ANALYZER] Logged 9 distribution entries (7pp+)
2026-05-11 18:02:17,463 [ANALYZER] Research output written: 2026-05-11_17-02_research.json
RESEARCH_PATH:/home/jwfalc/smarkets-bot/data/research/2026-05-11_17-02_research.json
2026-05-11 18:02:18,231 [RESOLVE] Found 18 open trade(s) to check (paper_mode=True)
2026-05-11 18:02:18,240 [RESOLVE] Using cached Matchbook session token
2026-05-11 18:02:18,240 [RESOLVE] Matchbook: checking 5 open-trade markets against settled events
/home/jwfalc/smarkets-bot/scripts/check_resolutions.py:305: DeprecationWarning: datetime.datetime.utcnow() is deprecated and scheduled for removal in a future version. Use timezone-aware objects to represent datetimes in UTC: datetime.datetime.now(datetime.UTC).
  cutoff = datetime.datetime.utcnow() - datetime.timedelta(days=30)
2026-05-11 18:02:27,809 [RESOLVE] Settled markets found: 0
2026-05-11 18:02:27,810 [RESOLVE] No open-trade markets have settled yet.
2026-05-11 18:02:28,677 [INFO] ============================================================
2026-05-11 18:02:28,677 [INFO] DIGEST RUN STARTED
2026-05-11 18:02:28,678 [INFO] ============================================================
2026-05-11 18:02:33,946 [INFO] Dashboard data written: /home/jwfalc/smarkets-bot/dashboard/dashboard_data.json
2026-05-11 18:02:34,013 [INFO] Period logs updated: 2026-05-11, 2026-W20, 2026-05, 2026-Q2
2026-05-11 18:02:34,014 [INFO] Run log: [2026-05-11 17:02 UTC] status=signal | platforms=betfair,matchbook | markets=706 | signals=3 | alerts=0 | movements=10 | consec_losses=0
2026-05-11 18:02:34,014 [INFO] Digest complete
Balance: £159.18 | Reserved: £156.81 | Available: £2.37
Skipping (insufficient balance): Top 6 Finish needs £4.70, only £2.37 available
No new paper trades to log
Distribution log updated: 0 new entries added
Total entries: 473
  7-9pp: 105 total, 18 resolved
  10-11pp: 59 total, 37 resolved
  12pp+: 309 total, 169 resolved

REVIEW DUE: 7-9pp band has 18 resolved entries (threshold: 12)
  Run: python distribution_logger.py report
  Then run: prompts/prompt_review_v1.md

REVIEW DUE: 7-9pp band has 18 resolved entries (threshold: 12)
  Run: python distribution_logger.py report
  Then run: prompts/prompt_review_v1.md
EXIT_CODE:0
Sent
2026-05-11 18:02:37 [DEPLOY] Starting dashboard deploy...
HTML written OK
2026-05-11 18:02:37 [DEPLOY] Static HTML built
[main 131f887] Deploy: 2026-05-11 18:02 UTC
 1 file changed, 1 insertion(+), 1 deletion(-)
To https://github.com/jwfalc-coder/smarkets-dashboard.git
   1433f1a..131f887  main -> main
2026-05-11 18:02:37 [DEPLOY] Deploy complete: Deploy: 2026-05-11 18:02 UTC
