Sent
2026-05-10 06:00:02,398 [INFO] ============================================================
2026-05-10 06:00:02,398 [INFO] SCANNER RUN STARTED - BETFAIR
2026-05-10 06:00:02,398 [INFO] ============================================================
2026-05-10 06:00:02,809 [INFO] Cached Betfair session too old, re-logging in
2026-05-10 06:00:02,810 [INFO] Betfair login attempt 1/3
2026-05-10 06:00:02,955 [INFO] Betfair login successful
2026-05-10 06:00:03,113 [INFO] Catalogue: 100 markets for sport ID 1
2026-05-10 06:00:03,238 [INFO] Catalogue: 100 markets for sport ID 2
2026-05-10 06:00:03,391 [INFO] Catalogue: 100 markets for sport ID 7
2026-05-10 06:00:03,496 [INFO] Catalogue: 100 markets for sport ID 4
2026-05-10 06:00:03,580 [INFO] Catalogue: 2 markets for sport ID 2378961
2026-05-10 06:00:03,706 [INFO] Catalogue: 91 markets for sport ID 3
2026-05-10 06:00:03,915 [INFO] Catalogue: 100 markets for sport ID 7522
2026-05-10 06:00:04,005 [INFO] Catalogue: 3 markets for sport ID 6423
2026-05-10 06:00:04,005 [INFO] Betfair: fetching prices for 596 markets...
2026-05-10 06:00:09,028 [INFO] Betfair: enriching 596 markets with price data...
2026-05-10 06:00:09,033 [INFO] Betfair: enriched 50/596 markets, 8 tradeable so far
2026-05-10 06:00:09,037 [INFO] Betfair: enriched 100/596 markets, 15 tradeable so far
2026-05-10 06:00:09,040 [INFO] Betfair: enriched 150/596 markets, 17 tradeable so far
2026-05-10 06:00:09,041 [INFO] Betfair: enriched 200/596 markets, 18 tradeable so far
2026-05-10 06:00:09,048 [INFO] Betfair: enriched 250/596 markets, 26 tradeable so far
2026-05-10 06:00:09,056 [INFO] Betfair: enriched 300/596 markets, 32 tradeable so far
2026-05-10 06:00:09,058 [INFO] Betfair: enriched 350/596 markets, 38 tradeable so far
2026-05-10 06:00:09,060 [INFO] Betfair: enriched 400/596 markets, 53 tradeable so far
2026-05-10 06:00:09,100 [INFO] Betfair: enriched 450/596 markets, 79 tradeable so far
2026-05-10 06:00:09,121 [INFO] Betfair: enriched 500/596 markets, 99 tradeable so far
2026-05-10 06:00:09,171 [INFO] Betfair: enriched 550/596 markets, 105 tradeable so far
2026-05-10 06:00:09,231 [INFO] Betfair: enriched 596/596 markets, 105 tradeable so far
2026-05-10 06:00:09,234 [INFO] Betfair: 596 total markets, 105 above 100 GBP volume
2026-05-10 06:00:09,264 [INFO] betfair: 596 total, 105 above 100 GBP threshold
2026-05-10 06:00:09,492 [INFO] Snapshot written: /home/jwfalc/smarkets-bot/data/snapshots/betfair/2026-05-10_05-00.json
2026-05-10 06:00:09,598 [INFO] Market log updated (betfair)
2026-05-10 06:00:38,125 [INFO] Scanner complete for betfair. Snapshot: 2026-05-10_05-00.json
2026-05-10 06:00:38,580 [INFO] ============================================================
2026-05-10 06:00:38,580 [INFO] SCANNER RUN STARTED - MATCHBOOK
2026-05-10 06:00:38,581 [INFO] ============================================================
2026-05-10 06:00:39,056 [INFO] Matchbook login attempt 1/3
2026-05-10 06:00:39,239 [INFO] Matchbook login successful
2026-05-10 06:00:39,239 [INFO] Matchbook: fetching events with prices for 15 sports...
2026-05-10 06:00:39,370 [INFO] Matchbook: fetched page offset=0, 20 events (total so far: 20)
2026-05-10 06:00:39,645 [INFO] Matchbook: fetched page offset=20, 20 events (total so far: 40)
2026-05-10 06:00:40,008 [INFO] Matchbook: fetched page offset=40, 20 events (total so far: 60)
2026-05-10 06:00:40,346 [INFO] Matchbook: fetched page offset=60, 20 events (total so far: 80)
2026-05-10 06:00:40,591 [INFO] Matchbook: fetched page offset=80, 20 events (total so far: 100)
2026-05-10 06:00:40,972 [INFO] Matchbook: fetched page offset=100, 20 events (total so far: 120)
2026-05-10 06:00:41,272 [INFO] Matchbook: fetched page offset=120, 20 events (total so far: 140)
2026-05-10 06:00:41,574 [INFO] Matchbook: fetched page offset=140, 20 events (total so far: 160)
2026-05-10 06:00:41,943 [INFO] Matchbook: fetched page offset=160, 20 events (total so far: 180)
2026-05-10 06:00:42,293 [INFO] Matchbook: fetched page offset=180, 20 events (total so far: 200)
2026-05-10 06:00:42,645 [INFO] Matchbook: fetched page offset=200, 20 events (total so far: 220)
2026-05-10 06:00:42,961 [INFO] Matchbook: fetched page offset=220, 20 events (total so far: 240)
2026-05-10 06:00:43,277 [INFO] Matchbook: fetched page offset=240, 20 events (total so far: 260)
2026-05-10 06:00:43,592 [INFO] Matchbook: fetched page offset=260, 20 events (total so far: 280)
2026-05-10 06:00:43,943 [INFO] Matchbook: fetched page offset=280, 20 events (total so far: 300)
2026-05-10 06:00:44,339 [INFO] Matchbook: fetched page offset=300, 20 events (total so far: 320)
2026-05-10 06:00:44,744 [INFO] Matchbook: fetched page offset=320, 20 events (total so far: 340)
2026-05-10 06:00:45,274 [INFO] Matchbook: fetched page offset=340, 20 events (total so far: 360)
2026-05-10 06:00:45,509 [INFO] Matchbook: fetched page offset=360, 20 events (total so far: 380)
2026-05-10 06:00:45,876 [INFO] Matchbook: fetched page offset=380, 20 events (total so far: 400)
2026-05-10 06:00:46,177 [INFO] Matchbook: fetched page offset=400, 20 events (total so far: 420)
2026-05-10 06:00:46,435 [INFO] Matchbook: fetched page offset=420, 20 events (total so far: 440)
2026-05-10 06:00:46,675 [INFO] Matchbook: fetched page offset=440, 17 events (total so far: 457)
2026-05-10 06:00:46,675 [INFO] Matchbook: processing 457 events
2026-05-10 06:00:46,691 [INFO] Matchbook: processed 20/457 events, 185 markets so far
2026-05-10 06:00:46,698 [INFO] Matchbook: processed 40/457 events, 355 markets so far
2026-05-10 06:00:46,724 [INFO] Matchbook: processed 60/457 events, 968 markets so far
2026-05-10 06:00:46,742 [INFO] Matchbook: processed 80/457 events, 1397 markets so far
2026-05-10 06:00:46,743 [INFO] Matchbook: processed 100/457 events, 1417 markets so far
2026-05-10 06:00:46,766 [INFO] Matchbook: processed 120/457 events, 1962 markets so far
2026-05-10 06:00:46,777 [INFO] Matchbook: processed 140/457 events, 2230 markets so far
2026-05-10 06:00:46,791 [INFO] Matchbook: processed 160/457 events, 2558 markets so far
2026-05-10 06:00:46,866 [INFO] Matchbook: processed 180/457 events, 3156 markets so far
2026-05-10 06:00:46,892 [INFO] Matchbook: processed 200/457 events, 3765 markets so far
2026-05-10 06:00:46,919 [INFO] Matchbook: processed 220/457 events, 4399 markets so far
2026-05-10 06:00:46,941 [INFO] Matchbook: processed 240/457 events, 5016 markets so far
2026-05-10 06:00:46,963 [INFO] Matchbook: processed 260/457 events, 5646 markets so far
2026-05-10 06:00:46,987 [INFO] Matchbook: processed 280/457 events, 6281 markets so far
2026-05-10 06:00:47,010 [INFO] Matchbook: processed 300/457 events, 6942 markets so far
2026-05-10 06:00:47,042 [INFO] Matchbook: processed 320/457 events, 7667 markets so far
2026-05-10 06:00:47,074 [INFO] Matchbook: processed 340/457 events, 8350 markets so far
2026-05-10 06:00:47,096 [INFO] Matchbook: processed 360/457 events, 8984 markets so far
2026-05-10 06:00:47,102 [INFO] Matchbook: processed 380/457 events, 9133 markets so far
2026-05-10 06:00:47,128 [INFO] Matchbook: processed 400/457 events, 9889 markets so far
2026-05-10 06:00:47,155 [INFO] Matchbook: processed 420/457 events, 10578 markets so far
2026-05-10 06:00:47,166 [INFO] Matchbook: processed 440/457 events, 10982 markets so far
2026-05-10 06:00:47,169 [INFO] Matchbook: processed 457/457 events, 10999 markets so far
2026-05-10 06:00:47,170 [INFO] Matchbook: 11000 total markets, 599 above 25 GBP volume
2026-05-10 06:00:47,292 [INFO] matchbook: 11000 total, 599 above 25 GBP threshold
2026-05-10 06:00:47,558 [INFO] Snapshot written: /home/jwfalc/smarkets-bot/data/snapshots/matchbook/2026-05-10_05-00.json
2026-05-10 06:00:47,701 [INFO] Market log updated (matchbook)
2026-05-10 06:01:17,673 [INFO] Scanner complete for matchbook. Snapshot: 2026-05-10_05-00.json
2026-05-10 06:01:18,693 [RESEARCHER] betfair: 105 tradeable markets from 2026-05-10_05-00.json
2026-05-10 06:01:18,745 [RESEARCHER] matchbook: 389 tradeable markets from 2026-05-10_05-00.json
2026-05-10 06:01:18,749 [RESEARCHER] Market selection: 2 politics/current-affairs + 7 matchbook-sports + 8 betfair-sports = 17 total
2026-05-10 06:01:18,750 [RESEARCHER] [1/17] 2026 Dublin Central by-election
2026-05-10 06:01:23,683 [RESEARCHER] [2/17] 2026 Galway West By-Election Winner
2026-05-10 06:01:27,588 [RESEARCHER] [3/17] Winner
2026-05-10 06:01:32,447 [RESEARCHER] [4/17] Winner
2026-05-10 06:01:35,769 [RESEARCHER] [5/17] Winner
2026-05-10 06:01:39,204 [RESEARCHER] [6/17] Winner
2026-05-10 06:01:42,736 [RESEARCHER] [7/17] Winner
2026-05-10 06:01:46,283 [RESEARCHER] [8/17] To Be Relegated
2026-05-10 06:01:49,921 [RESEARCHER] [9/17] Winner
2026-05-10 06:01:53,681 [RESEARCHER] [10/17] Winner
2026-05-10 06:01:57,320 [RESEARCHER] [11/17] Winner
2026-05-10 06:02:00,808 [RESEARCHER] [12/17] Match Odds
2026-05-10 06:02:04,481 [RESEARCHER] [13/17] Winner
2026-05-10 06:02:08,337 [RESEARCHER] [14/17] Winner
2026-05-10 06:02:11,767 [RESEARCHER] [15/17] Winner
2026-05-10 06:02:15,444 [RESEARCHER]   -> Dual entry: also on matchbook (market 33193608429700081)
2026-05-10 06:02:15,444 [RESEARCHER] [16/17] Top 10 Finish
2026-05-10 06:02:18,076 [RESEARCHER] [17/17] Top 20 Finish
2026-05-10 06:02:20,293 [RESEARCHER] Research brief written: 2026-05-10_05-02_brief.json
2026-05-10 06:02:20,293 [RESEARCHER] Markets: 18 | Errors: 0 | Credits used: 36
BRIEF_PATH:/home/jwfalc/smarkets-bot/data/research/2026-05-10_05-02_brief.json
2026-05-10 06:02:20,689 [ANALYZER] Loading research brief: 2026-05-10_05-02_brief.json
2026-05-10 06:02:20,798 [ANALYZER] Analyzed 18 markets
2026-05-10 06:02:20,798 [ANALYZER] Found 29 signals (10pp+)
2026-05-10 06:02:20,799 [ANALYZER] Logged 32 distribution entries (7pp+)
2026-05-10 06:02:20,838 [ANALYZER] Research output written: 2026-05-10_05-02_research.json
RESEARCH_PATH:/home/jwfalc/smarkets-bot/data/research/2026-05-10_05-02_research.json
2026-05-10 06:02:21,832 [RESOLVE] Found 25 open trade(s) to check (paper_mode=True)
2026-05-10 06:02:21,926 [RESOLVE] Using cached Betfair session token
2026-05-10 06:02:21,926 [RESOLVE] Betfair: checking 2 open-trade markets
2026-05-10 06:02:26,375 [RESOLVE] Snapshot name lookup: found mappings for 2 markets
2026-05-10 06:02:26,477 [RESOLVE] Using cached Matchbook session token
2026-05-10 06:02:26,477 [RESOLVE] Matchbook: checking 5 open-trade markets against settled events
/home/jwfalc/smarkets-bot/scripts/check_resolutions.py:305: DeprecationWarning: datetime.datetime.utcnow() is deprecated and scheduled for removal in a future version. Use timezone-aware objects to represent datetimes in UTC: datetime.datetime.now(datetime.UTC).
  cutoff = datetime.datetime.utcnow() - datetime.timedelta(days=30)
2026-05-10 06:02:36,927 [RESOLVE] Web fallback: 1 stale match market(s) to look up
2026-05-10 06:02:47,719 [RESOLVE] Stale market unresolved — manual check needed: 'Atlético de Madrid vs Celta de Vigo' (market=33128052006800081, logged 2026-05-07). Tip: add [football_data] api_key to config.toml for CL coverage.
2026-05-10 06:02:47,720 [RESOLVE] Settled markets found: 0
2026-05-10 06:02:47,720 [RESOLVE] No open-trade markets have settled yet.
2026-05-10 06:02:48,610 [INFO] ============================================================
2026-05-10 06:02:48,611 [INFO] DIGEST RUN STARTED
2026-05-10 06:02:48,611 [INFO] ============================================================
2026-05-10 06:02:53,400 [INFO] Signal filtered (high-odds lay): 2026 Dublin Central by-election @ 6.00 odds, 11.7pp edge
2026-05-10 06:02:53,400 [INFO] Signal filtered (high-odds lay): 2026 Galway West By-Election Winner @ 4.50 odds, 16.6pp edge
2026-05-10 06:02:53,400 [INFO] Signal filtered (high-odds lay): 2026 Galway West By-Election Winner @ 6.00 odds, 11.7pp edge
2026-05-10 06:02:53,401 [INFO] Signal filtered (high-odds lay): Top 20 Finish @ 6.00 odds, 10.9pp edge
2026-05-10 06:02:53,401 [INFO] Signal filtered (high-odds lay): Top 20 Finish @ 6.00 odds, 10.9pp edge
2026-05-10 06:02:53,401 [INFO] Signal filtered (high-odds lay): Top 20 Finish @ 6.00 odds, 10.9pp edge
2026-05-10 06:02:53,438 [INFO] Dashboard data written: /home/jwfalc/smarkets-bot/dashboard/dashboard_data.json
2026-05-10 06:02:53,486 [INFO] Period logs updated: 2026-05-10, 2026-W19, 2026-05, 2026-Q2
2026-05-10 06:02:53,487 [INFO] Run log: [2026-05-10 05:02 UTC] status=signal | platforms=betfair,matchbook | markets=704 | signals=23 | alerts=0 | movements=10 | consec_losses=0
2026-05-10 06:02:53,487 [INFO] Digest complete
Balance: £105.38 | Reserved: £216.06 | Available: £-110.68
Skipping high-odds lay: 2026 Dublin Central by-election @ 6.00 odds, 11.7pp edge (need 20.0pp+ above 4.0 odds)
Skipping (insufficient balance): 2026 Dublin Central by-election needs £0.05, only £-110.68 available
Skipping (insufficient balance): 2026 Dublin Central by-election needs £0.05, only £-110.68 available
Skipping (insufficient balance): 2026 Dublin Central by-election needs £0.05, only £-110.68 available
Skipping (insufficient balance): 2026 Dublin Central by-election needs £0.05, only £-110.68 available
Skipping (insufficient balance): 2026 Galway West By-Election Winner needs £3.55, only £-110.68 available
Skipping high-odds lay: 2026 Galway West By-Election Winner @ 4.50 odds, 16.6pp edge (need 20.0pp+ above 4.0 odds)
Skipping (insufficient balance): 2026 Galway West By-Election Winner needs £0.05, only £-110.68 available
Skipping (insufficient balance): 2026 Galway West By-Election Winner needs £0.05, only £-110.68 available
Skipping (insufficient balance): 2026 Galway West By-Election Winner needs £0.05, only £-110.68 available
Skipping high-odds lay: 2026 Galway West By-Election Winner @ 6.00 odds, 11.7pp edge (need 20.0pp+ above 4.0 odds)
Skipping (insufficient balance): Winner needs £0.10, only £-110.68 available
Skipping (insufficient balance): Winner needs £0.10, only £-110.68 available
Skipping (insufficient balance): Winner needs £0.10, only £-110.68 available
Skipping (insufficient balance): Winner needs £0.10, only £-110.68 available
Skipping (insufficient balance): Winner needs £0.10, only £-110.68 available
Skipping (insufficient balance): Winner needs £0.10, only £-110.68 available
Skipping (insufficient balance): Top 10 Finish needs £0.25, only £-110.68 available
Skipping (insufficient balance): Top 10 Finish needs £0.15, only £-110.68 available
Skipping (insufficient balance): Top 10 Finish needs £0.30, only £-110.68 available
Skipping (insufficient balance): Top 10 Finish needs £1.10, only £-110.68 available
Skipping (insufficient balance): Top 10 Finish needs £1.90, only £-110.68 available
Skipping (insufficient balance): Top 10 Finish needs £1.55, only £-110.68 available
Skipping high-odds lay: Top 20 Finish @ 6.00 odds, 10.9pp edge (need 20.0pp+ above 4.0 odds)
Skipping high-odds lay: Top 20 Finish @ 6.00 odds, 10.9pp edge (need 20.0pp+ above 4.0 odds)
Skipping high-odds lay: Top 20 Finish @ 6.00 odds, 10.9pp edge (need 20.0pp+ above 4.0 odds)
Skipping (insufficient balance): Top 20 Finish needs £0.05, only £-110.68 available
Skipping (insufficient balance): Top 20 Finish needs £0.25, only £-110.68 available
Skipping (insufficient balance): Top 20 Finish needs £0.15, only £-110.68 available
No new paper trades to log
Distribution log updated: 32 new entries added
Total entries: 414
  7-9pp: 82 total, 18 resolved
  10-11pp: 54 total, 34 resolved
  12pp+: 278 total, 134 resolved

REVIEW DUE: 7-9pp band has 18 resolved entries (threshold: 12)
  Run: python distribution_logger.py report
  Then run: prompts/prompt_review_v1.md

REVIEW DUE: 7-9pp band has 18 resolved entries (threshold: 12)
  Run: python distribution_logger.py report
  Then run: prompts/prompt_review_v1.md
EXIT_CODE:0
Sent
2026-05-10 06:02:57 [DEPLOY] Starting dashboard deploy...
HTML written OK
2026-05-10 06:02:57 [DEPLOY] Static HTML built
[main d4dc104] Deploy: 2026-05-10 06:02 UTC
 1 file changed, 1 insertion(+), 1 deletion(-)
To https://github.com/jwfalc-coder/smarkets-dashboard.git
   63cf8ef..d4dc104  main -> main
2026-05-10 06:02:57 [DEPLOY] Deploy complete: Deploy: 2026-05-10 06:02 UTC
