Sent
2026-05-14 14:00:03,265 [INFO] ============================================================
2026-05-14 14:00:03,266 [INFO] SCANNER RUN STARTED - BETFAIR
2026-05-14 14:00:03,267 [INFO] ============================================================
2026-05-14 14:00:04,085 [INFO] Cached Betfair session too old, re-logging in
2026-05-14 14:00:04,086 [INFO] Betfair login attempt 1/3
2026-05-14 14:00:04,265 [INFO] Betfair login successful
2026-05-14 14:00:04,439 [INFO] Catalogue: 100 markets for sport ID 1
2026-05-14 14:00:04,597 [INFO] Catalogue: 100 markets for sport ID 2
2026-05-14 14:00:04,771 [INFO] Catalogue: 100 markets for sport ID 7
2026-05-14 14:00:04,907 [INFO] Catalogue: 100 markets for sport ID 4
2026-05-14 14:00:05,003 [INFO] Catalogue: 0 markets for sport ID 2378961
2026-05-14 14:00:05,109 [INFO] Catalogue: 12 markets for sport ID 3
2026-05-14 14:00:05,350 [INFO] Catalogue: 100 markets for sport ID 7522
2026-05-14 14:00:05,476 [INFO] Catalogue: 3 markets for sport ID 6423
2026-05-14 14:00:05,477 [INFO] Betfair: fetching prices for 515 markets...
2026-05-14 14:00:10,634 [INFO] Betfair: enriching 515 markets with price data...
2026-05-14 14:00:10,643 [INFO] Betfair: enriched 50/515 markets, 5 tradeable so far
2026-05-14 14:00:10,649 [INFO] Betfair: enriched 100/515 markets, 9 tradeable so far
2026-05-14 14:00:10,654 [INFO] Betfair: enriched 150/515 markets, 10 tradeable so far
2026-05-14 14:00:10,657 [INFO] Betfair: enriched 200/515 markets, 10 tradeable so far
2026-05-14 14:00:10,747 [INFO] Betfair: enriched 250/515 markets, 41 tradeable so far
2026-05-14 14:00:10,754 [INFO] Betfair: enriched 300/515 markets, 62 tradeable so far
2026-05-14 14:00:10,762 [INFO] Betfair: enriched 350/515 markets, 73 tradeable so far
2026-05-14 14:00:10,770 [INFO] Betfair: enriched 400/515 markets, 78 tradeable so far
2026-05-14 14:00:10,815 [INFO] Betfair: enriched 450/515 markets, 101 tradeable so far
2026-05-14 14:00:10,878 [INFO] Betfair: enriched 500/515 markets, 109 tradeable so far
2026-05-14 14:00:10,899 [INFO] Betfair: enriched 515/515 markets, 109 tradeable so far
2026-05-14 14:00:10,902 [INFO] Betfair: 515 total markets, 109 above 100 GBP volume
2026-05-14 14:00:10,944 [INFO] betfair: 515 total, 109 above 100 GBP threshold
2026-05-14 14:00:11,291 [INFO] Snapshot written: /home/jwfalc/smarkets-bot/data/snapshots/betfair/2026-05-14_13-00.json
2026-05-14 14:00:11,453 [INFO] Market log updated (betfair)
2026-05-14 14:00:53,272 [INFO] Scanner complete for betfair. Snapshot: 2026-05-14_13-00.json
2026-05-14 14:00:53,878 [INFO] ============================================================
2026-05-14 14:00:53,878 [INFO] SCANNER RUN STARTED - MATCHBOOK
2026-05-14 14:00:53,879 [INFO] ============================================================
2026-05-14 14:00:54,497 [INFO] Matchbook login attempt 1/3
2026-05-14 14:00:54,672 [INFO] Matchbook login successful
2026-05-14 14:00:54,673 [INFO] Matchbook: fetching events with prices for 15 sports...
2026-05-14 14:00:54,820 [INFO] Matchbook: fetched page offset=0, 20 events (total so far: 20)
2026-05-14 14:00:55,111 [INFO] Matchbook: fetched page offset=20, 20 events (total so far: 40)
2026-05-14 14:00:55,471 [INFO] Matchbook: fetched page offset=40, 20 events (total so far: 60)
2026-05-14 14:00:55,847 [INFO] Matchbook: fetched page offset=60, 20 events (total so far: 80)
2026-05-14 14:00:56,227 [INFO] Matchbook: fetched page offset=80, 20 events (total so far: 100)
2026-05-14 14:00:56,575 [INFO] Matchbook: fetched page offset=100, 20 events (total so far: 120)
2026-05-14 14:00:56,924 [INFO] Matchbook: fetched page offset=120, 20 events (total so far: 140)
2026-05-14 14:00:57,291 [INFO] Matchbook: fetched page offset=140, 20 events (total so far: 160)
2026-05-14 14:00:57,684 [INFO] Matchbook: fetched page offset=160, 20 events (total so far: 180)
2026-05-14 14:00:58,077 [INFO] Matchbook: fetched page offset=180, 20 events (total so far: 200)
2026-05-14 14:00:58,472 [INFO] Matchbook: fetched page offset=200, 20 events (total so far: 220)
2026-05-14 14:00:58,776 [INFO] Matchbook: fetched page offset=220, 20 events (total so far: 240)
2026-05-14 14:00:59,019 [INFO] Matchbook: fetched page offset=240, 17 events (total so far: 257)
2026-05-14 14:00:59,020 [INFO] Matchbook: processing 257 events
2026-05-14 14:00:59,031 [INFO] Matchbook: processed 20/257 events, 178 markets so far
2026-05-14 14:00:59,044 [INFO] Matchbook: processed 40/257 events, 526 markets so far
2026-05-14 14:00:59,068 [INFO] Matchbook: processed 60/257 events, 1093 markets so far
2026-05-14 14:00:59,165 [INFO] Matchbook: processed 80/257 events, 1499 markets so far
2026-05-14 14:00:59,190 [INFO] Matchbook: processed 100/257 events, 2194 markets so far
2026-05-14 14:00:59,212 [INFO] Matchbook: processed 120/257 events, 2705 markets so far
2026-05-14 14:00:59,243 [INFO] Matchbook: processed 140/257 events, 3475 markets so far
2026-05-14 14:00:59,282 [INFO] Matchbook: processed 160/257 events, 4308 markets so far
2026-05-14 14:00:59,307 [INFO] Matchbook: processed 180/257 events, 4969 markets so far
2026-05-14 14:00:59,342 [INFO] Matchbook: processed 200/257 events, 5621 markets so far
2026-05-14 14:00:59,398 [INFO] Matchbook: processed 220/257 events, 6366 markets so far
2026-05-14 14:00:59,417 [INFO] Matchbook: processed 240/257 events, 6730 markets so far
2026-05-14 14:00:59,419 [INFO] Matchbook: processed 257/257 events, 6747 markets so far
2026-05-14 14:00:59,419 [INFO] Matchbook: 6748 total markets, 480 above 25 GBP volume
2026-05-14 14:00:59,507 [INFO] matchbook: 6748 total, 480 above 25 GBP threshold
2026-05-14 14:00:59,799 [INFO] Snapshot written: /home/jwfalc/smarkets-bot/data/snapshots/matchbook/2026-05-14_13-00.json
2026-05-14 14:00:59,938 [INFO] Market log updated (matchbook)
2026-05-14 14:01:39,699 [INFO] Scanner complete for matchbook. Snapshot: 2026-05-14_13-00.json
2026-05-14 14:01:42,110 [RESEARCHER] matchbook: 295 tradeable markets from 2026-05-14_13-00.json
2026-05-14 14:01:42,113 [RESEARCHER] Market selection: 0 politics/current-affairs + 15 matchbook-sports + 0 betfair-sports = 15 total
2026-05-14 14:01:42,114 [RESEARCHER] [1/15] Winner
2026-05-14 14:01:45,790 [RESEARCHER] [2/15] Winner
2026-05-14 14:01:50,188 [RESEARCHER] [3/15] Winner
2026-05-14 14:01:53,739 [RESEARCHER] [4/15] To Be Relegated
2026-05-14 14:01:57,790 [RESEARCHER] [5/15] Winner
2026-05-14 14:02:02,185 [RESEARCHER] [6/15] Match Odds
2026-05-14 14:02:05,942 [RESEARCHER] [7/15] Match Odds
2026-05-14 14:02:09,321 [RESEARCHER] [8/15] Top 4 Finish
2026-05-14 14:02:13,987 [RESEARCHER] [9/15] Winner
2026-05-14 14:02:18,382 [RESEARCHER] [10/15] Top 6 Finish
2026-05-14 14:02:22,715 [RESEARCHER] [11/15] Match Odds
2026-05-14 14:02:26,583 [RESEARCHER] [12/15] Match Odds
2026-05-14 14:02:30,897 [RESEARCHER] [13/15] Match Odds
2026-05-14 14:02:35,381 [RESEARCHER] [14/15] Match Odds
2026-05-14 14:02:39,324 [RESEARCHER] [15/15] Match Odds
2026-05-14 14:02:42,863 [RESEARCHER] Research brief written: 2026-05-14_13-02_brief.json
2026-05-14 14:02:42,864 [RESEARCHER] Markets: 15 | Errors: 0 | Credits used: 30
BRIEF_PATH:/home/jwfalc/smarkets-bot/data/research/2026-05-14_13-02_brief.json
2026-05-14 14:02:43,338 [ANALYZER] Loading research brief: 2026-05-14_13-02_brief.json
2026-05-14 14:02:43,454 [ANALYZER] Analyzed 15 markets
2026-05-14 14:02:43,455 [ANALYZER] Found 4 signals (10pp+)
2026-05-14 14:02:43,455 [ANALYZER] Logged 11 distribution entries (7pp+)
2026-05-14 14:02:43,471 [ANALYZER] Research output written: 2026-05-14_13-02_research.json
2026-05-14 14:02:43,474 [ANALYZER] Appended 57 edge traces to edge_traces.json
RESEARCH_PATH:/home/jwfalc/smarkets-bot/data/research/2026-05-14_13-02_research.json
2026-05-14 14:02:44,435 [RESOLVE] Found 28 open trade(s) to check (paper_mode=True)
2026-05-14 14:02:44,436 [RESOLVE] Settled markets found: 0
2026-05-14 14:02:44,436 [RESOLVE] Standings fallback: 2 season future market(s) to check
2026-05-14 14:02:44,920 [RESOLVE] Standings: no match for ' Scottie Scheffler' in 24-team table
2026-05-14 14:02:44,922 [RESOLVE] Standings: no match for ' Scottie Scheffler' in 24-team table
2026-05-14 14:02:44,929 [RESOLVE] No open-trade markets have settled yet.
2026-05-14 14:02:46,182 [INFO] ============================================================
2026-05-14 14:02:46,183 [INFO] DIGEST RUN STARTED
2026-05-14 14:02:46,184 [INFO] ============================================================
2026-05-14 14:02:53,192 [INFO] Dashboard data written: /home/jwfalc/smarkets-bot/dashboard/dashboard_data.json
2026-05-14 14:02:53,311 [INFO] Period logs updated: 2026-05-14, 2026-W20, 2026-05, 2026-Q2
2026-05-14 14:02:53,313 [INFO] Run log: [2026-05-14 13:02 UTC] status=signal | platforms=betfair,matchbook | markets=589 | signals=4 | alerts=0 | movements=10 | consec_losses=0
2026-05-14 14:02:53,314 [INFO] Digest complete
Balance: £180.68 | Reserved: £199.66 | Available: £-18.98
Skipping (conflicting back in same market): Winner
Skipping (conflicting back in same market): Winner
Skipping (already open): Top 6 Finish LAY
Skipping (already open): Top 6 Finish LAY
No new paper trades to log
Distribution log updated: 1 new entries added
Total entries: 560
  7-9pp: 149 total, 23 resolved
  10-11pp: 64 total, 37 resolved
  12pp+: 347 total, 169 resolved

REVIEW DUE: 7-9pp band has 23 resolved entries (threshold: 12)
  Run: python distribution_logger.py report
  Then run: prompts/prompt_review_v1.md

REVIEW DUE: 7-9pp band has 23 resolved entries (threshold: 12)
  Run: python distribution_logger.py report
  Then run: prompts/prompt_review_v1.md
EXIT_CODE:0
Sent
2026-05-14 14:02:58,924 [STATIC-DASH] Building dashboard data…
2026-05-14 14:03:00,404 [STATIC-DASH] Data collected: 139 trades, 71 signals, 589 markets
2026-05-14 14:03:00,673 [STATIC-DASH] Written: /home/jwfalc/smarkets-dashboard/index.html (2681KB)
2026-05-14 14:03:00 [DEPLOY] Starting dashboard deploy...
WARNING: could not find injection point in HTML
HTML written OK
2026-05-14 14:03:00 [DEPLOY] Static HTML built
[main 11ce6fc] Deploy: 2026-05-14 14:03 UTC
 1 file changed, 1 insertion(+), 1 deletion(-)
To https://github.com/jwfalc-coder/smarkets-dashboard.git
   19e6713..11ce6fc  main -> main
2026-05-14 14:03:00 [DEPLOY] Deploy complete: Deploy: 2026-05-14 14:03 UTC
