Sent
2026-06-11 10:30:02,715 [INFO] ============================================================
2026-06-11 10:30:02,716 [INFO] SCANNER RUN STARTED - BETFAIR
2026-06-11 10:30:02,716 [INFO] ============================================================
2026-06-11 10:30:03,156 [INFO] Cached Betfair session too old, re-logging in
2026-06-11 10:30:03,156 [INFO] Betfair login attempt 1/3
2026-06-11 10:30:03,308 [INFO] Betfair login successful
2026-06-11 10:30:03,446 [INFO] Catalogue: 90 markets for sport ID 1
2026-06-11 10:30:03,571 [INFO] Catalogue: 118 markets for sport ID 2
2026-06-11 10:30:04,368 [INFO] Catalogue: 347 markets for sport ID 7
2026-06-11 10:30:04,455 [INFO] Catalogue: 25 markets for sport ID 4
2026-06-11 10:30:04,529 [INFO] Catalogue: 0 markets for sport ID 2378961
2026-06-11 10:30:04,642 [INFO] Catalogue: 38 markets for sport ID 3
2026-06-11 10:30:04,824 [INFO] Catalogue: 75 markets for sport ID 7522
2026-06-11 10:30:04,912 [INFO] Catalogue: 6 markets for sport ID 6423
2026-06-11 10:30:04,912 [INFO] Betfair: fetching prices for 699 markets...
2026-06-11 10:30:10,778 [INFO] Betfair: enriching 699 markets with price data...
2026-06-11 10:30:10,781 [INFO] Betfair: enriched 50/699 markets, 15 tradeable so far
2026-06-11 10:30:10,784 [INFO] Betfair: enriched 100/699 markets, 25 tradeable so far
2026-06-11 10:30:10,786 [INFO] Betfair: enriched 150/699 markets, 63 tradeable so far
2026-06-11 10:30:10,789 [INFO] Betfair: enriched 200/699 markets, 99 tradeable so far
2026-06-11 10:30:10,796 [INFO] Betfair: enriched 250/699 markets, 119 tradeable so far
2026-06-11 10:30:10,804 [INFO] Betfair: enriched 300/699 markets, 142 tradeable so far
2026-06-11 10:30:10,810 [INFO] Betfair: enriched 350/699 markets, 144 tradeable so far
2026-06-11 10:30:10,817 [INFO] Betfair: enriched 400/699 markets, 144 tradeable so far
2026-06-11 10:30:10,826 [INFO] Betfair: enriched 450/699 markets, 146 tradeable so far
2026-06-11 10:30:10,834 [INFO] Betfair: enriched 500/699 markets, 146 tradeable so far
2026-06-11 10:30:10,843 [INFO] Betfair: enriched 550/699 markets, 156 tradeable so far
2026-06-11 10:30:10,850 [INFO] Betfair: enriched 600/699 markets, 179 tradeable so far
2026-06-11 10:30:10,945 [INFO] Betfair: enriched 650/699 markets, 215 tradeable so far
2026-06-11 10:30:11,004 [INFO] Betfair: enriched 699/699 markets, 216 tradeable so far
2026-06-11 10:30:11,005 [INFO] Betfair: 699 total markets, 216 above 100 GBP volume
2026-06-11 10:30:11,125 [INFO] Outrights: 23 markets for sport 1
2026-06-11 10:30:11,218 [INFO] Outrights: 11 markets for sport 3
2026-06-11 10:30:11,291 [INFO] Outrights: 1 markets for sport 2378961
2026-06-11 10:30:11,681 [INFO] Outrights: 33 markets above 25 GBP
2026-06-11 10:30:11,688 [INFO] Betfair: added 28 outright markets for cross-ref
2026-06-11 10:30:11,689 [INFO] betfair: 727 total, 244 above 100 GBP threshold
2026-06-11 10:30:12,072 [INFO] Snapshot written: /home/jwfalc/smarkets-bot/data/snapshots/betfair/2026-06-11_09-30.json
2026-06-11 10:30:12,261 [INFO] Market log updated (betfair)
2026-06-11 10:30:37,439 [INFO] Scanner complete for betfair. Snapshot: 2026-06-11_09-30.json
2026-06-11 10:30:37,769 [INFO] ============================================================
2026-06-11 10:30:37,770 [INFO] SCANNER RUN STARTED - MATCHBOOK
2026-06-11 10:30:37,770 [INFO] ============================================================
2026-06-11 10:30:38,163 [INFO] Matchbook login attempt 1/3
2026-06-11 10:30:38,330 [INFO] Matchbook login successful
2026-06-11 10:30:38,330 [INFO] Matchbook: fetching events with prices for 15 sports...
2026-06-11 10:30:38,412 [INFO] Matchbook: fetched page offset=0, 20 events (total so far: 20)
2026-06-11 10:30:38,679 [INFO] Matchbook: fetched page offset=20, 20 events (total so far: 40)
2026-06-11 10:30:38,909 [INFO] Matchbook: fetched page offset=40, 20 events (total so far: 60)
2026-06-11 10:30:39,140 [INFO] Matchbook: fetched page offset=60, 20 events (total so far: 80)
2026-06-11 10:30:39,391 [INFO] Matchbook: fetched page offset=80, 20 events (total so far: 100)
2026-06-11 10:30:39,677 [INFO] Matchbook: fetched page offset=100, 20 events (total so far: 120)
2026-06-11 10:30:39,978 [INFO] Matchbook: fetched page offset=120, 20 events (total so far: 140)
2026-06-11 10:30:40,305 [INFO] Matchbook: fetched page offset=140, 20 events (total so far: 160)
2026-06-11 10:30:40,659 [INFO] Matchbook: fetched page offset=160, 20 events (total so far: 180)
2026-06-11 10:30:40,913 [INFO] Matchbook: fetched page offset=180, 14 events (total so far: 194)
2026-06-11 10:30:40,913 [INFO] Matchbook: processing 194 events
2026-06-11 10:30:40,917 [INFO] Matchbook: processed 20/194 events, 167 markets so far
2026-06-11 10:30:40,925 [INFO] Matchbook: processed 40/194 events, 310 markets so far
2026-06-11 10:30:40,926 [INFO] Matchbook: processed 60/194 events, 330 markets so far
2026-06-11 10:30:40,928 [INFO] Matchbook: processed 80/194 events, 381 markets so far
2026-06-11 10:30:40,934 [INFO] Matchbook: processed 100/194 events, 575 markets so far
2026-06-11 10:30:40,941 [INFO] Matchbook: processed 120/194 events, 734 markets so far
2026-06-11 10:30:40,951 [INFO] Matchbook: processed 140/194 events, 896 markets so far
2026-06-11 10:30:40,971 [INFO] Matchbook: processed 160/194 events, 1357 markets so far
2026-06-11 10:30:40,989 [INFO] Matchbook: processed 180/194 events, 1761 markets so far
2026-06-11 10:30:40,996 [INFO] Matchbook: processed 194/194 events, 1853 markets so far
2026-06-11 10:30:40,996 [INFO] Matchbook: 1854 total markets, 357 above 25 GBP volume
2026-06-11 10:30:41,020 [INFO] matchbook: 1854 total, 357 above 25 GBP threshold
2026-06-11 10:30:41,182 [INFO] Snapshot written: /home/jwfalc/smarkets-bot/data/snapshots/matchbook/2026-06-11_09-30.json
2026-06-11 10:30:41,271 [INFO] Market log updated (matchbook)
2026-06-11 10:31:05,960 [INFO] Scanner complete for matchbook. Snapshot: 2026-06-11_09-30.json
2026-06-11 10:31:06,605 [RESEARCHER] Prior index loaded: 15 known runners
2026-06-11 10:31:06,679 [RESEARCHER] betfair: 244 tradeable markets from 2026-06-11_09-30.json
2026-06-11 10:31:06,680 [RESEARCHER] Market selection: 1 politics + 7 outrights + 8 other sports = 16 total (platforms: ['betfair'])
2026-06-11 10:31:06,681 [RESEARCHER] [1/16] Makerfield - Restore Britain Vote Percentage
2026-06-11 10:31:12,008 [RESEARCHER] [2/16] Winner
2026-06-11 10:31:18,786 [RESEARCHER]   Prior history injected for Portugal
2026-06-11 10:31:18,787 [RESEARCHER] [3/16] Winner
2026-06-11 10:31:27,211 [RESEARCHER]   Prior history injected for Tommy Fleetwood
2026-06-11 10:31:27,212 [RESEARCHER] [4/16] Winner
2026-06-11 10:31:35,394 [RESEARCHER]   Prior history injected for Scottie Scheffler
2026-06-11 10:31:35,395 [RESEARCHER]   Prior history injected for Xander Schauffele
2026-06-11 10:31:35,395 [RESEARCHER]   Prior history injected for Tommy Fleetwood
2026-06-11 10:31:35,395 [RESEARCHER] [5/16] Top 10 Finish
2026-06-11 10:31:37,387 [RESEARCHER]   Prior history injected for Tommy Fleetwood
2026-06-11 10:31:37,387 [RESEARCHER] [6/16] Top 20 Finish
2026-06-11 10:31:39,169 [RESEARCHER]   Prior history injected for Tommy Fleetwood
2026-06-11 10:31:39,170 [RESEARCHER] [7/16] Winner
2026-06-11 10:31:43,616 [RESEARCHER]   Prior history injected for Scottie Scheffler
2026-06-11 10:31:43,616 [RESEARCHER]   Prior history injected for Tommy Fleetwood
2026-06-11 10:31:43,617 [RESEARCHER]   Prior history injected for Xander Schauffele
2026-06-11 10:31:43,617 [RESEARCHER] [8/16] Top 5 Finish
2026-06-11 10:31:45,578 [RESEARCHER]   Prior history injected for Tommy Fleetwood
2026-06-11 10:31:45,579 [RESEARCHER] [9/16] Match Odds
2026-06-11 10:31:51,868 [RESEARCHER] [10/16] Match Odds
2026-06-11 10:31:59,127 [RESEARCHER] [11/16] Match Odds
2026-06-11 10:32:06,031 [RESEARCHER] [12/16] Match Odds
2026-06-11 10:32:13,443 [RESEARCHER] [13/16] Match Odds
2026-06-11 10:32:20,387 [RESEARCHER] [14/16] Match Odds
2026-06-11 10:32:26,517 [RESEARCHER] [15/16] Match Odds
2026-06-11 10:32:33,829 [RESEARCHER] [16/16] Match Odds
2026-06-11 10:32:39,903 [RESEARCHER] Research brief written: 2026-06-11_09-32_brief.json
2026-06-11 10:32:39,903 [RESEARCHER] Markets: 16 | Errors: 0 | Credits used: 69
BRIEF_PATH:/home/jwfalc/smarkets-bot/data/research/2026-06-11_09-32_brief.json
2026-06-11 10:32:40,225 [ANALYZER] Loading research brief: 2026-06-11_09-32_brief.json
2026-06-11 10:32:40,497 [ANALYZER] Betfair cross-ref index: 5173 runners
2026-06-11 10:32:40,505 [ANALYZER] Analyzed 16 markets
2026-06-11 10:32:40,505 [ANALYZER] Found 6 signals (10pp+)
2026-06-11 10:32:40,505 [ANALYZER] Logged 12 distribution entries (7pp+)
2026-06-11 10:32:40,519 [ANALYZER] Research output written: 2026-06-11_09-32_research.json
2026-06-11 10:32:40,521 [ANALYZER] Appended 68 edge traces to edge_traces.json
RESEARCH_PATH:/home/jwfalc/smarkets-bot/data/research/2026-06-11_09-32_research.json
2026-06-11 10:32:41,090 [RESOLVE] Found 9 open trade(s) to check (paper_mode=True)
2026-06-11 10:32:41,160 [RESOLVE] Using cached Betfair session token
2026-06-11 10:32:41,160 [RESOLVE] Betfair: checking 8 open-trade markets
2026-06-11 10:32:53,281 [RESOLVE] Snapshot name lookup: found mappings for 8 markets
2026-06-11 10:32:53,403 [RESOLVE] Settled markets found: 0
2026-06-11 10:32:53,403 [RESOLVE] No open-trade markets have settled yet.
2026-06-11 10:32:54,035 [INFO] ============================================================
2026-06-11 10:32:54,036 [INFO] DIGEST RUN STARTED
2026-06-11 10:32:54,036 [INFO] ============================================================
2026-06-11 10:32:57,834 [INFO] Slip dedup: skipping Tommy Fleetwood (BACK) — already open
2026-06-11 10:32:57,834 [INFO] Slip dedup: skipping Tommy Fleetwood (BACK) — already open
2026-06-11 10:32:57,840 [INFO] Sending batch slip: 4 signals
2026-06-11 10:32:57,908 [WARNING] Telegram connection error (attempt 1/3), retrying in 8s: ('Connection aborted.', ConnectionResetError(104, 'Connection reset by peer'))
2026-06-11 10:33:05,965 [WARNING] Telegram connection error (attempt 2/3), retrying in 8s: ('Connection aborted.', ConnectionResetError(104, 'Connection reset by peer'))
2026-06-11 10:33:14,131 [INFO] Telegram notification sent
2026-06-11 10:33:14,132 [INFO] Sent 6 Telegram signal alerts
2026-06-11 10:33:14,169 [INFO] Dashboard data written: /home/jwfalc/smarkets-bot/dashboard/dashboard_data.json
2026-06-11 10:33:14,259 [INFO] Period logs updated: 2026-06-11, 2026-W24, 2026-06, 2026-Q2
2026-06-11 10:33:14,259 [INFO] Run log: [2026-06-11 09:32 UTC] status=signal | platforms=betfair,matchbook | markets=601 | signals=6 | alerts=6 | movements=10 | consec_losses=0
2026-06-11 10:33:14,260 [INFO] Digest complete
Kelly balance: £96.52 | Reserved: £40.38 | Available: £56.14
Logged paper trade: Winner - BACK @ 6.9% (edge: 13.12pp) [betfair] | available now £50.44
Skipping (already open): Top 20 Finish BACK
Skipping (already open): Top 5 Finish BACK
Logged paper trade: Match Odds - BACK @ 68.49% (edge: 16.24pp) [betfair] | available now £35.92
Logged paper trade: Match Odds - BACK @ 53.19% (edge: 14.62pp) [betfair] | available now £28.36
Logged paper trade: Match Odds - BACK @ 80.65% (edge: 6.16pp) [betfair] | available now £26.36

4 new paper trade(s) logged
Distribution log updated: 5 new entries added
Total entries: 1077
  near_certainty: 9 total, 7 resolved
  high_prob: 30 total, 17 resolved
  7-9pp: 324 total, 109 resolved
  10-11pp: 169 total, 61 resolved
  12pp+: 545 total, 406 resolved

REVIEW DUE: 7-9pp band has 109 resolved entries (threshold: 12)
  Run: python distribution_logger.py report
  Then run: prompts/prompt_review_v1.md

REVIEW DUE: 7-9pp band has 109 resolved entries (threshold: 12)
  Run: python distribution_logger.py report
  Then run: prompts/prompt_review_v1.md
EXIT_CODE:0
Telegram connection error (attempt 1/3), retrying in 8s: ('Connection aborted.', ConnectionResetError(104, 'Connection reset by peer'))
Sent
2026-06-11 10:33:25,406 [STATIC-DASH] Building dashboard data…
2026-06-11 10:33:26,570 [STATIC-DASH] Data collected: 29 trades, 37 signals, 601 markets
2026-06-11 10:33:26,793 [STATIC-DASH] Written: /home/jwfalc/smarkets-dashboard/index.html (3025KB)
2026-06-11 10:33:26,808 [STATIC-DASH] Copied PWA asset: manifest.json
2026-06-11 10:33:26,809 [STATIC-DASH] Copied PWA asset: apple-touch-icon.png
2026-06-11 10:33:26,810 [STATIC-DASH] Copied PWA asset: icon-192.png
2026-06-11 10:33:26,811 [STATIC-DASH] Copied PWA asset: icon-512.png
2026-06-11 10:33:26 [DEPLOY] Starting dashboard deploy...
WARNING: could not find injection point in HTML
HTML written OK
2026-06-11 10:33:26 [DEPLOY] Static HTML built
[main 321ca41] Deploy: 2026-06-11 10:33 UTC
 1 file changed, 1 insertion(+), 1 deletion(-)
To https://github.com/jwfalc-coder/smarkets-dashboard.git
   ef6d350..321ca41  main -> main
2026-06-11 10:33:26 [DEPLOY] Deploy complete: Deploy: 2026-06-11 10:33 UTC
[main 34951af] log: routine_2026-06-11_1030
 1 file changed, 177 insertions(+)
 create mode 100644 data/routine_logs/routine_2026-06-11_1030.log
From https://github.com/jwfalc-coder/betting-auditor
 * branch            main       -> FETCH_HEAD
   2047732..0289eae  main       -> origin/main
Rebasing (1/1)Successfully rebased and updated refs/heads/main.
To https://github.com/jwfalc-coder/betting-auditor.git
   0289eae..8f4936d  main -> main
