Sent
2026-05-19 18:00:03,888 [INFO] ============================================================
2026-05-19 18:00:03,889 [INFO] SCANNER RUN STARTED - BETFAIR
2026-05-19 18:00:03,889 [INFO] ============================================================
2026-05-19 18:00:04,682 [INFO] Cached Betfair session too old, re-logging in
2026-05-19 18:00:04,683 [INFO] Betfair login attempt 1/3
2026-05-19 18:00:04,853 [INFO] Betfair login successful
2026-05-19 18:00:05,026 [INFO] Catalogue: 100 markets for sport ID 1
2026-05-19 18:00:05,185 [INFO] Catalogue: 100 markets for sport ID 2
2026-05-19 18:00:05,335 [INFO] Catalogue: 100 markets for sport ID 7
2026-05-19 18:00:05,452 [INFO] Catalogue: 100 markets for sport ID 4
2026-05-19 18:00:05,555 [INFO] Catalogue: 0 markets for sport ID 2378961
2026-05-19 18:00:05,688 [INFO] Catalogue: 33 markets for sport ID 3
2026-05-19 18:00:05,942 [INFO] Catalogue: 100 markets for sport ID 7522
2026-05-19 18:00:06,039 [INFO] Catalogue: 0 markets for sport ID 6423
2026-05-19 18:00:06,039 [INFO] Betfair: fetching prices for 533 markets...
2026-05-19 18:00:11,566 [INFO] Betfair: enriching 533 markets with price data...
2026-05-19 18:00:11,574 [INFO] Betfair: enriched 50/533 markets, 18 tradeable so far
2026-05-19 18:00:11,585 [INFO] Betfair: enriched 100/533 markets, 42 tradeable so far
2026-05-19 18:00:11,589 [INFO] Betfair: enriched 150/533 markets, 43 tradeable so far
2026-05-19 18:00:11,591 [INFO] Betfair: enriched 200/533 markets, 44 tradeable so far
2026-05-19 18:00:11,612 [INFO] Betfair: enriched 250/533 markets, 69 tradeable so far
2026-05-19 18:00:11,623 [INFO] Betfair: enriched 300/533 markets, 85 tradeable so far
2026-05-19 18:00:11,626 [INFO] Betfair: enriched 350/533 markets, 95 tradeable so far
2026-05-19 18:00:11,632 [INFO] Betfair: enriched 400/533 markets, 100 tradeable so far
2026-05-19 18:00:11,720 [INFO] Betfair: enriched 450/533 markets, 122 tradeable so far
2026-05-19 18:00:11,785 [INFO] Betfair: enriched 500/533 markets, 135 tradeable so far
2026-05-19 18:00:11,825 [INFO] Betfair: enriched 533/533 markets, 135 tradeable so far
2026-05-19 18:00:11,826 [INFO] Betfair: 533 total markets, 135 above 100 GBP volume
2026-05-19 18:00:11,987 [INFO] Outrights: 41 markets for sport 1
2026-05-19 18:00:12,101 [INFO] Outrights: 13 markets for sport 3
2026-05-19 18:00:12,182 [INFO] Outrights: 0 markets for sport 2378961
2026-05-19 18:00:12,852 [INFO] Outrights: 49 markets above 25 GBP
2026-05-19 18:00:12,862 [INFO] Betfair: added 42 outright markets for cross-ref
2026-05-19 18:00:12,864 [INFO] betfair: 575 total, 177 above 100 GBP threshold
2026-05-19 18:00:13,441 [INFO] Snapshot written: /home/jwfalc/smarkets-bot/data/snapshots/betfair/2026-05-19_17-00.json
2026-05-19 18:00:13,716 [INFO] Market log updated (betfair)
2026-05-19 18:00:55,784 [INFO] Scanner complete for betfair. Snapshot: 2026-05-19_17-00.json
2026-05-19 18:00:56,639 [INFO] ============================================================
2026-05-19 18:00:56,639 [INFO] SCANNER RUN STARTED - MATCHBOOK
2026-05-19 18:00:56,640 [INFO] ============================================================
2026-05-19 18:00:57,269 [INFO] Matchbook login attempt 1/3
2026-05-19 18:00:57,471 [INFO] Matchbook login successful
2026-05-19 18:00:57,472 [INFO] Matchbook: fetching events with prices for 15 sports...
2026-05-19 18:00:57,587 [INFO] Matchbook: fetched page offset=0, 20 events (total so far: 20)
2026-05-19 18:00:57,902 [INFO] Matchbook: fetched page offset=20, 20 events (total so far: 40)
2026-05-19 18:00:58,281 [INFO] Matchbook: fetched page offset=40, 20 events (total so far: 60)
2026-05-19 18:00:58,656 [INFO] Matchbook: fetched page offset=60, 20 events (total so far: 80)
2026-05-19 18:00:58,891 [INFO] Matchbook: fetched page offset=80, 20 events (total so far: 100)
2026-05-19 18:00:59,146 [INFO] Matchbook: fetched page offset=100, 20 events (total so far: 120)
2026-05-19 18:00:59,388 [INFO] Matchbook: fetched page offset=120, 20 events (total so far: 140)
2026-05-19 18:00:59,667 [INFO] Matchbook: fetched page offset=140, 20 events (total so far: 160)
2026-05-19 18:01:00,068 [INFO] Matchbook: fetched page offset=160, 20 events (total so far: 180)
2026-05-19 18:01:00,534 [INFO] Matchbook: fetched page offset=180, 20 events (total so far: 200)
2026-05-19 18:01:00,962 [INFO] Matchbook: fetched page offset=200, 20 events (total so far: 220)
2026-05-19 18:01:01,335 [INFO] Matchbook: fetched page offset=220, 20 events (total so far: 240)
2026-05-19 18:01:01,683 [INFO] Matchbook: fetched page offset=240, 20 events (total so far: 260)
2026-05-19 18:01:01,977 [INFO] Matchbook: fetched page offset=260, 20 events (total so far: 280)
2026-05-19 18:01:02,223 [INFO] Matchbook: fetched page offset=280, 20 events (total so far: 300)
2026-05-19 18:01:02,468 [INFO] Matchbook: fetched page offset=300, 7 events (total so far: 307)
2026-05-19 18:01:02,468 [INFO] Matchbook: processing 307 events
2026-05-19 18:01:02,479 [INFO] Matchbook: processed 20/307 events, 110 markets so far
2026-05-19 18:01:02,503 [INFO] Matchbook: processed 40/307 events, 526 markets so far
2026-05-19 18:01:02,545 [INFO] Matchbook: processed 60/307 events, 999 markets so far
2026-05-19 18:01:02,681 [INFO] Matchbook: processed 80/307 events, 1357 markets so far
2026-05-19 18:01:02,688 [INFO] Matchbook: processed 100/307 events, 1392 markets so far
2026-05-19 18:01:02,689 [INFO] Matchbook: processed 120/307 events, 1412 markets so far
2026-05-19 18:01:02,694 [INFO] Matchbook: processed 140/307 events, 1523 markets so far
2026-05-19 18:01:02,721 [INFO] Matchbook: processed 160/307 events, 1876 markets so far
2026-05-19 18:01:02,744 [INFO] Matchbook: processed 180/307 events, 2401 markets so far
2026-05-19 18:01:02,800 [INFO] Matchbook: processed 200/307 events, 3001 markets so far
2026-05-19 18:01:02,839 [INFO] Matchbook: processed 220/307 events, 3650 markets so far
2026-05-19 18:01:02,869 [INFO] Matchbook: processed 240/307 events, 4192 markets so far
2026-05-19 18:01:02,906 [INFO] Matchbook: processed 260/307 events, 4751 markets so far
2026-05-19 18:01:02,915 [INFO] Matchbook: processed 280/307 events, 4896 markets so far
2026-05-19 18:01:02,919 [INFO] Matchbook: processed 300/307 events, 4916 markets so far
2026-05-19 18:01:02,920 [INFO] Matchbook: processed 307/307 events, 4923 markets so far
2026-05-19 18:01:02,921 [INFO] Matchbook: 4924 total markets, 505 above 25 GBP volume
2026-05-19 18:01:03,005 [INFO] matchbook: 4924 total, 505 above 25 GBP threshold
2026-05-19 18:01:03,321 [INFO] Snapshot written: /home/jwfalc/smarkets-bot/data/snapshots/matchbook/2026-05-19_17-00.json
2026-05-19 18:01:03,463 [INFO] Market log updated (matchbook)
2026-05-19 18:01:48,395 [INFO] Scanner complete for matchbook. Snapshot: 2026-05-19_17-00.json
2026-05-19 18:01:49,944 [RESEARCHER] matchbook: 348 tradeable markets from 2026-05-19_17-00.json
2026-05-19 18:01:49,947 [RESEARCHER] Market selection: 0 politics/current-affairs + 15 matchbook-sports + 0 betfair-sports = 15 total
2026-05-19 18:01:49,948 [RESEARCHER] [1/15] Winner
2026-05-19 18:01:57,379 [RESEARCHER] [2/15] Winner
2026-05-19 18:02:05,046 [RESEARCHER] [3/15] To Be Relegated
2026-05-19 18:02:12,929 [RESEARCHER] [4/15] Winner
2026-05-19 18:02:21,201 [RESEARCHER] [5/15] Winner
2026-05-19 18:02:29,996 [RESEARCHER] [6/15] Winner
2026-05-19 18:02:37,738 [RESEARCHER] [7/15] Correct Score
2026-05-19 18:02:44,863 [RESEARCHER] [8/15] Match Odds
2026-05-19 18:02:53,219 [RESEARCHER] [9/15] Correct Score
2026-05-19 18:02:54,901 [RESEARCHER] [10/15] Match Odds
2026-05-19 18:03:03,566 [RESEARCHER] [11/15] Match Odds
2026-05-19 18:03:11,350 [RESEARCHER] [12/15] Top 4 Finish
2026-05-19 18:03:19,967 [RESEARCHER] [13/15] Winner
2026-05-19 18:03:28,098 [RESEARCHER] [14/15] Top 6 Finish
2026-05-19 18:03:31,132 [RESEARCHER] [15/15] Match Odds
2026-05-19 18:03:37,987 [RESEARCHER] Research brief written: 2026-05-19_17-03_brief.json
2026-05-19 18:03:37,988 [RESEARCHER] Markets: 15 | Errors: 0 | Credits used: 60
BRIEF_PATH:/home/jwfalc/smarkets-bot/data/research/2026-05-19_17-03_brief.json
2026-05-19 18:03:38,699 [ANALYZER] Loading research brief: 2026-05-19_17-03_brief.json
2026-05-19 18:03:39,110 [ANALYZER] Betfair cross-ref index: 4895 runners
2026-05-19 18:03:39,115 [ANALYZER] Analyzed 15 markets
2026-05-19 18:03:39,115 [ANALYZER] Found 0 signals (10pp+)
2026-05-19 18:03:39,116 [ANALYZER] Logged 2 distribution entries (7pp+)
2026-05-19 18:03:39,133 [ANALYZER] Research output written: 2026-05-19_17-03_research.json
2026-05-19 18:03:39,136 [ANALYZER] Appended 66 edge traces to edge_traces.json
RESEARCH_PATH:/home/jwfalc/smarkets-bot/data/research/2026-05-19_17-03_research.json
2026-05-19 18:03:40,399 [RESOLVE] Found 15 open trade(s) to check (paper_mode=True)
2026-05-19 18:03:40,400 [RESOLVE] Settled markets found: 0
2026-05-19 18:03:40,400 [RESOLVE] Standings: unknown competition for 'Men's French Open 2026 - Winner' — skip
2026-05-19 18:03:40,400 [RESOLVE] No open-trade markets have settled yet.
2026-05-19 18:03:41,863 [INFO] ============================================================
2026-05-19 18:03:41,864 [INFO] DIGEST RUN STARTED
2026-05-19 18:03:41,865 [INFO] ============================================================
2026-05-19 18:03:50,782 [INFO] Dashboard data written: /home/jwfalc/smarkets-bot/dashboard/dashboard_data.json
2026-05-19 18:03:50,886 [INFO] Period logs updated: 2026-05-19, 2026-W21, 2026-05, 2026-Q2
2026-05-19 18:03:50,887 [INFO] Run log: [2026-05-19 17:03 UTC] status=ok | platforms=betfair,matchbook | markets=682 | signals=0 | alerts=0 | movements=10 | consec_losses=1
2026-05-19 18:03:50,889 [INFO] Digest complete
Balance: £284.33 | Reserved: £59.67 | Available: £224.66
No new paper trades to log
Distribution log updated: 0 new entries added
Total entries: 556
  near_certainty: 4 total, 4 resolved
  high_prob: 14 total, 5 resolved
  7-9pp: 147 total, 33 resolved
  10-11pp: 44 total, 21 resolved
  12pp+: 347 total, 193 resolved

REVIEW DUE: 7-9pp band has 33 resolved entries (threshold: 12)
  Run: python distribution_logger.py report
  Then run: prompts/prompt_review_v1.md

REVIEW DUE: 7-9pp band has 33 resolved entries (threshold: 12)
  Run: python distribution_logger.py report
  Then run: prompts/prompt_review_v1.md
EXIT_CODE:0
Sent
2026-05-19 18:03:57,825 [STATIC-DASH] Building dashboard data…
2026-05-19 18:03:59,933 [STATIC-DASH] Data collected: 109 trades, 9 signals, 682 markets
2026-05-19 18:04:00,292 [STATIC-DASH] Written: /home/jwfalc/smarkets-dashboard/index.html (3293KB)
2026-05-19 18:04:00 [DEPLOY] Starting dashboard deploy...
WARNING: could not find injection point in HTML
HTML written OK
2026-05-19 18:04:00 [DEPLOY] Static HTML built
[main 8c596ad] Deploy: 2026-05-19 18:04 UTC
 1 file changed, 1 insertion(+), 1 deletion(-)
To https://github.com/jwfalc-coder/smarkets-dashboard.git
   cf95200..8c596ad  main -> main
2026-05-19 18:04:00 [DEPLOY] Deploy complete: Deploy: 2026-05-19 18:04 UTC
