Sent
2026-05-15 06:00:03,697 [INFO] ============================================================
2026-05-15 06:00:03,698 [INFO] SCANNER RUN STARTED - BETFAIR
2026-05-15 06:00:03,699 [INFO] ============================================================
2026-05-15 06:00:04,489 [INFO] Cached Betfair session too old, re-logging in
2026-05-15 06:00:04,490 [INFO] Betfair login attempt 1/3
2026-05-15 06:00:04,786 [INFO] Betfair login successful
2026-05-15 06:00:04,961 [INFO] Catalogue: 100 markets for sport ID 1
2026-05-15 06:00:05,117 [INFO] Catalogue: 100 markets for sport ID 2
2026-05-15 06:00:05,269 [INFO] Catalogue: 100 markets for sport ID 7
2026-05-15 06:00:05,404 [INFO] Catalogue: 100 markets for sport ID 4
2026-05-15 06:00:05,500 [INFO] Catalogue: 0 markets for sport ID 2378961
2026-05-15 06:00:05,651 [INFO] Catalogue: 84 markets for sport ID 3
2026-05-15 06:00:05,920 [INFO] Catalogue: 100 markets for sport ID 7522
2026-05-15 06:00:06,062 [INFO] Catalogue: 9 markets for sport ID 6423
2026-05-15 06:00:06,063 [INFO] Betfair: fetching prices for 593 markets...
2026-05-15 06:00:11,843 [INFO] Betfair: enriching 593 markets with price data...
2026-05-15 06:00:11,858 [INFO] Betfair: enriched 50/593 markets, 2 tradeable so far
2026-05-15 06:00:11,867 [INFO] Betfair: enriched 100/593 markets, 12 tradeable so far
2026-05-15 06:00:11,870 [INFO] Betfair: enriched 150/593 markets, 15 tradeable so far
2026-05-15 06:00:11,875 [INFO] Betfair: enriched 200/593 markets, 16 tradeable so far
2026-05-15 06:00:11,888 [INFO] Betfair: enriched 250/593 markets, 24 tradeable so far
2026-05-15 06:00:11,901 [INFO] Betfair: enriched 300/593 markets, 28 tradeable so far
2026-05-15 06:00:11,906 [INFO] Betfair: enriched 350/593 markets, 38 tradeable so far
2026-05-15 06:00:11,911 [INFO] Betfair: enriched 400/593 markets, 42 tradeable so far
2026-05-15 06:00:11,944 [INFO] Betfair: enriched 450/593 markets, 68 tradeable so far
2026-05-15 06:00:11,985 [INFO] Betfair: enriched 500/593 markets, 88 tradeable so far
2026-05-15 06:00:12,101 [INFO] Betfair: enriched 550/593 markets, 95 tradeable so far
2026-05-15 06:00:12,165 [INFO] Betfair: enriched 593/593 markets, 103 tradeable so far
2026-05-15 06:00:12,170 [INFO] Betfair: 593 total markets, 103 above 100 GBP volume
2026-05-15 06:00:12,229 [INFO] betfair: 593 total, 103 above 100 GBP threshold
2026-05-15 06:00:12,608 [INFO] Snapshot written: /home/jwfalc/smarkets-bot/data/snapshots/betfair/2026-05-15_05-00.json
2026-05-15 06:00:12,778 [INFO] Market log updated (betfair)
2026-05-15 06:00:54,156 [INFO] Scanner complete for betfair. Snapshot: 2026-05-15_05-00.json
2026-05-15 06:00:54,822 [INFO] ============================================================
2026-05-15 06:00:55,373 [INFO] SCANNER RUN STARTED - MATCHBOOK
2026-05-15 06:00:55,374 [INFO] ============================================================
2026-05-15 06:00:56,033 [INFO] Matchbook login attempt 1/3
2026-05-15 06:00:56,197 [INFO] Matchbook login successful
2026-05-15 06:00:56,200 [INFO] Matchbook: fetching events with prices for 15 sports...
2026-05-15 06:00:56,367 [INFO] Matchbook: fetched page offset=0, 20 events (total so far: 20)
2026-05-15 06:00:56,600 [INFO] Matchbook: fetched page offset=20, 20 events (total so far: 40)
2026-05-15 06:00:56,946 [INFO] Matchbook: fetched page offset=40, 20 events (total so far: 60)
2026-05-15 06:00:57,262 [INFO] Matchbook: fetched page offset=60, 20 events (total so far: 80)
2026-05-15 06:00:57,628 [INFO] Matchbook: fetched page offset=80, 20 events (total so far: 100)
2026-05-15 06:00:57,956 [INFO] Matchbook: fetched page offset=100, 20 events (total so far: 120)
2026-05-15 06:00:58,279 [INFO] Matchbook: fetched page offset=120, 20 events (total so far: 140)
2026-05-15 06:00:58,699 [INFO] Matchbook: fetched page offset=140, 20 events (total so far: 160)
2026-05-15 06:00:59,066 [INFO] Matchbook: fetched page offset=160, 20 events (total so far: 180)
2026-05-15 06:00:59,391 [INFO] Matchbook: fetched page offset=180, 20 events (total so far: 200)
2026-05-15 06:00:59,715 [INFO] Matchbook: fetched page offset=200, 20 events (total so far: 220)
2026-05-15 06:01:00,050 [INFO] Matchbook: fetched page offset=220, 20 events (total so far: 240)
2026-05-15 06:01:00,426 [INFO] Matchbook: fetched page offset=240, 20 events (total so far: 260)
2026-05-15 06:01:00,845 [INFO] Matchbook: fetched page offset=260, 20 events (total so far: 280)
2026-05-15 06:01:01,135 [INFO] Matchbook: fetched page offset=280, 20 events (total so far: 300)
2026-05-15 06:01:01,378 [INFO] Matchbook: fetched page offset=300, 19 events (total so far: 319)
2026-05-15 06:01:01,378 [INFO] Matchbook: processing 319 events
2026-05-15 06:01:01,399 [INFO] Matchbook: processed 20/319 events, 161 markets so far
2026-05-15 06:01:01,405 [INFO] Matchbook: processed 40/319 events, 181 markets so far
2026-05-15 06:01:01,613 [INFO] Matchbook: processed 60/319 events, 572 markets so far
2026-05-15 06:01:01,633 [INFO] Matchbook: processed 80/319 events, 992 markets so far
2026-05-15 06:01:01,655 [INFO] Matchbook: processed 100/319 events, 1536 markets so far
2026-05-15 06:01:01,677 [INFO] Matchbook: processed 120/319 events, 2035 markets so far
2026-05-15 06:01:01,708 [INFO] Matchbook: processed 140/319 events, 2612 markets so far
2026-05-15 06:01:01,746 [INFO] Matchbook: processed 160/319 events, 3395 markets so far
2026-05-15 06:01:01,779 [INFO] Matchbook: processed 180/319 events, 4158 markets so far
2026-05-15 06:01:01,806 [INFO] Matchbook: processed 200/319 events, 4801 markets so far
2026-05-15 06:01:01,849 [INFO] Matchbook: processed 220/319 events, 5410 markets so far
2026-05-15 06:01:01,876 [INFO] Matchbook: processed 240/319 events, 6079 markets so far
2026-05-15 06:01:01,913 [INFO] Matchbook: processed 260/319 events, 6753 markets so far
2026-05-15 06:01:01,966 [INFO] Matchbook: processed 280/319 events, 7532 markets so far
2026-05-15 06:01:01,991 [INFO] Matchbook: processed 300/319 events, 7926 markets so far
2026-05-15 06:01:01,995 [INFO] Matchbook: processed 319/319 events, 7945 markets so far
2026-05-15 06:01:01,996 [INFO] Matchbook: 7946 total markets, 380 above 25 GBP volume
2026-05-15 06:01:02,115 [INFO] matchbook: 7946 total, 380 above 25 GBP threshold
2026-05-15 06:01:02,337 [INFO] Snapshot written: /home/jwfalc/smarkets-bot/data/snapshots/matchbook/2026-05-15_05-00.json
2026-05-15 06:01:02,451 [INFO] Market log updated (matchbook)
2026-05-15 06:01:48,984 [INFO] Scanner complete for matchbook. Snapshot: 2026-05-15_05-00.json
2026-05-15 06:01:50,360 [RESEARCHER] matchbook: 247 tradeable markets from 2026-05-15_05-00.json
2026-05-15 06:01:50,363 [RESEARCHER] Market selection: 0 politics/current-affairs + 15 matchbook-sports + 0 betfair-sports = 15 total
2026-05-15 06:01:50,363 [RESEARCHER] [1/15] Winner
2026-05-15 06:01:54,031 [RESEARCHER] [2/15] Winner
2026-05-15 06:01:58,325 [RESEARCHER] [3/15] Winner
2026-05-15 06:02:02,306 [RESEARCHER] [4/15] To Be Relegated
2026-05-15 06:02:05,964 [RESEARCHER] [5/15] Winner
2026-05-15 06:02:10,011 [RESEARCHER] [6/15] Top 10 Finish
2026-05-15 06:02:12,264 [RESEARCHER] [7/15] Top 5 Finish
2026-05-15 06:02:14,248 [RESEARCHER] [8/15] Match Odds
2026-05-15 06:02:18,129 [RESEARCHER] [9/15] Top 4 Finish
2026-05-15 06:02:21,930 [RESEARCHER] [10/15] Winner
2026-05-15 06:02:25,766 [RESEARCHER] [11/15] Top 6 Finish
2026-05-15 06:02:29,451 [RESEARCHER] [12/15] Match Odds
2026-05-15 06:02:33,074 [RESEARCHER] [13/15] Top 8 Finish
2026-05-15 06:02:36,587 [RESEARCHER] [14/15] Match Odds
2026-05-15 06:02:43,060 [RESEARCHER] [15/15] Correct Score
2026-05-15 06:02:46,957 [RESEARCHER] Research brief written: 2026-05-15_05-02_brief.json
2026-05-15 06:02:46,957 [RESEARCHER] Markets: 15 | Errors: 0 | Credits used: 30
BRIEF_PATH:/home/jwfalc/smarkets-bot/data/research/2026-05-15_05-02_brief.json
2026-05-15 06:02:47,537 [ANALYZER] Loading research brief: 2026-05-15_05-02_brief.json
2026-05-15 06:02:47,662 [ANALYZER] Analyzed 15 markets
2026-05-15 06:02:47,662 [ANALYZER] Found 7 signals (10pp+)
2026-05-15 06:02:47,662 [ANALYZER] Logged 15 distribution entries (7pp+)
2026-05-15 06:02:47,680 [ANALYZER] Research output written: 2026-05-15_05-02_research.json
2026-05-15 06:02:47,682 [ANALYZER] Appended 69 edge traces to edge_traces.json
RESEARCH_PATH:/home/jwfalc/smarkets-bot/data/research/2026-05-15_05-02_research.json
2026-05-15 06:02:48,821 [RESOLVE] Found 20 open trade(s) to check (paper_mode=True)
2026-05-15 06:02:48,822 [RESOLVE] Settled markets found: 0
2026-05-15 06:02:48,823 [RESOLVE] Standings fallback: 2 season future market(s) to check
2026-05-15 06:02:49,303 [RESOLVE] Standings: no match for ' Scottie Scheffler' in 24-team table
2026-05-15 06:02:49,304 [RESOLVE] Standings: no match for ' Scottie Scheffler' in 24-team table
2026-05-15 06:02:49,304 [RESOLVE] No open-trade markets have settled yet.
2026-05-15 06:02:50,556 [INFO] ============================================================
2026-05-15 06:02:50,557 [INFO] DIGEST RUN STARTED
2026-05-15 06:02:50,557 [INFO] ============================================================
2026-05-15 06:02:59,097 [INFO] Signal filtered (high-odds lay): Top 10 Finish @ 5.30 odds, 10.0pp edge
2026-05-15 06:02:59,098 [INFO] Signal filtered (high-odds lay): Top 8 Finish @ 6.00 odds, 11.7pp edge
2026-05-15 06:02:59,144 [INFO] Dashboard data written: /home/jwfalc/smarkets-bot/dashboard/dashboard_data.json
2026-05-15 06:02:59,226 [INFO] Period logs updated: 2026-05-15, 2026-W20, 2026-05, 2026-Q2
2026-05-15 06:02:59,228 [INFO] Run log: [2026-05-15 05:02 UTC] status=signal | platforms=betfair,matchbook | markets=483 | signals=5 | alerts=0 | movements=10 | consec_losses=0
2026-05-15 06:02:59,229 [INFO] Digest complete
Balance: £175.68 | Reserved: £178.26 | Available: £-2.58
Skipping (insufficient balance): Top 10 Finish needs £4.95, only £-2.58 available
Skipping high-odds lay: Top 10 Finish @ 5.30 odds, 10.0pp edge (need 20.0pp+ above 4.0 odds)
Skipping (insufficient balance): Top 10 Finish needs £5.20, only £-2.58 available
Skipping (already open): Top 5 Finish LAY
Skipping (already open): Top 6 Finish LAY
Skipping (already open): Top 6 Finish LAY
Skipping high-odds lay: Top 8 Finish @ 6.00 odds, 11.7pp edge (need 20.0pp+ above 4.0 odds)
No new paper trades to log
Distribution log updated: 14 new entries added
Total entries: 582
  7-9pp: 160 total, 27 resolved
  10-11pp: 67 total, 37 resolved
  12pp+: 355 total, 171 resolved

REVIEW DUE: 7-9pp band has 27 resolved entries (threshold: 12)
  Run: python distribution_logger.py report
  Then run: prompts/prompt_review_v1.md

REVIEW DUE: 7-9pp band has 27 resolved entries (threshold: 12)
  Run: python distribution_logger.py report
  Then run: prompts/prompt_review_v1.md
EXIT_CODE:0
Sent
2026-05-15 06:03:05,020 [STATIC-DASH] Building dashboard data…
2026-05-15 06:03:06,745 [STATIC-DASH] Data collected: 132 trades, 63 signals, 483 markets
2026-05-15 06:03:07,010 [STATIC-DASH] Written: /home/jwfalc/smarkets-dashboard/index.html (2661KB)
2026-05-15 06:03:07 [DEPLOY] Starting dashboard deploy...
WARNING: could not find injection point in HTML
HTML written OK
2026-05-15 06:03:07 [DEPLOY] Static HTML built
[main 60b071b] Deploy: 2026-05-15 06:03 UTC
 1 file changed, 1 insertion(+), 1 deletion(-)
To https://github.com/jwfalc-coder/smarkets-dashboard.git
   e4f3484..60b071b  main -> main
2026-05-15 06:03:07 [DEPLOY] Deploy complete: Deploy: 2026-05-15 06:03 UTC
