Telegram connection error (attempt 1/3), retrying in 8s: ('Connection aborted.', ConnectionResetError(104, 'Connection reset by peer'))
Sent
2026-06-13 15:00:10,774 [INFO] ============================================================
2026-06-13 15:00:10,774 [INFO] SCANNER RUN STARTED - BETFAIR
2026-06-13 15:00:10,774 [INFO] ============================================================
2026-06-13 15:00:11,173 [INFO] Cached Betfair session too old, re-logging in
2026-06-13 15:00:11,173 [INFO] Betfair login attempt 1/3
2026-06-13 15:00:11,328 [INFO] Betfair login successful
2026-06-13 15:00:11,465 [INFO] Catalogue: 100 markets for sport ID 1
2026-06-13 15:00:11,575 [INFO] Catalogue: 100 markets for sport ID 2
2026-06-13 15:00:11,685 [INFO] Catalogue: 100 markets for sport ID 7
2026-06-13 15:00:11,798 [INFO] Catalogue: 100 markets for sport ID 4
2026-06-13 15:00:11,867 [INFO] Catalogue: 0 markets for sport ID 2378961
2026-06-13 15:00:11,960 [INFO] Catalogue: 10 markets for sport ID 3
2026-06-13 15:00:12,137 [INFO] Catalogue: 71 markets for sport ID 7522
2026-06-13 15:00:12,235 [INFO] Catalogue: 6 markets for sport ID 6423
2026-06-13 15:00:12,235 [INFO] Betfair: fetching prices for 487 markets...
2026-06-13 15:00:16,239 [INFO] Betfair: enriching 487 markets with price data...
2026-06-13 15:00:16,251 [INFO] Betfair: enriched 50/487 markets, 4 tradeable so far
2026-06-13 15:00:16,261 [INFO] Betfair: enriched 100/487 markets, 8 tradeable so far
2026-06-13 15:00:16,264 [INFO] Betfair: enriched 150/487 markets, 9 tradeable so far
2026-06-13 15:00:16,267 [INFO] Betfair: enriched 200/487 markets, 9 tradeable so far
2026-06-13 15:00:16,278 [INFO] Betfair: enriched 250/487 markets, 43 tradeable so far
2026-06-13 15:00:16,285 [INFO] Betfair: enriched 300/487 markets, 65 tradeable so far
2026-06-13 15:00:16,288 [INFO] Betfair: enriched 350/487 markets, 71 tradeable so far
2026-06-13 15:00:16,291 [INFO] Betfair: enriched 400/487 markets, 73 tradeable so far
2026-06-13 15:00:16,357 [INFO] Betfair: enriched 450/487 markets, 109 tradeable so far
2026-06-13 15:00:16,403 [INFO] Betfair: enriched 487/487 markets, 109 tradeable so far
2026-06-13 15:00:16,404 [INFO] Betfair: 487 total markets, 109 above 100 GBP volume
2026-06-13 15:00:16,523 [INFO] Outrights: 20 markets for sport 1
2026-06-13 15:00:16,610 [INFO] Outrights: 11 markets for sport 3
2026-06-13 15:00:16,699 [INFO] Outrights: 1 markets for sport 2378961
2026-06-13 15:00:17,048 [INFO] Outrights: 30 markets above 25 GBP
2026-06-13 15:00:17,052 [INFO] Betfair: added 30 outright markets for cross-ref
2026-06-13 15:00:17,052 [INFO] betfair: 517 total, 139 above 100 GBP threshold
2026-06-13 15:00:17,378 [INFO] Snapshot written: /home/jwfalc/smarkets-bot/data/snapshots/betfair/2026-06-13_14-00.json
2026-06-13 15:00:17,555 [INFO] Market log updated (betfair)
2026-06-13 15:00:41,896 [INFO] Scanner complete for betfair. Snapshot: 2026-06-13_14-00.json
2026-06-13 15:00:42,206 [INFO] ============================================================
2026-06-13 15:00:42,207 [INFO] SCANNER RUN STARTED - MATCHBOOK
2026-06-13 15:00:42,207 [INFO] ============================================================
2026-06-13 15:00:42,549 [INFO] Matchbook login attempt 1/3
2026-06-13 15:00:42,713 [INFO] Matchbook login successful
2026-06-13 15:00:42,714 [INFO] Matchbook: fetching events with prices for 15 sports...
2026-06-13 15:00:42,802 [INFO] Matchbook: fetched page offset=0, 20 events (total so far: 20)
2026-06-13 15:00:43,082 [INFO] Matchbook: fetched page offset=20, 20 events (total so far: 40)
2026-06-13 15:00:43,389 [INFO] Matchbook: fetched page offset=40, 20 events (total so far: 60)
2026-06-13 15:00:43,759 [INFO] Matchbook: fetched page offset=60, 20 events (total so far: 80)
2026-06-13 15:00:44,103 [INFO] Matchbook: fetched page offset=80, 20 events (total so far: 100)
2026-06-13 15:00:44,390 [INFO] Matchbook: fetched page offset=100, 20 events (total so far: 120)
2026-06-13 15:00:44,724 [INFO] Matchbook: fetched page offset=120, 20 events (total so far: 140)
2026-06-13 15:00:45,062 [INFO] Matchbook: fetched page offset=140, 20 events (total so far: 160)
2026-06-13 15:00:45,437 [INFO] Matchbook: fetched page offset=160, 20 events (total so far: 180)
2026-06-13 15:00:45,697 [INFO] Matchbook: fetched page offset=180, 20 events (total so far: 200)
2026-06-13 15:00:45,927 [INFO] Matchbook: fetched page offset=200, 3 events (total so far: 203)
2026-06-13 15:00:45,928 [INFO] Matchbook: processing 203 events
2026-06-13 15:00:45,932 [INFO] Matchbook: processed 20/203 events, 102 markets so far
2026-06-13 15:00:45,942 [INFO] Matchbook: processed 40/203 events, 383 markets so far
2026-06-13 15:00:45,953 [INFO] Matchbook: processed 60/203 events, 694 markets so far
2026-06-13 15:00:45,976 [INFO] Matchbook: processed 80/203 events, 1310 markets so far
2026-06-13 15:00:45,996 [INFO] Matchbook: processed 100/203 events, 1900 markets so far
2026-06-13 15:00:46,010 [INFO] Matchbook: processed 120/203 events, 2361 markets so far
2026-06-13 15:00:46,062 [INFO] Matchbook: processed 140/203 events, 2808 markets so far
2026-06-13 15:00:46,076 [INFO] Matchbook: processed 160/203 events, 3149 markets so far
2026-06-13 15:00:46,100 [INFO] Matchbook: processed 180/203 events, 3681 markets so far
2026-06-13 15:00:46,106 [INFO] Matchbook: processed 200/203 events, 3740 markets so far
2026-06-13 15:00:46,108 [INFO] Matchbook: processed 203/203 events, 3743 markets so far
2026-06-13 15:00:46,109 [INFO] Matchbook: 3744 total markets, 597 above 25 GBP volume
2026-06-13 15:00:46,150 [INFO] matchbook: 3744 total, 597 above 25 GBP threshold
2026-06-13 15:00:46,370 [INFO] Snapshot written: /home/jwfalc/smarkets-bot/data/snapshots/matchbook/2026-06-13_14-00.json
2026-06-13 15:00:46,491 [INFO] Market log updated (matchbook)
2026-06-13 15:01:12,177 [INFO] Scanner complete for matchbook. Snapshot: 2026-06-13_14-00.json
2026-06-13 15:01:12,822 [RESEARCHER] Prior index loaded: 22 known runners
2026-06-13 15:01:12,891 [RESEARCHER] betfair: skipped 19 outright markets with no start time (BUG-093)
2026-06-13 15:01:12,892 [RESEARCHER] betfair: 120 tradeable markets from 2026-06-13_14-00.json
2026-06-13 15:01:12,892 [RESEARCHER] Market selection: 1 politics + 0 outrights + 15 other sports = 16 total (platforms: ['betfair'])
2026-06-13 15:01:12,892 [RESEARCHER] [1/16] Makerfield - Restore Britain Vote Percentage
2026-06-13 15:01:18,152 [RESEARCHER] [2/16] NBA Championship Winner
2026-06-13 15:01:25,140 [RESEARCHER]   Prior history injected for New York Knicks
2026-06-13 15:01:25,140 [RESEARCHER] [3/16] 6f Hcap
2026-06-13 15:01:30,336 [RESEARCHER] [4/16] 1m Hcap
2026-06-13 15:01:36,239 [RESEARCHER] [5/16] Moneyline
2026-06-13 15:01:43,312 [RESEARCHER]   Prior history injected for New York Knicks
2026-06-13 15:01:43,312 [RESEARCHER] [6/16] FIFA Golden Ball
2026-06-13 15:01:50,822 [RESEARCHER] [7/16] 6f Nov Stks
2026-06-13 15:01:55,974 [RESEARCHER] [8/16] Match Odds
2026-06-13 15:02:03,391 [RESEARCHER]   Prior history injected for West Indies W
2026-06-13 15:02:03,392 [RESEARCHER]   Prior history injected for New Zealand W
2026-06-13 15:02:03,392 [RESEARCHER] [9/16] Match Odds
2026-06-13 15:02:13,064 [RESEARCHER] [10/16] 1m2f Hcap
2026-06-13 15:02:19,582 [RESEARCHER] [11/16] 2m4f Hcap Hrd
2026-06-13 15:02:25,862 [RESEARCHER] [12/16] Moneyline
2026-06-13 15:02:33,565 [RESEARCHER] [13/16] PFA Player of the Year 2025/26
2026-06-13 15:02:40,794 [RESEARCHER] [14/16] 2m6f Hcap Hrd
2026-06-13 15:02:46,197 [RESEARCHER] [15/16] Moneyline
2026-06-13 15:02:53,013 [RESEARCHER] [16/16] 18:45-James
2026-06-13 15:03:01,893 [RESEARCHER] Research brief written: 2026-06-13_14-03_brief.json
2026-06-13 15:03:01,893 [RESEARCHER] Markets: 16 | Errors: 0 | Credits used: 58
BRIEF_PATH:/home/jwfalc/smarkets-bot/data/research/2026-06-13_14-03_brief.json
2026-06-13 15:03:02,221 [ANALYZER] Loading research brief: 2026-06-13_14-03_brief.json
2026-06-13 15:03:02,495 [ANALYZER] Betfair cross-ref index: 3090 runners
2026-06-13 15:03:02,694 [ANALYZER] Analyzed 16 markets
2026-06-13 15:03:02,694 [ANALYZER] Found 4 signals (10pp+)
2026-06-13 15:03:02,694 [ANALYZER] Logged 7 distribution entries (7pp+)
2026-06-13 15:03:02,708 [ANALYZER] Research output written: 2026-06-13_14-03_research.json
2026-06-13 15:03:02,710 [ANALYZER] Appended 73 edge traces to edge_traces.json
RESEARCH_PATH:/home/jwfalc/smarkets-bot/data/research/2026-06-13_14-03_research.json
2026-06-13 15:03:03,276 [RESOLVE] Found 20 open trade(s) to check (paper_mode=True)
2026-06-13 15:03:03,344 [RESOLVE] Using cached Betfair session token
2026-06-13 15:03:03,345 [RESOLVE] Betfair: checking 14 open-trade markets
2026-06-13 15:03:16,013 [RESOLVE] Snapshot name lookup: found mappings for 14 markets
2026-06-13 15:03:16,199 [RESOLVE] Settled markets found: 0
2026-06-13 15:03:16,199 [RESOLVE] No open-trade markets have settled yet.
Kelly balance: £73.21 | Reserved: £98.65 | Available: £-25.44
Skipping (already open): NBA Championship Winner BACK
Skipping (already open): Moneyline BACK
⚠ LOW BALANCE: 18:45-James needs £2.21, only £-25.44 available — logging anyway (Phase 0 manual)
Logged paper trade: 18:45-James - BACK @ 32.79% (edge: 10.37pp) [betfair] | available now £-27.65
  [dedup] Removed duplicate open: Scottie Scheffler Winner
  [dedup] Removed duplicate open: Scottie Scheffler Winner
  [dedup] 2 duplicate(s) removed in post-write scan

1 new paper trade(s) logged
2026-06-13 15:03:17,487 [INFO] ============================================================
2026-06-13 15:03:17,487 [INFO] DIGEST RUN STARTED
2026-06-13 15:03:17,488 [INFO] ============================================================
2026-06-13 15:03:21,323 [INFO] Slip dedup: skipping New York Knicks (BACK) — already open
2026-06-13 15:03:21,330 [INFO] Slip dedup: skipping Ben James (BACK) — already open
2026-06-13 15:03:21,330 [INFO] Slip dedup: skipping New York Knicks (BACK) — already open
2026-06-13 15:03:21,336 [INFO] Sending batch slip: 1 signals
2026-06-13 15:03:21,489 [INFO] Telegram notification sent
2026-06-13 15:03:21,490 [INFO] Sent 4 Telegram signal alerts
2026-06-13 15:03:21,512 [INFO] Dashboard data written: /home/jwfalc/smarkets-bot/dashboard/dashboard_data.json
2026-06-13 15:03:21,582 [INFO] Period logs updated: 2026-06-13, 2026-W24, 2026-06, 2026-Q2
2026-06-13 15:03:21,583 [INFO] Run log: [2026-06-13 14:03 UTC] status=signal | platforms=betfair,matchbook | markets=736 | signals=4 | alerts=4 | movements=10 | consec_losses=0
2026-06-13 15:03:21,583 [INFO] Digest complete
Distribution log updated: 2 new entries added
Total entries: 1158
  near_certainty: 11 total, 9 resolved
  high_prob: 37 total, 20 resolved
  7-9pp: 348 total, 109 resolved
  10-11pp: 186 total, 62 resolved
  12pp+: 576 total, 410 resolved

REVIEW DUE: 7-9pp band has 109 resolved entries (threshold: 12)
  Run: python distribution_logger.py report
  Then run: prompts/prompt_review_v1.md

REVIEW DUE: 7-9pp band has 109 resolved entries (threshold: 12)
  Run: python distribution_logger.py report
  Then run: prompts/prompt_review_v1.md
EXIT_CODE:0
Sent
2026-06-13 15:03:24,025 [STATIC-DASH] Building dashboard data…
2026-06-13 15:03:25,227 [STATIC-DASH] Data collected: 45 trades, 53 signals, 736 markets
2026-06-13 15:03:25,487 [STATIC-DASH] Written: /home/jwfalc/smarkets-dashboard/index.html (3432KB)
2026-06-13 15:03:25,499 [STATIC-DASH] Copied PWA asset: manifest.json
2026-06-13 15:03:25,500 [STATIC-DASH] Copied PWA asset: apple-touch-icon.png
2026-06-13 15:03:25,501 [STATIC-DASH] Copied PWA asset: icon-192.png
2026-06-13 15:03:25,502 [STATIC-DASH] Copied PWA asset: icon-512.png
2026-06-13 15:03:25 [DEPLOY] Starting dashboard deploy...
WARNING: could not find injection point in HTML
HTML written OK
2026-06-13 15:03:25 [DEPLOY] Static HTML built
[main 2eacf75] Deploy: 2026-06-13 15:03 UTC
 1 file changed, 1 insertion(+), 1 deletion(-)
To https://github.com/jwfalc-coder/smarkets-dashboard.git
   4d0b53d..2eacf75  main -> main
2026-06-13 15:03:25 [DEPLOY] Deploy complete: Deploy: 2026-06-13 15:03 UTC
[main fbfea54] log: routine_2026-06-13_1500
 1 file changed, 169 insertions(+)
 create mode 100644 data/routine_logs/routine_2026-06-13_1500.log
From https://github.com/jwfalc-coder/betting-auditor
 * branch            main       -> FETCH_HEAD
Current branch main is up to date.
To https://github.com/jwfalc-coder/betting-auditor.git
   2879534..fbfea54  main -> main
