Sent
2026-06-20 06:00:02,841 [INFO] ============================================================
2026-06-20 06:00:02,841 [INFO] SCANNER RUN STARTED - BETFAIR
2026-06-20 06:00:02,841 [INFO] ============================================================
2026-06-20 06:00:03,245 [INFO] Cached Betfair session too old, re-logging in
2026-06-20 06:00:03,245 [INFO] Betfair login attempt 1/3
2026-06-20 06:00:03,387 [INFO] Betfair login successful
2026-06-20 06:00:03,532 [INFO] Catalogue: 100 markets for sport ID 1 (window=48h)
2026-06-20 06:00:03,661 [INFO] Catalogue: 100 markets for sport ID 2 (window=48h)
2026-06-20 06:00:03,789 [INFO] Catalogue: 100 markets for sport ID 7 (window=48h)
2026-06-20 06:00:03,909 [INFO] Catalogue: 100 markets for sport ID 4 (window=48h)
2026-06-20 06:00:03,985 [INFO] Catalogue: 0 markets for sport ID 2378961 (window=168h)
2026-06-20 06:00:04,107 [INFO] Catalogue: 70 markets for sport ID 3 (window=168h)
2026-06-20 06:00:04,237 [INFO] Catalogue: 27 markets for sport ID 7522 (window=48h)
2026-06-20 06:00:04,357 [INFO] Catalogue: 9 markets for sport ID 6423 (window=48h)
2026-06-20 06:00:04,357 [INFO] Betfair: fetching prices for 506 markets...
2026-06-20 06:00:08,545 [INFO] Betfair: enriching 506 markets with price data...
2026-06-20 06:00:08,552 [INFO] Betfair: enriched 50/506 markets, 4 tradeable so far
2026-06-20 06:00:08,559 [INFO] Betfair: enriched 100/506 markets, 5 tradeable so far
2026-06-20 06:00:08,562 [INFO] Betfair: enriched 150/506 markets, 6 tradeable so far
2026-06-20 06:00:08,565 [INFO] Betfair: enriched 200/506 markets, 7 tradeable so far
2026-06-20 06:00:08,575 [INFO] Betfair: enriched 250/506 markets, 19 tradeable so far
2026-06-20 06:00:08,587 [INFO] Betfair: enriched 300/506 markets, 29 tradeable so far
2026-06-20 06:00:08,591 [INFO] Betfair: enriched 350/506 markets, 40 tradeable so far
2026-06-20 06:00:08,595 [INFO] Betfair: enriched 400/506 markets, 56 tradeable so far
2026-06-20 06:00:08,651 [INFO] Betfair: enriched 450/506 markets, 91 tradeable so far
2026-06-20 06:00:08,709 [INFO] Betfair: enriched 500/506 markets, 99 tradeable so far
2026-06-20 06:00:08,721 [INFO] Betfair: enriched 506/506 markets, 99 tradeable so far
2026-06-20 06:00:08,724 [INFO] Betfair: 506 total markets, 99 above 100 GBP volume
2026-06-20 06:00:08,820 [INFO] Outrights: 20 markets for sport 1
2026-06-20 06:00:08,906 [INFO] Outrights: 9 markets for sport 3
2026-06-20 06:00:08,987 [INFO] Outrights: 50 markets for sport 2378961
2026-06-20 06:00:09,589 [INFO] Outrights: 57 markets above 25 GBP
2026-06-20 06:00:09,593 [INFO] Betfair: added 53 outright markets for cross-ref
2026-06-20 06:00:09,594 [INFO] betfair: 559 total, 152 above 100 GBP threshold
2026-06-20 06:00:09,790 [INFO] Snapshot written: /home/jwfalc/smarkets-bot/data/snapshots/betfair/2026-06-20_05-00.json
2026-06-20 06:00:09,889 [INFO] Market log updated (betfair)
2026-06-20 06:00:35,918 [INFO] Scanner complete for betfair. Snapshot: 2026-06-20_05-00.json
2026-06-20 06:00:36,232 [INFO] ============================================================
2026-06-20 06:00:36,233 [INFO] SCANNER RUN STARTED - MATCHBOOK
2026-06-20 06:00:36,233 [INFO] ============================================================
2026-06-20 06:00:36,582 [INFO] Matchbook login attempt 1/3
2026-06-20 06:00:36,827 [INFO] Matchbook login successful
2026-06-20 06:00:36,828 [INFO] Matchbook: fetching events with prices for 15 sports...
2026-06-20 06:00:36,926 [INFO] Matchbook: fetched page offset=0, 20 events (total so far: 20)
2026-06-20 06:00:37,186 [INFO] Matchbook: fetched page offset=20, 20 events (total so far: 40)
2026-06-20 06:00:37,436 [INFO] Matchbook: fetched page offset=40, 20 events (total so far: 60)
2026-06-20 06:00:37,676 [INFO] Matchbook: fetched page offset=60, 20 events (total so far: 80)
2026-06-20 06:00:38,009 [INFO] Matchbook: fetched page offset=80, 20 events (total so far: 100)
2026-06-20 06:00:38,316 [INFO] Matchbook: fetched page offset=100, 20 events (total so far: 120)
2026-06-20 06:00:38,792 [INFO] Matchbook: fetched page offset=120, 20 events (total so far: 140)
2026-06-20 06:00:39,105 [INFO] Matchbook: fetched page offset=140, 20 events (total so far: 160)
2026-06-20 06:00:39,413 [INFO] Matchbook: fetched page offset=160, 20 events (total so far: 180)
2026-06-20 06:00:39,668 [INFO] Matchbook: fetched page offset=180, 15 events (total so far: 195)
2026-06-20 06:00:39,668 [INFO] Matchbook: processing 195 events
2026-06-20 06:00:39,674 [INFO] Matchbook: processed 20/195 events, 100 markets so far
2026-06-20 06:00:39,682 [INFO] Matchbook: processed 40/195 events, 326 markets so far
2026-06-20 06:00:39,688 [INFO] Matchbook: processed 60/195 events, 482 markets so far
2026-06-20 06:00:39,690 [INFO] Matchbook: processed 80/195 events, 534 markets so far
2026-06-20 06:00:39,706 [INFO] Matchbook: processed 100/195 events, 930 markets so far
2026-06-20 06:00:39,724 [INFO] Matchbook: processed 120/195 events, 1413 markets so far
2026-06-20 06:00:39,755 [INFO] Matchbook: processed 140/195 events, 2160 markets so far
2026-06-20 06:00:39,771 [INFO] Matchbook: processed 160/195 events, 2536 markets so far
2026-06-20 06:00:39,816 [INFO] Matchbook: processed 180/195 events, 2869 markets so far
2026-06-20 06:00:39,821 [INFO] Matchbook: processed 195/195 events, 2884 markets so far
2026-06-20 06:00:39,822 [INFO] Matchbook: 2885 total markets, 408 above 25 GBP volume
2026-06-20 06:00:39,856 [INFO] matchbook: 2885 total, 408 above 25 GBP threshold
2026-06-20 06:00:40,015 [INFO] Snapshot written: /home/jwfalc/smarkets-bot/data/snapshots/matchbook/2026-06-20_05-00.json
2026-06-20 06:00:40,099 [INFO] Market log updated (matchbook)
2026-06-20 06:01:06,223 [INFO] Scanner complete for matchbook. Snapshot: 2026-06-20_05-00.json
2026-06-20 06:01:06,882 [RESEARCHER] Research cache: 57 entries loaded (TTL 6h, drift 10%)
2026-06-20 06:01:06,927 [RESEARCHER] betfair: skipped 3 markets above volume cap (£500,000)
2026-06-20 06:01:06,928 [RESEARCHER] Horizon filter: skipping English Premier League | pfa player of the year 2025/26 — no market_start_time (outright/long-horizon type)
2026-06-20 06:01:06,928 [RESEARCHER] Horizon filter: skipping Brazilian Serie A | winner 2026 — no market_start_time (outright/long-horizon type)
2026-06-20 06:01:06,928 [RESEARCHER] Horizon filter: skipping Irish Premier Division | winner outright 2026 — no market_start_time (outright/long-horizon type)
2026-06-20 06:01:06,928 [RESEARCHER] Horizon filter: skipping US Major League Soccer | mls cup winner 2026 — no market_start_time (outright/long-horizon type)
2026-06-20 06:01:06,928 [RESEARCHER] Horizon filter: skipping FIFA World Cup | fifa golden ball — no market_start_time (outright/long-horizon type)
2026-06-20 06:01:06,929 [RESEARCHER] Horizon filter: skipping FIFA World Cup | winning group — no market_start_time (outright/long-horizon type)
2026-06-20 06:01:06,929 [RESEARCHER] Horizon filter: skipping FIFA World Cup | total tournament goals — no market_start_time (outright/long-horizon type)
2026-06-20 06:01:06,929 [RESEARCHER] Horizon filter: skipping FIFA World Cup | england top team goalscorer — no market_start_time (outright/long-horizon type)
2026-06-20 06:01:06,929 [RESEARCHER] Horizon filter: skipping FIFA World Cup | who will perform at the world cup final ht show? — no market_start_time (outright/long-horizon type)
2026-06-20 06:01:06,929 [RESEARCHER] Horizon filter: skipping English Sky Bet League 1 | winner 2026/27 — no market_start_time (outright/long-horizon type)
2026-06-20 06:01:06,929 [RESEARCHER] Horizon filter: skipping English Sky Bet League 2 | winner 2026/27 — no market_start_time (outright/long-horizon type)
2026-06-20 06:01:06,929 [RESEARCHER] Horizon filter: skipping English Sky Bet Championship | winner 2026/27 — no market_start_time (outright/long-horizon type)
2026-06-20 06:01:06,929 [RESEARCHER] Horizon filter: skipping English Premier League | winner — no market_start_time (outright/long-horizon type)
2026-06-20 06:01:06,929 [RESEARCHER] Horizon filter: skipping English Premier League | relegation — no market_start_time (outright/long-horizon type)
2026-06-20 06:01:06,929 [RESEARCHER] Horizon filter: skipping Specials | ballon d'or winner 2026 — no market_start_time (outright/long-horizon type)
2026-06-20 06:01:06,929 [RESEARCHER] Horizon filter: skipping The Open Championship 2026 | winner — no market_start_time (outright/long-horizon type)
2026-06-20 06:01:06,930 [RESEARCHER] Horizon filter: skipping Presidents Cup 2026 | winner — no market_start_time (outright/long-horizon type)
2026-06-20 06:01:06,930 [RESEARCHER] Horizon filter: skipping The Masters 2027 | winner — no market_start_time (outright/long-horizon type)
2026-06-20 06:01:06,930 [RESEARCHER] Horizon filter: skipping The Ryder Cup 2027 | winner — no market_start_time (outright/long-horizon type)
2026-06-20 06:01:06,930 [RESEARCHER] betfair: skipped 19 outright markets with no start time (BUG-093)
2026-06-20 06:01:06,930 [RESEARCHER] betfair: 130 tradeable markets from 2026-06-20_05-00.json
2026-06-20 06:01:06,932 [RESEARCHER] Politics: skipping indefinite market: South American Politics | Next President of Peru
2026-06-20 06:01:06,932 [RESEARCHER] Politics: skipping indefinite market: South American Politics | Next President of Colombia
2026-06-20 06:01:06,932 [RESEARCHER] Politics: skipping indefinite market: UK - Party Leaders | Next Lib Dem Leader
2026-06-20 06:01:06,933 [RESEARCHER] Politics: skipping indefinite market: European Politics | Next Prime Minister of Sweden
2026-06-20 06:01:06,933 [RESEARCHER] Politics: skipping indefinite market: UK - Party Leaders | Next Labour Leader
2026-06-20 06:01:06,933 [RESEARCHER] Politics: skipping indefinite market: South American Politics | Next President of Brazil
2026-06-20 06:01:06,933 [RESEARCHER] Politics: capped at 5 slots — dropped 22 lowest-volume politics markets
2026-06-20 06:01:06,941 [RESEARCHER] Market selection: 5 politics + 6 outrights + 14 other sports = 25 total (platforms: ['betfair'])
2026-06-20 06:01:06,941 [RESEARCHER] [1/25] Which party will control the House in 2026?
2026-06-20 06:01:17,267 [RESEARCHER] [2/25] Which party will control the Senate in 2026?
2026-06-20 06:01:25,763 [RESEARCHER] [3/25] Los Angeles Mayoral Election
2026-06-20 06:01:34,618 [RESEARCHER] [4/25] Montana Senate Election Winner
2026-06-20 06:01:41,978 [RESEARCHER] [5/25] Oregon Gubernatorial Election Winner
2026-06-20 06:01:50,262 [RESEARCHER] [6/25] Top 10 Finish
2026-06-20 06:02:01,181 [RESEARCHER]   Data provider: 6 facts injected
2026-06-20 06:02:01,181 [RESEARCHER] [7/25] Top 20 Finish
2026-06-20 06:02:03,713 [RESEARCHER]   Data provider: 6 facts injected
2026-06-20 06:02:03,714 [RESEARCHER] [8/25] Top 5 Finish
2026-06-20 06:02:06,342 [RESEARCHER]   Data provider: 6 facts injected
2026-06-20 06:02:06,342 [RESEARCHER] [9/25] Top 8 Finish
2026-06-20 06:02:08,963 [RESEARCHER]   Data provider: 6 facts injected
2026-06-20 06:02:08,964 [RESEARCHER] [10/25] Top 6 Finish
2026-06-20 06:02:11,622 [RESEARCHER]   Data provider: 6 facts injected
2026-06-20 06:02:11,622 [RESEARCHER] [11/25] Winner
2026-06-20 06:02:20,672 [RESEARCHER] [SLASHGOLF] No tournament match for ' LPGA Meijer Classic 2026'
2026-06-20 06:02:20,673 [RESEARCHER] [12/25] New Zealand 2nd Innings Runs Line
2026-06-20 06:02:28,493 [RESEARCHER] [13/25] Match Odds
2026-06-20 06:02:35,825 [RESEARCHER] [14/25] Match Odds
2026-06-20 06:02:45,250 [RESEARCHER] [15/25] Match Odds
2026-06-20 06:02:53,001 [RESEARCHER]   Data provider: 2 facts injected
2026-06-20 06:02:53,002 [RESEARCHER] [16/25] Match Odds
2026-06-20 06:03:00,976 [RESEARCHER]   Data provider: 2 facts injected
2026-06-20 06:03:00,977 [RESEARCHER] [17/25] Each Way - 10 Places
2026-06-20 06:03:03,605 [RESEARCHER]   Data provider: 6 facts injected
2026-06-20 06:03:03,606 [RESEARCHER] [19/25] Robert MacIntyre vs Joaquin Niemann
2026-06-20 06:03:13,545 [RESEARCHER] [SLASHGOLF] No tournament match for 'Tournament Match Bets'
2026-06-20 06:03:13,545 [RESEARCHER] [24/25] Match Odds
2026-06-20 06:03:20,876 [RESEARCHER] Research cache: pruned 9 entries older than 24h
2026-06-20 06:03:20,918 [RESEARCHER] researcher.py: skipped 6 markets (6 horse_racing) (excluded_sports)
2026-06-20 06:03:20,919 [RESEARCHER] Research cache: 0 hits, 25 fresh lookups
2026-06-20 06:03:20,942 [RESEARCHER] Research brief written: 2026-06-20_05-03_brief.json
2026-06-20 06:03:20,943 [RESEARCHER] Markets: 19 | Errors: 0 | Credits used: 92
BRIEF_PATH:/home/jwfalc/smarkets-bot/data/research/2026-06-20_05-03_brief.json
2026-06-20 06:03:23,433 [ANALYZER] Loading research brief: 2026-06-20_05-03_brief.json
2026-06-20 06:03:23,604 [ANALYZER] Betfair cross-ref index: 3067 runners
2026-06-20 06:03:23,606 [ANALYZER] BUG-134: Merged duplicate runner 'Deomcratic Party' into 'Democratic Party' (similarity 0.94) in USA 2026 Midterm Elections | Which party will control the House in 2026?
2026-06-20 06:03:23,615 [ANALYZER] Market skipped (overbook 132% > 130%): USA - Politics Specials | Los Angeles Mayoral Election
2026-06-20 06:03:23,615 [ANALYZER] Market skipped (overbook 140% > 130%): USA 2026 Midterm Elections | Montana Senate Election Winner
2026-06-20 06:03:23,615 [ANALYZER] Market skipped (overbook 187% > 130%): USA 2026 Midterm Elections | Oregon Gubernatorial Election Winner
2026-06-20 06:03:23,666 [ANALYZER] BUG-130: Skipped unsupported market type:   US Open 2026 | Top 8 Finish [betfair]
2026-06-20 06:03:23,698 [ANALYZER] MOD-246: suppressed BACK Lottie Woad on Winner — edge 20.8pp >= ceiling 15.0pp
2026-06-20 06:03:23,699 [ANALYZER] BUG-130: Skipped unsupported market type: England v New Zealand | New Zealand 2nd Innings Runs Line [betfair]
2026-06-20 06:03:23,712 [ANALYZER] MOD-246: suppressed BACK Australia W on Match Odds — edge 48.1pp >= ceiling 15.0pp
2026-06-20 06:03:23,729 [ANALYZER] BUG-130: Skipped unsupported market type: Tournament Match Bets | Robert MacIntyre vs Joaquin Niemann [betfair]
2026-06-20 06:03:23,733 [ANALYZER] Analyzed 13 markets
2026-06-20 06:03:23,733 [ANALYZER] Found 9 signals (10pp+)
2026-06-20 06:03:23,734 [ANALYZER] Logged 21 distribution entries (7pp+)
2026-06-20 06:03:23,746 [ANALYZER] Research output written: 2026-06-20_05-03_research.json
2026-06-20 06:03:23,748 [ANALYZER] Appended 50 edge traces to edge_traces.json
RESEARCH_PATH:/home/jwfalc/smarkets-bot/data/research/2026-06-20_05-03_research.json
2026-06-20 06:03:24,665 [RESOLVE] Found 13 open trade(s) to check (paper_mode=True)
2026-06-20 06:03:24,736 [RESOLVE] Using cached Betfair session token
2026-06-20 06:03:24,737 [RESOLVE] Betfair: checking 12 open-trade markets
2026-06-20 06:03:40,297 [RESOLVE] Snapshot name lookup: found mappings for 9 markets
2026-06-20 06:03:40,469 [RESOLVE] Settled markets found: 0
2026-06-20 06:03:40,469 [RESOLVE] No open-trade markets have settled yet.
Balance: £111.94 | Reserved: £48.44 | Available: £63.50
Stake scaling: Kelly balance £111.94 → max stake £15.00 (was £50.00)
BUG-134: Profit-relative cap: Wyndham Clark BACK @ 1.15 — £2.00 → £0.57 (risk:reward would be 7.0:1)
Skipping (conflicting back in same market): Top 10 Finish
BUG-134: Profit-relative cap: Matt Fitzpatrick BACK @ 1.44 — £2.00 → £1.67 (risk:reward would be 2.4:1)
Skipping (conflicting back in same market): Top 10 Finish
BUG-134: Profit-relative cap: Xander Schauffele BACK @ 1.41 — £2.00 → £1.56 (risk:reward would be 2.6:1)
Skipping (conflicting back in same market): Top 10 Finish
BUG-134: Profit-relative cap: Collin Morikawa BACK @ 1.30 — £0.38 → £0.22 (risk:reward would be 3.5:1)
Reduced stake: Top 20 Finish edge 5.9pp < 5.0pp → £2.00 (19%)
BUG-134: Skipped signal (event exposure cap: 8/3 open for '  US Open 2026'): Collin Morikawa
BUG-134: Profit-relative cap: Wyndham Clark BACK @ 1.33 — £1.66 → £1.04 (risk:reward would be 3.2:1)
Reduced stake: Top 5 Finish edge 9.1pp < 5.0pp → £2.00 (83%)
Skipping (conflicting back in same market): Top 5 Finish
Skipping (already open): Top 5 Finish BACK
Skipping (conflicting back in same market): Top 5 Finish
Skipping (conflicting back in same market): Top 5 Finish
BUG-134: Profit-relative cap: India BACK @ 1.15 — £1.00 → £0.28 (risk:reward would be 7.0:1)
Reduced stake: Match Odds edge 7.5pp < 5.0pp → £2.00 (50%)
Skipping (already open): Match Odds BACK
No new paper trades to log
Signal drought counter: 2 consecutive zero-signal run(s)
2026-06-20 06:03:41,780 [INFO] ============================================================
2026-06-20 06:03:41,781 [INFO] DIGEST RUN STARTED
2026-06-20 06:03:41,781 [INFO] ============================================================
2026-06-20 06:03:46,220 [INFO] Mid-tournament golf guard (BUG-152-F3):   US Open 2026 | Top 10 Finish — leaderboard data in key_facts
2026-06-20 06:03:46,221 [INFO] Mid-tournament golf guard (BUG-152-F3):   US Open 2026 | Top 20 Finish — leaderboard data in key_facts
2026-06-20 06:03:46,222 [INFO] Mid-tournament golf guard (BUG-152-F3):   US Open 2026 | Top 5 Finish — leaderboard data in key_facts
2026-06-20 06:03:46,223 [INFO] Mid-tournament golf guard (BUG-152-F3):   US Open 2026 | Top 8 Finish — leaderboard data in key_facts
2026-06-20 06:03:46,223 [INFO] Mid-tournament golf guard (BUG-152-F3):   US Open 2026 | Top 6 Finish — leaderboard data in key_facts
2026-06-20 06:03:46,225 [INFO] Domestic T20 suppress (BUG-152-F4a): Dhanbad Diamonds v Jamshedpur Steelers — only 4 key_facts
2026-06-20 06:03:46,227 [INFO] Mid-tournament golf gate (BUG-152-F3): suppressed 8 signal(s)
/home/jwfalc/smarkets-bot/scripts/digest.py:630: DeprecationWarning: datetime.datetime.utcnow() is deprecated and scheduled for removal in a future version. Use timezone-aware objects to represent datetimes in UTC: datetime.datetime.now(datetime.UTC).
  _now_utc = datetime.datetime.utcnow().isoformat()
2026-06-20 06:03:49,879 [INFO] cashout_advisor: no advisory triggers fired
2026-06-20 06:03:49,901 [INFO] Dashboard data written: /home/jwfalc/smarkets-bot/dashboard/dashboard_data.json
2026-06-20 06:03:49,985 [INFO] Period logs updated: 2026-06-20, 2026-W25, 2026-06, 2026-Q2
2026-06-20 06:03:49,986 [INFO] Run log: [2026-06-20 05:03 UTC] status=signal | platforms=betfair,matchbook | markets=560 | signals=1 | alerts=0 | movements=10 | consec_losses=2
2026-06-20 06:03:49,986 [INFO] Digest complete
Distribution log updated: 18 new entries added
Total entries: 1477
  near_certainty: 15 total, 11 resolved
  high_prob: 54 total, 34 resolved
  7-9pp: 461 total, 145 resolved
  10-11pp: 238 total, 82 resolved
  12pp+: 709 total, 458 resolved

REVIEW DUE: 7-9pp band has 145 resolved entries (threshold: 12)
  Run: python distribution_logger.py report
  Then run: prompts/prompt_review_v1.md

REVIEW DUE: 7-9pp band has 145 resolved entries (threshold: 12)
  Run: python distribution_logger.py report
  Then run: prompts/prompt_review_v1.md
EXIT_CODE:0
Sent
2026-06-20 06:03:52,863 [STATIC-DASH] Building dashboard data…
2026-06-20 06:03:52,869 [STATIC-DASH] Data collected: 85 trades, 1 signals
2026-06-20 06:03:52,909 [STATIC-DASH] Written: /home/jwfalc/smarkets-dashboard/index.html (520KB)
2026-06-20 06:03:52,911 [STATIC-DASH] Copied PWA asset: manifest.json
2026-06-20 06:03:52,912 [STATIC-DASH] Copied PWA asset: apple-touch-icon.png
2026-06-20 06:03:52,913 [STATIC-DASH] Copied PWA asset: icon-192.png
2026-06-20 06:03:52,915 [STATIC-DASH] Copied PWA asset: icon-512.png
2026-06-20 06:03:52 [DEPLOY] Starting dashboard deploy...
HTML written OK
2026-06-20 06:03:52 [DEPLOY] Static HTML built
[main b3d0253] Deploy: 2026-06-20 06:03 UTC
 1 file changed, 1 insertion(+), 1 deletion(-)
To https://github.com/jwfalc-coder/smarkets-dashboard.git
   9e12248..b3d0253  main -> main
2026-06-20 06:03:52 [DEPLOY] Deploy complete: Deploy: 2026-06-20 06:03 UTC
