Telegram notification failed silently: ('Connection aborted.', ConnectionResetError(104, 'Connection reset by peer'))
Failed to send
2026-06-06 06:00:02,828 [INFO] ============================================================
2026-06-06 06:00:02,828 [INFO] SCANNER RUN STARTED - BETFAIR
2026-06-06 06:00:02,828 [INFO] ============================================================
2026-06-06 06:00:03,224 [INFO] Cached Betfair session too old, re-logging in
2026-06-06 06:00:03,225 [INFO] Betfair login attempt 1/3
2026-06-06 06:00:03,388 [INFO] Betfair login successful
2026-06-06 06:00:03,542 [INFO] Catalogue: 100 markets for sport ID 1
2026-06-06 06:00:03,665 [INFO] Catalogue: 100 markets for sport ID 2
2026-06-06 06:00:03,791 [INFO] Catalogue: 100 markets for sport ID 7
2026-06-06 06:00:03,905 [INFO] Catalogue: 100 markets for sport ID 4
2026-06-06 06:00:03,982 [INFO] Catalogue: 0 markets for sport ID 2378961
2026-06-06 06:00:04,089 [INFO] Catalogue: 54 markets for sport ID 3
2026-06-06 06:00:04,284 [INFO] Catalogue: 84 markets for sport ID 7522
2026-06-06 06:00:04,370 [INFO] Catalogue: 6 markets for sport ID 6423
2026-06-06 06:00:04,371 [INFO] Betfair: fetching prices for 544 markets...
2026-06-06 06:00:08,965 [INFO] Betfair: enriching 544 markets with price data...
2026-06-06 06:00:08,975 [INFO] Betfair: enriched 50/544 markets, 14 tradeable so far
2026-06-06 06:00:08,980 [INFO] Betfair: enriched 100/544 markets, 21 tradeable so far
2026-06-06 06:00:08,982 [INFO] Betfair: enriched 150/544 markets, 21 tradeable so far
2026-06-06 06:00:08,984 [INFO] Betfair: enriched 200/544 markets, 21 tradeable so far
2026-06-06 06:00:08,995 [INFO] Betfair: enriched 250/544 markets, 34 tradeable so far
2026-06-06 06:00:09,006 [INFO] Betfair: enriched 300/544 markets, 43 tradeable so far
2026-06-06 06:00:09,009 [INFO] Betfair: enriched 350/544 markets, 58 tradeable so far
2026-06-06 06:00:09,013 [INFO] Betfair: enriched 400/544 markets, 63 tradeable so far
2026-06-06 06:00:09,055 [INFO] Betfair: enriched 450/544 markets, 99 tradeable so far
2026-06-06 06:00:09,101 [INFO] Betfair: enriched 500/544 markets, 108 tradeable so far
2026-06-06 06:00:09,150 [INFO] Betfair: enriched 544/544 markets, 116 tradeable so far
2026-06-06 06:00:09,153 [INFO] Betfair: 544 total markets, 116 above 100 GBP volume
2026-06-06 06:00:09,288 [INFO] Outrights: 22 markets for sport 1
2026-06-06 06:00:09,371 [INFO] Outrights: 17 markets for sport 3
2026-06-06 06:00:09,441 [INFO] Outrights: 1 markets for sport 2378961
2026-06-06 06:00:09,823 [INFO] Outrights: 38 markets above 25 GBP
2026-06-06 06:00:09,829 [INFO] Betfair: added 27 outright markets for cross-ref
2026-06-06 06:00:09,830 [INFO] betfair: 571 total, 143 above 100 GBP threshold
2026-06-06 06:00:10,116 [INFO] Snapshot written: /home/jwfalc/smarkets-bot/data/snapshots/betfair/2026-06-06_05-00.json
2026-06-06 06:00:10,267 [INFO] Market log updated (betfair)
2026-06-06 06:00:36,477 [INFO] Scanner complete for betfair. Snapshot: 2026-06-06_05-00.json
2026-06-06 06:00:36,799 [INFO] ============================================================
2026-06-06 06:00:36,799 [INFO] SCANNER RUN STARTED - MATCHBOOK
2026-06-06 06:00:36,799 [INFO] ============================================================
2026-06-06 06:00:37,150 [INFO] Matchbook login attempt 1/3
2026-06-06 06:00:37,315 [INFO] Matchbook login successful
2026-06-06 06:00:37,316 [INFO] Matchbook: fetching events with prices for 15 sports...
2026-06-06 06:00:37,486 [INFO] Matchbook: fetched page offset=0, 20 events (total so far: 20)
2026-06-06 06:00:37,744 [INFO] Matchbook: fetched page offset=20, 20 events (total so far: 40)
2026-06-06 06:00:37,985 [INFO] Matchbook: fetched page offset=40, 20 events (total so far: 60)
2026-06-06 06:00:38,214 [INFO] Matchbook: fetched page offset=60, 20 events (total so far: 80)
2026-06-06 06:00:38,497 [INFO] Matchbook: fetched page offset=80, 20 events (total so far: 100)
2026-06-06 06:00:38,767 [INFO] Matchbook: fetched page offset=100, 20 events (total so far: 120)
2026-06-06 06:00:39,122 [INFO] Matchbook: fetched page offset=120, 20 events (total so far: 140)
2026-06-06 06:00:39,427 [INFO] Matchbook: fetched page offset=140, 20 events (total so far: 160)
2026-06-06 06:00:39,704 [INFO] Matchbook: fetched page offset=160, 20 events (total so far: 180)
2026-06-06 06:00:39,967 [INFO] Matchbook: fetched page offset=180, 20 events (total so far: 200)
2026-06-06 06:00:40,221 [INFO] Matchbook: fetched page offset=200, 18 events (total so far: 218)
2026-06-06 06:00:40,221 [INFO] Matchbook: processing 218 events
2026-06-06 06:00:40,239 [INFO] Matchbook: processed 20/218 events, 390 markets so far
2026-06-06 06:00:40,243 [INFO] Matchbook: processed 40/218 events, 495 markets so far
2026-06-06 06:00:40,249 [INFO] Matchbook: processed 60/218 events, 633 markets so far
2026-06-06 06:00:40,250 [INFO] Matchbook: processed 80/218 events, 674 markets so far
2026-06-06 06:00:40,257 [INFO] Matchbook: processed 100/218 events, 853 markets so far
2026-06-06 06:00:40,268 [INFO] Matchbook: processed 120/218 events, 1142 markets so far
2026-06-06 06:00:40,284 [INFO] Matchbook: processed 140/218 events, 1599 markets so far
2026-06-06 06:00:40,302 [INFO] Matchbook: processed 160/218 events, 2099 markets so far
2026-06-06 06:00:40,340 [INFO] Matchbook: processed 180/218 events, 2411 markets so far
2026-06-06 06:00:40,347 [INFO] Matchbook: processed 200/218 events, 2539 markets so far
2026-06-06 06:00:40,352 [INFO] Matchbook: processed 218/218 events, 2591 markets so far
2026-06-06 06:00:40,353 [INFO] Matchbook: 2592 total markets, 267 above 25 GBP volume
2026-06-06 06:00:40,382 [INFO] matchbook: 2592 total, 267 above 25 GBP threshold
2026-06-06 06:00:40,534 [INFO] Snapshot written: /home/jwfalc/smarkets-bot/data/snapshots/matchbook/2026-06-06_05-00.json
2026-06-06 06:00:40,621 [INFO] Market log updated (matchbook)
2026-06-06 06:01:06,974 [INFO] Scanner complete for matchbook. Snapshot: 2026-06-06_05-00.json
2026-06-06 06:01:07,624 [RESEARCHER] Prior index loaded: 110 known runners
2026-06-06 06:01:07,685 [RESEARCHER] betfair: 143 tradeable markets from 2026-06-06_05-00.json
2026-06-06 06:01:07,686 [RESEARCHER] Market selection: 1 politics + 7 outrights + 8 other sports = 16 total (platforms: ['betfair'])
2026-06-06 06:01:07,686 [RESEARCHER] [1/16] Makerfield - Restore Britain Vote Percentage
2026-06-06 06:01:13,208 [RESEARCHER] [2/16] Winner
2026-06-06 06:01:19,923 [RESEARCHER] [3/16] Winner
2026-06-06 06:01:28,155 [RESEARCHER]   Prior history injected for Xander Schauffele
2026-06-06 06:01:28,155 [RESEARCHER]   Prior history injected for Scottie Scheffler
2026-06-06 06:01:28,156 [RESEARCHER] [4/16] Winner
2026-06-06 06:01:36,451 [RESEARCHER]   Prior history injected for Daniel Hillier
2026-06-06 06:01:36,452 [RESEARCHER]   Prior history injected for Oliver Lindell
2026-06-06 06:01:36,452 [RESEARCHER] [5/16] Winner
2026-06-06 06:01:45,646 [RESEARCHER]   Prior history injected for Jon Rahm
2026-06-06 06:01:45,647 [RESEARCHER] [6/16] Top 10 Finish
2026-06-06 06:01:47,545 [RESEARCHER]   Prior history injected for Xander Schauffele
2026-06-06 06:01:47,545 [RESEARCHER]   Prior history injected for Scottie Scheffler
2026-06-06 06:01:47,546 [RESEARCHER] [7/16] Winner
2026-06-06 06:01:55,812 [RESEARCHER]   Prior history injected for Scottie Scheffler
2026-06-06 06:01:55,812 [RESEARCHER]   Prior history injected for Rory McIlroy
2026-06-06 06:01:55,813 [RESEARCHER]   Prior history injected for Jon Rahm
2026-06-06 06:01:55,813 [RESEARCHER]   Prior history injected for Cameron Young
2026-06-06 06:01:55,813 [RESEARCHER]   Prior history injected for Ludvig Aberg
2026-06-06 06:01:55,814 [RESEARCHER]   Prior history injected for Xander Schauffele
2026-06-06 06:01:55,814 [RESEARCHER] [8/16] Winner
2026-06-06 06:02:00,471 [RESEARCHER]   Prior history injected for Scottie Scheffler
2026-06-06 06:02:00,472 [RESEARCHER]   Prior history injected for Rory McIlroy
2026-06-06 06:02:00,472 [RESEARCHER]   Prior history injected for Jon Rahm
2026-06-06 06:02:00,473 [RESEARCHER]   Prior history injected for Xander Schauffele
2026-06-06 06:02:00,473 [RESEARCHER]   Prior history injected for Cameron Young
2026-06-06 06:02:00,473 [RESEARCHER] [9/16] Match Odds
2026-06-06 06:02:07,836 [RESEARCHER]   Prior history injected for The Draw
2026-06-06 06:02:07,836 [RESEARCHER] [10/16] Winner 2026/27
2026-06-06 06:02:14,698 [RESEARCHER]   Prior history injected for Arsenal
2026-06-06 06:02:14,699 [RESEARCHER]   Prior history injected for Man City
2026-06-06 06:02:14,699 [RESEARCHER]   Prior history injected for Liverpool
2026-06-06 06:02:14,699 [RESEARCHER]   Prior history injected for Chelsea
2026-06-06 06:02:14,700 [RESEARCHER]   Prior history injected for Aston Villa
2026-06-06 06:02:14,700 [RESEARCHER] [11/16] Name the Finalists
2026-06-06 06:02:21,793 [RESEARCHER] [12/16] Joost Luiten vs Mikael Lindberg
2026-06-06 06:02:30,542 [RESEARCHER] [13/16] R8 1100m Qlty
2026-06-06 06:02:36,437 [RESEARCHER] [14/16] Winner 2026/27
2026-06-06 06:02:43,269 [RESEARCHER]   Prior history injected for West Ham
2026-06-06 06:02:43,270 [RESEARCHER] [15/16] R7 1500m Listed
2026-06-06 06:02:48,854 [RESEARCHER] [16/16] Winner 2026
2026-06-06 06:02:56,658 [RESEARCHER] Research brief written: 2026-06-06_05-02_brief.json
2026-06-06 06:02:56,658 [RESEARCHER] Markets: 16 | Errors: 0 | Credits used: 68
BRIEF_PATH:/home/jwfalc/smarkets-bot/data/research/2026-06-06_05-02_brief.json
2026-06-06 06:02:56,973 [ANALYZER] Loading research brief: 2026-06-06_05-02_brief.json
2026-06-06 06:02:57,210 [ANALYZER] Betfair cross-ref index: 4576 runners
2026-06-06 06:02:57,217 [ANALYZER] Analyzed 16 markets
2026-06-06 06:02:57,217 [ANALYZER] Found 6 signals (10pp+)
2026-06-06 06:02:57,217 [ANALYZER] Logged 13 distribution entries (7pp+)
2026-06-06 06:02:57,233 [ANALYZER] Research output written: 2026-06-06_05-02_research.json
2026-06-06 06:02:57,236 [ANALYZER] Appended 89 edge traces to edge_traces.json
RESEARCH_PATH:/home/jwfalc/smarkets-bot/data/research/2026-06-06_05-02_research.json
2026-06-06 06:02:57,801 [RESOLVE] Found 24 open trade(s) to check (paper_mode=True)
2026-06-06 06:02:57,869 [RESOLVE] Using cached Betfair session token
2026-06-06 06:02:57,869 [RESOLVE] Betfair: checking 14 open-trade markets
2026-06-06 06:03:08,370 [RESOLVE] Snapshot name lookup: found mappings for 14 markets
2026-06-06 06:03:08,552 [RESOLVE] Settled markets found: 0
2026-06-06 06:03:08,553 [RESOLVE] No open-trade markets have settled yet.
2026-06-06 06:03:09,169 [INFO] ============================================================
2026-06-06 06:03:09,170 [INFO] DIGEST RUN STARTED
2026-06-06 06:03:09,170 [INFO] ============================================================
2026-06-06 06:03:13,437 [INFO] Sending signal alert: Top 10 Finish edge=48.77pp
2026-06-06 06:03:13,569 [INFO] Telegram notification sent
2026-06-06 06:03:13,570 [INFO] Sending signal alert: Top 10 Finish edge=34.91pp
2026-06-06 06:03:23,687 [INFO] Telegram notification sent
2026-06-06 06:03:23,688 [INFO] Sending signal alert: Top 10 Finish edge=28.32pp
2026-06-06 06:03:23,823 [INFO] Telegram notification sent
2026-06-06 06:03:23,824 [INFO] Sending signal alert: Winner edge=16.07pp
2026-06-06 06:03:23,958 [INFO] Telegram notification sent
2026-06-06 06:03:23,959 [INFO] Sent 4 Telegram signal alerts
2026-06-06 06:03:24,042 [INFO] Dashboard data written: /home/jwfalc/smarkets-bot/dashboard/dashboard_data.json
2026-06-06 06:03:24,117 [INFO] Period logs updated: 2026-06-06, 2026-W23, 2026-06, 2026-Q2
2026-06-06 06:03:24,118 [INFO] Run log: [2026-06-06 05:03 UTC] status=signal | platforms=betfair,matchbook | markets=410 | signals=6 | alerts=4 | movements=10 | consec_losses=1
2026-06-06 06:03:24,118 [INFO] Digest complete
Kelly balance: £94.99 | Reserved: £955.34 | Available: £-860.35
Skipping (conflicting back in same market): Winner
Skipping (conflicting back in same market): Winner
Skipping (already open): Top 10 Finish LAY
Skipping (already open): Top 10 Finish LAY
Skipping (already open): Top 10 Finish LAY
Skipping (already open): Winner 2026/27 BACK
No new paper trades to log
Distribution log updated: 13 new entries added
Total entries: 948
  near_certainty: 8 total, 6 resolved
  high_prob: 24 total, 14 resolved
  7-9pp: 275 total, 99 resolved
  10-11pp: 137 total, 46 resolved
  12pp+: 504 total, 364 resolved

REVIEW DUE: 7-9pp band has 99 resolved entries (threshold: 12)
  Run: python distribution_logger.py report
  Then run: prompts/prompt_review_v1.md

REVIEW DUE: 7-9pp band has 99 resolved entries (threshold: 12)
  Run: python distribution_logger.py report
  Then run: prompts/prompt_review_v1.md
EXIT_CODE:0
Sent
2026-06-06 06:03:27,134 [STATIC-DASH] Building dashboard data…
2026-06-06 06:03:28,257 [STATIC-DASH] Data collected: 242 trades, 60 signals, 410 markets
2026-06-06 06:03:28,481 [STATIC-DASH] Written: /home/jwfalc/smarkets-dashboard/index.html (3011KB)
2026-06-06 06:03:28 [DEPLOY] Starting dashboard deploy...
WARNING: could not find injection point in HTML
HTML written OK
2026-06-06 06:03:28 [DEPLOY] Static HTML built
[main db0d89c] Deploy: 2026-06-06 06:03 UTC
 1 file changed, 1 insertion(+), 1 deletion(-)
To https://github.com/jwfalc-coder/smarkets-dashboard.git
   f8cf2e4..db0d89c  main -> main
2026-06-06 06:03:28 [DEPLOY] Deploy complete: Deploy: 2026-06-06 06:03 UTC
[main 317f3e4] log: routine_2026-06-06_0600
 1 file changed, 187 insertions(+)
 create mode 100644 data/routine_logs/routine_2026-06-06_0600.log
From https://github.com/jwfalc-coder/betting-auditor
 * branch            main       -> FETCH_HEAD
Current branch main is up to date.
To https://github.com/jwfalc-coder/betting-auditor.git
   58573c1..317f3e4  main -> main
