Sent
2026-05-24 23:00:02,488 [INFO] ============================================================
2026-05-24 23:00:02,488 [INFO] SCANNER RUN STARTED - BETFAIR
2026-05-24 23:00:02,488 [INFO] ============================================================
2026-05-24 23:00:02,883 [INFO] Cached Betfair session too old, re-logging in
2026-05-24 23:00:02,884 [INFO] Betfair login attempt 1/3
2026-05-24 23:00:03,040 [INFO] Betfair login successful
2026-05-24 23:00:03,195 [INFO] Catalogue: 100 markets for sport ID 1
2026-05-24 23:00:03,387 [INFO] Catalogue: 100 markets for sport ID 2
2026-05-24 23:00:03,518 [INFO] Catalogue: 100 markets for sport ID 7
2026-05-24 23:00:03,699 [INFO] Catalogue: 100 markets for sport ID 4
2026-05-24 23:00:03,905 [INFO] Catalogue: 1 markets for sport ID 2378961
2026-05-24 23:00:04,097 [INFO] Catalogue: 0 markets for sport ID 3
2026-05-24 23:00:04,585 [INFO] Catalogue: 81 markets for sport ID 7522
2026-05-24 23:00:04,831 [INFO] Catalogue: 3 markets for sport ID 6423
2026-05-24 23:00:04,832 [INFO] Betfair: fetching prices for 485 markets...
2026-05-24 23:00:10,683 [INFO] Betfair: enriching 485 markets with price data...
2026-05-24 23:00:10,691 [INFO] Betfair: enriched 50/485 markets, 7 tradeable so far
2026-05-24 23:00:10,695 [INFO] Betfair: enriched 100/485 markets, 21 tradeable so far
2026-05-24 23:00:10,697 [INFO] Betfair: enriched 150/485 markets, 22 tradeable so far
2026-05-24 23:00:10,700 [INFO] Betfair: enriched 200/485 markets, 22 tradeable so far
2026-05-24 23:00:10,708 [INFO] Betfair: enriched 250/485 markets, 29 tradeable so far
2026-05-24 23:00:10,718 [INFO] Betfair: enriched 300/485 markets, 40 tradeable so far
2026-05-24 23:00:10,722 [INFO] Betfair: enriched 350/485 markets, 52 tradeable so far
2026-05-24 23:00:10,732 [INFO] Betfair: enriched 400/485 markets, 66 tradeable so far
2026-05-24 23:00:10,822 [INFO] Betfair: enriched 450/485 markets, 72 tradeable so far
2026-05-24 23:00:10,855 [INFO] Betfair: enriched 485/485 markets, 78 tradeable so far
2026-05-24 23:00:10,858 [INFO] Betfair: 485 total markets, 78 above 100 GBP volume
2026-05-24 23:00:10,976 [INFO] Outrights: 19 markets for sport 1
2026-05-24 23:00:11,063 [INFO] Outrights: 9 markets for sport 3
2026-05-24 23:00:11,141 [INFO] Outrights: 0 markets for sport 2378961
2026-05-24 23:00:11,418 [INFO] Outrights: 24 markets above 25 GBP
2026-05-24 23:00:11,422 [INFO] Betfair: added 24 outright markets for cross-ref
2026-05-24 23:00:11,422 [INFO] betfair: 509 total, 102 above 100 GBP threshold
2026-05-24 23:00:11,596 [INFO] Snapshot written: /home/jwfalc/smarkets-bot/data/snapshots/betfair/2026-05-24_22-00.json
2026-05-24 23:00:11,695 [INFO] Market log updated (betfair)
2026-05-24 23:00:36,346 [INFO] Scanner complete for betfair. Snapshot: 2026-05-24_22-00.json
2026-05-24 23:00:36,658 [INFO] ============================================================
2026-05-24 23:00:36,658 [INFO] SCANNER RUN STARTED - MATCHBOOK
2026-05-24 23:00:36,659 [INFO] ============================================================
2026-05-24 23:00:36,998 [INFO] Matchbook login attempt 1/3
2026-05-24 23:00:37,185 [INFO] Matchbook login successful
2026-05-24 23:00:37,186 [INFO] Matchbook: fetching events with prices for 15 sports...
2026-05-24 23:00:37,331 [INFO] Matchbook: fetched page offset=0, 20 events (total so far: 20)
2026-05-24 23:00:37,662 [INFO] Matchbook: fetched page offset=20, 20 events (total so far: 40)
2026-05-24 23:00:37,929 [INFO] Matchbook: fetched page offset=40, 20 events (total so far: 60)
2026-05-24 23:00:38,209 [INFO] Matchbook: fetched page offset=60, 20 events (total so far: 80)
2026-05-24 23:00:38,479 [INFO] Matchbook: fetched page offset=80, 20 events (total so far: 100)
2026-05-24 23:00:38,778 [INFO] Matchbook: fetched page offset=100, 20 events (total so far: 120)
2026-05-24 23:00:39,055 [INFO] Matchbook: fetched page offset=120, 20 events (total so far: 140)
2026-05-24 23:00:39,309 [INFO] Matchbook: fetched page offset=140, 20 events (total so far: 160)
2026-05-24 23:00:39,561 [INFO] Matchbook: fetched page offset=160, 20 events (total so far: 180)
2026-05-24 23:00:39,835 [INFO] Matchbook: fetched page offset=180, 20 events (total so far: 200)
2026-05-24 23:00:40,109 [INFO] Matchbook: fetched page offset=200, 20 events (total so far: 220)
2026-05-24 23:00:40,384 [INFO] Matchbook: fetched page offset=220, 20 events (total so far: 240)
2026-05-24 23:00:40,613 [INFO] Matchbook: fetched page offset=240, 20 events (total so far: 260)
2026-05-24 23:00:40,853 [INFO] Matchbook: fetched page offset=260, 15 events (total so far: 275)
2026-05-24 23:00:40,854 [INFO] Matchbook: processing 275 events
2026-05-24 23:00:40,873 [INFO] Matchbook: processed 20/275 events, 278 markets so far
2026-05-24 23:00:40,909 [INFO] Matchbook: processed 40/275 events, 824 markets so far
2026-05-24 23:00:40,925 [INFO] Matchbook: processed 60/275 events, 1194 markets so far
2026-05-24 23:00:40,968 [INFO] Matchbook: processed 80/275 events, 1516 markets so far
2026-05-24 23:00:40,979 [INFO] Matchbook: processed 100/275 events, 1905 markets so far
2026-05-24 23:00:40,997 [INFO] Matchbook: processed 120/275 events, 2395 markets so far
2026-05-24 23:00:41,009 [INFO] Matchbook: processed 140/275 events, 2768 markets so far
2026-05-24 23:00:41,017 [INFO] Matchbook: processed 160/275 events, 3081 markets so far
2026-05-24 23:00:41,024 [INFO] Matchbook: processed 180/275 events, 3434 markets so far
2026-05-24 23:00:41,035 [INFO] Matchbook: processed 200/275 events, 3743 markets so far
2026-05-24 23:00:41,047 [INFO] Matchbook: processed 220/275 events, 4123 markets so far
2026-05-24 23:00:41,059 [INFO] Matchbook: processed 240/275 events, 4499 markets so far
2026-05-24 23:00:41,060 [INFO] Matchbook: processed 260/275 events, 4519 markets so far
2026-05-24 23:00:41,062 [INFO] Matchbook: processed 275/275 events, 4534 markets so far
2026-05-24 23:00:41,063 [INFO] Matchbook: 4535 total markets, 396 above 25 GBP volume
2026-05-24 23:00:41,098 [INFO] matchbook: 4535 total, 396 above 25 GBP threshold
2026-05-24 23:00:41,229 [INFO] Snapshot written: /home/jwfalc/smarkets-bot/data/snapshots/matchbook/2026-05-24_22-00.json
2026-05-24 23:00:41,299 [INFO] Market log updated (matchbook)
2026-05-24 23:01:07,154 [INFO] Scanner complete for matchbook. Snapshot: 2026-05-24_22-00.json
2026-05-24 23:01:07,836 [RESEARCHER] matchbook: 396 tradeable markets from 2026-05-24_22-00.json
2026-05-24 23:01:07,837 [RESEARCHER] Market selection: 0 politics/current-affairs + 15 sports = 15 total (platforms: ['matchbook'])
2026-05-24 23:01:07,838 [RESEARCHER] [1/15] Winner
2026-05-24 23:01:14,430 [RESEARCHER] [2/15] Winner
2026-05-24 23:01:23,450 [RESEARCHER] [3/15] Moneyline
2026-05-24 23:01:31,089 [RESEARCHER] [4/15] Match Odds
2026-05-24 23:01:38,766 [RESEARCHER] [5/15] Correct Score
2026-05-24 23:01:46,921 [RESEARCHER] [6/15] Winner
2026-05-24 23:01:54,311 [RESEARCHER] [7/15] Match Odds
2026-05-24 23:02:01,230 [RESEARCHER] [8/15] Winner
2026-05-24 23:02:08,681 [RESEARCHER] [9/15] Match Odds
2026-05-24 23:02:15,515 [RESEARCHER] [10/15] Match Odds
2026-05-24 23:02:22,361 [RESEARCHER] [11/15] Match Odds
2026-05-24 23:02:29,161 [RESEARCHER] [12/15] Correct Score
2026-05-24 23:02:30,809 [RESEARCHER] [13/15] Moneyline
2026-05-24 23:02:37,805 [RESEARCHER] [14/15] Match Odds
2026-05-24 23:02:45,124 [RESEARCHER] [15/15] Correct Score
2026-05-24 23:02:46,809 [RESEARCHER] Research brief written: 2026-05-24_22-02_brief.json
2026-05-24 23:02:46,810 [RESEARCHER] Markets: 15 | Errors: 0 | Credits used: 60
BRIEF_PATH:/home/jwfalc/smarkets-bot/data/research/2026-05-24_22-02_brief.json
2026-05-24 23:02:47,109 [ANALYZER] Loading research brief: 2026-05-24_22-02_brief.json
2026-05-24 23:02:47,263 [ANALYZER] Betfair cross-ref index: 2634 runners
2026-05-24 23:02:47,268 [ANALYZER] Analyzed 15 markets
2026-05-24 23:02:47,269 [ANALYZER] Found 1 signals (10pp+)
2026-05-24 23:02:47,269 [ANALYZER] Logged 3 distribution entries (7pp+)
2026-05-24 23:02:47,280 [ANALYZER] Research output written: 2026-05-24_22-02_research.json
2026-05-24 23:02:47,282 [ANALYZER] Appended 60 edge traces to edge_traces.json
RESEARCH_PATH:/home/jwfalc/smarkets-bot/data/research/2026-05-24_22-02_research.json
2026-05-24 23:02:47,837 [RESOLVE] Found 6 open trade(s) to check (paper_mode=True)
2026-05-24 23:02:47,905 [RESOLVE] Using cached Betfair session token
2026-05-24 23:02:47,905 [RESOLVE] Betfair: checking 1 open-trade markets
2026-05-24 23:02:55,319 [RESOLVE] Snapshot name lookup: found mappings for 1 markets
2026-05-24 23:02:55,404 [RESOLVE] Betfair settled: market=1.254197665 winner=Sean Kyne (Fine Gael) (15407531)
2026-05-24 23:02:55,404 [RESOLVE] Settled markets found: 1
2026-05-24 23:02:55,461 [RESOLVE]   [betfair] Galway West By-Election Winner | WIN | P&L: +3.53 | Selection: Noel Thomas (IND Ireland) | Winner: Sean Kyne (Fine Gael)
2026-05-24 23:02:55,471 [RESOLVE]   [betfair] Galway West By-Election Winner | WIN | P&L: +4.90 | Selection: Thomas Welby (Independent) | Winner: Sean Kyne (Fine Gael)
2026-05-24 23:02:55,481 [RESOLVE]   [betfair] 2026 Galway West By-Election Winner | WIN | P&L: +4.90 | Selection: Mark Lohan (Sinn Fein) | Winner: Sean Kyne (Fine Gael)
2026-05-24 23:02:55,482 [RESOLVE] Batch resolution alert: 3 trades, net=+13.33
2026-05-24 23:02:55,616 [RESOLVE] Telegram notification sent
2026-05-24 23:02:55,616 [RESOLVE] Standings: unknown competition for 'Men's French Open 2026 - Winner' — skip
2026-05-24 23:02:55,617 [RESOLVE] Standings fallback: 1 season future market(s) to check
2026-05-24 23:02:56,074 [RESOLVE] Standings: no match for 'Erling Haaland' in 20-team table
2026-05-24 23:02:56,092 [RESOLVE] Auto-resolved 3 trade(s). Running P&L: +182.75 | W/L: 88/61 | ROI: 29.05%
2026-05-24 23:02:56,712 [INFO] ============================================================
2026-05-24 23:02:56,712 [INFO] DIGEST RUN STARTED
2026-05-24 23:02:56,712 [INFO] ============================================================
2026-05-24 23:03:01,190 [INFO] Dashboard data written: /home/jwfalc/smarkets-bot/dashboard/dashboard_data.json
2026-05-24 23:03:01,261 [INFO] Period logs updated: 2026-05-24, 2026-W21, 2026-05, 2026-Q2
2026-05-24 23:03:01,262 [INFO] Run log: [2026-05-24 22:02 UTC] status=signal | platforms=betfair,matchbook | markets=498 | signals=1 | alerts=0 | movements=10 | consec_losses=1
2026-05-24 23:03:01,380 [INFO] Telegram notification sent
2026-05-24 23:03:01,381 [INFO] Digest complete
Balance: £282.75 | Reserved: £8.50 | Available: £274.25
Skipping MB back (matchbook_no_backs): Moneyline
No new paper trades to log
Distribution log updated: 1 new entries added
Total entries: 615
  near_certainty: 5 total, 4 resolved
  high_prob: 14 total, 7 resolved
  7-9pp: 164 total, 58 resolved
  10-11pp: 53 total, 29 resolved
  12pp+: 379 total, 270 resolved

REVIEW DUE: 7-9pp band has 58 resolved entries (threshold: 12)
  Run: python distribution_logger.py report
  Then run: prompts/prompt_review_v1.md

REVIEW DUE: 7-9pp band has 58 resolved entries (threshold: 12)
  Run: python distribution_logger.py report
  Then run: prompts/prompt_review_v1.md
EXIT_CODE:0
Sent
2026-05-24 23:03:04,254 [STATIC-DASH] Building dashboard data…
2026-05-24 23:03:05,129 [STATIC-DASH] Data collected: 152 trades, 7 signals, 498 markets
2026-05-24 23:03:05,275 [STATIC-DASH] Written: /home/jwfalc/smarkets-dashboard/index.html (2045KB)
2026-05-24 23:03:05 [DEPLOY] Starting dashboard deploy...
WARNING: could not find injection point in HTML
HTML written OK
2026-05-24 23:03:05 [DEPLOY] Static HTML built
[main 0ab2f8e] Deploy: 2026-05-24 23:03 UTC
 1 file changed, 1 insertion(+), 1 deletion(-)
To https://github.com/jwfalc-coder/smarkets-dashboard.git
   37f751b..0ab2f8e  main -> main
2026-05-24 23:03:05 [DEPLOY] Deploy complete: Deploy: 2026-05-24 23:03 UTC
