Sent
2026-06-11 22:00:02,157 [INFO] ============================================================
2026-06-11 22:00:02,158 [INFO] SCANNER RUN STARTED - BETFAIR
2026-06-11 22:00:02,158 [INFO] ============================================================
2026-06-11 22:00:02,558 [INFO] Cached Betfair session too old, re-logging in
2026-06-11 22:00:02,559 [INFO] Betfair login attempt 1/3
2026-06-11 22:00:02,711 [INFO] Betfair login successful
2026-06-11 22:00:02,861 [INFO] Catalogue: 100 markets for sport ID 1
2026-06-11 22:00:02,964 [INFO] Catalogue: 100 markets for sport ID 2
2026-06-11 22:00:03,078 [INFO] Catalogue: 100 markets for sport ID 7
2026-06-11 22:00:03,193 [INFO] Catalogue: 100 markets for sport ID 4
2026-06-11 22:00:03,268 [INFO] Catalogue: 0 markets for sport ID 2378961
2026-06-11 22:00:03,347 [INFO] Catalogue: 1 markets for sport ID 3
2026-06-11 22:00:03,535 [INFO] Catalogue: 78 markets for sport ID 7522
2026-06-11 22:00:03,656 [INFO] Catalogue: 9 markets for sport ID 6423
2026-06-11 22:00:03,656 [INFO] Betfair: fetching prices for 488 markets...
2026-06-11 22:00:07,974 [INFO] Betfair: enriching 488 markets with price data...
2026-06-11 22:00:07,987 [INFO] Betfair: enriched 50/488 markets, 36 tradeable so far
2026-06-11 22:00:07,994 [INFO] Betfair: enriched 100/488 markets, 48 tradeable so far
2026-06-11 22:00:07,997 [INFO] Betfair: enriched 150/488 markets, 51 tradeable so far
2026-06-11 22:00:08,000 [INFO] Betfair: enriched 200/488 markets, 54 tradeable so far
2026-06-11 22:00:08,009 [INFO] Betfair: enriched 250/488 markets, 66 tradeable so far
2026-06-11 22:00:08,020 [INFO] Betfair: enriched 300/488 markets, 67 tradeable so far
2026-06-11 22:00:08,024 [INFO] Betfair: enriched 350/488 markets, 80 tradeable so far
2026-06-11 22:00:08,026 [INFO] Betfair: enriched 400/488 markets, 82 tradeable so far
2026-06-11 22:00:08,116 [INFO] Betfair: enriched 450/488 markets, 99 tradeable so far
2026-06-11 22:00:08,166 [INFO] Betfair: enriched 488/488 markets, 100 tradeable so far
2026-06-11 22:00:08,166 [INFO] Betfair: 488 total markets, 100 above 100 GBP volume
2026-06-11 22:00:08,289 [INFO] Outrights: 21 markets for sport 1
2026-06-11 22:00:08,372 [INFO] Outrights: 11 markets for sport 3
2026-06-11 22:00:08,492 [INFO] Outrights: 1 markets for sport 2378961
2026-06-11 22:00:08,843 [INFO] Outrights: 31 markets above 25 GBP
2026-06-11 22:00:08,847 [INFO] Betfair: added 30 outright markets for cross-ref
2026-06-11 22:00:08,848 [INFO] betfair: 518 total, 130 above 100 GBP threshold
2026-06-11 22:00:09,092 [INFO] Snapshot written: /home/jwfalc/smarkets-bot/data/snapshots/betfair/2026-06-11_21-00.json
2026-06-11 22:00:09,219 [INFO] Market log updated (betfair)
2026-06-11 22:00:33,303 [INFO] Scanner complete for betfair. Snapshot: 2026-06-11_21-00.json
2026-06-11 22:00:33,633 [INFO] ============================================================
2026-06-11 22:00:33,633 [INFO] SCANNER RUN STARTED - MATCHBOOK
2026-06-11 22:00:33,633 [INFO] ============================================================
2026-06-11 22:00:34,050 [INFO] Matchbook login attempt 1/3
2026-06-11 22:00:34,318 [INFO] Matchbook login successful
2026-06-11 22:00:34,320 [INFO] Matchbook: fetching events with prices for 15 sports...
2026-06-11 22:00:34,567 [INFO] Matchbook: fetched page offset=0, 20 events (total so far: 20)
2026-06-11 22:00:34,843 [INFO] Matchbook: fetched page offset=20, 20 events (total so far: 40)
2026-06-11 22:00:35,088 [INFO] Matchbook: fetched page offset=40, 20 events (total so far: 60)
2026-06-11 22:00:35,351 [INFO] Matchbook: fetched page offset=60, 20 events (total so far: 80)
2026-06-11 22:00:35,690 [INFO] Matchbook: fetched page offset=80, 20 events (total so far: 100)
2026-06-11 22:00:36,021 [INFO] Matchbook: fetched page offset=100, 20 events (total so far: 120)
2026-06-11 22:00:36,336 [INFO] Matchbook: fetched page offset=120, 20 events (total so far: 140)
2026-06-11 22:00:36,567 [INFO] Matchbook: fetched page offset=140, 4 events (total so far: 144)
2026-06-11 22:00:36,568 [INFO] Matchbook: processing 144 events
2026-06-11 22:00:36,576 [INFO] Matchbook: processed 20/144 events, 30 markets so far
2026-06-11 22:00:36,582 [INFO] Matchbook: processed 40/144 events, 220 markets so far
2026-06-11 22:00:36,585 [INFO] Matchbook: processed 60/144 events, 337 markets so far
2026-06-11 22:00:36,592 [INFO] Matchbook: processed 80/144 events, 552 markets so far
2026-06-11 22:00:36,608 [INFO] Matchbook: processed 100/144 events, 944 markets so far
2026-06-11 22:00:36,627 [INFO] Matchbook: processed 120/144 events, 1356 markets so far
2026-06-11 22:00:36,645 [INFO] Matchbook: processed 140/144 events, 1708 markets so far
2026-06-11 22:00:36,646 [INFO] Matchbook: processed 144/144 events, 1712 markets so far
2026-06-11 22:00:36,647 [INFO] Matchbook: 1713 total markets, 356 above 25 GBP volume
2026-06-11 22:00:36,668 [INFO] matchbook: 1713 total, 356 above 25 GBP threshold
2026-06-11 22:00:36,834 [INFO] Snapshot written: /home/jwfalc/smarkets-bot/data/snapshots/matchbook/2026-06-11_21-00.json
2026-06-11 22:00:36,921 [INFO] Market log updated (matchbook)
2026-06-11 22:01:02,625 [INFO] Scanner complete for matchbook. Snapshot: 2026-06-11_21-00.json
2026-06-11 22:01:03,301 [RESEARCHER] Prior index loaded: 17 known runners
2026-06-11 22:01:03,352 [RESEARCHER] betfair: 130 tradeable markets from 2026-06-11_21-00.json
2026-06-11 22:01:03,353 [RESEARCHER] Market selection: 1 politics + 7 outrights + 8 other sports = 16 total (platforms: ['betfair'])
2026-06-11 22:01:03,353 [RESEARCHER] [1/16] Makerfield - Restore Britain Vote Percentage
2026-06-11 22:01:08,859 [RESEARCHER] [2/16] Winner
2026-06-11 22:01:16,014 [RESEARCHER]   Prior history injected for Portugal
2026-06-11 22:01:16,014 [RESEARCHER] [3/16] Winner
2026-06-11 22:01:25,126 [RESEARCHER]   Prior history injected for Tommy Fleetwood
2026-06-11 22:01:25,127 [RESEARCHER] [4/16] Winner
2026-06-11 22:01:33,855 [RESEARCHER]   Prior history injected for Scottie Scheffler
2026-06-11 22:01:33,856 [RESEARCHER]   Prior history injected for Xander Schauffele
2026-06-11 22:01:33,856 [RESEARCHER]   Prior history injected for Tommy Fleetwood
2026-06-11 22:01:33,857 [RESEARCHER] [5/16] Top 10 Finish
2026-06-11 22:01:35,661 [RESEARCHER]   Prior history injected for Tommy Fleetwood
2026-06-11 22:01:35,661 [RESEARCHER] [6/16] Winner
2026-06-11 22:01:40,353 [RESEARCHER]   Prior history injected for Scottie Scheffler
2026-06-11 22:01:40,354 [RESEARCHER]   Prior history injected for Tommy Fleetwood
2026-06-11 22:01:40,354 [RESEARCHER]   Prior history injected for Xander Schauffele
2026-06-11 22:01:40,354 [RESEARCHER] [7/16] Top 5 Finish
2026-06-11 22:01:42,293 [RESEARCHER]   Prior history injected for Tommy Fleetwood
2026-06-11 22:01:42,293 [RESEARCHER] [8/16] Winner
2026-06-11 22:01:47,517 [RESEARCHER]   Prior history injected for Scottie Scheffler
2026-06-11 22:01:47,517 [RESEARCHER]   Prior history injected for Xander Schauffele
2026-06-11 22:01:47,518 [RESEARCHER] [9/16] Match Odds
2026-06-11 22:01:54,627 [RESEARCHER] [10/16] Match Odds
2026-06-11 22:02:01,947 [RESEARCHER] [11/16] Match Odds
2026-06-11 22:02:09,287 [RESEARCHER] [12/16] FIFA Golden Ball
2026-06-11 22:02:16,654 [RESEARCHER] [13/16] Winner 2026/27
2026-06-11 22:02:24,012 [RESEARCHER] [14/16] Match Odds
2026-06-11 22:02:33,825 [RESEARCHER] [15/16] Moneyline
2026-06-11 22:02:40,476 [RESEARCHER] [16/16] Winner 2026/27
2026-06-11 22:02:47,624 [RESEARCHER] Research brief written: 2026-06-11_21-02_brief.json
2026-06-11 22:02:47,624 [RESEARCHER] Markets: 16 | Errors: 0 | Credits used: 69
BRIEF_PATH:/home/jwfalc/smarkets-bot/data/research/2026-06-11_21-02_brief.json
2026-06-11 22:02:47,945 [ANALYZER] Loading research brief: 2026-06-11_21-02_brief.json
2026-06-11 22:02:48,148 [ANALYZER] Betfair cross-ref index: 3272 runners
2026-06-11 22:02:48,155 [ANALYZER] Analyzed 16 markets
2026-06-11 22:02:48,156 [ANALYZER] Found 3 signals (10pp+)
2026-06-11 22:02:48,156 [ANALYZER] Logged 11 distribution entries (7pp+)
2026-06-11 22:02:48,170 [ANALYZER] Research output written: 2026-06-11_21-02_research.json
2026-06-11 22:02:48,172 [ANALYZER] Appended 77 edge traces to edge_traces.json
RESEARCH_PATH:/home/jwfalc/smarkets-bot/data/research/2026-06-11_21-02_research.json
2026-06-11 22:02:48,738 [RESOLVE] Found 17 open trade(s) to check (paper_mode=True)
2026-06-11 22:02:48,806 [RESOLVE] Using cached Betfair session token
2026-06-11 22:02:48,807 [RESOLVE] Betfair: checking 13 open-trade markets
2026-06-11 22:03:01,197 [RESOLVE] Snapshot name lookup: found mappings for 13 markets
2026-06-11 22:03:01,314 [RESOLVE] Betfair settled: market=1.259009341 winner=Taylor Fritz (10279360)
2026-06-11 22:03:01,443 [RESOLVE] Settled markets found: 1
2026-06-11 22:03:01,562 [RESOLVE]   [betfair] Match Odds | LOSS | P&L: -14.04 | Selection: Martin Landaluce | Winner: Taylor Fritz
2026-06-11 22:03:01,562 [RESOLVE] Resolution alert: Match Odds pnl=-14.04
2026-06-11 22:03:01,809 [RESOLVE] Telegram notification sent
2026-06-11 22:03:01,823 [RESOLVE] Auto-resolved 1 trade(s). Running P&L: +55.52 | W/L: 16/5 | ROI: 56.86%
2026-06-11 22:03:02,448 [INFO] ============================================================
2026-06-11 22:03:02,449 [INFO] DIGEST RUN STARTED
2026-06-11 22:03:02,449 [INFO] ============================================================
2026-06-11 22:03:06,314 [INFO] Slip dedup: skipping Scottie Scheffler (BACK) — already open
2026-06-11 22:03:06,320 [INFO] Slip dedup: skipping France (BACK) — already open
2026-06-11 22:03:06,320 [INFO] Slip dedup: skipping England W (BACK) — already open
2026-06-11 22:03:06,320 [INFO] Slip dedup: all signals already open — no slip sent
2026-06-11 22:03:06,321 [INFO] Sent 3 Telegram signal alerts
2026-06-11 22:03:06,341 [INFO] Dashboard data written: /home/jwfalc/smarkets-bot/dashboard/dashboard_data.json
2026-06-11 22:03:06,406 [INFO] Period logs updated: 2026-06-11, 2026-W24, 2026-06, 2026-Q2
2026-06-11 22:03:06,407 [INFO] Run log: [2026-06-11 21:03 UTC] status=signal | platforms=betfair,matchbook | markets=486 | signals=3 | alerts=3 | movements=10 | consec_losses=0
2026-06-11 22:03:06,407 [INFO] Digest complete
Kelly balance: £107.28 | Reserved: £85.85 | Available: £21.43
Skipping (already open): Winner BACK
No new paper trades to log
Distribution log updated: 2 new entries added
Total entries: 1094
  near_certainty: 10 total, 7 resolved
  high_prob: 30 total, 18 resolved
  7-9pp: 328 total, 109 resolved
  10-11pp: 175 total, 62 resolved
  12pp+: 551 total, 408 resolved

REVIEW DUE: 7-9pp band has 109 resolved entries (threshold: 12)
  Run: python distribution_logger.py report
  Then run: prompts/prompt_review_v1.md

REVIEW DUE: 7-9pp band has 109 resolved entries (threshold: 12)
  Run: python distribution_logger.py report
  Then run: prompts/prompt_review_v1.md
EXIT_CODE:0
Telegram connection error (attempt 1/3), retrying in 8s: ('Connection aborted.', ConnectionResetError(104, 'Connection reset by peer'))
Sent
2026-06-11 22:03:27,586 [STATIC-DASH] Building dashboard data…
2026-06-11 22:03:28,677 [STATIC-DASH] Data collected: 37 trades, 35 signals, 486 markets
2026-06-11 22:03:28,859 [STATIC-DASH] Written: /home/jwfalc/smarkets-dashboard/index.html (2513KB)
2026-06-11 22:03:28,881 [STATIC-DASH] Copied PWA asset: manifest.json
2026-06-11 22:03:28,881 [STATIC-DASH] Copied PWA asset: apple-touch-icon.png
2026-06-11 22:03:28,883 [STATIC-DASH] Copied PWA asset: icon-192.png
2026-06-11 22:03:28,884 [STATIC-DASH] Copied PWA asset: icon-512.png
2026-06-11 22:03:29 [DEPLOY] Starting dashboard deploy...
WARNING: could not find injection point in HTML
HTML written OK
2026-06-11 22:03:29 [DEPLOY] Static HTML built
[main c550d92] Deploy: 2026-06-11 22:03 UTC
 1 file changed, 1 insertion(+), 1 deletion(-)
To https://github.com/jwfalc-coder/smarkets-dashboard.git
   6e9bcfe..c550d92  main -> main
2026-06-11 22:03:29 [DEPLOY] Deploy complete: Deploy: 2026-06-11 22:03 UTC
[main 063445b] log: routine_2026-06-11_2200
 1 file changed, 166 insertions(+)
 create mode 100644 data/routine_logs/routine_2026-06-11_2200.log
From https://github.com/jwfalc-coder/betting-auditor
 * branch            main       -> FETCH_HEAD
Current branch main is up to date.
To https://github.com/jwfalc-coder/betting-auditor.git
   7c60eee..063445b  main -> main
