Sent
2026-05-25 10:00:03,184 [INFO] ============================================================
2026-05-25 10:00:03,184 [INFO] SCANNER RUN STARTED - BETFAIR
2026-05-25 10:00:03,184 [INFO] ============================================================
2026-05-25 10:00:03,580 [INFO] Cached Betfair session too old, re-logging in
2026-05-25 10:00:03,580 [INFO] Betfair login attempt 1/3
2026-05-25 10:00:03,781 [INFO] Betfair login successful
2026-05-25 10:00:03,981 [INFO] Catalogue: 100 markets for sport ID 1
2026-05-25 10:00:04,104 [INFO] Catalogue: 100 markets for sport ID 2
2026-05-25 10:00:04,228 [INFO] Catalogue: 100 markets for sport ID 7
2026-05-25 10:00:04,340 [INFO] Catalogue: 100 markets for sport ID 4
2026-05-25 10:00:04,427 [INFO] Catalogue: 1 markets for sport ID 2378961
2026-05-25 10:00:04,499 [INFO] Catalogue: 0 markets for sport ID 3
2026-05-25 10:00:04,727 [INFO] Catalogue: 100 markets for sport ID 7522
2026-05-25 10:00:04,798 [INFO] Catalogue: 0 markets for sport ID 6423
2026-05-25 10:00:04,799 [INFO] Betfair: fetching prices for 501 markets...
2026-05-25 10:00:09,157 [INFO] Betfair: enriching 501 markets with price data...
2026-05-25 10:00:09,166 [INFO] Betfair: enriched 50/501 markets, 14 tradeable so far
2026-05-25 10:00:09,172 [INFO] Betfair: enriched 100/501 markets, 17 tradeable so far
2026-05-25 10:00:09,176 [INFO] Betfair: enriched 150/501 markets, 18 tradeable so far
2026-05-25 10:00:09,178 [INFO] Betfair: enriched 200/501 markets, 23 tradeable so far
2026-05-25 10:00:09,187 [INFO] Betfair: enriched 250/501 markets, 35 tradeable so far
2026-05-25 10:00:09,197 [INFO] Betfair: enriched 300/501 markets, 55 tradeable so far
2026-05-25 10:00:09,201 [INFO] Betfair: enriched 350/501 markets, 74 tradeable so far
2026-05-25 10:00:09,212 [INFO] Betfair: enriched 400/501 markets, 83 tradeable so far
2026-05-25 10:00:09,290 [INFO] Betfair: enriched 450/501 markets, 89 tradeable so far
2026-05-25 10:00:09,340 [INFO] Betfair: enriched 500/501 markets, 101 tradeable so far
2026-05-25 10:00:09,341 [INFO] Betfair: enriched 501/501 markets, 101 tradeable so far
2026-05-25 10:00:09,342 [INFO] Betfair: 501 total markets, 101 above 100 GBP volume
2026-05-25 10:00:09,463 [INFO] Outrights: 19 markets for sport 1
2026-05-25 10:00:09,547 [INFO] Outrights: 6 markets for sport 3
2026-05-25 10:00:09,616 [INFO] Outrights: 0 markets for sport 2378961
2026-05-25 10:00:09,868 [INFO] Outrights: 21 markets above 25 GBP
2026-05-25 10:00:09,872 [INFO] Betfair: added 21 outright markets for cross-ref
2026-05-25 10:00:09,872 [INFO] betfair: 522 total, 122 above 100 GBP threshold
2026-05-25 10:00:10,056 [INFO] Snapshot written: /home/jwfalc/smarkets-bot/data/snapshots/betfair/2026-05-25_09-00.json
2026-05-25 10:00:10,158 [INFO] Market log updated (betfair)
2026-05-25 10:00:34,765 [INFO] Scanner complete for betfair. Snapshot: 2026-05-25_09-00.json
2026-05-25 10:00:35,085 [INFO] ============================================================
2026-05-25 10:00:35,085 [INFO] SCANNER RUN STARTED - MATCHBOOK
2026-05-25 10:00:35,085 [INFO] ============================================================
2026-05-25 10:00:35,427 [INFO] Matchbook login attempt 1/3
2026-05-25 10:00:35,596 [INFO] Matchbook login successful
2026-05-25 10:00:35,597 [INFO] Matchbook: fetching events with prices for 15 sports...
2026-05-25 10:00:35,697 [INFO] Matchbook: fetched page offset=0, 20 events (total so far: 20)
2026-05-25 10:00:35,982 [INFO] Matchbook: fetched page offset=20, 20 events (total so far: 40)
2026-05-25 10:00:36,265 [INFO] Matchbook: fetched page offset=40, 20 events (total so far: 60)
2026-05-25 10:00:36,644 [INFO] Matchbook: fetched page offset=60, 20 events (total so far: 80)
2026-05-25 10:00:36,960 [INFO] Matchbook: fetched page offset=80, 20 events (total so far: 100)
2026-05-25 10:00:37,270 [INFO] Matchbook: fetched page offset=100, 20 events (total so far: 120)
2026-05-25 10:00:37,571 [INFO] Matchbook: fetched page offset=120, 20 events (total so far: 140)
2026-05-25 10:00:37,820 [INFO] Matchbook: fetched page offset=140, 20 events (total so far: 160)
2026-05-25 10:00:38,073 [INFO] Matchbook: fetched page offset=160, 20 events (total so far: 180)
2026-05-25 10:00:38,316 [INFO] Matchbook: fetched page offset=180, 20 events (total so far: 200)
2026-05-25 10:00:38,555 [INFO] Matchbook: fetched page offset=200, 20 events (total so far: 220)
2026-05-25 10:00:38,794 [INFO] Matchbook: fetched page offset=220, 20 events (total so far: 240)
2026-05-25 10:00:39,110 [INFO] Matchbook: fetched page offset=240, 20 events (total so far: 260)
2026-05-25 10:00:39,384 [INFO] Matchbook: fetched page offset=260, 20 events (total so far: 280)
2026-05-25 10:00:39,735 [INFO] Matchbook: fetched page offset=280, 20 events (total so far: 300)
2026-05-25 10:00:39,987 [INFO] Matchbook: fetched page offset=300, 20 events (total so far: 320)
2026-05-25 10:00:40,228 [INFO] Matchbook: fetched page offset=320, 20 events (total so far: 340)
2026-05-25 10:00:40,456 [INFO] Matchbook: fetched page offset=340, 2 events (total so far: 342)
2026-05-25 10:00:40,456 [INFO] Matchbook: processing 342 events
2026-05-25 10:00:40,465 [INFO] Matchbook: processed 20/342 events, 251 markets so far
2026-05-25 10:00:40,515 [INFO] Matchbook: processed 40/342 events, 607 markets so far
2026-05-25 10:00:40,528 [INFO] Matchbook: processed 60/342 events, 1026 markets so far
2026-05-25 10:00:40,548 [INFO] Matchbook: processed 80/342 events, 1595 markets so far
2026-05-25 10:00:40,568 [INFO] Matchbook: processed 100/342 events, 2131 markets so far
2026-05-25 10:00:40,587 [INFO] Matchbook: processed 120/342 events, 2651 markets so far
2026-05-25 10:00:40,599 [INFO] Matchbook: processed 140/342 events, 2992 markets so far
2026-05-25 10:00:40,605 [INFO] Matchbook: processed 160/342 events, 3219 markets so far
2026-05-25 10:00:40,609 [INFO] Matchbook: processed 180/342 events, 3384 markets so far
2026-05-25 10:00:40,613 [INFO] Matchbook: processed 200/342 events, 3543 markets so far
2026-05-25 10:00:40,615 [INFO] Matchbook: processed 220/342 events, 3622 markets so far
2026-05-25 10:00:40,619 [INFO] Matchbook: processed 240/342 events, 3764 markets so far
2026-05-25 10:00:40,635 [INFO] Matchbook: processed 260/342 events, 4200 markets so far
2026-05-25 10:00:40,648 [INFO] Matchbook: processed 280/342 events, 4620 markets so far
2026-05-25 10:00:40,667 [INFO] Matchbook: processed 300/342 events, 5110 markets so far
2026-05-25 10:00:40,673 [INFO] Matchbook: processed 320/342 events, 5196 markets so far
2026-05-25 10:00:40,675 [INFO] Matchbook: processed 340/342 events, 5216 markets so far
2026-05-25 10:00:40,676 [INFO] Matchbook: processed 342/342 events, 5218 markets so far
2026-05-25 10:00:40,676 [INFO] Matchbook: 5219 total markets, 319 above 25 GBP volume
2026-05-25 10:00:40,719 [INFO] matchbook: 5219 total, 319 above 25 GBP threshold
2026-05-25 10:00:40,839 [INFO] Snapshot written: /home/jwfalc/smarkets-bot/data/snapshots/matchbook/2026-05-25_09-00.json
2026-05-25 10:00:40,903 [INFO] Market log updated (matchbook)
2026-05-25 10:01:05,177 [INFO] Scanner complete for matchbook. Snapshot: 2026-05-25_09-00.json
2026-05-25 10:01:05,859 [RESEARCHER] matchbook: 319 tradeable markets from 2026-05-25_09-00.json
2026-05-25 10:01:05,860 [RESEARCHER] Market selection: 0 politics/current-affairs + 15 sports = 15 total (platforms: ['matchbook'])
2026-05-25 10:01:05,860 [RESEARCHER] [1/15] Winner
2026-05-25 10:01:12,950 [RESEARCHER] [2/15] Winner
2026-05-25 10:01:19,458 [RESEARCHER] [3/15] Moneyline
2026-05-25 10:01:26,016 [RESEARCHER] [4/15] Winner
2026-05-25 10:01:33,629 [RESEARCHER] [5/15] Match Odds
2026-05-25 10:01:40,747 [RESEARCHER] [6/15] Winner
2026-05-25 10:01:47,284 [RESEARCHER] [7/15] Correct Score
2026-05-25 10:01:54,757 [RESEARCHER] [8/15] Match Odds
2026-05-25 10:02:01,281 [RESEARCHER] [9/15] Correct Score
2026-05-25 10:02:02,945 [RESEARCHER] [10/15] Winner
2026-05-25 10:02:10,086 [RESEARCHER] [11/15] Match Odds
2026-05-25 10:02:16,406 [RESEARCHER] [12/15] Correct Score
2026-05-25 10:02:18,018 [RESEARCHER] [13/15] Winner
2026-05-25 10:02:24,945 [RESEARCHER] [14/15] Match Odds
2026-05-25 10:02:31,970 [RESEARCHER] [15/15] Winner 
2026-05-25 10:02:38,174 [RESEARCHER] Research brief written: 2026-05-25_09-02_brief.json
2026-05-25 10:02:38,174 [RESEARCHER] Markets: 15 | Errors: 0 | Credits used: 60
BRIEF_PATH:/home/jwfalc/smarkets-bot/data/research/2026-05-25_09-02_brief.json
2026-05-25 10:02:38,470 [ANALYZER] Loading research brief: 2026-05-25_09-02_brief.json
2026-05-25 10:02:38,624 [ANALYZER] Betfair cross-ref index: 2640 runners
2026-05-25 10:02:38,628 [ANALYZER] Analyzed 15 markets
2026-05-25 10:02:38,628 [ANALYZER] Found 0 signals (10pp+)
2026-05-25 10:02:38,628 [ANALYZER] Logged 2 distribution entries (7pp+)
2026-05-25 10:02:38,640 [ANALYZER] Research output written: 2026-05-25_09-02_research.json
2026-05-25 10:02:38,642 [ANALYZER] Appended 68 edge traces to edge_traces.json
RESEARCH_PATH:/home/jwfalc/smarkets-bot/data/research/2026-05-25_09-02_research.json
2026-05-25 10:02:39,200 [RESOLVE] Found 3 open trade(s) to check (paper_mode=True)
2026-05-25 10:02:39,201 [RESOLVE] Settled markets found: 0
2026-05-25 10:02:39,201 [RESOLVE] Standings: unknown competition for 'Men's French Open 2026 - Winner' — skip
2026-05-25 10:02:39,201 [RESOLVE] Standings fallback: 1 season future market(s) to check
2026-05-25 10:02:39,670 [RESOLVE] Standings: no match for 'Erling Haaland' in 20-team table
2026-05-25 10:02:39,671 [RESOLVE] No open-trade markets have settled yet.
2026-05-25 10:02:40,276 [INFO] ============================================================
2026-05-25 10:02:40,277 [INFO] DIGEST RUN STARTED
2026-05-25 10:02:40,277 [INFO] ============================================================
2026-05-25 10:02:44,750 [INFO] Dashboard data written: /home/jwfalc/smarkets-bot/dashboard/dashboard_data.json
2026-05-25 10:02:44,816 [INFO] Period logs updated: 2026-05-25, 2026-W22, 2026-05, 2026-Q2
2026-05-25 10:02:44,817 [INFO] Run log: [2026-05-25 09:02 UTC] status=ok | platforms=betfair,matchbook | markets=441 | signals=0 | alerts=0 | movements=10 | consec_losses=1
2026-05-25 10:02:44,817 [INFO] Digest complete
Balance: £282.75 | Reserved: £8.50 | Available: £274.25
No new paper trades to log
Distribution log updated: 1 new entries added
Total entries: 617
  near_certainty: 5 total, 4 resolved
  high_prob: 14 total, 7 resolved
  7-9pp: 165 total, 58 resolved
  10-11pp: 54 total, 29 resolved
  12pp+: 379 total, 270 resolved

REVIEW DUE: 7-9pp band has 58 resolved entries (threshold: 12)
  Run: python distribution_logger.py report
  Then run: prompts/prompt_review_v1.md

REVIEW DUE: 7-9pp band has 58 resolved entries (threshold: 12)
  Run: python distribution_logger.py report
  Then run: prompts/prompt_review_v1.md
EXIT_CODE:0
Sent
2026-05-25 10:02:47,709 [STATIC-DASH] Building dashboard data…
2026-05-25 10:02:48,628 [STATIC-DASH] Data collected: 152 trades, 7 signals, 441 markets
2026-05-25 10:02:48,792 [STATIC-DASH] Written: /home/jwfalc/smarkets-dashboard/index.html (2054KB)
2026-05-25 10:02:48 [DEPLOY] Starting dashboard deploy...
WARNING: could not find injection point in HTML
HTML written OK
2026-05-25 10:02:48 [DEPLOY] Static HTML built
[main df591bc] Deploy: 2026-05-25 10:02 UTC
 1 file changed, 1 insertion(+), 1 deletion(-)
remote: Internal Server Error        
remote: Request ID BB38:1865A3:8EA92F:AADFB0:6A14103A        
remote: Time 2026-05-25T09:02:51Z
To https://github.com/jwfalc-coder/smarkets-dashboard.git
 ! [remote rejected] main -> main (Internal Server Error)
error: failed to push some refs to 'https://github.com/jwfalc-coder/smarkets-dashboard.git'
