Sent
2026-05-21 14:00:03,167 [INFO] ============================================================
2026-05-21 14:00:03,167 [INFO] SCANNER RUN STARTED - BETFAIR
2026-05-21 14:00:03,167 [INFO] ============================================================
2026-05-21 14:00:03,758 [INFO] Cached Betfair session too old, re-logging in
2026-05-21 14:00:03,759 [INFO] Betfair login attempt 1/3
2026-05-21 14:00:03,948 [INFO] Betfair login successful
2026-05-21 14:00:04,098 [INFO] Catalogue: 100 markets for sport ID 1
2026-05-21 14:00:04,251 [INFO] Catalogue: 100 markets for sport ID 2
2026-05-21 14:00:04,396 [INFO] Catalogue: 100 markets for sport ID 7
2026-05-21 14:00:04,521 [INFO] Catalogue: 100 markets for sport ID 4
2026-05-21 14:00:04,628 [INFO] Catalogue: 2 markets for sport ID 2378961
2026-05-21 14:00:04,715 [INFO] Catalogue: 5 markets for sport ID 3
2026-05-21 14:00:04,961 [INFO] Catalogue: 100 markets for sport ID 7522
2026-05-21 14:00:05,069 [INFO] Catalogue: 3 markets for sport ID 6423
2026-05-21 14:00:05,069 [INFO] Betfair: fetching prices for 510 markets...
2026-05-21 14:00:09,679 [INFO] Betfair: enriching 510 markets with price data...
2026-05-21 14:00:09,685 [INFO] Betfair: enriched 50/510 markets, 9 tradeable so far
2026-05-21 14:00:09,692 [INFO] Betfair: enriched 100/510 markets, 19 tradeable so far
2026-05-21 14:00:09,694 [INFO] Betfair: enriched 150/510 markets, 22 tradeable so far
2026-05-21 14:00:09,698 [INFO] Betfair: enriched 200/510 markets, 26 tradeable so far
2026-05-21 14:00:09,769 [INFO] Betfair: enriched 250/510 markets, 50 tradeable so far
2026-05-21 14:00:09,778 [INFO] Betfair: enriched 300/510 markets, 74 tradeable so far
2026-05-21 14:00:09,782 [INFO] Betfair: enriched 350/510 markets, 84 tradeable so far
2026-05-21 14:00:09,784 [INFO] Betfair: enriched 400/510 markets, 87 tradeable so far
2026-05-21 14:00:09,834 [INFO] Betfair: enriched 450/510 markets, 101 tradeable so far
2026-05-21 14:00:09,897 [INFO] Betfair: enriched 500/510 markets, 114 tradeable so far
2026-05-21 14:00:09,913 [INFO] Betfair: enriched 510/510 markets, 114 tradeable so far
2026-05-21 14:00:09,914 [INFO] Betfair: 510 total markets, 114 above 100 GBP volume
2026-05-21 14:00:10,068 [INFO] Outrights: 48 markets for sport 1
2026-05-21 14:00:10,177 [INFO] Outrights: 13 markets for sport 3
2026-05-21 14:00:10,262 [INFO] Outrights: 0 markets for sport 2378961
2026-05-21 14:00:10,926 [INFO] Outrights: 46 markets above 25 GBP
2026-05-21 14:00:10,933 [INFO] Betfair: added 46 outright markets for cross-ref
2026-05-21 14:00:10,933 [INFO] betfair: 556 total, 160 above 100 GBP threshold
2026-05-21 14:00:11,296 [INFO] Snapshot written: /home/jwfalc/smarkets-bot/data/snapshots/betfair/2026-05-21_13-00.json
2026-05-21 14:00:11,469 [INFO] Market log updated (betfair)
2026-05-21 14:00:50,456 [INFO] Scanner complete for betfair. Snapshot: 2026-05-21_13-00.json
2026-05-21 14:00:50,931 [INFO] ============================================================
2026-05-21 14:00:50,931 [INFO] SCANNER RUN STARTED - MATCHBOOK
2026-05-21 14:00:50,931 [INFO] ============================================================
2026-05-21 14:00:51,456 [INFO] Matchbook login attempt 1/3
2026-05-21 14:00:51,669 [INFO] Matchbook login successful
2026-05-21 14:00:51,670 [INFO] Matchbook: fetching events with prices for 15 sports...
2026-05-21 14:00:51,800 [INFO] Matchbook: fetched page offset=0, 20 events (total so far: 20)
2026-05-21 14:00:52,134 [INFO] Matchbook: fetched page offset=20, 20 events (total so far: 40)
2026-05-21 14:00:52,542 [INFO] Matchbook: fetched page offset=40, 20 events (total so far: 60)
2026-05-21 14:00:52,973 [INFO] Matchbook: fetched page offset=60, 20 events (total so far: 80)
2026-05-21 14:00:53,314 [INFO] Matchbook: fetched page offset=80, 20 events (total so far: 100)
2026-05-21 14:00:53,613 [INFO] Matchbook: fetched page offset=100, 20 events (total so far: 120)
2026-05-21 14:00:54,001 [INFO] Matchbook: fetched page offset=120, 20 events (total so far: 140)
2026-05-21 14:00:54,388 [INFO] Matchbook: fetched page offset=140, 20 events (total so far: 160)
2026-05-21 14:00:54,748 [INFO] Matchbook: fetched page offset=160, 20 events (total so far: 180)
2026-05-21 14:00:55,015 [INFO] Matchbook: fetched page offset=180, 20 events (total so far: 200)
2026-05-21 14:00:55,259 [INFO] Matchbook: fetched page offset=200, 20 events (total so far: 220)
2026-05-21 14:00:55,493 [INFO] Matchbook: fetched page offset=220, 9 events (total so far: 229)
2026-05-21 14:00:55,494 [INFO] Matchbook: processing 229 events
2026-05-21 14:00:55,506 [INFO] Matchbook: processed 20/229 events, 176 markets so far
2026-05-21 14:00:55,525 [INFO] Matchbook: processed 40/229 events, 589 markets so far
2026-05-21 14:00:55,556 [INFO] Matchbook: processed 60/229 events, 1211 markets so far
2026-05-21 14:00:55,586 [INFO] Matchbook: processed 80/229 events, 1837 markets so far
2026-05-21 14:00:55,677 [INFO] Matchbook: processed 100/229 events, 2319 markets so far
2026-05-21 14:00:55,692 [INFO] Matchbook: processed 120/229 events, 2641 markets so far
2026-05-21 14:00:55,727 [INFO] Matchbook: processed 140/229 events, 3408 markets so far
2026-05-21 14:00:55,751 [INFO] Matchbook: processed 160/229 events, 3957 markets so far
2026-05-21 14:00:55,779 [INFO] Matchbook: processed 180/229 events, 4467 markets so far
2026-05-21 14:00:55,786 [INFO] Matchbook: processed 200/229 events, 4686 markets so far
2026-05-21 14:00:55,792 [INFO] Matchbook: processed 220/229 events, 4706 markets so far
2026-05-21 14:00:55,794 [INFO] Matchbook: processed 229/229 events, 4715 markets so far
2026-05-21 14:00:55,794 [INFO] Matchbook: 4716 total markets, 592 above 25 GBP volume
2026-05-21 14:00:55,865 [INFO] matchbook: 4716 total, 592 above 25 GBP threshold
2026-05-21 14:00:56,132 [INFO] Snapshot written: /home/jwfalc/smarkets-bot/data/snapshots/matchbook/2026-05-21_13-00.json
2026-05-21 14:00:56,274 [INFO] Market log updated (matchbook)
2026-05-21 14:01:32,220 [INFO] Scanner complete for matchbook. Snapshot: 2026-05-21_13-00.json
2026-05-21 14:01:33,349 [RESEARCHER] matchbook: 592 tradeable markets from 2026-05-21_13-00.json
2026-05-21 14:01:33,350 [RESEARCHER] Market selection: 0 politics/current-affairs + 15 sports = 15 total (platforms: ['matchbook'])
2026-05-21 14:01:33,350 [RESEARCHER] [1/15] Winner
2026-05-21 14:01:40,647 [RESEARCHER] [2/15] Winner
2026-05-21 14:01:48,648 [RESEARCHER] [3/15] Winner
2026-05-21 14:01:55,682 [RESEARCHER] [4/15] To Be Relegated
2026-05-21 14:02:02,598 [RESEARCHER] [5/15] Winner
2026-05-21 14:02:09,942 [RESEARCHER] [6/15] Top 4 Finish
2026-05-21 14:02:17,513 [RESEARCHER] [7/15] Winner
2026-05-21 14:02:26,624 [RESEARCHER] [8/15] Top 6 Finish
2026-05-21 14:02:29,842 [RESEARCHER] [9/15] Match Odds
2026-05-21 14:02:37,200 [RESEARCHER] [10/15] Match Odds
2026-05-21 14:02:44,055 [RESEARCHER] [11/15] Match Odds
2026-05-21 14:02:51,835 [RESEARCHER] [12/15] Correct Score
2026-05-21 14:02:59,346 [RESEARCHER] [13/15] Match Odds
2026-05-21 14:03:07,508 [RESEARCHER] [14/15] Top 5 Finish
2026-05-21 14:03:14,991 [RESEARCHER] [15/15] Winner
2026-05-21 14:03:21,315 [RESEARCHER] Research brief written: 2026-05-21_13-03_brief.json
2026-05-21 14:03:21,315 [RESEARCHER] Markets: 15 | Errors: 0 | Credits used: 60
BRIEF_PATH:/home/jwfalc/smarkets-bot/data/research/2026-05-21_13-03_brief.json
2026-05-21 14:03:21,755 [ANALYZER] Loading research brief: 2026-05-21_13-03_brief.json
2026-05-21 14:03:22,040 [ANALYZER] Betfair cross-ref index: 4219 runners
2026-05-21 14:03:22,044 [ANALYZER] Analyzed 15 markets
2026-05-21 14:03:22,045 [ANALYZER] Found 0 signals (10pp+)
2026-05-21 14:03:22,045 [ANALYZER] Logged 3 distribution entries (7pp+)
2026-05-21 14:03:22,059 [ANALYZER] Research output written: 2026-05-21_13-03_research.json
2026-05-21 14:03:22,062 [ANALYZER] Appended 69 edge traces to edge_traces.json
RESEARCH_PATH:/home/jwfalc/smarkets-bot/data/research/2026-05-21_13-03_research.json
2026-05-21 14:03:22,881 [RESOLVE] Found 17 open trade(s) to check (paper_mode=True)
2026-05-21 14:03:22,983 [RESOLVE] Using cached Betfair session token
2026-05-21 14:03:22,983 [RESOLVE] Betfair: checking 2 open-trade markets
2026-05-21 14:03:30,722 [RESOLVE] Snapshot name lookup: found mappings for 2 markets
2026-05-21 14:03:30,845 [RESOLVE] Web fallback: 1 stale match market(s) to look up
2026-05-21 14:04:04,627 [RESOLVE] Stale market unresolved — manual check needed: 'SC Freiburg vs Aston Villa' (market=33223408744800023, logged 2026-05-20). Tip: add [football_data] api_key to config.toml for CL coverage.
2026-05-21 14:04:04,627 [RESOLVE] Settled markets found: 0
2026-05-21 14:04:04,627 [RESOLVE] Standings: unknown competition for 'Men's French Open 2026 - Winner' — skip
2026-05-21 14:04:04,627 [RESOLVE] No open-trade markets have settled yet.
2026-05-21 14:04:05,582 [INFO] ============================================================
2026-05-21 14:04:05,583 [INFO] DIGEST RUN STARTED
2026-05-21 14:04:05,583 [INFO] ============================================================
2026-05-21 14:04:12,492 [INFO] Dashboard data written: /home/jwfalc/smarkets-bot/dashboard/dashboard_data.json
2026-05-21 14:04:12,572 [INFO] Period logs updated: 2026-05-21, 2026-W21, 2026-05, 2026-Q2
2026-05-21 14:04:12,573 [INFO] Run log: [2026-05-21 13:04 UTC] status=ok | platforms=betfair,matchbook | markets=752 | signals=0 | alerts=0 | movements=10 | consec_losses=1
2026-05-21 14:04:12,574 [INFO] Digest complete
Balance: £271.25 | Reserved: £75.59 | Available: £195.66
No new paper trades to log
Distribution log updated: 0 new entries added
Total entries: 585
  near_certainty: 4 total, 4 resolved
  high_prob: 14 total, 5 resolved
  7-9pp: 154 total, 33 resolved
  10-11pp: 48 total, 21 resolved
  12pp+: 365 total, 193 resolved

REVIEW DUE: 7-9pp band has 33 resolved entries (threshold: 12)
  Run: python distribution_logger.py report
  Then run: prompts/prompt_review_v1.md

REVIEW DUE: 7-9pp band has 33 resolved entries (threshold: 12)
  Run: python distribution_logger.py report
  Then run: prompts/prompt_review_v1.md
EXIT_CODE:0
Sent
2026-05-21 14:04:16,944 [STATIC-DASH] Building dashboard data…
2026-05-21 14:04:18,277 [STATIC-DASH] Data collected: 113 trades, 20 signals, 752 markets
2026-05-21 14:04:18,524 [STATIC-DASH] Written: /home/jwfalc/smarkets-dashboard/index.html (2844KB)
2026-05-21 14:04:18 [DEPLOY] Starting dashboard deploy...
WARNING: could not find injection point in HTML
HTML written OK
2026-05-21 14:04:18 [DEPLOY] Static HTML built
[main e1e34f0] Deploy: 2026-05-21 14:04 UTC
 1 file changed, 1 insertion(+), 1 deletion(-)
To https://github.com/jwfalc-coder/smarkets-dashboard.git
   fdd8856..e1e34f0  main -> main
2026-05-21 14:04:18 [DEPLOY] Deploy complete: Deploy: 2026-05-21 14:04 UTC
[main 723a177] log: routine_2026-05-21_1400
 1 file changed, 149 insertions(+)
 create mode 100644 data/routine_logs/routine_2026-05-21_1400.log
From https://github.com/jwfalc-coder/betting-auditor
 * branch            main       -> FETCH_HEAD
Current branch main is up to date.
To https://github.com/jwfalc-coder/betting-auditor.git
   dd3fe7f..723a177  main -> main
