Sent
2026-05-09 06:00:02,608 [INFO] ============================================================
2026-05-09 06:00:02,609 [INFO] SCANNER RUN STARTED - BETFAIR
2026-05-09 06:00:02,609 [INFO] ============================================================
2026-05-09 06:00:03,011 [INFO] Cached Betfair session too old, re-logging in
2026-05-09 06:00:03,012 [INFO] Betfair login attempt 1/3
2026-05-09 06:00:03,157 [INFO] Betfair login successful
2026-05-09 06:00:03,326 [INFO] Catalogue: 100 markets for sport ID 1
2026-05-09 06:00:03,567 [INFO] Catalogue: 100 markets for sport ID 2
2026-05-09 06:00:03,685 [INFO] Catalogue: 100 markets for sport ID 7
2026-05-09 06:00:03,793 [INFO] Catalogue: 100 markets for sport ID 4
2026-05-09 06:00:03,881 [INFO] Catalogue: 1 markets for sport ID 2378961
2026-05-09 06:00:03,991 [INFO] Catalogue: 52 markets for sport ID 3
2026-05-09 06:00:04,216 [INFO] Catalogue: 100 markets for sport ID 7522
2026-05-09 06:00:04,333 [INFO] Catalogue: 9 markets for sport ID 6423
2026-05-09 06:00:04,333 [INFO] Betfair: fetching prices for 562 markets...
2026-05-09 06:00:09,325 [INFO] Betfair: enriching 562 markets with price data...
2026-05-09 06:00:09,332 [INFO] Betfair: enriched 50/562 markets, 20 tradeable so far
2026-05-09 06:00:09,338 [INFO] Betfair: enriched 100/562 markets, 26 tradeable so far
2026-05-09 06:00:09,342 [INFO] Betfair: enriched 150/562 markets, 27 tradeable so far
2026-05-09 06:00:09,344 [INFO] Betfair: enriched 200/562 markets, 28 tradeable so far
2026-05-09 06:00:09,353 [INFO] Betfair: enriched 250/562 markets, 38 tradeable so far
2026-05-09 06:00:09,362 [INFO] Betfair: enriched 300/562 markets, 47 tradeable so far
2026-05-09 06:00:09,365 [INFO] Betfair: enriched 350/562 markets, 58 tradeable so far
2026-05-09 06:00:09,367 [INFO] Betfair: enriched 400/562 markets, 60 tradeable so far
2026-05-09 06:00:09,421 [INFO] Betfair: enriched 450/562 markets, 96 tradeable so far
2026-05-09 06:00:09,506 [INFO] Betfair: enriched 500/562 markets, 98 tradeable so far
2026-05-09 06:00:09,561 [INFO] Betfair: enriched 550/562 markets, 103 tradeable so far
2026-05-09 06:00:09,580 [INFO] Betfair: enriched 562/562 markets, 103 tradeable so far
2026-05-09 06:00:09,583 [INFO] Betfair: 562 total markets, 103 above 100 GBP volume
2026-05-09 06:00:09,628 [INFO] betfair: 562 total, 103 above 100 GBP threshold
2026-05-09 06:00:09,933 [INFO] Snapshot written: /home/jwfalc/smarkets-bot/data/snapshots/betfair/2026-05-09_05-00.json
2026-05-09 06:00:10,076 [INFO] Market log updated (betfair)
2026-05-09 06:00:34,210 [INFO] Scanner complete for betfair. Snapshot: 2026-05-09_05-00.json
2026-05-09 06:00:34,663 [INFO] ============================================================
2026-05-09 06:00:34,664 [INFO] SCANNER RUN STARTED - MATCHBOOK
2026-05-09 06:00:34,664 [INFO] ============================================================
2026-05-09 06:00:35,141 [INFO] Matchbook login attempt 1/3
2026-05-09 06:00:35,312 [INFO] Matchbook login successful
2026-05-09 06:00:35,313 [INFO] Matchbook: fetching events with prices for 8 sports...
2026-05-09 06:00:35,432 [INFO] Matchbook: fetched page offset=0, 20 events (total so far: 20)
2026-05-09 06:00:35,687 [INFO] Matchbook: fetched page offset=20, 20 events (total so far: 40)
2026-05-09 06:00:35,985 [INFO] Matchbook: fetched page offset=40, 20 events (total so far: 60)
2026-05-09 06:00:36,305 [INFO] Matchbook: fetched page offset=60, 20 events (total so far: 80)
2026-05-09 06:00:36,660 [INFO] Matchbook: fetched page offset=80, 20 events (total so far: 100)
2026-05-09 06:00:36,899 [INFO] Matchbook: fetched page offset=100, 20 events (total so far: 120)
2026-05-09 06:00:37,219 [INFO] Matchbook: fetched page offset=120, 20 events (total so far: 140)
2026-05-09 06:00:37,515 [INFO] Matchbook: fetched page offset=140, 20 events (total so far: 160)
2026-05-09 06:00:37,846 [INFO] Matchbook: fetched page offset=160, 20 events (total so far: 180)
2026-05-09 06:00:38,362 [INFO] Matchbook: fetched page offset=180, 20 events (total so far: 200)
2026-05-09 06:00:38,679 [INFO] Matchbook: fetched page offset=200, 20 events (total so far: 220)
2026-05-09 06:00:38,961 [INFO] Matchbook: fetched page offset=220, 20 events (total so far: 240)
2026-05-09 06:00:39,261 [INFO] Matchbook: fetched page offset=240, 20 events (total so far: 260)
2026-05-09 06:00:39,562 [INFO] Matchbook: fetched page offset=260, 20 events (total so far: 280)
2026-05-09 06:00:39,849 [INFO] Matchbook: fetched page offset=280, 20 events (total so far: 300)
2026-05-09 06:00:40,145 [INFO] Matchbook: fetched page offset=300, 20 events (total so far: 320)
2026-05-09 06:00:40,464 [INFO] Matchbook: fetched page offset=320, 20 events (total so far: 340)
2026-05-09 06:00:40,850 [INFO] Matchbook: fetched page offset=340, 20 events (total so far: 360)
2026-05-09 06:00:41,148 [INFO] Matchbook: fetched page offset=360, 20 events (total so far: 380)
2026-05-09 06:00:41,421 [INFO] Matchbook: fetched page offset=380, 20 events (total so far: 400)
2026-05-09 06:00:41,747 [INFO] Matchbook: fetched page offset=400, 20 events (total so far: 420)
2026-05-09 06:00:42,081 [INFO] Matchbook: fetched page offset=420, 20 events (total so far: 440)
2026-05-09 06:00:42,463 [INFO] Matchbook: fetched page offset=440, 20 events (total so far: 460)
2026-05-09 06:00:42,741 [INFO] Matchbook: fetched page offset=460, 20 events (total so far: 480)
2026-05-09 06:00:43,049 [INFO] Matchbook: fetched page offset=480, 20 events (total so far: 500)
2026-05-09 06:00:43,326 [INFO] Matchbook: fetched page offset=500, 20 events (total so far: 520)
2026-05-09 06:00:43,557 [INFO] Matchbook: fetched page offset=520, 12 events (total so far: 532)
2026-05-09 06:00:43,558 [INFO] Matchbook: processing 532 events
2026-05-09 06:00:43,575 [INFO] Matchbook: processed 20/532 events, 195 markets so far
2026-05-09 06:00:43,579 [INFO] Matchbook: processed 40/532 events, 313 markets so far
2026-05-09 06:00:43,598 [INFO] Matchbook: processed 60/532 events, 868 markets so far
2026-05-09 06:00:43,620 [INFO] Matchbook: processed 80/532 events, 1434 markets so far
2026-05-09 06:00:43,720 [INFO] Matchbook: processed 100/532 events, 2072 markets so far
2026-05-09 06:00:43,725 [INFO] Matchbook: processed 120/532 events, 2189 markets so far
2026-05-09 06:00:43,741 [INFO] Matchbook: processed 140/532 events, 2595 markets so far
2026-05-09 06:00:43,759 [INFO] Matchbook: processed 160/532 events, 3142 markets so far
2026-05-09 06:00:43,781 [INFO] Matchbook: processed 180/532 events, 3814 markets so far
2026-05-09 06:00:43,804 [INFO] Matchbook: processed 200/532 events, 4459 markets so far
2026-05-09 06:00:43,827 [INFO] Matchbook: processed 220/532 events, 5099 markets so far
2026-05-09 06:00:43,842 [INFO] Matchbook: processed 240/532 events, 5619 markets so far
2026-05-09 06:00:43,859 [INFO] Matchbook: processed 260/532 events, 6174 markets so far
2026-05-09 06:00:43,893 [INFO] Matchbook: processed 280/532 events, 6873 markets so far
2026-05-09 06:00:43,912 [INFO] Matchbook: processed 300/532 events, 7412 markets so far
2026-05-09 06:00:43,931 [INFO] Matchbook: processed 320/532 events, 8080 markets so far
2026-05-09 06:00:43,955 [INFO] Matchbook: processed 340/532 events, 8751 markets so far
2026-05-09 06:00:43,973 [INFO] Matchbook: processed 360/532 events, 9355 markets so far
2026-05-09 06:00:43,995 [INFO] Matchbook: processed 380/532 events, 9971 markets so far
2026-05-09 06:00:44,008 [INFO] Matchbook: processed 400/532 events, 10453 markets so far
2026-05-09 06:00:44,034 [INFO] Matchbook: processed 420/532 events, 11269 markets so far
2026-05-09 06:00:44,068 [INFO] Matchbook: processed 440/532 events, 12052 markets so far
2026-05-09 06:00:44,099 [INFO] Matchbook: processed 460/532 events, 12923 markets so far
2026-05-09 06:00:44,114 [INFO] Matchbook: processed 480/532 events, 13404 markets so far
2026-05-09 06:00:44,138 [INFO] Matchbook: processed 500/532 events, 14160 markets so far
2026-05-09 06:00:44,148 [INFO] Matchbook: processed 520/532 events, 14397 markets so far
2026-05-09 06:00:44,149 [INFO] Matchbook: processed 532/532 events, 14409 markets so far
2026-05-09 06:00:44,149 [INFO] Matchbook: 14410 total markets, 446 above 100 GBP volume
2026-05-09 06:00:44,248 [INFO] matchbook: 14410 total, 446 above 100 GBP threshold
2026-05-09 06:00:44,487 [INFO] Snapshot written: /home/jwfalc/smarkets-bot/data/snapshots/matchbook/2026-05-09_05-00.json
2026-05-09 06:00:44,612 [INFO] Market log updated (matchbook)
2026-05-09 06:01:10,990 [INFO] Scanner complete for matchbook. Snapshot: 2026-05-09_05-00.json
2026-05-09 06:01:12,043 [RESEARCHER] betfair: 103 tradeable markets from 2026-05-09_05-00.json
2026-05-09 06:01:12,086 [RESEARCHER] matchbook: 446 tradeable markets from 2026-05-09_05-00.json
2026-05-09 06:01:12,091 [RESEARCHER] Market selection: 1 politics/current-affairs + 3 matchbook-matchday + 12 other-sports = 16 total
2026-05-09 06:01:12,092 [RESEARCHER] [1/16] Farrer By Election 2026
2026-05-09 06:01:17,079 [RESEARCHER] [2/16] Match Odds
2026-05-09 06:01:21,275 [RESEARCHER] [3/16] Match Odds
2026-05-09 06:01:25,214 [RESEARCHER] [4/16] Match Odds
2026-05-09 06:01:28,697 [RESEARCHER] [5/16] Winner
2026-05-09 06:01:32,477 [RESEARCHER] [6/16] Winner
2026-05-09 06:01:35,894 [RESEARCHER] [7/16] Winner
2026-05-09 06:01:39,276 [RESEARCHER] [8/16] Winner
2026-05-09 06:01:42,799 [RESEARCHER] [9/16] Winner
2026-05-09 06:01:46,399 [RESEARCHER] [10/16] Winner
2026-05-09 06:01:50,005 [RESEARCHER] [11/16] Winner
2026-05-09 06:01:53,589 [RESEARCHER] [12/16] To Be Relegated
2026-05-09 06:01:57,728 [RESEARCHER] [13/16] Winner
2026-05-09 06:02:02,008 [RESEARCHER] [14/16] Winner
2026-05-09 06:02:05,704 [RESEARCHER] [15/16] Winner
2026-05-09 06:02:09,363 [RESEARCHER] [16/16] Winner
2026-05-09 06:02:13,104 [RESEARCHER] Research brief written: 2026-05-09_05-02_brief.json
2026-05-09 06:02:13,105 [RESEARCHER] Markets: 16 | Errors: 0 | Credits used: 33
BRIEF_PATH:/home/jwfalc/smarkets-bot/data/research/2026-05-09_05-02_brief.json
2026-05-09 06:02:13,495 [ANALYZER] Loading research brief: 2026-05-09_05-02_brief.json
2026-05-09 06:02:13,598 [ANALYZER] Analyzed 16 markets
2026-05-09 06:02:13,598 [ANALYZER] Found 1 signals (10pp+)
2026-05-09 06:02:13,598 [ANALYZER] Logged 3 distribution entries (7pp+)
2026-05-09 06:02:13,614 [ANALYZER] Research output written: 2026-05-09_05-02_research.json
RESEARCH_PATH:/home/jwfalc/smarkets-bot/data/research/2026-05-09_05-02_research.json
2026-05-09 06:02:14,384 [RESOLVE] Found 37 open trade(s) to check (paper_mode=True)
2026-05-09 06:02:14,480 [RESOLVE] Using cached Betfair session token
2026-05-09 06:02:14,480 [RESOLVE] Betfair: checking 9 open-trade markets
2026-05-09 06:02:18,683 [RESOLVE] Snapshot name lookup: found mappings for 9 markets
2026-05-09 06:02:18,801 [RESOLVE] Using cached Matchbook session token
2026-05-09 06:02:18,802 [RESOLVE] Matchbook: checking 5 open-trade markets against settled events
/home/jwfalc/smarkets-bot/scripts/check_resolutions.py:306: DeprecationWarning: datetime.datetime.utcnow() is deprecated and scheduled for removal in a future version. Use timezone-aware objects to represent datetimes in UTC: datetime.datetime.now(datetime.UTC).
  from_date = (datetime.datetime.utcnow() - datetime.timedelta(days=30)).strftime("%Y-%m-%d")
2026-05-09 06:02:18,864 [RESOLVE] GET events failed: 400 {"errors":[{"messages":["Incorrect request param: after."],"codes":[null]}]}
2026-05-09 06:02:20,887 [RESOLVE] GET events failed: 400 {"errors":[{"messages":["Incorrect request param: after."],"codes":[null]}]}
2026-05-09 06:02:22,910 [RESOLVE] GET events failed: 400 {"errors":[{"messages":["Incorrect request param: after."],"codes":[null]}]}
2026-05-09 06:02:22,911 [RESOLVE] Matchbook settled events request failed: GET events failed: 400
2026-05-09 06:02:22,911 [RESOLVE] Web fallback: 1 stale match market(s) to look up
2026-05-09 06:02:32,091 [RESOLVE] Stale market unresolved — manual check needed: 'Atlético de Madrid vs Celta de Vigo' (market=33128052006800081, logged 2026-05-07). Tip: add [football_data] api_key to config.toml for CL coverage.
2026-05-09 06:02:32,091 [RESOLVE] Settled markets found: 0
2026-05-09 06:02:32,091 [RESOLVE] No open-trade markets have settled yet.
2026-05-09 06:02:32,963 [INFO] ============================================================
2026-05-09 06:02:32,963 [INFO] DIGEST RUN STARTED
2026-05-09 06:02:32,964 [INFO] ============================================================
2026-05-09 06:02:37,338 [INFO] Dashboard data written: /home/jwfalc/smarkets-bot/dashboard/dashboard_data.json
2026-05-09 06:02:37,379 [INFO] Period logs updated: 2026-05-09, 2026-W19, 2026-05, 2026-Q2
2026-05-09 06:02:37,379 [INFO] Run log: [2026-05-09 05:02 UTC] status=signal | platforms=betfair,matchbook | markets=549 | signals=1 | alerts=0 | movements=10 | consec_losses=0
2026-05-09 06:02:37,380 [INFO] Digest complete
Balance: £98.13 | Reserved: £261.96 | Available: £-163.83
Skipping (insufficient balance): Farrer By Election 2026 needs £0.70, only £-163.83 available
No new paper trades to log
Distribution log updated: 3 new entries added
Total entries: 347
  7-9pp: 66 total, 10 resolved
  10-11pp: 50 total, 23 resolved
  12pp+: 231 total, 113 resolved

REVIEW DUE: 10-11pp band has 23 resolved entries (threshold: 12)
  Run: python distribution_logger.py report
  Then run: prompts/prompt_review_v1.md

REVIEW DUE: 10-11pp band has 23 resolved entries (threshold: 12)
  Run: python distribution_logger.py report
  Then run: prompts/prompt_review_v1.md
EXIT_CODE:0
Sent
2026-05-09 06:02:40 [DEPLOY] Starting dashboard deploy...
HTML written OK
2026-05-09 06:02:40 [DEPLOY] Static HTML built
[main aa684b6] Deploy: 2026-05-09 06:02 UTC
 1 file changed, 1 insertion(+), 1 deletion(-)
To https://github.com/jwfalc-coder/smarkets-dashboard.git
   6945cf9..aa684b6  main -> main
2026-05-09 06:02:40 [DEPLOY] Deploy complete: Deploy: 2026-05-09 06:02 UTC
