Sent
2026-05-08 23:00:02,483 [INFO] ============================================================
2026-05-08 23:00:02,483 [INFO] SCANNER RUN STARTED - BETFAIR
2026-05-08 23:00:02,484 [INFO] ============================================================
2026-05-08 23:00:02,881 [INFO] Using cached Betfair session token
2026-05-08 23:00:03,044 [INFO] Catalogue: 100 markets for sport ID 1
2026-05-08 23:00:03,159 [INFO] Catalogue: 100 markets for sport ID 2
2026-05-08 23:00:03,289 [INFO] Catalogue: 100 markets for sport ID 7
2026-05-08 23:00:03,407 [INFO] Catalogue: 100 markets for sport ID 4
2026-05-08 23:00:03,507 [INFO] Catalogue: 1 markets for sport ID 2378961
2026-05-08 23:00:03,611 [INFO] Catalogue: 19 markets for sport ID 3
2026-05-08 23:00:03,854 [INFO] Catalogue: 100 markets for sport ID 7522
2026-05-08 23:00:03,984 [INFO] Catalogue: 12 markets for sport ID 6423
2026-05-08 23:00:03,985 [INFO] Betfair: fetching prices for 532 markets...
2026-05-08 23:00:08,685 [INFO] Betfair: enriching 532 markets with price data...
2026-05-08 23:00:08,692 [INFO] Betfair: enriched 50/532 markets, 12 tradeable so far
2026-05-08 23:00:08,697 [INFO] Betfair: enriched 100/532 markets, 23 tradeable so far
2026-05-08 23:00:08,701 [INFO] Betfair: enriched 150/532 markets, 23 tradeable so far
2026-05-08 23:00:08,704 [INFO] Betfair: enriched 200/532 markets, 24 tradeable so far
2026-05-08 23:00:08,714 [INFO] Betfair: enriched 250/532 markets, 32 tradeable so far
2026-05-08 23:00:08,722 [INFO] Betfair: enriched 300/532 markets, 39 tradeable so far
2026-05-08 23:00:08,727 [INFO] Betfair: enriched 350/532 markets, 49 tradeable so far
2026-05-08 23:00:08,729 [INFO] Betfair: enriched 400/532 markets, 59 tradeable so far
2026-05-08 23:00:08,790 [INFO] Betfair: enriched 450/532 markets, 80 tradeable so far
2026-05-08 23:00:08,870 [INFO] Betfair: enriched 500/532 markets, 87 tradeable so far
2026-05-08 23:00:08,916 [INFO] Betfair: enriched 532/532 markets, 87 tradeable so far
2026-05-08 23:00:08,919 [INFO] Betfair: 532 total markets, 87 above 100 GBP volume
2026-05-08 23:00:08,964 [INFO] betfair: 532 total, 87 above 100 GBP threshold
2026-05-08 23:00:09,245 [INFO] Snapshot written: /home/jwfalc/smarkets-bot/data/snapshots/betfair/2026-05-08_22-00.json
2026-05-08 23:00:09,377 [INFO] Market log updated (betfair)
2026-05-08 23:00:33,909 [INFO] Scanner complete for betfair. Snapshot: 2026-05-08_22-00.json
2026-05-08 23:00:34,363 [INFO] ============================================================
2026-05-08 23:00:34,364 [INFO] SCANNER RUN STARTED - MATCHBOOK
2026-05-08 23:00:34,364 [INFO] ============================================================
2026-05-08 23:00:34,823 [INFO] Using cached Matchbook session token
2026-05-08 23:00:34,824 [INFO] Matchbook: fetching events with prices for 8 sports...
2026-05-08 23:00:35,030 [INFO] Matchbook: fetched page offset=0, 20 events (total so far: 20)
2026-05-08 23:00:35,305 [INFO] Matchbook: fetched page offset=20, 20 events (total so far: 40)
2026-05-08 23:00:35,542 [INFO] Matchbook: fetched page offset=40, 20 events (total so far: 60)
2026-05-08 23:00:35,837 [INFO] Matchbook: fetched page offset=60, 20 events (total so far: 80)
2026-05-08 23:00:36,173 [INFO] Matchbook: fetched page offset=80, 20 events (total so far: 100)
2026-05-08 23:00:36,485 [INFO] Matchbook: fetched page offset=100, 20 events (total so far: 120)
2026-05-08 23:00:36,827 [INFO] Matchbook: fetched page offset=120, 20 events (total so far: 140)
2026-05-08 23:00:37,121 [INFO] Matchbook: fetched page offset=140, 20 events (total so far: 160)
2026-05-08 23:00:37,397 [INFO] Matchbook: fetched page offset=160, 20 events (total so far: 180)
2026-05-08 23:00:37,712 [INFO] Matchbook: fetched page offset=180, 20 events (total so far: 200)
2026-05-08 23:00:38,001 [INFO] Matchbook: fetched page offset=200, 20 events (total so far: 220)
2026-05-08 23:00:38,314 [INFO] Matchbook: fetched page offset=220, 20 events (total so far: 240)
2026-05-08 23:00:38,600 [INFO] Matchbook: fetched page offset=240, 20 events (total so far: 260)
2026-05-08 23:00:38,880 [INFO] Matchbook: fetched page offset=260, 20 events (total so far: 280)
2026-05-08 23:00:39,212 [INFO] Matchbook: fetched page offset=280, 20 events (total so far: 300)
2026-05-08 23:00:39,563 [INFO] Matchbook: fetched page offset=300, 20 events (total so far: 320)
2026-05-08 23:00:40,040 [INFO] Matchbook: fetched page offset=320, 20 events (total so far: 340)
2026-05-08 23:00:40,312 [INFO] Matchbook: fetched page offset=340, 20 events (total so far: 360)
2026-05-08 23:00:40,646 [INFO] Matchbook: fetched page offset=360, 20 events (total so far: 380)
2026-05-08 23:00:40,909 [INFO] Matchbook: fetched page offset=380, 20 events (total so far: 400)
2026-05-08 23:00:41,136 [INFO] Matchbook: fetched page offset=400, 10 events (total so far: 410)
2026-05-08 23:00:41,137 [INFO] Matchbook: processing 410 events
2026-05-08 23:00:41,161 [INFO] Matchbook: processed 20/410 events, 411 markets so far
2026-05-08 23:00:41,177 [INFO] Matchbook: processed 40/410 events, 781 markets so far
2026-05-08 23:00:41,179 [INFO] Matchbook: processed 60/410 events, 866 markets so far
2026-05-08 23:00:41,197 [INFO] Matchbook: processed 80/410 events, 1417 markets so far
2026-05-08 23:00:41,212 [INFO] Matchbook: processed 100/410 events, 1890 markets so far
2026-05-08 23:00:41,235 [INFO] Matchbook: processed 120/410 events, 2538 markets so far
2026-05-08 23:00:41,259 [INFO] Matchbook: processed 140/410 events, 3218 markets so far
2026-05-08 23:00:41,312 [INFO] Matchbook: processed 160/410 events, 3850 markets so far
2026-05-08 23:00:41,329 [INFO] Matchbook: processed 180/410 events, 4395 markets so far
2026-05-08 23:00:41,347 [INFO] Matchbook: processed 200/410 events, 4984 markets so far
2026-05-08 23:00:41,367 [INFO] Matchbook: processed 220/410 events, 5652 markets so far
2026-05-08 23:00:41,389 [INFO] Matchbook: processed 240/410 events, 6319 markets so far
2026-05-08 23:00:41,409 [INFO] Matchbook: processed 260/410 events, 6934 markets so far
2026-05-08 23:00:41,426 [INFO] Matchbook: processed 280/410 events, 7448 markets so far
2026-05-08 23:00:41,454 [INFO] Matchbook: processed 300/410 events, 8291 markets so far
2026-05-08 23:00:41,488 [INFO] Matchbook: processed 320/410 events, 9047 markets so far
2026-05-08 23:00:41,519 [INFO] Matchbook: processed 340/410 events, 9937 markets so far
2026-05-08 23:00:41,533 [INFO] Matchbook: processed 360/410 events, 10408 markets so far
2026-05-08 23:00:41,558 [INFO] Matchbook: processed 380/410 events, 11119 markets so far
2026-05-08 23:00:41,566 [INFO] Matchbook: processed 400/410 events, 11279 markets so far
2026-05-08 23:00:41,567 [INFO] Matchbook: processed 410/410 events, 11289 markets so far
2026-05-08 23:00:41,567 [INFO] Matchbook: 11290 total markets, 390 above 100 GBP volume
2026-05-08 23:00:41,646 [INFO] matchbook: 11290 total, 390 above 100 GBP threshold
2026-05-08 23:00:41,851 [INFO] Snapshot written: /home/jwfalc/smarkets-bot/data/snapshots/matchbook/2026-05-08_22-00.json
2026-05-08 23:00:41,998 [INFO] Market log updated (matchbook)
2026-05-08 23:01:06,551 [INFO] Scanner complete for matchbook. Snapshot: 2026-05-08_22-00.json
2026-05-08 23:01:07,592 [RESEARCHER] betfair: 87 tradeable markets from 2026-05-08_22-00.json
2026-05-08 23:01:07,630 [RESEARCHER] matchbook: 390 tradeable markets from 2026-05-08_22-00.json
2026-05-08 23:01:07,633 [RESEARCHER] Market selection: 1 politics/current-affairs + 3 matchbook-matchday + 12 other-sports = 16 total
2026-05-08 23:01:07,633 [RESEARCHER] [1/16] Farrer By Election 2026
2026-05-08 23:01:14,691 [RESEARCHER] [2/16] Match Odds
2026-05-08 23:01:18,677 [RESEARCHER] [3/16] Match Odds
2026-05-08 23:01:23,007 [RESEARCHER] [4/16] Match Odds
2026-05-08 23:01:27,759 [RESEARCHER] [5/16] Match Odds
2026-05-08 23:01:31,726 [RESEARCHER] [6/16] Winner
2026-05-08 23:01:35,515 [RESEARCHER] [7/16] Winner
2026-05-08 23:01:39,443 [RESEARCHER] [8/16] Winner
2026-05-08 23:01:44,444 [RESEARCHER] [9/16] Winner
2026-05-08 23:01:48,979 [RESEARCHER] [10/16] Winner
2026-05-08 23:01:56,281 [RESEARCHER] [11/16] Bangladesh 1st Innings Runs Line
2026-05-08 23:02:00,346 [RESEARCHER] [12/16] To Be Relegated
2026-05-08 23:02:03,899 [RESEARCHER] [13/16] Winner
2026-05-08 23:02:08,071 [RESEARCHER] [14/16] Winner
2026-05-08 23:02:12,313 [RESEARCHER] [15/16] Moneyline
2026-05-08 23:02:17,045 [RESEARCHER] [16/16] Winner
2026-05-08 23:02:21,513 [RESEARCHER] Research brief written: 2026-05-08_22-02_brief.json
2026-05-08 23:02:21,513 [RESEARCHER] Markets: 16 | Errors: 0 | Credits used: 33
BRIEF_PATH:/home/jwfalc/smarkets-bot/data/research/2026-05-08_22-02_brief.json
2026-05-08 23:02:21,912 [ANALYZER] Loading research brief: 2026-05-08_22-02_brief.json
2026-05-08 23:02:22,011 [ANALYZER] Analyzed 16 markets
2026-05-08 23:02:22,011 [ANALYZER] Found 4 signals (10pp+)
2026-05-08 23:02:22,012 [ANALYZER] Logged 5 distribution entries (7pp+)
2026-05-08 23:02:22,027 [ANALYZER] Research output written: 2026-05-08_22-02_research.json
RESEARCH_PATH:/home/jwfalc/smarkets-bot/data/research/2026-05-08_22-02_research.json
2026-05-08 23:02:22,795 [RESOLVE] Found 37 open trade(s) to check (paper_mode=True)
2026-05-08 23:02:22,887 [RESOLVE] Using cached Betfair session token
2026-05-08 23:02:22,888 [RESOLVE] Betfair: checking 9 open-trade markets
2026-05-08 23:02:27,031 [RESOLVE] Snapshot name lookup: found mappings for 9 markets
2026-05-08 23:02:27,136 [RESOLVE] Using cached Matchbook session token
2026-05-08 23:02:27,137 [RESOLVE] Matchbook: checking 5 open-trade markets against settled events
/home/jwfalc/smarkets-bot/scripts/check_resolutions.py:306: DeprecationWarning: datetime.datetime.utcnow() is deprecated and scheduled for removal in a future version. Use timezone-aware objects to represent datetimes in UTC: datetime.datetime.now(datetime.UTC).
  from_date = (datetime.datetime.utcnow() - datetime.timedelta(days=30)).strftime("%Y-%m-%d")
2026-05-08 23:02:27,199 [RESOLVE] GET events failed: 400 {"errors":[{"messages":["Incorrect request param: after."],"codes":[null]}]}
2026-05-08 23:02:29,224 [RESOLVE] GET events failed: 400 {"errors":[{"messages":["Incorrect request param: after."],"codes":[null]}]}
2026-05-08 23:02:31,247 [RESOLVE] GET events failed: 400 {"errors":[{"messages":["Incorrect request param: after."],"codes":[null]}]}
2026-05-08 23:02:31,247 [RESOLVE] Matchbook settled events request failed: GET events failed: 400
2026-05-08 23:02:31,250 [RESOLVE] Web fallback: 1 stale match market(s) to look up
2026-05-08 23:02:40,825 [RESOLVE] Stale market unresolved — manual check needed: 'Atlético de Madrid vs Celta de Vigo' (market=33128052006800081, logged 2026-05-07). Tip: add [football_data] api_key to config.toml for CL coverage.
2026-05-08 23:02:40,825 [RESOLVE] Settled markets found: 0
2026-05-08 23:02:40,825 [RESOLVE] No open-trade markets have settled yet.
2026-05-08 23:02:41,722 [INFO] ============================================================
2026-05-08 23:02:41,723 [INFO] DIGEST RUN STARTED
2026-05-08 23:02:41,723 [INFO] ============================================================
2026-05-08 23:02:45,952 [INFO] Dashboard data written: /home/jwfalc/smarkets-bot/dashboard/dashboard_data.json
2026-05-08 23:02:45,995 [INFO] Period logs updated: 2026-05-08, 2026-W19, 2026-05, 2026-Q2
2026-05-08 23:02:45,996 [INFO] Run log: [2026-05-08 22:02 UTC] status=signal | platforms=betfair,matchbook | markets=477 | signals=4 | alerts=0 | movements=10 | consec_losses=0
2026-05-08 23:02:46,132 [INFO] Telegram notification sent
2026-05-08 23:02:46,138 [INFO] Digest complete
Balance: £98.13 | Reserved: £261.96 | Available: £-163.83
Skipping (insufficient balance): Farrer By Election 2026 needs £0.15, only £-163.83 available
Skipping (insufficient balance): Winner needs £5.00, only £-163.83 available
Skipping (insufficient balance): To Be Relegated needs £1.60, only £-163.83 available
Skipping (insufficient balance): Winner needs £5.00, only £-163.83 available
No new paper trades to log
Distribution log updated: 2 new entries added
Total entries: 344
  7-9pp: 64 total, 10 resolved
  10-11pp: 50 total, 23 resolved
  12pp+: 230 total, 113 resolved

REVIEW DUE: 10-11pp band has 23 resolved entries (threshold: 12)
  Run: python distribution_logger.py report
  Then run: prompts/prompt_review_v1.md

REVIEW DUE: 10-11pp band has 23 resolved entries (threshold: 12)
  Run: python distribution_logger.py report
  Then run: prompts/prompt_review_v1.md
EXIT_CODE:0
Sent
2026-05-08 23:02:50 [DEPLOY] Starting dashboard deploy...
HTML written OK
2026-05-08 23:02:50 [DEPLOY] Static HTML built
[main 6945cf9] Deploy: 2026-05-08 23:02 UTC
 1 file changed, 1 insertion(+), 1 deletion(-)
To https://github.com/jwfalc-coder/smarkets-dashboard.git
   ab29eef..6945cf9  main -> main
2026-05-08 23:02:50 [DEPLOY] Deploy complete: Deploy: 2026-05-08 23:02 UTC
