Sent
2026-05-24 18:00:02,948 [INFO] ============================================================
2026-05-24 18:00:02,949 [INFO] SCANNER RUN STARTED - BETFAIR
2026-05-24 18:00:02,949 [INFO] ============================================================
2026-05-24 18:00:03,347 [INFO] Cached Betfair session too old, re-logging in
2026-05-24 18:00:03,347 [INFO] Betfair login attempt 1/3
2026-05-24 18:00:03,499 [INFO] Betfair login successful
2026-05-24 18:00:03,655 [INFO] Catalogue: 100 markets for sport ID 1
2026-05-24 18:00:03,775 [INFO] Catalogue: 100 markets for sport ID 2
2026-05-24 18:00:03,900 [INFO] Catalogue: 100 markets for sport ID 7
2026-05-24 18:00:04,022 [INFO] Catalogue: 100 markets for sport ID 4
2026-05-24 18:00:04,118 [INFO] Catalogue: 1 markets for sport ID 2378961
2026-05-24 18:00:04,211 [INFO] Catalogue: 4 markets for sport ID 3
2026-05-24 18:00:04,404 [INFO] Catalogue: 81 markets for sport ID 7522
2026-05-24 18:00:04,501 [INFO] Catalogue: 6 markets for sport ID 6423
2026-05-24 18:00:04,502 [INFO] Betfair: fetching prices for 492 markets...
2026-05-24 18:00:08,759 [INFO] Betfair: enriching 492 markets with price data...
2026-05-24 18:00:08,767 [INFO] Betfair: enriched 50/492 markets, 7 tradeable so far
2026-05-24 18:00:08,775 [INFO] Betfair: enriched 100/492 markets, 17 tradeable so far
2026-05-24 18:00:08,781 [INFO] Betfair: enriched 150/492 markets, 22 tradeable so far
2026-05-24 18:00:08,784 [INFO] Betfair: enriched 200/492 markets, 24 tradeable so far
2026-05-24 18:00:08,792 [INFO] Betfair: enriched 250/492 markets, 33 tradeable so far
2026-05-24 18:00:08,800 [INFO] Betfair: enriched 300/492 markets, 33 tradeable so far
2026-05-24 18:00:08,804 [INFO] Betfair: enriched 350/492 markets, 41 tradeable so far
2026-05-24 18:00:08,815 [INFO] Betfair: enriched 400/492 markets, 50 tradeable so far
2026-05-24 18:00:08,889 [INFO] Betfair: enriched 450/492 markets, 72 tradeable so far
2026-05-24 18:00:08,934 [INFO] Betfair: enriched 492/492 markets, 78 tradeable so far
2026-05-24 18:00:08,937 [INFO] Betfair: 492 total markets, 78 above 100 GBP volume
2026-05-24 18:00:09,066 [INFO] Outrights: 26 markets for sport 1
2026-05-24 18:00:09,189 [INFO] Outrights: 9 markets for sport 3
2026-05-24 18:00:09,256 [INFO] Outrights: 0 markets for sport 2378961
2026-05-24 18:00:09,615 [INFO] Outrights: 31 markets above 25 GBP
2026-05-24 18:00:09,620 [INFO] Betfair: added 31 outright markets for cross-ref
2026-05-24 18:00:09,620 [INFO] betfair: 523 total, 109 above 100 GBP threshold
2026-05-24 18:00:09,886 [INFO] Snapshot written: /home/jwfalc/smarkets-bot/data/snapshots/betfair/2026-05-24_17-00.json
2026-05-24 18:00:10,041 [INFO] Market log updated (betfair)
2026-05-24 18:00:35,126 [INFO] Scanner complete for betfair. Snapshot: 2026-05-24_17-00.json
2026-05-24 18:00:35,439 [INFO] ============================================================
2026-05-24 18:00:35,439 [INFO] SCANNER RUN STARTED - MATCHBOOK
2026-05-24 18:00:35,439 [INFO] ============================================================
2026-05-24 18:00:35,781 [INFO] Matchbook login attempt 1/3
2026-05-24 18:00:35,942 [INFO] Matchbook login successful
2026-05-24 18:00:35,942 [INFO] Matchbook: fetching events with prices for 15 sports...
2026-05-24 18:00:36,068 [INFO] Matchbook: fetched page offset=0, 20 events (total so far: 20)
2026-05-24 18:00:36,394 [INFO] Matchbook: fetched page offset=20, 20 events (total so far: 40)
2026-05-24 18:00:36,717 [INFO] Matchbook: fetched page offset=40, 20 events (total so far: 60)
2026-05-24 18:00:37,073 [INFO] Matchbook: fetched page offset=60, 20 events (total so far: 80)
2026-05-24 18:00:37,403 [INFO] Matchbook: fetched page offset=80, 20 events (total so far: 100)
2026-05-24 18:00:37,731 [INFO] Matchbook: fetched page offset=100, 20 events (total so far: 120)
2026-05-24 18:00:38,085 [INFO] Matchbook: fetched page offset=120, 20 events (total so far: 140)
2026-05-24 18:00:38,368 [INFO] Matchbook: fetched page offset=140, 20 events (total so far: 160)
2026-05-24 18:00:38,633 [INFO] Matchbook: fetched page offset=160, 20 events (total so far: 180)
2026-05-24 18:00:38,901 [INFO] Matchbook: fetched page offset=180, 20 events (total so far: 200)
2026-05-24 18:00:39,219 [INFO] Matchbook: fetched page offset=200, 20 events (total so far: 220)
2026-05-24 18:00:39,555 [INFO] Matchbook: fetched page offset=220, 20 events (total so far: 240)
2026-05-24 18:00:39,811 [INFO] Matchbook: fetched page offset=240, 20 events (total so far: 260)
2026-05-24 18:00:40,086 [INFO] Matchbook: fetched page offset=260, 20 events (total so far: 280)
2026-05-24 18:00:40,371 [INFO] Matchbook: fetched page offset=280, 20 events (total so far: 300)
2026-05-24 18:00:40,674 [INFO] Matchbook: fetched page offset=300, 20 events (total so far: 320)
2026-05-24 18:00:40,906 [INFO] Matchbook: fetched page offset=320, 20 events (total so far: 340)
2026-05-24 18:00:41,144 [INFO] Matchbook: fetched page offset=340, 18 events (total so far: 358)
2026-05-24 18:00:41,144 [INFO] Matchbook: processing 358 events
2026-05-24 18:00:41,152 [INFO] Matchbook: processed 20/358 events, 155 markets so far
2026-05-24 18:00:41,167 [INFO] Matchbook: processed 40/358 events, 593 markets so far
2026-05-24 18:00:41,187 [INFO] Matchbook: processed 60/358 events, 1171 markets so far
2026-05-24 18:00:41,209 [INFO] Matchbook: processed 80/358 events, 1833 markets so far
2026-05-24 18:00:41,233 [INFO] Matchbook: processed 100/358 events, 2508 markets so far
2026-05-24 18:00:41,255 [INFO] Matchbook: processed 120/358 events, 3155 markets so far
2026-05-24 18:00:41,277 [INFO] Matchbook: processed 140/358 events, 3782 markets so far
2026-05-24 18:00:41,289 [INFO] Matchbook: processed 160/358 events, 4174 markets so far
2026-05-24 18:00:41,298 [INFO] Matchbook: processed 180/358 events, 4489 markets so far
2026-05-24 18:00:41,313 [INFO] Matchbook: processed 200/358 events, 4689 markets so far
2026-05-24 18:00:41,324 [INFO] Matchbook: processed 220/358 events, 5083 markets so far
2026-05-24 18:00:41,341 [INFO] Matchbook: processed 240/358 events, 5630 markets so far
2026-05-24 18:00:41,349 [INFO] Matchbook: processed 260/358 events, 5960 markets so far
2026-05-24 18:00:41,357 [INFO] Matchbook: processed 280/358 events, 6292 markets so far
2026-05-24 18:00:41,370 [INFO] Matchbook: processed 300/358 events, 6706 markets so far
2026-05-24 18:00:41,378 [INFO] Matchbook: processed 320/358 events, 6998 markets so far
2026-05-24 18:00:41,381 [INFO] Matchbook: processed 340/358 events, 7018 markets so far
2026-05-24 18:00:41,383 [INFO] Matchbook: processed 358/358 events, 7036 markets so far
2026-05-24 18:00:41,383 [INFO] Matchbook: 7037 total markets, 702 above 25 GBP volume
2026-05-24 18:00:41,441 [INFO] matchbook: 7037 total, 702 above 25 GBP threshold
2026-05-24 18:00:41,667 [INFO] Snapshot written: /home/jwfalc/smarkets-bot/data/snapshots/matchbook/2026-05-24_17-00.json
2026-05-24 18:00:41,786 [INFO] Market log updated (matchbook)
2026-05-24 18:01:08,008 [INFO] Scanner complete for matchbook. Snapshot: 2026-05-24_17-00.json
2026-05-24 18:01:08,713 [RESEARCHER] matchbook: 702 tradeable markets from 2026-05-24_17-00.json
2026-05-24 18:01:08,714 [RESEARCHER] Market selection: 0 politics/current-affairs + 15 sports = 15 total (platforms: ['matchbook'])
2026-05-24 18:01:08,715 [RESEARCHER] [1/15] Winner
2026-05-24 18:01:15,504 [RESEARCHER] [2/15] Winner
2026-05-24 18:01:23,189 [RESEARCHER] [3/15] To Be Relegated
2026-05-24 18:01:30,557 [RESEARCHER] [4/15] Winner
2026-05-24 18:01:37,852 [RESEARCHER] [5/15] Match Odds
2026-05-24 18:01:45,222 [RESEARCHER] [6/15] Match Odds
2026-05-24 18:01:52,513 [RESEARCHER] [7/15] Correct Score
2026-05-24 18:01:59,984 [RESEARCHER] [8/15] Match Odds
2026-05-24 18:02:07,750 [RESEARCHER] [9/15] Correct Score
2026-05-24 18:02:09,430 [RESEARCHER] [10/15] Correct Score
2026-05-24 18:02:11,113 [RESEARCHER] [11/15] Match Odds
2026-05-24 18:02:18,029 [RESEARCHER] [12/15] Match Odds
2026-05-24 18:02:25,819 [RESEARCHER] [13/15] Correct Score
2026-05-24 18:02:27,451 [RESEARCHER] [14/15] Correct Score
2026-05-24 18:02:29,141 [RESEARCHER] [15/15] Moneyline
2026-05-24 18:02:36,385 [RESEARCHER] Research brief written: 2026-05-24_17-02_brief.json
2026-05-24 18:02:36,386 [RESEARCHER] Markets: 15 | Errors: 0 | Credits used: 60
BRIEF_PATH:/home/jwfalc/smarkets-bot/data/research/2026-05-24_17-02_brief.json
2026-05-24 18:02:36,685 [ANALYZER] Loading research brief: 2026-05-24_17-02_brief.json
2026-05-24 18:02:36,914 [ANALYZER] Betfair cross-ref index: 2686 runners
2026-05-24 18:02:36,918 [ANALYZER] Analyzed 15 markets
2026-05-24 18:02:36,918 [ANALYZER] Found 0 signals (10pp+)
2026-05-24 18:02:36,918 [ANALYZER] Logged 5 distribution entries (7pp+)
2026-05-24 18:02:36,930 [ANALYZER] Research output written: 2026-05-24_17-02_research.json
2026-05-24 18:02:36,932 [ANALYZER] Appended 64 edge traces to edge_traces.json
RESEARCH_PATH:/home/jwfalc/smarkets-bot/data/research/2026-05-24_17-02_research.json
2026-05-24 18:02:37,494 [RESOLVE] Found 17 open trade(s) to check (paper_mode=True)
2026-05-24 18:02:37,561 [RESOLVE] Using cached Betfair session token
2026-05-24 18:02:37,561 [RESOLVE] Betfair: checking 1 open-trade markets
2026-05-24 18:02:44,903 [RESOLVE] Snapshot name lookup: found mappings for 1 markets
2026-05-24 18:02:45,005 [RESOLVE] Settled markets found: 0
2026-05-24 18:02:45,005 [RESOLVE] Standings: unknown competition for 'Men's French Open 2026 - Winner' — skip
2026-05-24 18:02:45,005 [RESOLVE] Standings fallback: 4 season future market(s) to check
2026-05-24 18:02:45,513 [RESOLVE] Standings: 'Manchester United' -> 'Manchester United FC' pos 3/20
2026-05-24 18:02:45,564 [RESOLVE]   [standings] Top 4 Finish | LOSS | P&L: -0.45 | Selection: Manchester United
2026-05-24 18:02:45,565 [RESOLVE] Standings: 'Liverpool' -> 'Liverpool FC' pos 5/20
2026-05-24 18:02:45,574 [RESOLVE]   [standings] Top 4 Finish | WIN | P&L: +4.90 | Selection: Liverpool
2026-05-24 18:02:45,575 [RESOLVE] Standings: 'Aston Villa' -> 'Aston Villa FC' pos 4/20
2026-05-24 18:02:45,585 [RESOLVE]   [standings] Top 4 Finish | LOSS | P&L: -6.60 | Selection: Aston Villa
2026-05-24 18:02:45,586 [RESOLVE] Standings: 'West Ham' -> 'West Ham United FC' pos 18/20
2026-05-24 18:02:45,636 [RESOLVE]   [standings] To Be Relegated | LOSS | P&L: -1.44 | Selection: West Ham
2026-05-24 18:02:45,637 [RESOLVE] Standings: 'Brighton & Hove Albion' -> 'Brighton & Hove Albion FC' pos 8/20
2026-05-24 18:02:45,693 [RESOLVE]   [standings] Top 6 Finish | WIN | P&L: +4.90 | Selection: Brighton & Hove Albion
2026-05-24 18:02:45,694 [RESOLVE] Standings: 'Chelsea' -> 'Chelsea FC' pos 10/20
2026-05-24 18:02:45,704 [RESOLVE]   [standings] Top 6 Finish | WIN | P&L: +4.90 | Selection: Chelsea
2026-05-24 18:02:45,704 [RESOLVE] Standings: 'Manchester City' -> 'Manchester City FC' pos 2/20
2026-05-24 18:02:45,714 [RESOLVE]   [standings] Top 4 Finish | LOSS | P&L: -0.05 | Selection: Manchester City
2026-05-24 18:02:45,714 [RESOLVE] Standings: 'AFC Bournemouth' -> 'AFC Bournemouth' pos 6/20
2026-05-24 18:02:45,724 [RESOLVE]   [standings] Top 6 Finish | LOSS | P&L: -4.25 | Selection: AFC Bournemouth
2026-05-24 18:02:45,725 [RESOLVE] Standings: 'West Ham' -> 'West Ham United FC' pos 18/20
2026-05-24 18:02:45,735 [RESOLVE]   [standings] To Be Relegated | WIN | P&L: +1.62 | Selection: West Ham
2026-05-24 18:02:45,736 [RESOLVE] Standings: no match for 'Erling Haaland' in 20-team table
2026-05-24 18:02:45,736 [RESOLVE] Standings: 'Brentford' -> 'Brentford FC' pos 9/20
2026-05-24 18:02:45,746 [RESOLVE]   [standings] Top 6 Finish | WIN | P&L: +4.90 | Selection: Brentford
2026-05-24 18:02:45,747 [RESOLVE] Standings: 'Sunderland' -> 'Sunderland AFC' pos 7/20
2026-05-24 18:02:45,757 [RESOLVE]   [standings] Top 6 Finish | WIN | P&L: +4.61 | Selection: Sunderland
2026-05-24 18:02:45,763 [RESOLVE] Batch resolution alert: 11 trades, net=+13.04
2026-05-24 18:02:45,910 [RESOLVE] Telegram notification sent
2026-05-24 18:02:45,929 [RESOLVE] Auto-resolved 11 trade(s). Running P&L: +169.42 | W/L: 85/61 | ROI: 28.13%
2026-05-24 18:02:46,549 [INFO] ============================================================
2026-05-24 18:02:46,550 [INFO] DIGEST RUN STARTED
2026-05-24 18:02:46,550 [INFO] ============================================================
2026-05-24 18:02:51,378 [INFO] Dashboard data written: /home/jwfalc/smarkets-bot/dashboard/dashboard_data.json
2026-05-24 18:02:51,447 [INFO] Period logs updated: 2026-05-24, 2026-W21, 2026-05, 2026-Q2
2026-05-24 18:02:51,447 [INFO] Run log: [2026-05-24 17:02 UTC] status=ok | platforms=betfair,matchbook | markets=811 | signals=0 | alerts=0 | movements=10 | consec_losses=1
2026-05-24 18:02:51,447 [INFO] Digest complete
Balance: £269.42 | Reserved: £35.42 | Available: £234.00
No new paper trades to log
Distribution log updated: 2 new entries added
Total entries: 614
  near_certainty: 4 total, 4 resolved
  high_prob: 14 total, 7 resolved
  7-9pp: 164 total, 55 resolved
  10-11pp: 53 total, 28 resolved
  12pp+: 379 total, 256 resolved

REVIEW DUE: 7-9pp band has 55 resolved entries (threshold: 12)
  Run: python distribution_logger.py report
  Then run: prompts/prompt_review_v1.md

REVIEW DUE: 7-9pp band has 55 resolved entries (threshold: 12)
  Run: python distribution_logger.py report
  Then run: prompts/prompt_review_v1.md
EXIT_CODE:0
Sent
2026-05-24 18:03:04,423 [STATIC-DASH] Building dashboard data…
2026-05-24 18:03:05,411 [STATIC-DASH] Data collected: 152 trades, 8 signals, 811 markets
2026-05-24 18:03:05,625 [STATIC-DASH] Written: /home/jwfalc/smarkets-dashboard/index.html (2894KB)
2026-05-24 18:03:05 [DEPLOY] Starting dashboard deploy...
WARNING: could not find injection point in HTML
HTML written OK
2026-05-24 18:03:05 [DEPLOY] Static HTML built
[main 37f751b] Deploy: 2026-05-24 18:03 UTC
 1 file changed, 1 insertion(+), 1 deletion(-)
To https://github.com/jwfalc-coder/smarkets-dashboard.git
   5145b74..37f751b  main -> main
2026-05-24 18:03:05 [DEPLOY] Deploy complete: Deploy: 2026-05-24 18:03 UTC
