Sent
2026-05-13 06:00:03,709 [INFO] ============================================================
2026-05-13 06:00:03,710 [INFO] SCANNER RUN STARTED - BETFAIR
2026-05-13 06:00:03,711 [INFO] ============================================================
2026-05-13 06:00:04,437 [INFO] Cached Betfair session too old, re-logging in
2026-05-13 06:00:04,439 [INFO] Betfair login attempt 1/3
2026-05-13 06:00:04,612 [INFO] Betfair login successful
2026-05-13 06:00:04,781 [INFO] Catalogue: 100 markets for sport ID 1
2026-05-13 06:00:04,920 [INFO] Catalogue: 100 markets for sport ID 2
2026-05-13 06:00:05,064 [INFO] Catalogue: 100 markets for sport ID 7
2026-05-13 06:00:05,194 [INFO] Catalogue: 100 markets for sport ID 4
2026-05-13 06:00:05,291 [INFO] Catalogue: 0 markets for sport ID 2378961
2026-05-13 06:00:05,440 [INFO] Catalogue: 85 markets for sport ID 3
2026-05-13 06:00:05,698 [INFO] Catalogue: 100 markets for sport ID 7522
2026-05-13 06:00:05,777 [INFO] Catalogue: 0 markets for sport ID 6423
2026-05-13 06:00:05,778 [INFO] Betfair: fetching prices for 585 markets...
2026-05-13 06:00:11,319 [INFO] Betfair: enriching 585 markets with price data...
2026-05-13 06:00:11,326 [INFO] Betfair: enriched 50/585 markets, 4 tradeable so far
2026-05-13 06:00:11,335 [INFO] Betfair: enriched 100/585 markets, 10 tradeable so far
2026-05-13 06:00:11,338 [INFO] Betfair: enriched 150/585 markets, 13 tradeable so far
2026-05-13 06:00:11,341 [INFO] Betfair: enriched 200/585 markets, 15 tradeable so far
2026-05-13 06:00:11,354 [INFO] Betfair: enriched 250/585 markets, 24 tradeable so far
2026-05-13 06:00:11,365 [INFO] Betfair: enriched 300/585 markets, 33 tradeable so far
2026-05-13 06:00:11,368 [INFO] Betfair: enriched 350/585 markets, 39 tradeable so far
2026-05-13 06:00:11,372 [INFO] Betfair: enriched 400/585 markets, 44 tradeable so far
2026-05-13 06:00:11,418 [INFO] Betfair: enriched 450/585 markets, 62 tradeable so far
2026-05-13 06:00:11,450 [INFO] Betfair: enriched 500/585 markets, 72 tradeable so far
2026-05-13 06:00:11,514 [INFO] Betfair: enriched 550/585 markets, 76 tradeable so far
2026-05-13 06:00:11,580 [INFO] Betfair: enriched 585/585 markets, 84 tradeable so far
2026-05-13 06:00:11,582 [INFO] Betfair: 585 total markets, 84 above 100 GBP volume
2026-05-13 06:00:11,633 [INFO] betfair: 585 total, 84 above 100 GBP threshold
2026-05-13 06:00:11,946 [INFO] Snapshot written: /home/jwfalc/smarkets-bot/data/snapshots/betfair/2026-05-13_05-00.json
2026-05-13 06:00:12,085 [INFO] Market log updated (betfair)
2026-05-13 06:00:49,799 [INFO] Scanner complete for betfair. Snapshot: 2026-05-13_05-00.json
2026-05-13 06:00:50,449 [INFO] ============================================================
2026-05-13 06:00:50,450 [INFO] SCANNER RUN STARTED - MATCHBOOK
2026-05-13 06:00:50,450 [INFO] ============================================================
2026-05-13 06:00:51,123 [INFO] Matchbook login attempt 1/3
2026-05-13 06:00:51,301 [INFO] Matchbook login successful
2026-05-13 06:00:51,302 [INFO] Matchbook: fetching events with prices for 15 sports...
2026-05-13 06:00:51,394 [INFO] Matchbook: fetched page offset=0, 20 events (total so far: 20)
2026-05-13 06:00:51,681 [INFO] Matchbook: fetched page offset=20, 20 events (total so far: 40)
2026-05-13 06:00:51,958 [INFO] Matchbook: fetched page offset=40, 20 events (total so far: 60)
2026-05-13 06:00:52,301 [INFO] Matchbook: fetched page offset=60, 20 events (total so far: 80)
2026-05-13 06:00:52,619 [INFO] Matchbook: fetched page offset=80, 20 events (total so far: 100)
2026-05-13 06:00:52,932 [INFO] Matchbook: fetched page offset=100, 20 events (total so far: 120)
2026-05-13 06:00:53,299 [INFO] Matchbook: fetched page offset=120, 20 events (total so far: 140)
2026-05-13 06:00:53,684 [INFO] Matchbook: fetched page offset=140, 20 events (total so far: 160)
2026-05-13 06:00:54,035 [INFO] Matchbook: fetched page offset=160, 20 events (total so far: 180)
2026-05-13 06:00:54,266 [INFO] Matchbook: fetched page offset=180, 20 events (total so far: 200)
2026-05-13 06:00:54,552 [INFO] Matchbook: fetched page offset=200, 20 events (total so far: 220)
2026-05-13 06:00:54,855 [INFO] Matchbook: fetched page offset=220, 20 events (total so far: 240)
2026-05-13 06:00:55,191 [INFO] Matchbook: fetched page offset=240, 20 events (total so far: 260)
2026-05-13 06:00:55,561 [INFO] Matchbook: fetched page offset=260, 20 events (total so far: 280)
2026-05-13 06:00:55,908 [INFO] Matchbook: fetched page offset=280, 20 events (total so far: 300)
2026-05-13 06:00:56,206 [INFO] Matchbook: fetched page offset=300, 20 events (total so far: 320)
2026-05-13 06:00:56,456 [INFO] Matchbook: fetched page offset=320, 17 events (total so far: 337)
2026-05-13 06:00:56,457 [INFO] Matchbook: processing 337 events
2026-05-13 06:00:56,460 [INFO] Matchbook: processed 20/337 events, 40 markets so far
2026-05-13 06:00:56,637 [INFO] Matchbook: processed 40/337 events, 249 markets so far
2026-05-13 06:00:56,645 [INFO] Matchbook: processed 60/337 events, 371 markets so far
2026-05-13 06:00:56,664 [INFO] Matchbook: processed 80/337 events, 697 markets so far
2026-05-13 06:00:56,685 [INFO] Matchbook: processed 100/337 events, 1295 markets so far
2026-05-13 06:00:56,712 [INFO] Matchbook: processed 120/337 events, 1828 markets so far
2026-05-13 06:00:56,739 [INFO] Matchbook: processed 140/337 events, 2396 markets so far
2026-05-13 06:00:56,778 [INFO] Matchbook: processed 160/337 events, 3093 markets so far
2026-05-13 06:00:56,811 [INFO] Matchbook: processed 180/337 events, 3718 markets so far
2026-05-13 06:00:56,812 [INFO] Matchbook: processed 200/337 events, 3738 markets so far
2026-05-13 06:00:56,823 [INFO] Matchbook: processed 220/337 events, 3762 markets so far
2026-05-13 06:00:56,838 [INFO] Matchbook: processed 240/337 events, 4074 markets so far
2026-05-13 06:00:56,873 [INFO] Matchbook: processed 260/337 events, 4773 markets so far
2026-05-13 06:00:56,924 [INFO] Matchbook: processed 280/337 events, 5413 markets so far
2026-05-13 06:00:56,959 [INFO] Matchbook: processed 300/337 events, 6152 markets so far
2026-05-13 06:00:56,979 [INFO] Matchbook: processed 320/337 events, 6527 markets so far
2026-05-13 06:00:56,983 [INFO] Matchbook: processed 337/337 events, 6544 markets so far
2026-05-13 06:00:56,984 [INFO] Matchbook: 6545 total markets, 297 above 25 GBP volume
2026-05-13 06:00:57,082 [INFO] matchbook: 6545 total, 297 above 25 GBP threshold
2026-05-13 06:00:57,265 [INFO] Snapshot written: /home/jwfalc/smarkets-bot/data/snapshots/matchbook/2026-05-13_05-00.json
2026-05-13 06:00:57,358 [INFO] Market log updated (matchbook)
2026-05-13 06:01:37,295 [INFO] Scanner complete for matchbook. Snapshot: 2026-05-13_05-00.json
2026-05-13 06:01:38,577 [RESEARCHER] matchbook: 190 tradeable markets from 2026-05-13_05-00.json
2026-05-13 06:01:38,578 [RESEARCHER] Market selection: 0 politics/current-affairs + 15 matchbook-sports + 0 betfair-sports = 15 total
2026-05-13 06:01:38,579 [RESEARCHER] [1/15] Winner
2026-05-13 06:01:41,882 [RESEARCHER] [2/15] Winner
2026-05-13 06:01:45,856 [RESEARCHER] [3/15] Winner
2026-05-13 06:01:49,551 [RESEARCHER] [4/15] To Be Relegated
2026-05-13 06:01:52,899 [RESEARCHER] [5/15] Winner
2026-05-13 06:01:56,232 [RESEARCHER] [6/15] Match Odds
2026-05-13 06:01:59,739 [RESEARCHER] [7/15] Top 4 Finish
2026-05-13 06:02:03,872 [RESEARCHER] [8/15] Winner
2026-05-13 06:02:07,903 [RESEARCHER] [9/15] Top 6 Finish
2026-05-13 06:02:11,415 [RESEARCHER] [10/15] Match Odds
2026-05-13 06:02:14,484 [RESEARCHER] [11/15] Correct Score
2026-05-13 06:02:17,783 [RESEARCHER] [12/15] Match Odds
2026-05-13 06:02:21,166 [RESEARCHER] [13/15] Match Odds
2026-05-13 06:02:24,575 [RESEARCHER] [14/15] Match Odds
2026-05-13 06:02:27,918 [RESEARCHER] [15/15] Match Odds
2026-05-13 06:02:31,723 [RESEARCHER] Research brief written: 2026-05-13_05-02_brief.json
2026-05-13 06:02:31,724 [RESEARCHER] Markets: 15 | Errors: 0 | Credits used: 30
BRIEF_PATH:/home/jwfalc/smarkets-bot/data/research/2026-05-13_05-02_brief.json
2026-05-13 06:02:32,262 [ANALYZER] Loading research brief: 2026-05-13_05-02_brief.json
2026-05-13 06:02:32,366 [ANALYZER] Analyzed 15 markets
2026-05-13 06:02:32,366 [ANALYZER] Found 5 signals (10pp+)
2026-05-13 06:02:32,367 [ANALYZER] Logged 12 distribution entries (7pp+)
2026-05-13 06:02:32,386 [ANALYZER] Research output written: 2026-05-13_05-02_research.json
2026-05-13 06:02:32,391 [ANALYZER] Appended 60 edge traces to edge_traces.json
RESEARCH_PATH:/home/jwfalc/smarkets-bot/data/research/2026-05-13_05-02_research.json
2026-05-13 06:02:33,475 [RESOLVE] Found 26 open trade(s) to check (paper_mode=True)
2026-05-13 06:02:33,482 [RESOLVE] Using cached Matchbook session token
2026-05-13 06:02:33,482 [RESOLVE] Matchbook: checking 8 open-trade markets against settled events
/home/jwfalc/smarkets-bot/scripts/check_resolutions.py:305: DeprecationWarning: datetime.datetime.utcnow() is deprecated and scheduled for removal in a future version. Use timezone-aware objects to represent datetimes in UTC: datetime.datetime.now(datetime.UTC).
  cutoff = datetime.datetime.utcnow() - datetime.timedelta(days=30)
2026-05-13 06:02:43,977 [RESOLVE] Settled markets found: 0
2026-05-13 06:02:43,977 [RESOLVE] No open-trade markets have settled yet.
2026-05-13 06:02:45,131 [INFO] ============================================================
2026-05-13 06:02:45,131 [INFO] DIGEST RUN STARTED
2026-05-13 06:02:45,131 [INFO] ============================================================
2026-05-13 06:02:51,888 [INFO] Dashboard data written: /home/jwfalc/smarkets-bot/dashboard/dashboard_data.json
2026-05-13 06:02:51,948 [INFO] Period logs updated: 2026-05-13, 2026-W20, 2026-05, 2026-Q2
2026-05-13 06:02:51,948 [INFO] Run log: [2026-05-13 05:02 UTC] status=signal | platforms=betfair,matchbook | markets=381 | signals=5 | alerts=0 | movements=10 | consec_losses=0
2026-05-13 06:02:51,948 [INFO] Digest complete
Balance: £209.18 | Reserved: £189.31 | Available: £19.87
Skipping (conflicting back in same market): Winner
Skipping (already open): Top 6 Finish LAY
Skipping (already open): Top 6 Finish LAY
No new paper trades to log
Distribution log updated: 11 new entries added
Total entries: 514
  7-9pp: 128 total, 18 resolved
  10-11pp: 63 total, 37 resolved
  12pp+: 323 total, 169 resolved

REVIEW DUE: 7-9pp band has 18 resolved entries (threshold: 12)
  Run: python distribution_logger.py report
  Then run: prompts/prompt_review_v1.md

REVIEW DUE: 7-9pp band has 18 resolved entries (threshold: 12)
  Run: python distribution_logger.py report
  Then run: prompts/prompt_review_v1.md
EXIT_CODE:0
Sent
2026-05-13 06:02:56,909 [STATIC-DASH] Building dashboard data…
2026-05-13 06:02:58,331 [STATIC-DASH] Data collected: 101 trades, 53 signals, 381 markets
2026-05-13 06:02:58,543 [STATIC-DASH] Written: /home/jwfalc/smarkets-dashboard/index.html (2193KB)
2026-05-13 06:02:58 [DEPLOY] Starting dashboard deploy...
WARNING: could not find injection point in HTML
HTML written OK
2026-05-13 06:02:58 [DEPLOY] Static HTML built
[main 00aeb93] Deploy: 2026-05-13 06:03 UTC
 1 file changed, 1 insertion(+), 1 deletion(-)
To https://github.com/jwfalc-coder/smarkets-dashboard.git
   9f4b88f..00aeb93  main -> main
2026-05-13 06:02:58 [DEPLOY] Deploy complete: Deploy: 2026-05-13 06:03 UTC
