Sent
2026-05-25 18:00:03,093 [INFO] ============================================================
2026-05-25 18:00:03,093 [INFO] SCANNER RUN STARTED - BETFAIR
2026-05-25 18:00:03,093 [INFO] ============================================================
2026-05-25 18:00:03,531 [INFO] Cached Betfair session too old, re-logging in
2026-05-25 18:00:03,532 [INFO] Betfair login attempt 1/3
2026-05-25 18:00:03,694 [INFO] Betfair login successful
2026-05-25 18:00:03,847 [INFO] Catalogue: 100 markets for sport ID 1
2026-05-25 18:00:03,968 [INFO] Catalogue: 100 markets for sport ID 2
2026-05-25 18:00:04,107 [INFO] Catalogue: 100 markets for sport ID 7
2026-05-25 18:00:04,241 [INFO] Catalogue: 100 markets for sport ID 4
2026-05-25 18:00:04,324 [INFO] Catalogue: 1 markets for sport ID 2378961
2026-05-25 18:00:04,402 [INFO] Catalogue: 0 markets for sport ID 3
2026-05-25 18:00:04,634 [INFO] Catalogue: 100 markets for sport ID 7522
2026-05-25 18:00:04,711 [INFO] Catalogue: 0 markets for sport ID 6423
2026-05-25 18:00:04,712 [INFO] Betfair: fetching prices for 501 markets...
2026-05-25 18:00:09,045 [INFO] Betfair: enriching 501 markets with price data...
2026-05-25 18:00:09,050 [INFO] Betfair: enriched 50/501 markets, 25 tradeable so far
2026-05-25 18:00:09,055 [INFO] Betfair: enriched 100/501 markets, 36 tradeable so far
2026-05-25 18:00:09,058 [INFO] Betfair: enriched 150/501 markets, 39 tradeable so far
2026-05-25 18:00:09,062 [INFO] Betfair: enriched 200/501 markets, 42 tradeable so far
2026-05-25 18:00:09,069 [INFO] Betfair: enriched 250/501 markets, 64 tradeable so far
2026-05-25 18:00:09,075 [INFO] Betfair: enriched 300/501 markets, 70 tradeable so far
2026-05-25 18:00:09,083 [INFO] Betfair: enriched 350/501 markets, 82 tradeable so far
2026-05-25 18:00:09,086 [INFO] Betfair: enriched 400/501 markets, 90 tradeable so far
2026-05-25 18:00:09,167 [INFO] Betfair: enriched 450/501 markets, 107 tradeable so far
2026-05-25 18:00:09,219 [INFO] Betfair: enriched 500/501 markets, 115 tradeable so far
2026-05-25 18:00:09,221 [INFO] Betfair: enriched 501/501 markets, 115 tradeable so far
2026-05-25 18:00:09,221 [INFO] Betfair: 501 total markets, 115 above 100 GBP volume
2026-05-25 18:00:09,340 [INFO] Outrights: 18 markets for sport 1
2026-05-25 18:00:09,440 [INFO] Outrights: 12 markets for sport 3
2026-05-25 18:00:09,690 [INFO] Outrights: 0 markets for sport 2378961
2026-05-25 18:00:10,050 [INFO] Outrights: 23 markets above 25 GBP
2026-05-25 18:00:10,056 [INFO] Betfair: added 23 outright markets for cross-ref
2026-05-25 18:00:10,056 [INFO] betfair: 524 total, 138 above 100 GBP threshold
2026-05-25 18:00:10,336 [INFO] Snapshot written: /home/jwfalc/smarkets-bot/data/snapshots/betfair/2026-05-25_17-00.json
2026-05-25 18:00:10,489 [INFO] Market log updated (betfair)
2026-05-25 18:00:35,097 [INFO] Scanner complete for betfair. Snapshot: 2026-05-25_17-00.json
2026-05-25 18:00:35,416 [INFO] ============================================================
2026-05-25 18:00:35,417 [INFO] SCANNER RUN STARTED - MATCHBOOK
2026-05-25 18:00:35,417 [INFO] ============================================================
2026-05-25 18:00:35,764 [INFO] Matchbook login attempt 1/3
2026-05-25 18:00:35,926 [INFO] Matchbook login successful
2026-05-25 18:00:35,926 [INFO] Matchbook: fetching events with prices for 15 sports...
2026-05-25 18:00:36,041 [INFO] Matchbook: fetched page offset=0, 20 events (total so far: 20)
2026-05-25 18:00:36,383 [INFO] Matchbook: fetched page offset=20, 20 events (total so far: 40)
2026-05-25 18:00:36,707 [INFO] Matchbook: fetched page offset=40, 20 events (total so far: 60)
2026-05-25 18:00:36,994 [INFO] Matchbook: fetched page offset=60, 20 events (total so far: 80)
2026-05-25 18:00:37,245 [INFO] Matchbook: fetched page offset=80, 20 events (total so far: 100)
2026-05-25 18:00:37,497 [INFO] Matchbook: fetched page offset=100, 20 events (total so far: 120)
2026-05-25 18:00:37,738 [INFO] Matchbook: fetched page offset=120, 20 events (total so far: 140)
2026-05-25 18:00:37,988 [INFO] Matchbook: fetched page offset=140, 20 events (total so far: 160)
2026-05-25 18:00:38,223 [INFO] Matchbook: fetched page offset=160, 20 events (total so far: 180)
2026-05-25 18:00:38,460 [INFO] Matchbook: fetched page offset=180, 20 events (total so far: 200)
2026-05-25 18:00:38,821 [INFO] Matchbook: fetched page offset=200, 20 events (total so far: 220)
2026-05-25 18:00:39,065 [INFO] Matchbook: fetched page offset=220, 20 events (total so far: 240)
2026-05-25 18:00:39,374 [INFO] Matchbook: fetched page offset=240, 20 events (total so far: 260)
2026-05-25 18:00:39,650 [INFO] Matchbook: fetched page offset=260, 20 events (total so far: 280)
2026-05-25 18:00:39,893 [INFO] Matchbook: fetched page offset=280, 20 events (total so far: 300)
2026-05-25 18:00:40,127 [INFO] Matchbook: fetched page offset=300, 11 events (total so far: 311)
2026-05-25 18:00:40,127 [INFO] Matchbook: processing 311 events
2026-05-25 18:00:40,137 [INFO] Matchbook: processed 20/311 events, 297 markets so far
2026-05-25 18:00:40,153 [INFO] Matchbook: processed 40/311 events, 746 markets so far
2026-05-25 18:00:40,173 [INFO] Matchbook: processed 60/311 events, 1288 markets so far
2026-05-25 18:00:40,182 [INFO] Matchbook: processed 80/311 events, 1585 markets so far
2026-05-25 18:00:40,187 [INFO] Matchbook: processed 100/311 events, 1760 markets so far
2026-05-25 18:00:40,222 [INFO] Matchbook: processed 120/311 events, 1944 markets so far
2026-05-25 18:00:40,225 [INFO] Matchbook: processed 140/311 events, 2078 markets so far
2026-05-25 18:00:40,229 [INFO] Matchbook: processed 160/311 events, 2198 markets so far
2026-05-25 18:00:40,231 [INFO] Matchbook: processed 180/311 events, 2272 markets so far
2026-05-25 18:00:40,233 [INFO] Matchbook: processed 200/311 events, 2336 markets so far
2026-05-25 18:00:40,255 [INFO] Matchbook: processed 220/311 events, 2978 markets so far
2026-05-25 18:00:40,261 [INFO] Matchbook: processed 240/311 events, 3204 markets so far
2026-05-25 18:00:40,280 [INFO] Matchbook: processed 260/311 events, 3689 markets so far
2026-05-25 18:00:40,292 [INFO] Matchbook: processed 280/311 events, 3961 markets so far
2026-05-25 18:00:40,294 [INFO] Matchbook: processed 300/311 events, 3981 markets so far
2026-05-25 18:00:40,295 [INFO] Matchbook: processed 311/311 events, 3992 markets so far
2026-05-25 18:00:40,296 [INFO] Matchbook: 3993 total markets, 387 above 25 GBP volume
2026-05-25 18:00:40,329 [INFO] matchbook: 3993 total, 387 above 25 GBP threshold
2026-05-25 18:00:40,459 [INFO] Snapshot written: /home/jwfalc/smarkets-bot/data/snapshots/matchbook/2026-05-25_17-00.json
2026-05-25 18:00:40,529 [INFO] Market log updated (matchbook)
2026-05-25 18:01:05,609 [INFO] Scanner complete for matchbook. Snapshot: 2026-05-25_17-00.json
2026-05-25 18:01:06,289 [RESEARCHER] matchbook: 387 tradeable markets from 2026-05-25_17-00.json
2026-05-25 18:01:07,297 [RESEARCHER] Market selection: 0 politics/current-affairs + 15 sports = 15 total (platforms: ['matchbook'])
2026-05-25 18:01:07,297 [RESEARCHER] [1/15] Winner
2026-05-25 18:01:18,078 [RESEARCHER] [2/15] Winner
2026-05-25 18:01:29,863 [RESEARCHER] [3/15] Winner
2026-05-25 18:01:37,583 [RESEARCHER] [4/15] Match Odds
2026-05-25 18:01:44,608 [RESEARCHER] [5/15] Correct Score
2026-05-25 18:01:55,599 [RESEARCHER] [6/15] Match Odds
2026-05-25 18:02:04,200 [RESEARCHER] [7/15] Winner
2026-05-25 18:02:13,302 [RESEARCHER] [8/15] Correct Score
2026-05-25 18:02:19,849 [RESEARCHER] [9/15] Moneyline
2026-05-25 18:02:26,223 [RESEARCHER] [10/15] Correct Score
2026-05-25 18:02:29,192 [RESEARCHER] [11/15] Match Odds
2026-05-25 18:02:35,596 [RESEARCHER] [12/15] Moneyline
2026-05-25 18:02:46,304 [RESEARCHER] [13/15] Winner
2026-05-25 18:02:53,715 [RESEARCHER] [14/15] Moneyline
2026-05-25 18:03:00,494 [RESEARCHER] [15/15] Moneyline
2026-05-25 18:03:07,974 [RESEARCHER] Research brief written: 2026-05-25_17-03_brief.json
2026-05-25 18:03:07,974 [RESEARCHER] Markets: 15 | Errors: 0 | Credits used: 60
BRIEF_PATH:/home/jwfalc/smarkets-bot/data/research/2026-05-25_17-03_brief.json
2026-05-25 18:03:08,249 [ANALYZER] Loading research brief: 2026-05-25_17-03_brief.json
2026-05-25 18:03:08,466 [ANALYZER] Betfair cross-ref index: 3495 runners
2026-05-25 18:03:08,481 [ANALYZER] Analyzed 15 markets
2026-05-25 18:03:08,481 [ANALYZER] Found 0 signals (10pp+)
2026-05-25 18:03:08,481 [ANALYZER] Logged 0 distribution entries (7pp+)
2026-05-25 18:03:08,492 [ANALYZER] Research output written: 2026-05-25_17-03_research.json
2026-05-25 18:03:08,494 [ANALYZER] Appended 59 edge traces to edge_traces.json
RESEARCH_PATH:/home/jwfalc/smarkets-bot/data/research/2026-05-25_17-03_research.json
2026-05-25 18:03:09,060 [RESOLVE] Found 3 open trade(s) to check (paper_mode=True)
2026-05-25 18:03:09,060 [RESOLVE] Settled markets found: 0
2026-05-25 18:03:09,060 [RESOLVE] Standings: unknown competition for 'Men's French Open 2026 - Winner' — skip
2026-05-25 18:03:09,060 [RESOLVE] Standings fallback: 1 season future market(s) to check
2026-05-25 18:03:09,542 [RESOLVE] Standings: no match for 'Erling Haaland' in 20-team table
2026-05-25 18:03:09,542 [RESOLVE] No open-trade markets have settled yet.
2026-05-25 18:03:10,178 [INFO] ============================================================
2026-05-25 18:03:10,179 [INFO] DIGEST RUN STARTED
2026-05-25 18:03:10,179 [INFO] ============================================================
2026-05-25 18:03:14,756 [INFO] Dashboard data written: /home/jwfalc/smarkets-bot/dashboard/dashboard_data.json
2026-05-25 18:03:14,822 [INFO] Period logs updated: 2026-05-25, 2026-W22, 2026-05, 2026-Q2
2026-05-25 18:03:14,823 [INFO] Run log: [2026-05-25 17:03 UTC] status=ok | platforms=betfair,matchbook | markets=525 | signals=0 | alerts=0 | movements=10 | consec_losses=1
2026-05-25 18:03:14,823 [INFO] Digest complete
Balance: £282.75 | Reserved: £8.50 | Available: £274.25
No new paper trades to log
Distribution log updated: 0 new entries added
Total entries: 617
  near_certainty: 5 total, 4 resolved
  high_prob: 14 total, 7 resolved
  7-9pp: 165 total, 58 resolved
  10-11pp: 54 total, 29 resolved
  12pp+: 379 total, 270 resolved

REVIEW DUE: 7-9pp band has 58 resolved entries (threshold: 12)
  Run: python distribution_logger.py report
  Then run: prompts/prompt_review_v1.md

REVIEW DUE: 7-9pp band has 58 resolved entries (threshold: 12)
  Run: python distribution_logger.py report
  Then run: prompts/prompt_review_v1.md
EXIT_CODE:0
Sent
2026-05-25 18:03:17,793 [STATIC-DASH] Building dashboard data…
2026-05-25 18:03:18,745 [STATIC-DASH] Data collected: 152 trades, 6 signals, 525 markets
2026-05-25 18:03:18,927 [STATIC-DASH] Written: /home/jwfalc/smarkets-dashboard/index.html (2507KB)
2026-05-25 18:03:19 [DEPLOY] Starting dashboard deploy...
WARNING: could not find injection point in HTML
HTML written OK
2026-05-25 18:03:19 [DEPLOY] Static HTML built
[main 01440c1] Deploy: 2026-05-25 18:03 UTC
 1 file changed, 1 insertion(+), 1 deletion(-)
To https://github.com/jwfalc-coder/smarkets-dashboard.git
   f22d963..01440c1  main -> main
2026-05-25 18:03:19 [DEPLOY] Deploy complete: Deploy: 2026-05-25 18:03 UTC
