Sent
2026-05-13 18:00:03,648 [INFO] ============================================================
2026-05-13 18:00:03,649 [INFO] SCANNER RUN STARTED - BETFAIR
2026-05-13 18:00:03,649 [INFO] ============================================================
2026-05-13 18:00:04,419 [INFO] Cached Betfair session too old, re-logging in
2026-05-13 18:00:04,419 [INFO] Betfair login attempt 1/3
2026-05-13 18:00:04,597 [INFO] Betfair login successful
2026-05-13 18:00:04,774 [INFO] Catalogue: 100 markets for sport ID 1
2026-05-13 18:00:04,935 [INFO] Catalogue: 100 markets for sport ID 2
2026-05-13 18:00:05,076 [INFO] Catalogue: 100 markets for sport ID 7
2026-05-13 18:00:05,207 [INFO] Catalogue: 100 markets for sport ID 4
2026-05-13 18:00:05,292 [INFO] Catalogue: 0 markets for sport ID 2378961
2026-05-13 18:00:05,434 [INFO] Catalogue: 85 markets for sport ID 3
2026-05-13 18:00:05,717 [INFO] Catalogue: 100 markets for sport ID 7522
2026-05-13 18:00:05,810 [INFO] Catalogue: 0 markets for sport ID 6423
2026-05-13 18:00:05,811 [INFO] Betfair: fetching prices for 585 markets...
2026-05-13 18:00:11,637 [INFO] Betfair: enriching 585 markets with price data...
2026-05-13 18:00:11,642 [INFO] Betfair: enriched 50/585 markets, 18 tradeable so far
2026-05-13 18:00:11,650 [INFO] Betfair: enriched 100/585 markets, 29 tradeable so far
2026-05-13 18:00:11,652 [INFO] Betfair: enriched 150/585 markets, 33 tradeable so far
2026-05-13 18:00:11,656 [INFO] Betfair: enriched 200/585 markets, 38 tradeable so far
2026-05-13 18:00:11,667 [INFO] Betfair: enriched 250/585 markets, 59 tradeable so far
2026-05-13 18:00:11,679 [INFO] Betfair: enriched 300/585 markets, 80 tradeable so far
2026-05-13 18:00:11,683 [INFO] Betfair: enriched 350/585 markets, 85 tradeable so far
2026-05-13 18:00:11,688 [INFO] Betfair: enriched 400/585 markets, 88 tradeable so far
2026-05-13 18:00:11,733 [INFO] Betfair: enriched 450/585 markets, 117 tradeable so far
2026-05-13 18:00:11,759 [INFO] Betfair: enriched 500/585 markets, 145 tradeable so far
2026-05-13 18:00:11,828 [INFO] Betfair: enriched 550/585 markets, 164 tradeable so far
2026-05-13 18:00:11,871 [INFO] Betfair: enriched 585/585 markets, 165 tradeable so far
2026-05-13 18:00:11,874 [INFO] Betfair: 585 total markets, 165 above 100 GBP volume
2026-05-13 18:00:11,925 [INFO] betfair: 585 total, 165 above 100 GBP threshold
2026-05-13 18:00:12,377 [INFO] Snapshot written: /home/jwfalc/smarkets-bot/data/snapshots/betfair/2026-05-13_17-00.json
2026-05-13 18:00:12,586 [INFO] Market log updated (betfair)
2026-05-13 18:00:51,373 [INFO] Scanner complete for betfair. Snapshot: 2026-05-13_17-00.json
2026-05-13 18:00:52,002 [INFO] ============================================================
2026-05-13 18:00:52,002 [INFO] SCANNER RUN STARTED - MATCHBOOK
2026-05-13 18:00:52,003 [INFO] ============================================================
2026-05-13 18:00:52,649 [INFO] Matchbook login attempt 1/3
2026-05-13 18:00:52,826 [INFO] Matchbook login successful
2026-05-13 18:00:52,828 [INFO] Matchbook: fetching events with prices for 15 sports...
2026-05-13 18:00:52,970 [INFO] Matchbook: fetched page offset=0, 20 events (total so far: 20)
2026-05-13 18:00:53,324 [INFO] Matchbook: fetched page offset=20, 20 events (total so far: 40)
2026-05-13 18:00:53,693 [INFO] Matchbook: fetched page offset=40, 20 events (total so far: 60)
2026-05-13 18:00:54,203 [INFO] Matchbook: fetched page offset=60, 20 events (total so far: 80)
2026-05-13 18:00:54,594 [INFO] Matchbook: fetched page offset=80, 20 events (total so far: 100)
2026-05-13 18:00:54,972 [INFO] Matchbook: fetched page offset=100, 20 events (total so far: 120)
2026-05-13 18:00:55,205 [INFO] Matchbook: fetched page offset=120, 20 events (total so far: 140)
2026-05-13 18:00:55,507 [INFO] Matchbook: fetched page offset=140, 20 events (total so far: 160)
2026-05-13 18:00:55,745 [INFO] Matchbook: fetched page offset=160, 20 events (total so far: 180)
2026-05-13 18:00:56,009 [INFO] Matchbook: fetched page offset=180, 20 events (total so far: 200)
2026-05-13 18:00:56,353 [INFO] Matchbook: fetched page offset=200, 20 events (total so far: 220)
2026-05-13 18:00:56,692 [INFO] Matchbook: fetched page offset=220, 20 events (total so far: 240)
2026-05-13 18:00:57,071 [INFO] Matchbook: fetched page offset=240, 20 events (total so far: 260)
2026-05-13 18:00:57,402 [INFO] Matchbook: fetched page offset=260, 20 events (total so far: 280)
2026-05-13 18:00:57,753 [INFO] Matchbook: fetched page offset=280, 20 events (total so far: 300)
2026-05-13 18:00:58,068 [INFO] Matchbook: fetched page offset=300, 20 events (total so far: 320)
2026-05-13 18:00:58,304 [INFO] Matchbook: fetched page offset=320, 20 events (total so far: 340)
2026-05-13 18:00:58,533 [INFO] Matchbook: fetched page offset=340, 2 events (total so far: 342)
2026-05-13 18:00:58,534 [INFO] Matchbook: processing 342 events
2026-05-13 18:00:58,544 [INFO] Matchbook: processed 20/342 events, 209 markets so far
2026-05-13 18:00:58,723 [INFO] Matchbook: processed 40/342 events, 721 markets so far
2026-05-13 18:00:58,750 [INFO] Matchbook: processed 60/342 events, 1258 markets so far
2026-05-13 18:00:58,791 [INFO] Matchbook: processed 80/342 events, 1980 markets so far
2026-05-13 18:00:58,824 [INFO] Matchbook: processed 100/342 events, 2620 markets so far
2026-05-13 18:00:58,852 [INFO] Matchbook: processed 120/342 events, 3119 markets so far
2026-05-13 18:00:58,853 [INFO] Matchbook: processed 140/342 events, 3139 markets so far
2026-05-13 18:00:58,864 [INFO] Matchbook: processed 160/342 events, 3163 markets so far
2026-05-13 18:00:58,867 [INFO] Matchbook: processed 180/342 events, 3183 markets so far
2026-05-13 18:00:58,873 [INFO] Matchbook: processed 200/342 events, 3247 markets so far
2026-05-13 18:00:58,900 [INFO] Matchbook: processed 220/342 events, 3825 markets so far
2026-05-13 18:00:58,925 [INFO] Matchbook: processed 240/342 events, 4484 markets so far
2026-05-13 18:00:58,961 [INFO] Matchbook: processed 260/342 events, 5173 markets so far
2026-05-13 18:00:59,007 [INFO] Matchbook: processed 280/342 events, 5809 markets so far
2026-05-13 18:00:59,044 [INFO] Matchbook: processed 300/342 events, 6511 markets so far
2026-05-13 18:00:59,069 [INFO] Matchbook: processed 320/342 events, 7062 markets so far
2026-05-13 18:00:59,072 [INFO] Matchbook: processed 340/342 events, 7082 markets so far
2026-05-13 18:00:59,072 [INFO] Matchbook: processed 342/342 events, 7084 markets so far
2026-05-13 18:00:59,073 [INFO] Matchbook: 7085 total markets, 866 above 25 GBP volume
2026-05-13 18:00:59,190 [INFO] matchbook: 7085 total, 866 above 25 GBP threshold
2026-05-13 18:00:59,583 [INFO] Snapshot written: /home/jwfalc/smarkets-bot/data/snapshots/matchbook/2026-05-13_17-00.json
2026-05-13 18:00:59,780 [INFO] Market log updated (matchbook)
2026-05-13 18:01:41,173 [INFO] Scanner complete for matchbook. Snapshot: 2026-05-13_17-00.json
2026-05-13 18:01:42,592 [RESEARCHER] matchbook: 601 tradeable markets from 2026-05-13_17-00.json
2026-05-13 18:01:42,598 [RESEARCHER] Market selection: 0 politics/current-affairs + 15 matchbook-sports + 0 betfair-sports = 15 total
2026-05-13 18:01:42,598 [RESEARCHER] [1/15] Winner
2026-05-13 18:01:46,420 [RESEARCHER] [2/15] Winner
2026-05-13 18:01:53,032 [RESEARCHER] [3/15] Winner
2026-05-13 18:01:56,969 [RESEARCHER] [4/15] To Be Relegated
2026-05-13 18:02:00,506 [RESEARCHER] [5/15] Winner
2026-05-13 18:02:04,392 [RESEARCHER] [6/15] Match Odds
2026-05-13 18:02:08,247 [RESEARCHER] [7/15] Correct Score
2026-05-13 18:02:11,880 [RESEARCHER] [8/15] Winner
2026-05-13 18:02:15,430 [RESEARCHER] [9/15] Match Odds
2026-05-13 18:02:19,016 [RESEARCHER] [10/15] Match Odds
2026-05-13 18:02:23,200 [RESEARCHER] [11/15] Match Odds
2026-05-13 18:02:26,996 [RESEARCHER] [12/15] Correct Score
2026-05-13 18:02:31,036 [RESEARCHER] [13/15] Correct Score
2026-05-13 18:02:34,573 [RESEARCHER] [14/15] Top 4 Finish
2026-05-13 18:02:39,218 [RESEARCHER] [15/15] Winner
2026-05-13 18:02:43,183 [RESEARCHER] Research brief written: 2026-05-13_17-02_brief.json
2026-05-13 18:02:43,184 [RESEARCHER] Markets: 15 | Errors: 0 | Credits used: 30
BRIEF_PATH:/home/jwfalc/smarkets-bot/data/research/2026-05-13_17-02_brief.json
2026-05-13 18:02:43,747 [ANALYZER] Loading research brief: 2026-05-13_17-02_brief.json
2026-05-13 18:02:43,922 [ANALYZER] Analyzed 15 markets
2026-05-13 18:02:43,923 [ANALYZER] Found 0 signals (10pp+)
2026-05-13 18:02:43,923 [ANALYZER] Logged 3 distribution entries (7pp+)
2026-05-13 18:02:43,942 [ANALYZER] Research output written: 2026-05-13_17-02_research.json
2026-05-13 18:02:43,945 [ANALYZER] Appended 66 edge traces to edge_traces.json
RESEARCH_PATH:/home/jwfalc/smarkets-bot/data/research/2026-05-13_17-02_research.json
2026-05-13 18:02:45,000 [RESOLVE] Found 27 open trade(s) to check (paper_mode=True)
2026-05-13 18:02:45,001 [RESOLVE] Settled markets found: 0
2026-05-13 18:02:45,001 [RESOLVE] No open-trade markets have settled yet.
2026-05-13 18:02:46,147 [INFO] ============================================================
2026-05-13 18:02:46,148 [INFO] DIGEST RUN STARTED
2026-05-13 18:02:46,148 [INFO] ============================================================
2026-05-13 18:02:53,423 [INFO] Dashboard data written: /home/jwfalc/smarkets-bot/dashboard/dashboard_data.json
2026-05-13 18:02:53,495 [INFO] Period logs updated: 2026-05-13, 2026-W20, 2026-05, 2026-Q2
2026-05-13 18:02:53,495 [INFO] Run log: [2026-05-13 17:02 UTC] status=ok | platforms=betfair,matchbook | markets=1031 | signals=0 | alerts=0 | movements=10 | consec_losses=1
2026-05-13 18:02:53,496 [INFO] Digest complete
Balance: £207.32 | Reserved: £194.31 | Available: £13.01
No new paper trades to log
Distribution log updated: 0 new entries added
Total entries: 525
  7-9pp: 135 total, 18 resolved
  10-11pp: 63 total, 37 resolved
  12pp+: 327 total, 169 resolved

REVIEW DUE: 7-9pp band has 18 resolved entries (threshold: 12)
  Run: python distribution_logger.py report
  Then run: prompts/prompt_review_v1.md

REVIEW DUE: 7-9pp band has 18 resolved entries (threshold: 12)
  Run: python distribution_logger.py report
  Then run: prompts/prompt_review_v1.md
EXIT_CODE:0
Sent
2026-05-13 18:02:58,516 [STATIC-DASH] Building dashboard data…
2026-05-13 18:03:00,125 [STATIC-DASH] Data collected: 104 trades, 52 signals, 1031 markets
2026-05-13 18:03:00,451 [STATIC-DASH] Written: /home/jwfalc/smarkets-dashboard/index.html (3439KB)
2026-05-13 18:03:00 [DEPLOY] Starting dashboard deploy...
WARNING: could not find injection point in HTML
HTML written OK
2026-05-13 18:03:00 [DEPLOY] Static HTML built
[main f2f79d8] Deploy: 2026-05-13 18:03 UTC
 1 file changed, 1 insertion(+), 1 deletion(-)
To https://github.com/jwfalc-coder/smarkets-dashboard.git
   18c781e..f2f79d8  main -> main
2026-05-13 18:03:00 [DEPLOY] Deploy complete: Deploy: 2026-05-13 18:03 UTC
