Sent
2026-05-16 10:00:02,279 [INFO] ============================================================
2026-05-16 10:00:02,279 [INFO] SCANNER RUN STARTED - BETFAIR
2026-05-16 10:00:02,280 [INFO] ============================================================
2026-05-16 10:00:02,733 [INFO] Cached Betfair session too old, re-logging in
2026-05-16 10:00:02,733 [INFO] Betfair login attempt 1/3
2026-05-16 10:00:02,972 [INFO] Betfair login successful
2026-05-16 10:00:03,132 [INFO] Catalogue: 100 markets for sport ID 1
2026-05-16 10:00:03,281 [INFO] Catalogue: 100 markets for sport ID 2
2026-05-16 10:00:03,428 [INFO] Catalogue: 100 markets for sport ID 7
2026-05-16 10:00:03,580 [INFO] Catalogue: 100 markets for sport ID 4
2026-05-16 10:00:03,665 [INFO] Catalogue: 0 markets for sport ID 2378961
2026-05-16 10:00:03,798 [INFO] Catalogue: 85 markets for sport ID 3
2026-05-16 10:00:04,017 [INFO] Catalogue: 100 markets for sport ID 7522
2026-05-16 10:00:04,146 [INFO] Catalogue: 9 markets for sport ID 6423
2026-05-16 10:00:04,146 [INFO] Betfair: fetching prices for 594 markets...
2026-05-16 10:00:09,669 [INFO] Betfair: enriching 594 markets with price data...
2026-05-16 10:00:09,674 [INFO] Betfair: enriched 50/594 markets, 20 tradeable so far
2026-05-16 10:00:09,677 [INFO] Betfair: enriched 100/594 markets, 29 tradeable so far
2026-05-16 10:00:09,679 [INFO] Betfair: enriched 150/594 markets, 31 tradeable so far
2026-05-16 10:00:09,680 [INFO] Betfair: enriched 200/594 markets, 33 tradeable so far
2026-05-16 10:00:09,686 [INFO] Betfair: enriched 250/594 markets, 40 tradeable so far
2026-05-16 10:00:09,693 [INFO] Betfair: enriched 300/594 markets, 41 tradeable so far
2026-05-16 10:00:09,695 [INFO] Betfair: enriched 350/594 markets, 61 tradeable so far
2026-05-16 10:00:09,698 [INFO] Betfair: enriched 400/594 markets, 67 tradeable so far
2026-05-16 10:00:09,731 [INFO] Betfair: enriched 450/594 markets, 96 tradeable so far
2026-05-16 10:00:09,750 [INFO] Betfair: enriched 500/594 markets, 107 tradeable so far
2026-05-16 10:00:09,800 [INFO] Betfair: enriched 550/594 markets, 115 tradeable so far
2026-05-16 10:00:09,862 [INFO] Betfair: enriched 594/594 markets, 119 tradeable so far
2026-05-16 10:00:09,866 [INFO] Betfair: 594 total markets, 119 above 100 GBP volume
2026-05-16 10:00:09,895 [INFO] betfair: 594 total, 119 above 100 GBP threshold
2026-05-16 10:00:10,148 [INFO] Snapshot written: /home/jwfalc/smarkets-bot/data/snapshots/betfair/2026-05-16_09-00.json
2026-05-16 10:00:10,273 [INFO] Market log updated (betfair)
2026-05-16 10:00:42,026 [INFO] Scanner complete for betfair. Snapshot: 2026-05-16_09-00.json
2026-05-16 10:00:42,342 [INFO] ============================================================
2026-05-16 10:00:42,343 [INFO] SCANNER RUN STARTED - MATCHBOOK
2026-05-16 10:00:42,343 [INFO] ============================================================
2026-05-16 10:00:42,689 [INFO] Matchbook login attempt 1/3
2026-05-16 10:00:42,840 [INFO] Matchbook login successful
2026-05-16 10:00:42,840 [INFO] Matchbook: fetching events with prices for 15 sports...
2026-05-16 10:00:42,970 [INFO] Matchbook: fetched page offset=0, 20 events (total so far: 20)
2026-05-16 10:00:43,263 [INFO] Matchbook: fetched page offset=20, 20 events (total so far: 40)
2026-05-16 10:00:43,612 [INFO] Matchbook: fetched page offset=40, 20 events (total so far: 60)
2026-05-16 10:00:43,929 [INFO] Matchbook: fetched page offset=60, 20 events (total so far: 80)
2026-05-16 10:00:44,157 [INFO] Matchbook: fetched page offset=80, 20 events (total so far: 100)
2026-05-16 10:00:44,389 [INFO] Matchbook: fetched page offset=100, 20 events (total so far: 120)
2026-05-16 10:00:44,711 [INFO] Matchbook: fetched page offset=120, 20 events (total so far: 140)
2026-05-16 10:00:45,024 [INFO] Matchbook: fetched page offset=140, 20 events (total so far: 160)
2026-05-16 10:00:45,354 [INFO] Matchbook: fetched page offset=160, 20 events (total so far: 180)
2026-05-16 10:00:45,747 [INFO] Matchbook: fetched page offset=180, 20 events (total so far: 200)
2026-05-16 10:00:46,107 [INFO] Matchbook: fetched page offset=200, 20 events (total so far: 220)
2026-05-16 10:00:46,442 [INFO] Matchbook: fetched page offset=220, 20 events (total so far: 240)
2026-05-16 10:00:46,795 [INFO] Matchbook: fetched page offset=240, 20 events (total so far: 260)
2026-05-16 10:00:47,118 [INFO] Matchbook: fetched page offset=260, 20 events (total so far: 280)
2026-05-16 10:00:47,507 [INFO] Matchbook: fetched page offset=280, 20 events (total so far: 300)
2026-05-16 10:00:47,858 [INFO] Matchbook: fetched page offset=300, 20 events (total so far: 320)
2026-05-16 10:00:48,149 [INFO] Matchbook: fetched page offset=320, 20 events (total so far: 340)
2026-05-16 10:00:48,488 [INFO] Matchbook: fetched page offset=340, 20 events (total so far: 360)
2026-05-16 10:00:48,790 [INFO] Matchbook: fetched page offset=360, 20 events (total so far: 380)
2026-05-16 10:00:49,089 [INFO] Matchbook: fetched page offset=380, 20 events (total so far: 400)
2026-05-16 10:00:49,520 [INFO] Matchbook: fetched page offset=400, 20 events (total so far: 420)
2026-05-16 10:00:49,829 [INFO] Matchbook: fetched page offset=420, 20 events (total so far: 440)
2026-05-16 10:00:50,105 [INFO] Matchbook: fetched page offset=440, 20 events (total so far: 460)
2026-05-16 10:00:50,459 [INFO] Matchbook: fetched page offset=460, 20 events (total so far: 480)
2026-05-16 10:00:50,809 [INFO] Matchbook: fetched page offset=480, 20 events (total so far: 500)
2026-05-16 10:00:51,278 [INFO] Matchbook: fetched page offset=500, 20 events (total so far: 520)
2026-05-16 10:00:51,821 [INFO] Matchbook: fetched page offset=520, 20 events (total so far: 540)
2026-05-16 10:00:52,244 [INFO] Matchbook: fetched page offset=540, 20 events (total so far: 560)
2026-05-16 10:00:52,501 [INFO] Matchbook: fetched page offset=560, 20 events (total so far: 580)
2026-05-16 10:00:52,738 [INFO] Matchbook: fetched page offset=580, 18 events (total so far: 598)
2026-05-16 10:00:52,738 [INFO] Matchbook: processing 598 events
2026-05-16 10:00:52,760 [INFO] Matchbook: processed 20/598 events, 176 markets so far
2026-05-16 10:00:52,865 [INFO] Matchbook: processed 40/598 events, 503 markets so far
2026-05-16 10:00:52,888 [INFO] Matchbook: processed 60/598 events, 909 markets so far
2026-05-16 10:00:52,909 [INFO] Matchbook: processed 80/598 events, 1286 markets so far
2026-05-16 10:00:52,911 [INFO] Matchbook: processed 100/598 events, 1306 markets so far
2026-05-16 10:00:52,912 [INFO] Matchbook: processed 120/598 events, 1326 markets so far
2026-05-16 10:00:52,935 [INFO] Matchbook: processed 140/598 events, 1769 markets so far
2026-05-16 10:00:52,954 [INFO] Matchbook: processed 160/598 events, 2294 markets so far
2026-05-16 10:00:52,973 [INFO] Matchbook: processed 180/598 events, 2822 markets so far
2026-05-16 10:00:52,997 [INFO] Matchbook: processed 200/598 events, 3480 markets so far
2026-05-16 10:00:53,019 [INFO] Matchbook: processed 220/598 events, 4079 markets so far
2026-05-16 10:00:53,039 [INFO] Matchbook: processed 240/598 events, 4696 markets so far
2026-05-16 10:00:53,056 [INFO] Matchbook: processed 260/598 events, 5286 markets so far
2026-05-16 10:00:53,085 [INFO] Matchbook: processed 280/598 events, 5928 markets so far
2026-05-16 10:00:53,108 [INFO] Matchbook: processed 300/598 events, 6617 markets so far
2026-05-16 10:00:53,127 [INFO] Matchbook: processed 320/598 events, 7240 markets so far
2026-05-16 10:00:53,142 [INFO] Matchbook: processed 340/598 events, 7840 markets so far
2026-05-16 10:00:53,155 [INFO] Matchbook: processed 360/598 events, 8394 markets so far
2026-05-16 10:00:53,170 [INFO] Matchbook: processed 380/598 events, 8973 markets so far
2026-05-16 10:00:53,184 [INFO] Matchbook: processed 400/598 events, 9565 markets so far
2026-05-16 10:00:53,205 [INFO] Matchbook: processed 420/598 events, 10201 markets so far
2026-05-16 10:00:53,229 [INFO] Matchbook: processed 440/598 events, 10724 markets so far
2026-05-16 10:00:53,239 [INFO] Matchbook: processed 460/598 events, 11162 markets so far
2026-05-16 10:00:53,264 [INFO] Matchbook: processed 480/598 events, 11916 markets so far
2026-05-16 10:00:53,290 [INFO] Matchbook: processed 500/598 events, 12735 markets so far
2026-05-16 10:00:53,325 [INFO] Matchbook: processed 520/598 events, 13618 markets so far
2026-05-16 10:00:53,353 [INFO] Matchbook: processed 540/598 events, 14451 markets so far
2026-05-16 10:00:53,364 [INFO] Matchbook: processed 560/598 events, 14783 markets so far
2026-05-16 10:00:53,366 [INFO] Matchbook: processed 580/598 events, 14804 markets so far
2026-05-16 10:00:53,367 [INFO] Matchbook: processed 598/598 events, 14821 markets so far
2026-05-16 10:00:53,368 [INFO] Matchbook: 14822 total markets, 1005 above 25 GBP volume
2026-05-16 10:00:53,487 [INFO] matchbook: 14822 total, 1005 above 25 GBP threshold
2026-05-16 10:00:53,813 [INFO] Snapshot written: /home/jwfalc/smarkets-bot/data/snapshots/matchbook/2026-05-16_09-00.json
2026-05-16 10:00:53,973 [INFO] Market log updated (matchbook)
2026-05-16 10:01:30,764 [INFO] Scanner complete for matchbook. Snapshot: 2026-05-16_09-00.json
2026-05-16 10:01:31,594 [RESEARCHER] matchbook: 595 tradeable markets from 2026-05-16_09-00.json
2026-05-16 10:01:31,598 [RESEARCHER] Market selection: 0 politics/current-affairs + 15 matchbook-sports + 0 betfair-sports = 15 total
2026-05-16 10:01:31,598 [RESEARCHER] [1/15] Winner
2026-05-16 10:01:39,302 [RESEARCHER] [2/15] Winner
2026-05-16 10:01:46,853 [RESEARCHER] [3/15] Winner
2026-05-16 10:01:54,307 [RESEARCHER] [4/15] To Be Relegated
2026-05-16 10:02:00,926 [RESEARCHER] [5/15] Winner
2026-05-16 10:02:07,965 [RESEARCHER] [6/15] Correct Score
2026-05-16 10:02:15,737 [RESEARCHER] [7/15] Match Odds
2026-05-16 10:02:23,090 [RESEARCHER] [8/15] Top 10 Finish
2026-05-16 10:02:25,735 [RESEARCHER] [9/15] Top 5 Finish
2026-05-16 10:02:28,398 [RESEARCHER] [10/15] Handicap
2026-05-16 10:02:35,514 [RESEARCHER]   -> Dual entry: also on matchbook (market 33275510411601023)
2026-05-16 10:02:35,514 [RESEARCHER] [11/15] Moneyline
2026-05-16 10:02:42,317 [RESEARCHER] [12/15] Top 4 Finish
2026-05-16 10:02:48,959 [RESEARCHER] [13/15] Match Odds
2026-05-16 10:02:51,704 [RESEARCHER] [14/15] Winner
2026-05-16 10:02:59,661 [RESEARCHER] [15/15] Match Odds
2026-05-16 10:03:06,759 [RESEARCHER] Research brief written: 2026-05-16_09-03_brief.json
2026-05-16 10:03:06,760 [RESEARCHER] Markets: 16 | Errors: 0 | Credits used: 60
BRIEF_PATH:/home/jwfalc/smarkets-bot/data/research/2026-05-16_09-03_brief.json
2026-05-16 10:03:07,150 [ANALYZER] Loading research brief: 2026-05-16_09-03_brief.json
2026-05-16 10:03:07,281 [ANALYZER] Analyzed 16 markets
2026-05-16 10:03:07,281 [ANALYZER] Found 10 signals (10pp+)
2026-05-16 10:03:07,281 [ANALYZER] Logged 13 distribution entries (7pp+)
2026-05-16 10:03:07,295 [ANALYZER] Research output written: 2026-05-16_09-03_research.json
2026-05-16 10:03:07,297 [ANALYZER] Appended 63 edge traces to edge_traces.json
RESEARCH_PATH:/home/jwfalc/smarkets-bot/data/research/2026-05-16_09-03_research.json
2026-05-16 10:03:08,053 [RESOLVE] Found 23 open trade(s) to check (paper_mode=True)
2026-05-16 10:03:08,054 [RESOLVE] Settled markets found: 0
2026-05-16 10:03:08,054 [RESOLVE] Standings fallback: 2 season future market(s) to check
2026-05-16 10:03:08,586 [RESOLVE] Standings: no match for ' Scottie Scheffler' in 24-team table
2026-05-16 10:03:08,587 [RESOLVE] Standings: no match for ' Scottie Scheffler' in 24-team table
2026-05-16 10:03:08,588 [RESOLVE] Standings: no match for ' Jon Rahm' in 24-team table
2026-05-16 10:03:08,589 [RESOLVE] Standings: no match for 'Cameron Young' in 24-team table
2026-05-16 10:03:08,590 [RESOLVE] Standings: no match for 'Ludvig Aberg' in 24-team table
2026-05-16 10:03:08,591 [RESOLVE] No open-trade markets have settled yet.
2026-05-16 10:03:09,466 [INFO] ============================================================
2026-05-16 10:03:09,466 [INFO] DIGEST RUN STARTED
2026-05-16 10:03:09,466 [INFO] ============================================================
2026-05-16 10:03:15,831 [INFO] Signal filtered (high-odds lay): Top 10 Finish @ 4.10 odds (cap: 4.0)
2026-05-16 10:03:15,832 [WARNING] CONSECUTIVE LOSSES: 3
2026-05-16 10:03:15,832 [WARNING] Consecutive loss alert: 3 in a row
2026-05-16 10:03:15,993 [INFO] Telegram notification sent
2026-05-16 10:03:16,034 [INFO] Dashboard data written: /home/jwfalc/smarkets-bot/dashboard/dashboard_data.json
2026-05-16 10:03:16,108 [INFO] Period logs updated: 2026-05-16, 2026-W20, 2026-05, 2026-Q2
2026-05-16 10:03:16,109 [INFO] Run log: [2026-05-16 09:03 UTC] status=signal | platforms=betfair,matchbook | markets=1124 | signals=9 | alerts=0 | movements=10 | consec_losses=3
2026-05-16 10:03:16,109 [INFO] Digest complete
Balance: £197.32 | Reserved: £192.81 | Available: £4.51
Skipping high-odds lay: Top 10 Finish @ 4.10 odds (cap: 4.0)
Skipping (insufficient balance): Top 10 Finish needs £11.75, only £4.51 available
Skipping (already open): Top 5 Finish LAY
Skipping (insufficient balance): Top 5 Finish needs £10.00, only £4.51 available
Skipping (insufficient balance): Top 5 Finish needs £12.50, only £4.51 available
Skipping (insufficient balance): Top 5 Finish needs £10.75, only £4.51 available
No new paper trades to log
Distribution log updated: 2 new entries added
Total entries: 615
  7-9pp: 165 total, 27 resolved
  10-11pp: 72 total, 37 resolved
  12pp+: 378 total, 171 resolved

REVIEW DUE: 7-9pp band has 27 resolved entries (threshold: 12)
  Run: python distribution_logger.py report
  Then run: prompts/prompt_review_v1.md

REVIEW DUE: 7-9pp band has 27 resolved entries (threshold: 12)
  Run: python distribution_logger.py report
  Then run: prompts/prompt_review_v1.md
EXIT_CODE:0
Sent
2026-05-16 10:03:20,492 [STATIC-DASH] Building dashboard data…
2026-05-16 10:03:21,617 [STATIC-DASH] Data collected: 102 trades, 67 signals, 1124 markets
2026-05-16 10:03:21,883 [STATIC-DASH] Written: /home/jwfalc/smarkets-dashboard/index.html (3360KB)
2026-05-16 10:03:22 [DEPLOY] Starting dashboard deploy...
WARNING: could not find injection point in HTML
HTML written OK
2026-05-16 10:03:22 [DEPLOY] Static HTML built
[main 06768d9] Deploy: 2026-05-16 10:03 UTC
 1 file changed, 126 insertions(+), 12 deletions(-)
To https://github.com/jwfalc-coder/smarkets-dashboard.git
   16b47de..06768d9  main -> main
2026-05-16 10:03:22 [DEPLOY] Deploy complete: Deploy: 2026-05-16 10:03 UTC
[main 78021e2] log: routine_2026-05-16_1000
 1 file changed, 189 insertions(+)
 create mode 100644 data/routine_logs/routine_2026-05-16_1000.log
To https://github.com/jwfalc-coder/betting-auditor.git
   ef5c812..78021e2  main -> main
