Sent
2026-06-03 06:00:02,957 [INFO] ============================================================
2026-06-03 06:00:02,958 [INFO] SCANNER RUN STARTED - BETFAIR
2026-06-03 06:00:02,958 [INFO] ============================================================
2026-06-03 06:00:03,365 [INFO] Cached Betfair session too old, re-logging in
2026-06-03 06:00:03,365 [INFO] Betfair login attempt 1/3
2026-06-03 06:00:03,518 [INFO] Betfair login successful
2026-06-03 06:00:03,677 [INFO] Catalogue: 100 markets for sport ID 1
2026-06-03 06:00:03,799 [INFO] Catalogue: 100 markets for sport ID 2
2026-06-03 06:00:03,926 [INFO] Catalogue: 100 markets for sport ID 7
2026-06-03 06:00:04,040 [INFO] Catalogue: 100 markets for sport ID 4
2026-06-03 06:00:04,119 [INFO] Catalogue: 0 markets for sport ID 2378961
2026-06-03 06:00:04,222 [INFO] Catalogue: 76 markets for sport ID 3
2026-06-03 06:00:04,416 [INFO] Catalogue: 81 markets for sport ID 7522
2026-06-03 06:00:04,485 [INFO] Catalogue: 0 markets for sport ID 6423
2026-06-03 06:00:04,486 [INFO] Betfair: fetching prices for 557 markets...
2026-06-03 06:00:09,163 [INFO] Betfair: enriching 557 markets with price data...
2026-06-03 06:00:09,170 [INFO] Betfair: enriched 50/557 markets, 1 tradeable so far
2026-06-03 06:00:09,177 [INFO] Betfair: enriched 100/557 markets, 5 tradeable so far
2026-06-03 06:00:09,183 [INFO] Betfair: enriched 150/557 markets, 11 tradeable so far
2026-06-03 06:00:09,186 [INFO] Betfair: enriched 200/557 markets, 13 tradeable so far
2026-06-03 06:00:09,198 [INFO] Betfair: enriched 250/557 markets, 25 tradeable so far
2026-06-03 06:00:09,209 [INFO] Betfair: enriched 300/557 markets, 34 tradeable so far
2026-06-03 06:00:09,212 [INFO] Betfair: enriched 350/557 markets, 46 tradeable so far
2026-06-03 06:00:09,217 [INFO] Betfair: enriched 400/557 markets, 53 tradeable so far
2026-06-03 06:00:09,269 [INFO] Betfair: enriched 450/557 markets, 91 tradeable so far
2026-06-03 06:00:09,304 [INFO] Betfair: enriched 500/557 markets, 108 tradeable so far
2026-06-03 06:00:09,355 [INFO] Betfair: enriched 550/557 markets, 115 tradeable so far
2026-06-03 06:00:09,362 [INFO] Betfair: enriched 557/557 markets, 115 tradeable so far
2026-06-03 06:00:09,363 [INFO] Betfair: 557 total markets, 115 above 100 GBP volume
2026-06-03 06:00:09,501 [INFO] Outrights: 20 markets for sport 1
2026-06-03 06:00:09,588 [INFO] Outrights: 17 markets for sport 3
2026-06-03 06:00:09,659 [INFO] Outrights: 1 markets for sport 2378961
2026-06-03 06:00:10,038 [INFO] Outrights: 36 markets above 25 GBP
2026-06-03 06:00:10,045 [INFO] Betfair: added 26 outright markets for cross-ref
2026-06-03 06:00:10,046 [INFO] betfair: 583 total, 141 above 100 GBP threshold
2026-06-03 06:00:10,306 [INFO] Snapshot written: /home/jwfalc/smarkets-bot/data/snapshots/betfair/2026-06-03_05-00.json
2026-06-03 06:00:10,437 [INFO] Market log updated (betfair)
2026-06-03 06:00:35,397 [INFO] Scanner complete for betfair. Snapshot: 2026-06-03_05-00.json
2026-06-03 06:00:35,714 [INFO] ============================================================
2026-06-03 06:00:35,714 [INFO] SCANNER RUN STARTED - MATCHBOOK
2026-06-03 06:00:35,714 [INFO] ============================================================
2026-06-03 06:00:36,064 [INFO] Matchbook login attempt 1/3
2026-06-03 06:00:36,265 [INFO] Matchbook login successful
2026-06-03 06:00:36,266 [INFO] Matchbook: fetching events with prices for 15 sports...
2026-06-03 06:00:36,331 [INFO] Matchbook: fetched page offset=0, 20 events (total so far: 20)
2026-06-03 06:00:36,568 [INFO] Matchbook: fetched page offset=20, 20 events (total so far: 40)
2026-06-03 06:00:36,809 [INFO] Matchbook: fetched page offset=40, 20 events (total so far: 60)
2026-06-03 06:00:37,100 [INFO] Matchbook: fetched page offset=60, 20 events (total so far: 80)
2026-06-03 06:00:37,370 [INFO] Matchbook: fetched page offset=80, 20 events (total so far: 100)
2026-06-03 06:00:37,597 [INFO] Matchbook: fetched page offset=100, 20 events (total so far: 120)
2026-06-03 06:00:37,852 [INFO] Matchbook: fetched page offset=120, 20 events (total so far: 140)
2026-06-03 06:00:38,079 [INFO] Matchbook: fetched page offset=140, 20 events (total so far: 160)
2026-06-03 06:00:38,307 [INFO] Matchbook: fetched page offset=160, 20 events (total so far: 180)
2026-06-03 06:00:38,563 [INFO] Matchbook: fetched page offset=180, 20 events (total so far: 200)
2026-06-03 06:00:38,819 [INFO] Matchbook: fetched page offset=200, 20 events (total so far: 220)
2026-06-03 06:00:39,071 [INFO] Matchbook: fetched page offset=220, 17 events (total so far: 237)
2026-06-03 06:00:39,071 [INFO] Matchbook: processing 237 events
2026-06-03 06:00:39,073 [INFO] Matchbook: processed 20/237 events, 33 markets so far
2026-06-03 06:00:39,075 [INFO] Matchbook: processed 40/237 events, 97 markets so far
2026-06-03 06:00:39,079 [INFO] Matchbook: processed 60/237 events, 200 markets so far
2026-06-03 06:00:39,092 [INFO] Matchbook: processed 80/237 events, 566 markets so far
2026-06-03 06:00:39,099 [INFO] Matchbook: processed 100/237 events, 619 markets so far
2026-06-03 06:00:39,101 [INFO] Matchbook: processed 120/237 events, 654 markets so far
2026-06-03 06:00:39,103 [INFO] Matchbook: processed 140/237 events, 676 markets so far
2026-06-03 06:00:39,106 [INFO] Matchbook: processed 160/237 events, 698 markets so far
2026-06-03 06:00:39,108 [INFO] Matchbook: processed 180/237 events, 718 markets so far
2026-06-03 06:00:39,114 [INFO] Matchbook: processed 200/237 events, 781 markets so far
2026-06-03 06:00:39,118 [INFO] Matchbook: processed 220/237 events, 845 markets so far
2026-06-03 06:00:39,123 [INFO] Matchbook: processed 237/237 events, 890 markets so far
2026-06-03 06:00:39,124 [INFO] Matchbook: 891 total markets, 171 above 25 GBP volume
2026-06-03 06:00:39,139 [INFO] matchbook: 891 total, 171 above 25 GBP threshold
2026-06-03 06:00:39,256 [INFO] Snapshot written: /home/jwfalc/smarkets-bot/data/snapshots/matchbook/2026-06-03_05-00.json
2026-06-03 06:00:39,371 [INFO] Market log updated (matchbook)
2026-06-03 06:01:05,166 [INFO] Scanner complete for matchbook. Snapshot: 2026-06-03_05-00.json
2026-06-03 06:01:05,800 [RESEARCHER] Prior index loaded: 105 known runners
2026-06-03 06:01:05,853 [RESEARCHER] betfair: 141 tradeable markets from 2026-06-03_05-00.json
2026-06-03 06:01:05,854 [RESEARCHER] Market selection: 1 politics + 7 outrights + 8 other sports = 16 total (platforms: ['betfair'])
2026-06-03 06:01:05,854 [RESEARCHER] [1/16] Makerfield - Restore Britain Vote Percentage
2026-06-03 06:01:10,942 [RESEARCHER] [2/16] Winner
2026-06-03 06:01:17,538 [RESEARCHER] [3/16] Winner
2026-06-03 06:01:25,509 [RESEARCHER]   Prior history injected for Scottie Scheffler
2026-06-03 06:01:25,510 [RESEARCHER]   Prior history injected for Rory McIlroy
2026-06-03 06:01:25,510 [RESEARCHER]   Prior history injected for Ludvig Aberg
2026-06-03 06:01:25,511 [RESEARCHER]   Prior history injected for Cameron Young
2026-06-03 06:01:25,511 [RESEARCHER]   Prior history injected for Xander Schauffele
2026-06-03 06:01:25,511 [RESEARCHER]   Prior history injected for Matt Fitzpatrick
2026-06-03 06:01:25,512 [RESEARCHER] [4/16] Winner
2026-06-03 06:01:33,600 [RESEARCHER]   Prior history injected for Daniel Hillier
2026-06-03 06:01:33,600 [RESEARCHER]   Prior history injected for Jacob Skov Olesen
2026-06-03 06:01:33,601 [RESEARCHER] [5/16] Winner
2026-06-03 06:01:38,012 [RESEARCHER]   Prior history injected for Scottie Scheffler
2026-06-03 06:01:38,012 [RESEARCHER]   Prior history injected for Rory McIlroy
2026-06-03 06:01:38,013 [RESEARCHER]   Prior history injected for Jon Rahm
2026-06-03 06:01:38,013 [RESEARCHER]   Prior history injected for Cameron Young
2026-06-03 06:01:38,013 [RESEARCHER]   Prior history injected for Ludvig Aberg
2026-06-03 06:01:38,013 [RESEARCHER]   Prior history injected for Xander Schauffele
2026-06-03 06:01:38,014 [RESEARCHER] [6/16] Winner
2026-06-03 06:01:42,008 [RESEARCHER]   Prior history injected for Scottie Scheffler
2026-06-03 06:01:42,008 [RESEARCHER]   Prior history injected for Rory McIlroy
2026-06-03 06:01:42,009 [RESEARCHER]   Prior history injected for Jon Rahm
2026-06-03 06:01:42,009 [RESEARCHER]   Prior history injected for Xander Schauffele
2026-06-03 06:01:42,009 [RESEARCHER]   Prior history injected for Cameron Young
2026-06-03 06:01:42,009 [RESEARCHER] [7/16] Winner
2026-06-03 06:01:50,194 [RESEARCHER]   Prior history injected for Jon Rahm
2026-06-03 06:01:50,195 [RESEARCHER]   Prior history injected for Bryson DeChambeau
2026-06-03 06:01:50,195 [RESEARCHER] [8/16] Top 10 Finish
2026-06-03 06:01:52,038 [RESEARCHER]   Prior history injected for Daniel Hillier
2026-06-03 06:01:52,039 [RESEARCHER]   Prior history injected for Jacob Skov Olesen
2026-06-03 06:01:52,039 [RESEARCHER] [9/16] Match Odds
2026-06-03 06:02:00,625 [RESEARCHER]   Prior history injected for Bahrain W
2026-06-03 06:02:00,626 [RESEARCHER]   Prior history injected for Myanmar W
2026-06-03 06:02:00,626 [RESEARCHER] [10/16] Match Odds
2026-06-03 06:02:08,204 [RESEARCHER] [11/16] Winner 2026/27
2026-06-03 06:02:15,087 [RESEARCHER]   Prior history injected for Arsenal
2026-06-03 06:02:15,087 [RESEARCHER]   Prior history injected for Man City
2026-06-03 06:02:15,088 [RESEARCHER]   Prior history injected for Liverpool
2026-06-03 06:02:15,088 [RESEARCHER]   Prior history injected for Chelsea
2026-06-03 06:02:15,088 [RESEARCHER]   Prior history injected for Aston Villa
2026-06-03 06:02:15,088 [RESEARCHER] [12/16] Moneyline
2026-06-03 06:02:22,244 [RESEARCHER]   Prior history injected for San Antonio Spurs
2026-06-03 06:02:22,244 [RESEARCHER] [13/16] Winner 2026
2026-06-03 06:02:28,794 [RESEARCHER] [14/16] Winner 2026/27
2026-06-03 06:02:35,057 [RESEARCHER]   Prior history injected for West Ham
2026-06-03 06:02:35,057 [RESEARCHER] [15/16] Match Odds
2026-06-03 06:02:42,718 [RESEARCHER]   Prior history injected for Pakistan W
2026-06-03 06:02:42,719 [RESEARCHER]   Prior history injected for West Indies W
2026-06-03 06:02:42,719 [RESEARCHER] [16/16] Joost Luiten vs Mikael Lindberg
2026-06-03 06:02:50,710 [RESEARCHER] Research brief written: 2026-06-03_05-02_brief.json
2026-06-03 06:02:50,710 [RESEARCHER] Markets: 16 | Errors: 0 | Credits used: 70
BRIEF_PATH:/home/jwfalc/smarkets-bot/data/research/2026-06-03_05-02_brief.json
2026-06-03 06:02:51,031 [ANALYZER] Loading research brief: 2026-06-03_05-02_brief.json
2026-06-03 06:02:51,241 [ANALYZER] Betfair cross-ref index: 4896 runners
2026-06-03 06:02:51,248 [ANALYZER] Analyzed 16 markets
2026-06-03 06:02:51,248 [ANALYZER] Found 3 signals (10pp+)
2026-06-03 06:02:51,248 [ANALYZER] Logged 9 distribution entries (7pp+)
2026-06-03 06:02:51,262 [ANALYZER] Research output written: 2026-06-03_05-02_research.json
2026-06-03 06:02:51,265 [ANALYZER] Appended 76 edge traces to edge_traces.json
RESEARCH_PATH:/home/jwfalc/smarkets-bot/data/research/2026-06-03_05-02_research.json
2026-06-03 06:02:51,825 [RESOLVE] Found 13 open trade(s) to check (paper_mode=True)
2026-06-03 06:02:51,893 [RESOLVE] Using cached Betfair session token
2026-06-03 06:02:51,893 [RESOLVE] Betfair: checking 12 open-trade markets
2026-06-03 06:03:01,730 [RESOLVE] Snapshot name lookup: found mappings for 12 markets
2026-06-03 06:03:01,906 [RESOLVE] Settled markets found: 0
2026-06-03 06:03:01,906 [RESOLVE] No open-trade markets have settled yet.
2026-06-03 06:03:02,531 [INFO] ============================================================
2026-06-03 06:03:02,531 [INFO] DIGEST RUN STARTED
2026-06-03 06:03:02,531 [INFO] ============================================================
2026-06-03 06:03:06,697 [INFO] Dashboard data written: /home/jwfalc/smarkets-bot/dashboard/dashboard_data.json
2026-06-03 06:03:06,750 [INFO] Period logs updated: 2026-06-03, 2026-W23, 2026-06, 2026-Q2
2026-06-03 06:03:06,751 [INFO] Run log: [2026-06-03 05:03 UTC] status=signal | platforms=betfair,matchbook | markets=312 | signals=3 | alerts=0 | movements=10 | consec_losses=1
2026-06-03 06:03:06,751 [INFO] Digest complete
Balance: £426.39 | Reserved: £49.75 | Available: £376.64
Reduced stake: Winner edge 11.1pp < 15.0pp → £1.15 (23%)
Skipping (already open): Winner BACK
Reduced stake: Match Odds edge 11.2pp < 12pp → £3.00 (60%)
Skipping (already open): Match Odds LAY
No new paper trades to log
Distribution log updated: 9 new entries added
Total entries: 851
  near_certainty: 6 total, 5 resolved
  high_prob: 18 total, 9 resolved
  7-9pp: 253 total, 98 resolved
  10-11pp: 110 total, 45 resolved
  12pp+: 464 total, 358 resolved

REVIEW DUE: 7-9pp band has 98 resolved entries (threshold: 12)
  Run: python distribution_logger.py report
  Then run: prompts/prompt_review_v1.md

REVIEW DUE: 7-9pp band has 98 resolved entries (threshold: 12)
  Run: python distribution_logger.py report
  Then run: prompts/prompt_review_v1.md
EXIT_CODE:0
Sent
2026-06-03 06:03:09,742 [STATIC-DASH] Building dashboard data…
2026-06-03 06:03:10,789 [STATIC-DASH] Data collected: 221 trades, 34 signals, 312 markets
2026-06-03 06:03:10,995 [STATIC-DASH] Written: /home/jwfalc/smarkets-dashboard/index.html (2580KB)
2026-06-03 06:03:11 [DEPLOY] Starting dashboard deploy...
WARNING: could not find injection point in HTML
HTML written OK
2026-06-03 06:03:11 [DEPLOY] Static HTML built
[main 4a32ccf] Deploy: 2026-06-03 06:03 UTC
 1 file changed, 1 insertion(+), 1 deletion(-)
To https://github.com/jwfalc-coder/smarkets-dashboard.git
   1e27c43..4a32ccf  main -> main
2026-06-03 06:03:11 [DEPLOY] Deploy complete: Deploy: 2026-06-03 06:03 UTC
[main eb2d253] log: routine_2026-06-03_0600
 1 file changed, 187 insertions(+)
 create mode 100644 data/routine_logs/routine_2026-06-03_0600.log
From https://github.com/jwfalc-coder/betting-auditor
 * branch            main       -> FETCH_HEAD
Current branch main is up to date.
To https://github.com/jwfalc-coder/betting-auditor.git
   6f9e9d8..eb2d253  main -> main
