Sent
2026-06-01 10:00:02,816 [INFO] ============================================================
2026-06-01 10:00:02,816 [INFO] SCANNER RUN STARTED - BETFAIR
2026-06-01 10:00:02,817 [INFO] ============================================================
2026-06-01 10:00:03,213 [INFO] Cached Betfair session too old, re-logging in
2026-06-01 10:00:03,213 [INFO] Betfair login attempt 1/3
2026-06-01 10:00:03,360 [INFO] Betfair login successful
2026-06-01 10:00:03,522 [INFO] Catalogue: 100 markets for sport ID 1
2026-06-01 10:00:03,640 [INFO] Catalogue: 100 markets for sport ID 2
2026-06-01 10:00:03,751 [INFO] Catalogue: 100 markets for sport ID 7
2026-06-01 10:00:03,848 [INFO] Catalogue: 57 markets for sport ID 4
2026-06-01 10:00:03,920 [INFO] Catalogue: 2 markets for sport ID 2378961
2026-06-01 10:00:03,997 [INFO] Catalogue: 0 markets for sport ID 3
2026-06-01 10:00:04,188 [INFO] Catalogue: 78 markets for sport ID 7522
2026-06-01 10:00:04,262 [INFO] Catalogue: 0 markets for sport ID 6423
2026-06-01 10:00:04,262 [INFO] Betfair: fetching prices for 437 markets...
2026-06-01 10:00:08,026 [INFO] Betfair: enriching 437 markets with price data...
2026-06-01 10:00:08,034 [INFO] Betfair: enriched 50/437 markets, 8 tradeable so far
2026-06-01 10:00:08,042 [INFO] Betfair: enriched 100/437 markets, 11 tradeable so far
2026-06-01 10:00:08,045 [INFO] Betfair: enriched 150/437 markets, 15 tradeable so far
2026-06-01 10:00:08,048 [INFO] Betfair: enriched 200/437 markets, 16 tradeable so far
2026-06-01 10:00:08,060 [INFO] Betfair: enriched 250/437 markets, 31 tradeable so far
2026-06-01 10:00:08,071 [INFO] Betfair: enriched 300/437 markets, 47 tradeable so far
2026-06-01 10:00:08,075 [INFO] Betfair: enriched 350/437 markets, 53 tradeable so far
2026-06-01 10:00:08,159 [INFO] Betfair: enriched 400/437 markets, 65 tradeable so far
2026-06-01 10:00:08,198 [INFO] Betfair: enriched 437/437 markets, 76 tradeable so far
2026-06-01 10:00:08,199 [INFO] Betfair: 437 total markets, 76 above 100 GBP volume
2026-06-01 10:00:08,327 [INFO] Outrights: 20 markets for sport 1
2026-06-01 10:00:08,412 [INFO] Outrights: 6 markets for sport 3
2026-06-01 10:00:08,500 [INFO] Outrights: 1 markets for sport 2378961
2026-06-01 10:00:08,778 [INFO] Outrights: 25 markets above 25 GBP
2026-06-01 10:00:08,781 [INFO] Betfair: added 25 outright markets for cross-ref
2026-06-01 10:00:08,781 [INFO] betfair: 462 total, 101 above 100 GBP threshold
2026-06-01 10:00:08,971 [INFO] Snapshot written: /home/jwfalc/smarkets-bot/data/snapshots/betfair/2026-06-01_09-00.json
2026-06-01 10:00:09,073 [INFO] Market log updated (betfair)
2026-06-01 10:00:34,319 [INFO] Scanner complete for betfair. Snapshot: 2026-06-01_09-00.json
2026-06-01 10:00:34,642 [INFO] ============================================================
2026-06-01 10:00:34,642 [INFO] SCANNER RUN STARTED - MATCHBOOK
2026-06-01 10:00:34,643 [INFO] ============================================================
2026-06-01 10:00:34,996 [INFO] Matchbook login attempt 1/3
2026-06-01 10:00:35,148 [INFO] Matchbook login successful
2026-06-01 10:00:35,149 [INFO] Matchbook: fetching events with prices for 15 sports...
2026-06-01 10:00:35,233 [INFO] Matchbook: fetched page offset=0, 20 events (total so far: 20)
2026-06-01 10:00:35,473 [INFO] Matchbook: fetched page offset=20, 20 events (total so far: 40)
2026-06-01 10:00:35,788 [INFO] Matchbook: fetched page offset=40, 20 events (total so far: 60)
2026-06-01 10:00:36,087 [INFO] Matchbook: fetched page offset=60, 20 events (total so far: 80)
2026-06-01 10:00:36,357 [INFO] Matchbook: fetched page offset=80, 20 events (total so far: 100)
2026-06-01 10:00:36,587 [INFO] Matchbook: fetched page offset=100, 20 events (total so far: 120)
2026-06-01 10:00:36,837 [INFO] Matchbook: fetched page offset=120, 20 events (total so far: 140)
2026-06-01 10:00:37,082 [INFO] Matchbook: fetched page offset=140, 20 events (total so far: 160)
2026-06-01 10:00:37,328 [INFO] Matchbook: fetched page offset=160, 20 events (total so far: 180)
2026-06-01 10:00:37,556 [INFO] Matchbook: fetched page offset=180, 1 events (total so far: 181)
2026-06-01 10:00:37,556 [INFO] Matchbook: processing 181 events
2026-06-01 10:00:37,560 [INFO] Matchbook: processed 20/181 events, 110 markets so far
2026-06-01 10:00:37,562 [INFO] Matchbook: processed 40/181 events, 180 markets so far
2026-06-01 10:00:37,577 [INFO] Matchbook: processed 60/181 events, 570 markets so far
2026-06-01 10:00:37,591 [INFO] Matchbook: processed 80/181 events, 973 markets so far
2026-06-01 10:00:37,597 [INFO] Matchbook: processed 100/181 events, 1158 markets so far
2026-06-01 10:00:37,598 [INFO] Matchbook: processed 120/181 events, 1178 markets so far
2026-06-01 10:00:37,599 [INFO] Matchbook: processed 140/181 events, 1205 markets so far
2026-06-01 10:00:37,603 [INFO] Matchbook: processed 160/181 events, 1225 markets so far
2026-06-01 10:00:37,606 [INFO] Matchbook: processed 180/181 events, 1245 markets so far
2026-06-01 10:00:37,607 [INFO] Matchbook: processed 181/181 events, 1246 markets so far
2026-06-01 10:00:37,607 [INFO] Matchbook: 1247 total markets, 161 above 25 GBP volume
2026-06-01 10:00:37,621 [INFO] matchbook: 1247 total, 161 above 25 GBP threshold
2026-06-01 10:00:37,693 [INFO] Snapshot written: /home/jwfalc/smarkets-bot/data/snapshots/matchbook/2026-06-01_09-00.json
2026-06-01 10:00:37,732 [INFO] Market log updated (matchbook)
2026-06-01 10:01:02,437 [INFO] Scanner complete for matchbook. Snapshot: 2026-06-01_09-00.json
2026-06-01 10:01:03,071 [RESEARCHER] Prior index loaded: 104 known runners
2026-06-01 10:01:03,113 [RESEARCHER] betfair: 101 tradeable markets from 2026-06-01_09-00.json
2026-06-01 10:01:03,114 [RESEARCHER] Market selection: 3 politics + 6 outrights + 9 other sports = 18 total (platforms: ['betfair'])
2026-06-01 10:01:03,114 [RESEARCHER] [1/18] Makerfield - Restore Britain Vote Percentage
2026-06-01 10:01:08,570 [RESEARCHER] [2/18] Los Angeles Mayoral Election
2026-06-01 10:01:14,154 [RESEARCHER] [3/18] Next Mayor of Seoul
2026-06-01 10:01:19,156 [RESEARCHER] [4/18] Winner
2026-06-01 10:01:25,230 [RESEARCHER] [5/18] Winner
2026-06-01 10:01:33,406 [RESEARCHER]   Prior history injected for Scottie Scheffler
2026-06-01 10:01:33,406 [RESEARCHER]   Prior history injected for Rory McIlroy
2026-06-01 10:01:33,407 [RESEARCHER]   Prior history injected for Jon Rahm
2026-06-01 10:01:33,407 [RESEARCHER]   Prior history injected for Xander Schauffele
2026-06-01 10:01:33,407 [RESEARCHER]   Prior history injected for Cameron Young
2026-06-01 10:01:33,408 [RESEARCHER] [6/18] Winner
2026-06-01 10:01:37,822 [RESEARCHER]   Prior history injected for Scottie Scheffler
2026-06-01 10:01:37,822 [RESEARCHER]   Prior history injected for Rory McIlroy
2026-06-01 10:01:37,822 [RESEARCHER]   Prior history injected for Jon Rahm
2026-06-01 10:01:37,823 [RESEARCHER]   Prior history injected for Cameron Young
2026-06-01 10:01:37,823 [RESEARCHER]   Prior history injected for Ludvig Aberg
2026-06-01 10:01:37,824 [RESEARCHER]   Prior history injected for Bryson DeChambeau
2026-06-01 10:01:37,824 [RESEARCHER] [7/18] Winner
2026-06-01 10:01:42,344 [RESEARCHER]   Prior history injected for Scottie Scheffler
2026-06-01 10:01:42,345 [RESEARCHER]   Prior history injected for Rory McIlroy
2026-06-01 10:01:42,345 [RESEARCHER]   Prior history injected for Jon Rahm
2026-06-01 10:01:42,345 [RESEARCHER]   Prior history injected for Cameron Young
2026-06-01 10:01:42,346 [RESEARCHER]   Prior history injected for Ludvig Aberg
2026-06-01 10:01:42,346 [RESEARCHER]   Prior history injected for Bryson DeChambeau
2026-06-01 10:01:42,346 [RESEARCHER] [8/18] Winner
2026-06-01 10:01:50,482 [RESEARCHER] [9/18] Winner
2026-06-01 10:01:58,202 [RESEARCHER] [10/18] Match Odds
2026-06-01 10:02:05,932 [RESEARCHER] [11/18] Winner 2026/27
2026-06-01 10:02:12,304 [RESEARCHER]   Prior history injected for Arsenal
2026-06-01 10:02:12,305 [RESEARCHER]   Prior history injected for Man City
2026-06-01 10:02:12,305 [RESEARCHER]   Prior history injected for Liverpool
2026-06-01 10:02:12,305 [RESEARCHER]   Prior history injected for Chelsea
2026-06-01 10:02:12,306 [RESEARCHER]   Prior history injected for Aston Villa
2026-06-01 10:02:12,306 [RESEARCHER] [12/18] 1m Hcap
2026-06-01 10:02:16,997 [RESEARCHER] [13/18] 1m4f Hcap
2026-06-01 10:02:21,999 [RESEARCHER] [14/18] Winner 2026
2026-06-01 10:02:28,471 [RESEARCHER] [15/18] Ballon d'Or Winner 2026
2026-06-01 10:02:34,726 [RESEARCHER] [16/18] Winner 2026/27
2026-06-01 10:02:41,647 [RESEARCHER]   Prior history injected for West Ham
2026-06-01 10:02:41,647 [RESEARCHER] [17/18] 1m Mdn
2026-06-01 10:02:46,348 [RESEARCHER] [18/18] Match Odds
2026-06-01 10:02:53,782 [RESEARCHER] Research brief written: 2026-06-01_09-02_brief.json
2026-06-01 10:02:53,783 [RESEARCHER] Markets: 18 | Errors: 0 | Credits used: 71
BRIEF_PATH:/home/jwfalc/smarkets-bot/data/research/2026-06-01_09-02_brief.json
2026-06-01 10:02:54,075 [ANALYZER] Loading research brief: 2026-06-01_09-02_brief.json
2026-06-01 10:02:54,237 [ANALYZER] Betfair cross-ref index: 2680 runners
2026-06-01 10:02:54,243 [ANALYZER] Analyzed 16 markets
2026-06-01 10:02:54,243 [ANALYZER] Found 1 signals (10pp+)
2026-06-01 10:02:54,244 [ANALYZER] Logged 14 distribution entries (7pp+)
2026-06-01 10:02:54,258 [ANALYZER] Research output written: 2026-06-01_09-02_research.json
2026-06-01 10:02:54,261 [ANALYZER] Appended 81 edge traces to edge_traces.json
RESEARCH_PATH:/home/jwfalc/smarkets-bot/data/research/2026-06-01_09-02_research.json
2026-06-01 10:02:54,823 [RESOLVE] Found 8 open trade(s) to check (paper_mode=True)
2026-06-01 10:02:54,892 [RESOLVE] Using cached Betfair session token
2026-06-01 10:02:54,892 [RESOLVE] Betfair: checking 8 open-trade markets
2026-06-01 10:03:04,156 [RESOLVE] Snapshot name lookup: found mappings for 8 markets
2026-06-01 10:03:04,259 [RESOLVE] Settled markets found: 0
2026-06-01 10:03:04,259 [RESOLVE] No open-trade markets have settled yet.
2026-06-01 10:03:04,879 [INFO] ============================================================
2026-06-01 10:03:04,879 [INFO] DIGEST RUN STARTED
2026-06-01 10:03:04,879 [INFO] ============================================================
2026-06-01 10:03:09,046 [INFO] Dashboard data written: /home/jwfalc/smarkets-bot/dashboard/dashboard_data.json
2026-06-01 10:03:09,132 [INFO] Period logs updated: 2026-06-01, 2026-W23, 2026-06, 2026-Q2
2026-06-01 10:03:09,132 [INFO] Run log: [2026-06-01 09:03 UTC] status=signal | platforms=betfair,matchbook | markets=262 | signals=1 | alerts=0 | movements=10 | consec_losses=0
2026-06-01 10:03:09,133 [INFO] Digest complete
Balance: £431.70 | Reserved: £21.05 | Available: £410.65
Reduced stake: Winner edge 12.2pp < 15.0pp → £2.15 (43%)
Skipping (already open): Winner BACK
No new paper trades to log
Distribution log updated: 8 new entries added
Total entries: 810
  near_certainty: 6 total, 5 resolved
  high_prob: 17 total, 9 resolved
  7-9pp: 237 total, 98 resolved
  10-11pp: 101 total, 45 resolved
  12pp+: 449 total, 357 resolved

REVIEW DUE: 7-9pp band has 98 resolved entries (threshold: 12)
  Run: python distribution_logger.py report
  Then run: prompts/prompt_review_v1.md

REVIEW DUE: 7-9pp band has 98 resolved entries (threshold: 12)
  Run: python distribution_logger.py report
  Then run: prompts/prompt_review_v1.md
EXIT_CODE:0
Sent
2026-06-01 10:03:12,074 [STATIC-DASH] Building dashboard data…
2026-06-01 10:03:13,041 [STATIC-DASH] Data collected: 213 trades, 47 signals, 262 markets
2026-06-01 10:03:13,206 [STATIC-DASH] Written: /home/jwfalc/smarkets-dashboard/index.html (2212KB)
2026-06-01 10:03:13 [DEPLOY] Starting dashboard deploy...
WARNING: could not find injection point in HTML
HTML written OK
2026-06-01 10:03:13 [DEPLOY] Static HTML built
[main 8c0791a] Deploy: 2026-06-01 10:03 UTC
 1 file changed, 1 insertion(+), 1 deletion(-)
To https://github.com/jwfalc-coder/smarkets-dashboard.git
   90f0b00..8c0791a  main -> main
2026-06-01 10:03:13 [DEPLOY] Deploy complete: Deploy: 2026-06-01 10:03 UTC
[main e61ec5a] log: routine_2026-06-01_1000
 1 file changed, 169 insertions(+)
 create mode 100644 data/routine_logs/routine_2026-06-01_1000.log
From https://github.com/jwfalc-coder/betting-auditor
 * branch            main       -> FETCH_HEAD
   c044712..dbde221  main       -> origin/main
Rebasing (1/1)Successfully rebased and updated refs/heads/main.
To https://github.com/jwfalc-coder/betting-auditor.git
   dbde221..6693ff4  main -> main
