Sent
2026-05-21 06:00:02,753 [INFO] ============================================================
2026-05-21 06:00:02,753 [INFO] SCANNER RUN STARTED - BETFAIR
2026-05-21 06:00:02,753 [INFO] ============================================================
2026-05-21 06:00:03,356 [INFO] Cached Betfair session too old, re-logging in
2026-05-21 06:00:03,357 [INFO] Betfair login attempt 1/3
2026-05-21 06:00:03,527 [INFO] Betfair login successful
2026-05-21 06:00:03,691 [INFO] Catalogue: 100 markets for sport ID 1
2026-05-21 06:00:03,824 [INFO] Catalogue: 100 markets for sport ID 2
2026-05-21 06:00:03,963 [INFO] Catalogue: 100 markets for sport ID 7
2026-05-21 06:00:04,079 [INFO] Catalogue: 100 markets for sport ID 4
2026-05-21 06:00:04,174 [INFO] Catalogue: 2 markets for sport ID 2378961
2026-05-21 06:00:04,306 [INFO] Catalogue: 76 markets for sport ID 3
2026-05-21 06:00:04,602 [INFO] Catalogue: 100 markets for sport ID 7522
2026-05-21 06:00:04,691 [INFO] Catalogue: 3 markets for sport ID 6423
2026-05-21 06:00:04,692 [INFO] Betfair: fetching prices for 581 markets...
2026-05-21 06:00:10,053 [INFO] Betfair: enriching 581 markets with price data...
2026-05-21 06:00:10,058 [INFO] Betfair: enriched 50/581 markets, 2 tradeable so far
2026-05-21 06:00:10,066 [INFO] Betfair: enriched 100/581 markets, 10 tradeable so far
2026-05-21 06:00:10,069 [INFO] Betfair: enriched 150/581 markets, 11 tradeable so far
2026-05-21 06:00:10,070 [INFO] Betfair: enriched 200/581 markets, 13 tradeable so far
2026-05-21 06:00:10,076 [INFO] Betfair: enriched 250/581 markets, 19 tradeable so far
2026-05-21 06:00:10,086 [INFO] Betfair: enriched 300/581 markets, 21 tradeable so far
2026-05-21 06:00:10,089 [INFO] Betfair: enriched 350/581 markets, 27 tradeable so far
2026-05-21 06:00:10,091 [INFO] Betfair: enriched 400/581 markets, 31 tradeable so far
2026-05-21 06:00:10,129 [INFO] Betfair: enriched 450/581 markets, 76 tradeable so far
2026-05-21 06:00:10,180 [INFO] Betfair: enriched 500/581 markets, 101 tradeable so far
2026-05-21 06:00:10,239 [INFO] Betfair: enriched 550/581 markets, 109 tradeable so far
2026-05-21 06:00:10,308 [INFO] Betfair: enriched 581/581 markets, 110 tradeable so far
2026-05-21 06:00:10,309 [INFO] Betfair: 581 total markets, 110 above 100 GBP volume
2026-05-21 06:00:10,468 [INFO] Outrights: 48 markets for sport 1
2026-05-21 06:00:10,554 [INFO] Outrights: 13 markets for sport 3
2026-05-21 06:00:10,636 [INFO] Outrights: 0 markets for sport 2378961
2026-05-21 06:00:11,278 [INFO] Outrights: 46 markets above 25 GBP
2026-05-21 06:00:11,288 [INFO] Betfair: added 39 outright markets for cross-ref
2026-05-21 06:00:11,289 [INFO] betfair: 620 total, 149 above 100 GBP threshold
2026-05-21 06:00:11,608 [INFO] Snapshot written: /home/jwfalc/smarkets-bot/data/snapshots/betfair/2026-05-21_05-00.json
2026-05-21 06:00:11,772 [INFO] Market log updated (betfair)
2026-05-21 06:00:46,981 [INFO] Scanner complete for betfair. Snapshot: 2026-05-21_05-00.json
2026-05-21 06:00:47,504 [INFO] ============================================================
2026-05-21 06:00:47,505 [INFO] SCANNER RUN STARTED - MATCHBOOK
2026-05-21 06:00:47,505 [INFO] ============================================================
2026-05-21 06:00:48,016 [INFO] Matchbook login attempt 1/3
2026-05-21 06:00:48,201 [INFO] Matchbook login successful
2026-05-21 06:00:48,202 [INFO] Matchbook: fetching events with prices for 15 sports...
2026-05-21 06:00:48,283 [INFO] Matchbook: fetched page offset=0, 20 events (total so far: 20)
2026-05-21 06:00:48,516 [INFO] Matchbook: fetched page offset=20, 20 events (total so far: 40)
2026-05-21 06:00:48,750 [INFO] Matchbook: fetched page offset=40, 20 events (total so far: 60)
2026-05-21 06:00:49,052 [INFO] Matchbook: fetched page offset=60, 20 events (total so far: 80)
2026-05-21 06:00:49,286 [INFO] Matchbook: fetched page offset=80, 20 events (total so far: 100)
2026-05-21 06:00:49,540 [INFO] Matchbook: fetched page offset=100, 20 events (total so far: 120)
2026-05-21 06:00:49,907 [INFO] Matchbook: fetched page offset=120, 20 events (total so far: 140)
2026-05-21 06:00:50,245 [INFO] Matchbook: fetched page offset=140, 20 events (total so far: 160)
2026-05-21 06:00:50,552 [INFO] Matchbook: fetched page offset=160, 20 events (total so far: 180)
2026-05-21 06:00:50,875 [INFO] Matchbook: fetched page offset=180, 20 events (total so far: 200)
2026-05-21 06:00:51,254 [INFO] Matchbook: fetched page offset=200, 20 events (total so far: 220)
2026-05-21 06:00:51,570 [INFO] Matchbook: fetched page offset=220, 20 events (total so far: 240)
2026-05-21 06:00:51,855 [INFO] Matchbook: fetched page offset=240, 20 events (total so far: 260)
2026-05-21 06:00:52,089 [INFO] Matchbook: fetched page offset=260, 20 events (total so far: 280)
2026-05-21 06:00:52,330 [INFO] Matchbook: fetched page offset=280, 19 events (total so far: 299)
2026-05-21 06:00:52,330 [INFO] Matchbook: processing 299 events
2026-05-21 06:00:52,334 [INFO] Matchbook: processed 20/299 events, 21 markets so far
2026-05-21 06:00:52,335 [INFO] Matchbook: processed 40/299 events, 41 markets so far
2026-05-21 06:00:52,337 [INFO] Matchbook: processed 60/299 events, 126 markets so far
2026-05-21 06:00:52,350 [INFO] Matchbook: processed 80/299 events, 258 markets so far
2026-05-21 06:00:52,351 [INFO] Matchbook: processed 100/299 events, 278 markets so far
2026-05-21 06:00:52,355 [INFO] Matchbook: processed 120/299 events, 415 markets so far
2026-05-21 06:00:52,375 [INFO] Matchbook: processed 140/299 events, 927 markets so far
2026-05-21 06:00:52,402 [INFO] Matchbook: processed 160/299 events, 1531 markets so far
2026-05-21 06:00:52,422 [INFO] Matchbook: processed 180/299 events, 2013 markets so far
2026-05-21 06:00:52,518 [INFO] Matchbook: processed 200/299 events, 2417 markets so far
2026-05-21 06:00:52,552 [INFO] Matchbook: processed 220/299 events, 3144 markets so far
2026-05-21 06:00:52,574 [INFO] Matchbook: processed 240/299 events, 3630 markets so far
2026-05-21 06:00:52,590 [INFO] Matchbook: processed 260/299 events, 4058 markets so far
2026-05-21 06:00:52,592 [INFO] Matchbook: processed 280/299 events, 4078 markets so far
2026-05-21 06:00:52,596 [INFO] Matchbook: processed 299/299 events, 4097 markets so far
2026-05-21 06:00:52,597 [INFO] Matchbook: 4098 total markets, 376 above 25 GBP volume
2026-05-21 06:00:52,647 [INFO] matchbook: 4098 total, 376 above 25 GBP threshold
2026-05-21 06:00:52,852 [INFO] Snapshot written: /home/jwfalc/smarkets-bot/data/snapshots/matchbook/2026-05-21_05-00.json
2026-05-21 06:00:52,956 [INFO] Market log updated (matchbook)
2026-05-21 06:01:30,747 [INFO] Scanner complete for matchbook. Snapshot: 2026-05-21_05-00.json
2026-05-21 06:01:31,816 [RESEARCHER] matchbook: 376 tradeable markets from 2026-05-21_05-00.json
2026-05-21 06:01:31,817 [RESEARCHER] Market selection: 0 politics/current-affairs + 15 sports = 15 total (platforms: ['matchbook'])
2026-05-21 06:01:31,817 [RESEARCHER] [1/15] Winner
2026-05-21 06:01:39,300 [RESEARCHER] [2/15] Winner
2026-05-21 06:01:46,571 [RESEARCHER] [3/15] Winner
2026-05-21 06:01:53,235 [RESEARCHER] [4/15] To Be Relegated
2026-05-21 06:02:00,514 [RESEARCHER] [5/15] Winner
2026-05-21 06:02:07,964 [RESEARCHER] [6/15] Top 4 Finish
2026-05-21 06:02:16,779 [RESEARCHER] [7/15] Winner
2026-05-21 06:02:23,949 [RESEARCHER] [8/15] Top 6 Finish
2026-05-21 06:02:26,547 [RESEARCHER] [9/15] Match Odds
2026-05-21 06:02:33,712 [RESEARCHER] [10/15] Match Odds
2026-05-21 06:02:40,815 [RESEARCHER] [11/15] Match Odds
2026-05-21 06:02:47,321 [RESEARCHER] [12/15] Match Odds
2026-05-21 06:02:55,347 [RESEARCHER] [13/15] Top 5 Finish
2026-05-21 06:03:03,169 [RESEARCHER] [14/15] Match Odds
2026-05-21 06:03:10,634 [RESEARCHER] [15/15] Top 10 Finish
2026-05-21 06:03:13,582 [RESEARCHER] Research brief written: 2026-05-21_05-03_brief.json
2026-05-21 06:03:13,582 [RESEARCHER] Markets: 15 | Errors: 0 | Credits used: 60
BRIEF_PATH:/home/jwfalc/smarkets-bot/data/research/2026-05-21_05-03_brief.json
2026-05-21 06:03:14,022 [ANALYZER] Loading research brief: 2026-05-21_05-03_brief.json
2026-05-21 06:03:14,287 [ANALYZER] Betfair cross-ref index: 4762 runners
2026-05-21 06:03:14,293 [ANALYZER] Analyzed 15 markets
2026-05-21 06:03:14,294 [ANALYZER] Found 0 signals (10pp+)
2026-05-21 06:03:14,294 [ANALYZER] Logged 3 distribution entries (7pp+)
2026-05-21 06:03:14,307 [ANALYZER] Research output written: 2026-05-21_05-03_research.json
2026-05-21 06:03:14,312 [ANALYZER] Appended 66 edge traces to edge_traces.json
RESEARCH_PATH:/home/jwfalc/smarkets-bot/data/research/2026-05-21_05-03_research.json
2026-05-21 06:03:15,141 [RESOLVE] Found 17 open trade(s) to check (paper_mode=True)
2026-05-21 06:03:15,243 [RESOLVE] Using cached Betfair session token
2026-05-21 06:03:15,243 [RESOLVE] Betfair: checking 2 open-trade markets
2026-05-21 06:03:23,116 [RESOLVE] Snapshot name lookup: found mappings for 2 markets
2026-05-21 06:03:23,221 [RESOLVE] Web fallback: 1 stale match market(s) to look up
2026-05-21 06:03:49,819 [RESOLVE] Stale market unresolved — manual check needed: 'SC Freiburg vs Aston Villa' (market=33223408744800023, logged 2026-05-20). Tip: add [football_data] api_key to config.toml for CL coverage.
2026-05-21 06:03:49,819 [RESOLVE] Settled markets found: 0
2026-05-21 06:03:49,820 [RESOLVE] Standings: unknown competition for 'Men's French Open 2026 - Winner' — skip
2026-05-21 06:03:49,820 [RESOLVE] No open-trade markets have settled yet.
2026-05-21 06:03:50,768 [INFO] ============================================================
2026-05-21 06:03:50,768 [INFO] DIGEST RUN STARTED
2026-05-21 06:03:50,768 [INFO] ============================================================
2026-05-21 06:03:57,597 [INFO] Dashboard data written: /home/jwfalc/smarkets-bot/dashboard/dashboard_data.json
2026-05-21 06:03:57,712 [INFO] Period logs updated: 2026-05-21, 2026-W21, 2026-05, 2026-Q2
2026-05-21 06:03:57,713 [INFO] Run log: [2026-05-21 05:03 UTC] status=ok | platforms=betfair,matchbook | markets=525 | signals=0 | alerts=0 | movements=10 | consec_losses=1
2026-05-21 06:03:57,713 [INFO] Digest complete
Balance: £271.25 | Reserved: £75.59 | Available: £195.66
No new paper trades to log
Distribution log updated: 3 new entries added
Total entries: 580
  near_certainty: 4 total, 4 resolved
  high_prob: 14 total, 5 resolved
  7-9pp: 154 total, 33 resolved
  10-11pp: 47 total, 21 resolved
  12pp+: 361 total, 193 resolved

REVIEW DUE: 7-9pp band has 33 resolved entries (threshold: 12)
  Run: python distribution_logger.py report
  Then run: prompts/prompt_review_v1.md

REVIEW DUE: 7-9pp band has 33 resolved entries (threshold: 12)
  Run: python distribution_logger.py report
  Then run: prompts/prompt_review_v1.md
EXIT_CODE:0
Sent
2026-05-21 06:04:02,182 [STATIC-DASH] Building dashboard data…
2026-05-21 06:04:03,497 [STATIC-DASH] Data collected: 113 trades, 19 signals, 525 markets
2026-05-21 06:04:03,744 [STATIC-DASH] Written: /home/jwfalc/smarkets-dashboard/index.html (2669KB)
2026-05-21 06:04:04 [DEPLOY] Starting dashboard deploy...
WARNING: could not find injection point in HTML
HTML written OK
2026-05-21 06:04:04 [DEPLOY] Static HTML built
[main 660b3c3] Deploy: 2026-05-21 06:04 UTC
 1 file changed, 1 insertion(+), 1 deletion(-)
To https://github.com/jwfalc-coder/smarkets-dashboard.git
   d40271a..660b3c3  main -> main
2026-05-21 06:04:04 [DEPLOY] Deploy complete: Deploy: 2026-05-21 06:04 UTC
[main 3ed1382] log: routine_2026-05-21_0600
 1 file changed, 156 insertions(+)
 create mode 100644 data/routine_logs/routine_2026-05-21_0600.log
From https://github.com/jwfalc-coder/betting-auditor
 * branch            main       -> FETCH_HEAD
Current branch main is up to date.
To https://github.com/jwfalc-coder/betting-auditor.git
   ab00eb1..3ed1382  main -> main
