Sent
2026-06-05 14:00:02,509 [INFO] ============================================================
2026-06-05 14:00:02,509 [INFO] SCANNER RUN STARTED - BETFAIR
2026-06-05 14:00:02,509 [INFO] ============================================================
2026-06-05 14:00:02,905 [INFO] Cached Betfair session too old, re-logging in
2026-06-05 14:00:02,906 [INFO] Betfair login attempt 1/3
2026-06-05 14:00:03,074 [INFO] Betfair login successful
2026-06-05 14:00:03,223 [INFO] Catalogue: 100 markets for sport ID 1
2026-06-05 14:00:03,350 [INFO] Catalogue: 100 markets for sport ID 2
2026-06-05 14:00:03,477 [INFO] Catalogue: 100 markets for sport ID 7
2026-06-05 14:00:03,596 [INFO] Catalogue: 100 markets for sport ID 4
2026-06-05 14:00:03,675 [INFO] Catalogue: 0 markets for sport ID 2378961
2026-06-05 14:00:03,773 [INFO] Catalogue: 16 markets for sport ID 3
2026-06-05 14:00:03,985 [INFO] Catalogue: 100 markets for sport ID 7522
2026-06-05 14:00:04,061 [INFO] Catalogue: 0 markets for sport ID 6423
2026-06-05 14:00:04,061 [INFO] Betfair: fetching prices for 516 markets...
2026-06-05 14:00:08,626 [INFO] Betfair: enriching 516 markets with price data...
2026-06-05 14:00:08,633 [INFO] Betfair: enriched 50/516 markets, 5 tradeable so far
2026-06-05 14:00:08,638 [INFO] Betfair: enriched 100/516 markets, 10 tradeable so far
2026-06-05 14:00:08,643 [INFO] Betfair: enriched 150/516 markets, 13 tradeable so far
2026-06-05 14:00:08,645 [INFO] Betfair: enriched 200/516 markets, 14 tradeable so far
2026-06-05 14:00:08,655 [INFO] Betfair: enriched 250/516 markets, 41 tradeable so far
2026-06-05 14:00:08,699 [INFO] Betfair: enriched 300/516 markets, 69 tradeable so far
2026-06-05 14:00:08,701 [INFO] Betfair: enriched 350/516 markets, 80 tradeable so far
2026-06-05 14:00:08,705 [INFO] Betfair: enriched 400/516 markets, 91 tradeable so far
2026-06-05 14:00:08,751 [INFO] Betfair: enriched 450/516 markets, 114 tradeable so far
2026-06-05 14:00:08,802 [INFO] Betfair: enriched 500/516 markets, 123 tradeable so far
2026-06-05 14:00:08,816 [INFO] Betfair: enriched 516/516 markets, 124 tradeable so far
2026-06-05 14:00:08,818 [INFO] Betfair: 516 total markets, 125 above 100 GBP volume
2026-06-05 14:00:08,942 [INFO] Outrights: 22 markets for sport 1
2026-06-05 14:00:09,039 [INFO] Outrights: 17 markets for sport 3
2026-06-05 14:00:09,118 [INFO] Outrights: 1 markets for sport 2378961
2026-06-05 14:00:09,516 [INFO] Outrights: 38 markets above 25 GBP
2026-06-05 14:00:09,521 [INFO] Betfair: added 36 outright markets for cross-ref
2026-06-05 14:00:09,522 [INFO] betfair: 552 total, 161 above 100 GBP threshold
2026-06-05 14:00:09,833 [INFO] Snapshot written: /home/jwfalc/smarkets-bot/data/snapshots/betfair/2026-06-05_13-00.json
2026-06-05 14:00:10,005 [INFO] Market log updated (betfair)
2026-06-05 14:00:36,020 [INFO] Scanner complete for betfair. Snapshot: 2026-06-05_13-00.json
2026-06-05 14:00:36,337 [INFO] ============================================================
2026-06-05 14:00:36,337 [INFO] SCANNER RUN STARTED - MATCHBOOK
2026-06-05 14:00:36,338 [INFO] ============================================================
2026-06-05 14:00:36,686 [INFO] Matchbook login attempt 1/3
2026-06-05 14:00:36,848 [INFO] Matchbook login successful
2026-06-05 14:00:36,848 [INFO] Matchbook: fetching events with prices for 15 sports...
2026-06-05 14:00:36,961 [INFO] Matchbook: fetched page offset=0, 20 events (total so far: 20)
2026-06-05 14:00:37,236 [INFO] Matchbook: fetched page offset=20, 20 events (total so far: 40)
2026-06-05 14:00:37,541 [INFO] Matchbook: fetched page offset=40, 20 events (total so far: 60)
2026-06-05 14:00:37,880 [INFO] Matchbook: fetched page offset=60, 20 events (total so far: 80)
2026-06-05 14:00:38,146 [INFO] Matchbook: fetched page offset=80, 20 events (total so far: 100)
2026-06-05 14:00:38,428 [INFO] Matchbook: fetched page offset=100, 20 events (total so far: 120)
2026-06-05 14:00:38,718 [INFO] Matchbook: fetched page offset=120, 20 events (total so far: 140)
2026-06-05 14:00:39,014 [INFO] Matchbook: fetched page offset=140, 20 events (total so far: 160)
2026-06-05 14:00:39,308 [INFO] Matchbook: fetched page offset=160, 20 events (total so far: 180)
2026-06-05 14:00:39,536 [INFO] Matchbook: processing 180 events
2026-06-05 14:00:39,545 [INFO] Matchbook: processed 20/180 events, 145 markets so far
2026-06-05 14:00:39,553 [INFO] Matchbook: processed 40/180 events, 325 markets so far
2026-06-05 14:00:39,568 [INFO] Matchbook: processed 60/180 events, 712 markets so far
2026-06-05 14:00:39,589 [INFO] Matchbook: processed 80/180 events, 1292 markets so far
2026-06-05 14:00:39,601 [INFO] Matchbook: processed 100/180 events, 1800 markets so far
2026-06-05 14:00:39,613 [INFO] Matchbook: processed 120/180 events, 2214 markets so far
2026-06-05 14:00:39,627 [INFO] Matchbook: processed 140/180 events, 2517 markets so far
2026-06-05 14:00:39,634 [INFO] Matchbook: processed 160/180 events, 2594 markets so far
2026-06-05 14:00:39,660 [INFO] Matchbook: processed 180/180 events, 2651 markets so far
2026-06-05 14:00:39,660 [INFO] Matchbook: 2652 total markets, 347 above 25 GBP volume
2026-06-05 14:00:39,687 [INFO] matchbook: 2652 total, 347 above 25 GBP threshold
2026-06-05 14:00:39,860 [INFO] Snapshot written: /home/jwfalc/smarkets-bot/data/snapshots/matchbook/2026-06-05_13-00.json
2026-06-05 14:00:39,953 [INFO] Market log updated (matchbook)
2026-06-05 14:01:05,648 [INFO] Scanner complete for matchbook. Snapshot: 2026-06-05_13-00.json
2026-06-05 14:01:06,292 [RESEARCHER] Prior index loaded: 110 known runners
2026-06-05 14:01:06,356 [RESEARCHER] betfair: 161 tradeable markets from 2026-06-05_13-00.json
2026-06-05 14:01:06,357 [RESEARCHER] Market selection: 1 politics + 7 outrights + 8 other sports = 16 total (platforms: ['betfair'])
2026-06-05 14:01:06,357 [RESEARCHER] [1/16] Makerfield - Restore Britain Vote Percentage
2026-06-05 14:01:12,409 [RESEARCHER] [2/16] Winner
2026-06-05 14:01:20,028 [RESEARCHER] [3/16] Winner
2026-06-05 14:01:28,490 [RESEARCHER]   Prior history injected for Scottie Scheffler
2026-06-05 14:01:28,491 [RESEARCHER]   Prior history injected for J.J. Spaun
2026-06-05 14:01:28,491 [RESEARCHER]   Prior history injected for Rory McIlroy
2026-06-05 14:01:28,491 [RESEARCHER] [4/16] Winner
2026-06-05 14:01:37,299 [RESEARCHER]   Prior history injected for Daniel Hillier
2026-06-05 14:01:37,300 [RESEARCHER] [5/16] Winner
2026-06-05 14:01:45,962 [RESEARCHER]   Prior history injected for Jon Rahm
2026-06-05 14:01:45,962 [RESEARCHER] [6/16] Top 10 Finish
2026-06-05 14:01:47,834 [RESEARCHER]   Prior history injected for Scottie Scheffler
2026-06-05 14:01:47,834 [RESEARCHER]   Prior history injected for J.J. Spaun
2026-06-05 14:01:47,834 [RESEARCHER]   Prior history injected for Rory McIlroy
2026-06-05 14:01:47,835 [RESEARCHER] [7/16] Winner
2026-06-05 14:01:56,955 [RESEARCHER]   Prior history injected for Scottie Scheffler
2026-06-05 14:01:56,955 [RESEARCHER]   Prior history injected for Rory McIlroy
2026-06-05 14:01:56,956 [RESEARCHER]   Prior history injected for Jon Rahm
2026-06-05 14:01:56,956 [RESEARCHER]   Prior history injected for Cameron Young
2026-06-05 14:01:56,957 [RESEARCHER]   Prior history injected for Ludvig Aberg
2026-06-05 14:01:56,957 [RESEARCHER]   Prior history injected for Xander Schauffele
2026-06-05 14:01:56,957 [RESEARCHER] [8/16] Top 5 Finish
2026-06-05 14:01:58,863 [RESEARCHER]   Prior history injected for Scottie Scheffler
2026-06-05 14:01:58,863 [RESEARCHER]   Prior history injected for J.J. Spaun
2026-06-05 14:01:58,863 [RESEARCHER]   Prior history injected for Rory McIlroy
2026-06-05 14:01:58,864 [RESEARCHER] [9/16] 1m4f Grp 1
2026-06-05 14:02:04,326 [RESEARCHER] [10/16] NBA Championship Winner
2026-06-05 14:02:11,679 [RESEARCHER]   Prior history injected for San Antonio Spurs
2026-06-05 14:02:11,680 [RESEARCHER]   Prior history injected for Sacramento Kings
2026-06-05 14:02:11,680 [RESEARCHER] [11/16] Match Odds
2026-06-05 14:02:19,347 [RESEARCHER]   Prior history injected for The Draw
2026-06-05 14:02:19,348 [RESEARCHER] [12/16] Moneyline
2026-06-05 14:02:26,815 [RESEARCHER]   Prior history injected for San Antonio Spurs
2026-06-05 14:02:26,815 [RESEARCHER] [13/16] Winner 2026/27
2026-06-05 14:02:33,496 [RESEARCHER]   Prior history injected for Arsenal
2026-06-05 14:02:33,497 [RESEARCHER]   Prior history injected for Man City
2026-06-05 14:02:33,497 [RESEARCHER]   Prior history injected for Liverpool
2026-06-05 14:02:33,497 [RESEARCHER]   Prior history injected for Chelsea
2026-06-05 14:02:33,498 [RESEARCHER]   Prior history injected for Aston Villa
2026-06-05 14:02:33,498 [RESEARCHER] [14/16] 7f Nov Stks
2026-06-05 14:02:39,885 [RESEARCHER] [15/16] Match Odds
2026-06-05 14:02:47,881 [RESEARCHER]   Prior history injected for The Blaze W
2026-06-05 14:02:47,881 [RESEARCHER]   Prior history injected for Warwickshire W
2026-06-05 14:02:47,882 [RESEARCHER] [16/16] Match Odds
2026-06-05 14:02:56,561 [RESEARCHER]   Prior history injected for Kent W
2026-06-05 14:02:56,561 [RESEARCHER]   Prior history injected for Worcestershire Rapids W
2026-06-05 14:02:56,585 [RESEARCHER] Research brief written: 2026-06-05_13-02_brief.json
2026-06-05 14:02:56,586 [RESEARCHER] Markets: 16 | Errors: 0 | Credits used: 67
BRIEF_PATH:/home/jwfalc/smarkets-bot/data/research/2026-06-05_13-02_brief.json
2026-06-05 14:02:56,891 [ANALYZER] Loading research brief: 2026-06-05_13-02_brief.json
2026-06-05 14:02:57,145 [ANALYZER] Betfair cross-ref index: 4636 runners
2026-06-05 14:02:57,152 [ANALYZER] Analyzed 16 markets
2026-06-05 14:02:57,152 [ANALYZER] Found 2 signals (10pp+)
2026-06-05 14:02:57,152 [ANALYZER] Logged 9 distribution entries (7pp+)
2026-06-05 14:02:57,166 [ANALYZER] Research output written: 2026-06-05_13-02_research.json
2026-06-05 14:02:57,169 [ANALYZER] Appended 81 edge traces to edge_traces.json
RESEARCH_PATH:/home/jwfalc/smarkets-bot/data/research/2026-06-05_13-02_research.json
2026-06-05 14:02:57,734 [RESOLVE] Found 27 open trade(s) to check (paper_mode=True)
2026-06-05 14:02:57,803 [RESOLVE] Using cached Betfair session token
2026-06-05 14:02:57,803 [RESOLVE] Betfair: checking 17 open-trade markets
2026-06-05 14:03:07,990 [RESOLVE] Snapshot name lookup: found mappings for 17 markets
2026-06-05 14:03:08,197 [RESOLVE] Settled markets found: 0
2026-06-05 14:03:08,198 [RESOLVE] No open-trade markets have settled yet.
2026-06-05 14:03:08,815 [INFO] ============================================================
2026-06-05 14:03:08,816 [INFO] DIGEST RUN STARTED
2026-06-05 14:03:08,816 [INFO] ============================================================
2026-06-05 14:03:13,170 [INFO] Dashboard data written: /home/jwfalc/smarkets-bot/dashboard/dashboard_data.json
2026-06-05 14:03:13,232 [INFO] Period logs updated: 2026-06-05, 2026-W23, 2026-06, 2026-Q2
2026-06-05 14:03:13,233 [INFO] Run log: [2026-06-05 13:03 UTC] status=signal | platforms=betfair,matchbook | markets=508 | signals=2 | alerts=0 | movements=10 | consec_losses=0
2026-06-05 14:03:13,233 [INFO] Digest complete
Kelly balance: £100.00 (base £100.00 + £0.00 resolved P&L)
Balance: £429.37 | Reserved: £171.33 | Available: £258.04
Skipping (already open): Winner BACK
Skipping (already open): Winner 2026/27 BACK
No new paper trades to log
Distribution log updated: 5 new entries added
Total entries: 923
  near_certainty: 7 total, 6 resolved
  high_prob: 23 total, 13 resolved
  7-9pp: 272 total, 98 resolved
  10-11pp: 128 total, 46 resolved
  12pp+: 493 total, 361 resolved

REVIEW DUE: 7-9pp band has 98 resolved entries (threshold: 12)
  Run: python distribution_logger.py report
  Then run: prompts/prompt_review_v1.md

REVIEW DUE: 7-9pp band has 98 resolved entries (threshold: 12)
  Run: python distribution_logger.py report
  Then run: prompts/prompt_review_v1.md
EXIT_CODE:0
Sent
2026-06-05 14:03:16,194 [STATIC-DASH] Building dashboard data…
2026-06-05 14:03:17,329 [STATIC-DASH] Data collected: 242 trades, 75 signals, 508 markets
2026-06-05 14:03:17,582 [STATIC-DASH] Written: /home/jwfalc/smarkets-dashboard/index.html (3153KB)
2026-06-05 14:03:17 [DEPLOY] Starting dashboard deploy...
WARNING: could not find injection point in HTML
HTML written OK
2026-06-05 14:03:17 [DEPLOY] Static HTML built
[main 46797ae] Deploy: 2026-06-05 14:03 UTC
 1 file changed, 1 insertion(+), 1 deletion(-)
To https://github.com/jwfalc-coder/smarkets-dashboard.git
   c5b1750..46797ae  main -> main
2026-06-05 14:03:17 [DEPLOY] Deploy complete: Deploy: 2026-06-05 14:03 UTC
