Sent
2026-05-13 14:00:03,249 [INFO] ============================================================
2026-05-13 14:00:03,250 [INFO] SCANNER RUN STARTED - BETFAIR
2026-05-13 14:00:03,251 [INFO] ============================================================
2026-05-13 14:00:04,006 [INFO] Cached Betfair session too old, re-logging in
2026-05-13 14:00:04,007 [INFO] Betfair login attempt 1/3
2026-05-13 14:00:04,204 [INFO] Betfair login successful
2026-05-13 14:00:04,392 [INFO] Catalogue: 100 markets for sport ID 1
2026-05-13 14:00:04,557 [INFO] Catalogue: 100 markets for sport ID 2
2026-05-13 14:00:04,716 [INFO] Catalogue: 100 markets for sport ID 7
2026-05-13 14:00:04,841 [INFO] Catalogue: 100 markets for sport ID 4
2026-05-13 14:00:04,933 [INFO] Catalogue: 0 markets for sport ID 2378961
2026-05-13 14:00:05,067 [INFO] Catalogue: 85 markets for sport ID 3
2026-05-13 14:00:05,332 [INFO] Catalogue: 100 markets for sport ID 7522
2026-05-13 14:00:05,422 [INFO] Catalogue: 0 markets for sport ID 6423
2026-05-13 14:00:05,423 [INFO] Betfair: fetching prices for 585 markets...
2026-05-13 14:00:11,316 [INFO] Betfair: enriching 585 markets with price data...
2026-05-13 14:00:11,324 [INFO] Betfair: enriched 50/585 markets, 6 tradeable so far
2026-05-13 14:00:11,327 [INFO] Betfair: enriched 100/585 markets, 13 tradeable so far
2026-05-13 14:00:11,329 [INFO] Betfair: enriched 150/585 markets, 18 tradeable so far
2026-05-13 14:00:11,331 [INFO] Betfair: enriched 200/585 markets, 20 tradeable so far
2026-05-13 14:00:11,342 [INFO] Betfair: enriched 250/585 markets, 53 tradeable so far
2026-05-13 14:00:11,353 [INFO] Betfair: enriched 300/585 markets, 77 tradeable so far
2026-05-13 14:00:11,356 [INFO] Betfair: enriched 350/585 markets, 87 tradeable so far
2026-05-13 14:00:11,359 [INFO] Betfair: enriched 400/585 markets, 89 tradeable so far
2026-05-13 14:00:11,406 [INFO] Betfair: enriched 450/585 markets, 110 tradeable so far
2026-05-13 14:00:11,431 [INFO] Betfair: enriched 500/585 markets, 131 tradeable so far
2026-05-13 14:00:11,497 [INFO] Betfair: enriched 550/585 markets, 140 tradeable so far
2026-05-13 14:00:11,542 [INFO] Betfair: enriched 585/585 markets, 150 tradeable so far
2026-05-13 14:00:11,545 [INFO] Betfair: 585 total markets, 150 above 100 GBP volume
2026-05-13 14:00:11,599 [INFO] betfair: 585 total, 150 above 100 GBP threshold
2026-05-13 14:00:12,017 [INFO] Snapshot written: /home/jwfalc/smarkets-bot/data/snapshots/betfair/2026-05-13_13-00.json
2026-05-13 14:00:12,206 [INFO] Market log updated (betfair)
2026-05-13 14:00:52,256 [INFO] Scanner complete for betfair. Snapshot: 2026-05-13_13-00.json
2026-05-13 14:00:52,869 [INFO] ============================================================
2026-05-13 14:00:52,869 [INFO] SCANNER RUN STARTED - MATCHBOOK
2026-05-13 14:00:52,869 [INFO] ============================================================
2026-05-13 14:00:53,498 [INFO] Matchbook login attempt 1/3
2026-05-13 14:00:53,680 [INFO] Matchbook login successful
2026-05-13 14:00:53,682 [INFO] Matchbook: fetching events with prices for 15 sports...
2026-05-13 14:00:53,802 [INFO] Matchbook: fetched page offset=0, 20 events (total so far: 20)
2026-05-13 14:00:54,127 [INFO] Matchbook: fetched page offset=20, 20 events (total so far: 40)
2026-05-13 14:00:54,520 [INFO] Matchbook: fetched page offset=40, 20 events (total so far: 60)
2026-05-13 14:00:54,969 [INFO] Matchbook: fetched page offset=60, 20 events (total so far: 80)
2026-05-13 14:00:55,374 [INFO] Matchbook: fetched page offset=80, 20 events (total so far: 100)
2026-05-13 14:00:55,757 [INFO] Matchbook: fetched page offset=100, 20 events (total so far: 120)
2026-05-13 14:00:56,132 [INFO] Matchbook: fetched page offset=120, 20 events (total so far: 140)
2026-05-13 14:00:56,560 [INFO] Matchbook: fetched page offset=140, 20 events (total so far: 160)
2026-05-13 14:00:56,803 [INFO] Matchbook: fetched page offset=160, 20 events (total so far: 180)
2026-05-13 14:00:57,040 [INFO] Matchbook: fetched page offset=180, 20 events (total so far: 200)
2026-05-13 14:00:57,326 [INFO] Matchbook: fetched page offset=200, 20 events (total so far: 220)
2026-05-13 14:00:57,655 [INFO] Matchbook: fetched page offset=220, 20 events (total so far: 240)
2026-05-13 14:00:58,014 [INFO] Matchbook: fetched page offset=240, 20 events (total so far: 260)
2026-05-13 14:00:58,351 [INFO] Matchbook: fetched page offset=260, 20 events (total so far: 280)
2026-05-13 14:00:58,730 [INFO] Matchbook: fetched page offset=280, 20 events (total so far: 300)
2026-05-13 14:00:59,079 [INFO] Matchbook: fetched page offset=300, 20 events (total so far: 320)
2026-05-13 14:00:59,342 [INFO] Matchbook: fetched page offset=320, 20 events (total so far: 340)
2026-05-13 14:00:59,577 [INFO] Matchbook: fetched page offset=340, 10 events (total so far: 350)
2026-05-13 14:00:59,578 [INFO] Matchbook: processing 350 events
2026-05-13 14:00:59,586 [INFO] Matchbook: processed 20/350 events, 173 markets so far
2026-05-13 14:00:59,774 [INFO] Matchbook: processed 40/350 events, 520 markets so far
2026-05-13 14:00:59,801 [INFO] Matchbook: processed 60/350 events, 1075 markets so far
2026-05-13 14:00:59,832 [INFO] Matchbook: processed 80/350 events, 1660 markets so far
2026-05-13 14:00:59,866 [INFO] Matchbook: processed 100/350 events, 2334 markets so far
2026-05-13 14:00:59,896 [INFO] Matchbook: processed 120/350 events, 2948 markets so far
2026-05-13 14:00:59,929 [INFO] Matchbook: processed 140/350 events, 3591 markets so far
2026-05-13 14:00:59,965 [INFO] Matchbook: processed 160/350 events, 4216 markets so far
2026-05-13 14:00:59,969 [INFO] Matchbook: processed 180/350 events, 4330 markets so far
2026-05-13 14:00:59,971 [INFO] Matchbook: processed 200/350 events, 4350 markets so far
2026-05-13 14:00:59,981 [INFO] Matchbook: processed 220/350 events, 4374 markets so far
2026-05-13 14:01:00,002 [INFO] Matchbook: processed 240/350 events, 4720 markets so far
2026-05-13 14:01:00,047 [INFO] Matchbook: processed 260/350 events, 5435 markets so far
2026-05-13 14:01:00,076 [INFO] Matchbook: processed 280/350 events, 6105 markets so far
2026-05-13 14:01:00,111 [INFO] Matchbook: processed 300/350 events, 6798 markets so far
2026-05-13 14:01:00,146 [INFO] Matchbook: processed 320/350 events, 7532 markets so far
2026-05-13 14:01:00,154 [INFO] Matchbook: processed 340/350 events, 7655 markets so far
2026-05-13 14:01:00,156 [INFO] Matchbook: processed 350/350 events, 7665 markets so far
2026-05-13 14:01:00,156 [INFO] Matchbook: 7666 total markets, 648 above 25 GBP volume
2026-05-13 14:01:00,278 [INFO] matchbook: 7666 total, 648 above 25 GBP threshold
2026-05-13 14:01:00,593 [INFO] Snapshot written: /home/jwfalc/smarkets-bot/data/snapshots/matchbook/2026-05-13_13-00.json
2026-05-13 14:01:00,744 [INFO] Market log updated (matchbook)
2026-05-13 14:01:40,457 [INFO] Scanner complete for matchbook. Snapshot: 2026-05-13_13-00.json
2026-05-13 14:01:41,787 [RESEARCHER] matchbook: 414 tradeable markets from 2026-05-13_13-00.json
2026-05-13 14:01:41,797 [RESEARCHER] Market selection: 0 politics/current-affairs + 15 matchbook-sports + 0 betfair-sports = 15 total
2026-05-13 14:01:41,798 [RESEARCHER] [1/15] Winner
2026-05-13 14:01:48,322 [RESEARCHER] [2/15] Winner
2026-05-13 14:01:52,410 [RESEARCHER] [3/15] Winner
2026-05-13 14:01:56,474 [RESEARCHER] [4/15] To Be Relegated
2026-05-13 14:01:59,880 [RESEARCHER] [5/15] Winner
2026-05-13 14:02:03,824 [RESEARCHER] [6/15] Match Odds
2026-05-13 14:02:07,630 [RESEARCHER] [7/15] Winner
2026-05-13 14:02:11,410 [RESEARCHER] [8/15] Correct Score
2026-05-13 14:02:15,443 [RESEARCHER] [9/15] Match Odds
2026-05-13 14:02:19,515 [RESEARCHER] [10/15] Match Odds
2026-05-13 14:02:23,837 [RESEARCHER] [11/15] Top 4 Finish
2026-05-13 14:02:28,141 [RESEARCHER] [12/15] Winner
2026-05-13 14:02:31,555 [RESEARCHER] [13/15] Top 6 Finish
2026-05-13 14:02:36,022 [RESEARCHER] [14/15] Correct Score
2026-05-13 14:02:40,596 [RESEARCHER] [15/15] Match Odds
2026-05-13 14:02:44,783 [RESEARCHER] Research brief written: 2026-05-13_13-02_brief.json
2026-05-13 14:02:44,784 [RESEARCHER] Markets: 15 | Errors: 0 | Credits used: 30
BRIEF_PATH:/home/jwfalc/smarkets-bot/data/research/2026-05-13_13-02_brief.json
2026-05-13 14:02:45,353 [ANALYZER] Loading research brief: 2026-05-13_13-02_brief.json
2026-05-13 14:02:45,508 [ANALYZER] Analyzed 15 markets
2026-05-13 14:02:45,509 [ANALYZER] Found 9 signals (10pp+)
2026-05-13 14:02:45,509 [ANALYZER] Logged 14 distribution entries (7pp+)
2026-05-13 14:02:45,531 [ANALYZER] Research output written: 2026-05-13_13-02_research.json
2026-05-13 14:02:45,533 [ANALYZER] Appended 66 edge traces to edge_traces.json
RESEARCH_PATH:/home/jwfalc/smarkets-bot/data/research/2026-05-13_13-02_research.json
2026-05-13 14:02:46,593 [RESOLVE] Found 26 open trade(s) to check (paper_mode=True)
2026-05-13 14:02:46,594 [RESOLVE] Settled markets found: 0
2026-05-13 14:02:46,594 [RESOLVE] No open-trade markets have settled yet.
2026-05-13 14:02:47,784 [INFO] ============================================================
2026-05-13 14:02:47,785 [INFO] DIGEST RUN STARTED
2026-05-13 14:02:47,785 [INFO] ============================================================
2026-05-13 14:02:54,862 [INFO] Dashboard data written: /home/jwfalc/smarkets-bot/dashboard/dashboard_data.json
2026-05-13 14:02:54,938 [INFO] Period logs updated: 2026-05-13, 2026-W20, 2026-05, 2026-Q2
2026-05-13 14:02:54,939 [INFO] Run log: [2026-05-13 13:02 UTC] status=signal | platforms=betfair,matchbook | markets=798 | signals=9 | alerts=0 | movements=10 | consec_losses=1
2026-05-13 14:02:54,939 [INFO] Digest complete
Balance: £207.32 | Reserved: £189.31 | Available: £18.01
Skipping (conflicting back in same market): Winner
Skipping (conflicting back in same market): Winner
Logged paper trade: Match Odds - BACK @ 50.0% (edge: 15.94pp) [matchbook] | available now £13.01
Skipping (conflicting back in same market): Match Odds
Skipping (already open): Top 6 Finish LAY
Skipping (already open): Top 6 Finish LAY
Skipping (already open): Match Odds BACK
Skipping (already open): Match Odds BACK

1 new paper trade(s) logged
Distribution log updated: 0 new entries added
Total entries: 525
  7-9pp: 135 total, 18 resolved
  10-11pp: 63 total, 37 resolved
  12pp+: 327 total, 169 resolved

REVIEW DUE: 7-9pp band has 18 resolved entries (threshold: 12)
  Run: python distribution_logger.py report
  Then run: prompts/prompt_review_v1.md

REVIEW DUE: 7-9pp band has 18 resolved entries (threshold: 12)
  Run: python distribution_logger.py report
  Then run: prompts/prompt_review_v1.md
EXIT_CODE:0
Sent
2026-05-13 14:02:59,997 [STATIC-DASH] Building dashboard data…
2026-05-13 14:03:01,570 [STATIC-DASH] Data collected: 104 trades, 57 signals, 798 markets
2026-05-13 14:03:01,875 [STATIC-DASH] Written: /home/jwfalc/smarkets-dashboard/index.html (3083KB)
2026-05-13 14:03:02 [DEPLOY] Starting dashboard deploy...
WARNING: could not find injection point in HTML
HTML written OK
2026-05-13 14:03:02 [DEPLOY] Static HTML built
[main 18c781e] Deploy: 2026-05-13 14:03 UTC
 1 file changed, 1 insertion(+), 1 deletion(-)
To https://github.com/jwfalc-coder/smarkets-dashboard.git
   67a9743..18c781e  main -> main
2026-05-13 14:03:02 [DEPLOY] Deploy complete: Deploy: 2026-05-13 14:03 UTC
