Sent
2026-05-09 10:00:02,393 [INFO] ============================================================
2026-05-09 10:00:02,393 [INFO] SCANNER RUN STARTED - BETFAIR
2026-05-09 10:00:02,394 [INFO] ============================================================
2026-05-09 10:00:02,790 [INFO] Cached Betfair session too old, re-logging in
2026-05-09 10:00:02,791 [INFO] Betfair login attempt 1/3
2026-05-09 10:00:02,943 [INFO] Betfair login successful
2026-05-09 10:00:03,097 [INFO] Catalogue: 100 markets for sport ID 1
2026-05-09 10:00:03,218 [INFO] Catalogue: 100 markets for sport ID 2
2026-05-09 10:00:03,347 [INFO] Catalogue: 100 markets for sport ID 7
2026-05-09 10:00:03,461 [INFO] Catalogue: 100 markets for sport ID 4
2026-05-09 10:00:03,553 [INFO] Catalogue: 2 markets for sport ID 2378961
2026-05-09 10:00:03,670 [INFO] Catalogue: 70 markets for sport ID 3
2026-05-09 10:00:03,898 [INFO] Catalogue: 100 markets for sport ID 7522
2026-05-09 10:00:04,025 [INFO] Catalogue: 9 markets for sport ID 6423
2026-05-09 10:00:04,025 [INFO] Betfair: fetching prices for 581 markets...
2026-05-09 10:00:09,155 [INFO] Betfair: enriching 581 markets with price data...
2026-05-09 10:00:09,164 [INFO] Betfair: enriched 50/581 markets, 17 tradeable so far
2026-05-09 10:00:09,171 [INFO] Betfair: enriched 100/581 markets, 36 tradeable so far
2026-05-09 10:00:09,173 [INFO] Betfair: enriched 150/581 markets, 38 tradeable so far
2026-05-09 10:00:09,177 [INFO] Betfair: enriched 200/581 markets, 39 tradeable so far
2026-05-09 10:00:09,187 [INFO] Betfair: enriched 250/581 markets, 47 tradeable so far
2026-05-09 10:00:09,196 [INFO] Betfair: enriched 300/581 markets, 52 tradeable so far
2026-05-09 10:00:09,199 [INFO] Betfair: enriched 350/581 markets, 64 tradeable so far
2026-05-09 10:00:09,203 [INFO] Betfair: enriched 400/581 markets, 69 tradeable so far
2026-05-09 10:00:09,239 [INFO] Betfair: enriched 450/581 markets, 98 tradeable so far
2026-05-09 10:00:09,287 [INFO] Betfair: enriched 500/581 markets, 113 tradeable so far
2026-05-09 10:00:09,355 [INFO] Betfair: enriched 550/581 markets, 122 tradeable so far
2026-05-09 10:00:09,390 [INFO] Betfair: enriched 581/581 markets, 123 tradeable so far
2026-05-09 10:00:09,393 [INFO] Betfair: 581 total markets, 123 above 100 GBP volume
2026-05-09 10:00:09,424 [INFO] betfair: 581 total, 123 above 100 GBP threshold
2026-05-09 10:00:09,688 [INFO] Snapshot written: /home/jwfalc/smarkets-bot/data/snapshots/betfair/2026-05-09_09-00.json
2026-05-09 10:00:09,817 [INFO] Market log updated (betfair)
2026-05-09 10:00:35,354 [INFO] Scanner complete for betfair. Snapshot: 2026-05-09_09-00.json
2026-05-09 10:00:35,811 [INFO] ============================================================
2026-05-09 10:00:35,811 [INFO] SCANNER RUN STARTED - MATCHBOOK
2026-05-09 10:00:35,812 [INFO] ============================================================
2026-05-09 10:00:36,292 [INFO] Matchbook login attempt 1/3
2026-05-09 10:00:36,466 [INFO] Matchbook login successful
2026-05-09 10:00:36,467 [INFO] Matchbook: fetching events with prices for 8 sports...
2026-05-09 10:00:36,597 [INFO] Matchbook: fetched page offset=0, 20 events (total so far: 20)
2026-05-09 10:00:36,897 [INFO] Matchbook: fetched page offset=20, 20 events (total so far: 40)
2026-05-09 10:00:37,223 [INFO] Matchbook: fetched page offset=40, 20 events (total so far: 60)
2026-05-09 10:00:37,530 [INFO] Matchbook: fetched page offset=60, 20 events (total so far: 80)
2026-05-09 10:00:37,828 [INFO] Matchbook: fetched page offset=80, 20 events (total so far: 100)
2026-05-09 10:00:38,149 [INFO] Matchbook: fetched page offset=100, 20 events (total so far: 120)
2026-05-09 10:00:38,444 [INFO] Matchbook: fetched page offset=120, 20 events (total so far: 140)
2026-05-09 10:00:38,788 [INFO] Matchbook: fetched page offset=140, 20 events (total so far: 160)
2026-05-09 10:00:39,151 [INFO] Matchbook: fetched page offset=160, 20 events (total so far: 180)
2026-05-09 10:00:39,485 [INFO] Matchbook: fetched page offset=180, 20 events (total so far: 200)
2026-05-09 10:00:39,781 [INFO] Matchbook: fetched page offset=200, 20 events (total so far: 220)
2026-05-09 10:00:40,089 [INFO] Matchbook: fetched page offset=220, 20 events (total so far: 240)
2026-05-09 10:00:40,389 [INFO] Matchbook: fetched page offset=240, 20 events (total so far: 260)
2026-05-09 10:00:40,682 [INFO] Matchbook: fetched page offset=260, 20 events (total so far: 280)
2026-05-09 10:00:41,023 [INFO] Matchbook: fetched page offset=280, 20 events (total so far: 300)
2026-05-09 10:00:41,432 [INFO] Matchbook: fetched page offset=300, 20 events (total so far: 320)
2026-05-09 10:00:41,734 [INFO] Matchbook: fetched page offset=320, 20 events (total so far: 340)
2026-05-09 10:00:42,036 [INFO] Matchbook: fetched page offset=340, 20 events (total so far: 360)
2026-05-09 10:00:42,330 [INFO] Matchbook: fetched page offset=360, 20 events (total so far: 380)
2026-05-09 10:00:42,629 [INFO] Matchbook: fetched page offset=380, 20 events (total so far: 400)
2026-05-09 10:00:42,917 [INFO] Matchbook: fetched page offset=400, 20 events (total so far: 420)
2026-05-09 10:00:43,216 [INFO] Matchbook: fetched page offset=420, 20 events (total so far: 440)
2026-05-09 10:00:43,555 [INFO] Matchbook: fetched page offset=440, 20 events (total so far: 460)
2026-05-09 10:00:43,890 [INFO] Matchbook: fetched page offset=460, 20 events (total so far: 480)
2026-05-09 10:00:44,221 [INFO] Matchbook: fetched page offset=480, 20 events (total so far: 500)
2026-05-09 10:00:44,554 [INFO] Matchbook: fetched page offset=500, 20 events (total so far: 520)
2026-05-09 10:00:44,863 [INFO] Matchbook: fetched page offset=520, 20 events (total so far: 540)
2026-05-09 10:00:45,217 [INFO] Matchbook: fetched page offset=540, 20 events (total so far: 560)
2026-05-09 10:00:45,450 [INFO] Matchbook: fetched page offset=560, 11 events (total so far: 571)
2026-05-09 10:00:45,450 [INFO] Matchbook: processing 571 events
2026-05-09 10:00:45,467 [INFO] Matchbook: processed 20/571 events, 235 markets so far
2026-05-09 10:00:45,485 [INFO] Matchbook: processed 40/571 events, 728 markets so far
2026-05-09 10:00:45,507 [INFO] Matchbook: processed 60/571 events, 1336 markets so far
2026-05-09 10:00:45,520 [INFO] Matchbook: processed 80/571 events, 1646 markets so far
2026-05-09 10:00:45,534 [INFO] Matchbook: processed 100/571 events, 1932 markets so far
2026-05-09 10:00:45,555 [INFO] Matchbook: processed 120/571 events, 2511 markets so far
2026-05-09 10:00:45,576 [INFO] Matchbook: processed 140/571 events, 3107 markets so far
2026-05-09 10:00:45,606 [INFO] Matchbook: processed 160/571 events, 3833 markets so far
2026-05-09 10:00:45,634 [INFO] Matchbook: processed 180/571 events, 4544 markets so far
2026-05-09 10:00:45,666 [INFO] Matchbook: processed 200/571 events, 5098 markets so far
2026-05-09 10:00:45,684 [INFO] Matchbook: processed 220/571 events, 5650 markets so far
2026-05-09 10:00:45,704 [INFO] Matchbook: processed 240/571 events, 6324 markets so far
2026-05-09 10:00:45,727 [INFO] Matchbook: processed 260/571 events, 6947 markets so far
2026-05-09 10:00:45,741 [INFO] Matchbook: processed 280/571 events, 7488 markets so far
2026-05-09 10:00:45,767 [INFO] Matchbook: processed 300/571 events, 8188 markets so far
2026-05-09 10:00:45,787 [INFO] Matchbook: processed 320/571 events, 8865 markets so far
2026-05-09 10:00:45,804 [INFO] Matchbook: processed 340/571 events, 9433 markets so far
2026-05-09 10:00:45,836 [INFO] Matchbook: processed 360/571 events, 10073 markets so far
2026-05-09 10:00:45,853 [INFO] Matchbook: processed 380/571 events, 10704 markets so far
2026-05-09 10:00:45,873 [INFO] Matchbook: processed 400/571 events, 11339 markets so far
2026-05-09 10:00:45,888 [INFO] Matchbook: processed 420/571 events, 11847 markets so far
2026-05-09 10:00:45,904 [INFO] Matchbook: processed 440/571 events, 12407 markets so far
2026-05-09 10:00:45,934 [INFO] Matchbook: processed 460/571 events, 13229 markets so far
2026-05-09 10:00:45,959 [INFO] Matchbook: processed 480/571 events, 14025 markets so far
2026-05-09 10:00:45,999 [INFO] Matchbook: processed 500/571 events, 14864 markets so far
2026-05-09 10:00:46,013 [INFO] Matchbook: processed 520/571 events, 15312 markets so far
2026-05-09 10:00:46,037 [INFO] Matchbook: processed 540/571 events, 16068 markets so far
2026-05-09 10:00:46,045 [INFO] Matchbook: processed 560/571 events, 16265 markets so far
2026-05-09 10:00:46,048 [INFO] Matchbook: processed 571/571 events, 16276 markets so far
2026-05-09 10:00:46,049 [INFO] Matchbook: 16277 total markets, 616 above 100 GBP volume
2026-05-09 10:00:46,155 [INFO] matchbook: 16277 total, 616 above 100 GBP threshold
2026-05-09 10:00:46,439 [INFO] Snapshot written: /home/jwfalc/smarkets-bot/data/snapshots/matchbook/2026-05-09_09-00.json
2026-05-09 10:00:46,589 [INFO] Market log updated (matchbook)
2026-05-09 10:01:11,454 [INFO] Scanner complete for matchbook. Snapshot: 2026-05-09_09-00.json
2026-05-09 10:01:12,583 [RESEARCHER] betfair: 123 tradeable markets from 2026-05-09_09-00.json
2026-05-09 10:01:12,636 [RESEARCHER] matchbook: 616 tradeable markets from 2026-05-09_09-00.json
2026-05-09 10:01:12,640 [RESEARCHER] Market selection: 2 politics/current-affairs + 3 matchbook-matchday + 12 other-sports = 17 total
2026-05-09 10:01:12,640 [RESEARCHER] [1/17] 2026 Dublin Central by-election
2026-05-09 10:01:18,205 [RESEARCHER] [2/17] 2026 Galway West By-Election Winner
2026-05-09 10:01:22,571 [RESEARCHER] [3/17] Match Odds
2026-05-09 10:01:26,788 [RESEARCHER] [4/17] Match Odds
2026-05-09 10:01:30,132 [RESEARCHER] [5/17] Match Odds
2026-05-09 10:01:33,319 [RESEARCHER] [6/17] Winner
2026-05-09 10:01:37,047 [RESEARCHER] [7/17] Winner
2026-05-09 10:01:41,405 [RESEARCHER] [8/17] Winner
2026-05-09 10:01:45,098 [RESEARCHER] [9/17] Winner
2026-05-09 10:01:48,649 [RESEARCHER] [10/17] Winner
2026-05-09 10:01:53,037 [RESEARCHER] [11/17] Winner
2026-05-09 10:01:56,463 [RESEARCHER] [12/17] To Be Relegated
2026-05-09 10:01:59,871 [RESEARCHER] [13/17] Winner
2026-05-09 10:02:03,854 [RESEARCHER] [14/17] Match Odds
2026-05-09 10:02:07,436 [RESEARCHER] [15/17] Winner
2026-05-09 10:02:11,216 [RESEARCHER] [16/17] Winner
2026-05-09 10:02:14,997 [RESEARCHER] [17/17] Correct Score
2026-05-09 10:02:18,821 [RESEARCHER] Research brief written: 2026-05-09_09-02_brief.json
2026-05-09 10:02:18,822 [RESEARCHER] Markets: 17 | Errors: 0 | Credits used: 36
BRIEF_PATH:/home/jwfalc/smarkets-bot/data/research/2026-05-09_09-02_brief.json
2026-05-09 10:02:19,226 [ANALYZER] Loading research brief: 2026-05-09_09-02_brief.json
2026-05-09 10:02:19,348 [ANALYZER] Analyzed 17 markets
2026-05-09 10:02:19,348 [ANALYZER] Found 12 signals (10pp+)
2026-05-09 10:02:19,348 [ANALYZER] Logged 18 distribution entries (7pp+)
2026-05-09 10:02:19,367 [ANALYZER] Research output written: 2026-05-09_09-02_research.json
RESEARCH_PATH:/home/jwfalc/smarkets-bot/data/research/2026-05-09_09-02_research.json
2026-05-09 10:02:20,135 [RESOLVE] Found 35 open trade(s) to check (paper_mode=True)
2026-05-09 10:02:20,227 [RESOLVE] Using cached Betfair session token
2026-05-09 10:02:20,228 [RESOLVE] Betfair: checking 8 open-trade markets
2026-05-09 10:02:24,388 [RESOLVE] Snapshot name lookup: found mappings for 8 markets
2026-05-09 10:02:24,489 [RESOLVE] Betfair settled: market=1.254188292 winner=Liberal Democrats (5191378)
2026-05-09 10:02:24,489 [RESOLVE] Betfair settled: market=1.254188294 winner=Labour (1111884)
2026-05-09 10:02:24,498 [RESOLVE] Using cached Matchbook session token
2026-05-09 10:02:24,498 [RESOLVE] Matchbook: checking 5 open-trade markets against settled events
/home/jwfalc/smarkets-bot/scripts/check_resolutions.py:306: DeprecationWarning: datetime.datetime.utcnow() is deprecated and scheduled for removal in a future version. Use timezone-aware objects to represent datetimes in UTC: datetime.datetime.now(datetime.UTC).
  from_date = (datetime.datetime.utcnow() - datetime.timedelta(days=30)).strftime("%Y-%m-%d")
2026-05-09 10:02:24,557 [RESOLVE] GET events failed: 400 {"errors":[{"messages":["Incorrect request param: after."],"codes":[null]}]}
2026-05-09 10:02:26,581 [RESOLVE] GET events failed: 400 {"errors":[{"messages":["Incorrect request param: after."],"codes":[null]}]}
2026-05-09 10:02:28,602 [RESOLVE] GET events failed: 400 {"errors":[{"messages":["Incorrect request param: after."],"codes":[null]}]}
2026-05-09 10:02:28,603 [RESOLVE] Matchbook settled events request failed: GET events failed: 400
2026-05-09 10:02:28,603 [RESOLVE] Web fallback: 1 stale match market(s) to look up
2026-05-09 10:02:39,377 [RESOLVE] Stale market unresolved — manual check needed: 'Atlético de Madrid vs Celta de Vigo' (market=33128052006800081, logged 2026-05-07). Tip: add [football_data] api_key to config.toml for CL coverage.
2026-05-09 10:02:39,378 [RESOLVE] Settled markets found: 2
2026-05-09 10:02:39,435 [RESOLVE]   [betfair] Most seats-Lid Dems v Greens | LOSS | P&L: -0.75 | Selection: Liberal Democrats | Winner: Liberal Democrats
2026-05-09 10:02:39,442 [RESOLVE]   [betfair] Most seats-Lid Dems v Greens | WIN | P&L: +4.90 | Selection: Green Party | Winner: Liberal Democrats
2026-05-09 10:02:39,480 [RESOLVE]   [betfair] Most seats-Labour v Greens | WIN | P&L: +4.90 | Selection: Labour | Winner: Labour
2026-05-09 10:02:39,486 [RESOLVE]   [betfair] Most seats-Labour v Greens | LOSS | P&L: -5.00 | Selection: Green Party | Winner: Labour
2026-05-09 10:02:39,486 [RESOLVE] Batch resolution alert: 4 trades, net=+4.05
2026-05-09 10:02:39,634 [RESOLVE] Telegram notification sent
2026-05-09 10:02:39,647 [RESOLVE] Auto-resolved 4 trade(s). Running P&L: +54.18 | W/L: 35/21 | ROI: 16.17%
2026-05-09 10:02:40,504 [INFO] ============================================================
2026-05-09 10:02:40,511 [INFO] DIGEST RUN STARTED
2026-05-09 10:02:40,512 [INFO] ============================================================
2026-05-09 10:02:44,884 [INFO] Signal filtered (high-odds lay): 2026 Dublin Central by-election @ 6.00 odds, 11.7pp edge
2026-05-09 10:02:44,884 [INFO] Signal filtered (high-odds lay): 2026 Galway West By-Election Winner @ 5.30 odds, 10.9pp edge
2026-05-09 10:02:44,916 [INFO] Dashboard data written: /home/jwfalc/smarkets-bot/dashboard/dashboard_data.json
2026-05-09 10:02:44,963 [INFO] Period logs updated: 2026-05-09, 2026-W19, 2026-05, 2026-Q2
2026-05-09 10:02:44,964 [INFO] Run log: [2026-05-09 09:02 UTC] status=signal | platforms=betfair,matchbook | markets=739 | signals=10 | alerts=0 | movements=10 | consec_losses=0
2026-05-09 10:02:44,964 [INFO] Digest complete
Balance: £104.18 | Reserved: £238.71 | Available: £-134.53
Skipping high-odds lay: 2026 Dublin Central by-election @ 6.00 odds, 11.7pp edge (need 20.0pp+ above 4.0 odds)
Skipping (insufficient balance): 2026 Dublin Central by-election needs £0.05, only £-134.53 available
Skipping (insufficient balance): 2026 Dublin Central by-election needs £0.05, only £-134.53 available
Skipping (insufficient balance): 2026 Dublin Central by-election needs £0.05, only £-134.53 available
Skipping (insufficient balance): 2026 Dublin Central by-election needs £0.05, only £-134.53 available
Skipping (insufficient balance): 2026 Galway West By-Election Winner needs £2.55, only £-134.53 available
Skipping (insufficient balance): 2026 Galway West By-Election Winner needs £10.00, only £-134.53 available
Skipping (insufficient balance): 2026 Galway West By-Election Winner needs £0.05, only £-134.53 available
Skipping high-odds lay: 2026 Galway West By-Election Winner @ 5.30 odds, 10.9pp edge (need 20.0pp+ above 4.0 odds)
Skipping (insufficient balance): Winner needs £5.00, only £-134.53 available
Skipping (insufficient balance): Match Odds needs £5.00, only £-134.53 available
Skipping (insufficient balance): Match Odds needs £5.00, only £-134.53 available
No new paper trades to log
Distribution log updated: 16 new entries added
Total entries: 363
  7-9pp: 70 total, 14 resolved
  10-11pp: 51 total, 29 resolved
  12pp+: 242 total, 127 resolved

REVIEW DUE: 7-9pp band has 14 resolved entries (threshold: 12)
  Run: python distribution_logger.py report
  Then run: prompts/prompt_review_v1.md

REVIEW DUE: 7-9pp band has 14 resolved entries (threshold: 12)
  Run: python distribution_logger.py report
  Then run: prompts/prompt_review_v1.md
EXIT_CODE:0
Sent
2026-05-09 10:02:48 [DEPLOY] Starting dashboard deploy...
HTML written OK
2026-05-09 10:02:48 [DEPLOY] Static HTML built
[main e9ccd16] Deploy: 2026-05-09 10:02 UTC
 1 file changed, 1 insertion(+), 1 deletion(-)
To https://github.com/jwfalc-coder/smarkets-dashboard.git
   6b67142..e9ccd16  main -> main
2026-05-09 10:02:48 [DEPLOY] Deploy complete: Deploy: 2026-05-09 10:02 UTC
