Sent
2026-05-29 06:00:02,383 [INFO] ============================================================
2026-05-29 06:00:02,383 [INFO] SCANNER RUN STARTED - BETFAIR
2026-05-29 06:00:02,383 [INFO] ============================================================
2026-05-29 06:00:02,785 [INFO] Cached Betfair session too old, re-logging in
2026-05-29 06:00:02,785 [INFO] Betfair login attempt 1/3
2026-05-29 06:00:02,961 [INFO] Betfair login successful
2026-05-29 06:00:03,122 [INFO] Catalogue: 100 markets for sport ID 1
2026-05-29 06:00:03,230 [INFO] Catalogue: 100 markets for sport ID 2
2026-05-29 06:00:03,353 [INFO] Catalogue: 100 markets for sport ID 7
2026-05-29 06:00:03,462 [INFO] Catalogue: 100 markets for sport ID 4
2026-05-29 06:00:03,556 [INFO] Catalogue: 2 markets for sport ID 2378961
2026-05-29 06:00:03,671 [INFO] Catalogue: 73 markets for sport ID 3
2026-05-29 06:00:03,890 [INFO] Catalogue: 100 markets for sport ID 7522
2026-05-29 06:00:03,994 [INFO] Catalogue: 6 markets for sport ID 6423
2026-05-29 06:00:03,994 [INFO] Betfair: fetching prices for 581 markets...
2026-05-29 06:00:08,871 [INFO] Betfair: enriching 581 markets with price data...
2026-05-29 06:00:08,876 [INFO] Betfair: enriched 50/581 markets, 7 tradeable so far
2026-05-29 06:00:08,881 [INFO] Betfair: enriched 100/581 markets, 7 tradeable so far
2026-05-29 06:00:08,883 [INFO] Betfair: enriched 150/581 markets, 11 tradeable so far
2026-05-29 06:00:08,885 [INFO] Betfair: enriched 200/581 markets, 15 tradeable so far
2026-05-29 06:00:08,891 [INFO] Betfair: enriched 250/581 markets, 22 tradeable so far
2026-05-29 06:00:08,898 [INFO] Betfair: enriched 300/581 markets, 26 tradeable so far
2026-05-29 06:00:08,901 [INFO] Betfair: enriched 350/581 markets, 45 tradeable so far
2026-05-29 06:00:08,904 [INFO] Betfair: enriched 400/581 markets, 59 tradeable so far
2026-05-29 06:00:08,937 [INFO] Betfair: enriched 450/581 markets, 91 tradeable so far
2026-05-29 06:00:08,975 [INFO] Betfair: enriched 500/581 markets, 110 tradeable so far
2026-05-29 06:00:09,024 [INFO] Betfair: enriched 550/581 markets, 117 tradeable so far
2026-05-29 06:00:09,076 [INFO] Betfair: enriched 581/581 markets, 118 tradeable so far
2026-05-29 06:00:09,079 [INFO] Betfair: 581 total markets, 118 above 100 GBP volume
2026-05-29 06:00:09,210 [INFO] Outrights: 22 markets for sport 1
2026-05-29 06:00:09,308 [INFO] Outrights: 16 markets for sport 3
2026-05-29 06:00:09,384 [INFO] Outrights: 1 markets for sport 2378961
2026-05-29 06:00:09,763 [INFO] Outrights: 33 markets above 25 GBP
2026-05-29 06:00:09,769 [INFO] Betfair: added 26 outright markets for cross-ref
2026-05-29 06:00:09,770 [INFO] betfair: 607 total, 144 above 100 GBP threshold
2026-05-29 06:00:10,017 [INFO] Snapshot written: /home/jwfalc/smarkets-bot/data/snapshots/betfair/2026-05-29_05-00.json
2026-05-29 06:00:10,151 [INFO] Market log updated (betfair)
2026-05-29 06:00:36,638 [INFO] Scanner complete for betfair. Snapshot: 2026-05-29_05-00.json
2026-05-29 06:00:36,953 [INFO] ============================================================
2026-05-29 06:00:36,953 [INFO] SCANNER RUN STARTED - MATCHBOOK
2026-05-29 06:00:36,953 [INFO] ============================================================
2026-05-29 06:00:37,293 [INFO] Matchbook login attempt 1/3
2026-05-29 06:00:37,461 [INFO] Matchbook login successful
2026-05-29 06:00:37,462 [INFO] Matchbook: fetching events with prices for 15 sports...
2026-05-29 06:00:37,587 [INFO] Matchbook: fetched page offset=0, 20 events (total so far: 20)
2026-05-29 06:00:37,824 [INFO] Matchbook: fetched page offset=20, 20 events (total so far: 40)
2026-05-29 06:00:38,097 [INFO] Matchbook: fetched page offset=40, 20 events (total so far: 60)
2026-05-29 06:00:38,373 [INFO] Matchbook: fetched page offset=60, 20 events (total so far: 80)
2026-05-29 06:00:38,743 [INFO] Matchbook: fetched page offset=80, 20 events (total so far: 100)
2026-05-29 06:00:39,055 [INFO] Matchbook: fetched page offset=100, 20 events (total so far: 120)
2026-05-29 06:00:39,348 [INFO] Matchbook: fetched page offset=120, 20 events (total so far: 140)
2026-05-29 06:00:39,598 [INFO] Matchbook: fetched page offset=140, 20 events (total so far: 160)
2026-05-29 06:00:39,886 [INFO] Matchbook: fetched page offset=160, 20 events (total so far: 180)
2026-05-29 06:00:40,189 [INFO] Matchbook: fetched page offset=180, 20 events (total so far: 200)
2026-05-29 06:00:40,480 [INFO] Matchbook: fetched page offset=200, 20 events (total so far: 220)
2026-05-29 06:00:40,729 [INFO] Matchbook: fetched page offset=220, 20 events (total so far: 240)
2026-05-29 06:00:40,961 [INFO] Matchbook: fetched page offset=240, 20 events (total so far: 260)
2026-05-29 06:00:41,196 [INFO] Matchbook: fetched page offset=260, 7 events (total so far: 267)
2026-05-29 06:00:41,196 [INFO] Matchbook: processing 267 events
2026-05-29 06:00:41,207 [INFO] Matchbook: processed 20/267 events, 25 markets so far
2026-05-29 06:00:41,209 [INFO] Matchbook: processed 40/267 events, 87 markets so far
2026-05-29 06:00:41,218 [INFO] Matchbook: processed 60/267 events, 363 markets so far
2026-05-29 06:00:41,228 [INFO] Matchbook: processed 80/267 events, 663 markets so far
2026-05-29 06:00:41,243 [INFO] Matchbook: processed 100/267 events, 1049 markets so far
2026-05-29 06:00:41,299 [INFO] Matchbook: processed 120/267 events, 1618 markets so far
2026-05-29 06:00:41,315 [INFO] Matchbook: processed 140/267 events, 2090 markets so far
2026-05-29 06:00:41,324 [INFO] Matchbook: processed 160/267 events, 2492 markets so far
2026-05-29 06:00:41,338 [INFO] Matchbook: processed 180/267 events, 2930 markets so far
2026-05-29 06:00:41,356 [INFO] Matchbook: processed 200/267 events, 3410 markets so far
2026-05-29 06:00:41,374 [INFO] Matchbook: processed 220/267 events, 3955 markets so far
2026-05-29 06:00:41,381 [INFO] Matchbook: processed 240/267 events, 4063 markets so far
2026-05-29 06:00:41,383 [INFO] Matchbook: processed 260/267 events, 4083 markets so far
2026-05-29 06:00:41,385 [INFO] Matchbook: processed 267/267 events, 4090 markets so far
2026-05-29 06:00:41,385 [INFO] Matchbook: 4091 total markets, 257 above 25 GBP volume
2026-05-29 06:00:41,423 [INFO] matchbook: 4091 total, 257 above 25 GBP threshold
2026-05-29 06:00:41,575 [INFO] Snapshot written: /home/jwfalc/smarkets-bot/data/snapshots/matchbook/2026-05-29_05-00.json
2026-05-29 06:00:41,662 [INFO] Market log updated (matchbook)
2026-05-29 06:01:12,017 [INFO] Scanner complete for matchbook. Snapshot: 2026-05-29_05-00.json
2026-05-29 06:01:12,657 [RESEARCHER] Prior index loaded: 86 known runners
2026-05-29 06:01:12,711 [RESEARCHER] betfair: 144 tradeable markets from 2026-05-29_05-00.json
2026-05-29 06:01:12,712 [RESEARCHER] Market selection: 2 politics + 7 outrights + 8 other sports = 17 total (platforms: ['betfair'])
2026-05-29 06:01:12,712 [RESEARCHER] [1/17] Next President of Colombia
2026-05-29 06:01:18,777 [RESEARCHER]   Prior history injected for Paloma Valencia
2026-05-29 06:01:18,777 [RESEARCHER] [2/17] Maltese General Election
2026-05-29 06:01:24,656 [RESEARCHER] [3/17] Winner
2026-05-29 06:01:31,633 [RESEARCHER] [4/17] Winner
2026-05-29 06:01:38,556 [RESEARCHER]   Prior history injected for Arsenal
2026-05-29 06:01:38,557 [RESEARCHER] [5/17] Winner
2026-05-29 06:01:47,042 [RESEARCHER]   Prior history injected for Ludvig Aberg
2026-05-29 06:01:47,043 [RESEARCHER]   Prior history injected for Matt McCarty
2026-05-29 06:01:47,043 [RESEARCHER]   Prior history injected for Tom Kim
2026-05-29 06:01:47,043 [RESEARCHER]   Prior history injected for Alex Smalley
2026-05-29 06:01:47,044 [RESEARCHER] [6/17] Winner
2026-05-29 06:01:56,439 [RESEARCHER] [7/17] Winner
2026-05-29 06:02:04,992 [RESEARCHER]   Prior history injected for Bryson DeChambeau
2026-05-29 06:02:04,993 [RESEARCHER] [8/17] Top 10 Finish
2026-05-29 06:02:06,887 [RESEARCHER]   Prior history injected for Ludvig Aberg
2026-05-29 06:02:06,888 [RESEARCHER]   Prior history injected for Matt McCarty
2026-05-29 06:02:06,888 [RESEARCHER]   Prior history injected for Tom Kim
2026-05-29 06:02:06,888 [RESEARCHER]   Prior history injected for Alex Smalley
2026-05-29 06:02:06,888 [RESEARCHER] [9/17] Winner
2026-05-29 06:02:15,581 [RESEARCHER]   Prior history injected for Scottie Scheffler
2026-05-29 06:02:15,582 [RESEARCHER]   Prior history injected for Rory McIlroy
2026-05-29 06:02:15,582 [RESEARCHER]   Prior history injected for Jon Rahm
2026-05-29 06:02:15,582 [RESEARCHER]   Prior history injected for Xander Schauffele
2026-05-29 06:02:15,582 [RESEARCHER]   Prior history injected for Cameron Young
2026-05-29 06:02:15,583 [RESEARCHER] [10/17] Match Odds
2026-05-29 06:02:22,920 [RESEARCHER]   Prior history injected for The Draw
2026-05-29 06:02:22,921 [RESEARCHER] [11/17] Match Odds
2026-05-29 06:02:30,902 [RESEARCHER] [12/17] Will an English team win the 25/26 UCL?
2026-05-29 06:02:38,427 [RESEARCHER]   Prior history injected for No
2026-05-29 06:02:38,428 [RESEARCHER]   Prior history injected for Yes
2026-05-29 06:02:38,428 [RESEARCHER] [13/17] Match Odds
2026-05-29 06:02:46,250 [RESEARCHER] [14/17] Match Odds
2026-05-29 06:02:54,221 [RESEARCHER] [15/17] Match Odds
2026-05-29 06:03:02,066 [RESEARCHER] [16/17] Winner 2026/27
2026-05-29 06:03:09,153 [RESEARCHER]   Prior history injected for Arsenal
2026-05-29 06:03:09,154 [RESEARCHER]   Prior history injected for Man City
2026-05-29 06:03:09,154 [RESEARCHER]   Prior history injected for Liverpool
2026-05-29 06:03:09,155 [RESEARCHER]   Prior history injected for Chelsea
2026-05-29 06:03:09,155 [RESEARCHER]   Prior history injected for Aston Villa
2026-05-29 06:03:09,155 [RESEARCHER] [17/17] Daniel Hillier v Nathan Kimsey
2026-05-29 06:03:18,513 [RESEARCHER] Research brief written: 2026-05-29_05-03_brief.json
2026-05-29 06:03:18,514 [RESEARCHER] Markets: 17 | Errors: 0 | Credits used: 72
BRIEF_PATH:/home/jwfalc/smarkets-bot/data/research/2026-05-29_05-03_brief.json
2026-05-29 06:03:18,824 [ANALYZER] Loading research brief: 2026-05-29_05-03_brief.json
2026-05-29 06:03:19,039 [ANALYZER] Betfair cross-ref index: 4888 runners
2026-05-29 06:03:19,047 [ANALYZER] Analyzed 17 markets
2026-05-29 06:03:19,047 [ANALYZER] Found 10 signals (10pp+)
2026-05-29 06:03:19,047 [ANALYZER] Logged 18 distribution entries (7pp+)
2026-05-29 06:03:19,063 [ANALYZER] Research output written: 2026-05-29_05-03_research.json
2026-05-29 06:03:19,065 [ANALYZER] Appended 73 edge traces to edge_traces.json
RESEARCH_PATH:/home/jwfalc/smarkets-bot/data/research/2026-05-29_05-03_research.json
2026-05-29 06:03:19,627 [RESOLVE] Found 27 open trade(s) to check (paper_mode=True)
2026-05-29 06:03:19,695 [RESOLVE] Using cached Betfair session token
2026-05-29 06:03:19,695 [RESOLVE] Betfair: checking 15 open-trade markets
2026-05-29 06:03:28,166 [RESOLVE] Snapshot name lookup: found mappings for 14 markets
2026-05-29 06:03:28,368 [RESOLVE] Settled markets found: 0
2026-05-29 06:03:28,369 [RESOLVE] Standings: unknown competition for 'Men's French Open 2026 - Winner' — skip
2026-05-29 06:03:28,369 [RESOLVE] No open-trade markets have settled yet.
2026-05-29 06:03:28,985 [INFO] ============================================================
2026-05-29 06:03:28,986 [INFO] DIGEST RUN STARTED
2026-05-29 06:03:28,986 [INFO] ============================================================
2026-05-29 06:03:33,804 [INFO] Sending signal alert: Daniel Hillier v Nathan Kimsey edge=28.77pp
2026-05-29 06:03:33,918 [INFO] Telegram notification sent
2026-05-29 06:03:33,919 [INFO] Sending signal alert: Top 10 Finish edge=25.37pp
2026-05-29 06:03:34,016 [INFO] Telegram notification sent
2026-05-29 06:03:34,017 [INFO] Sending signal alert: Top 10 Finish edge=17.66pp
2026-05-29 06:03:34,118 [INFO] Telegram notification sent
2026-05-29 06:03:34,119 [INFO] Sending signal alert: Top 10 Finish edge=15.13pp
2026-05-29 06:03:34,229 [INFO] Telegram notification sent
2026-05-29 06:03:34,230 [INFO] Sent 4 Telegram signal alerts
2026-05-29 06:03:34,271 [INFO] Dashboard data written: /home/jwfalc/smarkets-bot/dashboard/dashboard_data.json
2026-05-29 06:03:34,345 [INFO] Period logs updated: 2026-05-29, 2026-W22, 2026-05, 2026-Q2
2026-05-29 06:03:34,346 [INFO] Run log: [2026-05-29 05:03 UTC] status=signal | platforms=betfair,matchbook | markets=401 | signals=10 | alerts=4 | movements=10 | consec_losses=0
2026-05-29 06:03:34,346 [INFO] Digest complete
Balance: £376.59 | Reserved: £130.50 | Available: £246.09
Reduced stake: Winner edge 11.0pp < 15.0pp → £1.05 (21%)
Skipping (already open): Winner BACK
Reduced stake: Winner edge 12.2pp < 15.0pp → £2.15 (43%)
Skipping (conflicting back in same market): Winner
Logged paper trade: Top 10 Finish - LAY @ 50.51% (edge: 17.66pp) [betfair] | available now £241.19
Logged paper trade: Top 10 Finish - LAY @ 50.0% (edge: 25.37pp) [betfair] | available now £236.19
Logged paper trade: Top 10 Finish - LAY @ 36.23% (edge: 14.86pp) [betfair] | available now £227.39
Logged paper trade: Top 10 Finish - LAY @ 35.97% (edge: 14.73pp) [betfair] | available now £218.49
Logged paper trade: Top 10 Finish - LAY @ 35.97% (edge: 14.73pp) [betfair] | available now £209.59
Logged paper trade: Top 10 Finish - LAY @ 36.76% (edge: 15.13pp) [betfair] | available now £200.99
Logged paper trade: Daniel Hillier v Nathan Kimsey - LAY @ 50.0% (edge: 28.77pp) [betfair] | available now £195.99

7 new paper trade(s) logged
Distribution log updated: 17 new entries added
Total entries: 726
  near_certainty: 6 total, 5 resolved
  high_prob: 15 total, 7 resolved
  7-9pp: 205 total, 82 resolved
  10-11pp: 78 total, 35 resolved
  12pp+: 422 total, 317 resolved

REVIEW DUE: 7-9pp band has 82 resolved entries (threshold: 12)
  Run: python distribution_logger.py report
  Then run: prompts/prompt_review_v1.md

REVIEW DUE: 7-9pp band has 82 resolved entries (threshold: 12)
  Run: python distribution_logger.py report
  Then run: prompts/prompt_review_v1.md
EXIT_CODE:0
Sent
2026-05-29 06:03:37,272 [STATIC-DASH] Building dashboard data…
2026-05-29 06:03:38,279 [STATIC-DASH] Data collected: 207 trades, 56 signals, 401 markets
2026-05-29 06:03:38,485 [STATIC-DASH] Written: /home/jwfalc/smarkets-dashboard/index.html (2734KB)
2026-05-29 06:03:38 [DEPLOY] Starting dashboard deploy...
WARNING: could not find injection point in HTML
HTML written OK
2026-05-29 06:03:38 [DEPLOY] Static HTML built
[main e27acef] Deploy: 2026-05-29 06:03 UTC
 1 file changed, 1 insertion(+), 1 deletion(-)
To https://github.com/jwfalc-coder/smarkets-dashboard.git
   65c8f26..e27acef  main -> main
2026-05-29 06:03:38 [DEPLOY] Deploy complete: Deploy: 2026-05-29 06:03 UTC
