Sent
2026-05-14 06:00:03,632 [INFO] ============================================================
2026-05-14 06:00:03,633 [INFO] SCANNER RUN STARTED - BETFAIR
2026-05-14 06:00:03,633 [INFO] ============================================================
2026-05-14 06:00:04,363 [INFO] Cached Betfair session too old, re-logging in
2026-05-14 06:00:04,363 [INFO] Betfair login attempt 1/3
2026-05-14 06:00:04,530 [INFO] Betfair login successful
2026-05-14 06:00:04,719 [INFO] Catalogue: 100 markets for sport ID 1
2026-05-14 06:00:04,873 [INFO] Catalogue: 100 markets for sport ID 2
2026-05-14 06:00:05,021 [INFO] Catalogue: 100 markets for sport ID 7
2026-05-14 06:00:05,144 [INFO] Catalogue: 100 markets for sport ID 4
2026-05-14 06:00:05,225 [INFO] Catalogue: 0 markets for sport ID 2378961
2026-05-14 06:00:05,343 [INFO] Catalogue: 85 markets for sport ID 3
2026-05-14 06:00:05,598 [INFO] Catalogue: 100 markets for sport ID 7522
2026-05-14 06:00:05,678 [INFO] Catalogue: 0 markets for sport ID 6423
2026-05-14 06:00:05,679 [INFO] Betfair: fetching prices for 585 markets...
2026-05-14 06:00:11,211 [INFO] Betfair: enriching 585 markets with price data...
2026-05-14 06:00:11,217 [INFO] Betfair: enriched 50/585 markets, 9 tradeable so far
2026-05-14 06:00:11,223 [INFO] Betfair: enriched 100/585 markets, 16 tradeable so far
2026-05-14 06:00:11,225 [INFO] Betfair: enriched 150/585 markets, 17 tradeable so far
2026-05-14 06:00:11,227 [INFO] Betfair: enriched 200/585 markets, 21 tradeable so far
2026-05-14 06:00:11,235 [INFO] Betfair: enriched 250/585 markets, 33 tradeable so far
2026-05-14 06:00:11,248 [INFO] Betfair: enriched 300/585 markets, 40 tradeable so far
2026-05-14 06:00:11,252 [INFO] Betfair: enriched 350/585 markets, 44 tradeable so far
2026-05-14 06:00:11,256 [INFO] Betfair: enriched 400/585 markets, 50 tradeable so far
2026-05-14 06:00:11,299 [INFO] Betfair: enriched 450/585 markets, 90 tradeable so far
2026-05-14 06:00:11,328 [INFO] Betfair: enriched 500/585 markets, 121 tradeable so far
2026-05-14 06:00:11,390 [INFO] Betfair: enriched 550/585 markets, 126 tradeable so far
2026-05-14 06:00:11,433 [INFO] Betfair: enriched 585/585 markets, 128 tradeable so far
2026-05-14 06:00:11,437 [INFO] Betfair: 585 total markets, 128 above 100 GBP volume
2026-05-14 06:00:11,487 [INFO] betfair: 585 total, 128 above 100 GBP threshold
2026-05-14 06:00:11,757 [INFO] Snapshot written: /home/jwfalc/smarkets-bot/data/snapshots/betfair/2026-05-14_05-00.json
2026-05-14 06:00:11,870 [INFO] Market log updated (betfair)
2026-05-14 06:00:51,494 [INFO] Scanner complete for betfair. Snapshot: 2026-05-14_05-00.json
2026-05-14 06:00:52,132 [INFO] ============================================================
2026-05-14 06:00:52,133 [INFO] SCANNER RUN STARTED - MATCHBOOK
2026-05-14 06:00:52,134 [INFO] ============================================================
2026-05-14 06:00:52,766 [INFO] Matchbook login attempt 1/3
2026-05-14 06:00:52,944 [INFO] Matchbook login successful
2026-05-14 06:00:52,946 [INFO] Matchbook: fetching events with prices for 15 sports...
2026-05-14 06:00:53,037 [INFO] Matchbook: fetched page offset=0, 20 events (total so far: 20)
2026-05-14 06:00:53,334 [INFO] Matchbook: fetched page offset=20, 20 events (total so far: 40)
2026-05-14 06:00:53,566 [INFO] Matchbook: fetched page offset=40, 20 events (total so far: 60)
2026-05-14 06:00:53,830 [INFO] Matchbook: fetched page offset=60, 20 events (total so far: 80)
2026-05-14 06:00:54,154 [INFO] Matchbook: fetched page offset=80, 20 events (total so far: 100)
2026-05-14 06:00:54,470 [INFO] Matchbook: fetched page offset=100, 20 events (total so far: 120)
2026-05-14 06:00:54,805 [INFO] Matchbook: fetched page offset=120, 20 events (total so far: 140)
2026-05-14 06:00:55,164 [INFO] Matchbook: fetched page offset=140, 20 events (total so far: 160)
2026-05-14 06:00:55,534 [INFO] Matchbook: fetched page offset=160, 20 events (total so far: 180)
2026-05-14 06:00:55,918 [INFO] Matchbook: fetched page offset=180, 20 events (total so far: 200)
2026-05-14 06:00:56,283 [INFO] Matchbook: fetched page offset=200, 20 events (total so far: 220)
2026-05-14 06:00:56,677 [INFO] Matchbook: fetched page offset=220, 20 events (total so far: 240)
2026-05-14 06:00:57,085 [INFO] Matchbook: fetched page offset=240, 20 events (total so far: 260)
2026-05-14 06:00:57,367 [INFO] Matchbook: fetched page offset=260, 20 events (total so far: 280)
2026-05-14 06:00:57,608 [INFO] Matchbook: fetched page offset=280, 14 events (total so far: 294)
2026-05-14 06:00:57,609 [INFO] Matchbook: processing 294 events
2026-05-14 06:00:57,610 [INFO] Matchbook: processed 20/294 events, 19 markets so far
2026-05-14 06:00:57,627 [INFO] Matchbook: processed 40/294 events, 107 markets so far
2026-05-14 06:00:57,629 [INFO] Matchbook: processed 60/294 events, 127 markets so far
2026-05-14 06:00:57,636 [INFO] Matchbook: processed 80/294 events, 147 markets so far
2026-05-14 06:00:57,646 [INFO] Matchbook: processed 100/294 events, 407 markets so far
2026-05-14 06:00:57,826 [INFO] Matchbook: processed 120/294 events, 901 markets so far
2026-05-14 06:00:57,850 [INFO] Matchbook: processed 140/294 events, 1445 markets so far
2026-05-14 06:00:57,878 [INFO] Matchbook: processed 160/294 events, 2044 markets so far
2026-05-14 06:00:57,912 [INFO] Matchbook: processed 180/294 events, 2726 markets so far
2026-05-14 06:00:57,949 [INFO] Matchbook: processed 200/294 events, 3486 markets so far
2026-05-14 06:00:57,983 [INFO] Matchbook: processed 220/294 events, 4214 markets so far
2026-05-14 06:00:58,017 [INFO] Matchbook: processed 240/294 events, 4843 markets so far
2026-05-14 06:00:58,054 [INFO] Matchbook: processed 260/294 events, 5595 markets so far
2026-05-14 06:00:58,089 [INFO] Matchbook: processed 280/294 events, 5853 markets so far
2026-05-14 06:00:58,091 [INFO] Matchbook: processed 294/294 events, 5867 markets so far
2026-05-14 06:00:58,091 [INFO] Matchbook: 5868 total markets, 243 above 25 GBP volume
2026-05-14 06:00:58,174 [INFO] matchbook: 5868 total, 243 above 25 GBP threshold
2026-05-14 06:00:58,363 [INFO] Snapshot written: /home/jwfalc/smarkets-bot/data/snapshots/matchbook/2026-05-14_05-00.json
2026-05-14 06:00:58,463 [INFO] Market log updated (matchbook)
2026-05-14 06:01:40,587 [INFO] Scanner complete for matchbook. Snapshot: 2026-05-14_05-00.json
2026-05-14 06:01:41,918 [RESEARCHER] matchbook: 164 tradeable markets from 2026-05-14_05-00.json
2026-05-14 06:01:41,919 [RESEARCHER] Market selection: 0 politics/current-affairs + 15 matchbook-sports + 0 betfair-sports = 15 total
2026-05-14 06:01:41,919 [RESEARCHER] [1/15] Winner
2026-05-14 06:01:45,395 [RESEARCHER] [2/15] Winner
2026-05-14 06:01:49,064 [RESEARCHER] [3/15] Winner
2026-05-14 06:01:52,703 [RESEARCHER] [4/15] Winner
2026-05-14 06:01:55,795 [RESEARCHER] [5/15] To Be Relegated
2026-05-14 06:01:59,298 [RESEARCHER] [6/15] Winner
2026-05-14 06:02:02,457 [RESEARCHER] [7/15] Top 5 Finish
2026-05-14 06:02:04,654 [RESEARCHER] [8/15] Top 4 Finish
2026-05-14 06:02:08,602 [RESEARCHER] [9/15] Top 10 Finish
2026-05-14 06:02:10,592 [RESEARCHER] [10/15] Winner
2026-05-14 06:02:13,860 [RESEARCHER] [11/15] Match Odds
2026-05-14 06:02:17,378 [RESEARCHER] [12/15] Top 6 Finish
2026-05-14 06:02:21,214 [RESEARCHER] [13/15] Match Odds
2026-05-14 06:02:24,759 [RESEARCHER] [14/15] Match Odds
2026-05-14 06:02:28,851 [RESEARCHER] [15/15] Match Odds
2026-05-14 06:02:32,614 [RESEARCHER] Research brief written: 2026-05-14_05-02_brief.json
2026-05-14 06:02:32,615 [RESEARCHER] Markets: 15 | Errors: 0 | Credits used: 30
BRIEF_PATH:/home/jwfalc/smarkets-bot/data/research/2026-05-14_05-02_brief.json
2026-05-14 06:02:33,132 [ANALYZER] Loading research brief: 2026-05-14_05-02_brief.json
2026-05-14 06:02:33,228 [ANALYZER] Analyzed 15 markets
2026-05-14 06:02:33,229 [ANALYZER] Found 9 signals (10pp+)
2026-05-14 06:02:33,229 [ANALYZER] Logged 20 distribution entries (7pp+)
2026-05-14 06:02:33,251 [ANALYZER] Research output written: 2026-05-14_05-02_research.json
2026-05-14 06:02:33,254 [ANALYZER] Appended 66 edge traces to edge_traces.json
RESEARCH_PATH:/home/jwfalc/smarkets-bot/data/research/2026-05-14_05-02_research.json
2026-05-14 06:02:34,366 [RESOLVE] Found 29 open trade(s) to check (paper_mode=True)
2026-05-14 06:02:34,372 [RESOLVE] Web fallback: 1 stale match market(s) to look up
2026-05-14 06:02:35,989 [RESOLVE] Web fallback resolved: market=33188313856700081 event='Villarreal vs Sevilla' winner=Sevilla FC
2026-05-14 06:02:35,990 [RESOLVE] Settled markets found: 1
2026-05-14 06:02:36,054 [RESOLVE]   [matchbook] Match Odds | LOSS | P&L: -5.00 | Selection: Villarreal | Winner: Sevilla FC
2026-05-14 06:02:36,054 [RESOLVE] Resolution alert: Match Odds pnl=-5.00
2026-05-14 06:02:36,178 [RESOLVE] Telegram notification sent
2026-05-14 06:02:36,200 [RESOLVE] Auto-resolved 1 trade(s). Running P&L: +102.32 | W/L: 50/28 | ROI: 22.99%
2026-05-14 06:02:37,337 [INFO] ============================================================
2026-05-14 06:02:37,338 [INFO] DIGEST RUN STARTED
2026-05-14 06:02:37,338 [INFO] ============================================================
2026-05-14 06:02:44,616 [INFO] Dashboard data written: /home/jwfalc/smarkets-bot/dashboard/dashboard_data.json
2026-05-14 06:02:44,686 [INFO] Period logs updated: 2026-05-14, 2026-W20, 2026-05, 2026-Q2
2026-05-14 06:02:44,687 [INFO] Run log: [2026-05-14 05:02 UTC] status=signal | platforms=betfair,matchbook | markets=371 | signals=9 | alerts=0 | movements=10 | consec_losses=2
2026-05-14 06:02:44,688 [INFO] Digest complete
Balance: £202.32 | Reserved: £199.66 | Available: £2.66
Skipping (already open): Top 5 Finish LAY
Skipping (already open): Top 10 Finish LAY
Skipping (insufficient balance): Top 10 Finish needs £8.60, only £2.66 available
Skipping (insufficient balance): Top 10 Finish needs £9.30, only £2.66 available
Skipping (insufficient balance): Top 10 Finish needs £11.00, only £2.66 available
Skipping (insufficient balance): Top 10 Finish needs £11.25, only £2.66 available
Skipping (insufficient balance): Top 10 Finish needs £15.00, only £2.66 available
Skipping (already open): Top 6 Finish LAY
Skipping (already open): Top 6 Finish LAY
No new paper trades to log
Distribution log updated: 18 new entries added
Total entries: 554
  7-9pp: 146 total, 23 resolved
  10-11pp: 63 total, 37 resolved
  12pp+: 345 total, 169 resolved

REVIEW DUE: 7-9pp band has 23 resolved entries (threshold: 12)
  Run: python distribution_logger.py report
  Then run: prompts/prompt_review_v1.md

REVIEW DUE: 7-9pp band has 23 resolved entries (threshold: 12)
  Run: python distribution_logger.py report
  Then run: prompts/prompt_review_v1.md
EXIT_CODE:0
Sent
2026-05-14 06:02:49,725 [STATIC-DASH] Building dashboard data…
2026-05-14 06:02:51,123 [STATIC-DASH] Data collected: 106 trades, 59 signals, 371 markets
2026-05-14 06:02:51,345 [STATIC-DASH] Written: /home/jwfalc/smarkets-dashboard/index.html (2181KB)
2026-05-14 06:02:51 [DEPLOY] Starting dashboard deploy...
WARNING: could not find injection point in HTML
HTML written OK
2026-05-14 06:02:51 [DEPLOY] Static HTML built
[main cc3a66f] Deploy: 2026-05-14 06:02 UTC
 1 file changed, 1 insertion(+), 1 deletion(-)
To https://github.com/jwfalc-coder/smarkets-dashboard.git
   727b670..cc3a66f  main -> main
2026-05-14 06:02:51 [DEPLOY] Deploy complete: Deploy: 2026-05-14 06:02 UTC
