Sent
2026-06-12 18:00:02,238 [INFO] ============================================================
2026-06-12 18:00:02,238 [INFO] SCANNER RUN STARTED - BETFAIR
2026-06-12 18:00:02,238 [INFO] ============================================================
2026-06-12 18:00:02,638 [INFO] Using cached Betfair session token
2026-06-12 18:00:02,795 [INFO] Catalogue: 100 markets for sport ID 1
2026-06-12 18:00:02,911 [INFO] Catalogue: 100 markets for sport ID 2
2026-06-12 18:00:03,024 [INFO] Catalogue: 100 markets for sport ID 7
2026-06-12 18:00:03,153 [INFO] Catalogue: 100 markets for sport ID 4
2026-06-12 18:00:03,249 [INFO] Catalogue: 0 markets for sport ID 2378961
2026-06-12 18:00:03,342 [INFO] Catalogue: 2 markets for sport ID 3
2026-06-12 18:00:03,579 [INFO] Catalogue: 100 markets for sport ID 7522
2026-06-12 18:00:03,688 [INFO] Catalogue: 9 markets for sport ID 6423
2026-06-12 18:00:03,688 [INFO] Betfair: fetching prices for 511 markets...
2026-06-12 18:00:08,433 [INFO] Betfair: enriching 511 markets with price data...
2026-06-12 18:00:08,440 [INFO] Betfair: enriched 50/511 markets, 3 tradeable so far
2026-06-12 18:00:08,447 [INFO] Betfair: enriched 100/511 markets, 10 tradeable so far
2026-06-12 18:00:08,451 [INFO] Betfair: enriched 150/511 markets, 11 tradeable so far
2026-06-12 18:00:08,455 [INFO] Betfair: enriched 200/511 markets, 13 tradeable so far
2026-06-12 18:00:08,504 [INFO] Betfair: enriched 250/511 markets, 36 tradeable so far
2026-06-12 18:00:08,511 [INFO] Betfair: enriched 300/511 markets, 48 tradeable so far
2026-06-12 18:00:08,514 [INFO] Betfair: enriched 350/511 markets, 61 tradeable so far
2026-06-12 18:00:08,516 [INFO] Betfair: enriched 400/511 markets, 65 tradeable so far
2026-06-12 18:00:08,565 [INFO] Betfair: enriched 450/511 markets, 84 tradeable so far
2026-06-12 18:00:08,612 [INFO] Betfair: enriched 500/511 markets, 91 tradeable so far
2026-06-12 18:00:08,635 [INFO] Betfair: enriched 511/511 markets, 91 tradeable so far
2026-06-12 18:00:08,635 [INFO] Betfair: 511 total markets, 91 above 100 GBP volume
2026-06-12 18:00:08,741 [INFO] Outrights: 20 markets for sport 1
2026-06-12 18:00:08,825 [INFO] Outrights: 11 markets for sport 3
2026-06-12 18:00:08,897 [INFO] Outrights: 1 markets for sport 2378961
2026-06-12 18:00:09,253 [INFO] Outrights: 30 markets above 25 GBP
2026-06-12 18:00:09,257 [INFO] Betfair: added 30 outright markets for cross-ref
2026-06-12 18:00:09,258 [INFO] betfair: 541 total, 121 above 100 GBP threshold
2026-06-12 18:00:09,547 [INFO] Snapshot written: /home/jwfalc/smarkets-bot/data/snapshots/betfair/2026-06-12_17-00.json
2026-06-12 18:00:09,696 [INFO] Market log updated (betfair)
2026-06-12 18:00:34,133 [INFO] Scanner complete for betfair. Snapshot: 2026-06-12_17-00.json
2026-06-12 18:00:34,444 [INFO] ============================================================
2026-06-12 18:00:34,445 [INFO] SCANNER RUN STARTED - MATCHBOOK
2026-06-12 18:00:34,445 [INFO] ============================================================
2026-06-12 18:00:34,792 [INFO] Using cached Matchbook session token
2026-06-12 18:00:34,792 [INFO] Matchbook: fetching events with prices for 15 sports...
2026-06-12 18:00:34,929 [INFO] Matchbook: fetched page offset=0, 20 events (total so far: 20)
2026-06-12 18:00:35,244 [INFO] Matchbook: fetched page offset=20, 20 events (total so far: 40)
2026-06-12 18:00:35,558 [INFO] Matchbook: fetched page offset=40, 20 events (total so far: 60)
2026-06-12 18:00:35,914 [INFO] Matchbook: fetched page offset=60, 20 events (total so far: 80)
2026-06-12 18:00:36,244 [INFO] Matchbook: fetched page offset=80, 20 events (total so far: 100)
2026-06-12 18:00:36,581 [INFO] Matchbook: fetched page offset=100, 20 events (total so far: 120)
2026-06-12 18:00:36,894 [INFO] Matchbook: fetched page offset=120, 20 events (total so far: 140)
2026-06-12 18:00:37,140 [INFO] Matchbook: fetched page offset=140, 5 events (total so far: 145)
2026-06-12 18:00:37,141 [INFO] Matchbook: processing 145 events
2026-06-12 18:00:37,149 [INFO] Matchbook: processed 20/145 events, 189 markets so far
2026-06-12 18:00:37,163 [INFO] Matchbook: processed 40/145 events, 546 markets so far
2026-06-12 18:00:37,180 [INFO] Matchbook: processed 60/145 events, 974 markets so far
2026-06-12 18:00:37,198 [INFO] Matchbook: processed 80/145 events, 1426 markets so far
2026-06-12 18:00:37,217 [INFO] Matchbook: processed 100/145 events, 1878 markets so far
2026-06-12 18:00:37,237 [INFO] Matchbook: processed 120/145 events, 2295 markets so far
2026-06-12 18:00:37,252 [INFO] Matchbook: processed 140/145 events, 2522 markets so far
2026-06-12 18:00:37,255 [INFO] Matchbook: processed 145/145 events, 2527 markets so far
2026-06-12 18:00:37,255 [INFO] Matchbook: 2528 total markets, 529 above 25 GBP volume
2026-06-12 18:00:37,289 [INFO] matchbook: 2528 total, 529 above 25 GBP threshold
2026-06-12 18:00:37,493 [INFO] Snapshot written: /home/jwfalc/smarkets-bot/data/snapshots/matchbook/2026-06-12_17-00.json
2026-06-12 18:00:37,605 [INFO] Market log updated (matchbook)
2026-06-12 18:01:01,906 [INFO] Scanner complete for matchbook. Snapshot: 2026-06-12_17-00.json
2026-06-12 18:01:02,551 [RESEARCHER] Prior index loaded: 21 known runners
2026-06-12 18:01:02,611 [RESEARCHER] betfair: skipped 19 outright markets with no start time (BUG-093)
2026-06-12 18:01:02,611 [RESEARCHER] betfair: 102 tradeable markets from 2026-06-12_17-00.json
2026-06-12 18:01:02,612 [RESEARCHER] Market selection: 1 politics + 1 outrights + 14 other sports = 16 total (platforms: ['betfair'])
2026-06-12 18:01:02,612 [RESEARCHER] [1/16] Makerfield - Restore Britain Vote Percentage
2026-06-12 18:01:08,107 [RESEARCHER] [2/16] Winner
2026-06-12 18:01:15,998 [RESEARCHER] [3/16] NBA Championship Winner
2026-06-12 18:01:22,939 [RESEARCHER]   Prior history injected for New York Knicks
2026-06-12 18:01:22,939 [RESEARCHER] [4/16] Match Odds
2026-06-12 18:01:32,142 [RESEARCHER] [5/16] 1m2f Hcap
2026-06-12 18:01:37,746 [RESEARCHER] [6/16] FIFA Golden Ball
2026-06-12 18:01:45,188 [RESEARCHER] [7/16] 2m7f Nov Hcap Hrd
2026-06-12 18:01:51,848 [RESEARCHER] [8/16] Match Odds
2026-06-12 18:02:00,961 [RESEARCHER] [9/16] Match Odds
2026-06-12 18:02:10,113 [RESEARCHER] [10/16] 2m1f Hcap Hrd
2026-06-12 18:02:15,511 [RESEARCHER] [11/16] Moneyline
2026-06-12 18:02:23,109 [RESEARCHER]   Prior history injected for New York Knicks
2026-06-12 18:02:23,109 [RESEARCHER] [12/16] PFA Player of the Year 2025/26
2026-06-12 18:02:30,176 [RESEARCHER] [13/16] 6f Hcap
2026-06-12 18:02:35,372 [RESEARCHER] [14/16] Moneyline
2026-06-12 18:02:43,219 [RESEARCHER]   Prior history injected for Golden State Valkyries
2026-06-12 18:02:43,220 [RESEARCHER] [15/16] 1m1f Mdn
2026-06-12 18:02:48,165 [RESEARCHER] [16/16] Moneyline
2026-06-12 18:02:55,100 [RESEARCHER] Research brief written: 2026-06-12_17-02_brief.json
2026-06-12 18:02:55,100 [RESEARCHER] Markets: 16 | Errors: 0 | Credits used: 58
BRIEF_PATH:/home/jwfalc/smarkets-bot/data/research/2026-06-12_17-02_brief.json
2026-06-12 18:02:55,420 [ANALYZER] Loading research brief: 2026-06-12_17-02_brief.json
2026-06-12 18:02:55,660 [ANALYZER] Betfair cross-ref index: 3179 runners
2026-06-12 18:02:55,664 [ANALYZER] Market skipped (overbook 133% > 130%): Hermes-Dvs v Vra | Match Odds
2026-06-12 18:02:55,666 [ANALYZER] Analyzed 15 markets
2026-06-12 18:02:55,666 [ANALYZER] Found 4 signals (10pp+)
2026-06-12 18:02:55,666 [ANALYZER] Logged 8 distribution entries (7pp+)
2026-06-12 18:02:55,680 [ANALYZER] Research output written: 2026-06-12_17-02_research.json
2026-06-12 18:02:55,683 [ANALYZER] Appended 70 edge traces to edge_traces.json
RESEARCH_PATH:/home/jwfalc/smarkets-bot/data/research/2026-06-12_17-02_research.json
2026-06-12 18:02:56,250 [RESOLVE] Found 17 open trade(s) to check (paper_mode=True)
2026-06-12 18:02:56,319 [RESOLVE] Cached Betfair session too old, re-logging in
2026-06-12 18:02:56,320 [RESOLVE] Betfair login attempt 1/3
2026-06-12 18:02:56,467 [RESOLVE] Betfair login successful
2026-06-12 18:02:56,467 [RESOLVE] Betfair: checking 12 open-trade markets
2026-06-12 18:03:09,524 [RESOLVE] Snapshot name lookup: found mappings for 12 markets
2026-06-12 18:03:09,834 [RESOLVE] Settled markets found: 0
2026-06-12 18:03:09,834 [RESOLVE] No open-trade markets have settled yet.
2026-06-12 18:03:10,613 [INFO] ============================================================
2026-06-12 18:03:10,614 [INFO] DIGEST RUN STARTED
2026-06-12 18:03:10,614 [INFO] ============================================================
2026-06-12 18:03:14,822 [INFO] Slip dedup: skipping Lamine Yamal (BACK) — already open
2026-06-12 18:03:14,828 [INFO] Slip dedup: skipping Golden State Valkyries (BACK) — already open
2026-06-12 18:03:14,828 [INFO] Slip dedup: skipping New York Knicks (BACK) — already open
2026-06-12 18:03:14,828 [INFO] Slip dedup: skipping England W (BACK) — already open
2026-06-12 18:03:14,828 [INFO] Slip dedup: all signals already open — no slip sent
2026-06-12 18:03:14,828 [INFO] Sent 4 Telegram signal alerts
2026-06-12 18:03:14,849 [INFO] Dashboard data written: /home/jwfalc/smarkets-bot/dashboard/dashboard_data.json
2026-06-12 18:03:14,921 [INFO] Period logs updated: 2026-06-12, 2026-W24, 2026-06, 2026-Q2
2026-06-12 18:03:14,922 [INFO] Run log: [2026-06-12 17:03 UTC] status=signal | platforms=betfair,matchbook | markets=650 | signals=4 | alerts=4 | movements=10 | consec_losses=1
2026-06-12 18:03:14,922 [INFO] Digest complete
Kelly balance: £70.88 | Reserved: £97.39 | Available: £-26.51
Skipping (already open): NBA Championship Winner BACK
Skipping (already open): Match Odds BACK
Skipping (already open): FIFA Golden Ball BACK
No new paper trades to log
Distribution log updated: 4 new entries added
Total entries: 1117
  near_certainty: 11 total, 7 resolved
  high_prob: 34 total, 19 resolved
  7-9pp: 337 total, 109 resolved
  10-11pp: 179 total, 62 resolved
  12pp+: 556 total, 410 resolved

REVIEW DUE: 7-9pp band has 109 resolved entries (threshold: 12)
  Run: python distribution_logger.py report
  Then run: prompts/prompt_review_v1.md

REVIEW DUE: 7-9pp band has 109 resolved entries (threshold: 12)
  Run: python distribution_logger.py report
  Then run: prompts/prompt_review_v1.md
EXIT_CODE:0
Sent
2026-06-12 18:03:18,581 [STATIC-DASH] Building dashboard data…
2026-06-12 18:03:19,847 [STATIC-DASH] Data collected: 41 trades, 46 signals, 650 markets
2026-06-12 18:03:20,097 [STATIC-DASH] Written: /home/jwfalc/smarkets-dashboard/index.html (3186KB)
2026-06-12 18:03:20,104 [STATIC-DASH] Copied PWA asset: manifest.json
2026-06-12 18:03:20,105 [STATIC-DASH] Copied PWA asset: apple-touch-icon.png
2026-06-12 18:03:20,107 [STATIC-DASH] Copied PWA asset: icon-192.png
2026-06-12 18:03:20,108 [STATIC-DASH] Copied PWA asset: icon-512.png
2026-06-12 18:03:20 [DEPLOY] Starting dashboard deploy...
WARNING: could not find injection point in HTML
HTML written OK
2026-06-12 18:03:20 [DEPLOY] Static HTML built
[main 0c22fd6] Deploy: 2026-06-12 18:03 UTC
 1 file changed, 1 insertion(+), 1 deletion(-)
To https://github.com/jwfalc-coder/smarkets-dashboard.git
   a5e4939..0c22fd6  main -> main
2026-06-12 18:03:20 [DEPLOY] Deploy complete: Deploy: 2026-06-12 18:03 UTC
