Sent
2026-06-09 18:00:02,531 [INFO] ============================================================
2026-06-09 18:00:02,531 [INFO] SCANNER RUN STARTED - BETFAIR
2026-06-09 18:00:02,531 [INFO] ============================================================
2026-06-09 18:00:02,931 [INFO] Cached Betfair session too old, re-logging in
2026-06-09 18:00:02,932 [INFO] Betfair login attempt 1/3
2026-06-09 18:00:03,090 [INFO] Betfair login successful
2026-06-09 18:00:03,249 [INFO] Catalogue: 100 markets for sport ID 1
2026-06-09 18:00:03,380 [INFO] Catalogue: 100 markets for sport ID 2
2026-06-09 18:00:03,518 [INFO] Catalogue: 100 markets for sport ID 7
2026-06-09 18:00:03,643 [INFO] Catalogue: 100 markets for sport ID 4
2026-06-09 18:00:03,723 [INFO] Catalogue: 0 markets for sport ID 2378961
2026-06-09 18:00:03,827 [INFO] Catalogue: 6 markets for sport ID 3
2026-06-09 18:00:04,038 [INFO] Catalogue: 74 markets for sport ID 7522
2026-06-09 18:00:04,116 [INFO] Catalogue: 0 markets for sport ID 6423
2026-06-09 18:00:04,116 [INFO] Betfair: fetching prices for 480 markets...
2026-06-09 18:00:08,317 [INFO] Betfair: enriching 480 markets with price data...
2026-06-09 18:00:08,328 [INFO] Betfair: enriched 50/480 markets, 2 tradeable so far
2026-06-09 18:00:08,337 [INFO] Betfair: enriched 100/480 markets, 12 tradeable so far
2026-06-09 18:00:08,340 [INFO] Betfair: enriched 150/480 markets, 14 tradeable so far
2026-06-09 18:00:08,345 [INFO] Betfair: enriched 200/480 markets, 20 tradeable so far
2026-06-09 18:00:08,356 [INFO] Betfair: enriched 250/480 markets, 51 tradeable so far
2026-06-09 18:00:08,368 [INFO] Betfair: enriched 300/480 markets, 76 tradeable so far
2026-06-09 18:00:08,372 [INFO] Betfair: enriched 350/480 markets, 84 tradeable so far
2026-06-09 18:00:08,375 [INFO] Betfair: enriched 400/480 markets, 84 tradeable so far
2026-06-09 18:00:08,486 [INFO] Betfair: enriched 450/480 markets, 113 tradeable so far
2026-06-09 18:00:08,515 [INFO] Betfair: enriched 480/480 markets, 121 tradeable so far
2026-06-09 18:00:08,516 [INFO] Betfair: 480 total markets, 121 above 100 GBP volume
2026-06-09 18:00:08,623 [INFO] Outrights: 22 markets for sport 1
2026-06-09 18:00:08,712 [INFO] Outrights: 10 markets for sport 3
2026-06-09 18:00:08,783 [INFO] Outrights: 1 markets for sport 2378961
2026-06-09 18:00:09,142 [INFO] Outrights: 31 markets above 25 GBP
2026-06-09 18:00:09,147 [INFO] Betfair: added 28 outright markets for cross-ref
2026-06-09 18:00:09,148 [INFO] betfair: 508 total, 149 above 100 GBP threshold
2026-06-09 18:00:09,561 [INFO] Snapshot written: /home/jwfalc/smarkets-bot/data/snapshots/betfair/2026-06-09_17-00.json
2026-06-09 18:00:09,776 [INFO] Market log updated (betfair)
2026-06-09 18:00:33,183 [INFO] Scanner complete for betfair. Snapshot: 2026-06-09_17-00.json
2026-06-09 18:00:33,528 [INFO] ============================================================
2026-06-09 18:00:33,528 [INFO] SCANNER RUN STARTED - MATCHBOOK
2026-06-09 18:00:33,535 [INFO] ============================================================
2026-06-09 18:00:33,882 [INFO] Matchbook login attempt 1/3
2026-06-09 18:00:34,053 [INFO] Matchbook login successful
2026-06-09 18:00:34,054 [INFO] Matchbook: fetching events with prices for 15 sports...
2026-06-09 18:00:34,149 [INFO] Matchbook: fetched page offset=0, 20 events (total so far: 20)
2026-06-09 18:00:34,433 [INFO] Matchbook: fetched page offset=20, 20 events (total so far: 40)
2026-06-09 18:00:34,707 [INFO] Matchbook: fetched page offset=40, 20 events (total so far: 60)
2026-06-09 18:00:35,027 [INFO] Matchbook: fetched page offset=60, 20 events (total so far: 80)
2026-06-09 18:00:35,375 [INFO] Matchbook: fetched page offset=80, 20 events (total so far: 100)
2026-06-09 18:00:35,627 [INFO] Matchbook: fetched page offset=100, 20 events (total so far: 120)
2026-06-09 18:00:35,867 [INFO] Matchbook: fetched page offset=120, 20 events (total so far: 140)
2026-06-09 18:00:36,154 [INFO] Matchbook: fetched page offset=140, 20 events (total so far: 160)
2026-06-09 18:00:36,396 [INFO] Matchbook: fetched page offset=160, 20 events (total so far: 180)
2026-06-09 18:00:36,726 [INFO] Matchbook: fetched page offset=180, 20 events (total so far: 200)
2026-06-09 18:00:37,065 [INFO] Matchbook: fetched page offset=200, 20 events (total so far: 220)
2026-06-09 18:00:37,317 [INFO] Matchbook: fetched page offset=220, 20 events (total so far: 240)
2026-06-09 18:00:37,551 [INFO] Matchbook: fetched page offset=240, 5 events (total so far: 245)
2026-06-09 18:00:37,552 [INFO] Matchbook: processing 245 events
2026-06-09 18:00:37,558 [INFO] Matchbook: processed 20/245 events, 220 markets so far
2026-06-09 18:00:37,572 [INFO] Matchbook: processed 40/245 events, 669 markets so far
2026-06-09 18:00:37,584 [INFO] Matchbook: processed 60/245 events, 1079 markets so far
2026-06-09 18:00:37,597 [INFO] Matchbook: processed 80/245 events, 1436 markets so far
2026-06-09 18:00:37,617 [INFO] Matchbook: processed 100/245 events, 1966 markets so far
2026-06-09 18:00:37,622 [INFO] Matchbook: processed 120/245 events, 2162 markets so far
2026-06-09 18:00:37,625 [INFO] Matchbook: processed 140/245 events, 2270 markets so far
2026-06-09 18:00:37,664 [INFO] Matchbook: processed 160/245 events, 2577 markets so far
2026-06-09 18:00:37,671 [INFO] Matchbook: processed 180/245 events, 2599 markets so far
2026-06-09 18:00:37,688 [INFO] Matchbook: processed 200/245 events, 2873 markets so far
2026-06-09 18:00:37,706 [INFO] Matchbook: processed 220/245 events, 3285 markets so far
2026-06-09 18:00:37,711 [INFO] Matchbook: processed 240/245 events, 3331 markets so far
2026-06-09 18:00:37,712 [INFO] Matchbook: processed 245/245 events, 3336 markets so far
2026-06-09 18:00:37,712 [INFO] Matchbook: 3337 total markets, 608 above 25 GBP volume
2026-06-09 18:00:37,747 [INFO] matchbook: 3337 total, 608 above 25 GBP threshold
2026-06-09 18:00:37,968 [INFO] Snapshot written: /home/jwfalc/smarkets-bot/data/snapshots/matchbook/2026-06-09_17-00.json
2026-06-09 18:00:38,088 [INFO] Market log updated (matchbook)
2026-06-09 18:00:59,170 [INFO] Scanner complete for matchbook. Snapshot: 2026-06-09_17-00.json
2026-06-09 18:00:59,936 [RESEARCHER] Prior index loaded: 13 known runners
2026-06-09 18:01:00,029 [RESEARCHER] betfair: 149 tradeable markets from 2026-06-09_17-00.json
2026-06-09 18:01:00,031 [RESEARCHER] Market selection: 1 politics + 7 outrights + 8 other sports = 16 total (platforms: ['betfair'])
2026-06-09 18:01:00,031 [RESEARCHER] [1/16] Makerfield - Restore Britain Vote Percentage
2026-06-09 18:01:05,470 [RESEARCHER] [2/16] Winner
2026-06-09 18:01:12,383 [RESEARCHER]   Prior history injected for Portugal
2026-06-09 18:01:12,384 [RESEARCHER] [3/16] Winner
2026-06-09 18:01:20,595 [RESEARCHER]   Prior history injected for Tommy Fleetwood
2026-06-09 18:01:20,596 [RESEARCHER] [4/16] Winner
2026-06-09 18:01:29,048 [RESEARCHER]   Prior history injected for Scottie Scheffler
2026-06-09 18:01:29,048 [RESEARCHER]   Prior history injected for Xander Schauffele
2026-06-09 18:01:29,048 [RESEARCHER]   Prior history injected for Tommy Fleetwood
2026-06-09 18:01:29,049 [RESEARCHER] [5/16] Winner
2026-06-09 18:01:33,774 [RESEARCHER]   Prior history injected for Scottie Scheffler
2026-06-09 18:01:33,774 [RESEARCHER]   Prior history injected for Tommy Fleetwood
2026-06-09 18:01:33,774 [RESEARCHER]   Prior history injected for Xander Schauffele
2026-06-09 18:01:33,775 [RESEARCHER] [6/16] Top 5 Finish
2026-06-09 18:01:35,596 [RESEARCHER]   Prior history injected for Tommy Fleetwood
2026-06-09 18:01:35,596 [RESEARCHER] [7/16] Top 10 Finish
2026-06-09 18:01:37,411 [RESEARCHER]   Prior history injected for Tommy Fleetwood
2026-06-09 18:01:37,412 [RESEARCHER] [8/16] Winner
2026-06-09 18:01:41,816 [RESEARCHER]   Prior history injected for Scottie Scheffler
2026-06-09 18:01:41,817 [RESEARCHER]   Prior history injected for Xander Schauffele
2026-06-09 18:01:41,817 [RESEARCHER] [9/16] NBA Championship Winner
2026-06-09 18:01:49,139 [RESEARCHER]   Prior history injected for New York Knicks
2026-06-09 18:01:49,139 [RESEARCHER] [10/16] 6f Hcap
2026-06-09 18:01:54,041 [RESEARCHER] [11/16] Winner 2026/27
2026-06-09 18:02:01,596 [RESEARCHER] [12/16] Match Odds
2026-06-09 18:02:08,016 [RESEARCHER] [13/16] Name the Finalists
2026-06-09 18:02:15,498 [RESEARCHER] [14/16] 7f Stks
2026-06-09 18:02:20,741 [RESEARCHER] [15/16] Match Odds
2026-06-09 18:02:27,598 [RESEARCHER] [16/16] Match Odds
2026-06-09 18:02:35,486 [RESEARCHER] Research brief written: 2026-06-09_17-02_brief.json
2026-06-09 18:02:35,486 [RESEARCHER] Markets: 16 | Errors: 0 | Credits used: 67
BRIEF_PATH:/home/jwfalc/smarkets-bot/data/research/2026-06-09_17-02_brief.json
2026-06-09 18:02:35,810 [ANALYZER] Loading research brief: 2026-06-09_17-02_brief.json
2026-06-09 18:02:36,122 [ANALYZER] Betfair cross-ref index: 4410 runners
2026-06-09 18:02:36,128 [ANALYZER] Analyzed 16 markets
2026-06-09 18:02:36,128 [ANALYZER] Found 3 signals (10pp+)
2026-06-09 18:02:36,128 [ANALYZER] Logged 9 distribution entries (7pp+)
2026-06-09 18:02:36,143 [ANALYZER] Research output written: 2026-06-09_17-02_research.json
2026-06-09 18:02:36,145 [ANALYZER] Appended 84 edge traces to edge_traces.json
RESEARCH_PATH:/home/jwfalc/smarkets-bot/data/research/2026-06-09_17-02_research.json
2026-06-09 18:02:36,711 [RESOLVE] Found 7 open trade(s) to check (paper_mode=True)
2026-06-09 18:02:36,780 [RESOLVE] Using cached Betfair session token
2026-06-09 18:02:36,780 [RESOLVE] Betfair: checking 6 open-trade markets
2026-06-09 18:02:47,870 [RESOLVE] Snapshot name lookup: found mappings for 6 markets
2026-06-09 18:02:47,976 [RESOLVE] Settled markets found: 0
2026-06-09 18:02:47,977 [RESOLVE] No open-trade markets have settled yet.
2026-06-09 18:02:48,601 [INFO] ============================================================
2026-06-09 18:02:48,601 [INFO] DIGEST RUN STARTED
2026-06-09 18:02:48,601 [INFO] ============================================================
2026-06-09 18:02:52,158 [INFO] Slip dedup: skipping Spain (BACK) — already open
2026-06-09 18:02:52,158 [INFO] Slip dedup: skipping Scottie Scheffler (BACK) — already open
2026-06-09 18:02:52,164 [INFO] Sending batch slip: 1 signals
2026-06-09 18:02:52,435 [INFO] Telegram notification sent
2026-06-09 18:02:52,436 [INFO] Sent 3 Telegram signal alerts
2026-06-09 18:02:52,455 [INFO] Dashboard data written: /home/jwfalc/smarkets-bot/dashboard/dashboard_data.json
2026-06-09 18:02:52,517 [INFO] Period logs updated: 2026-06-09, 2026-W24, 2026-06, 2026-Q2
2026-06-09 18:02:52,517 [INFO] Run log: [2026-06-09 17:02 UTC] status=signal | platforms=betfair,matchbook | markets=757 | signals=3 | alerts=3 | movements=10 | consec_losses=0
2026-06-09 18:02:52,518 [INFO] Digest complete
Kelly balance: £90.40 | Reserved: £35.58 | Available: £54.82
Skipping (already open): Winner BACK
Skipping (already open): Winner BACK
Logged paper trade: Match Odds - BACK @ 35.46% (edge: 14.26pp) [betfair] | available now £52.12

1 new paper trade(s) logged
Distribution log updated: 1 new entries added
Total entries: 1028
  near_certainty: 9 total, 7 resolved
  high_prob: 28 total, 16 resolved
  7-9pp: 306 total, 109 resolved
  10-11pp: 157 total, 61 resolved
  12pp+: 528 total, 405 resolved

REVIEW DUE: 7-9pp band has 109 resolved entries (threshold: 12)
  Run: python distribution_logger.py report
  Then run: prompts/prompt_review_v1.md

REVIEW DUE: 7-9pp band has 109 resolved entries (threshold: 12)
  Run: python distribution_logger.py report
  Then run: prompts/prompt_review_v1.md
EXIT_CODE:0
Sent
2026-06-09 18:02:55,847 [STATIC-DASH] Building dashboard data…
2026-06-09 18:02:57,072 [STATIC-DASH] Data collected: 22 trades, 41 signals, 757 markets
2026-06-09 18:02:57,356 [STATIC-DASH] Written: /home/jwfalc/smarkets-dashboard/index.html (3630KB)
2026-06-09 18:02:57 [DEPLOY] Starting dashboard deploy...
WARNING: could not find injection point in HTML
HTML written OK
2026-06-09 18:02:57 [DEPLOY] Static HTML built
[main 5c8b1bc] Deploy: 2026-06-09 18:02 UTC
 1 file changed, 1 insertion(+), 1 deletion(-)
To https://github.com/jwfalc-coder/smarkets-dashboard.git
   d5b2f3e..5c8b1bc  main -> main
2026-06-09 18:02:57 [DEPLOY] Deploy complete: Deploy: 2026-06-09 18:02 UTC
[main 7a79a9c] log: routine_2026-06-09_1800
 1 file changed, 171 insertions(+)
 create mode 100644 data/routine_logs/routine_2026-06-09_1800.log
From https://github.com/jwfalc-coder/betting-auditor
 * branch            main       -> FETCH_HEAD
Current branch main is up to date.
To https://github.com/jwfalc-coder/betting-auditor.git
   eaf956d..7a79a9c  main -> main
