Sent
2026-05-18 18:00:02,620 [INFO] ============================================================
2026-05-18 18:00:02,621 [INFO] SCANNER RUN STARTED - BETFAIR
2026-05-18 18:00:02,621 [INFO] ============================================================
2026-05-18 18:00:03,224 [INFO] Cached Betfair session too old, re-logging in
2026-05-18 18:00:03,225 [INFO] Betfair login attempt 1/3
2026-05-18 18:00:03,400 [INFO] Betfair login successful
2026-05-18 18:00:03,585 [INFO] Catalogue: 100 markets for sport ID 1
2026-05-18 18:00:03,725 [INFO] Catalogue: 100 markets for sport ID 2
2026-05-18 18:00:03,865 [INFO] Catalogue: 100 markets for sport ID 7
2026-05-18 18:00:03,982 [INFO] Catalogue: 100 markets for sport ID 4
2026-05-18 18:00:04,066 [INFO] Catalogue: 0 markets for sport ID 2378961
2026-05-18 18:00:04,140 [INFO] Catalogue: 0 markets for sport ID 3
2026-05-18 18:00:04,387 [INFO] Catalogue: 94 markets for sport ID 7522
2026-05-18 18:00:04,469 [INFO] Catalogue: 0 markets for sport ID 6423
2026-05-18 18:00:04,470 [INFO] Betfair: fetching prices for 494 markets...
2026-05-18 18:00:09,439 [INFO] Betfair: enriching 494 markets with price data...
2026-05-18 18:00:09,447 [INFO] Betfair: enriched 50/494 markets, 10 tradeable so far
2026-05-18 18:00:09,455 [INFO] Betfair: enriched 100/494 markets, 28 tradeable so far
2026-05-18 18:00:09,457 [INFO] Betfair: enriched 150/494 markets, 31 tradeable so far
2026-05-18 18:00:09,458 [INFO] Betfair: enriched 200/494 markets, 31 tradeable so far
2026-05-18 18:00:09,471 [INFO] Betfair: enriched 250/494 markets, 59 tradeable so far
2026-05-18 18:00:09,477 [INFO] Betfair: enriched 300/494 markets, 79 tradeable so far
2026-05-18 18:00:09,481 [INFO] Betfair: enriched 350/494 markets, 90 tradeable so far
2026-05-18 18:00:09,485 [INFO] Betfair: enriched 400/494 markets, 93 tradeable so far
2026-05-18 18:00:09,605 [INFO] Betfair: enriched 450/494 markets, 115 tradeable so far
2026-05-18 18:00:09,656 [INFO] Betfair: enriched 494/494 markets, 117 tradeable so far
2026-05-18 18:00:09,657 [INFO] Betfair: 494 total markets, 117 above 100 GBP volume
2026-05-18 18:00:09,818 [INFO] Outrights: 40 markets for sport 1
2026-05-18 18:00:09,936 [INFO] Outrights: 12 markets for sport 3
2026-05-18 18:00:10,018 [INFO] Outrights: 0 markets for sport 2378961
2026-05-18 18:00:10,667 [INFO] Outrights: 43 markets above 25 GBP
2026-05-18 18:00:10,673 [INFO] Betfair: added 43 outright markets for cross-ref
2026-05-18 18:00:10,673 [INFO] betfair: 537 total, 160 above 100 GBP threshold
2026-05-18 18:00:11,013 [INFO] Snapshot written: /home/jwfalc/smarkets-bot/data/snapshots/betfair/2026-05-18_17-00.json
2026-05-18 18:00:11,185 [INFO] Market log updated (betfair)
2026-05-18 18:00:45,928 [INFO] Scanner complete for betfair. Snapshot: 2026-05-18_17-00.json
2026-05-18 18:00:46,441 [INFO] ============================================================
2026-05-18 18:00:46,441 [INFO] SCANNER RUN STARTED - MATCHBOOK
2026-05-18 18:00:46,441 [INFO] ============================================================
2026-05-18 18:00:46,983 [INFO] Matchbook login attempt 1/3
2026-05-18 18:00:47,153 [INFO] Matchbook login successful
2026-05-18 18:00:47,154 [INFO] Matchbook: fetching events with prices for 15 sports...
2026-05-18 18:00:47,272 [INFO] Matchbook: fetched page offset=0, 20 events (total so far: 20)
2026-05-18 18:00:47,606 [INFO] Matchbook: fetched page offset=20, 20 events (total so far: 40)
2026-05-18 18:00:47,959 [INFO] Matchbook: fetched page offset=40, 20 events (total so far: 60)
2026-05-18 18:00:48,304 [INFO] Matchbook: fetched page offset=60, 20 events (total so far: 80)
2026-05-18 18:00:48,538 [INFO] Matchbook: fetched page offset=80, 20 events (total so far: 100)
2026-05-18 18:00:48,774 [INFO] Matchbook: fetched page offset=100, 20 events (total so far: 120)
2026-05-18 18:00:49,029 [INFO] Matchbook: fetched page offset=120, 20 events (total so far: 140)
2026-05-18 18:00:49,290 [INFO] Matchbook: fetched page offset=140, 20 events (total so far: 160)
2026-05-18 18:00:49,534 [INFO] Matchbook: fetched page offset=160, 20 events (total so far: 180)
2026-05-18 18:00:49,873 [INFO] Matchbook: fetched page offset=180, 20 events (total so far: 200)
2026-05-18 18:00:50,123 [INFO] Matchbook: fetched page offset=200, 20 events (total so far: 220)
2026-05-18 18:00:50,457 [INFO] Matchbook: fetched page offset=220, 20 events (total so far: 240)
2026-05-18 18:00:50,762 [INFO] Matchbook: fetched page offset=240, 20 events (total so far: 260)
2026-05-18 18:00:51,053 [INFO] Matchbook: fetched page offset=260, 20 events (total so far: 280)
2026-05-18 18:00:51,356 [INFO] Matchbook: fetched page offset=280, 20 events (total so far: 300)
2026-05-18 18:00:51,601 [INFO] Matchbook: fetched page offset=300, 20 events (total so far: 320)
2026-05-18 18:00:51,839 [INFO] Matchbook: fetched page offset=320, 18 events (total so far: 338)
2026-05-18 18:00:51,839 [INFO] Matchbook: processing 338 events
2026-05-18 18:00:51,848 [INFO] Matchbook: processed 20/338 events, 197 markets so far
2026-05-18 18:00:51,870 [INFO] Matchbook: processed 40/338 events, 619 markets so far
2026-05-18 18:00:51,889 [INFO] Matchbook: processed 60/338 events, 1109 markets so far
2026-05-18 18:00:51,908 [INFO] Matchbook: processed 80/338 events, 1596 markets so far
2026-05-18 18:00:51,908 [INFO] Matchbook: processed 100/338 events, 1616 markets so far
2026-05-18 18:00:51,909 [INFO] Matchbook: processed 120/338 events, 1637 markets so far
2026-05-18 18:00:51,982 [INFO] Matchbook: processed 140/338 events, 1793 markets so far
2026-05-18 18:00:51,989 [INFO] Matchbook: processed 160/338 events, 2014 markets so far
2026-05-18 18:00:51,992 [INFO] Matchbook: processed 180/338 events, 2139 markets so far
2026-05-18 18:00:52,020 [INFO] Matchbook: processed 200/338 events, 2861 markets so far
2026-05-18 18:00:52,021 [INFO] Matchbook: processed 220/338 events, 2938 markets so far
2026-05-18 18:00:52,039 [INFO] Matchbook: processed 240/338 events, 3448 markets so far
2026-05-18 18:00:52,058 [INFO] Matchbook: processed 260/338 events, 4096 markets so far
2026-05-18 18:00:52,074 [INFO] Matchbook: processed 280/338 events, 4530 markets so far
2026-05-18 18:00:52,089 [INFO] Matchbook: processed 300/338 events, 5075 markets so far
2026-05-18 18:00:52,091 [INFO] Matchbook: processed 320/338 events, 5095 markets so far
2026-05-18 18:00:52,092 [INFO] Matchbook: processed 338/338 events, 5113 markets so far
2026-05-18 18:00:52,093 [INFO] Matchbook: 5114 total markets, 528 above 25 GBP volume
2026-05-18 18:00:52,143 [INFO] matchbook: 5114 total, 528 above 25 GBP threshold
2026-05-18 18:00:52,314 [INFO] Snapshot written: /home/jwfalc/smarkets-bot/data/snapshots/matchbook/2026-05-18_17-00.json
2026-05-18 18:00:52,396 [INFO] Market log updated (matchbook)
2026-05-18 18:01:30,037 [INFO] Scanner complete for matchbook. Snapshot: 2026-05-18_17-00.json
2026-05-18 18:01:31,039 [RESEARCHER] matchbook: 326 tradeable markets from 2026-05-18_17-00.json
2026-05-18 18:01:31,041 [RESEARCHER] Market selection: 0 politics/current-affairs + 15 matchbook-sports + 0 betfair-sports = 15 total
2026-05-18 18:01:31,041 [RESEARCHER] [1/15] Winner
2026-05-18 18:01:39,300 [RESEARCHER] [2/15] Winner
2026-05-18 18:01:47,520 [RESEARCHER] [3/15] To Be Relegated
2026-05-18 18:01:55,145 [RESEARCHER] [4/15] Winner
2026-05-18 18:02:02,777 [RESEARCHER] [5/15] Match Odds
2026-05-18 18:02:10,853 [RESEARCHER] [6/15] Correct Score
2026-05-18 18:02:19,202 [RESEARCHER] [7/15] Top 4 Finish
2026-05-18 18:02:29,053 [RESEARCHER] [8/15] Match Odds
2026-05-18 18:02:37,013 [RESEARCHER] [9/15] Winner
2026-05-18 18:02:45,156 [RESEARCHER] [10/15] Top 6 Finish
2026-05-18 18:02:48,142 [RESEARCHER] [11/15] Match Odds
2026-05-18 18:02:55,444 [RESEARCHER] [12/15] Match Odds
2026-05-18 18:03:03,164 [RESEARCHER] [13/15] Match Odds
2026-05-18 18:03:10,485 [RESEARCHER] [14/15] Correct Score
2026-05-18 18:03:12,192 [RESEARCHER] [15/15] Match Odds
2026-05-18 18:03:19,218 [RESEARCHER] Research brief written: 2026-05-18_17-03_brief.json
2026-05-18 18:03:19,218 [RESEARCHER] Markets: 15 | Errors: 0 | Credits used: 60
BRIEF_PATH:/home/jwfalc/smarkets-bot/data/research/2026-05-18_17-03_brief.json
2026-05-18 18:03:19,656 [ANALYZER] Loading research brief: 2026-05-18_17-03_brief.json
2026-05-18 18:03:19,921 [ANALYZER] Betfair cross-ref index: 3462 runners
2026-05-18 18:03:19,931 [ANALYZER] Analyzed 15 markets
2026-05-18 18:03:19,931 [ANALYZER] Found 2 signals (10pp+)
2026-05-18 18:03:19,931 [ANALYZER] Logged 6 distribution entries (7pp+)
2026-05-18 18:03:19,945 [ANALYZER] Research output written: 2026-05-18_17-03_research.json
2026-05-18 18:03:19,948 [ANALYZER] Appended 60 edge traces to edge_traces.json
RESEARCH_PATH:/home/jwfalc/smarkets-bot/data/research/2026-05-18_17-03_research.json
2026-05-18 18:03:20,791 [RESOLVE] Found 13 open trade(s) to check (paper_mode=True)
2026-05-18 18:03:20,792 [RESOLVE] Settled markets found: 0
2026-05-18 18:03:20,793 [RESOLVE] No open-trade markets have settled yet.
2026-05-18 18:03:21,696 [INFO] ============================================================
2026-05-18 18:03:21,697 [INFO] DIGEST RUN STARTED
2026-05-18 18:03:21,697 [INFO] ============================================================
2026-05-18 18:03:28,184 [INFO] Dashboard data written: /home/jwfalc/smarkets-bot/dashboard/dashboard_data.json
2026-05-18 18:03:28,261 [INFO] Period logs updated: 2026-05-18, 2026-W21, 2026-05, 2026-Q2
2026-05-18 18:03:28,263 [INFO] Run log: [2026-05-18 17:03 UTC] status=signal | platforms=betfair,matchbook | markets=688 | signals=2 | alerts=0 | movements=10 | consec_losses=0
2026-05-18 18:03:28,263 [INFO] Digest complete
Balance: £280.65 | Reserved: £57.59 | Available: £223.06
Logged paper trade: Match Odds - BACK @ 89.29% (edge: 5.71pp) [matchbook] | available now £218.06
Reduced stake: Winner edge 10.6pp < 15.0pp → £0.60 (12%)
Logged paper trade: Winner - BACK @ 16.67% (edge: 10.58pp) [matchbook] | available now £217.46

2 new paper trade(s) logged
Distribution log updated: 2 new entries added
Total entries: 551
  near_certainty: 4 total, 3 resolved
  high_prob: 13 total, 5 resolved
  7-9pp: 146 total, 33 resolved
  10-11pp: 42 total, 21 resolved
  12pp+: 346 total, 193 resolved

REVIEW DUE: 7-9pp band has 33 resolved entries (threshold: 12)
  Run: python distribution_logger.py report
  Then run: prompts/prompt_review_v1.md

REVIEW DUE: 7-9pp band has 33 resolved entries (threshold: 12)
  Run: python distribution_logger.py report
  Then run: prompts/prompt_review_v1.md
EXIT_CODE:0
Sent
2026-05-18 18:03:32,678 [STATIC-DASH] Building dashboard data…
2026-05-18 18:03:33,920 [STATIC-DASH] Data collected: 108 trades, 33 signals, 688 markets
2026-05-18 18:03:34,127 [STATIC-DASH] Written: /home/jwfalc/smarkets-dashboard/index.html (2557KB)
2026-05-18 18:03:34 [DEPLOY] Starting dashboard deploy...
WARNING: could not find injection point in HTML
HTML written OK
2026-05-18 18:03:34 [DEPLOY] Static HTML built
[main fcd6cd7] Deploy: 2026-05-18 18:03 UTC
 1 file changed, 1 insertion(+), 1 deletion(-)
To https://github.com/jwfalc-coder/smarkets-dashboard.git
   3b4d3ff..fcd6cd7  main -> main
2026-05-18 18:03:34 [DEPLOY] Deploy complete: Deploy: 2026-05-18 18:03 UTC
