Sent
2026-06-03 10:00:02,738 [INFO] ============================================================
2026-06-03 10:00:02,739 [INFO] SCANNER RUN STARTED - BETFAIR
2026-06-03 10:00:02,739 [INFO] ============================================================
2026-06-03 10:00:03,139 [INFO] Cached Betfair session too old, re-logging in
2026-06-03 10:00:03,139 [INFO] Betfair login attempt 1/3
2026-06-03 10:00:03,286 [INFO] Betfair login successful
2026-06-03 10:00:03,441 [INFO] Catalogue: 100 markets for sport ID 1
2026-06-03 10:00:03,561 [INFO] Catalogue: 100 markets for sport ID 2
2026-06-03 10:00:03,687 [INFO] Catalogue: 100 markets for sport ID 7
2026-06-03 10:00:03,812 [INFO] Catalogue: 100 markets for sport ID 4
2026-06-03 10:00:03,888 [INFO] Catalogue: 0 markets for sport ID 2378961
2026-06-03 10:00:04,012 [INFO] Catalogue: 76 markets for sport ID 3
2026-06-03 10:00:04,213 [INFO] Catalogue: 97 markets for sport ID 7522
2026-06-03 10:00:04,284 [INFO] Catalogue: 0 markets for sport ID 6423
2026-06-03 10:00:04,284 [INFO] Betfair: fetching prices for 573 markets...
2026-06-03 10:00:09,239 [INFO] Betfair: enriching 573 markets with price data...
2026-06-03 10:00:09,244 [INFO] Betfair: enriched 50/573 markets, 12 tradeable so far
2026-06-03 10:00:09,248 [INFO] Betfair: enriched 100/573 markets, 19 tradeable so far
2026-06-03 10:00:09,251 [INFO] Betfair: enriched 150/573 markets, 30 tradeable so far
2026-06-03 10:00:09,253 [INFO] Betfair: enriched 200/573 markets, 30 tradeable so far
2026-06-03 10:00:09,260 [INFO] Betfair: enriched 250/573 markets, 32 tradeable so far
2026-06-03 10:00:09,267 [INFO] Betfair: enriched 300/573 markets, 55 tradeable so far
2026-06-03 10:00:09,270 [INFO] Betfair: enriched 350/573 markets, 69 tradeable so far
2026-06-03 10:00:09,273 [INFO] Betfair: enriched 400/573 markets, 75 tradeable so far
2026-06-03 10:00:09,306 [INFO] Betfair: enriched 450/573 markets, 115 tradeable so far
2026-06-03 10:00:09,340 [INFO] Betfair: enriched 500/573 markets, 133 tradeable so far
2026-06-03 10:00:09,391 [INFO] Betfair: enriched 550/573 markets, 145 tradeable so far
2026-06-03 10:00:09,423 [INFO] Betfair: enriched 573/573 markets, 145 tradeable so far
2026-06-03 10:00:09,423 [INFO] Betfair: 573 total markets, 145 above 100 GBP volume
2026-06-03 10:00:09,551 [INFO] Outrights: 20 markets for sport 1
2026-06-03 10:00:09,642 [INFO] Outrights: 17 markets for sport 3
2026-06-03 10:00:09,718 [INFO] Outrights: 1 markets for sport 2378961
2026-06-03 10:00:10,093 [INFO] Outrights: 36 markets above 25 GBP
2026-06-03 10:00:10,100 [INFO] Betfair: added 26 outright markets for cross-ref
2026-06-03 10:00:10,101 [INFO] betfair: 599 total, 171 above 100 GBP threshold
2026-06-03 10:00:10,401 [INFO] Snapshot written: /home/jwfalc/smarkets-bot/data/snapshots/betfair/2026-06-03_09-00.json
2026-06-03 10:00:10,560 [INFO] Market log updated (betfair)
2026-06-03 10:00:37,084 [INFO] Scanner complete for betfair. Snapshot: 2026-06-03_09-00.json
2026-06-03 10:00:37,401 [INFO] ============================================================
2026-06-03 10:00:37,401 [INFO] SCANNER RUN STARTED - MATCHBOOK
2026-06-03 10:00:37,402 [INFO] ============================================================
2026-06-03 10:00:37,743 [INFO] Matchbook login attempt 1/3
2026-06-03 10:00:37,902 [INFO] Matchbook login successful
2026-06-03 10:00:37,903 [INFO] Matchbook: fetching events with prices for 15 sports...
2026-06-03 10:00:37,974 [INFO] Matchbook: fetched page offset=0, 20 events (total so far: 20)
2026-06-03 10:00:38,213 [INFO] Matchbook: fetched page offset=20, 20 events (total so far: 40)
2026-06-03 10:00:38,459 [INFO] Matchbook: fetched page offset=40, 20 events (total so far: 60)
2026-06-03 10:00:38,757 [INFO] Matchbook: fetched page offset=60, 20 events (total so far: 80)
2026-06-03 10:00:39,076 [INFO] Matchbook: fetched page offset=80, 20 events (total so far: 100)
2026-06-03 10:00:39,313 [INFO] Matchbook: fetched page offset=100, 20 events (total so far: 120)
2026-06-03 10:00:39,551 [INFO] Matchbook: fetched page offset=120, 20 events (total so far: 140)
2026-06-03 10:00:39,839 [INFO] Matchbook: fetched page offset=140, 20 events (total so far: 160)
2026-06-03 10:00:40,077 [INFO] Matchbook: fetched page offset=160, 20 events (total so far: 180)
2026-06-03 10:00:40,324 [INFO] Matchbook: fetched page offset=180, 20 events (total so far: 200)
2026-06-03 10:00:40,619 [INFO] Matchbook: fetched page offset=200, 20 events (total so far: 220)
2026-06-03 10:00:40,877 [INFO] Matchbook: fetched page offset=220, 20 events (total so far: 240)
2026-06-03 10:00:41,111 [INFO] Matchbook: fetched page offset=240, 4 events (total so far: 244)
2026-06-03 10:00:41,112 [INFO] Matchbook: processing 244 events
2026-06-03 10:00:41,113 [INFO] Matchbook: processed 20/244 events, 33 markets so far
2026-06-03 10:00:41,116 [INFO] Matchbook: processed 40/244 events, 97 markets so far
2026-06-03 10:00:41,119 [INFO] Matchbook: processed 60/244 events, 200 markets so far
2026-06-03 10:00:41,133 [INFO] Matchbook: processed 80/244 events, 578 markets so far
2026-06-03 10:00:41,147 [INFO] Matchbook: processed 100/244 events, 812 markets so far
2026-06-03 10:00:41,148 [INFO] Matchbook: processed 120/244 events, 832 markets so far
2026-06-03 10:00:41,149 [INFO] Matchbook: processed 140/244 events, 867 markets so far
2026-06-03 10:00:41,154 [INFO] Matchbook: processed 160/244 events, 891 markets so far
2026-06-03 10:00:41,156 [INFO] Matchbook: processed 180/244 events, 911 markets so far
2026-06-03 10:00:41,158 [INFO] Matchbook: processed 200/244 events, 973 markets so far
2026-06-03 10:00:41,165 [INFO] Matchbook: processed 220/244 events, 1020 markets so far
2026-06-03 10:00:41,170 [INFO] Matchbook: processed 240/244 events, 1087 markets so far
2026-06-03 10:00:41,174 [INFO] Matchbook: processed 244/244 events, 1091 markets so far
2026-06-03 10:00:41,175 [INFO] Matchbook: 1092 total markets, 215 above 25 GBP volume
2026-06-03 10:00:41,193 [INFO] matchbook: 1092 total, 215 above 25 GBP threshold
2026-06-03 10:00:41,320 [INFO] Snapshot written: /home/jwfalc/smarkets-bot/data/snapshots/matchbook/2026-06-03_09-00.json
2026-06-03 10:00:41,393 [INFO] Market log updated (matchbook)
2026-06-03 10:01:07,179 [INFO] Scanner complete for matchbook. Snapshot: 2026-06-03_09-00.json
2026-06-03 10:01:07,824 [RESEARCHER] Prior index loaded: 105 known runners
2026-06-03 10:01:07,888 [RESEARCHER] betfair: 171 tradeable markets from 2026-06-03_09-00.json
2026-06-03 10:01:07,889 [RESEARCHER] Market selection: 1 politics + 7 outrights + 8 other sports = 16 total (platforms: ['betfair'])
2026-06-03 10:01:07,889 [RESEARCHER] [1/16] Makerfield - Restore Britain Vote Percentage
2026-06-03 10:01:13,204 [RESEARCHER] [2/16] Winner
2026-06-03 10:01:19,221 [RESEARCHER] [3/16] Winner
2026-06-03 10:01:27,589 [RESEARCHER]   Prior history injected for Scottie Scheffler
2026-06-03 10:01:27,590 [RESEARCHER]   Prior history injected for Rory McIlroy
2026-06-03 10:01:27,590 [RESEARCHER]   Prior history injected for Ludvig Aberg
2026-06-03 10:01:27,591 [RESEARCHER]   Prior history injected for Cameron Young
2026-06-03 10:01:27,591 [RESEARCHER]   Prior history injected for Xander Schauffele
2026-06-03 10:01:27,591 [RESEARCHER]   Prior history injected for Si Woo Kim
2026-06-03 10:01:27,592 [RESEARCHER] [4/16] Winner
2026-06-03 10:01:35,858 [RESEARCHER]   Prior history injected for Daniel Hillier
2026-06-03 10:01:35,859 [RESEARCHER]   Prior history injected for Jacob Skov Olesen
2026-06-03 10:01:35,859 [RESEARCHER] [5/16] Winner
2026-06-03 10:01:40,083 [RESEARCHER]   Prior history injected for Scottie Scheffler
2026-06-03 10:01:40,084 [RESEARCHER]   Prior history injected for Rory McIlroy
2026-06-03 10:01:40,084 [RESEARCHER]   Prior history injected for Jon Rahm
2026-06-03 10:01:40,085 [RESEARCHER]   Prior history injected for Cameron Young
2026-06-03 10:01:40,085 [RESEARCHER]   Prior history injected for Ludvig Aberg
2026-06-03 10:01:40,085 [RESEARCHER]   Prior history injected for Xander Schauffele
2026-06-03 10:01:40,086 [RESEARCHER] [6/16] Winner
2026-06-03 10:01:44,028 [RESEARCHER]   Prior history injected for Scottie Scheffler
2026-06-03 10:01:44,028 [RESEARCHER]   Prior history injected for Rory McIlroy
2026-06-03 10:01:44,029 [RESEARCHER]   Prior history injected for Jon Rahm
2026-06-03 10:01:44,029 [RESEARCHER]   Prior history injected for Xander Schauffele
2026-06-03 10:01:44,029 [RESEARCHER]   Prior history injected for Cameron Young
2026-06-03 10:01:44,029 [RESEARCHER] [7/16] Winner
2026-06-03 10:01:52,600 [RESEARCHER]   Prior history injected for Jon Rahm
2026-06-03 10:01:52,601 [RESEARCHER]   Prior history injected for Bryson DeChambeau
2026-06-03 10:01:52,601 [RESEARCHER] [8/16] Top 10 Finish
2026-06-03 10:01:54,497 [RESEARCHER]   Prior history injected for Daniel Hillier
2026-06-03 10:01:54,497 [RESEARCHER]   Prior history injected for Jacob Skov Olesen
2026-06-03 10:01:54,497 [RESEARCHER] [9/16] Match Odds
2026-06-03 10:02:01,432 [RESEARCHER] [10/16] NBA Championship Winner
2026-06-03 10:02:08,134 [RESEARCHER]   Prior history injected for San Antonio Spurs
2026-06-03 10:02:08,135 [RESEARCHER]   Prior history injected for Sacramento Kings
2026-06-03 10:02:08,135 [RESEARCHER] [11/16] Match Odds
2026-06-03 10:02:15,179 [RESEARCHER]   Prior history injected for The Draw
2026-06-03 10:02:15,180 [RESEARCHER] [12/16] Match Odds
2026-06-03 10:02:22,860 [RESEARCHER] [13/16] Moneyline
2026-06-03 10:02:31,162 [RESEARCHER]   Prior history injected for San Antonio Spurs
2026-06-03 10:02:31,163 [RESEARCHER] [14/16] Winner 2026/27
2026-06-03 10:02:37,957 [RESEARCHER]   Prior history injected for Arsenal
2026-06-03 10:02:37,957 [RESEARCHER]   Prior history injected for Man City
2026-06-03 10:02:37,958 [RESEARCHER]   Prior history injected for Liverpool
2026-06-03 10:02:37,958 [RESEARCHER]   Prior history injected for Chelsea
2026-06-03 10:02:37,958 [RESEARCHER]   Prior history injected for Aston Villa
2026-06-03 10:02:37,958 [RESEARCHER] [15/16] Match Odds
2026-06-03 10:02:45,213 [RESEARCHER]   Prior history injected for The Draw
2026-06-03 10:02:45,214 [RESEARCHER] [16/16] 1m2f Hcap
2026-06-03 10:02:49,782 [RESEARCHER] Research brief written: 2026-06-03_09-02_brief.json
2026-06-03 10:02:49,782 [RESEARCHER] Markets: 16 | Errors: 0 | Credits used: 68
BRIEF_PATH:/home/jwfalc/smarkets-bot/data/research/2026-06-03_09-02_brief.json
2026-06-03 10:02:50,105 [ANALYZER] Loading research brief: 2026-06-03_09-02_brief.json
2026-06-03 10:02:50,347 [ANALYZER] Betfair cross-ref index: 5001 runners
2026-06-03 10:02:50,354 [ANALYZER] Analyzed 16 markets
2026-06-03 10:02:50,355 [ANALYZER] Found 4 signals (10pp+)
2026-06-03 10:02:50,355 [ANALYZER] Logged 8 distribution entries (7pp+)
2026-06-03 10:02:50,369 [ANALYZER] Research output written: 2026-06-03_09-02_research.json
2026-06-03 10:02:50,371 [ANALYZER] Appended 78 edge traces to edge_traces.json
RESEARCH_PATH:/home/jwfalc/smarkets-bot/data/research/2026-06-03_09-02_research.json
2026-06-03 10:02:50,945 [RESOLVE] Found 13 open trade(s) to check (paper_mode=True)
2026-06-03 10:02:51,014 [RESOLVE] Using cached Betfair session token
2026-06-03 10:02:51,014 [RESOLVE] Betfair: checking 12 open-trade markets
2026-06-03 10:03:00,636 [RESOLVE] Snapshot name lookup: found mappings for 12 markets
2026-06-03 10:03:00,815 [RESOLVE] Betfair settled: market=1.258830982 winner=Myanmar W (91872206)
2026-06-03 10:03:00,815 [RESOLVE] Settled markets found: 1
2026-06-03 10:03:00,913 [RESOLVE]   [betfair] Match Odds | WIN | P&L: +4.75 | Selection: Bahrain W | Winner: Myanmar W
2026-06-03 10:03:00,913 [RESOLVE] Resolution alert: Match Odds pnl=+4.75
2026-06-03 10:03:01,034 [RESOLVE] Telegram notification sent
2026-06-03 10:03:01,060 [RESOLVE] Auto-resolved 1 trade(s). Running P&L: +331.14 | W/L: 129/79 | ROI: 35.47%
2026-06-03 10:03:01,682 [INFO] ============================================================
2026-06-03 10:03:01,683 [INFO] DIGEST RUN STARTED
2026-06-03 10:03:01,683 [INFO] ============================================================
2026-06-03 10:03:05,878 [INFO] Dashboard data written: /home/jwfalc/smarkets-bot/dashboard/dashboard_data.json
2026-06-03 10:03:05,951 [INFO] Period logs updated: 2026-06-03, 2026-W23, 2026-06, 2026-Q2
2026-06-03 10:03:05,952 [INFO] Run log: [2026-06-03 09:03 UTC] status=signal | platforms=betfair,matchbook | markets=386 | signals=4 | alerts=0 | movements=10 | consec_losses=0
2026-06-03 10:03:05,952 [INFO] Digest complete
Balance: £431.14 | Reserved: £38.50 | Available: £392.64
Reduced stake: Winner edge 12.2pp < 15.0pp → £2.15 (43%)
Skipping (already open): Winner BACK
Reduced stake: Winner edge 14.6pp < 15.0pp → £4.60 (92%)
Logged paper trade: Winner - BACK @ 19.23% (edge: 14.6pp) [betfair] | available now £388.04
Reduced stake: Match Odds edge 5.3pp < 15.0pp → £1.65 (33%)
Logged paper trade: Match Odds - BACK @ 92.59% (edge: 5.33pp) [betfair] | available now £386.39

2 new paper trade(s) logged
Distribution log updated: 4 new entries added
Total entries: 855
  near_certainty: 7 total, 5 resolved
  high_prob: 18 total, 9 resolved
  7-9pp: 254 total, 98 resolved
  10-11pp: 111 total, 46 resolved
  12pp+: 465 total, 360 resolved

REVIEW DUE: 7-9pp band has 98 resolved entries (threshold: 12)
  Run: python distribution_logger.py report
  Then run: prompts/prompt_review_v1.md

REVIEW DUE: 7-9pp band has 98 resolved entries (threshold: 12)
  Run: python distribution_logger.py report
  Then run: prompts/prompt_review_v1.md
EXIT_CODE:0
Sent
2026-06-03 10:03:08,933 [STATIC-DASH] Building dashboard data…
2026-06-03 10:03:10,043 [STATIC-DASH] Data collected: 223 trades, 37 signals, 386 markets
2026-06-03 10:03:10,256 [STATIC-DASH] Written: /home/jwfalc/smarkets-dashboard/index.html (2839KB)
2026-06-03 10:03:10 [DEPLOY] Starting dashboard deploy...
WARNING: could not find injection point in HTML
HTML written OK
2026-06-03 10:03:10 [DEPLOY] Static HTML built
[main a8608a4] Deploy: 2026-06-03 10:03 UTC
 1 file changed, 1 insertion(+), 1 deletion(-)
To https://github.com/jwfalc-coder/smarkets-dashboard.git
   4a32ccf..a8608a4  main -> main
2026-06-03 10:03:10 [DEPLOY] Deploy complete: Deploy: 2026-06-03 10:03 UTC
[main f42bb96] log: routine_2026-06-03_1000
 1 file changed, 195 insertions(+)
 create mode 100644 data/routine_logs/routine_2026-06-03_1000.log
From https://github.com/jwfalc-coder/betting-auditor
 * branch            main       -> FETCH_HEAD
   eb2d253..8ca2919  main       -> origin/main
Rebasing (1/1)Successfully rebased and updated refs/heads/main.
To https://github.com/jwfalc-coder/betting-auditor.git
   8ca2919..a08a045  main -> main
