Sent
2026-05-26 10:00:02,717 [INFO] ============================================================
2026-05-26 10:00:02,718 [INFO] SCANNER RUN STARTED - BETFAIR
2026-05-26 10:00:02,718 [INFO] ============================================================
2026-05-26 10:00:03,206 [INFO] Cached Betfair session too old, re-logging in
2026-05-26 10:00:03,207 [INFO] Betfair login attempt 1/3
2026-05-26 10:00:03,381 [INFO] Betfair login successful
2026-05-26 10:00:03,547 [INFO] Catalogue: 100 markets for sport ID 1
2026-05-26 10:00:03,691 [INFO] Catalogue: 100 markets for sport ID 2
2026-05-26 10:00:03,840 [INFO] Catalogue: 100 markets for sport ID 7
2026-05-26 10:00:03,969 [INFO] Catalogue: 100 markets for sport ID 4
2026-05-26 10:00:04,051 [INFO] Catalogue: 1 markets for sport ID 2378961
2026-05-26 10:00:04,146 [INFO] Catalogue: 4 markets for sport ID 3
2026-05-26 10:00:04,370 [INFO] Catalogue: 100 markets for sport ID 7522
2026-05-26 10:00:04,444 [INFO] Catalogue: 0 markets for sport ID 6423
2026-05-26 10:00:04,444 [INFO] Betfair: fetching prices for 505 markets...
2026-05-26 10:00:08,713 [INFO] Betfair: enriching 505 markets with price data...
2026-05-26 10:00:08,719 [INFO] Betfair: enriched 50/505 markets, 1 tradeable so far
2026-05-26 10:00:08,725 [INFO] Betfair: enriched 100/505 markets, 2 tradeable so far
2026-05-26 10:00:08,727 [INFO] Betfair: enriched 150/505 markets, 7 tradeable so far
2026-05-26 10:00:08,729 [INFO] Betfair: enriched 200/505 markets, 10 tradeable so far
2026-05-26 10:00:08,737 [INFO] Betfair: enriched 250/505 markets, 13 tradeable so far
2026-05-26 10:00:08,744 [INFO] Betfair: enriched 300/505 markets, 24 tradeable so far
2026-05-26 10:00:08,753 [INFO] Betfair: enriched 350/505 markets, 41 tradeable so far
2026-05-26 10:00:08,755 [INFO] Betfair: enriched 400/505 markets, 50 tradeable so far
2026-05-26 10:00:08,832 [INFO] Betfair: enriched 450/505 markets, 70 tradeable so far
2026-05-26 10:00:08,884 [INFO] Betfair: enriched 500/505 markets, 75 tradeable so far
2026-05-26 10:00:08,890 [INFO] Betfair: enriched 505/505 markets, 75 tradeable so far
2026-05-26 10:00:08,891 [INFO] Betfair: 505 total markets, 75 above 100 GBP volume
2026-05-26 10:00:09,017 [INFO] Outrights: 18 markets for sport 1
2026-05-26 10:00:09,121 [INFO] Outrights: 15 markets for sport 3
2026-05-26 10:00:09,201 [INFO] Outrights: 0 markets for sport 2378961
2026-05-26 10:00:09,672 [INFO] Outrights: 27 markets above 25 GBP
2026-05-26 10:00:09,678 [INFO] Betfair: added 26 outright markets for cross-ref
2026-05-26 10:00:09,679 [INFO] betfair: 531 total, 101 above 100 GBP threshold
2026-05-26 10:00:09,985 [INFO] Snapshot written: /home/jwfalc/smarkets-bot/data/snapshots/betfair/2026-05-26_09-00.json
2026-05-26 10:00:10,148 [INFO] Market log updated (betfair)
2026-05-26 10:00:36,028 [INFO] Scanner complete for betfair. Snapshot: 2026-05-26_09-00.json
2026-05-26 10:00:36,376 [INFO] ============================================================
2026-05-26 10:00:36,376 [INFO] SCANNER RUN STARTED - MATCHBOOK
2026-05-26 10:00:36,377 [INFO] ============================================================
2026-05-26 10:00:36,745 [INFO] Matchbook login attempt 1/3
2026-05-26 10:00:36,931 [INFO] Matchbook login successful
2026-05-26 10:00:36,932 [INFO] Matchbook: fetching events with prices for 15 sports...
2026-05-26 10:00:37,027 [INFO] Matchbook: fetched page offset=0, 20 events (total so far: 20)
2026-05-26 10:00:37,274 [INFO] Matchbook: fetched page offset=20, 20 events (total so far: 40)
2026-05-26 10:00:37,543 [INFO] Matchbook: fetched page offset=40, 20 events (total so far: 60)
2026-05-26 10:00:37,834 [INFO] Matchbook: fetched page offset=60, 20 events (total so far: 80)
2026-05-26 10:00:38,138 [INFO] Matchbook: fetched page offset=80, 20 events (total so far: 100)
2026-05-26 10:00:38,420 [INFO] Matchbook: fetched page offset=100, 20 events (total so far: 120)
2026-05-26 10:00:38,767 [INFO] Matchbook: fetched page offset=120, 20 events (total so far: 140)
2026-05-26 10:00:39,085 [INFO] Matchbook: fetched page offset=140, 20 events (total so far: 160)
2026-05-26 10:00:39,329 [INFO] Matchbook: fetched page offset=160, 20 events (total so far: 180)
2026-05-26 10:00:39,575 [INFO] Matchbook: fetched page offset=180, 20 events (total so far: 200)
2026-05-26 10:00:39,824 [INFO] Matchbook: fetched page offset=200, 20 events (total so far: 220)
2026-05-26 10:00:40,081 [INFO] Matchbook: fetched page offset=220, 20 events (total so far: 240)
2026-05-26 10:00:40,442 [INFO] Matchbook: fetched page offset=240, 20 events (total so far: 260)
2026-05-26 10:00:40,728 [INFO] Matchbook: fetched page offset=260, 20 events (total so far: 280)
2026-05-26 10:00:41,001 [INFO] Matchbook: fetched page offset=280, 20 events (total so far: 300)
2026-05-26 10:00:41,237 [INFO] Matchbook: fetched page offset=300, 20 events (total so far: 320)
2026-05-26 10:00:41,469 [INFO] Matchbook: fetched page offset=320, 10 events (total so far: 330)
2026-05-26 10:00:41,470 [INFO] Matchbook: processing 330 events
2026-05-26 10:00:41,476 [INFO] Matchbook: processed 20/330 events, 165 markets so far
2026-05-26 10:00:41,481 [INFO] Matchbook: processed 40/330 events, 370 markets so far
2026-05-26 10:00:41,534 [INFO] Matchbook: processed 60/330 events, 673 markets so far
2026-05-26 10:00:41,541 [INFO] Matchbook: processed 80/330 events, 922 markets so far
2026-05-26 10:00:41,554 [INFO] Matchbook: processed 100/330 events, 1307 markets so far
2026-05-26 10:00:41,567 [INFO] Matchbook: processed 120/330 events, 1677 markets so far
2026-05-26 10:00:41,588 [INFO] Matchbook: processed 140/330 events, 2236 markets so far
2026-05-26 10:00:41,607 [INFO] Matchbook: processed 160/330 events, 2664 markets so far
2026-05-26 10:00:41,612 [INFO] Matchbook: processed 180/330 events, 2857 markets so far
2026-05-26 10:00:41,617 [INFO] Matchbook: processed 200/330 events, 3032 markets so far
2026-05-26 10:00:41,621 [INFO] Matchbook: processed 220/330 events, 3171 markets so far
2026-05-26 10:00:41,625 [INFO] Matchbook: processed 240/330 events, 3310 markets so far
2026-05-26 10:00:41,647 [INFO] Matchbook: processed 260/330 events, 3792 markets so far
2026-05-26 10:00:41,660 [INFO] Matchbook: processed 280/330 events, 4112 markets so far
2026-05-26 10:00:41,673 [INFO] Matchbook: processed 300/330 events, 4353 markets so far
2026-05-26 10:00:41,675 [INFO] Matchbook: processed 320/330 events, 4373 markets so far
2026-05-26 10:00:41,676 [INFO] Matchbook: processed 330/330 events, 4383 markets so far
2026-05-26 10:00:41,676 [INFO] Matchbook: 4384 total markets, 356 above 25 GBP volume
2026-05-26 10:00:41,714 [INFO] matchbook: 4384 total, 356 above 25 GBP threshold
2026-05-26 10:00:41,857 [INFO] Snapshot written: /home/jwfalc/smarkets-bot/data/snapshots/matchbook/2026-05-26_09-00.json
2026-05-26 10:00:41,935 [INFO] Market log updated (matchbook)
2026-05-26 10:01:10,795 [INFO] Scanner complete for matchbook. Snapshot: 2026-05-26_09-00.json
2026-05-26 10:01:11,545 [RESEARCHER] matchbook: 356 tradeable markets from 2026-05-26_09-00.json
2026-05-26 10:01:11,547 [RESEARCHER] Market selection: 0 politics + 7 outrights + 8 other sports = 15 total (platforms: ['matchbook'])
2026-05-26 10:01:11,547 [RESEARCHER] [1/15] Winner
2026-05-26 10:01:18,325 [RESEARCHER] [2/15] Winner
2026-05-26 10:01:24,728 [RESEARCHER] [3/15] Winner
2026-05-26 10:01:32,224 [RESEARCHER] [4/15] Winner
2026-05-26 10:01:38,966 [RESEARCHER] [5/15] Winner
2026-05-26 10:01:45,134 [RESEARCHER] [6/15] Winner
2026-05-26 10:01:51,599 [RESEARCHER] [7/15] Winner 
2026-05-26 10:01:58,356 [RESEARCHER] [8/15] Moneyline
2026-05-26 10:02:04,567 [RESEARCHER] [9/15] Moneyline
2026-05-26 10:02:10,984 [RESEARCHER] [10/15] Match Odds
2026-05-26 10:02:17,185 [RESEARCHER] [11/15] Moneyline
2026-05-26 10:02:23,813 [RESEARCHER] [12/15] Moneyline
2026-05-26 10:02:29,985 [RESEARCHER] [13/15] Match Odds
2026-05-26 10:02:36,486 [RESEARCHER] [14/15] Match Odds
2026-05-26 10:02:42,454 [RESEARCHER] [15/15] Match Odds
2026-05-26 10:02:49,629 [RESEARCHER] Research brief written: 2026-05-26_09-02_brief.json
2026-05-26 10:02:49,629 [RESEARCHER] Markets: 15 | Errors: 0 | Credits used: 60
BRIEF_PATH:/home/jwfalc/smarkets-bot/data/research/2026-05-26_09-02_brief.json
2026-05-26 10:02:49,966 [ANALYZER] Loading research brief: 2026-05-26_09-02_brief.json
2026-05-26 10:02:50,199 [ANALYZER] Betfair cross-ref index: 3584 runners
2026-05-26 10:02:50,205 [ANALYZER] Analyzed 15 markets
2026-05-26 10:02:50,205 [ANALYZER] Found 1 signals (10pp+)
2026-05-26 10:02:50,205 [ANALYZER] Logged 7 distribution entries (7pp+)
2026-05-26 10:02:50,218 [ANALYZER] Research output written: 2026-05-26_09-02_research.json
2026-05-26 10:02:50,220 [ANALYZER] Appended 56 edge traces to edge_traces.json
RESEARCH_PATH:/home/jwfalc/smarkets-bot/data/research/2026-05-26_09-02_research.json
2026-05-26 10:02:50,861 [RESOLVE] Found 2 open trade(s) to check (paper_mode=True)
2026-05-26 10:02:50,861 [RESOLVE] Settled markets found: 0
2026-05-26 10:02:50,861 [RESOLVE] Standings: unknown competition for 'Men's French Open 2026 - Winner' — skip
2026-05-26 10:02:50,861 [RESOLVE] No open-trade markets have settled yet.
2026-05-26 10:02:51,682 [INFO] ============================================================
2026-05-26 10:02:51,682 [INFO] DIGEST RUN STARTED
2026-05-26 10:02:51,683 [INFO] ============================================================
2026-05-26 10:02:56,409 [INFO] Dashboard data written: /home/jwfalc/smarkets-bot/dashboard/dashboard_data.json
2026-05-26 10:02:56,483 [INFO] Period logs updated: 2026-05-26, 2026-W22, 2026-05, 2026-Q2
2026-05-26 10:02:56,484 [INFO] Run log: [2026-05-26 09:02 UTC] status=signal | platforms=betfair,matchbook | markets=457 | signals=1 | alerts=0 | movements=10 | consec_losses=1
2026-05-26 10:02:56,484 [INFO] Digest complete
Balance: £282.75 | Reserved: £7.90 | Available: £274.85
Skipping MB back (matchbook_no_backs): Winner
No new paper trades to log
Distribution log updated: 7 new entries added
Total entries: 633
  near_certainty: 5 total, 4 resolved
  high_prob: 15 total, 7 resolved
  7-9pp: 169 total, 81 resolved
  10-11pp: 62 total, 34 resolved
  12pp+: 382 total, 315 resolved

REVIEW DUE: 7-9pp band has 81 resolved entries (threshold: 12)
  Run: python distribution_logger.py report
  Then run: prompts/prompt_review_v1.md

REVIEW DUE: 7-9pp band has 81 resolved entries (threshold: 12)
  Run: python distribution_logger.py report
  Then run: prompts/prompt_review_v1.md
EXIT_CODE:0
Sent
2026-05-26 10:03:09,985 [STATIC-DASH] Building dashboard data…
2026-05-26 10:03:11,093 [STATIC-DASH] Data collected: 152 trades, 11 signals, 457 markets
2026-05-26 10:03:11,286 [STATIC-DASH] Written: /home/jwfalc/smarkets-dashboard/index.html (2520KB)
2026-05-26 10:03:11 [DEPLOY] Starting dashboard deploy...
WARNING: could not find injection point in HTML
HTML written OK
2026-05-26 10:03:11 [DEPLOY] Static HTML built
[main 92b3540] Deploy: 2026-05-26 10:03 UTC
 1 file changed, 1 insertion(+), 1 deletion(-)
To https://github.com/jwfalc-coder/smarkets-dashboard.git
   57fee96..92b3540  main -> main
2026-05-26 10:03:11 [DEPLOY] Deploy complete: Deploy: 2026-05-26 10:03 UTC
[main 877608e] log: routine_2026-05-26_1000
 1 file changed, 155 insertions(+)
 create mode 100644 data/routine_logs/routine_2026-05-26_1000.log
From https://github.com/jwfalc-coder/betting-auditor
 * branch            main       -> FETCH_HEAD
   81f5dce..19c4852  main       -> origin/main
Rebasing (1/1)Successfully rebased and updated refs/heads/main.
To https://github.com/jwfalc-coder/betting-auditor.git
   19c4852..792a893  main -> main
