Sent
2026-05-08 14:00:02,611 [INFO] ============================================================
2026-05-08 14:00:02,613 [INFO] SCANNER RUN STARTED - BETFAIR
2026-05-08 14:00:02,613 [INFO] ============================================================
2026-05-08 14:00:03,091 [INFO] Cached Betfair session too old, re-logging in
2026-05-08 14:00:03,091 [INFO] Betfair login attempt 1/3
2026-05-08 14:00:03,250 [INFO] Betfair login successful
2026-05-08 14:00:03,405 [INFO] Catalogue: 100 markets for sport ID 1
2026-05-08 14:00:03,528 [INFO] Catalogue: 100 markets for sport ID 2
2026-05-08 14:00:03,646 [INFO] Catalogue: 100 markets for sport ID 7
2026-05-08 14:00:03,773 [INFO] Catalogue: 100 markets for sport ID 4
2026-05-08 14:00:03,880 [INFO] Catalogue: 1 markets for sport ID 2378961
2026-05-08 14:00:03,988 [INFO] Catalogue: 65 markets for sport ID 3
2026-05-08 14:00:04,246 [INFO] Catalogue: 100 markets for sport ID 7522
2026-05-08 14:00:04,368 [INFO] Catalogue: 9 markets for sport ID 6423
2026-05-08 14:00:04,368 [INFO] Betfair: fetching prices for 575 markets...
2026-05-08 14:00:09,553 [INFO] Betfair: enriching 575 markets with price data...
2026-05-08 14:00:09,562 [INFO] Betfair: enriched 50/575 markets, 3 tradeable so far
2026-05-08 14:00:09,574 [INFO] Betfair: enriched 100/575 markets, 10 tradeable so far
2026-05-08 14:00:09,579 [INFO] Betfair: enriched 150/575 markets, 18 tradeable so far
2026-05-08 14:00:09,583 [INFO] Betfair: enriched 200/575 markets, 21 tradeable so far
2026-05-08 14:00:09,596 [INFO] Betfair: enriched 250/575 markets, 52 tradeable so far
2026-05-08 14:00:09,611 [INFO] Betfair: enriched 300/575 markets, 77 tradeable so far
2026-05-08 14:00:09,618 [INFO] Betfair: enriched 350/575 markets, 91 tradeable so far
2026-05-08 14:00:09,622 [INFO] Betfair: enriched 400/575 markets, 94 tradeable so far
2026-05-08 14:00:09,642 [INFO] Betfair: enriched 450/575 markets, 121 tradeable so far
2026-05-08 14:00:09,679 [INFO] Betfair: enriched 500/575 markets, 136 tradeable so far
2026-05-08 14:00:09,729 [INFO] Betfair: enriched 550/575 markets, 141 tradeable so far
2026-05-08 14:00:09,773 [INFO] Betfair: enriched 575/575 markets, 145 tradeable so far
2026-05-08 14:00:09,776 [INFO] Betfair: 575 total markets, 145 above 100 GBP volume
2026-05-08 14:00:09,806 [INFO] betfair: 575 total, 145 above 100 GBP threshold
2026-05-08 14:00:10,028 [INFO] Snapshot written: /home/jwfalc/smarkets-bot/data/snapshots/betfair/2026-05-08_13-00.json
2026-05-08 14:00:10,135 [INFO] Market log updated (betfair)
2026-05-08 14:00:32,403 [INFO] Scanner complete for betfair. Snapshot: 2026-05-08_13-00.json
2026-05-08 14:00:32,722 [INFO] ============================================================
2026-05-08 14:00:32,722 [INFO] SCANNER RUN STARTED - MATCHBOOK
2026-05-08 14:00:32,722 [INFO] ============================================================
2026-05-08 14:00:33,198 [INFO] Matchbook login attempt 1/3
2026-05-08 14:00:33,361 [INFO] Matchbook login successful
2026-05-08 14:00:33,362 [INFO] Matchbook: fetching events with prices for 8 sports...
2026-05-08 14:00:33,494 [INFO] Matchbook: fetched page offset=0, 20 events (total so far: 20)
2026-05-08 14:00:33,773 [INFO] Matchbook: fetched page offset=20, 20 events (total so far: 40)
2026-05-08 14:00:34,069 [INFO] Matchbook: fetched page offset=40, 20 events (total so far: 60)
2026-05-08 14:00:34,411 [INFO] Matchbook: fetched page offset=60, 20 events (total so far: 80)
2026-05-08 14:00:34,720 [INFO] Matchbook: fetched page offset=80, 20 events (total so far: 100)
2026-05-08 14:00:35,097 [INFO] Matchbook: fetched page offset=100, 20 events (total so far: 120)
2026-05-08 14:00:35,422 [INFO] Matchbook: fetched page offset=120, 20 events (total so far: 140)
2026-05-08 14:00:35,710 [INFO] Matchbook: fetched page offset=140, 20 events (total so far: 160)
2026-05-08 14:00:35,998 [INFO] Matchbook: fetched page offset=160, 20 events (total so far: 180)
2026-05-08 14:00:36,271 [INFO] Matchbook: fetched page offset=180, 20 events (total so far: 200)
2026-05-08 14:00:36,579 [INFO] Matchbook: fetched page offset=200, 20 events (total so far: 220)
2026-05-08 14:00:36,895 [INFO] Matchbook: fetched page offset=220, 20 events (total so far: 240)
2026-05-08 14:00:37,214 [INFO] Matchbook: fetched page offset=240, 20 events (total so far: 260)
2026-05-08 14:00:37,524 [INFO] Matchbook: fetched page offset=260, 20 events (total so far: 280)
2026-05-08 14:00:37,838 [INFO] Matchbook: fetched page offset=280, 20 events (total so far: 300)
2026-05-08 14:00:38,196 [INFO] Matchbook: fetched page offset=300, 20 events (total so far: 320)
2026-05-08 14:00:38,511 [INFO] Matchbook: fetched page offset=320, 20 events (total so far: 340)
2026-05-08 14:00:38,830 [INFO] Matchbook: fetched page offset=340, 20 events (total so far: 360)
2026-05-08 14:00:39,127 [INFO] Matchbook: fetched page offset=360, 20 events (total so far: 380)
2026-05-08 14:00:39,368 [INFO] Matchbook: fetched page offset=380, 20 events (total so far: 400)
2026-05-08 14:00:39,600 [INFO] Matchbook: fetched page offset=400, 6 events (total so far: 406)
2026-05-08 14:00:39,600 [INFO] Matchbook: processing 406 events
2026-05-08 14:00:39,613 [INFO] Matchbook: processed 20/406 events, 241 markets so far
2026-05-08 14:00:39,625 [INFO] Matchbook: processed 40/406 events, 660 markets so far
2026-05-08 14:00:39,641 [INFO] Matchbook: processed 60/406 events, 1184 markets so far
2026-05-08 14:00:39,662 [INFO] Matchbook: processed 80/406 events, 1854 markets so far
2026-05-08 14:00:39,678 [INFO] Matchbook: processed 100/406 events, 2416 markets so far
2026-05-08 14:00:39,704 [INFO] Matchbook: processed 120/406 events, 3181 markets so far
2026-05-08 14:00:39,755 [INFO] Matchbook: processed 140/406 events, 3857 markets so far
2026-05-08 14:00:39,769 [INFO] Matchbook: processed 160/406 events, 4390 markets so far
2026-05-08 14:00:39,781 [INFO] Matchbook: processed 180/406 events, 4855 markets so far
2026-05-08 14:00:39,789 [INFO] Matchbook: processed 200/406 events, 5167 markets so far
2026-05-08 14:00:39,811 [INFO] Matchbook: processed 220/406 events, 5894 markets so far
2026-05-08 14:00:39,834 [INFO] Matchbook: processed 240/406 events, 6689 markets so far
2026-05-08 14:00:39,858 [INFO] Matchbook: processed 260/406 events, 7514 markets so far
2026-05-08 14:00:39,880 [INFO] Matchbook: processed 280/406 events, 8284 markets so far
2026-05-08 14:00:39,906 [INFO] Matchbook: processed 300/406 events, 8950 markets so far
2026-05-08 14:00:39,928 [INFO] Matchbook: processed 320/406 events, 9769 markets so far
2026-05-08 14:00:39,951 [INFO] Matchbook: processed 340/406 events, 10583 markets so far
2026-05-08 14:00:39,974 [INFO] Matchbook: processed 360/406 events, 11338 markets so far
2026-05-08 14:00:39,993 [INFO] Matchbook: processed 380/406 events, 11975 markets so far
2026-05-08 14:00:39,996 [INFO] Matchbook: processed 400/406 events, 12032 markets so far
2026-05-08 14:00:39,997 [INFO] Matchbook: processed 406/406 events, 12038 markets so far
2026-05-08 14:00:39,997 [INFO] Matchbook: 12039 total markets, 523 above 100 GBP volume
2026-05-08 14:00:40,063 [INFO] matchbook: 12039 total, 523 above 100 GBP threshold
2026-05-08 14:00:40,342 [INFO] Snapshot written: /home/jwfalc/smarkets-bot/data/snapshots/matchbook/2026-05-08_13-00.json
2026-05-08 14:00:40,479 [INFO] Market log updated (matchbook)
2026-05-08 14:01:01,887 [INFO] Scanner complete for matchbook. Snapshot: 2026-05-08_13-00.json
2026-05-08 14:01:02,604 [RESEARCHER] betfair: 145 tradeable markets from 2026-05-08_13-00.json
2026-05-08 14:01:02,649 [RESEARCHER] matchbook: 523 tradeable markets from 2026-05-08_13-00.json
2026-05-08 14:01:02,652 [RESEARCHER] Market selection: 1 politics/current-affairs + 3 matchbook-matchday + 12 other-sports = 16 total
2026-05-08 14:01:02,652 [RESEARCHER] [1/16] Farrer By Election 2026
2026-05-08 14:01:08,446 [RESEARCHER] [2/16] Match Odds
2026-05-08 14:01:12,298 [RESEARCHER] [3/16] Match Odds
2026-05-08 14:01:15,901 [RESEARCHER] [4/16] Match Odds
2026-05-08 14:01:19,685 [RESEARCHER] [5/16] Match Odds
2026-05-08 14:01:24,068 [RESEARCHER] [6/16] Winner
2026-05-08 14:01:27,979 [RESEARCHER] [7/16] Winner
2026-05-08 14:01:32,105 [RESEARCHER] [8/16] Winner
2026-05-08 14:01:35,894 [RESEARCHER] [9/16] Winner
2026-05-08 14:01:39,439 [RESEARCHER] [10/16] Winner
2026-05-08 14:01:43,180 [RESEARCHER] [11/16] Match Odds
2026-05-08 14:01:47,336 [RESEARCHER] [12/16] Winner
2026-05-08 14:01:50,751 [RESEARCHER] [13/16] Bangladesh 1st Innings Runs Line
2026-05-08 14:01:54,733 [RESEARCHER] [14/16] To Be Relegated
2026-05-08 14:01:58,757 [RESEARCHER] [15/16] Winner
2026-05-08 14:02:02,730 [RESEARCHER] [16/16] 1m4f Mdn Stks
2026-05-08 14:02:10,630 [RESEARCHER] Research brief written: 2026-05-08_13-02_brief.json
2026-05-08 14:02:10,630 [RESEARCHER] Markets: 16 | Errors: 0 | Credits used: 33
BRIEF_PATH:/home/jwfalc/smarkets-bot/data/research/2026-05-08_13-02_brief.json
2026-05-08 14:02:10,893 [ANALYZER] Loading research brief: 2026-05-08_13-02_brief.json
2026-05-08 14:02:10,986 [ANALYZER] Analyzed 16 markets
2026-05-08 14:02:10,987 [ANALYZER] Found 1 signals (10pp+)
2026-05-08 14:02:10,987 [ANALYZER] Logged 6 distribution entries (7pp+)
2026-05-08 14:02:10,999 [ANALYZER] Research output written: 2026-05-08_13-02_research.json
RESEARCH_PATH:/home/jwfalc/smarkets-bot/data/research/2026-05-08_13-02_research.json
2026-05-08 14:02:11,601 [INFO] ============================================================
2026-05-08 14:02:11,603 [INFO] DIGEST RUN STARTED
2026-05-08 14:02:11,603 [INFO] ============================================================
2026-05-08 14:02:15,127 [INFO] Dashboard data written: /home/jwfalc/smarkets-bot/dashboard/dashboard_data.json
2026-05-08 14:02:15,178 [INFO] Period logs updated: 2026-05-08, 2026-W19, 2026-05, 2026-Q2
2026-05-08 14:02:15,179 [INFO] Run log: [2026-05-08 13:02 UTC] status=signal | platforms=betfair,matchbook | markets=668 | signals=1 | alerts=0 | movements=10 | consec_losses=0
2026-05-08 14:02:15,179 [INFO] Digest complete
Balance: £78.98 | Reserved: £323.21 | Available: £-244.23
Skipping (insufficient balance): Farrer By Election 2026 needs £0.85, only £-244.23 available
No new paper trades to log
Distribution log updated: 6 new entries added
Total entries: 336
  7-9pp: 62 total, 5 resolved
  10-11pp: 50 total, 3 resolved
  12pp+: 224 total, 52 resolved

REVIEW DUE: 12pp+ band has 15 resolved entries (threshold: 12)
  Run: python distribution_logger.py report
  Then run: prompts/prompt_review_v1.md

REVIEW DUE: 12pp+ band has 15 resolved entries (threshold: 12)
  Run: python distribution_logger.py report
  Then run: prompts/prompt_review_v1.md
EXIT_CODE:0
Sent
2026-05-08 14:02:17 [DEPLOY] Starting dashboard deploy...
HTML written OK
2026-05-08 14:02:17 [DEPLOY] Static HTML built
[main 701793c] Deploy: 2026-05-08 14:02 UTC
 1 file changed, 1 insertion(+), 1 deletion(-)
To https://github.com/jwfalc-coder/smarkets-dashboard.git
   224828e..701793c  main -> main
2026-05-08 14:02:17 [DEPLOY] Deploy complete: Deploy: 2026-05-08 14:02 UTC
