Sent
2026-05-08 18:00:02,732 [INFO] ============================================================
2026-05-08 18:00:02,733 [INFO] SCANNER RUN STARTED - BETFAIR
2026-05-08 18:00:02,733 [INFO] ============================================================
2026-05-08 18:00:03,144 [INFO] Cached Betfair session too old, re-logging in
2026-05-08 18:00:03,144 [INFO] Betfair login attempt 1/3
2026-05-08 18:00:03,304 [INFO] Betfair login successful
2026-05-08 18:00:03,444 [INFO] Catalogue: 100 markets for sport ID 1
2026-05-08 18:00:03,577 [INFO] Catalogue: 100 markets for sport ID 2
2026-05-08 18:00:03,692 [INFO] Catalogue: 100 markets for sport ID 7
2026-05-08 18:00:03,812 [INFO] Catalogue: 100 markets for sport ID 4
2026-05-08 18:00:03,909 [INFO] Catalogue: 1 markets for sport ID 2378961
2026-05-08 18:00:03,985 [INFO] Catalogue: 0 markets for sport ID 3
2026-05-08 18:00:04,224 [INFO] Catalogue: 100 markets for sport ID 7522
2026-05-08 18:00:04,334 [INFO] Catalogue: 9 markets for sport ID 6423
2026-05-08 18:00:04,334 [INFO] Betfair: fetching prices for 510 markets...
2026-05-08 18:00:09,011 [INFO] Betfair: enriching 510 markets with price data...
2026-05-08 18:00:09,018 [INFO] Betfair: enriched 50/510 markets, 1 tradeable so far
2026-05-08 18:00:09,022 [INFO] Betfair: enriched 100/510 markets, 8 tradeable so far
2026-05-08 18:00:09,026 [INFO] Betfair: enriched 150/510 markets, 15 tradeable so far
2026-05-08 18:00:09,029 [INFO] Betfair: enriched 200/510 markets, 18 tradeable so far
2026-05-08 18:00:09,038 [INFO] Betfair: enriched 250/510 markets, 48 tradeable so far
2026-05-08 18:00:09,047 [INFO] Betfair: enriched 300/510 markets, 64 tradeable so far
2026-05-08 18:00:09,051 [INFO] Betfair: enriched 350/510 markets, 74 tradeable so far
2026-05-08 18:00:09,056 [INFO] Betfair: enriched 400/510 markets, 74 tradeable so far
2026-05-08 18:00:09,167 [INFO] Betfair: enriched 450/510 markets, 84 tradeable so far
2026-05-08 18:00:09,225 [INFO] Betfair: enriched 500/510 markets, 94 tradeable so far
2026-05-08 18:00:09,242 [INFO] Betfair: enriched 510/510 markets, 94 tradeable so far
2026-05-08 18:00:09,245 [INFO] Betfair: 510 total markets, 94 above 100 GBP volume
2026-05-08 18:00:09,281 [INFO] betfair: 510 total, 94 above 100 GBP threshold
2026-05-08 18:00:09,509 [INFO] Snapshot written: /home/jwfalc/smarkets-bot/data/snapshots/betfair/2026-05-08_17-00.json
2026-05-08 18:00:09,624 [INFO] Market log updated (betfair)
2026-05-08 18:00:32,813 [INFO] Scanner complete for betfair. Snapshot: 2026-05-08_17-00.json
2026-05-08 18:00:33,293 [INFO] ============================================================
2026-05-08 18:00:33,294 [INFO] SCANNER RUN STARTED - MATCHBOOK
2026-05-08 18:00:33,294 [INFO] ============================================================
2026-05-08 18:00:33,766 [INFO] Matchbook login attempt 1/3
2026-05-08 18:00:33,941 [INFO] Matchbook login successful
2026-05-08 18:00:33,942 [INFO] Matchbook: fetching events with prices for 8 sports...
2026-05-08 18:00:34,110 [INFO] Matchbook: fetched page offset=0, 20 events (total so far: 20)
2026-05-08 18:00:34,408 [INFO] Matchbook: fetched page offset=20, 20 events (total so far: 40)
2026-05-08 18:00:34,695 [INFO] Matchbook: fetched page offset=40, 20 events (total so far: 60)
2026-05-08 18:00:35,092 [INFO] Matchbook: fetched page offset=60, 20 events (total so far: 80)
2026-05-08 18:00:35,437 [INFO] Matchbook: fetched page offset=80, 20 events (total so far: 100)
2026-05-08 18:00:35,737 [INFO] Matchbook: fetched page offset=100, 20 events (total so far: 120)
2026-05-08 18:00:36,042 [INFO] Matchbook: fetched page offset=120, 20 events (total so far: 140)
2026-05-08 18:00:36,339 [INFO] Matchbook: fetched page offset=140, 20 events (total so far: 160)
2026-05-08 18:00:36,661 [INFO] Matchbook: fetched page offset=160, 20 events (total so far: 180)
2026-05-08 18:00:36,971 [INFO] Matchbook: fetched page offset=180, 20 events (total so far: 200)
2026-05-08 18:00:37,293 [INFO] Matchbook: fetched page offset=200, 20 events (total so far: 220)
2026-05-08 18:00:37,593 [INFO] Matchbook: fetched page offset=220, 20 events (total so far: 240)
2026-05-08 18:00:37,914 [INFO] Matchbook: fetched page offset=240, 20 events (total so far: 260)
2026-05-08 18:00:38,228 [INFO] Matchbook: fetched page offset=260, 20 events (total so far: 280)
2026-05-08 18:00:38,526 [INFO] Matchbook: fetched page offset=280, 20 events (total so far: 300)
2026-05-08 18:00:38,938 [INFO] Matchbook: fetched page offset=300, 20 events (total so far: 320)
2026-05-08 18:00:39,259 [INFO] Matchbook: fetched page offset=320, 20 events (total so far: 340)
2026-05-08 18:00:39,581 [INFO] Matchbook: fetched page offset=340, 20 events (total so far: 360)
2026-05-08 18:00:39,893 [INFO] Matchbook: fetched page offset=360, 20 events (total so far: 380)
2026-05-08 18:00:40,165 [INFO] Matchbook: fetched page offset=380, 20 events (total so far: 400)
2026-05-08 18:00:40,404 [INFO] Matchbook: fetched page offset=400, 13 events (total so far: 413)
2026-05-08 18:00:40,405 [INFO] Matchbook: processing 413 events
2026-05-08 18:00:40,421 [INFO] Matchbook: processed 20/413 events, 274 markets so far
2026-05-08 18:00:40,437 [INFO] Matchbook: processed 40/413 events, 696 markets so far
2026-05-08 18:00:40,454 [INFO] Matchbook: processed 60/413 events, 1176 markets so far
2026-05-08 18:00:40,487 [INFO] Matchbook: processed 80/413 events, 1943 markets so far
2026-05-08 18:00:40,515 [INFO] Matchbook: processed 100/413 events, 2665 markets so far
2026-05-08 18:00:40,583 [INFO] Matchbook: processed 120/413 events, 3205 markets so far
2026-05-08 18:00:40,602 [INFO] Matchbook: processed 140/413 events, 3767 markets so far
2026-05-08 18:00:40,614 [INFO] Matchbook: processed 160/413 events, 4151 markets so far
2026-05-08 18:00:40,639 [INFO] Matchbook: processed 180/413 events, 4746 markets so far
2026-05-08 18:00:40,662 [INFO] Matchbook: processed 200/413 events, 5449 markets so far
2026-05-08 18:00:40,685 [INFO] Matchbook: processed 220/413 events, 6122 markets so far
2026-05-08 18:00:40,704 [INFO] Matchbook: processed 240/413 events, 6723 markets so far
2026-05-08 18:00:40,727 [INFO] Matchbook: processed 260/413 events, 7473 markets so far
2026-05-08 18:00:40,762 [INFO] Matchbook: processed 280/413 events, 8189 markets so far
2026-05-08 18:00:40,781 [INFO] Matchbook: processed 300/413 events, 8807 markets so far
2026-05-08 18:00:40,810 [INFO] Matchbook: processed 320/413 events, 9628 markets so far
2026-05-08 18:00:40,832 [INFO] Matchbook: processed 340/413 events, 10412 markets so far
2026-05-08 18:00:40,861 [INFO] Matchbook: processed 360/413 events, 11217 markets so far
2026-05-08 18:00:40,879 [INFO] Matchbook: processed 380/413 events, 11780 markets so far
2026-05-08 18:00:40,890 [INFO] Matchbook: processed 400/413 events, 12055 markets so far
2026-05-08 18:00:40,892 [INFO] Matchbook: processed 413/413 events, 12068 markets so far
2026-05-08 18:00:40,892 [INFO] Matchbook: 12069 total markets, 692 above 100 GBP volume
2026-05-08 18:00:40,977 [INFO] matchbook: 12069 total, 692 above 100 GBP threshold
2026-05-08 18:00:41,303 [INFO] Snapshot written: /home/jwfalc/smarkets-bot/data/snapshots/matchbook/2026-05-08_17-00.json
2026-05-08 18:00:41,477 [INFO] Market log updated (matchbook)
2026-05-08 18:01:07,610 [INFO] Scanner complete for matchbook. Snapshot: 2026-05-08_17-00.json
2026-05-08 18:01:08,605 [RESEARCHER] betfair: 94 tradeable markets from 2026-05-08_17-00.json
2026-05-08 18:01:08,663 [RESEARCHER] matchbook: 692 tradeable markets from 2026-05-08_17-00.json
2026-05-08 18:01:08,671 [RESEARCHER] Market selection: 1 politics/current-affairs + 3 matchbook-matchday + 12 other-sports = 16 total
2026-05-08 18:01:08,672 [RESEARCHER] [1/16] Farrer By Election 2026
2026-05-08 18:01:13,413 [RESEARCHER] [2/16] Match Odds
2026-05-08 18:01:17,124 [RESEARCHER] [3/16] Match Odds
2026-05-08 18:01:20,782 [RESEARCHER] [4/16] Match Odds
2026-05-08 18:01:24,941 [RESEARCHER] [5/16] Match Odds
2026-05-08 18:01:28,810 [RESEARCHER] [6/16] Winner
2026-05-08 18:01:33,129 [RESEARCHER] [7/16] Winner
2026-05-08 18:01:36,505 [RESEARCHER] [8/16] Winner
2026-05-08 18:01:40,432 [RESEARCHER] [9/16] Winner
2026-05-08 18:01:44,380 [RESEARCHER] [10/16] Match Odds
2026-05-08 18:01:48,309 [RESEARCHER] [11/16] Winner
2026-05-08 18:01:52,033 [RESEARCHER] [12/16] Bangladesh 1st Innings Runs Line
2026-05-08 18:01:56,346 [RESEARCHER] [13/16] To Be Relegated
2026-05-08 18:02:00,495 [RESEARCHER] [14/16] Winner
2026-05-08 18:02:04,211 [RESEARCHER] [15/16] Winner
2026-05-08 18:02:08,004 [RESEARCHER] [16/16] Winner
2026-05-08 18:02:11,815 [RESEARCHER] Research brief written: 2026-05-08_17-02_brief.json
2026-05-08 18:02:11,816 [RESEARCHER] Markets: 16 | Errors: 0 | Credits used: 33
BRIEF_PATH:/home/jwfalc/smarkets-bot/data/research/2026-05-08_17-02_brief.json
2026-05-08 18:02:12,219 [ANALYZER] Loading research brief: 2026-05-08_17-02_brief.json
2026-05-08 18:02:12,329 [ANALYZER] Analyzed 16 markets
2026-05-08 18:02:12,329 [ANALYZER] Found 5 signals (10pp+)
2026-05-08 18:02:12,329 [ANALYZER] Logged 10 distribution entries (7pp+)
2026-05-08 18:02:12,344 [ANALYZER] Research output written: 2026-05-08_17-02_research.json
RESEARCH_PATH:/home/jwfalc/smarkets-bot/data/research/2026-05-08_17-02_research.json
2026-05-08 18:02:13,101 [INFO] ============================================================
2026-05-08 18:02:13,102 [INFO] DIGEST RUN STARTED
2026-05-08 18:02:13,102 [INFO] ============================================================
2026-05-08 18:02:17,332 [INFO] Dashboard data written: /home/jwfalc/smarkets-bot/dashboard/dashboard_data.json
2026-05-08 18:02:17,374 [INFO] Period logs updated: 2026-05-08, 2026-W19, 2026-05, 2026-Q2
2026-05-08 18:02:17,374 [INFO] Run log: [2026-05-08 17:02 UTC] status=signal | platforms=betfair,matchbook | markets=786 | signals=5 | alerts=0 | movements=10 | consec_losses=0
2026-05-08 18:02:17,374 [INFO] Digest complete
Balance: £73.58 | Reserved: £317.81 | Available: £-244.23
Skipping (insufficient balance): Match Odds needs £5.00, only £-244.23 available
Skipping (insufficient balance): Match Odds needs £5.00, only £-244.23 available
Skipping (insufficient balance): To Be Relegated needs £1.60, only £-244.23 available
Skipping (insufficient balance): Winner needs £5.00, only £-244.23 available
Skipping (insufficient balance): Winner needs £5.00, only £-244.23 available
No new paper trades to log
Distribution log updated: 6 new entries added
Total entries: 342
  7-9pp: 63 total, 6 resolved
  10-11pp: 50 total, 7 resolved
  12pp+: 229 total, 56 resolved

REVIEW DUE: 12pp+ band has 19 resolved entries (threshold: 12)
  Run: python distribution_logger.py report
  Then run: prompts/prompt_review_v1.md

REVIEW DUE: 12pp+ band has 19 resolved entries (threshold: 12)
  Run: python distribution_logger.py report
  Then run: prompts/prompt_review_v1.md
EXIT_CODE:0
Sent
2026-05-08 18:02:20 [DEPLOY] Starting dashboard deploy...
HTML written OK
2026-05-08 18:02:20 [DEPLOY] Static HTML built
[main 1c5251f] Deploy: 2026-05-08 18:02 UTC
 1 file changed, 1 insertion(+), 1 deletion(-)
To https://github.com/jwfalc-coder/smarkets-dashboard.git
   701793c..1c5251f  main -> main
2026-05-08 18:02:20 [DEPLOY] Deploy complete: Deploy: 2026-05-08 18:02 UTC
