Sent
2026-06-04 06:00:02,690 [INFO] ============================================================
2026-06-04 06:00:02,690 [INFO] SCANNER RUN STARTED - BETFAIR
2026-06-04 06:00:02,691 [INFO] ============================================================
2026-06-04 06:00:03,083 [INFO] Cached Betfair session too old, re-logging in
2026-06-04 06:00:03,083 [INFO] Betfair login attempt 1/3
2026-06-04 06:00:03,240 [INFO] Betfair login successful
2026-06-04 06:00:03,383 [INFO] Catalogue: 100 markets for sport ID 1
2026-06-04 06:00:03,516 [INFO] Catalogue: 100 markets for sport ID 2
2026-06-04 06:00:03,634 [INFO] Catalogue: 100 markets for sport ID 7
2026-06-04 06:00:03,763 [INFO] Catalogue: 100 markets for sport ID 4
2026-06-04 06:00:03,841 [INFO] Catalogue: 0 markets for sport ID 2378961
2026-06-04 06:00:03,952 [INFO] Catalogue: 78 markets for sport ID 3
2026-06-04 06:00:04,135 [INFO] Catalogue: 77 markets for sport ID 7522
2026-06-04 06:00:04,203 [INFO] Catalogue: 0 markets for sport ID 6423
2026-06-04 06:00:04,203 [INFO] Betfair: fetching prices for 555 markets...
2026-06-04 06:00:08,824 [INFO] Betfair: enriching 555 markets with price data...
2026-06-04 06:00:08,828 [INFO] Betfair: enriched 50/555 markets, 12 tradeable so far
2026-06-04 06:00:08,833 [INFO] Betfair: enriched 100/555 markets, 16 tradeable so far
2026-06-04 06:00:08,836 [INFO] Betfair: enriched 150/555 markets, 21 tradeable so far
2026-06-04 06:00:08,840 [INFO] Betfair: enriched 200/555 markets, 25 tradeable so far
2026-06-04 06:00:08,847 [INFO] Betfair: enriched 250/555 markets, 37 tradeable so far
2026-06-04 06:00:08,854 [INFO] Betfair: enriched 300/555 markets, 42 tradeable so far
2026-06-04 06:00:08,857 [INFO] Betfair: enriched 350/555 markets, 52 tradeable so far
2026-06-04 06:00:08,859 [INFO] Betfair: enriched 400/555 markets, 56 tradeable so far
2026-06-04 06:00:08,893 [INFO] Betfair: enriched 450/555 markets, 103 tradeable so far
2026-06-04 06:00:08,927 [INFO] Betfair: enriched 500/555 markets, 131 tradeable so far
2026-06-04 06:00:08,976 [INFO] Betfair: enriched 550/555 markets, 137 tradeable so far
2026-06-04 06:00:08,983 [INFO] Betfair: enriched 555/555 markets, 139 tradeable so far
2026-06-04 06:00:08,983 [INFO] Betfair: 555 total markets, 139 above 100 GBP volume
2026-06-04 06:00:09,105 [INFO] Outrights: 22 markets for sport 1
2026-06-04 06:00:09,192 [INFO] Outrights: 17 markets for sport 3
2026-06-04 06:00:09,261 [INFO] Outrights: 1 markets for sport 2378961
2026-06-04 06:00:09,653 [INFO] Outrights: 37 markets above 25 GBP
2026-06-04 06:00:09,659 [INFO] Betfair: added 26 outright markets for cross-ref
2026-06-04 06:00:09,661 [INFO] betfair: 581 total, 165 above 100 GBP threshold
2026-06-04 06:00:09,924 [INFO] Snapshot written: /home/jwfalc/smarkets-bot/data/snapshots/betfair/2026-06-04_05-00.json
2026-06-04 06:00:10,063 [INFO] Market log updated (betfair)
2026-06-04 06:00:35,416 [INFO] Scanner complete for betfair. Snapshot: 2026-06-04_05-00.json
2026-06-04 06:00:35,732 [INFO] ============================================================
2026-06-04 06:00:35,732 [INFO] SCANNER RUN STARTED - MATCHBOOK
2026-06-04 06:00:35,732 [INFO] ============================================================
2026-06-04 06:00:36,076 [INFO] Matchbook login attempt 1/3
2026-06-04 06:00:36,239 [INFO] Matchbook login successful
2026-06-04 06:00:36,240 [INFO] Matchbook: fetching events with prices for 15 sports...
2026-06-04 06:00:36,342 [INFO] Matchbook: fetched page offset=0, 20 events (total so far: 20)
2026-06-04 06:00:36,572 [INFO] Matchbook: fetched page offset=20, 20 events (total so far: 40)
2026-06-04 06:00:36,822 [INFO] Matchbook: fetched page offset=40, 20 events (total so far: 60)
2026-06-04 06:00:37,055 [INFO] Matchbook: fetched page offset=60, 20 events (total so far: 80)
2026-06-04 06:00:37,302 [INFO] Matchbook: fetched page offset=80, 20 events (total so far: 100)
2026-06-04 06:00:37,540 [INFO] Matchbook: fetched page offset=100, 20 events (total so far: 120)
2026-06-04 06:00:37,790 [INFO] Matchbook: fetched page offset=120, 20 events (total so far: 140)
2026-06-04 06:00:38,092 [INFO] Matchbook: fetched page offset=140, 20 events (total so far: 160)
2026-06-04 06:00:38,355 [INFO] Matchbook: fetched page offset=160, 20 events (total so far: 180)
2026-06-04 06:00:38,621 [INFO] Matchbook: fetched page offset=180, 20 events (total so far: 200)
2026-06-04 06:00:38,900 [INFO] Matchbook: fetched page offset=200, 20 events (total so far: 220)
2026-06-04 06:00:39,130 [INFO] Matchbook: fetched page offset=220, 1 events (total so far: 221)
2026-06-04 06:00:39,131 [INFO] Matchbook: processing 221 events
2026-06-04 06:00:39,151 [INFO] Matchbook: processed 20/221 events, 21 markets so far
2026-06-04 06:00:39,153 [INFO] Matchbook: processed 40/221 events, 41 markets so far
2026-06-04 06:00:39,156 [INFO] Matchbook: processed 60/221 events, 91 markets so far
2026-06-04 06:00:39,161 [INFO] Matchbook: processed 80/221 events, 113 markets so far
2026-06-04 06:00:39,167 [INFO] Matchbook: processed 100/221 events, 135 markets so far
2026-06-04 06:00:39,168 [INFO] Matchbook: processed 120/221 events, 155 markets so far
2026-06-04 06:00:39,175 [INFO] Matchbook: processed 140/221 events, 262 markets so far
2026-06-04 06:00:39,197 [INFO] Matchbook: processed 160/221 events, 647 markets so far
2026-06-04 06:00:39,209 [INFO] Matchbook: processed 180/221 events, 834 markets so far
2026-06-04 06:00:39,220 [INFO] Matchbook: processed 200/221 events, 885 markets so far
2026-06-04 06:00:39,229 [INFO] Matchbook: processed 220/221 events, 940 markets so far
2026-06-04 06:00:39,229 [INFO] Matchbook: processed 221/221 events, 941 markets so far
2026-06-04 06:00:39,230 [INFO] Matchbook: 942 total markets, 223 above 25 GBP volume
2026-06-04 06:00:39,253 [INFO] matchbook: 942 total, 223 above 25 GBP threshold
2026-06-04 06:00:39,390 [INFO] Snapshot written: /home/jwfalc/smarkets-bot/data/snapshots/matchbook/2026-06-04_05-00.json
2026-06-04 06:00:39,466 [INFO] Market log updated (matchbook)
2026-06-04 06:01:05,104 [INFO] Scanner complete for matchbook. Snapshot: 2026-06-04_05-00.json
2026-06-04 06:01:05,749 [RESEARCHER] Prior index loaded: 107 known runners
2026-06-04 06:01:05,806 [RESEARCHER] betfair: 165 tradeable markets from 2026-06-04_05-00.json
2026-06-04 06:01:05,807 [RESEARCHER] Market selection: 1 politics + 7 outrights + 8 other sports = 16 total (platforms: ['betfair'])
2026-06-04 06:01:05,807 [RESEARCHER] [1/16] Makerfield - Restore Britain Vote Percentage
2026-06-04 06:01:10,800 [RESEARCHER] [2/16] Winner
2026-06-04 06:01:18,020 [RESEARCHER] [3/16] Winner
2026-06-04 06:01:26,281 [RESEARCHER]   Prior history injected for Scottie Scheffler
2026-06-04 06:01:26,281 [RESEARCHER]   Prior history injected for Ludvig Aberg
2026-06-04 06:01:26,282 [RESEARCHER]   Prior history injected for Rory McIlroy
2026-06-04 06:01:26,282 [RESEARCHER]   Prior history injected for Si Woo Kim
2026-06-04 06:01:26,282 [RESEARCHER]   Prior history injected for Xander Schauffele
2026-06-04 06:01:26,283 [RESEARCHER]   Prior history injected for Cameron Young
2026-06-04 06:01:26,283 [RESEARCHER] [4/16] Winner
2026-06-04 06:01:34,452 [RESEARCHER]   Prior history injected for Daniel Hillier
2026-06-04 06:01:34,452 [RESEARCHER]   Prior history injected for Jacob Skov Olesen
2026-06-04 06:01:34,453 [RESEARCHER] [5/16] Winner
2026-06-04 06:01:43,626 [RESEARCHER]   Prior history injected for Jon Rahm
2026-06-04 06:01:43,626 [RESEARCHER]   Prior history injected for Bryson DeChambeau
2026-06-04 06:01:43,627 [RESEARCHER] [6/16] Winner
2026-06-04 06:01:47,886 [RESEARCHER]   Prior history injected for Scottie Scheffler
2026-06-04 06:01:47,887 [RESEARCHER]   Prior history injected for Rory McIlroy
2026-06-04 06:01:47,887 [RESEARCHER]   Prior history injected for Jon Rahm
2026-06-04 06:01:47,888 [RESEARCHER]   Prior history injected for Cameron Young
2026-06-04 06:01:47,888 [RESEARCHER]   Prior history injected for Ludvig Aberg
2026-06-04 06:01:47,888 [RESEARCHER]   Prior history injected for Xander Schauffele
2026-06-04 06:01:47,889 [RESEARCHER] [7/16] Winner
2026-06-04 06:01:54,535 [RESEARCHER]   Prior history injected for Scottie Scheffler
2026-06-04 06:01:54,535 [RESEARCHER]   Prior history injected for Rory McIlroy
2026-06-04 06:01:54,536 [RESEARCHER]   Prior history injected for Jon Rahm
2026-06-04 06:01:54,536 [RESEARCHER]   Prior history injected for Xander Schauffele
2026-06-04 06:01:54,536 [RESEARCHER]   Prior history injected for Cameron Young
2026-06-04 06:01:54,537 [RESEARCHER] [8/16] Top 10 Finish
2026-06-04 06:01:56,606 [RESEARCHER]   Prior history injected for Scottie Scheffler
2026-06-04 06:01:56,607 [RESEARCHER]   Prior history injected for Ludvig Aberg
2026-06-04 06:01:56,607 [RESEARCHER]   Prior history injected for Rory McIlroy
2026-06-04 06:01:56,607 [RESEARCHER]   Prior history injected for Si Woo Kim
2026-06-04 06:01:56,608 [RESEARCHER]   Prior history injected for Xander Schauffele
2026-06-04 06:01:56,608 [RESEARCHER]   Prior history injected for Cameron Young
2026-06-04 06:01:56,608 [RESEARCHER] [9/16] Match Odds
2026-06-04 06:02:04,145 [RESEARCHER]   Prior history injected for The Draw
2026-06-04 06:02:04,146 [RESEARCHER] [10/16] NBA Championship Winner
2026-06-04 06:02:11,058 [RESEARCHER]   Prior history injected for San Antonio Spurs
2026-06-04 06:02:11,059 [RESEARCHER]   Prior history injected for Sacramento Kings
2026-06-04 06:02:11,059 [RESEARCHER] [11/16] Match Odds
2026-06-04 06:02:19,019 [RESEARCHER]   Prior history injected for Pakistan
2026-06-04 06:02:19,019 [RESEARCHER] [12/16] Winner 2026/27
2026-06-04 06:02:25,480 [RESEARCHER]   Prior history injected for Arsenal
2026-06-04 06:02:25,481 [RESEARCHER]   Prior history injected for Man City
2026-06-04 06:02:25,481 [RESEARCHER]   Prior history injected for Liverpool
2026-06-04 06:02:25,482 [RESEARCHER]   Prior history injected for Chelsea
2026-06-04 06:02:25,482 [RESEARCHER]   Prior history injected for Aston Villa
2026-06-04 06:02:25,482 [RESEARCHER] [13/16] 1st Round Leader
2026-06-04 06:02:27,346 [RESEARCHER]   Prior history injected for Daniel Hillier
2026-06-04 06:02:27,346 [RESEARCHER]   Prior history injected for Jacob Skov Olesen
2026-06-04 06:02:27,347 [RESEARCHER] [14/16] 1st Round Leader
2026-06-04 06:02:29,275 [RESEARCHER]   Prior history injected for Scottie Scheffler
2026-06-04 06:02:29,275 [RESEARCHER]   Prior history injected for Ludvig Aberg
2026-06-04 06:02:29,276 [RESEARCHER]   Prior history injected for Rory McIlroy
2026-06-04 06:02:29,276 [RESEARCHER]   Prior history injected for Si Woo Kim
2026-06-04 06:02:29,276 [RESEARCHER]   Prior history injected for Xander Schauffele
2026-06-04 06:02:29,277 [RESEARCHER]   Prior history injected for Cameron Young
2026-06-04 06:02:29,277 [RESEARCHER] [15/16] Joost Luiten vs Mikael Lindberg
2026-06-04 06:02:37,393 [RESEARCHER] [16/16] Name the Finalists
2026-06-04 06:02:43,967 [RESEARCHER] Research brief written: 2026-06-04_05-02_brief.json
2026-06-04 06:02:43,968 [RESEARCHER] Markets: 16 | Errors: 0 | Credits used: 72
BRIEF_PATH:/home/jwfalc/smarkets-bot/data/research/2026-06-04_05-02_brief.json
2026-06-04 06:02:44,288 [ANALYZER] Loading research brief: 2026-06-04_05-02_brief.json
2026-06-04 06:02:44,510 [ANALYZER] Betfair cross-ref index: 5123 runners
2026-06-04 06:02:44,518 [ANALYZER] Analyzed 16 markets
2026-06-04 06:02:44,519 [ANALYZER] Found 10 signals (10pp+)
2026-06-04 06:02:44,519 [ANALYZER] Logged 12 distribution entries (7pp+)
2026-06-04 06:02:44,536 [ANALYZER] Research output written: 2026-06-04_05-02_research.json
2026-06-04 06:02:44,539 [ANALYZER] Appended 85 edge traces to edge_traces.json
RESEARCH_PATH:/home/jwfalc/smarkets-bot/data/research/2026-06-04_05-02_research.json
2026-06-04 06:02:45,098 [RESOLVE] Found 21 open trade(s) to check (paper_mode=True)
2026-06-04 06:02:45,166 [RESOLVE] Using cached Betfair session token
2026-06-04 06:02:45,166 [RESOLVE] Betfair: checking 15 open-trade markets
2026-06-04 06:02:55,115 [RESOLVE] Snapshot name lookup: found mappings for 15 markets
2026-06-04 06:02:55,242 [RESOLVE] Betfair settled: market=1.258828185 winner=New York Liberty (1174351)
2026-06-04 06:02:55,330 [RESOLVE] Settled markets found: 1
2026-06-04 06:02:55,425 [RESOLVE]   [betfair] Moneyline | WIN | P&L: +1.06 | Selection: New York Liberty | Winner: New York Liberty
2026-06-04 06:02:55,425 [RESOLVE] Resolution alert: Moneyline pnl=+1.06
2026-06-04 06:02:55,538 [RESOLVE] Telegram notification sent
2026-06-04 06:02:55,566 [RESOLVE] Auto-resolved 1 trade(s). Running P&L: +332.73 | W/L: 132/79 | ROI: 35.38%
2026-06-04 06:02:56,180 [INFO] ============================================================
2026-06-04 06:02:56,181 [INFO] DIGEST RUN STARTED
2026-06-04 06:02:56,181 [INFO] ============================================================
2026-06-04 06:03:00,348 [INFO] Sending signal alert: Top 10 Finish edge=28.47pp
2026-06-04 06:03:00,464 [INFO] Telegram notification sent
2026-06-04 06:03:00,465 [INFO] Sending signal alert: Top 10 Finish edge=15.44pp
2026-06-04 06:03:00,593 [INFO] Telegram notification sent
2026-06-04 06:03:00,594 [INFO] Sent 2 Telegram signal alerts
2026-06-04 06:03:00,642 [INFO] Dashboard data written: /home/jwfalc/smarkets-bot/dashboard/dashboard_data.json
2026-06-04 06:03:00,698 [INFO] Period logs updated: 2026-06-04, 2026-W23, 2026-06, 2026-Q2
2026-06-04 06:03:00,699 [INFO] Run log: [2026-06-04 05:02 UTC] status=signal | platforms=betfair,matchbook | markets=388 | signals=10 | alerts=2 | movements=10 | consec_losses=0
2026-06-04 06:03:00,699 [INFO] Digest complete
Balance: £432.73 | Reserved: £96.19 | Available: £336.54
Reduced stake: Winner edge 14.4pp < 15.0pp → £4.35 (87%)
Skipping (already open): Winner BACK
Reduced stake: Winner edge 13.2pp < 15.0pp → £3.15 (63%)
Skipping (already open): Winner BACK
Skipping (already open): Top 10 Finish LAY
Skipping (already open): Top 10 Finish LAY
Skipping (already open): Top 10 Finish LAY
Skipping (already open): Top 10 Finish LAY
Skipping (already open): Top 10 Finish LAY
Reduced stake: Top 10 Finish edge 11.8pp < 12pp → £4.45 (89%)
Skipping (already open): Top 10 Finish LAY
No new paper trades to log
Distribution log updated: 12 new entries added
Total entries: 882
  near_certainty: 7 total, 6 resolved
  high_prob: 21 total, 11 resolved
  7-9pp: 259 total, 98 resolved
  10-11pp: 115 total, 46 resolved
  12pp+: 480 total, 360 resolved

REVIEW DUE: 7-9pp band has 98 resolved entries (threshold: 12)
  Run: python distribution_logger.py report
  Then run: prompts/prompt_review_v1.md

REVIEW DUE: 7-9pp band has 98 resolved entries (threshold: 12)
  Run: python distribution_logger.py report
  Then run: prompts/prompt_review_v1.md
EXIT_CODE:0
Sent
2026-06-04 06:03:03,675 [STATIC-DASH] Building dashboard data…
2026-06-04 06:03:04,783 [STATIC-DASH] Data collected: 232 trades, 49 signals, 388 markets
2026-06-04 06:03:04,997 [STATIC-DASH] Written: /home/jwfalc/smarkets-dashboard/index.html (2834KB)
2026-06-04 06:03:05 [DEPLOY] Starting dashboard deploy...
WARNING: could not find injection point in HTML
HTML written OK
2026-06-04 06:03:05 [DEPLOY] Static HTML built
[main d7c8cb7] Deploy: 2026-06-04 06:03 UTC
 1 file changed, 1 insertion(+), 1 deletion(-)
To https://github.com/jwfalc-coder/smarkets-dashboard.git
   491703f..d7c8cb7  main -> main
2026-06-04 06:03:05 [DEPLOY] Deploy complete: Deploy: 2026-06-04 06:03 UTC
[main 0c32e05] log: routine_2026-06-04_0600
 1 file changed, 213 insertions(+)
 create mode 100644 data/routine_logs/routine_2026-06-04_0600.log
From https://github.com/jwfalc-coder/betting-auditor
 * branch            main       -> FETCH_HEAD
Current branch main is up to date.
To https://github.com/jwfalc-coder/betting-auditor.git
   5e799bc..0c32e05  main -> main
