Sent
2026-06-01 14:00:12,398 [INFO] ============================================================
2026-06-01 14:00:12,399 [INFO] SCANNER RUN STARTED - BETFAIR
2026-06-01 14:00:12,399 [INFO] ============================================================
2026-06-01 14:00:12,803 [INFO] Cached Betfair session too old, re-logging in
2026-06-01 14:00:12,804 [INFO] Betfair login attempt 1/3
2026-06-01 14:00:12,960 [INFO] Betfair login successful
2026-06-01 14:00:13,114 [INFO] Catalogue: 100 markets for sport ID 1
2026-06-01 14:00:13,235 [INFO] Catalogue: 100 markets for sport ID 2
2026-06-01 14:00:13,352 [INFO] Catalogue: 100 markets for sport ID 7
2026-06-01 14:00:13,455 [INFO] Catalogue: 92 markets for sport ID 4
2026-06-01 14:00:13,555 [INFO] Catalogue: 2 markets for sport ID 2378961
2026-06-01 14:00:13,628 [INFO] Catalogue: 0 markets for sport ID 3
2026-06-01 14:00:13,829 [INFO] Catalogue: 87 markets for sport ID 7522
2026-06-01 14:00:13,907 [INFO] Catalogue: 0 markets for sport ID 6423
2026-06-01 14:00:13,907 [INFO] Betfair: fetching prices for 481 markets...
2026-06-01 14:00:18,000 [INFO] Betfair: enriching 481 markets with price data...
2026-06-01 14:00:18,008 [INFO] Betfair: enriched 50/481 markets, 4 tradeable so far
2026-06-01 14:00:18,017 [INFO] Betfair: enriched 100/481 markets, 10 tradeable so far
2026-06-01 14:00:18,020 [INFO] Betfair: enriched 150/481 markets, 11 tradeable so far
2026-06-01 14:00:18,025 [INFO] Betfair: enriched 200/481 markets, 13 tradeable so far
2026-06-01 14:00:18,037 [INFO] Betfair: enriched 250/481 markets, 48 tradeable so far
2026-06-01 14:00:18,047 [INFO] Betfair: enriched 300/481 markets, 70 tradeable so far
2026-06-01 14:00:18,052 [INFO] Betfair: enriched 350/481 markets, 78 tradeable so far
2026-06-01 14:00:18,065 [INFO] Betfair: enriched 400/481 markets, 86 tradeable so far
2026-06-01 14:00:18,147 [INFO] Betfair: enriched 450/481 markets, 107 tradeable so far
2026-06-01 14:00:18,178 [INFO] Betfair: enriched 481/481 markets, 111 tradeable so far
2026-06-01 14:00:18,179 [INFO] Betfair: 481 total markets, 111 above 100 GBP volume
2026-06-01 14:00:18,286 [INFO] Outrights: 20 markets for sport 1
2026-06-01 14:00:18,388 [INFO] Outrights: 12 markets for sport 3
2026-06-01 14:00:18,464 [INFO] Outrights: 1 markets for sport 2378961
2026-06-01 14:00:18,810 [INFO] Outrights: 27 markets above 25 GBP
2026-06-01 14:00:18,815 [INFO] Betfair: added 27 outright markets for cross-ref
2026-06-01 14:00:18,815 [INFO] betfair: 508 total, 138 above 100 GBP threshold
2026-06-01 14:00:19,102 [INFO] Snapshot written: /home/jwfalc/smarkets-bot/data/snapshots/betfair/2026-06-01_13-00.json
2026-06-01 14:00:19,265 [INFO] Market log updated (betfair)
2026-06-01 14:00:43,798 [INFO] Scanner complete for betfair. Snapshot: 2026-06-01_13-00.json
2026-06-01 14:00:44,111 [INFO] ============================================================
2026-06-01 14:00:44,112 [INFO] SCANNER RUN STARTED - MATCHBOOK
2026-06-01 14:00:44,112 [INFO] ============================================================
2026-06-01 14:00:44,459 [INFO] Matchbook login attempt 1/3
2026-06-01 14:00:44,626 [INFO] Matchbook login successful
2026-06-01 14:00:44,627 [INFO] Matchbook: fetching events with prices for 15 sports...
2026-06-01 14:00:44,711 [INFO] Matchbook: fetched page offset=0, 20 events (total so far: 20)
2026-06-01 14:00:45,018 [INFO] Matchbook: fetched page offset=20, 20 events (total so far: 40)
2026-06-01 14:00:45,354 [INFO] Matchbook: fetched page offset=40, 20 events (total so far: 60)
2026-06-01 14:00:45,695 [INFO] Matchbook: fetched page offset=60, 20 events (total so far: 80)
2026-06-01 14:00:45,933 [INFO] Matchbook: fetched page offset=80, 20 events (total so far: 100)
2026-06-01 14:00:46,165 [INFO] Matchbook: fetched page offset=100, 20 events (total so far: 120)
2026-06-01 14:00:46,421 [INFO] Matchbook: fetched page offset=120, 20 events (total so far: 140)
2026-06-01 14:00:46,656 [INFO] Matchbook: fetched page offset=140, 20 events (total so far: 160)
2026-06-01 14:00:46,903 [INFO] Matchbook: fetched page offset=160, 17 events (total so far: 177)
2026-06-01 14:00:46,903 [INFO] Matchbook: processing 177 events
2026-06-01 14:00:46,906 [INFO] Matchbook: processed 20/177 events, 74 markets so far
2026-06-01 14:00:46,913 [INFO] Matchbook: processed 40/177 events, 273 markets so far
2026-06-01 14:00:46,929 [INFO] Matchbook: processed 60/177 events, 708 markets so far
2026-06-01 14:00:46,946 [INFO] Matchbook: processed 80/177 events, 1193 markets so far
2026-06-01 14:00:46,948 [INFO] Matchbook: processed 100/177 events, 1250 markets so far
2026-06-01 14:00:46,949 [INFO] Matchbook: processed 120/177 events, 1270 markets so far
2026-06-01 14:00:46,954 [INFO] Matchbook: processed 140/177 events, 1297 markets so far
2026-06-01 14:00:46,955 [INFO] Matchbook: processed 160/177 events, 1317 markets so far
2026-06-01 14:00:46,957 [INFO] Matchbook: processed 177/177 events, 1334 markets so far
2026-06-01 14:00:46,958 [INFO] Matchbook: 1335 total markets, 248 above 25 GBP volume
2026-06-01 14:00:46,973 [INFO] matchbook: 1335 total, 248 above 25 GBP threshold
2026-06-01 14:00:47,067 [INFO] Snapshot written: /home/jwfalc/smarkets-bot/data/snapshots/matchbook/2026-06-01_13-00.json
2026-06-01 14:00:47,114 [INFO] Market log updated (matchbook)
2026-06-01 14:01:12,344 [INFO] Scanner complete for matchbook. Snapshot: 2026-06-01_13-00.json
2026-06-01 14:01:12,989 [RESEARCHER] Prior index loaded: 104 known runners
2026-06-01 14:01:13,050 [RESEARCHER] betfair: 138 tradeable markets from 2026-06-01_13-00.json
2026-06-01 14:01:13,051 [RESEARCHER] Market selection: 3 politics + 7 outrights + 8 other sports = 18 total (platforms: ['betfair'])
2026-06-01 14:01:13,052 [RESEARCHER] [1/18] Makerfield - Restore Britain Vote Percentage
2026-06-01 14:01:18,745 [RESEARCHER] [2/18] Los Angeles Mayoral Election
2026-06-01 14:01:24,461 [RESEARCHER] [3/18] Next Mayor of Seoul
2026-06-01 14:01:29,728 [RESEARCHER] [4/18] Winner
2026-06-01 14:01:36,805 [RESEARCHER] [5/18] Winner
2026-06-01 14:01:45,902 [RESEARCHER]   Prior history injected for Scottie Scheffler
2026-06-01 14:01:45,902 [RESEARCHER]   Prior history injected for Rory McIlroy
2026-06-01 14:01:45,903 [RESEARCHER]   Prior history injected for Jon Rahm
2026-06-01 14:01:45,903 [RESEARCHER]   Prior history injected for Xander Schauffele
2026-06-01 14:01:45,903 [RESEARCHER]   Prior history injected for Cameron Young
2026-06-01 14:01:45,904 [RESEARCHER] [6/18] Winner
2026-06-01 14:01:50,291 [RESEARCHER]   Prior history injected for Scottie Scheffler
2026-06-01 14:01:50,291 [RESEARCHER]   Prior history injected for Rory McIlroy
2026-06-01 14:01:50,292 [RESEARCHER]   Prior history injected for Jon Rahm
2026-06-01 14:01:50,292 [RESEARCHER]   Prior history injected for Cameron Young
2026-06-01 14:01:50,293 [RESEARCHER]   Prior history injected for Ludvig Aberg
2026-06-01 14:01:50,293 [RESEARCHER]   Prior history injected for Bryson DeChambeau
2026-06-01 14:01:50,293 [RESEARCHER] [7/18] Winner
2026-06-01 14:01:54,998 [RESEARCHER]   Prior history injected for Scottie Scheffler
2026-06-01 14:01:54,998 [RESEARCHER]   Prior history injected for Rory McIlroy
2026-06-01 14:01:54,999 [RESEARCHER]   Prior history injected for Jon Rahm
2026-06-01 14:01:54,999 [RESEARCHER]   Prior history injected for Cameron Young
2026-06-01 14:01:55,000 [RESEARCHER]   Prior history injected for Ludvig Aberg
2026-06-01 14:01:55,000 [RESEARCHER]   Prior history injected for Bryson DeChambeau
2026-06-01 14:01:55,000 [RESEARCHER] [8/18] Winner
2026-06-01 14:01:59,465 [RESEARCHER]   Prior history injected for Scottie Scheffler
2026-06-01 14:01:59,465 [RESEARCHER]   Prior history injected for Rory McIlroy
2026-06-01 14:01:59,465 [RESEARCHER]   Prior history injected for Cameron Young
2026-06-01 14:01:59,466 [RESEARCHER]   Prior history injected for Xander Schauffele
2026-06-01 14:01:59,466 [RESEARCHER]   Prior history injected for Ludvig Aberg
2026-06-01 14:01:59,466 [RESEARCHER]   Prior history injected for Matt Fitzpatrick
2026-06-01 14:01:59,467 [RESEARCHER] [9/18] Winner
2026-06-01 14:02:09,953 [RESEARCHER]   Prior history injected for Daniel Hillier
2026-06-01 14:02:09,954 [RESEARCHER]   Prior history injected for Casey Jarvis
2026-06-01 14:02:09,954 [RESEARCHER]   Prior history injected for Jacob Skov Olesen
2026-06-01 14:02:09,955 [RESEARCHER] [10/18] Winner
2026-06-01 14:02:18,574 [RESEARCHER] [11/18] Match Odds
2026-06-01 14:02:27,311 [RESEARCHER] [12/18] 1m Hcap
2026-06-01 14:02:32,933 [RESEARCHER] [13/18] 1m Hcap
2026-06-01 14:02:38,105 [RESEARCHER] [14/18] Winner 2026/27
2026-06-01 14:02:45,049 [RESEARCHER]   Prior history injected for Arsenal
2026-06-01 14:02:45,050 [RESEARCHER]   Prior history injected for Man City
2026-06-01 14:02:45,050 [RESEARCHER]   Prior history injected for Liverpool
2026-06-01 14:02:45,050 [RESEARCHER]   Prior history injected for Chelsea
2026-06-01 14:02:45,051 [RESEARCHER]   Prior history injected for Aston Villa
2026-06-01 14:02:45,051 [RESEARCHER] [15/18] Match Odds
2026-06-01 14:02:53,379 [RESEARCHER]   Prior history injected for Ireland W
2026-06-01 14:02:53,380 [RESEARCHER]   Prior history injected for West Indies W
2026-06-01 14:02:53,380 [RESEARCHER] [16/18] 2m Hcap Hrd
2026-06-01 14:02:58,387 [RESEARCHER] [17/18] 1m2f Hcap
2026-06-01 14:03:03,513 [RESEARCHER] [18/18] Winner 2026
2026-06-01 14:03:10,965 [RESEARCHER] Research brief written: 2026-06-01_13-03_brief.json
2026-06-01 14:03:10,965 [RESEARCHER] Markets: 18 | Errors: 0 | Credits used: 71
BRIEF_PATH:/home/jwfalc/smarkets-bot/data/research/2026-06-01_13-03_brief.json
2026-06-01 14:03:11,283 [ANALYZER] Loading research brief: 2026-06-01_13-03_brief.json
2026-06-01 14:03:11,505 [ANALYZER] Betfair cross-ref index: 3380 runners
2026-06-01 14:03:11,513 [ANALYZER] Analyzed 17 markets
2026-06-01 14:03:11,513 [ANALYZER] Found 5 signals (10pp+)
2026-06-01 14:03:11,513 [ANALYZER] Logged 15 distribution entries (7pp+)
2026-06-01 14:03:11,530 [ANALYZER] Research output written: 2026-06-01_13-03_research.json
2026-06-01 14:03:11,533 [ANALYZER] Appended 88 edge traces to edge_traces.json
RESEARCH_PATH:/home/jwfalc/smarkets-bot/data/research/2026-06-01_13-03_research.json
2026-06-01 14:03:12,098 [RESOLVE] Found 8 open trade(s) to check (paper_mode=True)
2026-06-01 14:03:12,167 [RESOLVE] Using cached Betfair session token
2026-06-01 14:03:12,167 [RESOLVE] Betfair: checking 8 open-trade markets
2026-06-01 14:03:21,489 [RESOLVE] Snapshot name lookup: found mappings for 8 markets
2026-06-01 14:03:21,586 [RESOLVE] Settled markets found: 0
2026-06-01 14:03:21,586 [RESOLVE] No open-trade markets have settled yet.
2026-06-01 14:03:22,205 [INFO] ============================================================
2026-06-01 14:03:22,205 [INFO] DIGEST RUN STARTED
2026-06-01 14:03:22,206 [INFO] ============================================================
2026-06-01 14:03:26,266 [INFO] Sending signal alert: Match Odds edge=15.45pp
2026-06-01 14:03:26,383 [INFO] Telegram notification sent
2026-06-01 14:03:26,385 [INFO] Sending signal alert: Winner edge=15.17pp
2026-06-01 14:03:26,537 [INFO] Telegram notification sent
2026-06-01 14:03:26,542 [INFO] Sent 2 Telegram signal alerts
2026-06-01 14:03:26,587 [INFO] Dashboard data written: /home/jwfalc/smarkets-bot/dashboard/dashboard_data.json
2026-06-01 14:03:26,639 [INFO] Period logs updated: 2026-06-01, 2026-W23, 2026-06, 2026-Q2
2026-06-01 14:03:26,639 [INFO] Run log: [2026-06-01 13:03 UTC] status=signal | platforms=betfair,matchbook | markets=386 | signals=5 | alerts=2 | movements=10 | consec_losses=0
2026-06-01 14:03:26,639 [INFO] Digest complete
Balance: £431.70 | Reserved: £21.05 | Available: £410.65
Reduced stake: Winner edge 14.2pp < 15.0pp → £4.15 (83%)
Skipping (already open): Winner BACK
Skipping (already open): Winner BACK
Reduced stake: Winner edge 14.2pp < 15.0pp → £4.15 (83%)
Logged paper trade: Winner - BACK @ 16.67% (edge: 14.17pp) [betfair] | available now £406.50
Logged paper trade: Match Odds - BACK @ 25.64% (edge: 15.45pp) [betfair] | available now £401.50
Reduced stake: Match Odds edge 14.0pp < 15.0pp → £4.00 (80%)
Skipping (conflicting back in same market): Match Odds

2 new paper trade(s) logged
Distribution log updated: 5 new entries added
Total entries: 815
  near_certainty: 6 total, 5 resolved
  high_prob: 17 total, 9 resolved
  7-9pp: 238 total, 98 resolved
  10-11pp: 102 total, 45 resolved
  12pp+: 452 total, 357 resolved

REVIEW DUE: 7-9pp band has 98 resolved entries (threshold: 12)
  Run: python distribution_logger.py report
  Then run: prompts/prompt_review_v1.md

REVIEW DUE: 7-9pp band has 98 resolved entries (threshold: 12)
  Run: python distribution_logger.py report
  Then run: prompts/prompt_review_v1.md
EXIT_CODE:0
Sent
2026-06-01 14:03:29,637 [STATIC-DASH] Building dashboard data…
2026-06-01 14:03:30,677 [STATIC-DASH] Data collected: 215 trades, 47 signals, 386 markets
2026-06-01 14:03:30,881 [STATIC-DASH] Written: /home/jwfalc/smarkets-dashboard/index.html (2725KB)
2026-06-01 14:03:31 [DEPLOY] Starting dashboard deploy...
WARNING: could not find injection point in HTML
HTML written OK
2026-06-01 14:03:31 [DEPLOY] Static HTML built
[main 4ded552] Deploy: 2026-06-01 14:03 UTC
 1 file changed, 1 insertion(+), 1 deletion(-)
To https://github.com/jwfalc-coder/smarkets-dashboard.git
   8c0791a..4ded552  main -> main
2026-06-01 14:03:31 [DEPLOY] Deploy complete: Deploy: 2026-06-01 14:03 UTC
[main fd29cb4] log: routine_2026-06-01_1400
 1 file changed, 190 insertions(+)
 create mode 100644 data/routine_logs/routine_2026-06-01_1400.log
From https://github.com/jwfalc-coder/betting-auditor
 * branch            main       -> FETCH_HEAD
Current branch main is up to date.
To https://github.com/jwfalc-coder/betting-auditor.git
   6693ff4..fd29cb4  main -> main
