Telegram connection error (attempt 1/3), retrying in 8s: ('Connection aborted.', ConnectionResetError(104, 'Connection reset by peer'))
Sent
2026-06-07 06:00:10,679 [INFO] ============================================================
2026-06-07 06:00:10,679 [INFO] SCANNER RUN STARTED - BETFAIR
2026-06-07 06:00:10,679 [INFO] ============================================================
2026-06-07 06:00:11,076 [INFO] Cached Betfair session too old, re-logging in
2026-06-07 06:00:11,077 [INFO] Betfair login attempt 1/3
2026-06-07 06:00:11,242 [INFO] Betfair login successful
2026-06-07 06:00:11,385 [INFO] Catalogue: 100 markets for sport ID 1
2026-06-07 06:00:11,503 [INFO] Catalogue: 100 markets for sport ID 2
2026-06-07 06:00:11,632 [INFO] Catalogue: 100 markets for sport ID 7
2026-06-07 06:00:11,738 [INFO] Catalogue: 100 markets for sport ID 4
2026-06-07 06:00:11,813 [INFO] Catalogue: 0 markets for sport ID 2378961
2026-06-07 06:00:11,909 [INFO] Catalogue: 62 markets for sport ID 3
2026-06-07 06:00:12,091 [INFO] Catalogue: 71 markets for sport ID 7522
2026-06-07 06:00:12,175 [INFO] Catalogue: 6 markets for sport ID 6423
2026-06-07 06:00:12,175 [INFO] Betfair: fetching prices for 539 markets...
2026-06-07 06:00:16,406 [INFO] Betfair: enriching 539 markets with price data...
2026-06-07 06:00:16,414 [INFO] Betfair: enriched 50/539 markets, 0 tradeable so far
2026-06-07 06:00:16,420 [INFO] Betfair: enriched 100/539 markets, 0 tradeable so far
2026-06-07 06:00:16,423 [INFO] Betfair: enriched 150/539 markets, 0 tradeable so far
2026-06-07 06:00:16,425 [INFO] Betfair: enriched 200/539 markets, 1 tradeable so far
2026-06-07 06:00:16,436 [INFO] Betfair: enriched 250/539 markets, 12 tradeable so far
2026-06-07 06:00:16,449 [INFO] Betfair: enriched 300/539 markets, 18 tradeable so far
2026-06-07 06:00:16,452 [INFO] Betfair: enriched 350/539 markets, 30 tradeable so far
2026-06-07 06:00:16,455 [INFO] Betfair: enriched 400/539 markets, 39 tradeable so far
2026-06-07 06:00:16,492 [INFO] Betfair: enriched 450/539 markets, 81 tradeable so far
2026-06-07 06:00:16,533 [INFO] Betfair: enriched 500/539 markets, 102 tradeable so far
2026-06-07 06:00:16,575 [INFO] Betfair: enriched 539/539 markets, 110 tradeable so far
2026-06-07 06:00:16,578 [INFO] Betfair: 539 total markets, 110 above 100 GBP volume
2026-06-07 06:00:16,685 [INFO] Outrights: 22 markets for sport 1
2026-06-07 06:00:16,770 [INFO] Outrights: 17 markets for sport 3
2026-06-07 06:00:16,840 [INFO] Outrights: 1 markets for sport 2378961
2026-06-07 06:00:17,224 [INFO] Outrights: 38 markets above 25 GBP
2026-06-07 06:00:17,230 [INFO] Betfair: added 27 outright markets for cross-ref
2026-06-07 06:00:17,231 [INFO] betfair: 566 total, 137 above 100 GBP threshold
2026-06-07 06:00:17,490 [INFO] Snapshot written: /home/jwfalc/smarkets-bot/data/snapshots/betfair/2026-06-07_05-00.json
2026-06-07 06:00:17,629 [INFO] Market log updated (betfair)
2026-06-07 06:00:42,212 [INFO] Scanner complete for betfair. Snapshot: 2026-06-07_05-00.json
2026-06-07 06:00:42,531 [INFO] ============================================================
2026-06-07 06:00:42,532 [INFO] SCANNER RUN STARTED - MATCHBOOK
2026-06-07 06:00:42,532 [INFO] ============================================================
2026-06-07 06:00:42,874 [INFO] Matchbook login attempt 1/3
2026-06-07 06:00:43,052 [INFO] Matchbook login successful
2026-06-07 06:00:43,053 [INFO] Matchbook: fetching events with prices for 15 sports...
2026-06-07 06:00:43,144 [INFO] Matchbook: fetched page offset=0, 20 events (total so far: 20)
2026-06-07 06:00:43,385 [INFO] Matchbook: fetched page offset=20, 20 events (total so far: 40)
2026-06-07 06:00:43,694 [INFO] Matchbook: fetched page offset=40, 20 events (total so far: 60)
2026-06-07 06:00:43,966 [INFO] Matchbook: fetched page offset=60, 20 events (total so far: 80)
2026-06-07 06:00:44,285 [INFO] Matchbook: fetched page offset=80, 20 events (total so far: 100)
2026-06-07 06:00:44,573 [INFO] Matchbook: fetched page offset=100, 20 events (total so far: 120)
2026-06-07 06:00:44,812 [INFO] Matchbook: fetched page offset=120, 20 events (total so far: 140)
2026-06-07 06:00:45,099 [INFO] Matchbook: fetched page offset=140, 20 events (total so far: 160)
2026-06-07 06:00:45,377 [INFO] Matchbook: fetched page offset=160, 20 events (total so far: 180)
2026-06-07 06:00:45,628 [INFO] Matchbook: fetched page offset=180, 15 events (total so far: 195)
2026-06-07 06:00:45,628 [INFO] Matchbook: processing 195 events
2026-06-07 06:00:45,633 [INFO] Matchbook: processed 20/195 events, 25 markets so far
2026-06-07 06:00:45,636 [INFO] Matchbook: processed 40/195 events, 98 markets so far
2026-06-07 06:00:45,648 [INFO] Matchbook: processed 60/195 events, 437 markets so far
2026-06-07 06:00:45,657 [INFO] Matchbook: processed 80/195 events, 691 markets so far
2026-06-07 06:00:45,674 [INFO] Matchbook: processed 100/195 events, 1135 markets so far
2026-06-07 06:00:45,686 [INFO] Matchbook: processed 120/195 events, 1576 markets so far
2026-06-07 06:00:45,691 [INFO] Matchbook: processed 140/195 events, 1837 markets so far
2026-06-07 06:00:45,705 [INFO] Matchbook: processed 160/195 events, 2101 markets so far
2026-06-07 06:00:45,715 [INFO] Matchbook: processed 180/195 events, 2301 markets so far
2026-06-07 06:00:45,720 [INFO] Matchbook: processed 195/195 events, 2342 markets so far
2026-06-07 06:00:45,721 [INFO] Matchbook: 2343 total markets, 217 above 25 GBP volume
2026-06-07 06:00:45,745 [INFO] matchbook: 2343 total, 217 above 25 GBP threshold
2026-06-07 06:00:45,874 [INFO] Snapshot written: /home/jwfalc/smarkets-bot/data/snapshots/matchbook/2026-06-07_05-00.json
2026-06-07 06:00:45,948 [INFO] Market log updated (matchbook)
2026-06-07 06:01:11,238 [INFO] Scanner complete for matchbook. Snapshot: 2026-06-07_05-00.json
2026-06-07 06:01:11,912 [RESEARCHER] Prior index loaded: 2 known runners
2026-06-07 06:01:11,970 [RESEARCHER] betfair: 137 tradeable markets from 2026-06-07_05-00.json
2026-06-07 06:01:11,971 [RESEARCHER] Market selection: 1 politics + 7 outrights + 8 other sports = 16 total (platforms: ['betfair'])
2026-06-07 06:01:11,971 [RESEARCHER] [1/16] Makerfield - Restore Britain Vote Percentage
2026-06-07 06:01:17,780 [RESEARCHER] [2/16] Winner
2026-06-07 06:01:24,332 [RESEARCHER]   Prior history injected for Portugal
2026-06-07 06:01:24,333 [RESEARCHER] [3/16] Winner
2026-06-07 06:01:32,963 [RESEARCHER] [4/16] Winner
2026-06-07 06:01:41,412 [RESEARCHER] [5/16] Winner
2026-06-07 06:01:49,868 [RESEARCHER] [6/16] Top 10 Finish
2026-06-07 06:01:51,746 [RESEARCHER] [7/16] Winner
2026-06-07 06:01:59,797 [RESEARCHER] [8/16] Winner
2026-06-07 06:02:08,929 [RESEARCHER] [9/16] Match Odds
2026-06-07 06:02:17,850 [RESEARCHER] [10/16] NBA Championship Winner
2026-06-07 06:02:25,098 [RESEARCHER] [11/16] Match Odds
2026-06-07 06:02:32,422 [RESEARCHER] [12/16] Winner 2026/27
2026-06-07 06:02:39,373 [RESEARCHER] [13/16] Name the Finalists
2026-06-07 06:02:46,893 [RESEARCHER] [14/16] Joost Luiten vs Mikael Lindberg
2026-06-07 06:02:55,345 [RESEARCHER] [15/16] Winner 2026/27
2026-06-07 06:03:03,083 [RESEARCHER] [16/16] Winner 2026
2026-06-07 06:03:12,656 [RESEARCHER] Research brief written: 2026-06-07_05-03_brief.json
2026-06-07 06:03:12,656 [RESEARCHER] Markets: 16 | Errors: 0 | Credits used: 70
BRIEF_PATH:/home/jwfalc/smarkets-bot/data/research/2026-06-07_05-03_brief.json
2026-06-07 06:03:12,980 [ANALYZER] Loading research brief: 2026-06-07_05-03_brief.json
2026-06-07 06:03:13,191 [ANALYZER] Betfair cross-ref index: 3920 runners
2026-06-07 06:03:13,197 [ANALYZER] Analyzed 16 markets
2026-06-07 06:03:13,197 [ANALYZER] Found 5 signals (10pp+)
2026-06-07 06:03:13,197 [ANALYZER] Logged 13 distribution entries (7pp+)
2026-06-07 06:03:13,213 [ANALYZER] Research output written: 2026-06-07_05-03_research.json
2026-06-07 06:03:13,216 [ANALYZER] Appended 85 edge traces to edge_traces.json
RESEARCH_PATH:/home/jwfalc/smarkets-bot/data/research/2026-06-07_05-03_research.json
2026-06-07 06:03:13,777 [RESOLVE] Found 11 open trade(s) to check (paper_mode=True)
2026-06-07 06:03:13,845 [RESOLVE] Using cached Betfair session token
2026-06-07 06:03:13,846 [RESOLVE] Betfair: checking 6 open-trade markets
2026-06-07 06:03:24,556 [RESOLVE] Snapshot name lookup: found mappings for 6 markets
2026-06-07 06:03:24,652 [RESOLVE] Settled markets found: 0
2026-06-07 06:03:24,652 [RESOLVE] No open-trade markets have settled yet.
2026-06-07 06:03:25,301 [INFO] ============================================================
2026-06-07 06:03:25,302 [INFO] DIGEST RUN STARTED
2026-06-07 06:03:25,302 [INFO] ============================================================
2026-06-07 06:03:29,343 [INFO] Slip dedup: skipping Tyrrell Hatton (BACK) — already open
2026-06-07 06:03:29,343 [INFO] Slip dedup: skipping Eugenio Chacarra (BACK) — already open
2026-06-07 06:03:29,343 [INFO] Slip dedup: skipping Scottie Scheffler (BACK) — already open
2026-06-07 06:03:29,349 [INFO] Sending batch slip: 1 signals
2026-06-07 06:03:29,519 [INFO] Telegram notification sent
2026-06-07 06:03:29,519 [INFO] Sent 4 Telegram signal alerts
2026-06-07 06:03:29,539 [INFO] Dashboard data written: /home/jwfalc/smarkets-bot/dashboard/dashboard_data.json
2026-06-07 06:03:29,601 [INFO] Period logs updated: 2026-06-07, 2026-W23, 2026-06, 2026-Q2
2026-06-07 06:03:29,601 [INFO] Run log: [2026-06-07 05:03 UTC] status=signal | platforms=betfair,matchbook | markets=354 | signals=5 | alerts=4 | movements=10 | consec_losses=0
2026-06-07 06:03:29,602 [INFO] Digest complete
Kelly balance: £52.21 | Reserved: £37.55 | Available: £14.66
Skipping (already open): Winner BACK
Skipping (already open): Winner BACK
Skipping (already open): Winner BACK
Logged paper trade: NBA Championship Winner - BACK @ 78.74% (edge: 8.31pp) [betfair] | available now £12.66
Logged paper trade: Joost Luiten vs Mikael Lindberg - LAY @ 50.0% (edge: 28.97pp) [betfair] | available now £7.44
  [dedup] Removed duplicate open: Scottie Scheffler Winner
  [dedup] Removed duplicate open: Scottie Scheffler Winner
  [dedup] 2 duplicate(s) removed in post-write scan

2 new paper trade(s) logged
Distribution log updated: 12 new entries added
Total entries: 972
  near_certainty: 8 total, 6 resolved
  high_prob: 26 total, 15 resolved
  7-9pp: 283 total, 99 resolved
  10-11pp: 142 total, 46 resolved
  12pp+: 513 total, 365 resolved

REVIEW DUE: 7-9pp band has 99 resolved entries (threshold: 12)
  Run: python distribution_logger.py report
  Then run: prompts/prompt_review_v1.md

REVIEW DUE: 7-9pp band has 99 resolved entries (threshold: 12)
  Run: python distribution_logger.py report
  Then run: prompts/prompt_review_v1.md
EXIT_CODE:0
Sent
2026-06-07 06:03:32,663 [STATIC-DASH] Building dashboard data…
2026-06-07 06:03:33,731 [STATIC-DASH] Data collected: 13 trades, 42 signals, 354 markets
2026-06-07 06:03:33,929 [STATIC-DASH] Written: /home/jwfalc/smarkets-dashboard/index.html (2563KB)
2026-06-07 06:03:34 [DEPLOY] Starting dashboard deploy...
WARNING: could not find injection point in HTML
HTML written OK
2026-06-07 06:03:34 [DEPLOY] Static HTML built
[main 2fb07b6] Deploy: 2026-06-07 06:03 UTC
 1 file changed, 6 insertions(+), 4 deletions(-)
To https://github.com/jwfalc-coder/smarkets-dashboard.git
   1463336..2fb07b6  main -> main
2026-06-07 06:03:34 [DEPLOY] Deploy complete: Deploy: 2026-06-07 06:03 UTC
[main 70b7593] log: routine_2026-06-07_0600
 1 file changed, 161 insertions(+)
 create mode 100644 data/routine_logs/routine_2026-06-07_0600.log
From https://github.com/jwfalc-coder/betting-auditor
 * branch            main       -> FETCH_HEAD
Current branch main is up to date.
To https://github.com/jwfalc-coder/betting-auditor.git
   83c4f3c..70b7593  main -> main
