Sent
2026-06-02 23:00:03,172 [INFO] ============================================================
2026-06-02 23:00:03,172 [INFO] SCANNER RUN STARTED - BETFAIR
2026-06-02 23:00:03,173 [INFO] ============================================================
2026-06-02 23:00:03,575 [INFO] Cached Betfair session too old, re-logging in
2026-06-02 23:00:03,575 [INFO] Betfair login attempt 1/3
2026-06-02 23:00:03,927 [INFO] Betfair login successful
2026-06-02 23:00:04,157 [INFO] Catalogue: 100 markets for sport ID 1
2026-06-02 23:00:04,266 [INFO] Catalogue: 100 markets for sport ID 2
2026-06-02 23:00:04,394 [INFO] Catalogue: 100 markets for sport ID 7
2026-06-02 23:00:04,502 [INFO] Catalogue: 100 markets for sport ID 4
2026-06-02 23:00:04,580 [INFO] Catalogue: 0 markets for sport ID 2378961
2026-06-02 23:00:04,706 [INFO] Catalogue: 76 markets for sport ID 3
2026-06-02 23:00:04,918 [INFO] Catalogue: 100 markets for sport ID 7522
2026-06-02 23:00:04,992 [INFO] Catalogue: 0 markets for sport ID 6423
2026-06-02 23:00:04,992 [INFO] Betfair: fetching prices for 576 markets...
2026-06-02 23:00:10,012 [INFO] Betfair: enriching 576 markets with price data...
2026-06-02 23:00:10,016 [INFO] Betfair: enriched 50/576 markets, 0 tradeable so far
2026-06-02 23:00:10,021 [INFO] Betfair: enriched 100/576 markets, 10 tradeable so far
2026-06-02 23:00:10,023 [INFO] Betfair: enriched 150/576 markets, 18 tradeable so far
2026-06-02 23:00:10,025 [INFO] Betfair: enriched 200/576 markets, 21 tradeable so far
2026-06-02 23:00:10,033 [INFO] Betfair: enriched 250/576 markets, 28 tradeable so far
2026-06-02 23:00:10,040 [INFO] Betfair: enriched 300/576 markets, 32 tradeable so far
2026-06-02 23:00:10,042 [INFO] Betfair: enriched 350/576 markets, 43 tradeable so far
2026-06-02 23:00:10,045 [INFO] Betfair: enriched 400/576 markets, 48 tradeable so far
2026-06-02 23:00:10,078 [INFO] Betfair: enriched 450/576 markets, 81 tradeable so far
2026-06-02 23:00:10,111 [INFO] Betfair: enriched 500/576 markets, 102 tradeable so far
2026-06-02 23:00:10,165 [INFO] Betfair: enriched 550/576 markets, 112 tradeable so far
2026-06-02 23:00:10,192 [INFO] Betfair: enriched 576/576 markets, 115 tradeable so far
2026-06-02 23:00:10,192 [INFO] Betfair: 576 total markets, 115 above 100 GBP volume
2026-06-02 23:00:10,323 [INFO] Outrights: 20 markets for sport 1
2026-06-02 23:00:10,430 [INFO] Outrights: 17 markets for sport 3
2026-06-02 23:00:10,503 [INFO] Outrights: 1 markets for sport 2378961
2026-06-02 23:00:10,900 [INFO] Outrights: 36 markets above 25 GBP
2026-06-02 23:00:10,907 [INFO] Betfair: added 26 outright markets for cross-ref
2026-06-02 23:00:10,908 [INFO] betfair: 602 total, 141 above 100 GBP threshold
2026-06-02 23:00:11,305 [INFO] Snapshot written: /home/jwfalc/smarkets-bot/data/snapshots/betfair/2026-06-02_22-00.json
2026-06-02 23:00:11,506 [INFO] Market log updated (betfair)
2026-06-02 23:00:35,823 [INFO] Scanner complete for betfair. Snapshot: 2026-06-02_22-00.json
2026-06-02 23:00:36,142 [INFO] ============================================================
2026-06-02 23:00:36,143 [INFO] SCANNER RUN STARTED - MATCHBOOK
2026-06-02 23:00:36,143 [INFO] ============================================================
2026-06-02 23:00:36,486 [INFO] Matchbook login attempt 1/3
2026-06-02 23:00:36,655 [INFO] Matchbook login successful
2026-06-02 23:00:36,656 [INFO] Matchbook: fetching events with prices for 15 sports...
2026-06-02 23:00:36,758 [INFO] Matchbook: fetched page offset=0, 20 events (total so far: 20)
2026-06-02 23:00:37,002 [INFO] Matchbook: fetched page offset=20, 20 events (total so far: 40)
2026-06-02 23:00:37,246 [INFO] Matchbook: fetched page offset=40, 20 events (total so far: 60)
2026-06-02 23:00:37,515 [INFO] Matchbook: fetched page offset=60, 20 events (total so far: 80)
2026-06-02 23:00:37,794 [INFO] Matchbook: fetched page offset=80, 20 events (total so far: 100)
2026-06-02 23:00:38,025 [INFO] Matchbook: fetched page offset=100, 20 events (total so far: 120)
2026-06-02 23:00:38,280 [INFO] Matchbook: fetched page offset=120, 20 events (total so far: 140)
2026-06-02 23:00:38,508 [INFO] Matchbook: fetched page offset=140, 20 events (total so far: 160)
2026-06-02 23:00:38,739 [INFO] Matchbook: fetched page offset=160, 20 events (total so far: 180)
2026-06-02 23:00:38,994 [INFO] Matchbook: fetched page offset=180, 20 events (total so far: 200)
2026-06-02 23:00:39,245 [INFO] Matchbook: fetched page offset=200, 20 events (total so far: 220)
2026-06-02 23:00:39,499 [INFO] Matchbook: fetched page offset=220, 16 events (total so far: 236)
2026-06-02 23:00:39,499 [INFO] Matchbook: processing 236 events
2026-06-02 23:00:39,504 [INFO] Matchbook: processed 20/236 events, 129 markets so far
2026-06-02 23:00:39,509 [INFO] Matchbook: processed 40/236 events, 252 markets so far
2026-06-02 23:00:39,513 [INFO] Matchbook: processed 60/236 events, 367 markets so far
2026-06-02 23:00:39,520 [INFO] Matchbook: processed 80/236 events, 549 markets so far
2026-06-02 23:00:39,528 [INFO] Matchbook: processed 100/236 events, 663 markets so far
2026-06-02 23:00:39,530 [INFO] Matchbook: processed 120/236 events, 698 markets so far
2026-06-02 23:00:39,532 [INFO] Matchbook: processed 140/236 events, 720 markets so far
2026-06-02 23:00:39,536 [INFO] Matchbook: processed 160/236 events, 742 markets so far
2026-06-02 23:00:39,537 [INFO] Matchbook: processed 180/236 events, 762 markets so far
2026-06-02 23:00:39,542 [INFO] Matchbook: processed 200/236 events, 802 markets so far
2026-06-02 23:00:39,546 [INFO] Matchbook: processed 220/236 events, 866 markets so far
2026-06-02 23:00:39,551 [INFO] Matchbook: processed 236/236 events, 910 markets so far
2026-06-02 23:00:39,551 [INFO] Matchbook: 911 total markets, 229 above 25 GBP volume
2026-06-02 23:00:39,567 [INFO] matchbook: 911 total, 229 above 25 GBP threshold
2026-06-02 23:00:39,701 [INFO] Snapshot written: /home/jwfalc/smarkets-bot/data/snapshots/matchbook/2026-06-02_22-00.json
2026-06-02 23:00:39,776 [INFO] Market log updated (matchbook)
2026-06-02 23:01:04,556 [INFO] Scanner complete for matchbook. Snapshot: 2026-06-02_22-00.json
2026-06-02 23:01:05,207 [RESEARCHER] Prior index loaded: 105 known runners
2026-06-02 23:01:05,283 [RESEARCHER] betfair: 141 tradeable markets from 2026-06-02_22-00.json
2026-06-02 23:01:05,284 [RESEARCHER] Market selection: 1 politics + 7 outrights + 8 other sports = 16 total (platforms: ['betfair'])
2026-06-02 23:01:05,284 [RESEARCHER] [1/16] Makerfield - Restore Britain Vote Percentage
2026-06-02 23:01:10,658 [RESEARCHER] [2/16] Winner
2026-06-02 23:01:19,109 [RESEARCHER] [3/16] Winner
2026-06-02 23:01:27,668 [RESEARCHER]   Prior history injected for Scottie Scheffler
2026-06-02 23:01:27,668 [RESEARCHER]   Prior history injected for Rory McIlroy
2026-06-02 23:01:27,669 [RESEARCHER]   Prior history injected for Ludvig Aberg
2026-06-02 23:01:27,669 [RESEARCHER]   Prior history injected for Cameron Young
2026-06-02 23:01:27,669 [RESEARCHER]   Prior history injected for Xander Schauffele
2026-06-02 23:01:27,670 [RESEARCHER]   Prior history injected for Matt Fitzpatrick
2026-06-02 23:01:27,670 [RESEARCHER] [4/16] Winner
2026-06-02 23:01:36,292 [RESEARCHER]   Prior history injected for Daniel Hillier
2026-06-02 23:01:36,292 [RESEARCHER]   Prior history injected for Jacob Skov Olesen
2026-06-02 23:01:36,293 [RESEARCHER] [5/16] Winner
2026-06-02 23:01:41,137 [RESEARCHER]   Prior history injected for Scottie Scheffler
2026-06-02 23:01:41,137 [RESEARCHER]   Prior history injected for Rory McIlroy
2026-06-02 23:01:41,138 [RESEARCHER]   Prior history injected for Jon Rahm
2026-06-02 23:01:41,138 [RESEARCHER]   Prior history injected for Cameron Young
2026-06-02 23:01:41,139 [RESEARCHER]   Prior history injected for Ludvig Aberg
2026-06-02 23:01:41,139 [RESEARCHER]   Prior history injected for Xander Schauffele
2026-06-02 23:01:41,139 [RESEARCHER] [6/16] Winner
2026-06-02 23:01:45,412 [RESEARCHER]   Prior history injected for Scottie Scheffler
2026-06-02 23:01:45,413 [RESEARCHER]   Prior history injected for Rory McIlroy
2026-06-02 23:01:45,413 [RESEARCHER]   Prior history injected for Jon Rahm
2026-06-02 23:01:45,413 [RESEARCHER]   Prior history injected for Xander Schauffele
2026-06-02 23:01:45,414 [RESEARCHER]   Prior history injected for Cameron Young
2026-06-02 23:01:45,414 [RESEARCHER] [7/16] Winner
2026-06-02 23:01:53,192 [RESEARCHER]   Prior history injected for Jon Rahm
2026-06-02 23:01:53,192 [RESEARCHER]   Prior history injected for Bryson DeChambeau
2026-06-02 23:01:53,192 [RESEARCHER] [8/16] Top 10 Finish
2026-06-02 23:01:55,092 [RESEARCHER]   Prior history injected for Daniel Hillier
2026-06-02 23:01:55,092 [RESEARCHER]   Prior history injected for Jacob Skov Olesen
2026-06-02 23:01:55,092 [RESEARCHER] [9/16] Match Odds
2026-06-02 23:02:03,009 [RESEARCHER]   Prior history injected for Bahrain W
2026-06-02 23:02:03,010 [RESEARCHER]   Prior history injected for Myanmar W
2026-06-02 23:02:03,010 [RESEARCHER] [10/16] Winner 2026/27
2026-06-02 23:02:09,897 [RESEARCHER]   Prior history injected for Arsenal
2026-06-02 23:02:09,898 [RESEARCHER]   Prior history injected for Man City
2026-06-02 23:02:09,898 [RESEARCHER]   Prior history injected for Liverpool
2026-06-02 23:02:09,898 [RESEARCHER]   Prior history injected for Chelsea
2026-06-02 23:02:09,898 [RESEARCHER]   Prior history injected for Aston Villa
2026-06-02 23:02:09,899 [RESEARCHER] [11/16] Moneyline
2026-06-02 23:02:17,162 [RESEARCHER]   Prior history injected for San Antonio Spurs
2026-06-02 23:02:17,162 [RESEARCHER] [12/16] Match Odds
2026-06-02 23:02:24,755 [RESEARCHER] [13/16] Match Odds
2026-06-02 23:02:32,786 [RESEARCHER]   Prior history injected for Mongolia W
2026-06-02 23:02:32,786 [RESEARCHER]   Prior history injected for Thailand W
2026-06-02 23:02:32,787 [RESEARCHER] [14/16] Winner 2026
2026-06-02 23:02:39,899 [RESEARCHER] [15/16] Winner 2026/27
2026-06-02 23:02:47,578 [RESEARCHER]   Prior history injected for West Ham
2026-06-02 23:02:47,578 [RESEARCHER] [16/16] Match Odds
2026-06-02 23:02:54,594 [RESEARCHER]   Prior history injected for The Draw
2026-06-02 23:02:54,619 [RESEARCHER] Research brief written: 2026-06-02_22-02_brief.json
2026-06-02 23:02:54,619 [RESEARCHER] Markets: 16 | Errors: 0 | Credits used: 69
BRIEF_PATH:/home/jwfalc/smarkets-bot/data/research/2026-06-02_22-02_brief.json
2026-06-02 23:02:54,940 [ANALYZER] Loading research brief: 2026-06-02_22-02_brief.json
2026-06-02 23:02:55,221 [ANALYZER] Betfair cross-ref index: 4800 runners
2026-06-02 23:02:55,228 [ANALYZER] Analyzed 16 markets
2026-06-02 23:02:55,228 [ANALYZER] Found 2 signals (10pp+)
2026-06-02 23:02:55,228 [ANALYZER] Logged 6 distribution entries (7pp+)
2026-06-02 23:02:55,242 [ANALYZER] Research output written: 2026-06-02_22-02_research.json
2026-06-02 23:02:55,244 [ANALYZER] Appended 77 edge traces to edge_traces.json
RESEARCH_PATH:/home/jwfalc/smarkets-bot/data/research/2026-06-02_22-02_research.json
2026-06-02 23:02:55,809 [RESOLVE] Found 14 open trade(s) to check (paper_mode=True)
2026-06-02 23:02:55,877 [RESOLVE] Using cached Betfair session token
2026-06-02 23:02:55,878 [RESOLVE] Betfair: checking 13 open-trade markets
2026-06-02 23:03:05,562 [RESOLVE] Snapshot name lookup: found mappings for 13 markets
2026-06-02 23:03:05,759 [RESOLVE] Betfair settled: market=1.258797143 winner=Australia (16606)
2026-06-02 23:03:05,760 [RESOLVE] Settled markets found: 1
2026-06-02 23:03:05,856 [RESOLVE]   [betfair] Match Odds | LOSS | P&L: -1.15 | Selection: Pakistan | Winner: Australia
2026-06-02 23:03:05,856 [RESOLVE] Resolution alert: Match Odds pnl=-1.15
2026-06-02 23:03:05,958 [RESOLVE] Telegram notification sent
2026-06-02 23:03:05,984 [RESOLVE] Auto-resolved 1 trade(s). Running P&L: +326.39 | W/L: 128/79 | ROI: 35.39%
2026-06-02 23:03:06,615 [INFO] ============================================================
2026-06-02 23:03:06,615 [INFO] DIGEST RUN STARTED
2026-06-02 23:03:06,616 [INFO] ============================================================
2026-06-02 23:03:10,808 [INFO] Dashboard data written: /home/jwfalc/smarkets-bot/dashboard/dashboard_data.json
2026-06-02 23:03:10,860 [INFO] Period logs updated: 2026-06-02, 2026-W23, 2026-06, 2026-Q2
2026-06-02 23:03:10,860 [INFO] Run log: [2026-06-02 22:03 UTC] status=signal | platforms=betfair,matchbook | markets=370 | signals=2 | alerts=0 | movements=10 | consec_losses=1
2026-06-02 23:03:10,979 [INFO] Telegram notification sent
2026-06-02 23:03:10,980 [INFO] Digest complete
Balance: £426.39 | Reserved: £49.75 | Available: £376.64
Reduced stake: Winner edge 11.1pp < 15.0pp → £1.15 (23%)
Skipping (already open): Winner BACK
Reduced stake: Match Odds edge 11.6pp < 12pp → £4.00 (80%)
No new paper trades to log
Distribution log updated: 1 new entries added
Total entries: 842
  near_certainty: 6 total, 5 resolved
  high_prob: 18 total, 9 resolved
  7-9pp: 247 total, 98 resolved
  10-11pp: 109 total, 45 resolved
  12pp+: 462 total, 358 resolved

REVIEW DUE: 7-9pp band has 98 resolved entries (threshold: 12)
  Run: python distribution_logger.py report
  Then run: prompts/prompt_review_v1.md

REVIEW DUE: 7-9pp band has 98 resolved entries (threshold: 12)
  Run: python distribution_logger.py report
  Then run: prompts/prompt_review_v1.md
EXIT_CODE:0
Sent
2026-06-02 23:03:13,942 [STATIC-DASH] Building dashboard data…
2026-06-02 23:03:15,102 [STATIC-DASH] Data collected: 221 trades, 36 signals, 370 markets
2026-06-02 23:03:15,351 [STATIC-DASH] Written: /home/jwfalc/smarkets-dashboard/index.html (3223KB)
2026-06-02 23:03:15 [DEPLOY] Starting dashboard deploy...
WARNING: could not find injection point in HTML
HTML written OK
2026-06-02 23:03:15 [DEPLOY] Static HTML built
[main 1e27c43] Deploy: 2026-06-02 23:03 UTC
 1 file changed, 1 insertion(+), 1 deletion(-)
To https://github.com/jwfalc-coder/smarkets-dashboard.git
   b809f38..1e27c43  main -> main
2026-06-02 23:03:15 [DEPLOY] Deploy complete: Deploy: 2026-06-02 23:03 UTC
[main afadc26] log: routine_2026-06-02_2300
 1 file changed, 192 insertions(+)
 create mode 100644 data/routine_logs/routine_2026-06-02_2300.log
From https://github.com/jwfalc-coder/betting-auditor
 * branch            main       -> FETCH_HEAD
Current branch main is up to date.
To https://github.com/jwfalc-coder/betting-auditor.git
   f0175d7..afadc26  main -> main
