Sent
2026-06-04 14:00:02,352 [INFO] ============================================================
2026-06-04 14:00:02,353 [INFO] SCANNER RUN STARTED - BETFAIR
2026-06-04 14:00:02,353 [INFO] ============================================================
2026-06-04 14:00:02,748 [INFO] Cached Betfair session too old, re-logging in
2026-06-04 14:00:02,749 [INFO] Betfair login attempt 1/3
2026-06-04 14:00:02,903 [INFO] Betfair login successful
2026-06-04 14:00:03,045 [INFO] Catalogue: 100 markets for sport ID 1
2026-06-04 14:00:03,162 [INFO] Catalogue: 100 markets for sport ID 2
2026-06-04 14:00:03,280 [INFO] Catalogue: 100 markets for sport ID 7
2026-06-04 14:00:03,395 [INFO] Catalogue: 100 markets for sport ID 4
2026-06-04 14:00:03,475 [INFO] Catalogue: 0 markets for sport ID 2378961
2026-06-04 14:00:03,574 [INFO] Catalogue: 11 markets for sport ID 3
2026-06-04 14:00:03,758 [INFO] Catalogue: 83 markets for sport ID 7522
2026-06-04 14:00:03,829 [INFO] Catalogue: 0 markets for sport ID 6423
2026-06-04 14:00:03,829 [INFO] Betfair: fetching prices for 494 markets...
2026-06-04 14:00:08,062 [INFO] Betfair: enriching 494 markets with price data...
2026-06-04 14:00:08,069 [INFO] Betfair: enriched 50/494 markets, 8 tradeable so far
2026-06-04 14:00:08,077 [INFO] Betfair: enriched 100/494 markets, 11 tradeable so far
2026-06-04 14:00:08,080 [INFO] Betfair: enriched 150/494 markets, 14 tradeable so far
2026-06-04 14:00:08,082 [INFO] Betfair: enriched 200/494 markets, 16 tradeable so far
2026-06-04 14:00:08,093 [INFO] Betfair: enriched 250/494 markets, 48 tradeable so far
2026-06-04 14:00:08,106 [INFO] Betfair: enriched 300/494 markets, 73 tradeable so far
2026-06-04 14:00:08,110 [INFO] Betfair: enriched 350/494 markets, 83 tradeable so far
2026-06-04 14:00:08,113 [INFO] Betfair: enriched 400/494 markets, 84 tradeable so far
2026-06-04 14:00:08,196 [INFO] Betfair: enriched 450/494 markets, 112 tradeable so far
2026-06-04 14:00:08,240 [INFO] Betfair: enriched 494/494 markets, 119 tradeable so far
2026-06-04 14:00:08,240 [INFO] Betfair: 494 total markets, 119 above 100 GBP volume
2026-06-04 14:00:08,353 [INFO] Outrights: 22 markets for sport 1
2026-06-04 14:00:08,454 [INFO] Outrights: 17 markets for sport 3
2026-06-04 14:00:08,535 [INFO] Outrights: 1 markets for sport 2378961
2026-06-04 14:00:08,924 [INFO] Outrights: 38 markets above 25 GBP
2026-06-04 14:00:08,930 [INFO] Betfair: added 36 outright markets for cross-ref
2026-06-04 14:00:08,931 [INFO] betfair: 530 total, 155 above 100 GBP threshold
2026-06-04 14:00:09,243 [INFO] Snapshot written: /home/jwfalc/smarkets-bot/data/snapshots/betfair/2026-06-04_13-00.json
2026-06-04 14:00:09,415 [INFO] Market log updated (betfair)
2026-06-04 14:00:35,142 [INFO] Scanner complete for betfair. Snapshot: 2026-06-04_13-00.json
2026-06-04 14:00:35,452 [INFO] ============================================================
2026-06-04 14:00:35,453 [INFO] SCANNER RUN STARTED - MATCHBOOK
2026-06-04 14:00:35,453 [INFO] ============================================================
2026-06-04 14:00:35,795 [INFO] Matchbook login attempt 1/3
2026-06-04 14:00:35,962 [INFO] Matchbook login successful
2026-06-04 14:00:35,963 [INFO] Matchbook: fetching events with prices for 15 sports...
2026-06-04 14:00:36,087 [INFO] Matchbook: fetched page offset=0, 20 events (total so far: 20)
2026-06-04 14:00:36,331 [INFO] Matchbook: fetched page offset=20, 20 events (total so far: 40)
2026-06-04 14:00:36,639 [INFO] Matchbook: fetched page offset=40, 20 events (total so far: 60)
2026-06-04 14:00:36,930 [INFO] Matchbook: fetched page offset=60, 20 events (total so far: 80)
2026-06-04 14:00:37,222 [INFO] Matchbook: fetched page offset=80, 20 events (total so far: 100)
2026-06-04 14:00:37,520 [INFO] Matchbook: fetched page offset=100, 20 events (total so far: 120)
2026-06-04 14:00:37,773 [INFO] Matchbook: fetched page offset=120, 20 events (total so far: 140)
2026-06-04 14:00:38,027 [INFO] Matchbook: fetched page offset=140, 13 events (total so far: 153)
2026-06-04 14:00:38,027 [INFO] Matchbook: processing 153 events
2026-06-04 14:00:38,033 [INFO] Matchbook: processed 20/153 events, 60 markets so far
2026-06-04 14:00:38,036 [INFO] Matchbook: processed 40/153 events, 139 markets so far
2026-06-04 14:00:38,051 [INFO] Matchbook: processed 60/153 events, 539 markets so far
2026-06-04 14:00:38,065 [INFO] Matchbook: processed 80/153 events, 950 markets so far
2026-06-04 14:00:38,075 [INFO] Matchbook: processed 100/153 events, 1201 markets so far
2026-06-04 14:00:38,086 [INFO] Matchbook: processed 120/153 events, 1393 markets so far
2026-06-04 14:00:38,091 [INFO] Matchbook: processed 140/153 events, 1451 markets so far
2026-06-04 14:00:38,095 [INFO] Matchbook: processed 153/153 events, 1490 markets so far
2026-06-04 14:00:38,096 [INFO] Matchbook: 1491 total markets, 320 above 25 GBP volume
2026-06-04 14:00:38,115 [INFO] matchbook: 1491 total, 320 above 25 GBP threshold
2026-06-04 14:00:38,320 [INFO] Snapshot written: /home/jwfalc/smarkets-bot/data/snapshots/matchbook/2026-06-04_13-00.json
2026-06-04 14:00:38,405 [INFO] Market log updated (matchbook)
2026-06-04 14:01:03,620 [INFO] Scanner complete for matchbook. Snapshot: 2026-06-04_13-00.json
2026-06-04 14:01:04,261 [RESEARCHER] Prior index loaded: 108 known runners
2026-06-04 14:01:04,325 [RESEARCHER] betfair: 155 tradeable markets from 2026-06-04_13-00.json
2026-06-04 14:01:04,326 [RESEARCHER] Market selection: 1 politics + 7 outrights + 8 other sports = 16 total (platforms: ['betfair'])
2026-06-04 14:01:04,326 [RESEARCHER] [1/16] Makerfield - Restore Britain Vote Percentage
2026-06-04 14:01:10,566 [RESEARCHER] [2/16] Winner
2026-06-04 14:01:18,319 [RESEARCHER] [3/16] Winner
2026-06-04 14:01:27,018 [RESEARCHER]   Prior history injected for Scottie Scheffler
2026-06-04 14:01:27,019 [RESEARCHER]   Prior history injected for Rory McIlroy
2026-06-04 14:01:27,019 [RESEARCHER]   Prior history injected for Ludvig Aberg
2026-06-04 14:01:27,019 [RESEARCHER]   Prior history injected for Cameron Young
2026-06-04 14:01:27,020 [RESEARCHER]   Prior history injected for Xander Schauffele
2026-06-04 14:01:27,020 [RESEARCHER]   Prior history injected for Russell Henley
2026-06-04 14:01:27,020 [RESEARCHER] [4/16] Winner
2026-06-04 14:01:36,163 [RESEARCHER]   Prior history injected for Daniel Hillier
2026-06-04 14:01:36,163 [RESEARCHER] [5/16] Winner
2026-06-04 14:01:45,328 [RESEARCHER] [6/16] Top 10 Finish
2026-06-04 14:01:47,258 [RESEARCHER]   Prior history injected for Scottie Scheffler
2026-06-04 14:01:47,259 [RESEARCHER]   Prior history injected for Rory McIlroy
2026-06-04 14:01:47,259 [RESEARCHER]   Prior history injected for Ludvig Aberg
2026-06-04 14:01:47,260 [RESEARCHER]   Prior history injected for Cameron Young
2026-06-04 14:01:47,260 [RESEARCHER]   Prior history injected for Xander Schauffele
2026-06-04 14:01:47,261 [RESEARCHER]   Prior history injected for Russell Henley
2026-06-04 14:01:47,261 [RESEARCHER] [7/16] Winner
2026-06-04 14:01:51,845 [RESEARCHER]   Prior history injected for Scottie Scheffler
2026-06-04 14:01:51,846 [RESEARCHER]   Prior history injected for Rory McIlroy
2026-06-04 14:01:51,846 [RESEARCHER]   Prior history injected for Jon Rahm
2026-06-04 14:01:51,847 [RESEARCHER]   Prior history injected for Cameron Young
2026-06-04 14:01:51,847 [RESEARCHER]   Prior history injected for Ludvig Aberg
2026-06-04 14:01:51,847 [RESEARCHER]   Prior history injected for Xander Schauffele
2026-06-04 14:01:51,848 [RESEARCHER] [8/16] Winner
2026-06-04 14:01:57,043 [RESEARCHER]   Prior history injected for Scottie Scheffler
2026-06-04 14:01:57,043 [RESEARCHER]   Prior history injected for Rory McIlroy
2026-06-04 14:01:57,044 [RESEARCHER]   Prior history injected for Jon Rahm
2026-06-04 14:01:57,044 [RESEARCHER]   Prior history injected for Xander Schauffele
2026-06-04 14:01:57,045 [RESEARCHER]   Prior history injected for Cameron Young
2026-06-04 14:01:57,045 [RESEARCHER] [9/16] NBA Championship Winner
2026-06-04 14:02:06,318 [RESEARCHER]   Prior history injected for San Antonio Spurs
2026-06-04 14:02:06,319 [RESEARCHER]   Prior history injected for Sacramento Kings
2026-06-04 14:02:06,319 [RESEARCHER] [10/16] 6f Nov Stks
2026-06-04 14:02:12,618 [RESEARCHER] [11/16] Winner 2026/27
2026-06-04 14:02:20,106 [RESEARCHER]   Prior history injected for Arsenal
2026-06-04 14:02:20,106 [RESEARCHER]   Prior history injected for Man City
2026-06-04 14:02:20,107 [RESEARCHER]   Prior history injected for Liverpool
2026-06-04 14:02:20,107 [RESEARCHER]   Prior history injected for Chelsea
2026-06-04 14:02:20,107 [RESEARCHER]   Prior history injected for Aston Villa
2026-06-04 14:02:20,108 [RESEARCHER] [12/16] 1m Hcap
2026-06-04 14:02:25,834 [RESEARCHER] [13/16] 2m7f Nov Hrd
2026-06-04 14:02:31,078 [RESEARCHER] [14/16] Moneyline
2026-06-04 14:02:38,266 [RESEARCHER]   Prior history injected for San Antonio Spurs
2026-06-04 14:02:38,267 [RESEARCHER] [15/16] Name the Finalists
2026-06-04 14:02:45,424 [RESEARCHER] [16/16] Winner 2026/27
2026-06-04 14:02:52,318 [RESEARCHER]   Prior history injected for West Ham
2026-06-04 14:02:52,343 [RESEARCHER] Research brief written: 2026-06-04_13-02_brief.json
2026-06-04 14:02:52,344 [RESEARCHER] Markets: 16 | Errors: 0 | Credits used: 66
BRIEF_PATH:/home/jwfalc/smarkets-bot/data/research/2026-06-04_13-02_brief.json
2026-06-04 14:02:52,665 [ANALYZER] Loading research brief: 2026-06-04_13-02_brief.json
2026-06-04 14:02:52,921 [ANALYZER] Betfair cross-ref index: 4496 runners
2026-06-04 14:02:52,928 [ANALYZER] Analyzed 16 markets
2026-06-04 14:02:52,928 [ANALYZER] Found 5 signals (10pp+)
2026-06-04 14:02:52,929 [ANALYZER] Logged 12 distribution entries (7pp+)
2026-06-04 14:02:52,945 [ANALYZER] Research output written: 2026-06-04_13-02_research.json
2026-06-04 14:02:52,948 [ANALYZER] Appended 92 edge traces to edge_traces.json
RESEARCH_PATH:/home/jwfalc/smarkets-bot/data/research/2026-06-04_13-02_research.json
2026-06-04 14:02:53,520 [RESOLVE] Found 21 open trade(s) to check (paper_mode=True)
2026-06-04 14:02:53,588 [RESOLVE] Using cached Betfair session token
2026-06-04 14:02:53,589 [RESOLVE] Betfair: checking 15 open-trade markets
2026-06-04 14:03:03,598 [RESOLVE] Snapshot name lookup: found mappings for 15 markets
2026-06-04 14:03:03,790 [RESOLVE] Settled markets found: 0
2026-06-04 14:03:03,790 [RESOLVE] No open-trade markets have settled yet.
2026-06-04 14:03:04,410 [INFO] ============================================================
2026-06-04 14:03:04,410 [INFO] DIGEST RUN STARTED
2026-06-04 14:03:04,410 [INFO] ============================================================
2026-06-04 14:03:08,626 [INFO] Sending signal alert: Winner edge=17.17pp
2026-06-04 14:03:08,773 [INFO] Telegram notification sent
2026-06-04 14:03:08,774 [INFO] Sending signal alert: Top 10 Finish edge=17.17pp
2026-06-04 14:03:08,874 [INFO] Telegram notification sent
2026-06-04 14:03:08,875 [INFO] Sending signal alert: Winner edge=17.17pp
2026-06-04 14:03:09,028 [INFO] Telegram notification sent
2026-06-04 14:03:09,029 [INFO] Sent 3 Telegram signal alerts
2026-06-04 14:03:09,076 [INFO] Dashboard data written: /home/jwfalc/smarkets-bot/dashboard/dashboard_data.json
2026-06-04 14:03:09,138 [INFO] Period logs updated: 2026-06-04, 2026-W23, 2026-06, 2026-Q2
2026-06-04 14:03:09,139 [INFO] Run log: [2026-06-04 13:03 UTC] status=signal | platforms=betfair,matchbook | markets=475 | signals=5 | alerts=3 | movements=10 | consec_losses=0
2026-06-04 14:03:09,139 [INFO] Digest complete
Balance: £432.73 | Reserved: £101.19 | Available: £331.54
Skipping (already open): Winner BACK
Reduced stake: Winner edge 12.2pp < 15.0pp → £2.15 (43%)
Skipping (conflicting back in same market): Winner
Skipping (correlated exposure in same market): Top 10 Finish BACK Scottie Scheffler
Skipping (already open): Winner BACK
Reduced stake: Winner 2026/27 edge 12.2pp < 15.0pp → £2.15 (43%)
Logged paper trade: Winner 2026/27 - BACK @ 16.67% (edge: 12.17pp) [betfair] | available now £329.39

1 new paper trade(s) logged
Distribution log updated: 4 new entries added
Total entries: 892
  near_certainty: 7 total, 6 resolved
  high_prob: 21 total, 11 resolved
  7-9pp: 263 total, 98 resolved
  10-11pp: 118 total, 46 resolved
  12pp+: 483 total, 360 resolved

REVIEW DUE: 7-9pp band has 98 resolved entries (threshold: 12)
  Run: python distribution_logger.py report
  Then run: prompts/prompt_review_v1.md

REVIEW DUE: 7-9pp band has 98 resolved entries (threshold: 12)
  Run: python distribution_logger.py report
  Then run: prompts/prompt_review_v1.md
EXIT_CODE:0
Sent
2026-06-04 14:03:12,142 [STATIC-DASH] Building dashboard data…
2026-06-04 14:03:13,289 [STATIC-DASH] Data collected: 234 trades, 61 signals, 475 markets
2026-06-04 14:03:13,533 [STATIC-DASH] Written: /home/jwfalc/smarkets-dashboard/index.html (3206KB)
2026-06-04 14:03:13 [DEPLOY] Starting dashboard deploy...
WARNING: could not find injection point in HTML
HTML written OK
2026-06-04 14:03:13 [DEPLOY] Static HTML built
[main 53f8d64] Deploy: 2026-06-04 14:03 UTC
 1 file changed, 1 insertion(+), 1 deletion(-)
To https://github.com/jwfalc-coder/smarkets-dashboard.git
   7faf009..53f8d64  main -> main
2026-06-04 14:03:13 [DEPLOY] Deploy complete: Deploy: 2026-06-04 14:03 UTC
