Sent
2026-05-18 06:00:03,129 [INFO] ============================================================
2026-05-18 06:00:03,129 [INFO] SCANNER RUN STARTED - BETFAIR
2026-05-18 06:00:03,130 [INFO] ============================================================
2026-05-18 06:00:03,757 [INFO] Cached Betfair session too old, re-logging in
2026-05-18 06:00:03,758 [INFO] Betfair login attempt 1/3
2026-05-18 06:00:03,915 [INFO] Betfair login successful
2026-05-18 06:00:04,090 [INFO] Catalogue: 100 markets for sport ID 1
2026-05-18 06:00:04,224 [INFO] Catalogue: 100 markets for sport ID 2
2026-05-18 06:00:04,374 [INFO] Catalogue: 100 markets for sport ID 7
2026-05-18 06:00:04,481 [INFO] Catalogue: 56 markets for sport ID 4
2026-05-18 06:00:04,563 [INFO] Catalogue: 0 markets for sport ID 2378961
2026-05-18 06:00:04,654 [INFO] Catalogue: 0 markets for sport ID 3
2026-05-18 06:00:04,891 [INFO] Catalogue: 88 markets for sport ID 7522
2026-05-18 06:00:04,966 [INFO] Catalogue: 0 markets for sport ID 6423
2026-05-18 06:00:04,966 [INFO] Betfair: fetching prices for 444 markets...
2026-05-18 06:00:08,861 [INFO] Betfair: enriching 444 markets with price data...
2026-05-18 06:00:08,866 [INFO] Betfair: enriched 50/444 markets, 3 tradeable so far
2026-05-18 06:00:08,876 [INFO] Betfair: enriched 100/444 markets, 10 tradeable so far
2026-05-18 06:00:08,878 [INFO] Betfair: enriched 150/444 markets, 12 tradeable so far
2026-05-18 06:00:08,879 [INFO] Betfair: enriched 200/444 markets, 13 tradeable so far
2026-05-18 06:00:08,889 [INFO] Betfair: enriched 250/444 markets, 23 tradeable so far
2026-05-18 06:00:08,898 [INFO] Betfair: enriched 300/444 markets, 26 tradeable so far
2026-05-18 06:00:08,901 [INFO] Betfair: enriched 350/444 markets, 42 tradeable so far
2026-05-18 06:00:09,000 [INFO] Betfair: enriched 400/444 markets, 47 tradeable so far
2026-05-18 06:00:09,050 [INFO] Betfair: enriched 444/444 markets, 54 tradeable so far
2026-05-18 06:00:09,051 [INFO] Betfair: 444 total markets, 54 above 100 GBP volume
2026-05-18 06:00:09,197 [INFO] Outrights: 40 markets for sport 1
2026-05-18 06:00:09,294 [INFO] Outrights: 6 markets for sport 3
2026-05-18 06:00:09,377 [INFO] Outrights: 0 markets for sport 2378961
2026-05-18 06:00:09,838 [INFO] Outrights: 40 markets above 25 GBP
2026-05-18 06:00:09,845 [INFO] Betfair: added 40 outright markets for cross-ref
2026-05-18 06:00:09,845 [INFO] betfair: 484 total, 94 above 100 GBP threshold
2026-05-18 06:00:10,008 [INFO] Snapshot written: /home/jwfalc/smarkets-bot/data/snapshots/betfair/2026-05-18_05-00.json
2026-05-18 06:00:13,282 [INFO] Rotated market log to market_log_2026-W20.csv.gz
2026-05-18 06:00:13,370 [INFO] Market log updated (betfair)
2026-05-18 06:00:50,120 [INFO] Scanner complete for betfair. Snapshot: 2026-05-18_05-00.json
2026-05-18 06:00:50,600 [INFO] ============================================================
2026-05-18 06:00:50,600 [INFO] SCANNER RUN STARTED - MATCHBOOK
2026-05-18 06:00:50,601 [INFO] ============================================================
2026-05-18 06:00:51,107 [INFO] Matchbook login attempt 1/3
2026-05-18 06:00:51,280 [INFO] Matchbook login successful
2026-05-18 06:00:51,281 [INFO] Matchbook: fetching events with prices for 15 sports...
2026-05-18 06:00:51,377 [INFO] Matchbook: fetched page offset=0, 20 events (total so far: 20)
2026-05-18 06:00:51,649 [INFO] Matchbook: fetched page offset=20, 20 events (total so far: 40)
2026-05-18 06:00:51,909 [INFO] Matchbook: fetched page offset=40, 20 events (total so far: 60)
2026-05-18 06:00:52,154 [INFO] Matchbook: fetched page offset=60, 20 events (total so far: 80)
2026-05-18 06:00:52,446 [INFO] Matchbook: fetched page offset=80, 20 events (total so far: 100)
2026-05-18 06:00:52,763 [INFO] Matchbook: fetched page offset=100, 20 events (total so far: 120)
2026-05-18 06:00:53,080 [INFO] Matchbook: fetched page offset=120, 20 events (total so far: 140)
2026-05-18 06:00:53,314 [INFO] Matchbook: fetched page offset=140, 20 events (total so far: 160)
2026-05-18 06:00:53,542 [INFO] Matchbook: fetched page offset=160, 20 events (total so far: 180)
2026-05-18 06:00:53,768 [INFO] Matchbook: fetched page offset=180, 20 events (total so far: 200)
2026-05-18 06:00:54,013 [INFO] Matchbook: fetched page offset=200, 20 events (total so far: 220)
2026-05-18 06:00:54,325 [INFO] Matchbook: fetched page offset=220, 20 events (total so far: 240)
2026-05-18 06:00:54,659 [INFO] Matchbook: fetched page offset=240, 20 events (total so far: 260)
2026-05-18 06:00:54,963 [INFO] Matchbook: fetched page offset=260, 20 events (total so far: 280)
2026-05-18 06:00:55,224 [INFO] Matchbook: fetched page offset=280, 20 events (total so far: 300)
2026-05-18 06:00:55,457 [INFO] Matchbook: fetched page offset=300, 20 events (total so far: 320)
2026-05-18 06:00:55,689 [INFO] Matchbook: fetched page offset=320, 16 events (total so far: 336)
2026-05-18 06:00:55,690 [INFO] Matchbook: processing 336 events
2026-05-18 06:00:55,695 [INFO] Matchbook: processed 20/336 events, 99 markets so far
2026-05-18 06:00:55,701 [INFO] Matchbook: processed 40/336 events, 237 markets so far
2026-05-18 06:00:55,710 [INFO] Matchbook: processed 60/336 events, 469 markets so far
2026-05-18 06:00:55,714 [INFO] Matchbook: processed 80/336 events, 577 markets so far
2026-05-18 06:00:55,726 [INFO] Matchbook: processed 100/336 events, 794 markets so far
2026-05-18 06:00:55,744 [INFO] Matchbook: processed 120/336 events, 1215 markets so far
2026-05-18 06:00:55,765 [INFO] Matchbook: processed 140/336 events, 1709 markets so far
2026-05-18 06:00:55,768 [INFO] Matchbook: processed 160/336 events, 1767 markets so far
2026-05-18 06:00:55,769 [INFO] Matchbook: processed 180/336 events, 1787 markets so far
2026-05-18 06:00:55,771 [INFO] Matchbook: processed 200/336 events, 1807 markets so far
2026-05-18 06:00:55,845 [INFO] Matchbook: processed 220/336 events, 1964 markets so far
2026-05-18 06:00:55,864 [INFO] Matchbook: processed 240/336 events, 2424 markets so far
2026-05-18 06:00:55,892 [INFO] Matchbook: processed 260/336 events, 3076 markets so far
2026-05-18 06:00:55,914 [INFO] Matchbook: processed 280/336 events, 3565 markets so far
2026-05-18 06:00:55,926 [INFO] Matchbook: processed 300/336 events, 3818 markets so far
2026-05-18 06:00:55,927 [INFO] Matchbook: processed 320/336 events, 3836 markets so far
2026-05-18 06:00:55,928 [INFO] Matchbook: processed 336/336 events, 3851 markets so far
2026-05-18 06:00:55,929 [INFO] Matchbook: 3852 total markets, 196 above 25 GBP volume
2026-05-18 06:00:55,973 [INFO] matchbook: 3852 total, 196 above 25 GBP threshold
2026-05-18 06:00:56,060 [INFO] Snapshot written: /home/jwfalc/smarkets-bot/data/snapshots/matchbook/2026-05-18_05-00.json
2026-05-18 06:00:56,101 [INFO] Market log updated (matchbook)
2026-05-18 06:01:32,997 [INFO] Scanner complete for matchbook. Snapshot: 2026-05-18_05-00.json
2026-05-18 06:01:33,988 [RESEARCHER] matchbook: 123 tradeable markets from 2026-05-18_05-00.json
2026-05-18 06:01:33,990 [RESEARCHER] Market selection: 0 politics/current-affairs + 15 matchbook-sports + 0 betfair-sports = 15 total
2026-05-18 06:01:33,990 [RESEARCHER] [1/15] Winner
2026-05-18 06:01:40,942 [RESEARCHER] [2/15] Winner
2026-05-18 06:01:47,476 [RESEARCHER] [3/15] To Be Relegated
2026-05-18 06:01:54,709 [RESEARCHER] [4/15] Winner
2026-05-18 06:02:01,472 [RESEARCHER] [5/15] Match Odds
2026-05-18 06:02:08,247 [RESEARCHER] [6/15] Top 4 Finish
2026-05-18 06:02:15,692 [RESEARCHER] [7/15] Winner
2026-05-18 06:02:22,457 [RESEARCHER] [8/15] Match Odds
2026-05-18 06:02:29,185 [RESEARCHER] [9/15] Top 6 Finish
2026-05-18 06:02:31,807 [RESEARCHER] [10/15] Correct Score
2026-05-18 06:02:41,546 [RESEARCHER] [11/15] Match Odds
2026-05-18 06:02:48,247 [RESEARCHER] [12/15] Winner
2026-05-18 06:02:55,380 [RESEARCHER] [13/15] Match Odds
2026-05-18 06:03:02,261 [RESEARCHER] [14/15] Winner
2026-05-18 06:03:09,489 [RESEARCHER] [15/15] Match Odds
2026-05-18 06:03:16,378 [RESEARCHER] Research brief written: 2026-05-18_05-03_brief.json
2026-05-18 06:03:16,378 [RESEARCHER] Markets: 15 | Errors: 0 | Credits used: 60
BRIEF_PATH:/home/jwfalc/smarkets-bot/data/research/2026-05-18_05-03_brief.json
2026-05-18 06:03:16,813 [ANALYZER] Loading research brief: 2026-05-18_05-03_brief.json
2026-05-18 06:03:16,943 [ANALYZER] Betfair cross-ref index: 2261 runners
2026-05-18 06:03:16,947 [ANALYZER] Analyzed 15 markets
2026-05-18 06:03:16,948 [ANALYZER] Found 0 signals (10pp+)
2026-05-18 06:03:16,948 [ANALYZER] Logged 3 distribution entries (7pp+)
2026-05-18 06:03:16,962 [ANALYZER] Research output written: 2026-05-18_05-03_research.json
2026-05-18 06:03:16,965 [ANALYZER] Appended 61 edge traces to edge_traces.json
RESEARCH_PATH:/home/jwfalc/smarkets-bot/data/research/2026-05-18_05-03_research.json
2026-05-18 06:03:17,802 [RESOLVE] Found 12 open trade(s) to check (paper_mode=True)
2026-05-18 06:03:17,803 [RESOLVE] Settled markets found: 0
2026-05-18 06:03:17,804 [RESOLVE] No open-trade markets have settled yet.
2026-05-18 06:03:18,720 [INFO] ============================================================
2026-05-18 06:03:18,722 [INFO] DIGEST RUN STARTED
2026-05-18 06:03:18,722 [INFO] ============================================================
2026-05-18 06:03:25,276 [INFO] Dashboard data written: /home/jwfalc/smarkets-bot/dashboard/dashboard_data.json
2026-05-18 06:03:25,360 [INFO] Period logs updated: 2026-05-18, 2026-W21, 2026-05, 2026-Q2
2026-05-18 06:03:25,360 [INFO] Run log: [2026-05-18 05:03 UTC] status=ok | platforms=betfair,matchbook | markets=290 | signals=0 | alerts=0 | movements=10 | consec_losses=0
2026-05-18 06:03:25,360 [INFO] Digest complete
Balance: £280.65 | Reserved: £52.59 | Available: £228.06
No new paper trades to log
Distribution log updated: 2 new entries added
Total entries: 543
  near_certainty: 3 total, 3 resolved
  high_prob: 12 total, 5 resolved
  7-9pp: 142 total, 33 resolved
  10-11pp: 41 total, 21 resolved
  12pp+: 345 total, 193 resolved

REVIEW DUE: 7-9pp band has 33 resolved entries (threshold: 12)
  Run: python distribution_logger.py report
  Then run: prompts/prompt_review_v1.md

REVIEW DUE: 7-9pp band has 33 resolved entries (threshold: 12)
  Run: python distribution_logger.py report
  Then run: prompts/prompt_review_v1.md
EXIT_CODE:0
Sent
2026-05-18 06:03:29,744 [STATIC-DASH] Building dashboard data…
2026-05-18 06:03:30,823 [STATIC-DASH] Data collected: 105 trades, 51 signals, 290 markets
2026-05-18 06:03:30,969 [STATIC-DASH] Written: /home/jwfalc/smarkets-dashboard/index.html (1672KB)
2026-05-18 06:03:31 [DEPLOY] Starting dashboard deploy...
WARNING: could not find injection point in HTML
HTML written OK
2026-05-18 06:03:31 [DEPLOY] Static HTML built
[main 286d2b0] Deploy: 2026-05-18 06:03 UTC
 1 file changed, 1 insertion(+), 1 deletion(-)
To https://github.com/jwfalc-coder/smarkets-dashboard.git
   b799a24..286d2b0  main -> main
2026-05-18 06:03:31 [DEPLOY] Deploy complete: Deploy: 2026-05-18 06:03 UTC
[main 21cd393] log: routine_2026-05-18_0600
 1 file changed, 152 insertions(+)
 create mode 100644 data/routine_logs/routine_2026-05-18_0600.log
To https://github.com/jwfalc-coder/betting-auditor.git
 ! [rejected]        main -> main (non-fast-forward)
error: failed to push some refs to 'https://github.com/jwfalc-coder/betting-auditor.git'
hint: Updates were rejected because the tip of your current branch is behind
hint: its remote counterpart. If you want to integrate the remote changes,
hint: use 'git pull' before pushing again.
hint: See the 'Note about fast-forwards' in 'git push --help' for details.
