Sent
2026-05-15 18:00:03,077 [INFO] ============================================================
2026-05-15 18:00:03,077 [INFO] SCANNER RUN STARTED - BETFAIR
2026-05-15 18:00:03,077 [INFO] ============================================================
2026-05-15 18:00:03,819 [INFO] Cached Betfair session too old, re-logging in
2026-05-15 18:00:03,819 [INFO] Betfair login attempt 1/3
2026-05-15 18:00:04,000 [INFO] Betfair login successful
2026-05-15 18:00:04,165 [INFO] Catalogue: 100 markets for sport ID 1
2026-05-15 18:00:04,320 [INFO] Catalogue: 100 markets for sport ID 2
2026-05-15 18:00:04,465 [INFO] Catalogue: 100 markets for sport ID 7
2026-05-15 18:00:04,581 [INFO] Catalogue: 100 markets for sport ID 4
2026-05-15 18:00:04,674 [INFO] Catalogue: 0 markets for sport ID 2378961
2026-05-15 18:00:04,783 [INFO] Catalogue: 7 markets for sport ID 3
2026-05-15 18:00:05,079 [INFO] Catalogue: 100 markets for sport ID 7522
2026-05-15 18:00:05,234 [INFO] Catalogue: 12 markets for sport ID 6423
2026-05-15 18:00:05,234 [INFO] Betfair: fetching prices for 519 markets...
2026-05-15 18:00:10,346 [INFO] Betfair: enriching 519 markets with price data...
2026-05-15 18:00:10,352 [INFO] Betfair: enriched 50/519 markets, 7 tradeable so far
2026-05-15 18:00:10,356 [INFO] Betfair: enriched 100/519 markets, 14 tradeable so far
2026-05-15 18:00:10,360 [INFO] Betfair: enriched 150/519 markets, 17 tradeable so far
2026-05-15 18:00:10,363 [INFO] Betfair: enriched 200/519 markets, 21 tradeable so far
2026-05-15 18:00:10,374 [INFO] Betfair: enriched 250/519 markets, 54 tradeable so far
2026-05-15 18:00:10,466 [INFO] Betfair: enriched 300/519 markets, 71 tradeable so far
2026-05-15 18:00:10,470 [INFO] Betfair: enriched 350/519 markets, 80 tradeable so far
2026-05-15 18:00:10,474 [INFO] Betfair: enriched 400/519 markets, 84 tradeable so far
2026-05-15 18:00:10,531 [INFO] Betfair: enriched 450/519 markets, 99 tradeable so far
2026-05-15 18:00:10,595 [INFO] Betfair: enriched 500/519 markets, 119 tradeable so far
2026-05-15 18:00:10,628 [INFO] Betfair: enriched 519/519 markets, 119 tradeable so far
2026-05-15 18:00:10,633 [INFO] Betfair: 519 total markets, 119 above 100 GBP volume
2026-05-15 18:00:10,681 [INFO] betfair: 519 total, 119 above 100 GBP threshold
2026-05-15 18:00:11,000 [INFO] Snapshot written: /home/jwfalc/smarkets-bot/data/snapshots/betfair/2026-05-15_17-00.json
2026-05-15 18:00:11,147 [INFO] Market log updated (betfair)
2026-05-15 18:00:52,244 [INFO] Scanner complete for betfair. Snapshot: 2026-05-15_17-00.json
2026-05-15 18:00:52,878 [INFO] ============================================================
2026-05-15 18:00:52,879 [INFO] SCANNER RUN STARTED - MATCHBOOK
2026-05-15 18:00:52,879 [INFO] ============================================================
2026-05-15 18:00:53,528 [INFO] Matchbook login attempt 1/3
2026-05-15 18:00:53,720 [INFO] Matchbook login successful
2026-05-15 18:00:53,721 [INFO] Matchbook: fetching events with prices for 15 sports...
2026-05-15 18:00:53,929 [INFO] Matchbook: fetched page offset=0, 20 events (total so far: 20)
2026-05-15 18:00:54,310 [INFO] Matchbook: fetched page offset=20, 20 events (total so far: 40)
2026-05-15 18:00:54,703 [INFO] Matchbook: fetched page offset=40, 20 events (total so far: 60)
2026-05-15 18:00:55,136 [INFO] Matchbook: fetched page offset=60, 20 events (total so far: 80)
2026-05-15 18:00:55,473 [INFO] Matchbook: fetched page offset=80, 20 events (total so far: 100)
2026-05-15 18:00:55,837 [INFO] Matchbook: fetched page offset=100, 20 events (total so far: 120)
2026-05-15 18:00:56,186 [INFO] Matchbook: fetched page offset=120, 20 events (total so far: 140)
2026-05-15 18:00:56,511 [INFO] Matchbook: fetched page offset=140, 20 events (total so far: 160)
2026-05-15 18:00:56,836 [INFO] Matchbook: fetched page offset=160, 20 events (total so far: 180)
2026-05-15 18:00:57,179 [INFO] Matchbook: fetched page offset=180, 20 events (total so far: 200)
2026-05-15 18:00:57,547 [INFO] Matchbook: fetched page offset=200, 20 events (total so far: 220)
2026-05-15 18:00:57,969 [INFO] Matchbook: fetched page offset=220, 20 events (total so far: 240)
2026-05-15 18:00:58,343 [INFO] Matchbook: fetched page offset=240, 20 events (total so far: 260)
2026-05-15 18:00:58,782 [INFO] Matchbook: fetched page offset=260, 20 events (total so far: 280)
2026-05-15 18:00:59,142 [INFO] Matchbook: fetched page offset=280, 20 events (total so far: 300)
2026-05-15 18:00:59,582 [INFO] Matchbook: fetched page offset=300, 20 events (total so far: 320)
2026-05-15 18:00:59,820 [INFO] Matchbook: fetched page offset=320, 20 events (total so far: 340)
2026-05-15 18:01:00,066 [INFO] Matchbook: fetched page offset=340, 16 events (total so far: 356)
2026-05-15 18:01:00,067 [INFO] Matchbook: processing 356 events
2026-05-15 18:01:00,100 [INFO] Matchbook: processed 20/356 events, 275 markets so far
2026-05-15 18:01:00,148 [INFO] Matchbook: processed 40/356 events, 872 markets so far
2026-05-15 18:01:00,187 [INFO] Matchbook: processed 60/356 events, 1514 markets so far
2026-05-15 18:01:00,217 [INFO] Matchbook: processed 80/356 events, 2117 markets so far
2026-05-15 18:01:00,240 [INFO] Matchbook: processed 100/356 events, 2597 markets so far
2026-05-15 18:01:00,270 [INFO] Matchbook: processed 120/356 events, 3296 markets so far
2026-05-15 18:01:00,303 [INFO] Matchbook: processed 140/356 events, 3931 markets so far
2026-05-15 18:01:00,324 [INFO] Matchbook: processed 160/356 events, 4511 markets so far
2026-05-15 18:01:00,377 [INFO] Matchbook: processed 180/356 events, 5089 markets so far
2026-05-15 18:01:00,405 [INFO] Matchbook: processed 200/356 events, 5765 markets so far
2026-05-15 18:01:00,436 [INFO] Matchbook: processed 220/356 events, 6361 markets so far
2026-05-15 18:01:00,469 [INFO] Matchbook: processed 240/356 events, 7106 markets so far
2026-05-15 18:01:00,505 [INFO] Matchbook: processed 260/356 events, 7918 markets so far
2026-05-15 18:01:00,550 [INFO] Matchbook: processed 280/356 events, 8775 markets so far
2026-05-15 18:01:00,606 [INFO] Matchbook: processed 300/356 events, 9534 markets so far
2026-05-15 18:01:00,617 [INFO] Matchbook: processed 320/356 events, 9747 markets so far
2026-05-15 18:01:00,619 [INFO] Matchbook: processed 340/356 events, 9768 markets so far
2026-05-15 18:01:00,621 [INFO] Matchbook: processed 356/356 events, 9783 markets so far
2026-05-15 18:01:00,621 [INFO] Matchbook: 9784 total markets, 838 above 25 GBP volume
2026-05-15 18:01:00,762 [INFO] matchbook: 9784 total, 838 above 25 GBP threshold
2026-05-15 18:01:01,124 [INFO] Snapshot written: /home/jwfalc/smarkets-bot/data/snapshots/matchbook/2026-05-15_17-00.json
2026-05-15 18:01:01,305 [INFO] Market log updated (matchbook)
2026-05-15 18:01:47,891 [INFO] Scanner complete for matchbook. Snapshot: 2026-05-15_17-00.json
2026-05-15 18:01:49,269 [RESEARCHER] matchbook: 538 tradeable markets from 2026-05-15_17-00.json
2026-05-15 18:01:49,274 [RESEARCHER] Market selection: 0 politics/current-affairs + 15 matchbook-sports + 0 betfair-sports = 15 total
2026-05-15 18:01:49,275 [RESEARCHER] [1/15] Winner
2026-05-15 18:01:56,498 [RESEARCHER] [2/15] Winner
2026-05-15 18:02:03,750 [RESEARCHER] [3/15] Winner
2026-05-15 18:02:11,365 [RESEARCHER] [4/15] To Be Relegated
2026-05-15 18:02:19,729 [RESEARCHER] [5/15] Winner
2026-05-15 18:02:27,973 [RESEARCHER] [6/15] Match Odds
2026-05-15 18:02:35,562 [RESEARCHER] [7/15] Correct Score
2026-05-15 18:02:43,967 [RESEARCHER] [8/15] Top 10 Finish
2026-05-15 18:02:46,885 [RESEARCHER] [9/15] Top 5 Finish
2026-05-15 18:02:49,883 [RESEARCHER] [10/15] Handicap
2026-05-15 18:02:58,346 [RESEARCHER] [11/15] Top 4 Finish
2026-05-15 18:03:06,774 [RESEARCHER] [12/15] Winner
2026-05-15 18:03:14,832 [RESEARCHER] [13/15] Correct Score
2026-05-15 18:03:16,440 [RESEARCHER] [14/15] Top 6 Finish
2026-05-15 18:03:19,498 [RESEARCHER] [15/15] Match Odds
2026-05-15 18:03:27,886 [RESEARCHER] Research brief written: 2026-05-15_17-03_brief.json
2026-05-15 18:03:27,887 [RESEARCHER] Markets: 15 | Errors: 0 | Credits used: 60
BRIEF_PATH:/home/jwfalc/smarkets-bot/data/research/2026-05-15_17-03_brief.json
2026-05-15 18:03:28,420 [ANALYZER] Loading research brief: 2026-05-15_17-03_brief.json
2026-05-15 18:03:28,576 [ANALYZER] Analyzed 15 markets
2026-05-15 18:03:28,576 [ANALYZER] Found 6 signals (10pp+)
2026-05-15 18:03:28,576 [ANALYZER] Logged 10 distribution entries (7pp+)
2026-05-15 18:03:28,594 [ANALYZER] Research output written: 2026-05-15_17-03_research.json
2026-05-15 18:03:28,599 [ANALYZER] Appended 68 edge traces to edge_traces.json
RESEARCH_PATH:/home/jwfalc/smarkets-bot/data/research/2026-05-15_17-03_research.json
2026-05-15 18:03:29,663 [RESOLVE] Found 20 open trade(s) to check (paper_mode=True)
2026-05-15 18:03:29,664 [RESOLVE] Settled markets found: 0
2026-05-15 18:03:29,664 [RESOLVE] Standings fallback: 2 season future market(s) to check
2026-05-15 18:03:30,164 [RESOLVE] Standings: no match for ' Scottie Scheffler' in 24-team table
2026-05-15 18:03:30,166 [RESOLVE] Standings: no match for ' Scottie Scheffler' in 24-team table
2026-05-15 18:03:30,166 [RESOLVE] No open-trade markets have settled yet.
2026-05-15 18:03:31,331 [INFO] ============================================================
2026-05-15 18:03:31,332 [INFO] DIGEST RUN STARTED
2026-05-15 18:03:31,332 [INFO] ============================================================
2026-05-15 18:03:38,911 [INFO] Signal filtered (high-odds lay): Top 5 Finish @ 6.00 odds (cap: 4.0)
2026-05-15 18:03:38,912 [INFO] Signal filtered (high-odds lay): Top 5 Finish @ 6.00 odds (cap: 4.0)
2026-05-15 18:03:38,913 [INFO] Signal filtered (high-odds lay): Top 5 Finish @ 6.00 odds (cap: 4.0)
2026-05-15 18:03:38,913 [INFO] Signal filtered (high-odds lay): Top 5 Finish @ 6.00 odds (cap: 4.0)
2026-05-15 18:03:38,913 [WARNING] CONSECUTIVE LOSSES: 3
2026-05-15 18:03:38,914 [WARNING] Consecutive loss alert: 3 in a row
2026-05-15 18:03:39,054 [INFO] Telegram notification sent
2026-05-15 18:03:39,090 [INFO] Dashboard data written: /home/jwfalc/smarkets-bot/dashboard/dashboard_data.json
2026-05-15 18:03:39,167 [INFO] Period logs updated: 2026-05-15, 2026-W20, 2026-05, 2026-Q2
2026-05-15 18:03:39,168 [INFO] Run log: [2026-05-15 17:03 UTC] status=signal | platforms=betfair,matchbook | markets=957 | signals=2 | alerts=0 | movements=10 | consec_losses=3
2026-05-15 18:03:39,169 [INFO] Digest complete
Balance: £197.32 | Reserved: £178.26 | Available: £19.06
Skipping high-odds lay: Top 5 Finish @ 6.00 odds (cap: 4.0)
Skipping high-odds lay: Top 5 Finish @ 6.00 odds (cap: 4.0)
Skipping high-odds lay: Top 5 Finish @ 6.00 odds (cap: 4.0)
Skipping high-odds lay: Top 5 Finish @ 6.00 odds (cap: 4.0)
Skipping (already open): Top 6 Finish LAY
Skipping (already open): Top 6 Finish LAY
No new paper trades to log
Distribution log updated: 2 new entries added
Total entries: 597
  7-9pp: 164 total, 27 resolved
  10-11pp: 70 total, 37 resolved
  12pp+: 363 total, 171 resolved

REVIEW DUE: 7-9pp band has 27 resolved entries (threshold: 12)
  Run: python distribution_logger.py report
  Then run: prompts/prompt_review_v1.md

REVIEW DUE: 7-9pp band has 27 resolved entries (threshold: 12)
  Run: python distribution_logger.py report
  Then run: prompts/prompt_review_v1.md
EXIT_CODE:0
Sent
2026-05-15 18:03:44,614 [STATIC-DASH] Building dashboard data…
2026-05-15 18:03:46,204 [STATIC-DASH] Data collected: 99 trades, 65 signals, 957 markets
2026-05-15 18:03:46,521 [STATIC-DASH] Written: /home/jwfalc/smarkets-dashboard/index.html (3136KB)
2026-05-15 18:03:46 [DEPLOY] Starting dashboard deploy...
WARNING: could not find injection point in HTML
HTML written OK
2026-05-15 18:03:46 [DEPLOY] Static HTML built
[main b8c56b2] Deploy: 2026-05-15 18:03 UTC
 1 file changed, 1 insertion(+), 1 deletion(-)
To https://github.com/jwfalc-coder/smarkets-dashboard.git
   fc30d1b..b8c56b2  main -> main
2026-05-15 18:03:46 [DEPLOY] Deploy complete: Deploy: 2026-05-15 18:03 UTC
