Sent
2026-05-11 14:00:02,801 [INFO] ============================================================
2026-05-11 14:00:02,801 [INFO] SCANNER RUN STARTED - BETFAIR
2026-05-11 14:00:02,801 [INFO] ============================================================
2026-05-11 14:00:03,197 [INFO] Cached Betfair session too old, re-logging in
2026-05-11 14:00:03,197 [INFO] Betfair login attempt 1/3
2026-05-11 14:00:03,343 [INFO] Betfair login successful
2026-05-11 14:00:03,503 [INFO] Catalogue: 100 markets for sport ID 1
2026-05-11 14:00:03,641 [INFO] Catalogue: 100 markets for sport ID 2
2026-05-11 14:00:03,773 [INFO] Catalogue: 100 markets for sport ID 7
2026-05-11 14:00:03,909 [INFO] Catalogue: 100 markets for sport ID 4
2026-05-11 14:00:04,018 [INFO] Catalogue: 3 markets for sport ID 2378961
2026-05-11 14:00:04,090 [INFO] Catalogue: 0 markets for sport ID 3
2026-05-11 14:00:04,329 [INFO] Catalogue: 100 markets for sport ID 7522
2026-05-11 14:00:04,401 [INFO] Catalogue: 0 markets for sport ID 6423
2026-05-11 14:00:04,402 [INFO] Betfair: fetching prices for 503 markets...
2026-05-11 14:00:08,967 [INFO] Betfair: enriching 503 markets with price data...
2026-05-11 14:00:08,975 [INFO] Betfair: enriched 50/503 markets, 8 tradeable so far
2026-05-11 14:00:08,982 [INFO] Betfair: enriched 100/503 markets, 17 tradeable so far
2026-05-11 14:00:09,018 [INFO] Betfair: enriched 150/503 markets, 19 tradeable so far
2026-05-11 14:00:09,022 [INFO] Betfair: enriched 200/503 markets, 21 tradeable so far
2026-05-11 14:00:09,031 [INFO] Betfair: enriched 250/503 markets, 51 tradeable so far
2026-05-11 14:00:09,044 [INFO] Betfair: enriched 300/503 markets, 79 tradeable so far
2026-05-11 14:00:09,049 [INFO] Betfair: enriched 350/503 markets, 92 tradeable so far
2026-05-11 14:00:09,052 [INFO] Betfair: enriched 400/503 markets, 99 tradeable so far
2026-05-11 14:00:09,105 [INFO] Betfair: enriched 450/503 markets, 108 tradeable so far
2026-05-11 14:00:09,150 [INFO] Betfair: enriched 500/503 markets, 113 tradeable so far
2026-05-11 14:00:09,152 [INFO] Betfair: enriched 503/503 markets, 114 tradeable so far
2026-05-11 14:00:09,153 [INFO] Betfair: 503 total markets, 114 above 100 GBP volume
2026-05-11 14:00:09,178 [INFO] betfair: 503 total, 114 above 100 GBP threshold
2026-05-11 14:00:09,320 [INFO] Snapshot written: /home/jwfalc/smarkets-bot/data/snapshots/betfair/2026-05-11_13-00.json
2026-05-11 14:00:09,382 [INFO] Market log updated (betfair)
2026-05-11 14:00:39,556 [INFO] Scanner complete for betfair. Snapshot: 2026-05-11_13-00.json
2026-05-11 14:00:40,007 [INFO] ============================================================
2026-05-11 14:00:40,009 [INFO] SCANNER RUN STARTED - MATCHBOOK
2026-05-11 14:00:40,009 [INFO] ============================================================
2026-05-11 14:00:40,472 [INFO] Matchbook login attempt 1/3
2026-05-11 14:00:40,650 [INFO] Matchbook login successful
2026-05-11 14:00:40,651 [INFO] Matchbook: fetching events with prices for 15 sports...
2026-05-11 14:00:40,741 [INFO] Matchbook: fetched page offset=0, 20 events (total so far: 20)
2026-05-11 14:00:41,033 [INFO] Matchbook: fetched page offset=20, 20 events (total so far: 40)
2026-05-11 14:00:41,325 [INFO] Matchbook: fetched page offset=40, 20 events (total so far: 60)
2026-05-11 14:00:41,707 [INFO] Matchbook: fetched page offset=60, 20 events (total so far: 80)
2026-05-11 14:00:42,098 [INFO] Matchbook: fetched page offset=80, 20 events (total so far: 100)
2026-05-11 14:00:42,483 [INFO] Matchbook: fetched page offset=100, 20 events (total so far: 120)
2026-05-11 14:00:42,766 [INFO] Matchbook: fetched page offset=120, 20 events (total so far: 140)
2026-05-11 14:00:43,000 [INFO] Matchbook: fetched page offset=140, 20 events (total so far: 160)
2026-05-11 14:00:43,271 [INFO] Matchbook: fetched page offset=160, 20 events (total so far: 180)
2026-05-11 14:00:43,584 [INFO] Matchbook: fetched page offset=180, 20 events (total so far: 200)
2026-05-11 14:00:43,887 [INFO] Matchbook: fetched page offset=200, 20 events (total so far: 220)
2026-05-11 14:00:44,253 [INFO] Matchbook: fetched page offset=220, 20 events (total so far: 240)
2026-05-11 14:00:44,552 [INFO] Matchbook: fetched page offset=240, 20 events (total so far: 260)
2026-05-11 14:00:44,894 [INFO] Matchbook: fetched page offset=260, 20 events (total so far: 280)
2026-05-11 14:00:45,229 [INFO] Matchbook: fetched page offset=280, 20 events (total so far: 300)
2026-05-11 14:00:45,516 [INFO] Matchbook: fetched page offset=300, 20 events (total so far: 320)
2026-05-11 14:00:45,754 [INFO] Matchbook: fetched page offset=320, 18 events (total so far: 338)
2026-05-11 14:00:45,754 [INFO] Matchbook: processing 338 events
2026-05-11 14:00:45,763 [INFO] Matchbook: processed 20/338 events, 162 markets so far
2026-05-11 14:00:45,874 [INFO] Matchbook: processed 40/338 events, 407 markets so far
2026-05-11 14:00:45,887 [INFO] Matchbook: processed 60/338 events, 700 markets so far
2026-05-11 14:00:45,909 [INFO] Matchbook: processed 80/338 events, 1208 markets so far
2026-05-11 14:00:45,935 [INFO] Matchbook: processed 100/338 events, 1785 markets so far
2026-05-11 14:00:45,966 [INFO] Matchbook: processed 120/338 events, 2468 markets so far
2026-05-11 14:00:45,980 [INFO] Matchbook: processed 140/338 events, 2811 markets so far
2026-05-11 14:00:45,981 [INFO] Matchbook: processed 160/338 events, 2831 markets so far
2026-05-11 14:00:45,985 [INFO] Matchbook: processed 180/338 events, 2957 markets so far
2026-05-11 14:00:46,001 [INFO] Matchbook: processed 200/338 events, 3294 markets so far
2026-05-11 14:00:46,020 [INFO] Matchbook: processed 220/338 events, 3804 markets so far
2026-05-11 14:00:46,051 [INFO] Matchbook: processed 240/338 events, 4481 markets so far
2026-05-11 14:00:46,061 [INFO] Matchbook: processed 260/338 events, 4718 markets so far
2026-05-11 14:00:46,102 [INFO] Matchbook: processed 280/338 events, 5421 markets so far
2026-05-11 14:00:46,130 [INFO] Matchbook: processed 300/338 events, 6106 markets so far
2026-05-11 14:00:46,146 [INFO] Matchbook: processed 320/338 events, 6536 markets so far
2026-05-11 14:00:46,148 [INFO] Matchbook: processed 338/338 events, 6554 markets so far
2026-05-11 14:00:46,149 [INFO] Matchbook: 6555 total markets, 437 above 25 GBP volume
2026-05-11 14:00:46,222 [INFO] matchbook: 6555 total, 437 above 25 GBP threshold
2026-05-11 14:00:46,391 [INFO] Snapshot written: /home/jwfalc/smarkets-bot/data/snapshots/matchbook/2026-05-11_13-00.json
2026-05-11 14:00:46,479 [INFO] Market log updated (matchbook)
2026-05-11 14:01:19,553 [INFO] Scanner complete for matchbook. Snapshot: 2026-05-11_13-00.json
2026-05-11 14:01:20,513 [RESEARCHER] matchbook: 259 tradeable markets from 2026-05-11_13-00.json
2026-05-11 14:01:20,515 [RESEARCHER] Market selection: 0 politics/current-affairs + 15 matchbook-sports + 0 betfair-sports = 15 total
2026-05-11 14:01:20,516 [RESEARCHER] [1/15] Winner
2026-05-11 14:01:24,133 [RESEARCHER] [2/15] Winner
2026-05-11 14:01:29,134 [RESEARCHER] [3/15] Winner
2026-05-11 14:01:32,719 [RESEARCHER] [4/15] To Be Relegated
2026-05-11 14:01:36,831 [RESEARCHER] [5/15] Winner
2026-05-11 14:01:40,365 [RESEARCHER] [6/15] Correct Score
2026-05-11 14:01:43,880 [RESEARCHER] [7/15] Match Odds
2026-05-11 14:01:47,980 [RESEARCHER] [8/15] Top 4 Finish
2026-05-11 14:01:52,134 [RESEARCHER] [9/15] Match Odds
2026-05-11 14:01:55,667 [RESEARCHER] [10/15] Correct Score
2026-05-11 14:01:59,315 [RESEARCHER] [11/15] Winner
2026-05-11 14:02:03,110 [RESEARCHER] [12/15] Moneyline
2026-05-11 14:02:06,964 [RESEARCHER] [13/15] Top 6 Finish
2026-05-11 14:02:11,931 [RESEARCHER] [14/15] Match Odds
2026-05-11 14:02:16,182 [RESEARCHER] [15/15] Match Odds
2026-05-11 14:02:19,869 [RESEARCHER] Research brief written: 2026-05-11_13-02_brief.json
2026-05-11 14:02:19,869 [RESEARCHER] Markets: 15 | Errors: 0 | Credits used: 30
BRIEF_PATH:/home/jwfalc/smarkets-bot/data/research/2026-05-11_13-02_brief.json
2026-05-11 14:02:20,268 [ANALYZER] Loading research brief: 2026-05-11_13-02_brief.json
2026-05-11 14:02:20,348 [ANALYZER] Analyzed 15 markets
2026-05-11 14:02:20,348 [ANALYZER] Found 9 signals (10pp+)
2026-05-11 14:02:20,348 [ANALYZER] Logged 19 distribution entries (7pp+)
2026-05-11 14:02:20,364 [ANALYZER] Research output written: 2026-05-11_13-02_research.json
RESEARCH_PATH:/home/jwfalc/smarkets-bot/data/research/2026-05-11_13-02_research.json
2026-05-11 14:02:21,242 [RESOLVE] Found 15 open trade(s) to check (paper_mode=True)
2026-05-11 14:02:21,252 [RESOLVE] Using cached Matchbook session token
2026-05-11 14:02:21,253 [RESOLVE] Matchbook: checking 5 open-trade markets against settled events
/home/jwfalc/smarkets-bot/scripts/check_resolutions.py:305: DeprecationWarning: datetime.datetime.utcnow() is deprecated and scheduled for removal in a future version. Use timezone-aware objects to represent datetimes in UTC: datetime.datetime.now(datetime.UTC).
  cutoff = datetime.datetime.utcnow() - datetime.timedelta(days=30)
2026-05-11 14:02:30,694 [RESOLVE] Settled markets found: 0
2026-05-11 14:02:30,695 [RESOLVE] No open-trade markets have settled yet.
2026-05-11 14:02:31,704 [INFO] ============================================================
2026-05-11 14:02:31,704 [INFO] DIGEST RUN STARTED
2026-05-11 14:02:31,704 [INFO] ============================================================
2026-05-11 14:02:36,949 [INFO] Signal filtered (high-odds lay): Top 6 Finish @ 6.00 odds, 11.7pp edge
2026-05-11 14:02:36,981 [INFO] Dashboard data written: /home/jwfalc/smarkets-bot/dashboard/dashboard_data.json
2026-05-11 14:02:37,035 [INFO] Period logs updated: 2026-05-11, 2026-W20, 2026-05, 2026-Q2
2026-05-11 14:02:37,036 [INFO] Run log: [2026-05-11 13:02 UTC] status=signal | platforms=betfair,matchbook | markets=551 | signals=8 | alerts=0 | movements=10 | consec_losses=0
2026-05-11 14:02:37,036 [INFO] Digest complete
Balance: £159.18 | Reserved: £155.36 | Available: £3.82
Logged paper trade: Top 4 Finish - LAY @ 99.01% (edge: 49.57pp) [matchbook] | available now £3.77
Logged paper trade: Top 4 Finish - LAY @ 78.74% (edge: 37.22pp) [matchbook] | available now £2.42
Logged paper trade: Top 6 Finish - LAY @ 99.01% (edge: 67.39pp) [matchbook] | available now £2.37
Skipping high-odds lay: Top 6 Finish @ 6.00 odds, 11.7pp edge (need 20.0pp+ above 4.0 odds)
Skipping (insufficient balance): Top 6 Finish needs £4.65, only £2.37 available
Skipping (insufficient balance): Match Odds needs £5.00, only £2.37 available
Skipping (insufficient balance): Match Odds needs £5.00, only £2.37 available

3 new paper trade(s) logged
Distribution log updated: 11 new entries added
Total entries: 473
  7-9pp: 105 total, 18 resolved
  10-11pp: 59 total, 37 resolved
  12pp+: 309 total, 169 resolved

REVIEW DUE: 7-9pp band has 18 resolved entries (threshold: 12)
  Run: python distribution_logger.py report
  Then run: prompts/prompt_review_v1.md

REVIEW DUE: 7-9pp band has 18 resolved entries (threshold: 12)
  Run: python distribution_logger.py report
  Then run: prompts/prompt_review_v1.md
EXIT_CODE:0
Sent
2026-05-11 14:02:40 [DEPLOY] Starting dashboard deploy...
HTML written OK
2026-05-11 14:02:40 [DEPLOY] Static HTML built
[main 1433f1a] Deploy: 2026-05-11 14:02 UTC
 1 file changed, 1 insertion(+), 1 deletion(-)
To https://github.com/jwfalc-coder/smarkets-dashboard.git
   da2efe8..1433f1a  main -> main
2026-05-11 14:02:40 [DEPLOY] Deploy complete: Deploy: 2026-05-11 14:02 UTC
