Telegram notification failed silently: ('Connection aborted.', ConnectionResetError(104, 'Connection reset by peer'))
Failed to send
2026-06-02 10:00:02,787 [INFO] ============================================================
2026-06-02 10:00:02,788 [INFO] SCANNER RUN STARTED - BETFAIR
2026-06-02 10:00:02,788 [INFO] ============================================================
2026-06-02 10:00:03,184 [INFO] Cached Betfair session too old, re-logging in
2026-06-02 10:00:03,184 [INFO] Betfair login attempt 1/3
2026-06-02 10:00:03,338 [INFO] Betfair login successful
2026-06-02 10:00:03,499 [INFO] Catalogue: 100 markets for sport ID 1
2026-06-02 10:00:03,613 [INFO] Catalogue: 100 markets for sport ID 2
2026-06-02 10:00:03,735 [INFO] Catalogue: 100 markets for sport ID 7
2026-06-02 10:00:03,862 [INFO] Catalogue: 100 markets for sport ID 4
2026-06-02 10:00:03,949 [INFO] Catalogue: 2 markets for sport ID 2378961
2026-06-02 10:00:04,052 [INFO] Catalogue: 16 markets for sport ID 3
2026-06-02 10:00:04,258 [INFO] Catalogue: 93 markets for sport ID 7522
2026-06-02 10:00:04,350 [INFO] Catalogue: 0 markets for sport ID 6423
2026-06-02 10:00:04,350 [INFO] Betfair: fetching prices for 511 markets...
2026-06-02 10:00:08,709 [INFO] Betfair: enriching 511 markets with price data...
2026-06-02 10:00:08,717 [INFO] Betfair: enriched 50/511 markets, 7 tradeable so far
2026-06-02 10:00:08,725 [INFO] Betfair: enriched 100/511 markets, 16 tradeable so far
2026-06-02 10:00:08,728 [INFO] Betfair: enriched 150/511 markets, 19 tradeable so far
2026-06-02 10:00:08,731 [INFO] Betfair: enriched 200/511 markets, 22 tradeable so far
2026-06-02 10:00:08,739 [INFO] Betfair: enriched 250/511 markets, 24 tradeable so far
2026-06-02 10:00:08,749 [INFO] Betfair: enriched 300/511 markets, 40 tradeable so far
2026-06-02 10:00:08,752 [INFO] Betfair: enriched 350/511 markets, 48 tradeable so far
2026-06-02 10:00:08,757 [INFO] Betfair: enriched 400/511 markets, 52 tradeable so far
2026-06-02 10:00:08,879 [INFO] Betfair: enriched 450/511 markets, 71 tradeable so far
2026-06-02 10:00:08,928 [INFO] Betfair: enriched 500/511 markets, 79 tradeable so far
2026-06-02 10:00:08,942 [INFO] Betfair: enriched 511/511 markets, 82 tradeable so far
2026-06-02 10:00:08,942 [INFO] Betfair: 511 total markets, 82 above 100 GBP volume
2026-06-02 10:00:09,058 [INFO] Outrights: 20 markets for sport 1
2026-06-02 10:00:09,155 [INFO] Outrights: 16 markets for sport 3
2026-06-02 10:00:09,231 [INFO] Outrights: 1 markets for sport 2378961
2026-06-02 10:00:09,598 [INFO] Outrights: 33 markets above 25 GBP
2026-06-02 10:00:09,603 [INFO] Betfair: added 25 outright markets for cross-ref
2026-06-02 10:00:09,604 [INFO] betfair: 536 total, 107 above 100 GBP threshold
2026-06-02 10:00:09,854 [INFO] Snapshot written: /home/jwfalc/smarkets-bot/data/snapshots/betfair/2026-06-02_09-00.json
2026-06-02 10:00:09,988 [INFO] Market log updated (betfair)
2026-06-02 10:00:32,724 [INFO] Scanner complete for betfair. Snapshot: 2026-06-02_09-00.json
2026-06-02 10:00:33,036 [INFO] ============================================================
2026-06-02 10:00:33,037 [INFO] SCANNER RUN STARTED - MATCHBOOK
2026-06-02 10:00:33,037 [INFO] ============================================================
2026-06-02 10:00:33,377 [INFO] Matchbook login attempt 1/3
2026-06-02 10:00:33,550 [INFO] Matchbook login successful
2026-06-02 10:00:33,551 [INFO] Matchbook: fetching events with prices for 15 sports...
2026-06-02 10:00:33,623 [INFO] Matchbook: fetched page offset=0, 20 events (total so far: 20)
2026-06-02 10:00:33,856 [INFO] Matchbook: fetched page offset=20, 20 events (total so far: 40)
2026-06-02 10:00:34,086 [INFO] Matchbook: fetched page offset=40, 20 events (total so far: 60)
2026-06-02 10:00:34,326 [INFO] Matchbook: fetched page offset=60, 20 events (total so far: 80)
2026-06-02 10:00:34,585 [INFO] Matchbook: fetched page offset=80, 20 events (total so far: 100)
2026-06-02 10:00:34,888 [INFO] Matchbook: fetched page offset=100, 20 events (total so far: 120)
2026-06-02 10:00:35,138 [INFO] Matchbook: fetched page offset=120, 20 events (total so far: 140)
2026-06-02 10:00:35,390 [INFO] Matchbook: fetched page offset=140, 20 events (total so far: 160)
2026-06-02 10:00:35,628 [INFO] Matchbook: fetched page offset=160, 20 events (total so far: 180)
2026-06-02 10:00:35,871 [INFO] Matchbook: fetched page offset=180, 20 events (total so far: 200)
2026-06-02 10:00:36,095 [INFO] Matchbook: processing 200 events
2026-06-02 10:00:36,096 [INFO] Matchbook: processed 20/200 events, 39 markets so far
2026-06-02 10:00:36,098 [INFO] Matchbook: processed 40/200 events, 78 markets so far
2026-06-02 10:00:36,099 [INFO] Matchbook: processed 60/200 events, 118 markets so far
2026-06-02 10:00:36,101 [INFO] Matchbook: processed 80/200 events, 170 markets so far
2026-06-02 10:00:36,108 [INFO] Matchbook: processed 100/200 events, 346 markets so far
2026-06-02 10:00:36,122 [INFO] Matchbook: processed 120/200 events, 768 markets so far
2026-06-02 10:00:36,128 [INFO] Matchbook: processed 140/200 events, 929 markets so far
2026-06-02 10:00:36,132 [INFO] Matchbook: processed 160/200 events, 951 markets so far
2026-06-02 10:00:36,134 [INFO] Matchbook: processed 180/200 events, 971 markets so far
2026-06-02 10:00:36,137 [INFO] Matchbook: processed 200/200 events, 991 markets so far
2026-06-02 10:00:36,137 [INFO] Matchbook: 992 total markets, 185 above 25 GBP volume
2026-06-02 10:00:36,149 [INFO] matchbook: 992 total, 185 above 25 GBP threshold
2026-06-02 10:00:36,224 [INFO] Snapshot written: /home/jwfalc/smarkets-bot/data/snapshots/matchbook/2026-06-02_09-00.json
2026-06-02 10:00:36,266 [INFO] Market log updated (matchbook)
2026-06-02 10:01:00,532 [INFO] Scanner complete for matchbook. Snapshot: 2026-06-02_09-00.json
2026-06-02 10:01:01,166 [RESEARCHER] Prior index loaded: 105 known runners
2026-06-02 10:01:01,219 [RESEARCHER] betfair: 107 tradeable markets from 2026-06-02_09-00.json
2026-06-02 10:01:01,220 [RESEARCHER] Market selection: 3 politics + 7 outrights + 8 other sports = 18 total (platforms: ['betfair'])
2026-06-02 10:01:01,220 [RESEARCHER] [1/18] Makerfield - Restore Britain Vote Percentage
2026-06-02 10:01:06,289 [RESEARCHER] [2/18] Los Angeles Mayoral Election
2026-06-02 10:01:11,097 [RESEARCHER] [3/18] Next Mayor of Seoul
2026-06-02 10:01:15,904 [RESEARCHER] [4/18] Winner
2026-06-02 10:01:22,631 [RESEARCHER] [5/18] Winner
2026-06-02 10:01:30,258 [RESEARCHER]   Prior history injected for Scottie Scheffler
2026-06-02 10:01:30,259 [RESEARCHER]   Prior history injected for Rory McIlroy
2026-06-02 10:01:30,259 [RESEARCHER]   Prior history injected for Ludvig Aberg
2026-06-02 10:01:30,260 [RESEARCHER]   Prior history injected for Cameron Young
2026-06-02 10:01:30,260 [RESEARCHER]   Prior history injected for Xander Schauffele
2026-06-02 10:01:30,260 [RESEARCHER]   Prior history injected for Russell Henley
2026-06-02 10:01:30,260 [RESEARCHER] [6/18] Winner
2026-06-02 10:01:34,549 [RESEARCHER]   Prior history injected for Scottie Scheffler
2026-06-02 10:01:34,550 [RESEARCHER]   Prior history injected for Rory McIlroy
2026-06-02 10:01:34,550 [RESEARCHER]   Prior history injected for Jon Rahm
2026-06-02 10:01:34,550 [RESEARCHER]   Prior history injected for Cameron Young
2026-06-02 10:01:34,551 [RESEARCHER]   Prior history injected for Ludvig Aberg
2026-06-02 10:01:34,551 [RESEARCHER]   Prior history injected for Xander Schauffele
2026-06-02 10:01:34,551 [RESEARCHER] [7/18] Winner
2026-06-02 10:01:39,005 [RESEARCHER]   Prior history injected for Scottie Scheffler
2026-06-02 10:01:39,005 [RESEARCHER]   Prior history injected for Rory McIlroy
2026-06-02 10:01:39,006 [RESEARCHER]   Prior history injected for Jon Rahm
2026-06-02 10:01:39,006 [RESEARCHER]   Prior history injected for Xander Schauffele
2026-06-02 10:01:39,006 [RESEARCHER]   Prior history injected for Cameron Young
2026-06-02 10:01:39,007 [RESEARCHER] [8/18] Winner
2026-06-02 10:01:46,579 [RESEARCHER]   Prior history injected for Daniel Hillier
2026-06-02 10:01:46,579 [RESEARCHER]   Prior history injected for Jacob Skov Olesen
2026-06-02 10:01:46,580 [RESEARCHER] [9/18] Winner
2026-06-02 10:01:50,966 [RESEARCHER]   Prior history injected for Scottie Scheffler
2026-06-02 10:01:50,967 [RESEARCHER]   Prior history injected for Rory McIlroy
2026-06-02 10:01:50,967 [RESEARCHER]   Prior history injected for Jon Rahm
2026-06-02 10:01:50,968 [RESEARCHER]   Prior history injected for Cameron Young
2026-06-02 10:01:50,968 [RESEARCHER]   Prior history injected for Ludvig Aberg
2026-06-02 10:01:50,968 [RESEARCHER]   Prior history injected for Bryson DeChambeau
2026-06-02 10:01:50,969 [RESEARCHER] [10/18] Top 5 Finish
2026-06-02 10:01:52,923 [RESEARCHER]   Prior history injected for Scottie Scheffler
2026-06-02 10:01:52,924 [RESEARCHER]   Prior history injected for Rory McIlroy
2026-06-02 10:01:52,924 [RESEARCHER]   Prior history injected for Ludvig Aberg
2026-06-02 10:01:52,925 [RESEARCHER]   Prior history injected for Cameron Young
2026-06-02 10:01:52,925 [RESEARCHER]   Prior history injected for Xander Schauffele
2026-06-02 10:01:52,925 [RESEARCHER]   Prior history injected for Russell Henley
2026-06-02 10:01:52,926 [RESEARCHER] [11/18] Match Odds
2026-06-02 10:02:00,414 [RESEARCHER] [12/18] Match Odds
2026-06-02 10:02:08,278 [RESEARCHER] [13/18] Match Odds
2026-06-02 10:02:15,230 [RESEARCHER]   Prior history injected for Pakistan
2026-06-02 10:02:15,230 [RESEARCHER] [14/18] Winner 2026/27
2026-06-02 10:02:21,639 [RESEARCHER]   Prior history injected for Arsenal
2026-06-02 10:02:21,640 [RESEARCHER]   Prior history injected for Man City
2026-06-02 10:02:21,640 [RESEARCHER]   Prior history injected for Liverpool
2026-06-02 10:02:21,641 [RESEARCHER]   Prior history injected for Chelsea
2026-06-02 10:02:21,641 [RESEARCHER]   Prior history injected for Aston Villa
2026-06-02 10:02:21,641 [RESEARCHER] [15/18] 1m2f Mdn Stks
2026-06-02 10:02:26,698 [RESEARCHER] [16/18] Match Odds
2026-06-02 10:02:33,420 [RESEARCHER]   Prior history injected for England W
2026-06-02 10:02:33,421 [RESEARCHER]   Prior history injected for India W
2026-06-02 10:02:33,421 [RESEARCHER] [17/18] Moneyline
2026-06-02 10:02:40,227 [RESEARCHER]   Prior history injected for San Antonio Spurs
2026-06-02 10:02:40,227 [RESEARCHER] [18/18] 2m Hcap Chs
2026-06-02 10:02:45,278 [RESEARCHER] Research brief written: 2026-06-02_09-02_brief.json
2026-06-02 10:02:45,278 [RESEARCHER] Markets: 18 | Errors: 0 | Credits used: 73
BRIEF_PATH:/home/jwfalc/smarkets-bot/data/research/2026-06-02_09-02_brief.json
2026-06-02 10:02:45,597 [ANALYZER] Loading research brief: 2026-06-02_09-02_brief.json
2026-06-02 10:02:45,795 [ANALYZER] Betfair cross-ref index: 3765 runners
2026-06-02 10:02:45,803 [ANALYZER] Analyzed 18 markets
2026-06-02 10:02:45,803 [ANALYZER] Found 3 signals (10pp+)
2026-06-02 10:02:45,803 [ANALYZER] Logged 12 distribution entries (7pp+)
2026-06-02 10:02:45,818 [ANALYZER] Research output written: 2026-06-02_09-02_research.json
2026-06-02 10:02:45,821 [ANALYZER] Appended 79 edge traces to edge_traces.json
RESEARCH_PATH:/home/jwfalc/smarkets-bot/data/research/2026-06-02_09-02_research.json
2026-06-02 10:02:46,385 [RESOLVE] Found 12 open trade(s) to check (paper_mode=True)
2026-06-02 10:02:46,454 [RESOLVE] Using cached Betfair session token
2026-06-02 10:02:46,454 [RESOLVE] Betfair: checking 12 open-trade markets
2026-06-02 10:02:55,794 [RESOLVE] Snapshot name lookup: found mappings for 12 markets
2026-06-02 10:02:56,001 [RESOLVE] Settled markets found: 0
2026-06-02 10:02:56,002 [RESOLVE] No open-trade markets have settled yet.
2026-06-02 10:02:56,621 [INFO] ============================================================
2026-06-02 10:02:56,622 [INFO] DIGEST RUN STARTED
2026-06-02 10:02:56,622 [INFO] ============================================================
2026-06-02 10:03:00,775 [INFO] Dashboard data written: /home/jwfalc/smarkets-bot/dashboard/dashboard_data.json
2026-06-02 10:03:00,827 [INFO] Period logs updated: 2026-06-02, 2026-W23, 2026-06, 2026-Q2
2026-06-02 10:03:00,828 [INFO] Run log: [2026-06-02 09:02 UTC] status=signal | platforms=betfair,matchbook | markets=292 | signals=3 | alerts=0 | movements=10 | consec_losses=0
2026-06-02 10:03:00,828 [INFO] Digest complete
Balance: £427.54 | Reserved: £35.50 | Available: £392.04
Logged paper trade: Top 5 Finish - LAY @ 54.64% (edge: 12.91pp) [betfair] | available now £387.89
Reduced stake: Winner 2026/27 edge 12.2pp < 15.0pp → £2.15 (43%)
Skipping (already open): Winner 2026/27 BACK

1 new paper trade(s) logged
Distribution log updated: 4 new entries added
Total entries: 838
  near_certainty: 6 total, 5 resolved
  high_prob: 18 total, 9 resolved
  7-9pp: 246 total, 98 resolved
  10-11pp: 107 total, 45 resolved
  12pp+: 461 total, 357 resolved

REVIEW DUE: 7-9pp band has 98 resolved entries (threshold: 12)
  Run: python distribution_logger.py report
  Then run: prompts/prompt_review_v1.md

REVIEW DUE: 7-9pp band has 98 resolved entries (threshold: 12)
  Run: python distribution_logger.py report
  Then run: prompts/prompt_review_v1.md
EXIT_CODE:0
Sent
2026-06-02 10:03:03,840 [STATIC-DASH] Building dashboard data…
2026-06-02 10:03:04,862 [STATIC-DASH] Data collected: 220 trades, 43 signals, 292 markets
2026-06-02 10:03:05,044 [STATIC-DASH] Written: /home/jwfalc/smarkets-dashboard/index.html (2499KB)
2026-06-02 10:03:05 [DEPLOY] Starting dashboard deploy...
WARNING: could not find injection point in HTML
HTML written OK
2026-06-02 10:03:05 [DEPLOY] Static HTML built
[main de209d8] Deploy: 2026-06-02 10:03 UTC
 1 file changed, 1 insertion(+), 1 deletion(-)
To https://github.com/jwfalc-coder/smarkets-dashboard.git
   0caa5b5..de209d8  main -> main
2026-06-02 10:03:05 [DEPLOY] Deploy complete: Deploy: 2026-06-02 10:03 UTC
