Sent
2026-05-18 14:00:03,192 [INFO] ============================================================
2026-05-18 14:00:03,193 [INFO] SCANNER RUN STARTED - BETFAIR
2026-05-18 14:00:03,193 [INFO] ============================================================
2026-05-18 14:00:03,795 [INFO] Cached Betfair session too old, re-logging in
2026-05-18 14:00:03,797 [INFO] Betfair login attempt 1/3
2026-05-18 14:00:03,970 [INFO] Betfair login successful
2026-05-18 14:00:04,128 [INFO] Catalogue: 100 markets for sport ID 1
2026-05-18 14:00:04,274 [INFO] Catalogue: 100 markets for sport ID 2
2026-05-18 14:00:04,437 [INFO] Catalogue: 100 markets for sport ID 7
2026-05-18 14:00:04,556 [INFO] Catalogue: 99 markets for sport ID 4
2026-05-18 14:00:04,642 [INFO] Catalogue: 0 markets for sport ID 2378961
2026-05-18 14:00:04,740 [INFO] Catalogue: 0 markets for sport ID 3
2026-05-18 14:00:05,008 [INFO] Catalogue: 100 markets for sport ID 7522
2026-05-18 14:00:05,090 [INFO] Catalogue: 0 markets for sport ID 6423
2026-05-18 14:00:05,090 [INFO] Betfair: fetching prices for 499 markets...
2026-05-18 14:00:10,026 [INFO] Betfair: enriching 499 markets with price data...
2026-05-18 14:00:10,031 [INFO] Betfair: enriched 50/499 markets, 2 tradeable so far
2026-05-18 14:00:10,036 [INFO] Betfair: enriched 100/499 markets, 9 tradeable so far
2026-05-18 14:00:10,038 [INFO] Betfair: enriched 150/499 markets, 10 tradeable so far
2026-05-18 14:00:10,040 [INFO] Betfair: enriched 200/499 markets, 12 tradeable so far
2026-05-18 14:00:10,049 [INFO] Betfair: enriched 250/499 markets, 43 tradeable so far
2026-05-18 14:00:10,058 [INFO] Betfair: enriched 300/499 markets, 70 tradeable so far
2026-05-18 14:00:10,061 [INFO] Betfair: enriched 350/499 markets, 79 tradeable so far
2026-05-18 14:00:10,065 [INFO] Betfair: enriched 400/499 markets, 86 tradeable so far
2026-05-18 14:00:10,174 [INFO] Betfair: enriched 450/499 markets, 100 tradeable so far
2026-05-18 14:00:10,231 [INFO] Betfair: enriched 499/499 markets, 108 tradeable so far
2026-05-18 14:00:10,233 [INFO] Betfair: 499 total markets, 108 above 100 GBP volume
2026-05-18 14:00:10,391 [INFO] Outrights: 40 markets for sport 1
2026-05-18 14:00:10,476 [INFO] Outrights: 12 markets for sport 3
2026-05-18 14:00:10,561 [INFO] Outrights: 0 markets for sport 2378961
2026-05-18 14:00:11,169 [INFO] Outrights: 43 markets above 25 GBP
2026-05-18 14:00:11,175 [INFO] Betfair: added 43 outright markets for cross-ref
2026-05-18 14:00:11,175 [INFO] betfair: 542 total, 151 above 100 GBP threshold
2026-05-18 14:00:11,483 [INFO] Snapshot written: /home/jwfalc/smarkets-bot/data/snapshots/betfair/2026-05-18_13-00.json
2026-05-18 14:00:11,639 [INFO] Market log updated (betfair)
2026-05-18 14:00:46,766 [INFO] Scanner complete for betfair. Snapshot: 2026-05-18_13-00.json
2026-05-18 14:00:47,324 [INFO] ============================================================
2026-05-18 14:00:47,324 [INFO] SCANNER RUN STARTED - MATCHBOOK
2026-05-18 14:00:47,324 [INFO] ============================================================
2026-05-18 14:00:48,003 [INFO] Matchbook login attempt 1/3
2026-05-18 14:00:48,190 [INFO] Matchbook login successful
2026-05-18 14:00:48,191 [INFO] Matchbook: fetching events with prices for 15 sports...
2026-05-18 14:00:48,289 [INFO] Matchbook: fetched page offset=0, 20 events (total so far: 20)
2026-05-18 14:00:48,548 [INFO] Matchbook: fetched page offset=20, 20 events (total so far: 40)
2026-05-18 14:00:48,849 [INFO] Matchbook: fetched page offset=40, 20 events (total so far: 60)
2026-05-18 14:00:49,254 [INFO] Matchbook: fetched page offset=60, 20 events (total so far: 80)
2026-05-18 14:00:49,606 [INFO] Matchbook: fetched page offset=80, 20 events (total so far: 100)
2026-05-18 14:00:49,986 [INFO] Matchbook: fetched page offset=100, 20 events (total so far: 120)
2026-05-18 14:00:50,267 [INFO] Matchbook: fetched page offset=120, 20 events (total so far: 140)
2026-05-18 14:00:50,504 [INFO] Matchbook: fetched page offset=140, 20 events (total so far: 160)
2026-05-18 14:00:50,736 [INFO] Matchbook: fetched page offset=160, 20 events (total so far: 180)
2026-05-18 14:00:50,974 [INFO] Matchbook: fetched page offset=180, 20 events (total so far: 200)
2026-05-18 14:00:51,255 [INFO] Matchbook: fetched page offset=200, 20 events (total so far: 220)
2026-05-18 14:00:51,641 [INFO] Matchbook: fetched page offset=220, 20 events (total so far: 240)
2026-05-18 14:00:51,924 [INFO] Matchbook: fetched page offset=240, 20 events (total so far: 260)
2026-05-18 14:00:52,272 [INFO] Matchbook: fetched page offset=260, 20 events (total so far: 280)
2026-05-18 14:00:52,557 [INFO] Matchbook: fetched page offset=280, 20 events (total so far: 300)
2026-05-18 14:00:52,846 [INFO] Matchbook: fetched page offset=300, 20 events (total so far: 320)
2026-05-18 14:00:53,093 [INFO] Matchbook: fetched page offset=320, 20 events (total so far: 340)
2026-05-18 14:00:53,335 [INFO] Matchbook: fetched page offset=340, 20 events (total so far: 360)
2026-05-18 14:00:53,570 [INFO] Matchbook: fetched page offset=360, 3 events (total so far: 363)
2026-05-18 14:00:53,570 [INFO] Matchbook: processing 363 events
2026-05-18 14:00:53,574 [INFO] Matchbook: processed 20/363 events, 144 markets so far
2026-05-18 14:00:53,578 [INFO] Matchbook: processed 40/363 events, 261 markets so far
2026-05-18 14:00:53,586 [INFO] Matchbook: processed 60/363 events, 429 markets so far
2026-05-18 14:00:53,605 [INFO] Matchbook: processed 80/363 events, 842 markets so far
2026-05-18 14:00:53,708 [INFO] Matchbook: processed 100/363 events, 1280 markets so far
2026-05-18 14:00:53,731 [INFO] Matchbook: processed 120/363 events, 1854 markets so far
2026-05-18 14:00:53,740 [INFO] Matchbook: processed 140/363 events, 2069 markets so far
2026-05-18 14:00:53,740 [INFO] Matchbook: processed 160/363 events, 2089 markets so far
2026-05-18 14:00:53,741 [INFO] Matchbook: processed 180/363 events, 2109 markets so far
2026-05-18 14:00:53,743 [INFO] Matchbook: processed 200/363 events, 2186 markets so far
2026-05-18 14:00:53,754 [INFO] Matchbook: processed 220/363 events, 2520 markets so far
2026-05-18 14:00:53,779 [INFO] Matchbook: processed 240/363 events, 3271 markets so far
2026-05-18 14:00:53,791 [INFO] Matchbook: processed 260/363 events, 3576 markets so far
2026-05-18 14:00:53,809 [INFO] Matchbook: processed 280/363 events, 4141 markets so far
2026-05-18 14:00:53,825 [INFO] Matchbook: processed 300/363 events, 4643 markets so far
2026-05-18 14:00:53,843 [INFO] Matchbook: processed 320/363 events, 5261 markets so far
2026-05-18 14:00:53,846 [INFO] Matchbook: processed 340/363 events, 5325 markets so far
2026-05-18 14:00:53,849 [INFO] Matchbook: processed 360/363 events, 5344 markets so far
2026-05-18 14:00:53,850 [INFO] Matchbook: processed 363/363 events, 5347 markets so far
2026-05-18 14:00:53,851 [INFO] Matchbook: 5348 total markets, 393 above 25 GBP volume
2026-05-18 14:00:53,906 [INFO] matchbook: 5348 total, 393 above 25 GBP threshold
2026-05-18 14:00:54,049 [INFO] Snapshot written: /home/jwfalc/smarkets-bot/data/snapshots/matchbook/2026-05-18_13-00.json
2026-05-18 14:00:54,119 [INFO] Market log updated (matchbook)
2026-05-18 14:01:31,166 [INFO] Scanner complete for matchbook. Snapshot: 2026-05-18_13-00.json
2026-05-18 14:01:32,300 [RESEARCHER] matchbook: 244 tradeable markets from 2026-05-18_13-00.json
2026-05-18 14:01:32,304 [RESEARCHER] Market selection: 0 politics/current-affairs + 15 matchbook-sports + 0 betfair-sports = 15 total
2026-05-18 14:01:32,305 [RESEARCHER] [1/15] Winner
2026-05-18 14:01:40,752 [RESEARCHER] [2/15] Winner
2026-05-18 14:01:47,853 [RESEARCHER] [3/15] To Be Relegated
2026-05-18 14:01:55,850 [RESEARCHER] [4/15] Winner
2026-05-18 14:02:03,896 [RESEARCHER] [5/15] Match Odds
2026-05-18 14:02:11,308 [RESEARCHER] [6/15] Correct Score
2026-05-18 14:02:18,685 [RESEARCHER] [7/15] Top 4 Finish
2026-05-18 14:02:27,531 [RESEARCHER] [8/15] Match Odds
2026-05-18 14:02:35,807 [RESEARCHER] [9/15] Winner
2026-05-18 14:02:43,291 [RESEARCHER] [10/15] Top 6 Finish
2026-05-18 14:02:46,484 [RESEARCHER] [11/15] Match Odds
2026-05-18 14:02:53,472 [RESEARCHER] [12/15] Correct Score
2026-05-18 14:02:55,277 [RESEARCHER] [13/15] Match Odds
2026-05-18 14:03:03,519 [RESEARCHER] [14/15] Match Odds
2026-05-18 14:03:11,832 [RESEARCHER] [15/15] Winner
2026-05-18 14:03:19,369 [RESEARCHER] Research brief written: 2026-05-18_13-03_brief.json
2026-05-18 14:03:19,369 [RESEARCHER] Markets: 15 | Errors: 0 | Credits used: 60
BRIEF_PATH:/home/jwfalc/smarkets-bot/data/research/2026-05-18_13-03_brief.json
2026-05-18 14:03:19,811 [ANALYZER] Loading research brief: 2026-05-18_13-03_brief.json
2026-05-18 14:03:20,035 [ANALYZER] Betfair cross-ref index: 3170 runners
2026-05-18 14:03:20,039 [ANALYZER] Analyzed 15 markets
2026-05-18 14:03:20,039 [ANALYZER] Found 0 signals (10pp+)
2026-05-18 14:03:20,039 [ANALYZER] Logged 5 distribution entries (7pp+)
2026-05-18 14:03:20,071 [ANALYZER] Research output written: 2026-05-18_13-03_research.json
2026-05-18 14:03:20,074 [ANALYZER] Appended 61 edge traces to edge_traces.json
RESEARCH_PATH:/home/jwfalc/smarkets-bot/data/research/2026-05-18_13-03_research.json
2026-05-18 14:03:20,940 [RESOLVE] Found 13 open trade(s) to check (paper_mode=True)
2026-05-18 14:03:20,940 [RESOLVE] Settled markets found: 0
2026-05-18 14:03:20,941 [RESOLVE] No open-trade markets have settled yet.
2026-05-18 14:03:21,881 [INFO] ============================================================
2026-05-18 14:03:21,882 [INFO] DIGEST RUN STARTED
2026-05-18 14:03:21,883 [INFO] ============================================================
2026-05-18 14:03:28,382 [INFO] Dashboard data written: /home/jwfalc/smarkets-bot/dashboard/dashboard_data.json
2026-05-18 14:03:28,463 [INFO] Period logs updated: 2026-05-18, 2026-W21, 2026-05, 2026-Q2
2026-05-18 14:03:28,464 [INFO] Run log: [2026-05-18 13:03 UTC] status=ok | platforms=betfair,matchbook | markets=544 | signals=0 | alerts=0 | movements=10 | consec_losses=0
2026-05-18 14:03:28,465 [INFO] Digest complete
Balance: £280.65 | Reserved: £57.59 | Available: £223.06
No new paper trades to log
Distribution log updated: 2 new entries added
Total entries: 549
  near_certainty: 3 total, 3 resolved
  high_prob: 13 total, 5 resolved
  7-9pp: 146 total, 33 resolved
  10-11pp: 41 total, 21 resolved
  12pp+: 346 total, 193 resolved

REVIEW DUE: 7-9pp band has 33 resolved entries (threshold: 12)
  Run: python distribution_logger.py report
  Then run: prompts/prompt_review_v1.md

REVIEW DUE: 7-9pp band has 33 resolved entries (threshold: 12)
  Run: python distribution_logger.py report
  Then run: prompts/prompt_review_v1.md
EXIT_CODE:0
Sent
2026-05-18 14:03:33,114 [STATIC-DASH] Building dashboard data…
2026-05-18 14:03:34,382 [STATIC-DASH] Data collected: 106 trades, 38 signals, 544 markets
2026-05-18 14:03:34,585 [STATIC-DASH] Written: /home/jwfalc/smarkets-dashboard/index.html (2330KB)
2026-05-18 14:03:34 [DEPLOY] Starting dashboard deploy...
WARNING: could not find injection point in HTML
HTML written OK
2026-05-18 14:03:34 [DEPLOY] Static HTML built
[main 3b4d3ff] Deploy: 2026-05-18 14:03 UTC
 1 file changed, 1 insertion(+), 1 deletion(-)
To https://github.com/jwfalc-coder/smarkets-dashboard.git
   0717c40..3b4d3ff  main -> main
2026-05-18 14:03:34 [DEPLOY] Deploy complete: Deploy: 2026-05-18 14:03 UTC
