Sent
2026-05-10 10:00:02,567 [INFO] ============================================================
2026-05-10 10:00:02,567 [INFO] SCANNER RUN STARTED - BETFAIR
2026-05-10 10:00:02,567 [INFO] ============================================================
2026-05-10 10:00:02,973 [INFO] Using cached Betfair session token
2026-05-10 10:00:03,142 [INFO] Catalogue: 100 markets for sport ID 1
2026-05-10 10:00:03,257 [INFO] Catalogue: 100 markets for sport ID 2
2026-05-10 10:00:03,378 [INFO] Catalogue: 100 markets for sport ID 7
2026-05-10 10:00:03,497 [INFO] Catalogue: 100 markets for sport ID 4
2026-05-10 10:00:03,581 [INFO] Catalogue: 0 markets for sport ID 2378961
2026-05-10 10:00:03,694 [INFO] Catalogue: 75 markets for sport ID 3
2026-05-10 10:00:03,892 [INFO] Catalogue: 100 markets for sport ID 7522
2026-05-10 10:00:03,983 [INFO] Catalogue: 3 markets for sport ID 6423
2026-05-10 10:00:03,983 [INFO] Betfair: fetching prices for 578 markets...
2026-05-10 10:00:09,035 [INFO] Betfair: enriching 578 markets with price data...
2026-05-10 10:00:09,045 [INFO] Betfair: enriched 50/578 markets, 20 tradeable so far
2026-05-10 10:00:09,051 [INFO] Betfair: enriched 100/578 markets, 32 tradeable so far
2026-05-10 10:00:09,053 [INFO] Betfair: enriched 150/578 markets, 33 tradeable so far
2026-05-10 10:00:09,055 [INFO] Betfair: enriched 200/578 markets, 34 tradeable so far
2026-05-10 10:00:09,066 [INFO] Betfair: enriched 250/578 markets, 43 tradeable so far
2026-05-10 10:00:09,079 [INFO] Betfair: enriched 300/578 markets, 62 tradeable so far
2026-05-10 10:00:09,082 [INFO] Betfair: enriched 350/578 markets, 70 tradeable so far
2026-05-10 10:00:09,086 [INFO] Betfair: enriched 400/578 markets, 84 tradeable so far
2026-05-10 10:00:09,124 [INFO] Betfair: enriched 450/578 markets, 113 tradeable so far
2026-05-10 10:00:09,165 [INFO] Betfair: enriched 500/578 markets, 131 tradeable so far
2026-05-10 10:00:09,214 [INFO] Betfair: enriched 550/578 markets, 139 tradeable so far
2026-05-10 10:00:09,251 [INFO] Betfair: enriched 578/578 markets, 141 tradeable so far
2026-05-10 10:00:09,254 [INFO] Betfair: 578 total markets, 141 above 100 GBP volume
2026-05-10 10:00:09,283 [INFO] betfair: 578 total, 141 above 100 GBP threshold
2026-05-10 10:00:09,535 [INFO] Snapshot written: /home/jwfalc/smarkets-bot/data/snapshots/betfair/2026-05-10_09-00.json
2026-05-10 10:00:09,658 [INFO] Market log updated (betfair)
2026-05-10 10:00:38,041 [INFO] Scanner complete for betfair. Snapshot: 2026-05-10_09-00.json
2026-05-10 10:00:39,116 [INFO] ============================================================
2026-05-10 10:00:39,116 [INFO] SCANNER RUN STARTED - MATCHBOOK
2026-05-10 10:00:39,124 [INFO] ============================================================
2026-05-10 10:00:39,598 [INFO] Using cached Matchbook session token
2026-05-10 10:00:39,599 [INFO] Matchbook: fetching events with prices for 15 sports...
2026-05-10 10:00:39,790 [INFO] Matchbook: fetched page offset=0, 20 events (total so far: 20)
2026-05-10 10:00:40,101 [INFO] Matchbook: fetched page offset=20, 20 events (total so far: 40)
2026-05-10 10:00:40,333 [INFO] Matchbook: fetched page offset=40, 20 events (total so far: 60)
2026-05-10 10:00:40,684 [INFO] Matchbook: fetched page offset=60, 20 events (total so far: 80)
2026-05-10 10:00:41,019 [INFO] Matchbook: fetched page offset=80, 20 events (total so far: 100)
2026-05-10 10:00:41,321 [INFO] Matchbook: fetched page offset=100, 20 events (total so far: 120)
2026-05-10 10:00:41,705 [INFO] Matchbook: fetched page offset=120, 20 events (total so far: 140)
2026-05-10 10:00:42,103 [INFO] Matchbook: fetched page offset=140, 20 events (total so far: 160)
2026-05-10 10:00:42,493 [INFO] Matchbook: fetched page offset=160, 20 events (total so far: 180)
2026-05-10 10:00:42,875 [INFO] Matchbook: fetched page offset=180, 20 events (total so far: 200)
2026-05-10 10:00:43,220 [INFO] Matchbook: fetched page offset=200, 20 events (total so far: 220)
2026-05-10 10:00:43,552 [INFO] Matchbook: fetched page offset=220, 20 events (total so far: 240)
2026-05-10 10:00:43,885 [INFO] Matchbook: fetched page offset=240, 20 events (total so far: 260)
2026-05-10 10:00:44,204 [INFO] Matchbook: fetched page offset=260, 20 events (total so far: 280)
2026-05-10 10:00:44,596 [INFO] Matchbook: fetched page offset=280, 20 events (total so far: 300)
2026-05-10 10:00:44,953 [INFO] Matchbook: fetched page offset=300, 20 events (total so far: 320)
2026-05-10 10:00:45,367 [INFO] Matchbook: fetched page offset=320, 20 events (total so far: 340)
2026-05-10 10:00:45,668 [INFO] Matchbook: fetched page offset=340, 20 events (total so far: 360)
2026-05-10 10:00:45,902 [INFO] Matchbook: fetched page offset=360, 20 events (total so far: 380)
2026-05-10 10:00:46,241 [INFO] Matchbook: fetched page offset=380, 20 events (total so far: 400)
2026-05-10 10:00:46,570 [INFO] Matchbook: fetched page offset=400, 20 events (total so far: 420)
2026-05-10 10:00:46,869 [INFO] Matchbook: fetched page offset=420, 20 events (total so far: 440)
2026-05-10 10:00:47,119 [INFO] Matchbook: fetched page offset=440, 20 events (total so far: 460)
2026-05-10 10:00:47,350 [INFO] Matchbook: fetched page offset=460, 7 events (total so far: 467)
2026-05-10 10:00:47,351 [INFO] Matchbook: processing 467 events
2026-05-10 10:00:47,369 [INFO] Matchbook: processed 20/467 events, 240 markets so far
2026-05-10 10:00:47,390 [INFO] Matchbook: processed 40/467 events, 748 markets so far
2026-05-10 10:00:47,391 [INFO] Matchbook: processed 60/467 events, 768 markets so far
2026-05-10 10:00:47,417 [INFO] Matchbook: processed 80/467 events, 1249 markets so far
2026-05-10 10:00:47,430 [INFO] Matchbook: processed 100/467 events, 1516 markets so far
2026-05-10 10:00:47,444 [INFO] Matchbook: processed 120/467 events, 1808 markets so far
2026-05-10 10:00:47,477 [INFO] Matchbook: processed 140/467 events, 2473 markets so far
2026-05-10 10:00:47,555 [INFO] Matchbook: processed 160/467 events, 3093 markets so far
2026-05-10 10:00:47,586 [INFO] Matchbook: processed 180/467 events, 3738 markets so far
2026-05-10 10:00:47,613 [INFO] Matchbook: processed 200/467 events, 4359 markets so far
2026-05-10 10:00:47,638 [INFO] Matchbook: processed 220/467 events, 4966 markets so far
2026-05-10 10:00:47,667 [INFO] Matchbook: processed 240/467 events, 5615 markets so far
2026-05-10 10:00:47,693 [INFO] Matchbook: processed 260/467 events, 6254 markets so far
2026-05-10 10:00:47,715 [INFO] Matchbook: processed 280/467 events, 6888 markets so far
2026-05-10 10:00:47,742 [INFO] Matchbook: processed 300/467 events, 7575 markets so far
2026-05-10 10:00:47,784 [INFO] Matchbook: processed 320/467 events, 8283 markets so far
2026-05-10 10:00:47,805 [INFO] Matchbook: processed 340/467 events, 8896 markets so far
2026-05-10 10:00:47,827 [INFO] Matchbook: processed 360/467 events, 9474 markets so far
2026-05-10 10:00:47,831 [INFO] Matchbook: processed 380/467 events, 9567 markets so far
2026-05-10 10:00:47,851 [INFO] Matchbook: processed 400/467 events, 10043 markets so far
2026-05-10 10:00:47,876 [INFO] Matchbook: processed 420/467 events, 10803 markets so far
2026-05-10 10:00:47,898 [INFO] Matchbook: processed 440/467 events, 11484 markets so far
2026-05-10 10:00:47,902 [INFO] Matchbook: processed 460/467 events, 11548 markets so far
2026-05-10 10:00:47,902 [INFO] Matchbook: processed 467/467 events, 11555 markets so far
2026-05-10 10:00:47,903 [INFO] Matchbook: 11556 total markets, 904 above 25 GBP volume
2026-05-10 10:00:48,039 [INFO] matchbook: 11556 total, 904 above 25 GBP threshold
2026-05-10 10:00:48,401 [INFO] Snapshot written: /home/jwfalc/smarkets-bot/data/snapshots/matchbook/2026-05-10_09-00.json
2026-05-10 10:00:48,585 [INFO] Market log updated (matchbook)
2026-05-10 10:01:19,445 [INFO] Scanner complete for matchbook. Snapshot: 2026-05-10_09-00.json
2026-05-10 10:01:20,649 [RESEARCHER] betfair: 141 tradeable markets from 2026-05-10_09-00.json
2026-05-10 10:01:20,719 [RESEARCHER] matchbook: 587 tradeable markets from 2026-05-10_09-00.json
2026-05-10 10:01:20,953 [RESEARCHER] Market selection: 0 politics/current-affairs + 7 matchbook-sports + 8 betfair-sports = 15 total
2026-05-10 10:01:20,954 [RESEARCHER] [1/15] Winner
2026-05-10 10:01:24,515 [RESEARCHER] [2/15] Winner
2026-05-10 10:01:28,012 [RESEARCHER] [3/15] Winner
2026-05-10 10:01:31,506 [RESEARCHER] [4/15] Winner
2026-05-10 10:01:35,415 [RESEARCHER] [5/15] Winner
2026-05-10 10:01:39,163 [RESEARCHER] [6/15] To Be Relegated
2026-05-10 10:01:42,417 [RESEARCHER] [7/15] Winner
2026-05-10 10:01:46,866 [RESEARCHER] [8/15] Winner
2026-05-10 10:01:50,507 [RESEARCHER] [9/15] Match Odds
2026-05-10 10:01:54,070 [RESEARCHER] [10/15] Winner
2026-05-10 10:01:57,366 [RESEARCHER] [11/15] Winner
2026-05-10 10:02:00,918 [RESEARCHER] [12/15] Winner
2026-05-10 10:02:04,211 [RESEARCHER]   -> Dual entry: also on matchbook (market 33193608429700081)
2026-05-10 10:02:04,211 [RESEARCHER] [13/15] Top 10 Finish
2026-05-10 10:02:06,230 [RESEARCHER] [14/15] Top 20 Finish
2026-05-10 10:02:08,573 [RESEARCHER] [15/15] Top 5 Finish
2026-05-10 10:02:10,809 [RESEARCHER] Research brief written: 2026-05-10_09-02_brief.json
2026-05-10 10:02:10,810 [RESEARCHER] Markets: 16 | Errors: 0 | Credits used: 30
BRIEF_PATH:/home/jwfalc/smarkets-bot/data/research/2026-05-10_09-02_brief.json
2026-05-10 10:02:11,319 [ANALYZER] Loading research brief: 2026-05-10_09-02_brief.json
2026-05-10 10:02:11,448 [ANALYZER] Analyzed 16 markets
2026-05-10 10:02:11,449 [ANALYZER] Found 24 signals (10pp+)
2026-05-10 10:02:11,449 [ANALYZER] Logged 27 distribution entries (7pp+)
2026-05-10 10:02:11,470 [ANALYZER] Research output written: 2026-05-10_09-02_research.json
RESEARCH_PATH:/home/jwfalc/smarkets-bot/data/research/2026-05-10_09-02_research.json
2026-05-10 10:02:12,275 [RESOLVE] Found 24 open trade(s) to check (paper_mode=True)
2026-05-10 10:02:12,413 [RESOLVE] Using cached Betfair session token
2026-05-10 10:02:12,414 [RESOLVE] Betfair: checking 2 open-trade markets
2026-05-10 10:02:20,471 [RESOLVE] Snapshot name lookup: found mappings for 2 markets
2026-05-10 10:02:20,601 [RESOLVE] Using cached Matchbook session token
2026-05-10 10:02:20,602 [RESOLVE] Matchbook: checking 4 open-trade markets against settled events
/home/jwfalc/smarkets-bot/scripts/check_resolutions.py:305: DeprecationWarning: datetime.datetime.utcnow() is deprecated and scheduled for removal in a future version. Use timezone-aware objects to represent datetimes in UTC: datetime.datetime.now(datetime.UTC).
  cutoff = datetime.datetime.utcnow() - datetime.timedelta(days=30)
2026-05-10 10:02:31,590 [RESOLVE] Settled markets found: 0
2026-05-10 10:02:31,590 [RESOLVE] No open-trade markets have settled yet.
2026-05-10 10:02:32,489 [INFO] ============================================================
2026-05-10 10:02:32,490 [INFO] DIGEST RUN STARTED
2026-05-10 10:02:32,491 [INFO] ============================================================
2026-05-10 10:02:37,929 [INFO] Signal filtered (high-odds lay): Top 20 Finish @ 6.00 odds, 10.9pp edge
2026-05-10 10:02:37,930 [INFO] Signal filtered (high-odds lay): Top 20 Finish @ 6.00 odds, 10.9pp edge
2026-05-10 10:02:37,965 [INFO] Dashboard data written: /home/jwfalc/smarkets-bot/dashboard/dashboard_data.json
2026-05-10 10:02:38,020 [INFO] Period logs updated: 2026-05-10, 2026-W19, 2026-05, 2026-Q2
2026-05-10 10:02:38,020 [INFO] Run log: [2026-05-10 09:02 UTC] status=signal | platforms=betfair,matchbook | markets=1045 | signals=22 | alerts=0 | movements=10 | consec_losses=1
2026-05-10 10:02:38,021 [INFO] Digest complete
Balance: £100.38 | Reserved: £211.06 | Available: £-110.68
Skipping (insufficient balance): Winner needs £5.00, only £-110.68 available
Skipping (insufficient balance): Winner needs £0.10, only £-110.68 available
Skipping (insufficient balance): Winner needs £0.10, only £-110.68 available
Skipping (insufficient balance): Winner needs £0.10, only £-110.68 available
Skipping (insufficient balance): Winner needs £0.10, only £-110.68 available
Skipping (insufficient balance): Winner needs £0.05, only £-110.68 available
Skipping (insufficient balance): Winner needs £0.10, only £-110.68 available
Skipping (insufficient balance): Top 10 Finish needs £0.25, only £-110.68 available
Skipping (insufficient balance): Top 10 Finish needs £0.15, only £-110.68 available
Skipping (insufficient balance): Top 10 Finish needs £0.25, only £-110.68 available
Skipping (insufficient balance): Top 10 Finish needs £1.10, only £-110.68 available
Skipping (insufficient balance): Top 10 Finish needs £2.15, only £-110.68 available
Skipping (insufficient balance): Top 10 Finish needs £1.70, only £-110.68 available
Skipping high-odds lay: Top 20 Finish @ 6.00 odds, 10.9pp edge (need 20.0pp+ above 4.0 odds)
Skipping high-odds lay: Top 20 Finish @ 6.00 odds, 10.9pp edge (need 20.0pp+ above 4.0 odds)
Skipping (insufficient balance): Top 20 Finish needs £0.10, only £-110.68 available
Skipping (insufficient balance): Top 20 Finish needs £0.25, only £-110.68 available
Skipping (insufficient balance): Top 20 Finish needs £0.20, only £-110.68 available
Skipping (insufficient balance): Top 5 Finish needs £1.15, only £-110.68 available
Skipping (insufficient balance): Top 5 Finish needs £0.95, only £-110.68 available
Skipping (insufficient balance): Top 5 Finish needs £1.30, only £-110.68 available
Skipping (insufficient balance): Top 5 Finish needs £5.60, only £-110.68 available
Skipping (insufficient balance): Top 5 Finish needs £9.10, only £-110.68 available
Skipping (insufficient balance): Top 5 Finish needs £7.90, only £-110.68 available
No new paper trades to log
Distribution log updated: 9 new entries added
Total entries: 423
  7-9pp: 83 total, 18 resolved
  10-11pp: 54 total, 34 resolved
  12pp+: 286 total, 134 resolved

REVIEW DUE: 7-9pp band has 18 resolved entries (threshold: 12)
  Run: python distribution_logger.py report
  Then run: prompts/prompt_review_v1.md

REVIEW DUE: 7-9pp band has 18 resolved entries (threshold: 12)
  Run: python distribution_logger.py report
  Then run: prompts/prompt_review_v1.md
EXIT_CODE:0
Sent
2026-05-10 10:02:41 [DEPLOY] Starting dashboard deploy...
HTML written OK
2026-05-10 10:02:41 [DEPLOY] Static HTML built
[main 22928d5] Deploy: 2026-05-10 10:02 UTC
 1 file changed, 1 insertion(+), 1 deletion(-)
To https://github.com/jwfalc-coder/smarkets-dashboard.git
   d4dc104..22928d5  main -> main
2026-05-10 10:02:41 [DEPLOY] Deploy complete: Deploy: 2026-05-10 10:02 UTC
