Sent
2026-05-31 14:00:02,913 [INFO] ============================================================
2026-05-31 14:00:02,913 [INFO] SCANNER RUN STARTED - BETFAIR
2026-05-31 14:00:02,914 [INFO] ============================================================
2026-05-31 14:00:03,309 [INFO] Cached Betfair session too old, re-logging in
2026-05-31 14:00:03,310 [INFO] Betfair login attempt 1/3
2026-05-31 14:00:03,456 [INFO] Betfair login successful
2026-05-31 14:00:03,598 [INFO] Catalogue: 100 markets for sport ID 1
2026-05-31 14:00:03,715 [INFO] Catalogue: 100 markets for sport ID 2
2026-05-31 14:00:03,836 [INFO] Catalogue: 100 markets for sport ID 7
2026-05-31 14:00:03,963 [INFO] Catalogue: 100 markets for sport ID 4
2026-05-31 14:00:04,060 [INFO] Catalogue: 2 markets for sport ID 2378961
2026-05-31 14:00:04,143 [INFO] Catalogue: 10 markets for sport ID 3
2026-05-31 14:00:04,336 [INFO] Catalogue: 84 markets for sport ID 7522
2026-05-31 14:00:04,437 [INFO] Catalogue: 6 markets for sport ID 6423
2026-05-31 14:00:04,437 [INFO] Betfair: fetching prices for 502 markets...
2026-05-31 14:00:08,905 [INFO] Betfair: enriching 502 markets with price data...
2026-05-31 14:00:08,912 [INFO] Betfair: enriched 50/502 markets, 4 tradeable so far
2026-05-31 14:00:08,921 [INFO] Betfair: enriched 100/502 markets, 10 tradeable so far
2026-05-31 14:00:08,925 [INFO] Betfair: enriched 150/502 markets, 12 tradeable so far
2026-05-31 14:00:08,928 [INFO] Betfair: enriched 200/502 markets, 14 tradeable so far
2026-05-31 14:00:08,936 [INFO] Betfair: enriched 250/502 markets, 41 tradeable so far
2026-05-31 14:00:08,947 [INFO] Betfair: enriched 300/502 markets, 64 tradeable so far
2026-05-31 14:00:08,957 [INFO] Betfair: enriched 350/502 markets, 82 tradeable so far
2026-05-31 14:00:08,962 [INFO] Betfair: enriched 400/502 markets, 95 tradeable so far
2026-05-31 14:00:09,043 [INFO] Betfair: enriched 450/502 markets, 125 tradeable so far
2026-05-31 14:00:09,095 [INFO] Betfair: enriched 500/502 markets, 128 tradeable so far
2026-05-31 14:00:09,098 [INFO] Betfair: enriched 502/502 markets, 128 tradeable so far
2026-05-31 14:00:09,101 [INFO] Betfair: 502 total markets, 128 above 100 GBP volume
2026-05-31 14:00:09,218 [INFO] Outrights: 20 markets for sport 1
2026-05-31 14:00:09,306 [INFO] Outrights: 10 markets for sport 3
2026-05-31 14:00:09,398 [INFO] Outrights: 1 markets for sport 2378961
2026-05-31 14:00:09,768 [INFO] Outrights: 28 markets above 25 GBP
2026-05-31 14:00:09,772 [INFO] Betfair: added 28 outright markets for cross-ref
2026-05-31 14:00:09,772 [INFO] betfair: 530 total, 156 above 100 GBP threshold
2026-05-31 14:00:10,108 [INFO] Snapshot written: /home/jwfalc/smarkets-bot/data/snapshots/betfair/2026-05-31_13-00.json
2026-05-31 14:00:10,285 [INFO] Market log updated (betfair)
2026-05-31 14:00:41,030 [INFO] Scanner complete for betfair. Snapshot: 2026-05-31_13-00.json
2026-05-31 14:00:41,338 [INFO] ============================================================
2026-05-31 14:00:41,338 [INFO] SCANNER RUN STARTED - MATCHBOOK
2026-05-31 14:00:41,338 [INFO] ============================================================
2026-05-31 14:00:41,677 [INFO] Matchbook login attempt 1/3
2026-05-31 14:00:41,846 [INFO] Matchbook login successful
2026-05-31 14:00:41,847 [INFO] Matchbook: fetching events with prices for 15 sports...
2026-05-31 14:00:41,967 [INFO] Matchbook: fetched page offset=0, 20 events (total so far: 20)
2026-05-31 14:00:42,296 [INFO] Matchbook: fetched page offset=20, 20 events (total so far: 40)
2026-05-31 14:00:42,627 [INFO] Matchbook: fetched page offset=40, 20 events (total so far: 60)
2026-05-31 14:00:43,036 [INFO] Matchbook: fetched page offset=60, 20 events (total so far: 80)
2026-05-31 14:00:43,350 [INFO] Matchbook: fetched page offset=80, 20 events (total so far: 100)
2026-05-31 14:00:43,674 [INFO] Matchbook: fetched page offset=100, 20 events (total so far: 120)
2026-05-31 14:00:43,987 [INFO] Matchbook: fetched page offset=120, 20 events (total so far: 140)
2026-05-31 14:00:44,265 [INFO] Matchbook: fetched page offset=140, 20 events (total so far: 160)
2026-05-31 14:00:44,492 [INFO] Matchbook: fetched page offset=160, 20 events (total so far: 180)
2026-05-31 14:00:44,718 [INFO] Matchbook: fetched page offset=180, 20 events (total so far: 200)
2026-05-31 14:00:44,967 [INFO] Matchbook: fetched page offset=200, 20 events (total so far: 220)
2026-05-31 14:00:45,202 [INFO] Matchbook: fetched page offset=220, 20 events (total so far: 240)
2026-05-31 14:00:45,446 [INFO] Matchbook: fetched page offset=240, 19 events (total so far: 259)
2026-05-31 14:00:45,446 [INFO] Matchbook: processing 259 events
2026-05-31 14:00:45,455 [INFO] Matchbook: processed 20/259 events, 211 markets so far
2026-05-31 14:00:45,475 [INFO] Matchbook: processed 40/259 events, 739 markets so far
2026-05-31 14:00:45,496 [INFO] Matchbook: processed 60/259 events, 1263 markets so far
2026-05-31 14:00:45,522 [INFO] Matchbook: processed 80/259 events, 1948 markets so far
2026-05-31 14:00:45,574 [INFO] Matchbook: processed 100/259 events, 2549 markets so far
2026-05-31 14:00:45,596 [INFO] Matchbook: processed 120/259 events, 3212 markets so far
2026-05-31 14:00:45,619 [INFO] Matchbook: processed 140/259 events, 3864 markets so far
2026-05-31 14:00:45,638 [INFO] Matchbook: processed 160/259 events, 4216 markets so far
2026-05-31 14:00:45,640 [INFO] Matchbook: processed 180/259 events, 4269 markets so far
2026-05-31 14:00:45,641 [INFO] Matchbook: processed 200/259 events, 4289 markets so far
2026-05-31 14:00:45,648 [INFO] Matchbook: processed 220/259 events, 4370 markets so far
2026-05-31 14:00:45,651 [INFO] Matchbook: processed 240/259 events, 4390 markets so far
2026-05-31 14:00:45,655 [INFO] Matchbook: processed 259/259 events, 4409 markets so far
2026-05-31 14:00:45,655 [INFO] Matchbook: 4410 total markets, 506 above 25 GBP volume
2026-05-31 14:00:45,715 [INFO] matchbook: 4410 total, 506 above 25 GBP threshold
2026-05-31 14:00:45,910 [INFO] Snapshot written: /home/jwfalc/smarkets-bot/data/snapshots/matchbook/2026-05-31_13-00.json
2026-05-31 14:00:46,014 [INFO] Market log updated (matchbook)
2026-05-31 14:01:13,808 [INFO] Scanner complete for matchbook. Snapshot: 2026-05-31_13-00.json
2026-05-31 14:01:14,453 [RESEARCHER] Prior index loaded: 92 known runners
2026-05-31 14:01:14,519 [RESEARCHER] betfair: 156 tradeable markets from 2026-05-31_13-00.json
2026-05-31 14:01:14,520 [RESEARCHER] Market selection: 3 politics + 7 outrights + 8 other sports = 18 total (platforms: ['betfair'])
2026-05-31 14:01:14,521 [RESEARCHER] [1/18] Starmer Replaced by June 1st 2026
2026-05-31 14:01:19,605 [RESEARCHER]   Prior history injected for Yes
2026-05-31 14:01:19,606 [RESEARCHER]   Prior history injected for No
2026-05-31 14:01:19,606 [RESEARCHER] [2/18] Makerfield - Restore Britain Vote Percentage
2026-05-31 14:01:25,093 [RESEARCHER] [3/18] Los Angeles Mayoral Election
2026-05-31 14:01:30,704 [RESEARCHER] [4/18] Winner
2026-05-31 14:01:37,291 [RESEARCHER] [5/18] Winner
2026-05-31 14:01:45,779 [RESEARCHER] [6/18] Winner
2026-05-31 14:01:54,619 [RESEARCHER]   Prior history injected for Scottie Scheffler
2026-05-31 14:01:54,620 [RESEARCHER]   Prior history injected for Rory McIlroy
2026-05-31 14:01:54,620 [RESEARCHER]   Prior history injected for Jon Rahm
2026-05-31 14:01:54,621 [RESEARCHER]   Prior history injected for Xander Schauffele
2026-05-31 14:01:54,621 [RESEARCHER]   Prior history injected for Cameron Young
2026-05-31 14:01:54,621 [RESEARCHER] [7/18] Top 10 Finish
2026-05-31 14:01:56,522 [RESEARCHER]   Prior history injected for Alex Smalley
2026-05-31 14:01:56,523 [RESEARCHER] [8/18] Winner
2026-05-31 14:02:01,853 [RESEARCHER]   Prior history injected for Scottie Scheffler
2026-05-31 14:02:01,854 [RESEARCHER]   Prior history injected for Rory McIlroy
2026-05-31 14:02:01,854 [RESEARCHER]   Prior history injected for Jon Rahm
2026-05-31 14:02:01,855 [RESEARCHER]   Prior history injected for Cameron Young
2026-05-31 14:02:01,855 [RESEARCHER]   Prior history injected for Ludvig Aberg
2026-05-31 14:02:01,856 [RESEARCHER]   Prior history injected for Bryson DeChambeau
2026-05-31 14:02:01,856 [RESEARCHER] [9/18] Top 5 Finish
2026-05-31 14:02:03,728 [RESEARCHER]   Prior history injected for Alex Smalley
2026-05-31 14:02:03,728 [RESEARCHER] [10/18] Winner
2026-05-31 14:02:08,236 [RESEARCHER]   Prior history injected for Scottie Scheffler
2026-05-31 14:02:08,236 [RESEARCHER]   Prior history injected for Rory McIlroy
2026-05-31 14:02:08,237 [RESEARCHER]   Prior history injected for Jon Rahm
2026-05-31 14:02:08,237 [RESEARCHER]   Prior history injected for Cameron Young
2026-05-31 14:02:08,237 [RESEARCHER]   Prior history injected for Ludvig Aberg
2026-05-31 14:02:08,238 [RESEARCHER]   Prior history injected for Bryson DeChambeau
2026-05-31 14:02:08,238 [RESEARCHER] [11/18] Match Odds
2026-05-31 14:02:16,008 [RESEARCHER] [12/18] 1m2f Grp 1
2026-05-31 14:02:20,697 [RESEARCHER] [13/18] Match Odds
2026-05-31 14:02:28,639 [RESEARCHER] [14/18] Match Odds
2026-05-31 14:02:36,038 [RESEARCHER] [15/18] 6f Mdn Stks
2026-05-31 14:02:41,163 [RESEARCHER] [16/18] Winner 2026/27
2026-05-31 14:02:47,841 [RESEARCHER]   Prior history injected for Arsenal
2026-05-31 14:02:47,842 [RESEARCHER]   Prior history injected for Man City
2026-05-31 14:02:47,842 [RESEARCHER]   Prior history injected for Liverpool
2026-05-31 14:02:47,842 [RESEARCHER]   Prior history injected for Chelsea
2026-05-31 14:02:47,843 [RESEARCHER]   Prior history injected for Aston Villa
2026-05-31 14:02:47,843 [RESEARCHER] [17/18] 6f Mdn
2026-05-31 14:02:53,537 [RESEARCHER] [18/18] Match Odds
2026-05-31 14:03:00,354 [RESEARCHER] Research brief written: 2026-05-31_13-03_brief.json
2026-05-31 14:03:00,355 [RESEARCHER] Markets: 18 | Errors: 0 | Credits used: 72
BRIEF_PATH:/home/jwfalc/smarkets-bot/data/research/2026-05-31_13-03_brief.json
2026-05-31 14:03:00,671 [ANALYZER] Loading research brief: 2026-05-31_13-03_brief.json
2026-05-31 14:03:00,932 [ANALYZER] Betfair cross-ref index: 3481 runners
2026-05-31 14:03:00,939 [ANALYZER] Analyzed 18 markets
2026-05-31 14:03:00,939 [ANALYZER] Found 4 signals (10pp+)
2026-05-31 14:03:00,939 [ANALYZER] Logged 9 distribution entries (7pp+)
2026-05-31 14:03:00,955 [ANALYZER] Research output written: 2026-05-31_13-03_research.json
2026-05-31 14:03:00,957 [ANALYZER] Appended 85 edge traces to edge_traces.json
RESEARCH_PATH:/home/jwfalc/smarkets-bot/data/research/2026-05-31_13-03_research.json
2026-05-31 14:03:01,522 [RESOLVE] Found 32 open trade(s) to check (paper_mode=True)
2026-05-31 14:03:01,591 [RESOLVE] Using cached Betfair session token
2026-05-31 14:03:01,591 [RESOLVE] Betfair: checking 16 open-trade markets
2026-05-31 14:03:10,642 [RESOLVE] Snapshot name lookup: found mappings for 16 markets
2026-05-31 14:03:10,756 [RESOLVE] Betfair settled: market=1.258594472 winner=Kota Kaneko (44547807)
2026-05-31 14:03:10,756 [RESOLVE] Betfair settled: market=1.258608419 winner=Joaquin Niemann (16304446)
2026-05-31 14:03:10,833 [RESOLVE] Betfair settled: market=1.258594466 winner=Kota Kaneko (44547807)
2026-05-31 14:03:10,834 [RESOLVE] Betfair settled: market=1.258630604 winner=Daniel Hillier (16011769)
2026-05-31 14:03:10,835 [RESOLVE] Settled markets found: 4
2026-05-31 14:03:10,909 [RESOLVE]   [betfair] Winner | LOSS | P&L: -2.75 | Selection: Sepp Straka | Winner: Kota Kaneko
2026-05-31 14:03:10,980 [RESOLVE]   [betfair] Winner | LOSS | P&L: -5.00 | Selection: Jon Rahm | Winner: Joaquin Niemann
2026-05-31 14:03:11,050 [RESOLVE]   [betfair] Top 20 Finish | WIN | P&L: +4.75 | Selection: Casey Jarvis | Winner: Kota Kaneko
2026-05-31 14:03:11,063 [RESOLVE]   [betfair] Top 20 Finish | WIN | P&L: +4.75 | Selection: Oliver Lindell | Winner: Kota Kaneko
2026-05-31 14:03:11,075 [RESOLVE]   [betfair] Top 20 Finish | WIN | P&L: +4.75 | Selection: Eugenio Chacarra | Winner: Kota Kaneko
2026-05-31 14:03:11,088 [RESOLVE]   [betfair] Top 20 Finish | WIN | P&L: +4.75 | Selection: Jacob Skov Olesen | Winner: Kota Kaneko
2026-05-31 14:03:11,101 [RESOLVE]   [betfair] Top 20 Finish | WIN | P&L: +4.75 | Selection: Daniel Hillier | Winner: Kota Kaneko
2026-05-31 14:03:11,167 [RESOLVE]   [betfair] Daniel Hillier v Nathan Kimsey | WIN | P&L: +4.14 | Selection: Daniel Hillier | Winner: Daniel Hillier
2026-05-31 14:03:11,180 [RESOLVE]   [betfair] Daniel Hillier v Nathan Kimsey | LOSS | P&L: -5.00 | Selection: Daniel Hillier | Winner: Daniel Hillier
2026-05-31 14:03:11,180 [RESOLVE] Batch resolution alert: 9 trades, net=+15.14
2026-05-31 14:03:11,307 [RESOLVE] Telegram notification sent
2026-05-31 14:03:11,332 [RESOLVE] Auto-resolved 9 trade(s). Running P&L: +277.53 | W/L: 114/74 | ROI: 33.81%
2026-05-31 14:03:11,951 [INFO] ============================================================
2026-05-31 14:03:11,951 [INFO] DIGEST RUN STARTED
2026-05-31 14:03:11,951 [INFO] ============================================================
2026-05-31 14:03:16,798 [INFO] Dashboard data written: /home/jwfalc/smarkets-bot/dashboard/dashboard_data.json
2026-05-31 14:03:16,885 [INFO] Period logs updated: 2026-05-31, 2026-W22, 2026-05, 2026-Q2
2026-05-31 14:03:16,885 [INFO] Run log: [2026-05-31 13:03 UTC] status=signal | platforms=betfair,matchbook | markets=662 | signals=4 | alerts=0 | movements=10 | consec_losses=1
2026-05-31 14:03:16,885 [INFO] Digest complete
Balance: £377.53 | Reserved: £109.85 | Available: £267.68
Reduced stake: Winner edge 12.2pp < 15.0pp → £2.15 (43%)
Skipping (already open): Winner BACK
Reduced stake: Winner edge 14.2pp < 15.0pp → £4.15 (83%)
Skipping (already open): Winner BACK
Reduced stake: Winner edge 12.2pp < 15.0pp → £2.15 (43%)
Logged paper trade: Winner - BACK @ 16.67% (edge: 12.17pp) [betfair] | available now £265.53

1 new paper trade(s) logged
Distribution log updated: 4 new entries added
Total entries: 784
  near_certainty: 6 total, 5 resolved
  high_prob: 17 total, 8 resolved
  7-9pp: 229 total, 94 resolved
  10-11pp: 92 total, 40 resolved
  12pp+: 440 total, 333 resolved

REVIEW DUE: 7-9pp band has 94 resolved entries (threshold: 12)
  Run: python distribution_logger.py report
  Then run: prompts/prompt_review_v1.md

REVIEW DUE: 7-9pp band has 94 resolved entries (threshold: 12)
  Run: python distribution_logger.py report
  Then run: prompts/prompt_review_v1.md
EXIT_CODE:0
Sent
2026-05-31 14:03:19,835 [STATIC-DASH] Building dashboard data…
2026-05-31 14:03:20,933 [STATIC-DASH] Data collected: 213 trades, 41 signals, 662 markets
2026-05-31 14:03:21,180 [STATIC-DASH] Written: /home/jwfalc/smarkets-dashboard/index.html (3222KB)
2026-05-31 14:03:21 [DEPLOY] Starting dashboard deploy...
WARNING: could not find injection point in HTML
HTML written OK
2026-05-31 14:03:21 [DEPLOY] Static HTML built
[main 1b92750] Deploy: 2026-05-31 14:03 UTC
 1 file changed, 1 insertion(+), 1 deletion(-)
To https://github.com/jwfalc-coder/smarkets-dashboard.git
   c7d942e..1b92750  main -> main
2026-05-31 14:03:21 [DEPLOY] Deploy complete: Deploy: 2026-05-31 14:03 UTC
