Sent
2026-05-27 10:00:02,461 [INFO] ============================================================
2026-05-27 10:00:02,461 [INFO] SCANNER RUN STARTED - BETFAIR
2026-05-27 10:00:02,461 [INFO] ============================================================
2026-05-27 10:00:02,938 [INFO] Cached Betfair session too old, re-logging in
2026-05-27 10:00:02,939 [INFO] Betfair login attempt 1/3
2026-05-27 10:00:03,109 [INFO] Betfair login successful
2026-05-27 10:00:03,271 [INFO] Catalogue: 100 markets for sport ID 1
2026-05-27 10:00:03,405 [INFO] Catalogue: 100 markets for sport ID 2
2026-05-27 10:00:03,558 [INFO] Catalogue: 100 markets for sport ID 7
2026-05-27 10:00:03,672 [INFO] Catalogue: 100 markets for sport ID 4
2026-05-27 10:00:03,749 [INFO] Catalogue: 0 markets for sport ID 2378961
2026-05-27 10:00:03,861 [INFO] Catalogue: 69 markets for sport ID 3
2026-05-27 10:00:04,076 [INFO] Catalogue: 100 markets for sport ID 7522
2026-05-27 10:00:04,150 [INFO] Catalogue: 0 markets for sport ID 6423
2026-05-27 10:00:04,150 [INFO] Betfair: fetching prices for 569 markets...
2026-05-27 10:00:09,325 [INFO] Betfair: enriching 569 markets with price data...
2026-05-27 10:00:09,329 [INFO] Betfair: enriched 50/569 markets, 4 tradeable so far
2026-05-27 10:00:09,334 [INFO] Betfair: enriched 100/569 markets, 4 tradeable so far
2026-05-27 10:00:09,337 [INFO] Betfair: enriched 150/569 markets, 6 tradeable so far
2026-05-27 10:00:09,340 [INFO] Betfair: enriched 200/569 markets, 8 tradeable so far
2026-05-27 10:00:09,347 [INFO] Betfair: enriched 250/569 markets, 15 tradeable so far
2026-05-27 10:00:09,358 [INFO] Betfair: enriched 300/569 markets, 33 tradeable so far
2026-05-27 10:00:09,361 [INFO] Betfair: enriched 350/569 markets, 47 tradeable so far
2026-05-27 10:00:09,364 [INFO] Betfair: enriched 400/569 markets, 54 tradeable so far
2026-05-27 10:00:09,418 [INFO] Betfair: enriched 450/569 markets, 79 tradeable so far
2026-05-27 10:00:09,458 [INFO] Betfair: enriched 500/569 markets, 86 tradeable so far
2026-05-27 10:00:09,512 [INFO] Betfair: enriched 550/569 markets, 95 tradeable so far
2026-05-27 10:00:09,533 [INFO] Betfair: enriched 569/569 markets, 102 tradeable so far
2026-05-27 10:00:09,535 [INFO] Betfair: 569 total markets, 102 above 100 GBP volume
2026-05-27 10:00:09,674 [INFO] Outrights: 21 markets for sport 1
2026-05-27 10:00:09,768 [INFO] Outrights: 16 markets for sport 3
2026-05-27 10:00:09,836 [INFO] Outrights: 0 markets for sport 2378961
2026-05-27 10:00:10,259 [INFO] Outrights: 30 markets above 25 GBP
2026-05-27 10:00:10,266 [INFO] Betfair: added 20 outright markets for cross-ref
2026-05-27 10:00:10,268 [INFO] betfair: 589 total, 122 above 100 GBP threshold
2026-05-27 10:00:10,712 [INFO] Snapshot written: /home/jwfalc/smarkets-bot/data/snapshots/betfair/2026-05-27_09-00.json
2026-05-27 10:00:10,945 [INFO] Market log updated (betfair)
2026-05-27 10:00:41,147 [INFO] Scanner complete for betfair. Snapshot: 2026-05-27_09-00.json
2026-05-27 10:00:41,543 [INFO] ============================================================
2026-05-27 10:00:41,544 [INFO] SCANNER RUN STARTED - MATCHBOOK
2026-05-27 10:00:41,544 [INFO] ============================================================
2026-05-27 10:00:41,944 [INFO] Matchbook login attempt 1/3
2026-05-27 10:00:42,124 [INFO] Matchbook login successful
2026-05-27 10:00:42,124 [INFO] Matchbook: fetching events with prices for 15 sports...
2026-05-27 10:00:42,214 [INFO] Matchbook: fetched page offset=0, 20 events (total so far: 20)
2026-05-27 10:00:42,481 [INFO] Matchbook: fetched page offset=20, 20 events (total so far: 40)
2026-05-27 10:00:42,742 [INFO] Matchbook: fetched page offset=40, 20 events (total so far: 60)
2026-05-27 10:00:43,039 [INFO] Matchbook: fetched page offset=60, 20 events (total so far: 80)
2026-05-27 10:00:43,363 [INFO] Matchbook: fetched page offset=80, 20 events (total so far: 100)
2026-05-27 10:00:43,741 [INFO] Matchbook: fetched page offset=100, 20 events (total so far: 120)
2026-05-27 10:00:44,022 [INFO] Matchbook: fetched page offset=120, 20 events (total so far: 140)
2026-05-27 10:00:44,271 [INFO] Matchbook: fetched page offset=140, 20 events (total so far: 160)
2026-05-27 10:00:44,528 [INFO] Matchbook: fetched page offset=160, 20 events (total so far: 180)
2026-05-27 10:00:44,775 [INFO] Matchbook: fetched page offset=180, 20 events (total so far: 200)
2026-05-27 10:00:45,030 [INFO] Matchbook: fetched page offset=200, 20 events (total so far: 220)
2026-05-27 10:00:45,259 [INFO] Matchbook: fetched page offset=220, 20 events (total so far: 240)
2026-05-27 10:00:45,549 [INFO] Matchbook: fetched page offset=240, 20 events (total so far: 260)
2026-05-27 10:00:45,826 [INFO] Matchbook: fetched page offset=260, 20 events (total so far: 280)
2026-05-27 10:00:46,078 [INFO] Matchbook: fetched page offset=280, 20 events (total so far: 300)
2026-05-27 10:00:46,319 [INFO] Matchbook: fetched page offset=300, 12 events (total so far: 312)
2026-05-27 10:00:46,319 [INFO] Matchbook: processing 312 events
2026-05-27 10:00:46,331 [INFO] Matchbook: processed 20/312 events, 140 markets so far
2026-05-27 10:00:46,347 [INFO] Matchbook: processed 40/312 events, 369 markets so far
2026-05-27 10:00:46,360 [INFO] Matchbook: processed 60/312 events, 561 markets so far
2026-05-27 10:00:46,406 [INFO] Matchbook: processed 80/312 events, 900 markets so far
2026-05-27 10:00:46,422 [INFO] Matchbook: processed 100/312 events, 1347 markets so far
2026-05-27 10:00:46,447 [INFO] Matchbook: processed 120/312 events, 1985 markets so far
2026-05-27 10:00:46,457 [INFO] Matchbook: processed 140/312 events, 2081 markets so far
2026-05-27 10:00:46,462 [INFO] Matchbook: processed 160/312 events, 2255 markets so far
2026-05-27 10:00:46,468 [INFO] Matchbook: processed 180/312 events, 2490 markets so far
2026-05-27 10:00:46,472 [INFO] Matchbook: processed 200/312 events, 2654 markets so far
2026-05-27 10:00:46,477 [INFO] Matchbook: processed 220/312 events, 2695 markets so far
2026-05-27 10:00:46,478 [INFO] Matchbook: processed 240/312 events, 2715 markets so far
2026-05-27 10:00:46,491 [INFO] Matchbook: processed 260/312 events, 3083 markets so far
2026-05-27 10:00:46,505 [INFO] Matchbook: processed 280/312 events, 3365 markets so far
2026-05-27 10:00:46,508 [INFO] Matchbook: processed 300/312 events, 3385 markets so far
2026-05-27 10:00:46,509 [INFO] Matchbook: processed 312/312 events, 3397 markets so far
2026-05-27 10:00:46,509 [INFO] Matchbook: 3398 total markets, 307 above 25 GBP volume
2026-05-27 10:00:46,544 [INFO] matchbook: 3398 total, 307 above 25 GBP threshold
2026-05-27 10:00:46,700 [INFO] Snapshot written: /home/jwfalc/smarkets-bot/data/snapshots/matchbook/2026-05-27_09-00.json
2026-05-27 10:00:46,785 [INFO] Market log updated (matchbook)
2026-05-27 10:01:16,511 [INFO] Scanner complete for matchbook. Snapshot: 2026-05-27_09-00.json
2026-05-27 10:01:17,162 [RESEARCHER] Prior index loaded: 82 known runners
2026-05-27 10:01:17,227 [RESEARCHER] betfair: 122 tradeable markets from 2026-05-27_09-00.json
2026-05-27 10:01:17,228 [RESEARCHER] Market selection: 0 politics + 7 outrights + 8 other sports = 15 total (platforms: ['betfair'])
2026-05-27 10:01:17,228 [RESEARCHER] [1/15] Winner
2026-05-27 10:01:23,918 [RESEARCHER] [2/15] Winner
2026-05-27 10:01:32,715 [RESEARCHER]   Prior history injected for Ludvig Aberg
2026-05-27 10:01:32,715 [RESEARCHER]   Prior history injected for Ben Griffin
2026-05-27 10:01:32,716 [RESEARCHER] [3/15] Winner
2026-05-27 10:01:38,742 [RESEARCHER]   Prior history injected for Crystal Palace
2026-05-27 10:01:38,743 [RESEARCHER] [4/15] Winner
2026-05-27 10:01:46,484 [RESEARCHER] [5/15] Winner
2026-05-27 10:01:54,843 [RESEARCHER]   Prior history injected for Scottie Scheffler
2026-05-27 10:01:54,843 [RESEARCHER]   Prior history injected for Rory McIlroy
2026-05-27 10:01:54,844 [RESEARCHER]   Prior history injected for Jon Rahm
2026-05-27 10:01:54,844 [RESEARCHER]   Prior history injected for Xander Schauffele
2026-05-27 10:01:54,844 [RESEARCHER]   Prior history injected for Cameron Young
2026-05-27 10:01:54,845 [RESEARCHER] [6/15] Winner
2026-05-27 10:01:59,017 [RESEARCHER]   Prior history injected for Scottie Scheffler
2026-05-27 10:01:59,018 [RESEARCHER]   Prior history injected for Rory McIlroy
2026-05-27 10:01:59,018 [RESEARCHER]   Prior history injected for Jon Rahm
2026-05-27 10:01:59,018 [RESEARCHER]   Prior history injected for Cameron Young
2026-05-27 10:01:59,019 [RESEARCHER]   Prior history injected for Ludvig Aberg
2026-05-27 10:01:59,019 [RESEARCHER]   Prior history injected for Xander Schauffele
2026-05-27 10:01:59,019 [RESEARCHER] [7/15] Winner
2026-05-27 10:02:07,296 [RESEARCHER]   Prior history injected for Jon Rahm
2026-05-27 10:02:07,296 [RESEARCHER]   Prior history injected for Bryson DeChambeau
2026-05-27 10:02:07,297 [RESEARCHER] [8/15] Winner 2025/26
2026-05-27 10:02:13,746 [RESEARCHER]   Prior history injected for Arsenal
2026-05-27 10:02:13,746 [RESEARCHER] [9/15] Match Odds
2026-05-27 10:02:20,717 [RESEARCHER] [10/15] Match Odds
2026-05-27 10:02:30,250 [RESEARCHER]   Prior history injected for The Draw
2026-05-27 10:02:30,250 [RESEARCHER] [11/15] Match Odds
2026-05-27 10:02:36,339 [RESEARCHER] [12/15] Winner 2026/27
2026-05-27 10:02:42,904 [RESEARCHER]   Prior history injected for Arsenal
2026-05-27 10:02:42,905 [RESEARCHER]   Prior history injected for Man City
2026-05-27 10:02:42,905 [RESEARCHER]   Prior history injected for Liverpool
2026-05-27 10:02:42,906 [RESEARCHER]   Prior history injected for Chelsea
2026-05-27 10:02:42,906 [RESEARCHER]   Prior history injected for Aston Villa
2026-05-27 10:02:42,906 [RESEARCHER] [13/15] Daniel Hillier v Nathan Kimsey
2026-05-27 10:02:50,842 [RESEARCHER] [14/15] Winner 2026
2026-05-27 10:02:57,784 [RESEARCHER] [15/15] 3m2f Hcap Chs
2026-05-27 10:03:09,452 [RESEARCHER] Research brief written: 2026-05-27_09-03_brief.json
2026-05-27 10:03:09,452 [RESEARCHER] Markets: 15 | Errors: 0 | Credits used: 65
BRIEF_PATH:/home/jwfalc/smarkets-bot/data/research/2026-05-27_09-03_brief.json
2026-05-27 10:03:09,774 [ANALYZER] Loading research brief: 2026-05-27_09-03_brief.json
2026-05-27 10:03:10,028 [ANALYZER] Betfair cross-ref index: 4965 runners
2026-05-27 10:03:10,035 [ANALYZER] Analyzed 15 markets
2026-05-27 10:03:10,036 [ANALYZER] Found 4 signals (10pp+)
2026-05-27 10:03:10,036 [ANALYZER] Logged 14 distribution entries (7pp+)
2026-05-27 10:03:10,051 [ANALYZER] Research output written: 2026-05-27_09-03_research.json
2026-05-27 10:03:10,053 [ANALYZER] Appended 74 edge traces to edge_traces.json
RESEARCH_PATH:/home/jwfalc/smarkets-bot/data/research/2026-05-27_09-03_research.json
2026-05-27 10:03:10,619 [RESOLVE] Found 15 open trade(s) to check (paper_mode=True)
2026-05-27 10:03:10,687 [RESOLVE] Using cached Betfair session token
2026-05-27 10:03:10,688 [RESOLVE] Betfair: checking 7 open-trade markets
2026-05-27 10:03:18,547 [RESOLVE] Snapshot name lookup: found mappings for 6 markets
2026-05-27 10:03:18,673 [RESOLVE] Settled markets found: 0
2026-05-27 10:03:18,674 [RESOLVE] Standings: unknown competition for 'Men's French Open 2026 - Winner' — skip
2026-05-27 10:03:18,674 [RESOLVE] No open-trade markets have settled yet.
2026-05-27 10:03:19,303 [INFO] ============================================================
2026-05-27 10:03:19,303 [INFO] DIGEST RUN STARTED
2026-05-27 10:03:19,303 [INFO] ============================================================
2026-05-27 10:03:23,989 [INFO] Dashboard data written: /home/jwfalc/smarkets-bot/dashboard/dashboard_data.json
2026-05-27 10:03:24,063 [INFO] Period logs updated: 2026-05-27, 2026-W22, 2026-05, 2026-Q2
2026-05-27 10:03:24,064 [INFO] Run log: [2026-05-27 09:03 UTC] status=signal | platforms=betfair,matchbook | markets=429 | signals=4 | alerts=0 | movements=10 | consec_losses=0
2026-05-27 10:03:24,064 [INFO] Digest complete
Balance: £379.13 | Reserved: £66.45 | Available: £312.68
Reduced stake: Winner edge 10.8pp < 15.0pp → £0.85 (17%)
Logged paper trade: Winner - BACK @ 10.0% (edge: 10.85pp) [betfair] | available now £311.83
Logged paper trade: Winner - BACK @ 27.03% (edge: 18.7pp) [betfair] | available now £306.83
Reduced stake: Match Odds edge 10.7pp < 15.0pp → £0.65 (13%)
Logged paper trade: Match Odds - BACK @ 39.06% (edge: 10.65pp) [betfair] | available now £306.18
Reduced stake: Winner 2026/27 edge 12.2pp < 15.0pp → £2.15 (43%)

3 new paper trade(s) logged
Distribution log updated: 8 new entries added
Total entries: 669
  near_certainty: 5 total, 4 resolved
  high_prob: 15 total, 7 resolved
  7-9pp: 183 total, 81 resolved
  10-11pp: 73 total, 34 resolved
  12pp+: 393 total, 315 resolved

REVIEW DUE: 7-9pp band has 81 resolved entries (threshold: 12)
  Run: python distribution_logger.py report
  Then run: prompts/prompt_review_v1.md

REVIEW DUE: 7-9pp band has 81 resolved entries (threshold: 12)
  Run: python distribution_logger.py report
  Then run: prompts/prompt_review_v1.md
EXIT_CODE:0
Sent
2026-05-27 10:03:27,076 [STATIC-DASH] Building dashboard data…
2026-05-27 10:03:28,098 [STATIC-DASH] Data collected: 187 trades, 30 signals, 429 markets
2026-05-27 10:03:28,316 [STATIC-DASH] Written: /home/jwfalc/smarkets-dashboard/index.html (2900KB)
2026-05-27 10:03:28 [DEPLOY] Starting dashboard deploy...
WARNING: could not find injection point in HTML
HTML written OK
2026-05-27 10:03:28 [DEPLOY] Static HTML built
[main 25405a4] Deploy: 2026-05-27 10:03 UTC
 1 file changed, 1 insertion(+), 1 deletion(-)
To https://github.com/jwfalc-coder/smarkets-dashboard.git
   43235b8..25405a4  main -> main
2026-05-27 10:03:28 [DEPLOY] Deploy complete: Deploy: 2026-05-27 10:03 UTC
[main bad10e8] log: routine_2026-05-27_1000
 1 file changed, 187 insertions(+)
 create mode 100644 data/routine_logs/routine_2026-05-27_1000.log
From https://github.com/jwfalc-coder/betting-auditor
 * branch            main       -> FETCH_HEAD
   a48dcec..625a48b  main       -> origin/main
Rebasing (1/1)Successfully rebased and updated refs/heads/main.
To https://github.com/jwfalc-coder/betting-auditor.git
   625a48b..c1d5cfc  main -> main
