Sent
2026-05-10 23:00:02,269 [INFO] ============================================================
2026-05-10 23:00:02,269 [INFO] SCANNER RUN STARTED - BETFAIR
2026-05-10 23:00:02,269 [INFO] ============================================================
2026-05-10 23:00:02,663 [INFO] Cached Betfair session too old, re-logging in
2026-05-10 23:00:02,668 [INFO] Betfair login attempt 1/3
2026-05-10 23:00:02,814 [INFO] Betfair login successful
2026-05-10 23:00:02,965 [INFO] Catalogue: 100 markets for sport ID 1
2026-05-10 23:00:03,089 [INFO] Catalogue: 100 markets for sport ID 2
2026-05-10 23:00:03,206 [INFO] Catalogue: 100 markets for sport ID 7
2026-05-10 23:00:03,324 [INFO] Catalogue: 100 markets for sport ID 4
2026-05-10 23:00:03,418 [INFO] Catalogue: 3 markets for sport ID 2378961
2026-05-10 23:00:03,514 [INFO] Catalogue: 2 markets for sport ID 3
2026-05-10 23:00:03,685 [INFO] Catalogue: 66 markets for sport ID 7522
2026-05-10 23:00:03,786 [INFO] Catalogue: 0 markets for sport ID 6423
2026-05-10 23:00:03,786 [INFO] Betfair: fetching prices for 471 markets...
2026-05-10 23:00:08,126 [INFO] Betfair: enriching 471 markets with price data...
2026-05-10 23:00:08,138 [INFO] Betfair: enriched 50/471 markets, 6 tradeable so far
2026-05-10 23:00:08,148 [INFO] Betfair: enriched 100/471 markets, 17 tradeable so far
2026-05-10 23:00:08,151 [INFO] Betfair: enriched 150/471 markets, 18 tradeable so far
2026-05-10 23:00:08,153 [INFO] Betfair: enriched 200/471 markets, 19 tradeable so far
2026-05-10 23:00:08,163 [INFO] Betfair: enriched 250/471 markets, 24 tradeable so far
2026-05-10 23:00:08,173 [INFO] Betfair: enriched 300/471 markets, 30 tradeable so far
2026-05-10 23:00:08,176 [INFO] Betfair: enriched 350/471 markets, 47 tradeable so far
2026-05-10 23:00:08,179 [INFO] Betfair: enriched 400/471 markets, 52 tradeable so far
2026-05-10 23:00:08,222 [INFO] Betfair: enriched 450/471 markets, 65 tradeable so far
2026-05-10 23:00:08,260 [INFO] Betfair: enriched 471/471 markets, 71 tradeable so far
2026-05-10 23:00:08,262 [INFO] Betfair: 471 total markets, 71 above 100 GBP volume
2026-05-10 23:00:08,282 [INFO] betfair: 471 total, 71 above 100 GBP threshold
2026-05-10 23:00:08,435 [INFO] Snapshot written: /home/jwfalc/smarkets-bot/data/snapshots/betfair/2026-05-10_22-00.json
2026-05-10 23:00:08,510 [INFO] Market log updated (betfair)
2026-05-10 23:00:39,434 [INFO] Scanner complete for betfair. Snapshot: 2026-05-10_22-00.json
2026-05-10 23:00:39,866 [INFO] ============================================================
2026-05-10 23:00:39,867 [INFO] SCANNER RUN STARTED - MATCHBOOK
2026-05-10 23:00:39,867 [INFO] ============================================================
2026-05-10 23:00:40,322 [INFO] Matchbook login attempt 1/3
2026-05-10 23:00:40,503 [INFO] Matchbook login successful
2026-05-10 23:00:40,504 [INFO] Matchbook: fetching events with prices for 15 sports...
2026-05-10 23:00:40,659 [INFO] Matchbook: fetched page offset=0, 20 events (total so far: 20)
2026-05-10 23:00:41,050 [INFO] Matchbook: fetched page offset=20, 20 events (total so far: 40)
2026-05-10 23:00:41,306 [INFO] Matchbook: fetched page offset=40, 20 events (total so far: 60)
2026-05-10 23:00:41,550 [INFO] Matchbook: fetched page offset=60, 20 events (total so far: 80)
2026-05-10 23:00:41,879 [INFO] Matchbook: fetched page offset=80, 20 events (total so far: 100)
2026-05-10 23:00:42,223 [INFO] Matchbook: fetched page offset=100, 20 events (total so far: 120)
2026-05-10 23:00:42,451 [INFO] Matchbook: fetched page offset=120, 20 events (total so far: 140)
2026-05-10 23:00:42,774 [INFO] Matchbook: fetched page offset=140, 20 events (total so far: 160)
2026-05-10 23:00:43,111 [INFO] Matchbook: fetched page offset=160, 20 events (total so far: 180)
2026-05-10 23:00:43,461 [INFO] Matchbook: fetched page offset=180, 20 events (total so far: 200)
2026-05-10 23:00:43,758 [INFO] Matchbook: fetched page offset=200, 20 events (total so far: 220)
2026-05-10 23:00:44,239 [INFO] Matchbook: fetched page offset=220, 20 events (total so far: 240)
2026-05-10 23:00:44,477 [INFO] Matchbook: fetched page offset=240, 20 events (total so far: 260)
2026-05-10 23:00:44,702 [INFO] Matchbook: processing 260 events
2026-05-10 23:00:44,721 [INFO] Matchbook: processed 20/260 events, 380 markets so far
2026-05-10 23:00:44,754 [INFO] Matchbook: processed 40/260 events, 1028 markets so far
2026-05-10 23:00:44,761 [INFO] Matchbook: processed 60/260 events, 1233 markets so far
2026-05-10 23:00:44,765 [INFO] Matchbook: processed 80/260 events, 1355 markets so far
2026-05-10 23:00:44,777 [INFO] Matchbook: processed 100/260 events, 1681 markets so far
2026-05-10 23:00:44,877 [INFO] Matchbook: processed 120/260 events, 2332 markets so far
2026-05-10 23:00:44,878 [INFO] Matchbook: processed 140/260 events, 2352 markets so far
2026-05-10 23:00:44,900 [INFO] Matchbook: processed 160/260 events, 2868 markets so far
2026-05-10 23:00:44,929 [INFO] Matchbook: processed 180/260 events, 3496 markets so far
2026-05-10 23:00:44,958 [INFO] Matchbook: processed 200/260 events, 4189 markets so far
2026-05-10 23:00:44,980 [INFO] Matchbook: processed 220/260 events, 4897 markets so far
2026-05-10 23:00:44,996 [INFO] Matchbook: processed 240/260 events, 5416 markets so far
2026-05-10 23:00:44,999 [INFO] Matchbook: processed 260/260 events, 5436 markets so far
2026-05-10 23:00:45,000 [INFO] Matchbook: 5437 total markets, 439 above 25 GBP volume
2026-05-10 23:00:45,058 [INFO] matchbook: 5437 total, 439 above 25 GBP threshold
2026-05-10 23:00:45,224 [INFO] Snapshot written: /home/jwfalc/smarkets-bot/data/snapshots/matchbook/2026-05-10_22-00.json
2026-05-10 23:00:45,308 [INFO] Market log updated (matchbook)
2026-05-10 23:01:16,665 [INFO] Scanner complete for matchbook. Snapshot: 2026-05-10_22-00.json
2026-05-10 23:01:17,597 [RESEARCHER] matchbook: 304 tradeable markets from 2026-05-10_22-00.json
2026-05-10 23:01:17,599 [RESEARCHER] Market selection: 0 politics/current-affairs + 15 matchbook-sports + 0 betfair-sports = 15 total
2026-05-10 23:01:17,600 [RESEARCHER] [1/15] Winner
2026-05-10 23:01:22,073 [RESEARCHER] [2/15] Winner
2026-05-10 23:01:26,094 [RESEARCHER] [3/15] To Be Relegated
2026-05-10 23:01:30,115 [RESEARCHER] [4/15] Winner
2026-05-10 23:01:34,030 [RESEARCHER] [5/15] Correct Score
2026-05-10 23:01:37,286 [RESEARCHER] [6/15] Winner
2026-05-10 23:01:40,927 [RESEARCHER] [7/15] Match Odds
2026-05-10 23:01:44,810 [RESEARCHER] [8/15] Correct Score
2026-05-10 23:01:48,589 [RESEARCHER] [9/15] Correct Score
2026-05-10 23:01:52,295 [RESEARCHER] [10/15] Top 4 Finish
2026-05-10 23:01:55,962 [RESEARCHER] [11/15] Match Odds
2026-05-10 23:01:59,771 [RESEARCHER] [12/15] Match Odds
2026-05-10 23:02:04,471 [RESEARCHER] [13/15] Winner
2026-05-10 23:02:08,088 [RESEARCHER] [14/15] Correct Score
2026-05-10 23:02:11,754 [RESEARCHER] [15/15] Top 6 Finish
2026-05-10 23:02:15,755 [RESEARCHER] Research brief written: 2026-05-10_22-02_brief.json
2026-05-10 23:02:15,756 [RESEARCHER] Markets: 15 | Errors: 0 | Credits used: 30
BRIEF_PATH:/home/jwfalc/smarkets-bot/data/research/2026-05-10_22-02_brief.json
2026-05-10 23:02:16,161 [ANALYZER] Loading research brief: 2026-05-10_22-02_brief.json
2026-05-10 23:02:16,239 [ANALYZER] Analyzed 15 markets
2026-05-10 23:02:16,239 [ANALYZER] Found 6 signals (10pp+)
2026-05-10 23:02:16,239 [ANALYZER] Logged 11 distribution entries (7pp+)
2026-05-10 23:02:16,256 [ANALYZER] Research output written: 2026-05-10_22-02_research.json
RESEARCH_PATH:/home/jwfalc/smarkets-bot/data/research/2026-05-10_22-02_research.json
2026-05-10 23:02:17,015 [RESOLVE] Found 24 open trade(s) to check (paper_mode=True)
2026-05-10 23:02:17,110 [RESOLVE] Using cached Betfair session token
2026-05-10 23:02:17,110 [RESOLVE] Betfair: checking 2 open-trade markets
2026-05-10 23:02:21,871 [RESOLVE] Snapshot name lookup: found mappings for 2 markets
2026-05-10 23:02:21,971 [RESOLVE] Using cached Matchbook session token
2026-05-10 23:02:21,972 [RESOLVE] Matchbook: checking 4 open-trade markets against settled events
/home/jwfalc/smarkets-bot/scripts/check_resolutions.py:305: DeprecationWarning: datetime.datetime.utcnow() is deprecated and scheduled for removal in a future version. Use timezone-aware objects to represent datetimes in UTC: datetime.datetime.now(datetime.UTC).
  cutoff = datetime.datetime.utcnow() - datetime.timedelta(days=30)
2026-05-10 23:02:30,188 [RESOLVE] Settled markets found: 0
2026-05-10 23:02:30,188 [RESOLVE] No open-trade markets have settled yet.
2026-05-10 23:02:31,179 [INFO] ============================================================
2026-05-10 23:02:31,180 [INFO] DIGEST RUN STARTED
2026-05-10 23:02:31,180 [INFO] ============================================================
2026-05-10 23:02:36,559 [INFO] Dashboard data written: /home/jwfalc/smarkets-bot/dashboard/dashboard_data.json
2026-05-10 23:02:36,620 [INFO] Period logs updated: 2026-05-10, 2026-W19, 2026-05, 2026-Q2
2026-05-10 23:02:36,621 [INFO] Run log: [2026-05-10 22:02 UTC] status=signal | platforms=betfair,matchbook | markets=510 | signals=6 | alerts=0 | movements=10 | consec_losses=1
2026-05-10 23:02:36,774 [INFO] Telegram notification sent
2026-05-10 23:02:36,775 [INFO] Digest complete
Balance: £100.38 | Reserved: £211.06 | Available: £-110.68
Skipping (insufficient balance): Match Odds needs £5.00, only £-110.68 available
Skipping (insufficient balance): Match Odds needs £5.00, only £-110.68 available
Skipping (insufficient balance): Match Odds needs £5.00, only £-110.68 available
Skipping (insufficient balance): Top 6 Finish needs £0.05, only £-110.68 available
Skipping (insufficient balance): Top 6 Finish needs £6.60, only £-110.68 available
Skipping (insufficient balance): Top 6 Finish needs £4.05, only £-110.68 available
No new paper trades to log
Distribution log updated: 10 new entries added
Total entries: 448
  7-9pp: 89 total, 18 resolved
  10-11pp: 58 total, 34 resolved
  12pp+: 301 total, 134 resolved

REVIEW DUE: 7-9pp band has 18 resolved entries (threshold: 12)
  Run: python distribution_logger.py report
  Then run: prompts/prompt_review_v1.md

REVIEW DUE: 7-9pp band has 18 resolved entries (threshold: 12)
  Run: python distribution_logger.py report
  Then run: prompts/prompt_review_v1.md
EXIT_CODE:0
Sent
2026-05-10 23:02:40 [DEPLOY] Starting dashboard deploy...
HTML written OK
2026-05-10 23:02:40 [DEPLOY] Static HTML built
[main c5c375a] Deploy: 2026-05-10 23:02 UTC
 1 file changed, 1 insertion(+), 1 deletion(-)
To https://github.com/jwfalc-coder/smarkets-dashboard.git
   e6c557e..c5c375a  main -> main
2026-05-10 23:02:40 [DEPLOY] Deploy complete: Deploy: 2026-05-10 23:02 UTC
