Sent
2026-06-10 06:00:02,866 [INFO] ============================================================
2026-06-10 06:00:02,866 [INFO] SCANNER RUN STARTED - BETFAIR
2026-06-10 06:00:02,866 [INFO] ============================================================
2026-06-10 06:00:03,265 [INFO] Using cached Betfair session token
2026-06-10 06:00:03,426 [INFO] Catalogue: 100 markets for sport ID 1
2026-06-10 06:00:03,558 [INFO] Catalogue: 100 markets for sport ID 2
2026-06-10 06:00:03,690 [INFO] Catalogue: 100 markets for sport ID 7
2026-06-10 06:00:03,895 [INFO] Catalogue: 100 markets for sport ID 4
2026-06-10 06:00:03,991 [INFO] Catalogue: 0 markets for sport ID 2378961
2026-06-10 06:00:04,078 [INFO] Catalogue: 7 markets for sport ID 3
2026-06-10 06:00:04,242 [INFO] Catalogue: 62 markets for sport ID 7522
2026-06-10 06:00:04,314 [INFO] Catalogue: 0 markets for sport ID 6423
2026-06-10 06:00:04,315 [INFO] Betfair: fetching prices for 469 markets...
2026-06-10 06:00:08,215 [INFO] Betfair: enriching 469 markets with price data...
2026-06-10 06:00:08,224 [INFO] Betfair: enriched 50/469 markets, 0 tradeable so far
2026-06-10 06:00:08,231 [INFO] Betfair: enriched 100/469 markets, 1 tradeable so far
2026-06-10 06:00:08,235 [INFO] Betfair: enriched 150/469 markets, 5 tradeable so far
2026-06-10 06:00:08,238 [INFO] Betfair: enriched 200/469 markets, 6 tradeable so far
2026-06-10 06:00:08,249 [INFO] Betfair: enriched 250/469 markets, 16 tradeable so far
2026-06-10 06:00:08,260 [INFO] Betfair: enriched 300/469 markets, 24 tradeable so far
2026-06-10 06:00:08,264 [INFO] Betfair: enriched 350/469 markets, 38 tradeable so far
2026-06-10 06:00:08,267 [INFO] Betfair: enriched 400/469 markets, 42 tradeable so far
2026-06-10 06:00:08,358 [INFO] Betfair: enriched 450/469 markets, 62 tradeable so far
2026-06-10 06:00:08,394 [INFO] Betfair: enriched 469/469 markets, 64 tradeable so far
2026-06-10 06:00:08,396 [INFO] Betfair: 469 total markets, 64 above 100 GBP volume
2026-06-10 06:00:08,508 [INFO] Outrights: 23 markets for sport 1
2026-06-10 06:00:08,584 [INFO] Outrights: 11 markets for sport 3
2026-06-10 06:00:08,657 [INFO] Outrights: 1 markets for sport 2378961
2026-06-10 06:00:09,015 [INFO] Outrights: 33 markets above 25 GBP
2026-06-10 06:00:09,020 [INFO] Betfair: added 29 outright markets for cross-ref
2026-06-10 06:00:09,021 [INFO] betfair: 498 total, 93 above 100 GBP threshold
2026-06-10 06:00:09,248 [INFO] Snapshot written: /home/jwfalc/smarkets-bot/data/snapshots/betfair/2026-06-10_05-00.json
2026-06-10 06:00:09,369 [INFO] Market log updated (betfair)
2026-06-10 06:00:30,600 [INFO] Scanner complete for betfair. Snapshot: 2026-06-10_05-00.json
2026-06-10 06:00:30,913 [INFO] ============================================================
2026-06-10 06:00:30,914 [INFO] SCANNER RUN STARTED - MATCHBOOK
2026-06-10 06:00:30,914 [INFO] ============================================================
2026-06-10 06:00:31,269 [INFO] Matchbook login attempt 1/3
2026-06-10 06:00:31,426 [INFO] Matchbook login successful
2026-06-10 06:00:31,428 [INFO] Matchbook: fetching events with prices for 15 sports...
2026-06-10 06:00:31,502 [INFO] Matchbook: fetched page offset=0, 20 events (total so far: 20)
2026-06-10 06:00:31,744 [INFO] Matchbook: fetched page offset=20, 20 events (total so far: 40)
2026-06-10 06:00:31,986 [INFO] Matchbook: fetched page offset=40, 20 events (total so far: 60)
2026-06-10 06:00:32,281 [INFO] Matchbook: fetched page offset=60, 20 events (total so far: 80)
2026-06-10 06:00:32,556 [INFO] Matchbook: fetched page offset=80, 20 events (total so far: 100)
2026-06-10 06:00:32,818 [INFO] Matchbook: fetched page offset=100, 20 events (total so far: 120)
2026-06-10 06:00:33,046 [INFO] Matchbook: fetched page offset=120, 20 events (total so far: 140)
2026-06-10 06:00:33,285 [INFO] Matchbook: fetched page offset=140, 20 events (total so far: 160)
2026-06-10 06:00:33,649 [INFO] Matchbook: fetched page offset=160, 20 events (total so far: 180)
2026-06-10 06:00:33,979 [INFO] Matchbook: fetched page offset=180, 20 events (total so far: 200)
2026-06-10 06:00:34,260 [INFO] Matchbook: fetched page offset=200, 20 events (total so far: 220)
2026-06-10 06:00:34,490 [INFO] Matchbook: fetched page offset=220, 6 events (total so far: 226)
2026-06-10 06:00:34,490 [INFO] Matchbook: processing 226 events
2026-06-10 06:00:34,493 [INFO] Matchbook: processed 20/226 events, 135 markets so far
2026-06-10 06:00:34,498 [INFO] Matchbook: processed 40/226 events, 254 markets so far
2026-06-10 06:00:34,503 [INFO] Matchbook: processed 60/226 events, 400 markets so far
2026-06-10 06:00:34,516 [INFO] Matchbook: processed 80/226 events, 803 markets so far
2026-06-10 06:00:34,524 [INFO] Matchbook: processed 100/226 events, 1106 markets so far
2026-06-10 06:00:34,528 [INFO] Matchbook: processed 120/226 events, 1250 markets so far
2026-06-10 06:00:34,533 [INFO] Matchbook: processed 140/226 events, 1272 markets so far
2026-06-10 06:00:34,536 [INFO] Matchbook: processed 160/226 events, 1292 markets so far
2026-06-10 06:00:34,552 [INFO] Matchbook: processed 180/226 events, 1559 markets so far
2026-06-10 06:00:34,571 [INFO] Matchbook: processed 200/226 events, 1973 markets so far
2026-06-10 06:00:34,582 [INFO] Matchbook: processed 220/226 events, 2176 markets so far
2026-06-10 06:00:34,583 [INFO] Matchbook: processed 226/226 events, 2182 markets so far
2026-06-10 06:00:34,583 [INFO] Matchbook: 2183 total markets, 301 above 25 GBP volume
2026-06-10 06:00:34,608 [INFO] matchbook: 2183 total, 301 above 25 GBP threshold
2026-06-10 06:00:34,758 [INFO] Snapshot written: /home/jwfalc/smarkets-bot/data/snapshots/matchbook/2026-06-10_05-00.json
2026-06-10 06:00:34,843 [INFO] Market log updated (matchbook)
2026-06-10 06:00:55,522 [INFO] Scanner complete for matchbook. Snapshot: 2026-06-10_05-00.json
2026-06-10 06:00:56,167 [RESEARCHER] Prior index loaded: 15 known runners
2026-06-10 06:00:56,216 [RESEARCHER] betfair: 93 tradeable markets from 2026-06-10_05-00.json
2026-06-10 06:00:56,216 [RESEARCHER] Market selection: 1 politics + 7 outrights + 8 other sports = 16 total (platforms: ['betfair'])
2026-06-10 06:00:56,217 [RESEARCHER] [1/16] Makerfield - Restore Britain Vote Percentage
2026-06-10 06:01:01,508 [RESEARCHER] [2/16] Winner
2026-06-10 06:01:08,763 [RESEARCHER]   Prior history injected for Portugal
2026-06-10 06:01:08,763 [RESEARCHER] [3/16] Winner
2026-06-10 06:01:16,730 [RESEARCHER]   Prior history injected for Tommy Fleetwood
2026-06-10 06:01:16,730 [RESEARCHER] [4/16] Winner
2026-06-10 06:01:24,720 [RESEARCHER]   Prior history injected for Scottie Scheffler
2026-06-10 06:01:24,721 [RESEARCHER]   Prior history injected for Xander Schauffele
2026-06-10 06:01:24,721 [RESEARCHER]   Prior history injected for Tommy Fleetwood
2026-06-10 06:01:24,721 [RESEARCHER] [5/16] Winner
2026-06-10 06:01:29,466 [RESEARCHER]   Prior history injected for Scottie Scheffler
2026-06-10 06:01:29,466 [RESEARCHER]   Prior history injected for Tommy Fleetwood
2026-06-10 06:01:29,467 [RESEARCHER]   Prior history injected for Xander Schauffele
2026-06-10 06:01:29,467 [RESEARCHER] [6/16] Top 20 Finish
2026-06-10 06:01:31,431 [RESEARCHER]   Prior history injected for Tommy Fleetwood
2026-06-10 06:01:31,432 [RESEARCHER] [7/16] Top 10 Finish
2026-06-10 06:01:33,359 [RESEARCHER]   Prior history injected for Tommy Fleetwood
2026-06-10 06:01:33,360 [RESEARCHER] [8/16] Top 5 Finish
2026-06-10 06:01:35,229 [RESEARCHER]   Prior history injected for Tommy Fleetwood
2026-06-10 06:01:35,230 [RESEARCHER] [9/16] Match Odds
2026-06-10 06:01:43,202 [RESEARCHER] [10/16] Match Odds
2026-06-10 06:01:51,459 [RESEARCHER] [11/16] NBA Championship Winner
2026-06-10 06:01:58,001 [RESEARCHER]   Prior history injected for New York Knicks
2026-06-10 06:01:58,002 [RESEARCHER] [12/16] Moneyline
2026-06-10 06:02:05,042 [RESEARCHER]   Prior history injected for New York Knicks
2026-06-10 06:02:05,043 [RESEARCHER] [13/16] Winner 2026/27
2026-06-10 06:02:11,955 [RESEARCHER] [14/16] Name the Finalists
2026-06-10 06:02:19,072 [RESEARCHER] [15/16] R6 1400m Hcap
2026-06-10 06:02:24,240 [RESEARCHER] [16/16] Winner 2026/27
2026-06-10 06:02:31,922 [RESEARCHER] Research brief written: 2026-06-10_05-02_brief.json
2026-06-10 06:02:31,923 [RESEARCHER] Markets: 16 | Errors: 0 | Credits used: 68
BRIEF_PATH:/home/jwfalc/smarkets-bot/data/research/2026-06-10_05-02_brief.json
2026-06-10 06:02:32,239 [ANALYZER] Loading research brief: 2026-06-10_05-02_brief.json
2026-06-10 06:02:32,436 [ANALYZER] Betfair cross-ref index: 3942 runners
2026-06-10 06:02:32,443 [ANALYZER] Analyzed 16 markets
2026-06-10 06:02:32,443 [ANALYZER] Found 2 signals (10pp+)
2026-06-10 06:02:32,443 [ANALYZER] Logged 8 distribution entries (7pp+)
2026-06-10 06:02:32,459 [ANALYZER] Research output written: 2026-06-10_05-02_research.json
2026-06-10 06:02:32,461 [ANALYZER] Appended 84 edge traces to edge_traces.json
RESEARCH_PATH:/home/jwfalc/smarkets-bot/data/research/2026-06-10_05-02_research.json
2026-06-10 06:02:33,022 [RESOLVE] Found 7 open trade(s) to check (paper_mode=True)
2026-06-10 06:02:33,091 [RESOLVE] Using cached Betfair session token
2026-06-10 06:02:33,091 [RESOLVE] Betfair: checking 6 open-trade markets
2026-06-10 06:02:44,545 [RESOLVE] Snapshot name lookup: found mappings for 6 markets
2026-06-10 06:02:44,677 [RESOLVE] Settled markets found: 0
2026-06-10 06:02:44,677 [RESOLVE] No open-trade markets have settled yet.
2026-06-10 06:02:45,297 [INFO] ============================================================
2026-06-10 06:02:45,297 [INFO] DIGEST RUN STARTED
2026-06-10 06:02:45,298 [INFO] ============================================================
2026-06-10 06:02:48,842 [INFO] Slip dedup: skipping Scottie Scheffler (BACK) — already open
2026-06-10 06:02:48,848 [INFO] Sending batch slip: 1 signals
2026-06-10 06:02:49,057 [INFO] Telegram notification sent
2026-06-10 06:02:49,058 [INFO] Sent 2 Telegram signal alerts
2026-06-10 06:02:49,077 [INFO] Dashboard data written: /home/jwfalc/smarkets-bot/dashboard/dashboard_data.json
2026-06-10 06:02:49,137 [INFO] Period logs updated: 2026-06-10, 2026-W24, 2026-06, 2026-Q2
2026-06-10 06:02:49,138 [INFO] Run log: [2026-06-10 05:02 UTC] status=signal | platforms=betfair,matchbook | markets=394 | signals=2 | alerts=2 | movements=10 | consec_losses=0
2026-06-10 06:02:49,138 [INFO] Digest complete
Kelly balance: £96.52 | Reserved: £35.58 | Available: £60.94
Skipping (already open): Winner BACK
Logged paper trade: Winner 2026/27 - BACK @ 16.67% (edge: 12.17pp) [betfair] | available now £58.62

1 new paper trade(s) logged
Distribution log updated: 8 new entries added
Total entries: 1045
  near_certainty: 9 total, 7 resolved
  high_prob: 29 total, 17 resolved
  7-9pp: 311 total, 109 resolved
  10-11pp: 160 total, 61 resolved
  12pp+: 536 total, 406 resolved

REVIEW DUE: 7-9pp band has 109 resolved entries (threshold: 12)
  Run: python distribution_logger.py report
  Then run: prompts/prompt_review_v1.md

REVIEW DUE: 7-9pp band has 109 resolved entries (threshold: 12)
  Run: python distribution_logger.py report
  Then run: prompts/prompt_review_v1.md
EXIT_CODE:0
Sent
2026-06-10 06:02:52,209 [STATIC-DASH] Building dashboard data…
2026-06-10 06:02:53,292 [STATIC-DASH] Data collected: 24 trades, 42 signals, 394 markets
2026-06-10 06:02:53,475 [STATIC-DASH] Written: /home/jwfalc/smarkets-dashboard/index.html (2502KB)
2026-06-10 06:02:53,491 [STATIC-DASH] Copied PWA asset: manifest.json
2026-06-10 06:02:53,492 [STATIC-DASH] Copied PWA asset: apple-touch-icon.png
2026-06-10 06:02:53,494 [STATIC-DASH] Copied PWA asset: icon-192.png
2026-06-10 06:02:53,495 [STATIC-DASH] Copied PWA asset: icon-512.png
2026-06-10 06:02:53 [DEPLOY] Starting dashboard deploy...
WARNING: could not find injection point in HTML
HTML written OK
2026-06-10 06:02:53 [DEPLOY] Static HTML built
[main 6b9652c] Deploy: 2026-06-10 06:02 UTC
 1 file changed, 1 insertion(+), 1 deletion(-)
To https://github.com/jwfalc-coder/smarkets-dashboard.git
   907f536..6b9652c  main -> main
2026-06-10 06:02:53 [DEPLOY] Deploy complete: Deploy: 2026-06-10 06:02 UTC
