Sent
2026-05-23 10:00:02,105 [INFO] ============================================================
2026-05-23 10:00:02,105 [INFO] SCANNER RUN STARTED - BETFAIR
2026-05-23 10:00:02,105 [INFO] ============================================================
2026-05-23 10:00:02,501 [INFO] Cached Betfair session too old, re-logging in
2026-05-23 10:00:02,502 [INFO] Betfair login attempt 1/3
2026-05-23 10:00:02,716 [INFO] Betfair login successful
2026-05-23 10:00:02,865 [INFO] Catalogue: 100 markets for sport ID 1
2026-05-23 10:00:02,985 [INFO] Catalogue: 100 markets for sport ID 2
2026-05-23 10:00:03,108 [INFO] Catalogue: 100 markets for sport ID 7
2026-05-23 10:00:03,228 [INFO] Catalogue: 100 markets for sport ID 4
2026-05-23 10:00:03,300 [INFO] Catalogue: 0 markets for sport ID 2378961
2026-05-23 10:00:03,411 [INFO] Catalogue: 42 markets for sport ID 3
2026-05-23 10:00:03,636 [INFO] Catalogue: 100 markets for sport ID 7522
2026-05-23 10:00:03,751 [INFO] Catalogue: 9 markets for sport ID 6423
2026-05-23 10:00:03,751 [INFO] Betfair: fetching prices for 551 markets...
2026-05-23 10:00:08,523 [INFO] Betfair: enriching 551 markets with price data...
2026-05-23 10:00:08,530 [INFO] Betfair: enriched 50/551 markets, 4 tradeable so far
2026-05-23 10:00:08,536 [INFO] Betfair: enriched 100/551 markets, 13 tradeable so far
2026-05-23 10:00:08,538 [INFO] Betfair: enriched 150/551 markets, 16 tradeable so far
2026-05-23 10:00:08,541 [INFO] Betfair: enriched 200/551 markets, 18 tradeable so far
2026-05-23 10:00:08,549 [INFO] Betfair: enriched 250/551 markets, 23 tradeable so far
2026-05-23 10:00:08,557 [INFO] Betfair: enriched 300/551 markets, 24 tradeable so far
2026-05-23 10:00:08,562 [INFO] Betfair: enriched 350/551 markets, 41 tradeable so far
2026-05-23 10:00:08,566 [INFO] Betfair: enriched 400/551 markets, 46 tradeable so far
2026-05-23 10:00:08,606 [INFO] Betfair: enriched 450/551 markets, 73 tradeable so far
2026-05-23 10:00:08,662 [INFO] Betfair: enriched 500/551 markets, 83 tradeable so far
2026-05-23 10:00:08,719 [INFO] Betfair: enriched 550/551 markets, 88 tradeable so far
2026-05-23 10:00:08,720 [INFO] Betfair: enriched 551/551 markets, 88 tradeable so far
2026-05-23 10:00:08,723 [INFO] Betfair: 551 total markets, 88 above 100 GBP volume
2026-05-23 10:00:08,846 [INFO] Outrights: 33 markets for sport 1
2026-05-23 10:00:08,956 [INFO] Outrights: 13 markets for sport 3
2026-05-23 10:00:09,021 [INFO] Outrights: 0 markets for sport 2378961
2026-05-23 10:00:09,454 [INFO] Outrights: 42 markets above 25 GBP
2026-05-23 10:00:09,460 [INFO] Betfair: added 39 outright markets for cross-ref
2026-05-23 10:00:09,461 [INFO] betfair: 590 total, 127 above 100 GBP threshold
2026-05-23 10:00:09,724 [INFO] Snapshot written: /home/jwfalc/smarkets-bot/data/snapshots/betfair/2026-05-23_09-00.json
2026-05-23 10:00:09,870 [INFO] Market log updated (betfair)
2026-05-23 10:00:40,527 [INFO] Scanner complete for betfair. Snapshot: 2026-05-23_09-00.json
2026-05-23 10:00:40,841 [INFO] ============================================================
2026-05-23 10:00:40,841 [INFO] SCANNER RUN STARTED - MATCHBOOK
2026-05-23 10:00:40,841 [INFO] ============================================================
2026-05-23 10:00:41,181 [INFO] Matchbook login attempt 1/3
2026-05-23 10:00:41,349 [INFO] Matchbook login successful
2026-05-23 10:00:41,350 [INFO] Matchbook: fetching events with prices for 15 sports...
2026-05-23 10:00:41,506 [INFO] Matchbook: fetched page offset=0, 20 events (total so far: 20)
2026-05-23 10:00:41,830 [INFO] Matchbook: fetched page offset=20, 20 events (total so far: 40)
2026-05-23 10:00:42,189 [INFO] Matchbook: fetched page offset=40, 20 events (total so far: 60)
2026-05-23 10:00:42,554 [INFO] Matchbook: fetched page offset=60, 20 events (total so far: 80)
2026-05-23 10:00:42,844 [INFO] Matchbook: fetched page offset=80, 20 events (total so far: 100)
2026-05-23 10:00:43,085 [INFO] Matchbook: fetched page offset=100, 20 events (total so far: 120)
2026-05-23 10:00:43,401 [INFO] Matchbook: fetched page offset=120, 20 events (total so far: 140)
2026-05-23 10:00:43,693 [INFO] Matchbook: fetched page offset=140, 20 events (total so far: 160)
2026-05-23 10:00:44,003 [INFO] Matchbook: fetched page offset=160, 20 events (total so far: 180)
2026-05-23 10:00:44,323 [INFO] Matchbook: fetched page offset=180, 20 events (total so far: 200)
2026-05-23 10:00:44,664 [INFO] Matchbook: fetched page offset=200, 20 events (total so far: 220)
2026-05-23 10:00:45,016 [INFO] Matchbook: fetched page offset=220, 20 events (total so far: 240)
2026-05-23 10:00:45,315 [INFO] Matchbook: fetched page offset=240, 20 events (total so far: 260)
2026-05-23 10:00:45,654 [INFO] Matchbook: fetched page offset=260, 20 events (total so far: 280)
2026-05-23 10:00:45,934 [INFO] Matchbook: fetched page offset=280, 20 events (total so far: 300)
2026-05-23 10:00:46,216 [INFO] Matchbook: fetched page offset=300, 20 events (total so far: 320)
2026-05-23 10:00:46,563 [INFO] Matchbook: fetched page offset=320, 20 events (total so far: 340)
2026-05-23 10:00:46,889 [INFO] Matchbook: fetched page offset=340, 20 events (total so far: 360)
2026-05-23 10:00:47,255 [INFO] Matchbook: fetched page offset=360, 20 events (total so far: 380)
2026-05-23 10:00:47,601 [INFO] Matchbook: fetched page offset=380, 20 events (total so far: 400)
2026-05-23 10:00:47,855 [INFO] Matchbook: fetched page offset=400, 20 events (total so far: 420)
2026-05-23 10:00:48,107 [INFO] Matchbook: fetched page offset=420, 20 events (total so far: 440)
2026-05-23 10:00:48,372 [INFO] Matchbook: fetched page offset=440, 20 events (total so far: 460)
2026-05-23 10:00:48,641 [INFO] Matchbook: fetched page offset=460, 20 events (total so far: 480)
2026-05-23 10:00:48,954 [INFO] Matchbook: fetched page offset=480, 20 events (total so far: 500)
2026-05-23 10:00:49,185 [INFO] Matchbook: fetched page offset=500, 20 events (total so far: 520)
2026-05-23 10:00:49,420 [INFO] Matchbook: fetched page offset=520, 15 events (total so far: 535)
2026-05-23 10:00:49,420 [INFO] Matchbook: processing 535 events
2026-05-23 10:00:49,438 [INFO] Matchbook: processed 20/535 events, 397 markets so far
2026-05-23 10:00:49,460 [INFO] Matchbook: processed 40/535 events, 971 markets so far
2026-05-23 10:00:49,522 [INFO] Matchbook: processed 60/535 events, 1599 markets so far
2026-05-23 10:00:49,546 [INFO] Matchbook: processed 80/535 events, 2222 markets so far
2026-05-23 10:00:49,561 [INFO] Matchbook: processed 100/535 events, 2666 markets so far
2026-05-23 10:00:49,564 [INFO] Matchbook: processed 120/535 events, 2718 markets so far
2026-05-23 10:00:49,580 [INFO] Matchbook: processed 140/535 events, 3255 markets so far
2026-05-23 10:00:49,595 [INFO] Matchbook: processed 160/535 events, 3829 markets so far
2026-05-23 10:00:49,611 [INFO] Matchbook: processed 180/535 events, 4400 markets so far
2026-05-23 10:00:49,627 [INFO] Matchbook: processed 200/535 events, 5025 markets so far
2026-05-23 10:00:49,650 [INFO] Matchbook: processed 220/535 events, 5711 markets so far
2026-05-23 10:00:49,680 [INFO] Matchbook: processed 240/535 events, 6394 markets so far
2026-05-23 10:00:49,697 [INFO] Matchbook: processed 260/535 events, 7014 markets so far
2026-05-23 10:00:49,718 [INFO] Matchbook: processed 280/535 events, 7603 markets so far
2026-05-23 10:00:49,729 [INFO] Matchbook: processed 300/535 events, 8054 markets so far
2026-05-23 10:00:49,742 [INFO] Matchbook: processed 320/535 events, 8468 markets so far
2026-05-23 10:00:49,760 [INFO] Matchbook: processed 340/535 events, 9043 markets so far
2026-05-23 10:00:49,780 [INFO] Matchbook: processed 360/535 events, 9544 markets so far
2026-05-23 10:00:49,806 [INFO] Matchbook: processed 380/535 events, 10333 markets so far
2026-05-23 10:00:49,827 [INFO] Matchbook: processed 400/535 events, 10968 markets so far
2026-05-23 10:00:49,842 [INFO] Matchbook: processed 420/535 events, 11314 markets so far
2026-05-23 10:00:49,850 [INFO] Matchbook: processed 440/535 events, 11700 markets so far
2026-05-23 10:00:49,859 [INFO] Matchbook: processed 460/535 events, 12093 markets so far
2026-05-23 10:00:49,867 [INFO] Matchbook: processed 480/535 events, 12466 markets so far
2026-05-23 10:00:49,879 [INFO] Matchbook: processed 500/535 events, 12843 markets so far
2026-05-23 10:00:49,880 [INFO] Matchbook: processed 520/535 events, 12863 markets so far
2026-05-23 10:00:49,882 [INFO] Matchbook: processed 535/535 events, 12878 markets so far
2026-05-23 10:00:49,882 [INFO] Matchbook: 12879 total markets, 888 above 25 GBP volume
2026-05-23 10:00:49,982 [INFO] matchbook: 12879 total, 888 above 25 GBP threshold
2026-05-23 10:00:50,298 [INFO] Snapshot written: /home/jwfalc/smarkets-bot/data/snapshots/matchbook/2026-05-23_09-00.json
2026-05-23 10:00:50,465 [INFO] Market log updated (matchbook)
2026-05-23 10:01:22,984 [INFO] Scanner complete for matchbook. Snapshot: 2026-05-23_09-00.json
2026-05-23 10:01:23,738 [RESEARCHER] matchbook: 888 tradeable markets from 2026-05-23_09-00.json
2026-05-23 10:01:23,740 [RESEARCHER] Market selection: 0 politics/current-affairs + 15 sports = 15 total (platforms: ['matchbook'])
2026-05-23 10:01:23,740 [RESEARCHER] [1/15] Winner
2026-05-23 10:01:30,551 [RESEARCHER] [2/15] Winner
2026-05-23 10:01:38,029 [RESEARCHER] [3/15] Winner
2026-05-23 10:01:44,749 [RESEARCHER] [4/15] To Be Relegated
2026-05-23 10:01:50,799 [RESEARCHER] [5/15] Winner
2026-05-23 10:01:58,014 [RESEARCHER] [6/15] Correct Score
2026-05-23 10:02:05,525 [RESEARCHER] [7/15] Match Odds
2026-05-23 10:02:12,401 [RESEARCHER] [8/15] Match Odds
2026-05-23 10:02:19,286 [RESEARCHER] [9/15] Match Odds
2026-05-23 10:02:25,770 [RESEARCHER] [10/15] Top 4 Finish
2026-05-23 10:02:32,300 [RESEARCHER] [11/15] Match Odds
2026-05-23 10:02:39,137 [RESEARCHER] [12/15] Winner
2026-05-23 10:02:46,385 [RESEARCHER] [13/15] Match Odds
2026-05-23 10:02:52,459 [RESEARCHER] [14/15] Match Odds
2026-05-23 10:02:59,114 [RESEARCHER] [15/15] Top 6 Finish
2026-05-23 10:03:01,870 [RESEARCHER] Research brief written: 2026-05-23_09-03_brief.json
2026-05-23 10:03:01,870 [RESEARCHER] Markets: 15 | Errors: 0 | Credits used: 60
BRIEF_PATH:/home/jwfalc/smarkets-bot/data/research/2026-05-23_09-03_brief.json
2026-05-23 10:03:02,170 [ANALYZER] Loading research brief: 2026-05-23_09-03_brief.json
2026-05-23 10:03:02,418 [ANALYZER] Betfair cross-ref index: 3209 runners
2026-05-23 10:03:02,423 [ANALYZER] Analyzed 15 markets
2026-05-23 10:03:02,423 [ANALYZER] Found 0 signals (10pp+)
2026-05-23 10:03:02,423 [ANALYZER] Logged 2 distribution entries (7pp+)
2026-05-23 10:03:02,434 [ANALYZER] Research output written: 2026-05-23_09-03_research.json
2026-05-23 10:03:02,436 [ANALYZER] Appended 63 edge traces to edge_traces.json
RESEARCH_PATH:/home/jwfalc/smarkets-bot/data/research/2026-05-23_09-03_research.json
2026-05-23 10:03:02,995 [RESOLVE] Found 17 open trade(s) to check (paper_mode=True)
2026-05-23 10:03:03,067 [RESOLVE] Using cached Betfair session token
2026-05-23 10:03:03,067 [RESOLVE] Betfair: checking 2 open-trade markets
2026-05-23 10:03:10,141 [RESOLVE] Snapshot name lookup: found mappings for 2 markets
2026-05-23 10:03:10,249 [RESOLVE] Web fallback: 1 stale match market(s) to look up
2026-05-23 10:03:35,571 [RESOLVE] Stale market unresolved — manual check needed: 'SC Freiburg vs Aston Villa' (market=33223408744800023, logged 2026-05-20). Tip: add [football_data] api_key to config.toml for CL coverage.
2026-05-23 10:03:35,572 [RESOLVE] Settled markets found: 0
2026-05-23 10:03:35,572 [RESOLVE] Standings: unknown competition for 'Men's French Open 2026 - Winner' — skip
2026-05-23 10:03:35,572 [RESOLVE] No open-trade markets have settled yet.
2026-05-23 10:03:36,209 [INFO] ============================================================
2026-05-23 10:03:36,209 [INFO] DIGEST RUN STARTED
2026-05-23 10:03:36,216 [INFO] ============================================================
2026-05-23 10:03:41,676 [INFO] Dashboard data written: /home/jwfalc/smarkets-bot/dashboard/dashboard_data.json
2026-05-23 10:03:41,743 [INFO] Period logs updated: 2026-05-23, 2026-W21, 2026-05, 2026-Q2
2026-05-23 10:03:41,743 [INFO] Run log: [2026-05-23 09:03 UTC] status=ok | platforms=betfair,matchbook | markets=1015 | signals=0 | alerts=0 | movements=10 | consec_losses=1
2026-05-23 10:03:41,744 [INFO] Digest complete
Balance: £271.25 | Reserved: £75.59 | Available: £195.66
No new paper trades to log
Distribution log updated: 0 new entries added
Total entries: 598
  near_certainty: 4 total, 4 resolved
  high_prob: 14 total, 5 resolved
  7-9pp: 158 total, 33 resolved
  10-11pp: 50 total, 21 resolved
  12pp+: 372 total, 193 resolved

REVIEW DUE: 7-9pp band has 33 resolved entries (threshold: 12)
  Run: python distribution_logger.py report
  Then run: prompts/prompt_review_v1.md

REVIEW DUE: 7-9pp band has 33 resolved entries (threshold: 12)
  Run: python distribution_logger.py report
  Then run: prompts/prompt_review_v1.md
EXIT_CODE:0
Sent
2026-05-23 10:03:44,650 [STATIC-DASH] Building dashboard data…
2026-05-23 10:03:45,675 [STATIC-DASH] Data collected: 113 trades, 14 signals, 1015 markets
2026-05-23 10:03:45,924 [STATIC-DASH] Written: /home/jwfalc/smarkets-dashboard/index.html (3117KB)
2026-05-23 10:03:46 [DEPLOY] Starting dashboard deploy...
WARNING: could not find injection point in HTML
HTML written OK
2026-05-23 10:03:46 [DEPLOY] Static HTML built
[main 7c880c7] Deploy: 2026-05-23 10:03 UTC
 1 file changed, 1 insertion(+), 1 deletion(-)
To https://github.com/jwfalc-coder/smarkets-dashboard.git
   f6fe5ce..7c880c7  main -> main
2026-05-23 10:03:46 [DEPLOY] Deploy complete: Deploy: 2026-05-23 10:03 UTC
