Sent
2026-05-28 23:00:02,512 [INFO] ============================================================
2026-05-28 23:00:02,514 [INFO] SCANNER RUN STARTED - BETFAIR
2026-05-28 23:00:02,514 [INFO] ============================================================
2026-05-28 23:00:02,983 [INFO] Cached Betfair session too old, re-logging in
2026-05-28 23:00:02,984 [INFO] Betfair login attempt 1/3
2026-05-28 23:00:03,230 [INFO] Betfair login successful
2026-05-28 23:00:03,406 [INFO] Catalogue: 100 markets for sport ID 1
2026-05-28 23:00:03,534 [INFO] Catalogue: 100 markets for sport ID 2
2026-05-28 23:00:03,655 [INFO] Catalogue: 100 markets for sport ID 7
2026-05-28 23:00:03,775 [INFO] Catalogue: 100 markets for sport ID 4
2026-05-28 23:00:03,862 [INFO] Catalogue: 2 markets for sport ID 2378961
2026-05-28 23:00:04,008 [INFO] Catalogue: 40 markets for sport ID 3
2026-05-28 23:00:04,244 [INFO] Catalogue: 100 markets for sport ID 7522
2026-05-28 23:00:04,352 [INFO] Catalogue: 6 markets for sport ID 6423
2026-05-28 23:00:04,352 [INFO] Betfair: fetching prices for 548 markets...
2026-05-28 23:00:09,219 [INFO] Betfair: enriching 548 markets with price data...
2026-05-28 23:00:09,224 [INFO] Betfair: enriched 50/548 markets, 20 tradeable so far
2026-05-28 23:00:09,228 [INFO] Betfair: enriched 100/548 markets, 37 tradeable so far
2026-05-28 23:00:09,230 [INFO] Betfair: enriched 150/548 markets, 43 tradeable so far
2026-05-28 23:00:09,233 [INFO] Betfair: enriched 200/548 markets, 45 tradeable so far
2026-05-28 23:00:09,239 [INFO] Betfair: enriched 250/548 markets, 50 tradeable so far
2026-05-28 23:00:09,246 [INFO] Betfair: enriched 300/548 markets, 50 tradeable so far
2026-05-28 23:00:09,248 [INFO] Betfair: enriched 350/548 markets, 65 tradeable so far
2026-05-28 23:00:09,251 [INFO] Betfair: enriched 400/548 markets, 73 tradeable so far
2026-05-28 23:00:09,288 [INFO] Betfair: enriched 450/548 markets, 98 tradeable so far
2026-05-28 23:00:09,338 [INFO] Betfair: enriched 500/548 markets, 113 tradeable so far
2026-05-28 23:00:09,397 [INFO] Betfair: enriched 548/548 markets, 116 tradeable so far
2026-05-28 23:00:09,400 [INFO] Betfair: 548 total markets, 116 above 100 GBP volume
2026-05-28 23:00:09,525 [INFO] Outrights: 22 markets for sport 1
2026-05-28 23:00:09,615 [INFO] Outrights: 16 markets for sport 3
2026-05-28 23:00:09,691 [INFO] Outrights: 1 markets for sport 2378961
2026-05-28 23:00:10,097 [INFO] Outrights: 33 markets above 25 GBP
2026-05-28 23:00:10,104 [INFO] Betfair: added 26 outright markets for cross-ref
2026-05-28 23:00:10,105 [INFO] betfair: 574 total, 142 above 100 GBP threshold
2026-05-28 23:00:10,433 [INFO] Snapshot written: /home/jwfalc/smarkets-bot/data/snapshots/betfair/2026-05-28_22-00.json
2026-05-28 23:00:10,620 [INFO] Market log updated (betfair)
2026-05-28 23:00:42,184 [INFO] Scanner complete for betfair. Snapshot: 2026-05-28_22-00.json
2026-05-28 23:00:42,499 [INFO] ============================================================
2026-05-28 23:00:42,500 [INFO] SCANNER RUN STARTED - MATCHBOOK
2026-05-28 23:00:42,500 [INFO] ============================================================
2026-05-28 23:00:42,840 [INFO] Matchbook login attempt 1/3
2026-05-28 23:00:43,033 [INFO] Matchbook login successful
2026-05-28 23:00:43,034 [INFO] Matchbook: fetching events with prices for 15 sports...
2026-05-28 23:00:43,243 [INFO] Matchbook: fetched page offset=0, 20 events (total so far: 20)
2026-05-28 23:00:43,476 [INFO] Matchbook: fetched page offset=20, 20 events (total so far: 40)
2026-05-28 23:00:43,726 [INFO] Matchbook: fetched page offset=40, 20 events (total so far: 60)
2026-05-28 23:00:43,973 [INFO] Matchbook: fetched page offset=60, 20 events (total so far: 80)
2026-05-28 23:00:44,292 [INFO] Matchbook: fetched page offset=80, 20 events (total so far: 100)
2026-05-28 23:00:44,600 [INFO] Matchbook: fetched page offset=100, 20 events (total so far: 120)
2026-05-28 23:00:44,853 [INFO] Matchbook: fetched page offset=120, 20 events (total so far: 140)
2026-05-28 23:00:45,164 [INFO] Matchbook: fetched page offset=140, 20 events (total so far: 160)
2026-05-28 23:00:45,433 [INFO] Matchbook: fetched page offset=160, 20 events (total so far: 180)
2026-05-28 23:00:45,730 [INFO] Matchbook: fetched page offset=180, 20 events (total so far: 200)
2026-05-28 23:00:45,965 [INFO] Matchbook: fetched page offset=200, 20 events (total so far: 220)
2026-05-28 23:00:46,206 [INFO] Matchbook: fetched page offset=220, 18 events (total so far: 238)
2026-05-28 23:00:46,207 [INFO] Matchbook: processing 238 events
2026-05-28 23:00:46,227 [INFO] Matchbook: processed 20/238 events, 311 markets so far
2026-05-28 23:00:46,228 [INFO] Matchbook: processed 40/238 events, 331 markets so far
2026-05-28 23:00:46,232 [INFO] Matchbook: processed 60/238 events, 491 markets so far
2026-05-28 23:00:46,237 [INFO] Matchbook: processed 80/238 events, 676 markets so far
2026-05-28 23:00:46,246 [INFO] Matchbook: processed 100/238 events, 965 markets so far
2026-05-28 23:00:46,264 [INFO] Matchbook: processed 120/238 events, 1545 markets so far
2026-05-28 23:00:46,270 [INFO] Matchbook: processed 140/238 events, 1803 markets so far
2026-05-28 23:00:46,319 [INFO] Matchbook: processed 160/238 events, 2367 markets so far
2026-05-28 23:00:46,329 [INFO] Matchbook: processed 180/238 events, 2705 markets so far
2026-05-28 23:00:46,347 [INFO] Matchbook: processed 200/238 events, 3179 markets so far
2026-05-28 23:00:46,349 [INFO] Matchbook: processed 220/238 events, 3199 markets so far
2026-05-28 23:00:46,351 [INFO] Matchbook: processed 238/238 events, 3217 markets so far
2026-05-28 23:00:46,351 [INFO] Matchbook: 3218 total markets, 318 above 25 GBP volume
2026-05-28 23:00:46,380 [INFO] matchbook: 3218 total, 318 above 25 GBP threshold
2026-05-28 23:00:46,540 [INFO] Snapshot written: /home/jwfalc/smarkets-bot/data/snapshots/matchbook/2026-05-28_22-00.json
2026-05-28 23:00:46,631 [INFO] Market log updated (matchbook)
2026-05-28 23:01:13,401 [INFO] Scanner complete for matchbook. Snapshot: 2026-05-28_22-00.json
2026-05-28 23:01:14,506 [RESEARCHER] Prior index loaded: 85 known runners
2026-05-28 23:01:14,624 [RESEARCHER] betfair: 142 tradeable markets from 2026-05-28_22-00.json
2026-05-28 23:01:14,625 [RESEARCHER] Market selection: 2 politics + 7 outrights + 8 other sports = 17 total (platforms: ['betfair'])
2026-05-28 23:01:14,625 [RESEARCHER] [1/17] Next President of Colombia
2026-05-28 23:01:20,905 [RESEARCHER]   Prior history injected for Paloma Valencia
2026-05-28 23:01:20,905 [RESEARCHER] [2/17] Maltese General Election
2026-05-28 23:01:27,214 [RESEARCHER] [3/17] Winner
2026-05-28 23:01:36,314 [RESEARCHER] [4/17] Winner
2026-05-28 23:01:46,402 [RESEARCHER]   Prior history injected for Arsenal
2026-05-28 23:01:46,402 [RESEARCHER] [5/17] Winner
2026-05-28 23:01:54,346 [RESEARCHER]   Prior history injected for Ludvig Aberg
2026-05-28 23:01:54,347 [RESEARCHER]   Prior history injected for Tom Kim
2026-05-28 23:01:54,347 [RESEARCHER]   Prior history injected for Alex Smalley
2026-05-28 23:01:54,348 [RESEARCHER] [6/17] Winner
2026-05-28 23:02:02,916 [RESEARCHER] [7/17] Winner
2026-05-28 23:02:13,476 [RESEARCHER]   Prior history injected for Bryson DeChambeau
2026-05-28 23:02:13,477 [RESEARCHER]   Prior history injected for Jon Rahm
2026-05-28 23:02:13,477 [RESEARCHER] [8/17] Top 10 Finish
2026-05-28 23:02:15,561 [RESEARCHER]   Prior history injected for Ludvig Aberg
2026-05-28 23:02:15,562 [RESEARCHER]   Prior history injected for Tom Kim
2026-05-28 23:02:15,562 [RESEARCHER]   Prior history injected for Alex Smalley
2026-05-28 23:02:15,563 [RESEARCHER] [9/17] Winner
2026-05-28 23:02:25,471 [RESEARCHER]   Prior history injected for Scottie Scheffler
2026-05-28 23:02:25,472 [RESEARCHER]   Prior history injected for Rory McIlroy
2026-05-28 23:02:25,472 [RESEARCHER]   Prior history injected for Jon Rahm
2026-05-28 23:02:25,472 [RESEARCHER]   Prior history injected for Xander Schauffele
2026-05-28 23:02:25,473 [RESEARCHER]   Prior history injected for Cameron Young
2026-05-28 23:02:25,473 [RESEARCHER] [10/17] Match Odds
2026-05-28 23:02:33,435 [RESEARCHER]   Prior history injected for The Draw
2026-05-28 23:02:33,435 [RESEARCHER] [11/17] Match Odds
2026-05-28 23:02:41,345 [RESEARCHER] [12/17] Moneyline
2026-05-28 23:02:49,146 [RESEARCHER]   Prior history injected for San Antonio Spurs
2026-05-28 23:02:49,146 [RESEARCHER] [13/17] Will an English team win the 25/26 UCL?
2026-05-28 23:02:56,831 [RESEARCHER]   Prior history injected for No
2026-05-28 23:02:56,831 [RESEARCHER]   Prior history injected for Yes
2026-05-28 23:02:56,832 [RESEARCHER] [14/17] Match Odds
2026-05-28 23:03:05,971 [RESEARCHER] [15/17] Match Odds
2026-05-28 23:03:18,761 [RESEARCHER] [16/17] Match Odds
2026-05-28 23:03:26,973 [RESEARCHER] [17/17] Winner 2026/27
2026-05-28 23:03:34,344 [RESEARCHER]   Prior history injected for Arsenal
2026-05-28 23:03:34,344 [RESEARCHER]   Prior history injected for Man City
2026-05-28 23:03:34,345 [RESEARCHER]   Prior history injected for Liverpool
2026-05-28 23:03:34,345 [RESEARCHER]   Prior history injected for Chelsea
2026-05-28 23:03:34,345 [RESEARCHER]   Prior history injected for Aston Villa
2026-05-28 23:03:34,370 [RESEARCHER] Research brief written: 2026-05-28_22-03_brief.json
2026-05-28 23:03:34,370 [RESEARCHER] Markets: 17 | Errors: 0 | Credits used: 71
BRIEF_PATH:/home/jwfalc/smarkets-bot/data/research/2026-05-28_22-03_brief.json
2026-05-28 23:03:34,693 [ANALYZER] Loading research brief: 2026-05-28_22-03_brief.json
2026-05-28 23:03:34,950 [ANALYZER] Betfair cross-ref index: 4532 runners
2026-05-28 23:03:34,957 [ANALYZER] Analyzed 17 markets
2026-05-28 23:03:34,957 [ANALYZER] Found 4 signals (10pp+)
2026-05-28 23:03:34,957 [ANALYZER] Logged 9 distribution entries (7pp+)
2026-05-28 23:03:34,971 [ANALYZER] Research output written: 2026-05-28_22-03_research.json
2026-05-28 23:03:34,976 [ANALYZER] Appended 73 edge traces to edge_traces.json
RESEARCH_PATH:/home/jwfalc/smarkets-bot/data/research/2026-05-28_22-03_research.json
2026-05-28 23:03:35,540 [RESOLVE] Found 28 open trade(s) to check (paper_mode=True)
2026-05-28 23:03:35,608 [RESOLVE] Using cached Betfair session token
2026-05-28 23:03:35,608 [RESOLVE] Betfair: checking 16 open-trade markets
2026-05-28 23:03:51,860 [RESOLVE] Snapshot name lookup: found mappings for 15 markets
2026-05-28 23:03:51,961 [RESOLVE] Betfair settled: market=1.258640167 winner=Madison Keys (3800907)
2026-05-28 23:03:52,061 [RESOLVE] Settled markets found: 1
2026-05-28 23:03:52,140 [RESOLVE]   [betfair] Match Odds | WIN | P&L: +0.66 | Selection: Madison Keys | Winner: Madison Keys
2026-05-28 23:03:52,140 [RESOLVE] Resolution alert: Match Odds pnl=+0.66
2026-05-28 23:03:52,252 [RESOLVE] Telegram notification sent
2026-05-28 23:03:52,253 [RESOLVE] Standings: unknown competition for 'Men's French Open 2026 - Winner' — skip
2026-05-28 23:03:52,276 [RESOLVE] Auto-resolved 1 trade(s). Running P&L: +276.59 | W/L: 106/67 | ROI: 37.78%
2026-05-28 23:03:52,893 [INFO] ============================================================
2026-05-28 23:03:52,895 [INFO] DIGEST RUN STARTED
2026-05-28 23:03:52,895 [INFO] ============================================================
2026-05-28 23:03:58,256 [INFO] Sending signal alert: Winner edge=17.17pp
2026-05-28 23:04:08,427 [INFO] Telegram notification sent
2026-05-28 23:04:08,429 [INFO] Sending signal alert: Top 10 Finish edge=17.17pp
2026-05-28 23:04:08,590 [INFO] Telegram notification sent
2026-05-28 23:04:08,592 [INFO] Sent 2 Telegram signal alerts
2026-05-28 23:04:08,688 [INFO] Dashboard data written: /home/jwfalc/smarkets-bot/dashboard/dashboard_data.json
2026-05-28 23:04:08,786 [INFO] Period logs updated: 2026-05-28, 2026-W22, 2026-05, 2026-Q2
2026-05-28 23:04:08,787 [INFO] Run log: [2026-05-28 22:03 UTC] status=signal | platforms=betfair,matchbook | markets=460 | signals=4 | alerts=2 | movements=10 | consec_losses=0
2026-05-28 23:04:08,892 [INFO] Telegram notification sent
2026-05-28 23:04:08,893 [INFO] Digest complete
Balance: £376.59 | Reserved: £130.50 | Available: £246.09
Skipping (already open): Winner BACK
Reduced stake: Winner edge 14.6pp < 15.0pp → £4.55 (91%)
Skipping (conflicting back in same market): Winner
No new paper trades to log
Distribution log updated: 1 new entries added
Total entries: 709
  near_certainty: 6 total, 5 resolved
  high_prob: 15 total, 7 resolved
  7-9pp: 199 total, 82 resolved
  10-11pp: 76 total, 35 resolved
  12pp+: 413 total, 317 resolved

REVIEW DUE: 7-9pp band has 82 resolved entries (threshold: 12)
  Run: python distribution_logger.py report
  Then run: prompts/prompt_review_v1.md

REVIEW DUE: 7-9pp band has 82 resolved entries (threshold: 12)
  Run: python distribution_logger.py report
  Then run: prompts/prompt_review_v1.md
EXIT_CODE:0
Sent
2026-05-28 23:04:11,861 [STATIC-DASH] Building dashboard data…
2026-05-28 23:04:13,203 [STATIC-DASH] Data collected: 200 trades, 56 signals, 460 markets
2026-05-28 23:04:13,455 [STATIC-DASH] Written: /home/jwfalc/smarkets-dashboard/index.html (3118KB)
2026-05-28 23:04:13 [DEPLOY] Starting dashboard deploy...
WARNING: could not find injection point in HTML
HTML written OK
2026-05-28 23:04:13 [DEPLOY] Static HTML built
[main 65c8f26] Deploy: 2026-05-28 23:04 UTC
 1 file changed, 1 insertion(+), 1 deletion(-)
To https://github.com/jwfalc-coder/smarkets-dashboard.git
   7b03e8f..65c8f26  main -> main
2026-05-28 23:04:13 [DEPLOY] Deploy complete: Deploy: 2026-05-28 23:04 UTC
