Sent
2026-05-30 18:00:02,123 [INFO] ============================================================
2026-05-30 18:00:02,123 [INFO] SCANNER RUN STARTED - BETFAIR
2026-05-30 18:00:02,123 [INFO] ============================================================
2026-05-30 18:00:02,524 [INFO] Cached Betfair session too old, re-logging in
2026-05-30 18:00:02,525 [INFO] Betfair login attempt 1/3
2026-05-30 18:00:02,705 [INFO] Betfair login successful
2026-05-30 18:00:02,864 [INFO] Catalogue: 100 markets for sport ID 1
2026-05-30 18:00:02,997 [INFO] Catalogue: 100 markets for sport ID 2
2026-05-30 18:00:03,123 [INFO] Catalogue: 100 markets for sport ID 7
2026-05-30 18:00:03,239 [INFO] Catalogue: 100 markets for sport ID 4
2026-05-30 18:00:03,328 [INFO] Catalogue: 1 markets for sport ID 2378961
2026-05-30 18:00:03,432 [INFO] Catalogue: 22 markets for sport ID 3
2026-05-30 18:00:03,637 [INFO] Catalogue: 77 markets for sport ID 7522
2026-05-30 18:00:03,734 [INFO] Catalogue: 9 markets for sport ID 6423
2026-05-30 18:00:03,734 [INFO] Betfair: fetching prices for 509 markets...
2026-05-30 18:00:08,119 [INFO] Betfair: enriching 509 markets with price data...
2026-05-30 18:00:08,127 [INFO] Betfair: enriched 50/509 markets, 3 tradeable so far
2026-05-30 18:00:08,137 [INFO] Betfair: enriched 100/509 markets, 5 tradeable so far
2026-05-30 18:00:08,142 [INFO] Betfair: enriched 150/509 markets, 10 tradeable so far
2026-05-30 18:00:08,147 [INFO] Betfair: enriched 200/509 markets, 13 tradeable so far
2026-05-30 18:00:08,157 [INFO] Betfair: enriched 250/509 markets, 33 tradeable so far
2026-05-30 18:00:08,163 [INFO] Betfair: enriched 300/509 markets, 48 tradeable so far
2026-05-30 18:00:08,166 [INFO] Betfair: enriched 350/509 markets, 59 tradeable so far
2026-05-30 18:00:08,168 [INFO] Betfair: enriched 400/509 markets, 65 tradeable so far
2026-05-30 18:00:08,214 [INFO] Betfair: enriched 450/509 markets, 93 tradeable so far
2026-05-30 18:00:08,266 [INFO] Betfair: enriched 500/509 markets, 101 tradeable so far
2026-05-30 18:00:08,282 [INFO] Betfair: enriched 509/509 markets, 101 tradeable so far
2026-05-30 18:00:08,286 [INFO] Betfair: 509 total markets, 101 above 100 GBP volume
2026-05-30 18:00:08,419 [INFO] Outrights: 22 markets for sport 1
2026-05-30 18:00:08,517 [INFO] Outrights: 16 markets for sport 3
2026-05-30 18:00:08,592 [INFO] Outrights: 1 markets for sport 2378961
2026-05-30 18:00:08,983 [INFO] Outrights: 35 markets above 25 GBP
2026-05-30 18:00:08,989 [INFO] Betfair: added 29 outright markets for cross-ref
2026-05-30 18:00:08,989 [INFO] betfair: 538 total, 130 above 100 GBP threshold
2026-05-30 18:00:09,352 [INFO] Snapshot written: /home/jwfalc/smarkets-bot/data/snapshots/betfair/2026-05-30_17-00.json
2026-05-30 18:00:09,555 [INFO] Market log updated (betfair)
2026-05-30 18:00:40,556 [INFO] Scanner complete for betfair. Snapshot: 2026-05-30_17-00.json
2026-05-30 18:00:40,871 [INFO] ============================================================
2026-05-30 18:00:40,871 [INFO] SCANNER RUN STARTED - MATCHBOOK
2026-05-30 18:00:40,871 [INFO] ============================================================
2026-05-30 18:00:41,219 [INFO] Matchbook login attempt 1/3
2026-05-30 18:00:41,392 [INFO] Matchbook login successful
2026-05-30 18:00:41,392 [INFO] Matchbook: fetching events with prices for 15 sports...
2026-05-30 18:00:41,538 [INFO] Matchbook: fetched page offset=0, 20 events (total so far: 20)
2026-05-30 18:00:41,866 [INFO] Matchbook: fetched page offset=20, 20 events (total so far: 40)
2026-05-30 18:00:42,214 [INFO] Matchbook: fetched page offset=40, 20 events (total so far: 60)
2026-05-30 18:00:42,559 [INFO] Matchbook: fetched page offset=60, 20 events (total so far: 80)
2026-05-30 18:00:42,882 [INFO] Matchbook: fetched page offset=80, 20 events (total so far: 100)
2026-05-30 18:00:43,162 [INFO] Matchbook: fetched page offset=100, 20 events (total so far: 120)
2026-05-30 18:00:43,417 [INFO] Matchbook: fetched page offset=120, 20 events (total so far: 140)
2026-05-30 18:00:43,781 [INFO] Matchbook: fetched page offset=140, 20 events (total so far: 160)
2026-05-30 18:00:44,088 [INFO] Matchbook: fetched page offset=160, 20 events (total so far: 180)
2026-05-30 18:00:44,428 [INFO] Matchbook: fetched page offset=180, 20 events (total so far: 200)
2026-05-30 18:00:44,684 [INFO] Matchbook: fetched page offset=200, 20 events (total so far: 220)
2026-05-30 18:00:44,919 [INFO] Matchbook: fetched page offset=220, 20 events (total so far: 240)
2026-05-30 18:00:45,163 [INFO] Matchbook: fetched page offset=240, 5 events (total so far: 245)
2026-05-30 18:00:45,163 [INFO] Matchbook: processing 245 events
2026-05-30 18:00:45,174 [INFO] Matchbook: processed 20/245 events, 214 markets so far
2026-05-30 18:00:45,193 [INFO] Matchbook: processed 40/245 events, 760 markets so far
2026-05-30 18:00:45,214 [INFO] Matchbook: processed 60/245 events, 1349 markets so far
2026-05-30 18:00:45,269 [INFO] Matchbook: processed 80/245 events, 1938 markets so far
2026-05-30 18:00:45,290 [INFO] Matchbook: processed 100/245 events, 2585 markets so far
2026-05-30 18:00:45,303 [INFO] Matchbook: processed 120/245 events, 2998 markets so far
2026-05-30 18:00:45,310 [INFO] Matchbook: processed 140/245 events, 3272 markets so far
2026-05-30 18:00:45,323 [INFO] Matchbook: processed 160/245 events, 3659 markets so far
2026-05-30 18:00:45,341 [INFO] Matchbook: processed 180/245 events, 4208 markets so far
2026-05-30 18:00:45,364 [INFO] Matchbook: processed 200/245 events, 4877 markets so far
2026-05-30 18:00:45,368 [INFO] Matchbook: processed 220/245 events, 4904 markets so far
2026-05-30 18:00:45,370 [INFO] Matchbook: processed 240/245 events, 4924 markets so far
2026-05-30 18:00:45,372 [INFO] Matchbook: processed 245/245 events, 4929 markets so far
2026-05-30 18:00:45,372 [INFO] Matchbook: 4930 total markets, 411 above 25 GBP volume
2026-05-30 18:00:45,416 [INFO] matchbook: 4930 total, 411 above 25 GBP threshold
2026-05-30 18:00:45,587 [INFO] Snapshot written: /home/jwfalc/smarkets-bot/data/snapshots/matchbook/2026-05-30_17-00.json
2026-05-30 18:00:45,681 [INFO] Market log updated (matchbook)
2026-05-30 18:01:14,526 [INFO] Scanner complete for matchbook. Snapshot: 2026-05-30_17-00.json
2026-05-30 18:01:15,175 [RESEARCHER] Prior index loaded: 90 known runners
2026-05-30 18:01:15,249 [RESEARCHER] betfair: 130 tradeable markets from 2026-05-30_17-00.json
2026-05-30 18:01:15,250 [RESEARCHER] Market selection: 2 politics + 7 outrights + 8 other sports = 17 total (platforms: ['betfair'])
2026-05-30 18:01:15,250 [RESEARCHER] [1/17] Starmer Replaced by June 1st 2026
2026-05-30 18:01:21,065 [RESEARCHER]   Prior history injected for Yes
2026-05-30 18:01:21,066 [RESEARCHER]   Prior history injected for No
2026-05-30 18:01:21,066 [RESEARCHER] [2/17] Makerfield - Restore Britain Vote Percentage
2026-05-30 18:01:26,221 [RESEARCHER] [3/17] Winner
2026-05-30 18:01:33,043 [RESEARCHER]   Prior history injected for Arsenal
2026-05-30 18:01:33,044 [RESEARCHER] [4/17] Winner
2026-05-30 18:01:40,129 [RESEARCHER] [5/17] Winner
2026-05-30 18:01:48,211 [RESEARCHER] [6/17] Winner
2026-05-30 18:01:57,455 [RESEARCHER] [7/17] Winner
2026-05-30 18:02:05,743 [RESEARCHER]   Prior history injected for Bryson DeChambeau
2026-05-30 18:02:05,744 [RESEARCHER] [8/17] Winner
2026-05-30 18:02:13,678 [RESEARCHER]   Prior history injected for Scottie Scheffler
2026-05-30 18:02:13,679 [RESEARCHER]   Prior history injected for Rory McIlroy
2026-05-30 18:02:13,679 [RESEARCHER]   Prior history injected for Jon Rahm
2026-05-30 18:02:13,679 [RESEARCHER]   Prior history injected for Xander Schauffele
2026-05-30 18:02:13,680 [RESEARCHER]   Prior history injected for Cameron Young
2026-05-30 18:02:13,680 [RESEARCHER] [9/17] Winner
2026-05-30 18:02:18,208 [RESEARCHER]   Prior history injected for Scottie Scheffler
2026-05-30 18:02:18,209 [RESEARCHER]   Prior history injected for Rory McIlroy
2026-05-30 18:02:18,209 [RESEARCHER]   Prior history injected for Jon Rahm
2026-05-30 18:02:18,209 [RESEARCHER]   Prior history injected for Cameron Young
2026-05-30 18:02:18,210 [RESEARCHER]   Prior history injected for Ludvig Aberg
2026-05-30 18:02:18,210 [RESEARCHER]   Prior history injected for Bryson DeChambeau
2026-05-30 18:02:18,210 [RESEARCHER] [10/17] Moneyline
2026-05-30 18:02:25,519 [RESEARCHER]   Prior history injected for San Antonio Spurs
2026-05-30 18:02:25,519 [RESEARCHER] [11/17] Match Odds
2026-05-30 18:02:32,777 [RESEARCHER]   Prior history injected for Madison Keys
2026-05-30 18:02:32,777 [RESEARCHER] [12/17] Will an English team win the 25/26 UCL?
2026-05-30 18:02:39,735 [RESEARCHER]   Prior history injected for No
2026-05-30 18:02:39,736 [RESEARCHER]   Prior history injected for Yes
2026-05-30 18:02:39,736 [RESEARCHER] [13/17] Match Odds
2026-05-30 18:02:47,999 [RESEARCHER] [14/17] 1m2f Hcap
2026-05-30 18:02:53,486 [RESEARCHER] [15/17] Winner 2026/27
2026-05-30 18:03:01,033 [RESEARCHER]   Prior history injected for Arsenal
2026-05-30 18:03:01,034 [RESEARCHER]   Prior history injected for Man City
2026-05-30 18:03:01,034 [RESEARCHER]   Prior history injected for Liverpool
2026-05-30 18:03:01,034 [RESEARCHER]   Prior history injected for Chelsea
2026-05-30 18:03:01,034 [RESEARCHER]   Prior history injected for Aston Villa
2026-05-30 18:03:01,035 [RESEARCHER] [16/17] 2m Nov Hcap Hrd
2026-05-30 18:03:06,159 [RESEARCHER] [17/17] Match Odds
2026-05-30 18:03:14,090 [RESEARCHER] Research brief written: 2026-05-30_17-03_brief.json
2026-05-30 18:03:14,091 [RESEARCHER] Markets: 17 | Errors: 0 | Credits used: 69
BRIEF_PATH:/home/jwfalc/smarkets-bot/data/research/2026-05-30_17-03_brief.json
2026-05-30 18:03:14,402 [ANALYZER] Loading research brief: 2026-05-30_17-03_brief.json
2026-05-30 18:03:14,683 [ANALYZER] Betfair cross-ref index: 3856 runners
2026-05-30 18:03:14,690 [ANALYZER] Analyzed 17 markets
2026-05-30 18:03:14,690 [ANALYZER] Found 4 signals (10pp+)
2026-05-30 18:03:14,690 [ANALYZER] Logged 10 distribution entries (7pp+)
2026-05-30 18:03:14,704 [ANALYZER] Research output written: 2026-05-30_17-03_research.json
2026-05-30 18:03:14,707 [ANALYZER] Appended 78 edge traces to edge_traces.json
RESEARCH_PATH:/home/jwfalc/smarkets-bot/data/research/2026-05-30_17-03_research.json
2026-05-30 18:03:15,269 [RESOLVE] Found 34 open trade(s) to check (paper_mode=True)
2026-05-30 18:03:15,337 [RESOLVE] Using cached Betfair session token
2026-05-30 18:03:15,337 [RESOLVE] Betfair: checking 17 open-trade markets
2026-05-30 18:03:24,398 [RESOLVE] Snapshot name lookup: found mappings for 17 markets
2026-05-30 18:03:24,591 [RESOLVE] Settled markets found: 0
2026-05-30 18:03:24,591 [RESOLVE] No open-trade markets have settled yet.
2026-05-30 18:03:25,223 [INFO] ============================================================
2026-05-30 18:03:25,224 [INFO] DIGEST RUN STARTED
2026-05-30 18:03:25,224 [INFO] ============================================================
2026-05-30 18:03:30,056 [INFO] Dashboard data written: /home/jwfalc/smarkets-bot/dashboard/dashboard_data.json
2026-05-30 18:03:30,140 [INFO] Period logs updated: 2026-05-30, 2026-W22, 2026-05, 2026-Q2
2026-05-30 18:03:30,140 [INFO] Run log: [2026-05-30 17:03 UTC] status=signal | platforms=betfair,matchbook | markets=541 | signals=4 | alerts=0 | movements=10 | consec_losses=1
2026-05-30 18:03:30,140 [INFO] Digest complete
Balance: £363.99 | Reserved: £177.90 | Available: £186.09
Reduced stake: Winner edge 11.6pp < 15.0pp → £1.60 (32%)
Skipping (conflicting back in same market): Winner
Reduced stake: Winner edge 14.2pp < 15.0pp → £4.15 (83%)
Skipping (already open): Winner BACK
Reduced stake: Winner edge 12.2pp < 15.0pp → £2.15 (43%)
Skipping (already open): Winner BACK
No new paper trades to log
Distribution log updated: 5 new entries added
Total entries: 761
  near_certainty: 6 total, 5 resolved
  high_prob: 16 total, 8 resolved
  7-9pp: 224 total, 82 resolved
  10-11pp: 85 total, 35 resolved
  12pp+: 430 total, 317 resolved

REVIEW DUE: 7-9pp band has 82 resolved entries (threshold: 12)
  Run: python distribution_logger.py report
  Then run: prompts/prompt_review_v1.md

REVIEW DUE: 7-9pp band has 82 resolved entries (threshold: 12)
  Run: python distribution_logger.py report
  Then run: prompts/prompt_review_v1.md
EXIT_CODE:0
Sent
2026-05-30 18:03:33,073 [STATIC-DASH] Building dashboard data…
2026-05-30 18:03:34,177 [STATIC-DASH] Data collected: 211 trades, 46 signals, 541 markets
2026-05-30 18:03:34,427 [STATIC-DASH] Written: /home/jwfalc/smarkets-dashboard/index.html (3340KB)
2026-05-30 18:03:34 [DEPLOY] Starting dashboard deploy...
WARNING: could not find injection point in HTML
HTML written OK
2026-05-30 18:03:34 [DEPLOY] Static HTML built
[main 568ba19] Deploy: 2026-05-30 18:03 UTC
 1 file changed, 1 insertion(+), 1 deletion(-)
To https://github.com/jwfalc-coder/smarkets-dashboard.git
   b3df707..568ba19  main -> main
2026-05-30 18:03:34 [DEPLOY] Deploy complete: Deploy: 2026-05-30 18:03 UTC
