Sent
2026-06-09 10:30:12,315 [INFO] ============================================================
2026-06-09 10:30:12,315 [INFO] SCANNER RUN STARTED - BETFAIR
2026-06-09 10:30:12,315 [INFO] ============================================================
2026-06-09 10:30:12,718 [INFO] Cached Betfair session too old, re-logging in
2026-06-09 10:30:12,718 [INFO] Betfair login attempt 1/3
2026-06-09 10:30:12,864 [INFO] Betfair login successful
2026-06-09 10:30:13,001 [INFO] Catalogue: 100 markets for sport ID 1
2026-06-09 10:30:13,117 [INFO] Catalogue: 100 markets for sport ID 2
2026-06-09 10:30:13,232 [INFO] Catalogue: 100 markets for sport ID 7
2026-06-09 10:30:13,344 [INFO] Catalogue: 86 markets for sport ID 4
2026-06-09 10:30:13,432 [INFO] Catalogue: 1 markets for sport ID 2378961
2026-06-09 10:30:13,524 [INFO] Catalogue: 6 markets for sport ID 3
2026-06-09 10:30:13,705 [INFO] Catalogue: 74 markets for sport ID 7522
2026-06-09 10:30:13,773 [INFO] Catalogue: 0 markets for sport ID 6423
2026-06-09 10:30:13,773 [INFO] Betfair: fetching prices for 467 markets...
2026-06-09 10:30:17,672 [INFO] Betfair: enriching 467 markets with price data...
2026-06-09 10:30:17,681 [INFO] Betfair: enriched 50/467 markets, 1 tradeable so far
2026-06-09 10:30:17,687 [INFO] Betfair: enriched 100/467 markets, 6 tradeable so far
2026-06-09 10:30:17,690 [INFO] Betfair: enriched 150/467 markets, 8 tradeable so far
2026-06-09 10:30:17,694 [INFO] Betfair: enriched 200/467 markets, 10 tradeable so far
2026-06-09 10:30:17,702 [INFO] Betfair: enriched 250/467 markets, 17 tradeable so far
2026-06-09 10:30:17,714 [INFO] Betfair: enriched 300/467 markets, 39 tradeable so far
2026-06-09 10:30:17,717 [INFO] Betfair: enriched 350/467 markets, 51 tradeable so far
2026-06-09 10:30:17,761 [INFO] Betfair: enriched 400/467 markets, 63 tradeable so far
2026-06-09 10:30:17,832 [INFO] Betfair: enriched 450/467 markets, 77 tradeable so far
2026-06-09 10:30:17,847 [INFO] Betfair: enriched 467/467 markets, 82 tradeable so far
2026-06-09 10:30:17,848 [INFO] Betfair: 467 total markets, 82 above 100 GBP volume
2026-06-09 10:30:17,968 [INFO] Outrights: 22 markets for sport 1
2026-06-09 10:30:18,046 [INFO] Outrights: 10 markets for sport 3
2026-06-09 10:30:18,116 [INFO] Outrights: 1 markets for sport 2378961
2026-06-09 10:30:18,508 [INFO] Outrights: 31 markets above 25 GBP
2026-06-09 10:30:18,513 [INFO] Betfair: added 28 outright markets for cross-ref
2026-06-09 10:30:18,514 [INFO] betfair: 495 total, 110 above 100 GBP threshold
2026-06-09 10:30:18,792 [INFO] Snapshot written: /home/jwfalc/smarkets-bot/data/snapshots/betfair/2026-06-09_09-30.json
2026-06-09 10:30:18,942 [INFO] Market log updated (betfair)
2026-06-09 10:30:41,878 [INFO] Scanner complete for betfair. Snapshot: 2026-06-09_09-30.json
2026-06-09 10:30:42,183 [INFO] ============================================================
2026-06-09 10:30:42,183 [INFO] SCANNER RUN STARTED - MATCHBOOK
2026-06-09 10:30:42,184 [INFO] ============================================================
2026-06-09 10:30:42,522 [INFO] Matchbook login attempt 1/3
2026-06-09 10:30:42,690 [INFO] Matchbook login successful
2026-06-09 10:30:42,691 [INFO] Matchbook: fetching events with prices for 15 sports...
2026-06-09 10:30:42,769 [INFO] Matchbook: fetched page offset=0, 20 events (total so far: 20)
2026-06-09 10:30:43,027 [INFO] Matchbook: fetched page offset=20, 20 events (total so far: 40)
2026-06-09 10:30:43,318 [INFO] Matchbook: fetched page offset=40, 20 events (total so far: 60)
2026-06-09 10:30:43,569 [INFO] Matchbook: fetched page offset=60, 20 events (total so far: 80)
2026-06-09 10:30:43,839 [INFO] Matchbook: fetched page offset=80, 20 events (total so far: 100)
2026-06-09 10:30:44,132 [INFO] Matchbook: fetched page offset=100, 20 events (total so far: 120)
2026-06-09 10:30:44,442 [INFO] Matchbook: fetched page offset=120, 20 events (total so far: 140)
2026-06-09 10:30:44,770 [INFO] Matchbook: fetched page offset=140, 20 events (total so far: 160)
2026-06-09 10:30:45,078 [INFO] Matchbook: fetched page offset=160, 20 events (total so far: 180)
2026-06-09 10:30:45,350 [INFO] Matchbook: fetched page offset=180, 20 events (total so far: 200)
2026-06-09 10:30:45,611 [INFO] Matchbook: fetched page offset=200, 20 events (total so far: 220)
2026-06-09 10:30:45,926 [INFO] Matchbook: fetched page offset=220, 20 events (total so far: 240)
2026-06-09 10:30:46,225 [INFO] Matchbook: fetched page offset=240, 20 events (total so far: 260)
2026-06-09 10:30:46,477 [INFO] Matchbook: fetched page offset=260, 17 events (total so far: 277)
2026-06-09 10:30:46,478 [INFO] Matchbook: processing 277 events
2026-06-09 10:30:46,482 [INFO] Matchbook: processed 20/277 events, 171 markets so far
2026-06-09 10:30:46,485 [INFO] Matchbook: processed 40/277 events, 293 markets so far
2026-06-09 10:30:46,493 [INFO] Matchbook: processed 60/277 events, 495 markets so far
2026-06-09 10:30:46,498 [INFO] Matchbook: processed 80/277 events, 673 markets so far
2026-06-09 10:30:46,503 [INFO] Matchbook: processed 100/277 events, 867 markets so far
2026-06-09 10:30:46,515 [INFO] Matchbook: processed 120/277 events, 1167 markets so far
2026-06-09 10:30:46,572 [INFO] Matchbook: processed 140/277 events, 1698 markets so far
2026-06-09 10:30:46,591 [INFO] Matchbook: processed 160/277 events, 2206 markets so far
2026-06-09 10:30:46,607 [INFO] Matchbook: processed 180/277 events, 2645 markets so far
2026-06-09 10:30:46,617 [INFO] Matchbook: processed 200/277 events, 2932 markets so far
2026-06-09 10:30:46,623 [INFO] Matchbook: processed 220/277 events, 3001 markets so far
2026-06-09 10:30:46,639 [INFO] Matchbook: processed 240/277 events, 3345 markets so far
2026-06-09 10:30:46,653 [INFO] Matchbook: processed 260/277 events, 3656 markets so far
2026-06-09 10:30:46,657 [INFO] Matchbook: processed 277/277 events, 3682 markets so far
2026-06-09 10:30:46,658 [INFO] Matchbook: 3683 total markets, 397 above 25 GBP volume
2026-06-09 10:30:46,695 [INFO] matchbook: 3683 total, 397 above 25 GBP threshold
2026-06-09 10:30:46,849 [INFO] Snapshot written: /home/jwfalc/smarkets-bot/data/snapshots/matchbook/2026-06-09_09-30.json
2026-06-09 10:30:46,932 [INFO] Market log updated (matchbook)
2026-06-09 10:31:10,043 [INFO] Scanner complete for matchbook. Snapshot: 2026-06-09_09-30.json
2026-06-09 10:31:10,697 [RESEARCHER] Prior index loaded: 12 known runners
2026-06-09 10:31:10,756 [RESEARCHER] betfair: 110 tradeable markets from 2026-06-09_09-30.json
2026-06-09 10:31:10,757 [RESEARCHER] Market selection: 2 politics + 7 outrights + 8 other sports = 17 total (platforms: ['betfair'])
2026-06-09 10:31:10,757 [RESEARCHER] [1/17] Makerfield - Restore Britain Vote Percentage
2026-06-09 10:31:15,914 [RESEARCHER] [2/17] Maine Democratic Senate Primary Winner
2026-06-09 10:31:21,008 [RESEARCHER] [3/17] Winner
2026-06-09 10:31:28,524 [RESEARCHER]   Prior history injected for Portugal
2026-06-09 10:31:28,525 [RESEARCHER] [4/17] Winner
2026-06-09 10:31:36,683 [RESEARCHER]   Prior history injected for Scottie Scheffler
2026-06-09 10:31:36,684 [RESEARCHER]   Prior history injected for Xander Schauffele
2026-06-09 10:31:36,684 [RESEARCHER]   Prior history injected for Tommy Fleetwood
2026-06-09 10:31:36,685 [RESEARCHER] [5/17] Winner
2026-06-09 10:31:45,024 [RESEARCHER]   Prior history injected for Tommy Fleetwood
2026-06-09 10:31:45,025 [RESEARCHER] [6/17] Winner
2026-06-09 10:31:49,482 [RESEARCHER]   Prior history injected for Scottie Scheffler
2026-06-09 10:31:49,482 [RESEARCHER]   Prior history injected for Tommy Fleetwood
2026-06-09 10:31:49,483 [RESEARCHER]   Prior history injected for Xander Schauffele
2026-06-09 10:31:49,483 [RESEARCHER] [7/17] Winner
2026-06-09 10:31:54,377 [RESEARCHER]   Prior history injected for Scottie Scheffler
2026-06-09 10:31:54,378 [RESEARCHER]   Prior history injected for Xander Schauffele
2026-06-09 10:31:54,378 [RESEARCHER] [8/17] Top 5 Finish
2026-06-09 10:31:56,171 [RESEARCHER]   Prior history injected for Tommy Fleetwood
2026-06-09 10:31:56,172 [RESEARCHER] [9/17] Top 10 Finish
2026-06-09 10:31:58,061 [RESEARCHER]   Prior history injected for Tommy Fleetwood
2026-06-09 10:31:58,061 [RESEARCHER] [10/17] NBA Championship Winner
2026-06-09 10:32:04,458 [RESEARCHER]   Prior history injected for New York Knicks
2026-06-09 10:32:04,459 [RESEARCHER] [11/17] Winner 2026/27
2026-06-09 10:32:11,675 [RESEARCHER] [12/17] Name the Finalists
2026-06-09 10:32:18,607 [RESEARCHER] [13/17] Winner 2026/27
2026-06-09 10:32:25,419 [RESEARCHER] [14/17] 6f Nov Stks
2026-06-09 10:32:30,394 [RESEARCHER] [15/17] Moneyline
2026-06-09 10:32:37,563 [RESEARCHER]   Prior history injected for New York Knicks
2026-06-09 10:32:37,563 [RESEARCHER] [16/17] 3m Hcap Chs
2026-06-09 10:32:42,549 [RESEARCHER] [17/17] Winner 2026
2026-06-09 10:32:50,184 [RESEARCHER] Research brief written: 2026-06-09_09-32_brief.json
2026-06-09 10:32:50,184 [RESEARCHER] Markets: 17 | Errors: 0 | Credits used: 70
BRIEF_PATH:/home/jwfalc/smarkets-bot/data/research/2026-06-09_09-32_brief.json
2026-06-09 10:32:50,504 [ANALYZER] Loading research brief: 2026-06-09_09-32_brief.json
2026-06-09 10:32:50,736 [ANALYZER] Betfair cross-ref index: 3927 runners
2026-06-09 10:32:50,743 [ANALYZER] Analyzed 17 markets
2026-06-09 10:32:50,743 [ANALYZER] Found 4 signals (10pp+)
2026-06-09 10:32:50,744 [ANALYZER] Logged 16 distribution entries (7pp+)
2026-06-09 10:32:50,761 [ANALYZER] Research output written: 2026-06-09_09-32_research.json
2026-06-09 10:32:50,764 [ANALYZER] Appended 96 edge traces to edge_traces.json
RESEARCH_PATH:/home/jwfalc/smarkets-bot/data/research/2026-06-09_09-32_research.json
2026-06-09 10:32:51,323 [RESOLVE] Found 5 open trade(s) to check (paper_mode=True)
2026-06-09 10:32:51,392 [RESOLVE] Using cached Betfair session token
2026-06-09 10:32:51,392 [RESOLVE] Betfair: checking 5 open-trade markets
2026-06-09 10:33:02,635 [RESOLVE] Snapshot name lookup: found mappings for 5 markets
2026-06-09 10:33:02,733 [RESOLVE] Settled markets found: 0
2026-06-09 10:33:02,733 [RESOLVE] No open-trade markets have settled yet.
2026-06-09 10:33:03,364 [INFO] ============================================================
2026-06-09 10:33:03,365 [INFO] DIGEST RUN STARTED
2026-06-09 10:33:03,365 [INFO] ============================================================
2026-06-09 10:33:06,891 [INFO] Slip dedup: skipping Scottie Scheffler (BACK) — already open
2026-06-09 10:33:06,891 [INFO] Slip dedup: skipping Scottie Scheffler (BACK) — already open
2026-06-09 10:33:06,897 [INFO] Sending batch slip: 2 signals
2026-06-09 10:33:07,105 [INFO] Telegram notification sent
2026-06-09 10:33:07,106 [INFO] Sent 4 Telegram signal alerts
2026-06-09 10:33:07,128 [INFO] Dashboard data written: /home/jwfalc/smarkets-bot/dashboard/dashboard_data.json
2026-06-09 10:33:07,190 [INFO] Period logs updated: 2026-06-09, 2026-W24, 2026-06, 2026-Q2
2026-06-09 10:33:07,190 [INFO] Run log: [2026-06-09 09:33 UTC] status=signal | platforms=betfair,matchbook | markets=507 | signals=4 | alerts=4 | movements=10 | consec_losses=0
2026-06-09 10:33:07,191 [INFO] Digest complete
Kelly balance: £88.08 | Reserved: £19.53 | Available: £68.55
Skipping (already open): Winner BACK
Skipping (already open): Winner BACK
Logged paper trade: Top 10 Finish - LAY @ 36.23% (edge: 12.38pp) [betfair] | available now £57.00
Logged paper trade: Winner 2026 - BACK @ 16.67% (edge: 12.17pp) [betfair] | available now £54.89

2 new paper trade(s) logged
Distribution log updated: 6 new entries added
Total entries: 1025
  near_certainty: 9 total, 7 resolved
  high_prob: 28 total, 16 resolved
  7-9pp: 305 total, 109 resolved
  10-11pp: 156 total, 61 resolved
  12pp+: 527 total, 405 resolved

REVIEW DUE: 7-9pp band has 109 resolved entries (threshold: 12)
  Run: python distribution_logger.py report
  Then run: prompts/prompt_review_v1.md

REVIEW DUE: 7-9pp band has 109 resolved entries (threshold: 12)
  Run: python distribution_logger.py report
  Then run: prompts/prompt_review_v1.md
EXIT_CODE:0
Sent
2026-06-09 10:33:10,286 [STATIC-DASH] Building dashboard data…
2026-06-09 10:33:11,427 [STATIC-DASH] Data collected: 20 trades, 42 signals, 507 markets
2026-06-09 10:33:11,642 [STATIC-DASH] Written: /home/jwfalc/smarkets-dashboard/index.html (2785KB)
2026-06-09 10:33:11 [DEPLOY] Starting dashboard deploy...
WARNING: could not find injection point in HTML
HTML written OK
2026-06-09 10:33:11 [DEPLOY] Static HTML built
[main 328631d] Deploy: 2026-06-09 10:33 UTC
 1 file changed, 1 insertion(+), 1 deletion(-)
To https://github.com/jwfalc-coder/smarkets-dashboard.git
   eede620..328631d  main -> main
2026-06-09 10:33:11 [DEPLOY] Deploy complete: Deploy: 2026-06-09 10:33 UTC
[main 5cfb238] log: routine_2026-06-09_1030
 1 file changed, 176 insertions(+)
 create mode 100644 data/routine_logs/routine_2026-06-09_1030.log
From https://github.com/jwfalc-coder/betting-auditor
 * branch            main       -> FETCH_HEAD
   e78bdcb..84b63a4  main       -> origin/main
Rebasing (1/1)Successfully rebased and updated refs/heads/main.
To https://github.com/jwfalc-coder/betting-auditor.git
   84b63a4..3eee61f  main -> main
