Sent
2026-05-23 18:00:02,232 [INFO] ============================================================
2026-05-23 18:00:02,232 [INFO] SCANNER RUN STARTED - BETFAIR
2026-05-23 18:00:02,232 [INFO] ============================================================
2026-05-23 18:00:02,629 [INFO] Cached Betfair session too old, re-logging in
2026-05-23 18:00:02,660 [INFO] Betfair login attempt 1/3
2026-05-23 18:00:02,810 [INFO] Betfair login successful
2026-05-23 18:00:02,966 [INFO] Catalogue: 100 markets for sport ID 1
2026-05-23 18:00:03,099 [INFO] Catalogue: 100 markets for sport ID 2
2026-05-23 18:00:03,201 [INFO] Catalogue: 100 markets for sport ID 7
2026-05-23 18:00:03,319 [INFO] Catalogue: 100 markets for sport ID 4
2026-05-23 18:00:03,403 [INFO] Catalogue: 0 markets for sport ID 2378961
2026-05-23 18:00:03,502 [INFO] Catalogue: 19 markets for sport ID 3
2026-05-23 18:00:03,736 [INFO] Catalogue: 100 markets for sport ID 7522
2026-05-23 18:00:03,846 [INFO] Catalogue: 9 markets for sport ID 6423
2026-05-23 18:00:03,847 [INFO] Betfair: fetching prices for 528 markets...
2026-05-23 18:00:08,504 [INFO] Betfair: enriching 528 markets with price data...
2026-05-23 18:00:08,508 [INFO] Betfair: enriched 50/528 markets, 15 tradeable so far
2026-05-23 18:00:08,513 [INFO] Betfair: enriched 100/528 markets, 32 tradeable so far
2026-05-23 18:00:08,516 [INFO] Betfair: enriched 150/528 markets, 32 tradeable so far
2026-05-23 18:00:08,518 [INFO] Betfair: enriched 200/528 markets, 33 tradeable so far
2026-05-23 18:00:08,525 [INFO] Betfair: enriched 250/528 markets, 58 tradeable so far
2026-05-23 18:00:08,532 [INFO] Betfair: enriched 300/528 markets, 75 tradeable so far
2026-05-23 18:00:08,535 [INFO] Betfair: enriched 350/528 markets, 83 tradeable so far
2026-05-23 18:00:08,537 [INFO] Betfair: enriched 400/528 markets, 85 tradeable so far
2026-05-23 18:00:08,586 [INFO] Betfair: enriched 450/528 markets, 106 tradeable so far
2026-05-23 18:00:08,638 [INFO] Betfair: enriched 500/528 markets, 114 tradeable so far
2026-05-23 18:00:08,670 [INFO] Betfair: enriched 528/528 markets, 115 tradeable so far
2026-05-23 18:00:08,673 [INFO] Betfair: 528 total markets, 115 above 100 GBP volume
2026-05-23 18:00:08,797 [INFO] Outrights: 31 markets for sport 1
2026-05-23 18:00:08,892 [INFO] Outrights: 12 markets for sport 3
2026-05-23 18:00:08,975 [INFO] Outrights: 0 markets for sport 2378961
2026-05-23 18:00:09,419 [INFO] Outrights: 39 markets above 25 GBP
2026-05-23 18:00:09,424 [INFO] Betfair: added 36 outright markets for cross-ref
2026-05-23 18:00:09,424 [INFO] betfair: 564 total, 151 above 100 GBP threshold
2026-05-23 18:00:09,746 [INFO] Snapshot written: /home/jwfalc/smarkets-bot/data/snapshots/betfair/2026-05-23_17-00.json
2026-05-23 18:00:09,923 [INFO] Market log updated (betfair)
2026-05-23 18:00:40,247 [INFO] Scanner complete for betfair. Snapshot: 2026-05-23_17-00.json
2026-05-23 18:00:40,562 [INFO] ============================================================
2026-05-23 18:00:40,562 [INFO] SCANNER RUN STARTED - MATCHBOOK
2026-05-23 18:00:40,562 [INFO] ============================================================
2026-05-23 18:00:40,902 [INFO] Matchbook login attempt 1/3
2026-05-23 18:00:41,063 [INFO] Matchbook login successful
2026-05-23 18:00:41,064 [INFO] Matchbook: fetching events with prices for 15 sports...
2026-05-23 18:00:41,201 [INFO] Matchbook: fetched page offset=0, 20 events (total so far: 20)
2026-05-23 18:00:41,565 [INFO] Matchbook: fetched page offset=20, 20 events (total so far: 40)
2026-05-23 18:00:41,893 [INFO] Matchbook: fetched page offset=40, 20 events (total so far: 60)
2026-05-23 18:00:42,316 [INFO] Matchbook: fetched page offset=60, 20 events (total so far: 80)
2026-05-23 18:00:42,654 [INFO] Matchbook: fetched page offset=80, 20 events (total so far: 100)
2026-05-23 18:00:43,007 [INFO] Matchbook: fetched page offset=100, 20 events (total so far: 120)
2026-05-23 18:00:43,319 [INFO] Matchbook: fetched page offset=120, 20 events (total so far: 140)
2026-05-23 18:00:43,678 [INFO] Matchbook: fetched page offset=140, 20 events (total so far: 160)
2026-05-23 18:00:43,964 [INFO] Matchbook: fetched page offset=160, 20 events (total so far: 180)
2026-05-23 18:00:44,307 [INFO] Matchbook: fetched page offset=180, 20 events (total so far: 200)
2026-05-23 18:00:44,601 [INFO] Matchbook: fetched page offset=200, 20 events (total so far: 220)
2026-05-23 18:00:44,942 [INFO] Matchbook: fetched page offset=220, 20 events (total so far: 240)
2026-05-23 18:00:45,277 [INFO] Matchbook: fetched page offset=240, 20 events (total so far: 260)
2026-05-23 18:00:45,635 [INFO] Matchbook: fetched page offset=260, 20 events (total so far: 280)
2026-05-23 18:00:45,925 [INFO] Matchbook: fetched page offset=280, 20 events (total so far: 300)
2026-05-23 18:00:46,240 [INFO] Matchbook: fetched page offset=300, 20 events (total so far: 320)
2026-05-23 18:00:46,506 [INFO] Matchbook: fetched page offset=320, 20 events (total so far: 340)
2026-05-23 18:00:46,765 [INFO] Matchbook: fetched page offset=340, 20 events (total so far: 360)
2026-05-23 18:00:47,034 [INFO] Matchbook: fetched page offset=360, 20 events (total so far: 380)
2026-05-23 18:00:47,309 [INFO] Matchbook: fetched page offset=380, 20 events (total so far: 400)
2026-05-23 18:00:47,549 [INFO] Matchbook: fetched page offset=400, 20 events (total so far: 420)
2026-05-23 18:00:47,776 [INFO] Matchbook: fetched page offset=420, 8 events (total so far: 428)
2026-05-23 18:00:47,777 [INFO] Matchbook: processing 428 events
2026-05-23 18:00:47,790 [INFO] Matchbook: processed 20/428 events, 298 markets so far
2026-05-23 18:00:47,812 [INFO] Matchbook: processed 40/428 events, 886 markets so far
2026-05-23 18:00:47,834 [INFO] Matchbook: processed 60/428 events, 1525 markets so far
2026-05-23 18:00:47,861 [INFO] Matchbook: processed 80/428 events, 2239 markets so far
2026-05-23 18:00:47,884 [INFO] Matchbook: processed 100/428 events, 2895 markets so far
2026-05-23 18:00:47,923 [INFO] Matchbook: processed 120/428 events, 3524 markets so far
2026-05-23 18:00:47,944 [INFO] Matchbook: processed 140/428 events, 4165 markets so far
2026-05-23 18:00:47,965 [INFO] Matchbook: processed 160/428 events, 4761 markets so far
2026-05-23 18:00:47,977 [INFO] Matchbook: processed 180/428 events, 5215 markets so far
2026-05-23 18:00:47,994 [INFO] Matchbook: processed 200/428 events, 5668 markets so far
2026-05-23 18:00:48,011 [INFO] Matchbook: processed 220/428 events, 6167 markets so far
2026-05-23 18:00:48,033 [INFO] Matchbook: processed 240/428 events, 6737 markets so far
2026-05-23 18:00:48,057 [INFO] Matchbook: processed 260/428 events, 7359 markets so far
2026-05-23 18:00:48,093 [INFO] Matchbook: processed 280/428 events, 8127 markets so far
2026-05-23 18:00:48,108 [INFO] Matchbook: processed 300/428 events, 8558 markets so far
2026-05-23 18:00:48,116 [INFO] Matchbook: processed 320/428 events, 8910 markets so far
2026-05-23 18:00:48,127 [INFO] Matchbook: processed 340/428 events, 9322 markets so far
2026-05-23 18:00:48,137 [INFO] Matchbook: processed 360/428 events, 9702 markets so far
2026-05-23 18:00:48,148 [INFO] Matchbook: processed 380/428 events, 10138 markets so far
2026-05-23 18:00:48,157 [INFO] Matchbook: processed 400/428 events, 10378 markets so far
2026-05-23 18:00:48,159 [INFO] Matchbook: processed 420/428 events, 10398 markets so far
2026-05-23 18:00:48,160 [INFO] Matchbook: processed 428/428 events, 10406 markets so far
2026-05-23 18:00:48,160 [INFO] Matchbook: 10407 total markets, 995 above 25 GBP volume
2026-05-23 18:00:48,248 [INFO] matchbook: 10407 total, 995 above 25 GBP threshold
2026-05-23 18:00:48,571 [INFO] Snapshot written: /home/jwfalc/smarkets-bot/data/snapshots/matchbook/2026-05-23_17-00.json
2026-05-23 18:00:48,788 [INFO] Market log updated (matchbook)
2026-05-23 18:01:22,902 [INFO] Scanner complete for matchbook. Snapshot: 2026-05-23_17-00.json
2026-05-23 18:01:23,645 [RESEARCHER] matchbook: 995 tradeable markets from 2026-05-23_17-00.json
2026-05-23 18:01:23,708 [RESEARCHER] betfair: 151 tradeable markets from 2026-05-23_17-00.json
2026-05-23 18:01:23,710 [RESEARCHER] Market selection: 0 politics/current-affairs + 15 sports = 15 total (platforms: ['matchbook', 'betfair'])
2026-05-23 18:01:23,710 [RESEARCHER] [1/15] Winner
2026-05-23 18:01:29,912 [RESEARCHER] [2/15] Winner
2026-05-23 18:01:34,523 [RESEARCHER] [3/15] Relegation
2026-05-23 18:01:41,889 [RESEARCHER] [4/15] Winner
2026-05-23 18:01:50,096 [RESEARCHER] [5/15] Winner
2026-05-23 18:01:51,858 [RESEARCHER] [6/15] Winner 2025/26
2026-05-23 18:01:59,994 [RESEARCHER] [7/15] Winner
2026-05-23 18:02:07,654 [RESEARCHER] [8/15] Moneyline
2026-05-23 18:02:15,045 [RESEARCHER] [9/15] Top 4 Finish
2026-05-23 18:02:22,735 [RESEARCHER] [10/15] Top 10 Finish
2026-05-23 18:02:27,628 [RESEARCHER] [11/15] To Be Relegated
2026-05-23 18:02:30,534 [RESEARCHER] [12/15] Winner
2026-05-23 18:02:38,342 [RESEARCHER] [13/15] Winner
2026-05-23 18:02:45,798 [RESEARCHER] [14/15] Top 6 Finish
2026-05-23 18:02:49,006 [RESEARCHER] [15/15] Match Odds
2026-05-23 18:02:55,817 [RESEARCHER] Research brief written: 2026-05-23_17-02_brief.json
2026-05-23 18:02:55,818 [RESEARCHER] Markets: 15 | Errors: 0 | Credits used: 60
BRIEF_PATH:/home/jwfalc/smarkets-bot/data/research/2026-05-23_17-02_brief.json
2026-05-23 18:02:56,126 [ANALYZER] Loading research brief: 2026-05-23_17-02_brief.json
2026-05-23 18:02:56,413 [ANALYZER] Betfair cross-ref index: 3627 runners
2026-05-23 18:02:56,417 [ANALYZER] Analyzed 15 markets
2026-05-23 18:02:56,417 [ANALYZER] Found 1 signals (10pp+)
2026-05-23 18:02:56,417 [ANALYZER] Logged 4 distribution entries (7pp+)
2026-05-23 18:02:56,430 [ANALYZER] Research output written: 2026-05-23_17-02_research.json
2026-05-23 18:02:56,433 [ANALYZER] Appended 76 edge traces to edge_traces.json
RESEARCH_PATH:/home/jwfalc/smarkets-bot/data/research/2026-05-23_17-02_research.json
2026-05-23 18:02:56,994 [RESOLVE] Found 19 open trade(s) to check (paper_mode=True)
2026-05-23 18:02:57,063 [RESOLVE] Using cached Betfair session token
2026-05-23 18:02:57,063 [RESOLVE] Betfair: checking 2 open-trade markets
2026-05-23 18:03:04,239 [RESOLVE] Snapshot name lookup: found mappings for 2 markets
2026-05-23 18:03:04,339 [RESOLVE] Web fallback: 1 stale match market(s) to look up
2026-05-23 18:03:31,235 [RESOLVE] Stale market unresolved — manual check needed: 'SC Freiburg vs Aston Villa' (market=33223408744800023, logged 2026-05-20). Tip: add [football_data] api_key to config.toml for CL coverage.
2026-05-23 18:03:31,235 [RESOLVE] Settled markets found: 0
2026-05-23 18:03:31,235 [RESOLVE] Standings: unknown competition for 'Men's French Open 2026 - Winner' — skip
2026-05-23 18:03:31,236 [RESOLVE] No open-trade markets have settled yet.
2026-05-23 18:03:31,880 [INFO] ============================================================
2026-05-23 18:03:31,880 [INFO] DIGEST RUN STARTED
2026-05-23 18:03:31,880 [INFO] ============================================================
2026-05-23 18:03:37,246 [INFO] Dashboard data written: /home/jwfalc/smarkets-bot/dashboard/dashboard_data.json
2026-05-23 18:03:37,312 [INFO] Period logs updated: 2026-05-23, 2026-W21, 2026-05, 2026-Q2
2026-05-23 18:03:37,312 [INFO] Run log: [2026-05-23 17:03 UTC] status=signal | platforms=betfair,matchbook | markets=1146 | signals=1 | alerts=0 | movements=10 | consec_losses=1
2026-05-23 18:03:37,312 [INFO] Digest complete
Balance: £271.25 | Reserved: £108.13 | Available: £163.12
Logged paper trade: Moneyline - LAY @ 74.07% (edge: 25.8pp) [betfair] | available now £161.37

1 new paper trade(s) logged
Distribution log updated: 3 new entries added
Total entries: 602
  near_certainty: 4 total, 4 resolved
  high_prob: 14 total, 5 resolved
  7-9pp: 160 total, 33 resolved
  10-11pp: 50 total, 21 resolved
  12pp+: 374 total, 193 resolved

REVIEW DUE: 7-9pp band has 33 resolved entries (threshold: 12)
  Run: python distribution_logger.py report
  Then run: prompts/prompt_review_v1.md

REVIEW DUE: 7-9pp band has 33 resolved entries (threshold: 12)
  Run: python distribution_logger.py report
  Then run: prompts/prompt_review_v1.md
EXIT_CODE:0
Sent
2026-05-23 18:03:40,247 [STATIC-DASH] Building dashboard data…
2026-05-23 18:03:41,317 [STATIC-DASH] Data collected: 116 trades, 13 signals, 1146 markets
2026-05-23 18:03:41,622 [STATIC-DASH] Written: /home/jwfalc/smarkets-dashboard/index.html (3479KB)
2026-05-23 18:03:41 [DEPLOY] Starting dashboard deploy...
WARNING: could not find injection point in HTML
HTML written OK
2026-05-23 18:03:41 [DEPLOY] Static HTML built
[main 144f9f8] Deploy: 2026-05-23 18:03 UTC
 1 file changed, 1 insertion(+), 1 deletion(-)
To https://github.com/jwfalc-coder/smarkets-dashboard.git
   aec14ae..144f9f8  main -> main
2026-05-23 18:03:41 [DEPLOY] Deploy complete: Deploy: 2026-05-23 18:03 UTC
[main d9262a4] log: routine_2026-05-23_1800
 1 file changed, 172 insertions(+)
 create mode 100644 data/routine_logs/routine_2026-05-23_1800.log
From https://github.com/jwfalc-coder/betting-auditor
 * branch            main       -> FETCH_HEAD
Current branch main is up to date.
To https://github.com/jwfalc-coder/betting-auditor.git
   7d81c29..d9262a4  main -> main
