Sent
2026-05-20 06:00:02,909 [INFO] ============================================================
2026-05-20 06:00:02,909 [INFO] SCANNER RUN STARTED - BETFAIR
2026-05-20 06:00:02,910 [INFO] ============================================================
2026-05-20 06:00:03,487 [INFO] Cached Betfair session too old, re-logging in
2026-05-20 06:00:03,489 [INFO] Betfair login attempt 1/3
2026-05-20 06:00:03,645 [INFO] Betfair login successful
2026-05-20 06:00:03,814 [INFO] Catalogue: 100 markets for sport ID 1
2026-05-20 06:00:03,948 [INFO] Catalogue: 100 markets for sport ID 2
2026-05-20 06:00:04,100 [INFO] Catalogue: 100 markets for sport ID 7
2026-05-20 06:00:04,233 [INFO] Catalogue: 95 markets for sport ID 4
2026-05-20 06:00:04,314 [INFO] Catalogue: 0 markets for sport ID 2378961
2026-05-20 06:00:04,455 [INFO] Catalogue: 73 markets for sport ID 3
2026-05-20 06:00:04,691 [INFO] Catalogue: 100 markets for sport ID 7522
2026-05-20 06:00:04,774 [INFO] Catalogue: 0 markets for sport ID 6423
2026-05-20 06:00:04,775 [INFO] Betfair: fetching prices for 568 markets...
2026-05-20 06:00:09,761 [INFO] Betfair: enriching 568 markets with price data...
2026-05-20 06:00:09,766 [INFO] Betfair: enriched 50/568 markets, 6 tradeable so far
2026-05-20 06:00:09,774 [INFO] Betfair: enriched 100/568 markets, 7 tradeable so far
2026-05-20 06:00:09,777 [INFO] Betfair: enriched 150/568 markets, 8 tradeable so far
2026-05-20 06:00:09,778 [INFO] Betfair: enriched 200/568 markets, 9 tradeable so far
2026-05-20 06:00:09,790 [INFO] Betfair: enriched 250/568 markets, 18 tradeable so far
2026-05-20 06:00:09,799 [INFO] Betfair: enriched 300/568 markets, 24 tradeable so far
2026-05-20 06:00:09,802 [INFO] Betfair: enriched 350/568 markets, 34 tradeable so far
2026-05-20 06:00:09,808 [INFO] Betfair: enriched 400/568 markets, 45 tradeable so far
2026-05-20 06:00:09,851 [INFO] Betfair: enriched 450/568 markets, 77 tradeable so far
2026-05-20 06:00:09,910 [INFO] Betfair: enriched 500/568 markets, 87 tradeable so far
2026-05-20 06:00:09,965 [INFO] Betfair: enriched 550/568 markets, 94 tradeable so far
2026-05-20 06:00:10,001 [INFO] Betfair: enriched 568/568 markets, 94 tradeable so far
2026-05-20 06:00:10,003 [INFO] Betfair: 568 total markets, 94 above 100 GBP volume
2026-05-20 06:00:10,175 [INFO] Outrights: 40 markets for sport 1
2026-05-20 06:00:10,264 [INFO] Outrights: 13 markets for sport 3
2026-05-20 06:00:10,345 [INFO] Outrights: 0 markets for sport 2378961
2026-05-20 06:00:10,929 [INFO] Outrights: 49 markets above 25 GBP
2026-05-20 06:00:10,939 [INFO] Betfair: added 42 outright markets for cross-ref
2026-05-20 06:00:10,941 [INFO] betfair: 610 total, 136 above 100 GBP threshold
2026-05-20 06:00:11,276 [INFO] Snapshot written: /home/jwfalc/smarkets-bot/data/snapshots/betfair/2026-05-20_05-00.json
2026-05-20 06:00:11,427 [INFO] Market log updated (betfair)
2026-05-20 06:00:46,104 [INFO] Scanner complete for betfair. Snapshot: 2026-05-20_05-00.json
2026-05-20 06:00:46,596 [INFO] ============================================================
2026-05-20 06:00:46,597 [INFO] SCANNER RUN STARTED - MATCHBOOK
2026-05-20 06:00:46,597 [INFO] ============================================================
2026-05-20 06:00:47,082 [INFO] Matchbook login attempt 1/3
2026-05-20 06:00:47,527 [INFO] Matchbook login successful
2026-05-20 06:00:47,528 [INFO] Matchbook: fetching events with prices for 15 sports...
2026-05-20 06:00:47,599 [INFO] Matchbook: fetched page offset=0, 20 events (total so far: 20)
2026-05-20 06:00:47,847 [INFO] Matchbook: fetched page offset=20, 20 events (total so far: 40)
2026-05-20 06:00:48,110 [INFO] Matchbook: fetched page offset=40, 20 events (total so far: 60)
2026-05-20 06:00:48,392 [INFO] Matchbook: fetched page offset=60, 20 events (total so far: 80)
2026-05-20 06:00:48,665 [INFO] Matchbook: fetched page offset=80, 20 events (total so far: 100)
2026-05-20 06:00:48,948 [INFO] Matchbook: fetched page offset=100, 20 events (total so far: 120)
2026-05-20 06:00:49,246 [INFO] Matchbook: fetched page offset=120, 20 events (total so far: 140)
2026-05-20 06:00:49,582 [INFO] Matchbook: fetched page offset=140, 20 events (total so far: 160)
2026-05-20 06:00:49,939 [INFO] Matchbook: fetched page offset=160, 20 events (total so far: 180)
2026-05-20 06:00:50,261 [INFO] Matchbook: fetched page offset=180, 20 events (total so far: 200)
2026-05-20 06:00:50,494 [INFO] Matchbook: fetched page offset=200, 20 events (total so far: 220)
2026-05-20 06:00:50,765 [INFO] Matchbook: fetched page offset=220, 20 events (total so far: 240)
2026-05-20 06:00:51,010 [INFO] Matchbook: fetched page offset=240, 20 events (total so far: 260)
2026-05-20 06:00:51,404 [INFO] Matchbook: fetched page offset=260, 20 events (total so far: 280)
2026-05-20 06:00:51,730 [INFO] Matchbook: fetched page offset=280, 20 events (total so far: 300)
2026-05-20 06:00:52,034 [INFO] Matchbook: fetched page offset=300, 20 events (total so far: 320)
2026-05-20 06:00:52,310 [INFO] Matchbook: fetched page offset=320, 20 events (total so far: 340)
2026-05-20 06:00:52,547 [INFO] Matchbook: fetched page offset=340, 20 events (total so far: 360)
2026-05-20 06:00:52,778 [INFO] Matchbook: fetched page offset=360, 13 events (total so far: 373)
2026-05-20 06:00:52,778 [INFO] Matchbook: processing 373 events
2026-05-20 06:00:52,780 [INFO] Matchbook: processed 20/373 events, 19 markets so far
2026-05-20 06:00:52,785 [INFO] Matchbook: processed 40/373 events, 139 markets so far
2026-05-20 06:00:52,791 [INFO] Matchbook: processed 60/373 events, 262 markets so far
2026-05-20 06:00:52,897 [INFO] Matchbook: processed 80/373 events, 564 markets so far
2026-05-20 06:00:52,904 [INFO] Matchbook: processed 100/373 events, 732 markets so far
2026-05-20 06:00:52,912 [INFO] Matchbook: processed 120/373 events, 937 markets so far
2026-05-20 06:00:52,927 [INFO] Matchbook: processed 140/373 events, 1250 markets so far
2026-05-20 06:00:52,952 [INFO] Matchbook: processed 160/373 events, 1863 markets so far
2026-05-20 06:00:52,979 [INFO] Matchbook: processed 180/373 events, 2471 markets so far
2026-05-20 06:00:52,997 [INFO] Matchbook: processed 200/373 events, 2747 markets so far
2026-05-20 06:00:52,998 [INFO] Matchbook: processed 220/373 events, 2767 markets so far
2026-05-20 06:00:53,006 [INFO] Matchbook: processed 240/373 events, 2800 markets so far
2026-05-20 06:00:53,008 [INFO] Matchbook: processed 260/373 events, 2820 markets so far
2026-05-20 06:00:53,039 [INFO] Matchbook: processed 280/373 events, 3532 markets so far
2026-05-20 06:00:53,066 [INFO] Matchbook: processed 300/373 events, 4204 markets so far
2026-05-20 06:00:53,086 [INFO] Matchbook: processed 320/373 events, 4677 markets so far
2026-05-20 06:00:53,099 [INFO] Matchbook: processed 340/373 events, 5029 markets so far
2026-05-20 06:00:53,102 [INFO] Matchbook: processed 360/373 events, 5049 markets so far
2026-05-20 06:00:53,105 [INFO] Matchbook: processed 373/373 events, 5062 markets so far
2026-05-20 06:00:53,106 [INFO] Matchbook: 5063 total markets, 340 above 25 GBP volume
2026-05-20 06:00:53,173 [INFO] matchbook: 5063 total, 340 above 25 GBP threshold
2026-05-20 06:00:53,356 [INFO] Snapshot written: /home/jwfalc/smarkets-bot/data/snapshots/matchbook/2026-05-20_05-00.json
2026-05-20 06:00:53,451 [INFO] Market log updated (matchbook)
2026-05-20 06:01:29,417 [INFO] Scanner complete for matchbook. Snapshot: 2026-05-20_05-00.json
2026-05-20 06:01:30,460 [RESEARCHER] matchbook: 212 tradeable markets from 2026-05-20_05-00.json
2026-05-20 06:01:30,523 [RESEARCHER] betfair: 133 tradeable markets from 2026-05-20_05-00.json
2026-05-20 06:01:30,526 [RESEARCHER] Market selection: 0 politics/current-affairs + 7 matchbook-sports + 8 betfair-sports = 15 total
2026-05-20 06:01:30,527 [RESEARCHER] [1/15] Winner
2026-05-20 06:01:37,978 [RESEARCHER] [2/15] To Be Relegated
2026-05-20 06:01:45,674 [RESEARCHER] [3/15] Winner
2026-05-20 06:01:52,357 [RESEARCHER] [4/15] Winner
2026-05-20 06:01:58,891 [RESEARCHER] [5/15] Winner
2026-05-20 06:02:05,146 [RESEARCHER] [6/15] Match Odds
2026-05-20 06:02:13,306 [RESEARCHER] [7/15] Top 4 Finish
2026-05-20 06:02:21,208 [RESEARCHER] [8/15] Relegation
2026-05-20 06:02:24,062 [RESEARCHER] [9/15] Winner
2026-05-20 06:02:25,673 [RESEARCHER] [10/15] Winner 2025/26
2026-05-20 06:02:32,298 [RESEARCHER] [11/15] Top 4 Finish
2026-05-20 06:02:38,923 [RESEARCHER] [12/15] Top 10 Finish
2026-05-20 06:02:41,858 [RESEARCHER] [13/15] Match Odds
2026-05-20 06:02:49,095 [RESEARCHER] [14/15] Promotion 2025/26
2026-05-20 06:02:56,725 [RESEARCHER] [15/15] Winner 2025/26
2026-05-20 06:03:03,862 [RESEARCHER] Research brief written: 2026-05-20_05-03_brief.json
2026-05-20 06:03:03,862 [RESEARCHER] Markets: 15 | Errors: 0 | Credits used: 60
BRIEF_PATH:/home/jwfalc/smarkets-bot/data/research/2026-05-20_05-03_brief.json
2026-05-20 06:03:04,303 [ANALYZER] Loading research brief: 2026-05-20_05-03_brief.json
2026-05-20 06:03:04,558 [ANALYZER] Betfair cross-ref index: 4814 runners
2026-05-20 06:03:04,562 [ANALYZER] Analyzed 15 markets
2026-05-20 06:03:04,562 [ANALYZER] Found 0 signals (10pp+)
2026-05-20 06:03:04,562 [ANALYZER] Logged 1 distribution entries (7pp+)
2026-05-20 06:03:04,578 [ANALYZER] Research output written: 2026-05-20_05-03_research.json
2026-05-20 06:03:04,581 [ANALYZER] Appended 74 edge traces to edge_traces.json
RESEARCH_PATH:/home/jwfalc/smarkets-bot/data/research/2026-05-20_05-03_research.json
2026-05-20 06:03:05,412 [RESOLVE] Found 13 open trade(s) to check (paper_mode=True)
2026-05-20 06:03:05,413 [RESOLVE] Settled markets found: 0
2026-05-20 06:03:05,413 [RESOLVE] Standings: unknown competition for 'Men's French Open 2026 - Winner' — skip
2026-05-20 06:03:05,413 [RESOLVE] No open-trade markets have settled yet.
2026-05-20 06:03:06,324 [INFO] ============================================================
2026-05-20 06:03:06,325 [INFO] DIGEST RUN STARTED
2026-05-20 06:03:06,329 [INFO] ============================================================
2026-05-20 06:03:12,693 [INFO] Dashboard data written: /home/jwfalc/smarkets-bot/dashboard/dashboard_data.json
2026-05-20 06:03:12,771 [INFO] Period logs updated: 2026-05-20, 2026-W21, 2026-05, 2026-Q2
2026-05-20 06:03:12,772 [INFO] Run log: [2026-05-20 05:03 UTC] status=ok | platforms=betfair,matchbook | markets=476 | signals=0 | alerts=0 | movements=10 | consec_losses=1
2026-05-20 06:03:12,772 [INFO] Digest complete
Balance: £271.25 | Reserved: £52.42 | Available: £218.83
No new paper trades to log
Distribution log updated: 0 new entries added
Total entries: 557
  near_certainty: 4 total, 4 resolved
  high_prob: 14 total, 5 resolved
  7-9pp: 147 total, 33 resolved
  10-11pp: 45 total, 21 resolved
  12pp+: 347 total, 193 resolved

REVIEW DUE: 7-9pp band has 33 resolved entries (threshold: 12)
  Run: python distribution_logger.py report
  Then run: prompts/prompt_review_v1.md

REVIEW DUE: 7-9pp band has 33 resolved entries (threshold: 12)
  Run: python distribution_logger.py report
  Then run: prompts/prompt_review_v1.md
EXIT_CODE:0
Sent
2026-05-20 06:03:17,141 [STATIC-DASH] Building dashboard data…
2026-05-20 06:03:18,343 [STATIC-DASH] Data collected: 109 trades, 9 signals, 476 markets
2026-05-20 06:03:18,543 [STATIC-DASH] Written: /home/jwfalc/smarkets-dashboard/index.html (2417KB)
2026-05-20 06:03:18 [DEPLOY] Starting dashboard deploy...
WARNING: could not find injection point in HTML
HTML written OK
2026-05-20 06:03:18 [DEPLOY] Static HTML built
[main 7a158bd] Deploy: 2026-05-20 06:03 UTC
 1 file changed, 1 insertion(+), 1 deletion(-)
To https://github.com/jwfalc-coder/smarkets-dashboard.git
   6158ec9..7a158bd  main -> main
2026-05-20 06:03:18 [DEPLOY] Deploy complete: Deploy: 2026-05-20 06:03 UTC
[main 83c0d83] log: routine_2026-05-20_0600
 1 file changed, 160 insertions(+)
 create mode 100644 data/routine_logs/routine_2026-05-20_0600.log
From https://github.com/jwfalc-coder/betting-auditor
 * branch            main       -> FETCH_HEAD
Current branch main is up to date.
To https://github.com/jwfalc-coder/betting-auditor.git
   7173811..83c0d83  main -> main
