Sent
2026-06-02 06:00:02,635 [INFO] ============================================================
2026-06-02 06:00:02,635 [INFO] SCANNER RUN STARTED - BETFAIR
2026-06-02 06:00:02,635 [INFO] ============================================================
2026-06-02 06:00:03,030 [INFO] Cached Betfair session too old, re-logging in
2026-06-02 06:00:03,031 [INFO] Betfair login attempt 1/3
2026-06-02 06:00:03,192 [INFO] Betfair login successful
2026-06-02 06:00:03,339 [INFO] Catalogue: 100 markets for sport ID 1
2026-06-02 06:00:03,454 [INFO] Catalogue: 100 markets for sport ID 2
2026-06-02 06:00:03,580 [INFO] Catalogue: 100 markets for sport ID 7
2026-06-02 06:00:03,696 [INFO] Catalogue: 100 markets for sport ID 4
2026-06-02 06:00:03,794 [INFO] Catalogue: 2 markets for sport ID 2378961
2026-06-02 06:00:03,886 [INFO] Catalogue: 11 markets for sport ID 3
2026-06-02 06:00:04,079 [INFO] Catalogue: 87 markets for sport ID 7522
2026-06-02 06:00:04,145 [INFO] Catalogue: 0 markets for sport ID 6423
2026-06-02 06:00:04,146 [INFO] Betfair: fetching prices for 500 markets...
2026-06-02 06:00:08,169 [INFO] Betfair: enriching 500 markets with price data...
2026-06-02 06:00:08,176 [INFO] Betfair: enriched 50/500 markets, 4 tradeable so far
2026-06-02 06:00:08,183 [INFO] Betfair: enriched 100/500 markets, 8 tradeable so far
2026-06-02 06:00:08,186 [INFO] Betfair: enriched 150/500 markets, 9 tradeable so far
2026-06-02 06:00:08,189 [INFO] Betfair: enriched 200/500 markets, 10 tradeable so far
2026-06-02 06:00:08,198 [INFO] Betfair: enriched 250/500 markets, 22 tradeable so far
2026-06-02 06:00:08,207 [INFO] Betfair: enriched 300/500 markets, 22 tradeable so far
2026-06-02 06:00:08,210 [INFO] Betfair: enriched 350/500 markets, 28 tradeable so far
2026-06-02 06:00:08,215 [INFO] Betfair: enriched 400/500 markets, 33 tradeable so far
2026-06-02 06:00:08,316 [INFO] Betfair: enriched 450/500 markets, 48 tradeable so far
2026-06-02 06:00:08,366 [INFO] Betfair: enriched 500/500 markets, 57 tradeable so far
2026-06-02 06:00:08,368 [INFO] Betfair: 500 total markets, 58 above 100 GBP volume
2026-06-02 06:00:08,474 [INFO] Outrights: 20 markets for sport 1
2026-06-02 06:00:08,569 [INFO] Outrights: 15 markets for sport 3
2026-06-02 06:00:08,636 [INFO] Outrights: 1 markets for sport 2378961
2026-06-02 06:00:09,001 [INFO] Outrights: 32 markets above 25 GBP
2026-06-02 06:00:09,006 [INFO] Betfair: added 26 outright markets for cross-ref
2026-06-02 06:00:09,007 [INFO] betfair: 526 total, 84 above 100 GBP threshold
2026-06-02 06:00:09,213 [INFO] Snapshot written: /home/jwfalc/smarkets-bot/data/snapshots/betfair/2026-06-02_05-00.json
2026-06-02 06:00:09,329 [INFO] Market log updated (betfair)
2026-06-02 06:00:33,775 [INFO] Scanner complete for betfair. Snapshot: 2026-06-02_05-00.json
2026-06-02 06:00:34,086 [INFO] ============================================================
2026-06-02 06:00:34,087 [INFO] SCANNER RUN STARTED - MATCHBOOK
2026-06-02 06:00:34,087 [INFO] ============================================================
2026-06-02 06:00:34,426 [INFO] Matchbook login attempt 1/3
2026-06-02 06:00:34,608 [INFO] Matchbook login successful
2026-06-02 06:00:34,609 [INFO] Matchbook: fetching events with prices for 15 sports...
2026-06-02 06:00:34,675 [INFO] Matchbook: fetched page offset=0, 20 events (total so far: 20)
2026-06-02 06:00:34,908 [INFO] Matchbook: fetched page offset=20, 20 events (total so far: 40)
2026-06-02 06:00:35,136 [INFO] Matchbook: fetched page offset=40, 20 events (total so far: 60)
2026-06-02 06:00:35,374 [INFO] Matchbook: fetched page offset=60, 20 events (total so far: 80)
2026-06-02 06:00:35,631 [INFO] Matchbook: fetched page offset=80, 20 events (total so far: 100)
2026-06-02 06:00:35,902 [INFO] Matchbook: fetched page offset=100, 20 events (total so far: 120)
2026-06-02 06:00:36,154 [INFO] Matchbook: fetched page offset=120, 20 events (total so far: 140)
2026-06-02 06:00:36,388 [INFO] Matchbook: fetched page offset=140, 20 events (total so far: 160)
2026-06-02 06:00:36,626 [INFO] Matchbook: fetched page offset=160, 19 events (total so far: 179)
2026-06-02 06:00:36,627 [INFO] Matchbook: processing 179 events
2026-06-02 06:00:36,628 [INFO] Matchbook: processed 20/179 events, 36 markets so far
2026-06-02 06:00:36,630 [INFO] Matchbook: processed 40/179 events, 75 markets so far
2026-06-02 06:00:36,631 [INFO] Matchbook: processed 60/179 events, 115 markets so far
2026-06-02 06:00:36,633 [INFO] Matchbook: processed 80/179 events, 167 markets so far
2026-06-02 06:00:36,639 [INFO] Matchbook: processed 100/179 events, 342 markets so far
2026-06-02 06:00:36,648 [INFO] Matchbook: processed 120/179 events, 596 markets so far
2026-06-02 06:00:36,653 [INFO] Matchbook: processed 140/179 events, 635 markets so far
2026-06-02 06:00:36,655 [INFO] Matchbook: processed 160/179 events, 655 markets so far
2026-06-02 06:00:36,657 [INFO] Matchbook: processed 179/179 events, 674 markets so far
2026-06-02 06:00:36,658 [INFO] Matchbook: 675 total markets, 137 above 25 GBP volume
2026-06-02 06:00:36,666 [INFO] matchbook: 675 total, 137 above 25 GBP threshold
2026-06-02 06:00:36,735 [INFO] Snapshot written: /home/jwfalc/smarkets-bot/data/snapshots/matchbook/2026-06-02_05-00.json
2026-06-02 06:00:36,772 [INFO] Market log updated (matchbook)
2026-06-02 06:01:01,513 [INFO] Scanner complete for matchbook. Snapshot: 2026-06-02_05-00.json
2026-06-02 06:01:02,147 [RESEARCHER] Prior index loaded: 105 known runners
2026-06-02 06:01:02,193 [RESEARCHER] betfair: 84 tradeable markets from 2026-06-02_05-00.json
2026-06-02 06:01:02,194 [RESEARCHER] Market selection: 3 politics + 7 outrights + 8 other sports = 18 total (platforms: ['betfair'])
2026-06-02 06:01:02,194 [RESEARCHER] [1/18] Makerfield - Restore Britain Vote Percentage
2026-06-02 06:01:07,404 [RESEARCHER] [2/18] Los Angeles Mayoral Election
2026-06-02 06:01:13,713 [RESEARCHER] [3/18] Next Mayor of Seoul
2026-06-02 06:01:18,985 [RESEARCHER] [4/18] Winner
2026-06-02 06:01:26,041 [RESEARCHER] [5/18] Winner
2026-06-02 06:01:34,193 [RESEARCHER]   Prior history injected for Scottie Scheffler
2026-06-02 06:01:34,194 [RESEARCHER]   Prior history injected for Rory McIlroy
2026-06-02 06:01:34,194 [RESEARCHER]   Prior history injected for Ludvig Aberg
2026-06-02 06:01:34,194 [RESEARCHER]   Prior history injected for Cameron Young
2026-06-02 06:01:34,195 [RESEARCHER]   Prior history injected for Xander Schauffele
2026-06-02 06:01:34,195 [RESEARCHER]   Prior history injected for Russell Henley
2026-06-02 06:01:34,195 [RESEARCHER] [6/18] Winner
2026-06-02 06:01:38,605 [RESEARCHER]   Prior history injected for Scottie Scheffler
2026-06-02 06:01:38,606 [RESEARCHER]   Prior history injected for Rory McIlroy
2026-06-02 06:01:38,606 [RESEARCHER]   Prior history injected for Jon Rahm
2026-06-02 06:01:38,607 [RESEARCHER]   Prior history injected for Cameron Young
2026-06-02 06:01:38,607 [RESEARCHER]   Prior history injected for Ludvig Aberg
2026-06-02 06:01:38,608 [RESEARCHER]   Prior history injected for Bryson DeChambeau
2026-06-02 06:01:38,608 [RESEARCHER] [7/18] Winner
2026-06-02 06:01:43,016 [RESEARCHER]   Prior history injected for Scottie Scheffler
2026-06-02 06:01:43,016 [RESEARCHER]   Prior history injected for Rory McIlroy
2026-06-02 06:01:43,017 [RESEARCHER]   Prior history injected for Jon Rahm
2026-06-02 06:01:43,017 [RESEARCHER]   Prior history injected for Xander Schauffele
2026-06-02 06:01:43,018 [RESEARCHER]   Prior history injected for Cameron Young
2026-06-02 06:01:43,018 [RESEARCHER] [8/18] Winner
2026-06-02 06:01:52,318 [RESEARCHER]   Prior history injected for Daniel Hillier
2026-06-02 06:01:52,319 [RESEARCHER]   Prior history injected for Jacob Skov Olesen
2026-06-02 06:01:52,319 [RESEARCHER]   Prior history injected for Casey Jarvis
2026-06-02 06:01:52,319 [RESEARCHER] [9/18] Winner
2026-06-02 06:01:57,127 [RESEARCHER]   Prior history injected for Scottie Scheffler
2026-06-02 06:01:57,128 [RESEARCHER]   Prior history injected for Rory McIlroy
2026-06-02 06:01:57,128 [RESEARCHER]   Prior history injected for Jon Rahm
2026-06-02 06:01:57,129 [RESEARCHER]   Prior history injected for Cameron Young
2026-06-02 06:01:57,129 [RESEARCHER]   Prior history injected for Ludvig Aberg
2026-06-02 06:01:57,129 [RESEARCHER]   Prior history injected for Bryson DeChambeau
2026-06-02 06:01:57,130 [RESEARCHER] [10/18] Top 5 Finish
2026-06-02 06:01:59,053 [RESEARCHER]   Prior history injected for Scottie Scheffler
2026-06-02 06:01:59,054 [RESEARCHER]   Prior history injected for Rory McIlroy
2026-06-02 06:01:59,054 [RESEARCHER]   Prior history injected for Ludvig Aberg
2026-06-02 06:01:59,055 [RESEARCHER]   Prior history injected for Cameron Young
2026-06-02 06:01:59,055 [RESEARCHER]   Prior history injected for Xander Schauffele
2026-06-02 06:01:59,055 [RESEARCHER]   Prior history injected for Russell Henley
2026-06-02 06:01:59,055 [RESEARCHER] [11/18] Match Odds
2026-06-02 06:02:07,287 [RESEARCHER] [12/18] Match Odds
2026-06-02 06:02:14,724 [RESEARCHER] [13/18] Match Odds
2026-06-02 06:02:23,050 [RESEARCHER]   Prior history injected for Pakistan
2026-06-02 06:02:23,050 [RESEARCHER] [14/18] Winner 2026/27
2026-06-02 06:02:29,268 [RESEARCHER]   Prior history injected for Arsenal
2026-06-02 06:02:29,269 [RESEARCHER]   Prior history injected for Man City
2026-06-02 06:02:29,269 [RESEARCHER]   Prior history injected for Liverpool
2026-06-02 06:02:29,270 [RESEARCHER]   Prior history injected for Chelsea
2026-06-02 06:02:29,270 [RESEARCHER]   Prior history injected for Aston Villa
2026-06-02 06:02:29,270 [RESEARCHER] [15/18] Match Odds
2026-06-02 06:02:37,153 [RESEARCHER] [16/18] Moneyline
2026-06-02 06:02:45,352 [RESEARCHER]   Prior history injected for San Antonio Spurs
2026-06-02 06:02:45,353 [RESEARCHER] [17/18] Winner 2026
2026-06-02 06:02:52,373 [RESEARCHER] [18/18] Ballon d'Or Winner 2026
2026-06-02 06:02:58,884 [RESEARCHER] Research brief written: 2026-06-02_05-02_brief.json
2026-06-02 06:02:58,884 [RESEARCHER] Markets: 18 | Errors: 0 | Credits used: 75
BRIEF_PATH:/home/jwfalc/smarkets-bot/data/research/2026-06-02_05-02_brief.json
2026-06-02 06:02:59,205 [ANALYZER] Loading research brief: 2026-06-02_05-02_brief.json
2026-06-02 06:02:59,379 [ANALYZER] Betfair cross-ref index: 3718 runners
2026-06-02 06:02:59,386 [ANALYZER] Analyzed 18 markets
2026-06-02 06:02:59,387 [ANALYZER] Found 6 signals (10pp+)
2026-06-02 06:02:59,387 [ANALYZER] Logged 14 distribution entries (7pp+)
2026-06-02 06:02:59,402 [ANALYZER] Research output written: 2026-06-02_05-02_research.json
2026-06-02 06:02:59,405 [ANALYZER] Appended 82 edge traces to edge_traces.json
RESEARCH_PATH:/home/jwfalc/smarkets-bot/data/research/2026-06-02_05-02_research.json
2026-06-02 06:02:59,967 [RESOLVE] Found 11 open trade(s) to check (paper_mode=True)
2026-06-02 06:03:00,035 [RESOLVE] Using cached Betfair session token
2026-06-02 06:03:00,036 [RESOLVE] Betfair: checking 11 open-trade markets
2026-06-02 06:03:09,320 [RESOLVE] Snapshot name lookup: found mappings for 11 markets
2026-06-02 06:03:09,495 [RESOLVE] Settled markets found: 0
2026-06-02 06:03:09,496 [RESOLVE] No open-trade markets have settled yet.
2026-06-02 06:03:10,118 [INFO] ============================================================
2026-06-02 06:03:10,118 [INFO] DIGEST RUN STARTED
2026-06-02 06:03:10,119 [INFO] ============================================================
2026-06-02 06:03:14,237 [INFO] Dashboard data written: /home/jwfalc/smarkets-bot/dashboard/dashboard_data.json
2026-06-02 06:03:14,286 [INFO] Period logs updated: 2026-06-02, 2026-W23, 2026-06, 2026-Q2
2026-06-02 06:03:14,287 [INFO] Run log: [2026-06-02 05:03 UTC] status=signal | platforms=betfair,matchbook | markets=221 | signals=6 | alerts=0 | movements=10 | consec_losses=0
2026-06-02 06:03:14,287 [INFO] Digest complete
Balance: £427.54 | Reserved: £34.35 | Available: £393.19
Reduced stake: Winner edge 10.9pp < 15.0pp → £0.90 (18%)
Skipping (already open): Winner BACK
Reduced stake: Winner edge 11.2pp < 15.0pp → £1.15 (23%)
Skipping (already open): Winner BACK
Reduced stake: Match Odds edge 11.2pp < 15.0pp → £1.15 (23%)
Logged paper trade: Match Odds - BACK @ 58.48% (edge: 11.15pp) [betfair] | available now £392.04
Reduced stake: Winner 2026/27 edge 12.2pp < 15.0pp → £2.15 (43%)
Skipping (already open): Winner 2026/27 BACK

1 new paper trade(s) logged
Distribution log updated: 13 new entries added
Total entries: 834
  near_certainty: 6 total, 5 resolved
  high_prob: 18 total, 9 resolved
  7-9pp: 242 total, 98 resolved
  10-11pp: 107 total, 45 resolved
  12pp+: 461 total, 357 resolved

REVIEW DUE: 7-9pp band has 98 resolved entries (threshold: 12)
  Run: python distribution_logger.py report
  Then run: prompts/prompt_review_v1.md

REVIEW DUE: 7-9pp band has 98 resolved entries (threshold: 12)
  Run: python distribution_logger.py report
  Then run: prompts/prompt_review_v1.md
EXIT_CODE:0
Sent
2026-06-02 06:03:17,261 [STATIC-DASH] Building dashboard data…
2026-06-02 06:03:18,248 [STATIC-DASH] Data collected: 219 trades, 47 signals, 221 markets
2026-06-02 06:03:18,417 [STATIC-DASH] Written: /home/jwfalc/smarkets-dashboard/index.html (2289KB)
2026-06-02 06:03:18 [DEPLOY] Starting dashboard deploy...
WARNING: could not find injection point in HTML
HTML written OK
2026-06-02 06:03:18 [DEPLOY] Static HTML built
[main 0caa5b5] Deploy: 2026-06-02 06:03 UTC
 1 file changed, 1 insertion(+), 1 deletion(-)
To https://github.com/jwfalc-coder/smarkets-dashboard.git
   751bf4a..0caa5b5  main -> main
2026-06-02 06:03:18 [DEPLOY] Deploy complete: Deploy: 2026-06-02 06:03 UTC
[main 647b13d] log: routine_2026-06-02_0600
 1 file changed, 191 insertions(+)
 create mode 100644 data/routine_logs/routine_2026-06-02_0600.log
From https://github.com/jwfalc-coder/betting-auditor
 * branch            main       -> FETCH_HEAD
Current branch main is up to date.
To https://github.com/jwfalc-coder/betting-auditor.git
   c41073a..647b13d  main -> main
