Sent
2026-05-16 14:00:03,591 [INFO] ============================================================
2026-05-16 14:00:03,592 [INFO] SCANNER RUN STARTED - BETFAIR
2026-05-16 14:00:03,592 [INFO] ============================================================
2026-05-16 14:00:04,361 [INFO] Cached Betfair session too old, re-logging in
2026-05-16 14:00:04,361 [INFO] Betfair login attempt 1/3
2026-05-16 14:00:04,547 [INFO] Betfair login successful
2026-05-16 14:00:04,871 [INFO] Catalogue: 100 markets for sport ID 1
2026-05-16 14:00:05,107 [INFO] Catalogue: 100 markets for sport ID 2
2026-05-16 14:00:05,234 [INFO] Catalogue: 100 markets for sport ID 7
2026-05-16 14:00:05,362 [INFO] Catalogue: 100 markets for sport ID 4
2026-05-16 14:00:05,438 [INFO] Catalogue: 0 markets for sport ID 2378961
2026-05-16 14:00:05,548 [INFO] Catalogue: 32 markets for sport ID 3
2026-05-16 14:00:05,832 [INFO] Catalogue: 100 markets for sport ID 7522
2026-05-16 14:00:05,979 [INFO] Catalogue: 9 markets for sport ID 6423
2026-05-16 14:00:05,980 [INFO] Betfair: fetching prices for 541 markets...
2026-05-16 14:00:11,165 [INFO] Betfair: enriching 541 markets with price data...
2026-05-16 14:00:11,171 [INFO] Betfair: enriched 50/541 markets, 30 tradeable so far
2026-05-16 14:00:11,176 [INFO] Betfair: enriched 100/541 markets, 59 tradeable so far
2026-05-16 14:00:11,178 [INFO] Betfair: enriched 150/541 markets, 61 tradeable so far
2026-05-16 14:00:11,180 [INFO] Betfair: enriched 200/541 markets, 62 tradeable so far
2026-05-16 14:00:11,187 [INFO] Betfair: enriched 250/541 markets, 90 tradeable so far
2026-05-16 14:00:11,195 [INFO] Betfair: enriched 300/541 markets, 119 tradeable so far
2026-05-16 14:00:11,199 [INFO] Betfair: enriched 350/541 markets, 126 tradeable so far
2026-05-16 14:00:11,201 [INFO] Betfair: enriched 400/541 markets, 135 tradeable so far
2026-05-16 14:00:11,220 [INFO] Betfair: enriched 450/541 markets, 160 tradeable so far
2026-05-16 14:00:11,273 [INFO] Betfair: enriched 500/541 markets, 174 tradeable so far
2026-05-16 14:00:11,326 [INFO] Betfair: enriched 541/541 markets, 180 tradeable so far
2026-05-16 14:00:11,329 [INFO] Betfair: 541 total markets, 180 above 100 GBP volume
2026-05-16 14:00:11,370 [INFO] betfair: 541 total, 180 above 100 GBP threshold
2026-05-16 14:00:11,798 [INFO] Snapshot written: /home/jwfalc/smarkets-bot/data/snapshots/betfair/2026-05-16_13-00.json
2026-05-16 14:00:11,981 [INFO] Market log updated (betfair)
2026-05-16 14:00:56,340 [INFO] Scanner complete for betfair. Snapshot: 2026-05-16_13-00.json
2026-05-16 14:00:56,867 [INFO] ============================================================
2026-05-16 14:00:56,868 [INFO] SCANNER RUN STARTED - MATCHBOOK
2026-05-16 14:00:56,868 [INFO] ============================================================
2026-05-16 14:00:57,407 [INFO] Matchbook login attempt 1/3
2026-05-16 14:00:57,811 [INFO] Matchbook login successful
2026-05-16 14:00:57,812 [INFO] Matchbook: fetching events with prices for 15 sports...
2026-05-16 14:00:57,965 [INFO] Matchbook: fetched page offset=0, 20 events (total so far: 20)
2026-05-16 14:00:58,267 [INFO] Matchbook: fetched page offset=20, 20 events (total so far: 40)
2026-05-16 14:00:58,583 [INFO] Matchbook: fetched page offset=40, 20 events (total so far: 60)
2026-05-16 14:00:58,985 [INFO] Matchbook: fetched page offset=60, 20 events (total so far: 80)
2026-05-16 14:00:59,360 [INFO] Matchbook: fetched page offset=80, 20 events (total so far: 100)
2026-05-16 14:00:59,700 [INFO] Matchbook: fetched page offset=100, 20 events (total so far: 120)
2026-05-16 14:01:00,072 [INFO] Matchbook: fetched page offset=120, 20 events (total so far: 140)
2026-05-16 14:01:00,537 [INFO] Matchbook: fetched page offset=140, 20 events (total so far: 160)
2026-05-16 14:01:00,929 [INFO] Matchbook: fetched page offset=160, 20 events (total so far: 180)
2026-05-16 14:01:01,369 [INFO] Matchbook: fetched page offset=180, 20 events (total so far: 200)
2026-05-16 14:01:01,765 [INFO] Matchbook: fetched page offset=200, 20 events (total so far: 220)
2026-05-16 14:01:02,091 [INFO] Matchbook: fetched page offset=220, 20 events (total so far: 240)
2026-05-16 14:01:02,391 [INFO] Matchbook: fetched page offset=240, 20 events (total so far: 260)
2026-05-16 14:01:02,700 [INFO] Matchbook: fetched page offset=260, 20 events (total so far: 280)
2026-05-16 14:01:02,999 [INFO] Matchbook: fetched page offset=280, 20 events (total so far: 300)
2026-05-16 14:01:03,480 [INFO] Matchbook: fetched page offset=300, 20 events (total so far: 320)
2026-05-16 14:01:03,826 [INFO] Matchbook: fetched page offset=320, 20 events (total so far: 340)
2026-05-16 14:01:04,131 [INFO] Matchbook: fetched page offset=340, 20 events (total so far: 360)
2026-05-16 14:01:04,465 [INFO] Matchbook: fetched page offset=360, 20 events (total so far: 380)
2026-05-16 14:01:04,805 [INFO] Matchbook: fetched page offset=380, 20 events (total so far: 400)
2026-05-16 14:01:05,123 [INFO] Matchbook: fetched page offset=400, 20 events (total so far: 420)
2026-05-16 14:01:05,544 [INFO] Matchbook: fetched page offset=420, 20 events (total so far: 440)
2026-05-16 14:01:06,080 [INFO] Matchbook: fetched page offset=440, 20 events (total so far: 460)
2026-05-16 14:01:06,426 [INFO] Matchbook: fetched page offset=460, 20 events (total so far: 480)
2026-05-16 14:01:06,694 [INFO] Matchbook: fetched page offset=480, 20 events (total so far: 500)
2026-05-16 14:01:06,941 [INFO] Matchbook: fetched page offset=500, 20 events (total so far: 520)
2026-05-16 14:01:07,185 [INFO] Matchbook: fetched page offset=520, 13 events (total so far: 533)
2026-05-16 14:01:07,187 [INFO] Matchbook: processing 533 events
2026-05-16 14:01:07,202 [INFO] Matchbook: processed 20/533 events, 271 markets so far
2026-05-16 14:01:07,221 [INFO] Matchbook: processed 40/533 events, 558 markets so far
2026-05-16 14:01:07,330 [INFO] Matchbook: processed 60/533 events, 1007 markets so far
2026-05-16 14:01:07,354 [INFO] Matchbook: processed 80/533 events, 1581 markets so far
2026-05-16 14:01:07,374 [INFO] Matchbook: processed 100/533 events, 2137 markets so far
2026-05-16 14:01:07,397 [INFO] Matchbook: processed 120/533 events, 2715 markets so far
2026-05-16 14:01:07,416 [INFO] Matchbook: processed 140/533 events, 3331 markets so far
2026-05-16 14:01:07,436 [INFO] Matchbook: processed 160/533 events, 3933 markets so far
2026-05-16 14:01:07,458 [INFO] Matchbook: processed 180/533 events, 4573 markets so far
2026-05-16 14:01:07,486 [INFO] Matchbook: processed 200/533 events, 5270 markets so far
2026-05-16 14:01:07,516 [INFO] Matchbook: processed 220/533 events, 5917 markets so far
2026-05-16 14:01:07,550 [INFO] Matchbook: processed 240/533 events, 6525 markets so far
2026-05-16 14:01:07,566 [INFO] Matchbook: processed 260/533 events, 7090 markets so far
2026-05-16 14:01:07,584 [INFO] Matchbook: processed 280/533 events, 7662 markets so far
2026-05-16 14:01:07,600 [INFO] Matchbook: processed 300/533 events, 8254 markets so far
2026-05-16 14:01:07,621 [INFO] Matchbook: processed 320/533 events, 8908 markets so far
2026-05-16 14:01:07,651 [INFO] Matchbook: processed 340/533 events, 9510 markets so far
2026-05-16 14:01:07,664 [INFO] Matchbook: processed 360/533 events, 9991 markets so far
2026-05-16 14:01:07,679 [INFO] Matchbook: processed 380/533 events, 10472 markets so far
2026-05-16 14:01:07,707 [INFO] Matchbook: processed 400/533 events, 11113 markets so far
2026-05-16 14:01:07,725 [INFO] Matchbook: processed 420/533 events, 11809 markets so far
2026-05-16 14:01:07,763 [INFO] Matchbook: processed 440/533 events, 12636 markets so far
2026-05-16 14:01:07,799 [INFO] Matchbook: processed 460/533 events, 13559 markets so far
2026-05-16 14:01:07,820 [INFO] Matchbook: processed 480/533 events, 14292 markets so far
2026-05-16 14:01:07,826 [INFO] Matchbook: processed 500/533 events, 14435 markets so far
2026-05-16 14:01:07,828 [INFO] Matchbook: processed 520/533 events, 14455 markets so far
2026-05-16 14:01:07,829 [INFO] Matchbook: processed 533/533 events, 14468 markets so far
2026-05-16 14:01:07,830 [INFO] Matchbook: 14469 total markets, 1410 above 25 GBP volume
2026-05-16 14:01:07,981 [INFO] matchbook: 14469 total, 1410 above 25 GBP threshold
2026-05-16 14:01:08,612 [INFO] Snapshot written: /home/jwfalc/smarkets-bot/data/snapshots/matchbook/2026-05-16_13-00.json
2026-05-16 14:01:08,909 [INFO] Market log updated (matchbook)
2026-05-16 14:01:53,814 [INFO] Scanner complete for matchbook. Snapshot: 2026-05-16_13-00.json
2026-05-16 14:01:55,153 [RESEARCHER] matchbook: 899 tradeable markets from 2026-05-16_13-00.json
2026-05-16 14:01:55,159 [RESEARCHER] Market selection: 0 politics/current-affairs + 15 matchbook-sports + 0 betfair-sports = 15 total
2026-05-16 14:01:55,160 [RESEARCHER] [1/15] Winner
2026-05-16 14:02:03,045 [RESEARCHER] [2/15] Winner
2026-05-16 14:02:10,633 [RESEARCHER] [3/15] Winner
2026-05-16 14:02:18,786 [RESEARCHER] [4/15] To Be Relegated
2026-05-16 14:02:27,158 [RESEARCHER] [5/15] Winner
2026-05-16 14:02:34,403 [RESEARCHER] [6/15] Correct Score
2026-05-16 14:02:44,169 [RESEARCHER] [7/15] Correct Score
2026-05-16 14:02:45,936 [RESEARCHER] [8/15] Match Odds
2026-05-16 14:02:53,046 [RESEARCHER] [9/15] Match Odds
2026-05-16 14:03:01,019 [RESEARCHER] [10/15] Match Odds
2026-05-16 14:03:08,327 [RESEARCHER] [11/15] Match Odds
2026-05-16 14:03:16,660 [RESEARCHER] [12/15] Top 10 Finish
2026-05-16 14:03:19,721 [RESEARCHER] [13/15] Top 5 Finish
2026-05-16 14:03:22,909 [RESEARCHER] [14/15] Match Odds
2026-05-16 14:03:30,607 [RESEARCHER] [15/15] Match Odds
2026-05-16 14:03:37,817 [RESEARCHER] Research brief written: 2026-05-16_13-03_brief.json
2026-05-16 14:03:37,817 [RESEARCHER] Markets: 15 | Errors: 0 | Credits used: 60
BRIEF_PATH:/home/jwfalc/smarkets-bot/data/research/2026-05-16_13-03_brief.json
2026-05-16 14:03:38,265 [ANALYZER] Loading research brief: 2026-05-16_13-03_brief.json
2026-05-16 14:03:38,453 [ANALYZER] Analyzed 15 markets
2026-05-16 14:03:38,454 [ANALYZER] Found 5 signals (10pp+)
2026-05-16 14:03:38,454 [ANALYZER] Logged 5 distribution entries (7pp+)
2026-05-16 14:03:38,473 [ANALYZER] Research output written: 2026-05-16_13-03_research.json
2026-05-16 14:03:38,476 [ANALYZER] Appended 61 edge traces to edge_traces.json
RESEARCH_PATH:/home/jwfalc/smarkets-bot/data/research/2026-05-16_13-03_research.json
2026-05-16 14:03:39,366 [RESOLVE] Found 13 open trade(s) to check (paper_mode=True)
2026-05-16 14:03:39,367 [RESOLVE] Settled markets found: 0
2026-05-16 14:03:39,367 [RESOLVE] Standings fallback: 2 season future market(s) to check
2026-05-16 14:03:39,564 [RESOLVE] Golf: 'USPGA Championship 2026' not yet complete (Round 3 - In Progress) — skip
2026-05-16 14:03:39,655 [RESOLVE] Golf: 'USPGA Championship 2026' not yet complete (Round 3 - In Progress) — skip
2026-05-16 14:03:39,728 [RESOLVE] Golf: 'USPGA Championship 2026' not yet complete (Round 3 - In Progress) — skip
2026-05-16 14:03:39,807 [RESOLVE] Golf: 'USPGA Championship 2026' not yet complete (Round 3 - In Progress) — skip
2026-05-16 14:03:39,888 [RESOLVE] Golf: 'USPGA Championship 2026' not yet complete (Round 3 - In Progress) — skip
2026-05-16 14:03:39,890 [RESOLVE] No open-trade markets have settled yet.
2026-05-16 14:03:40,809 [INFO] ============================================================
2026-05-16 14:03:40,811 [INFO] DIGEST RUN STARTED
2026-05-16 14:03:40,811 [INFO] ============================================================
2026-05-16 14:03:47,188 [INFO] Signal filtered (high-odds lay): Top 5 Finish @ 6.00 odds (cap: 4.0)
2026-05-16 14:03:47,189 [INFO] Signal filtered (high-odds lay): Top 5 Finish @ 6.00 odds (cap: 4.0)
2026-05-16 14:03:47,189 [INFO] Signal filtered (high-odds lay): Top 5 Finish @ 6.00 odds (cap: 4.0)
2026-05-16 14:03:47,189 [INFO] Signal filtered (high-odds lay): Top 5 Finish @ 6.00 odds (cap: 4.0)
2026-05-16 14:03:47,213 [INFO] Dashboard data written: /home/jwfalc/smarkets-bot/dashboard/dashboard_data.json
2026-05-16 14:03:47,332 [INFO] Period logs updated: 2026-05-16, 2026-W20, 2026-05, 2026-Q2
2026-05-16 14:03:47,333 [INFO] Run log: [2026-05-16 13:03 UTC] status=signal | platforms=betfair,matchbook | markets=1590 | signals=1 | alerts=0 | movements=10 | consec_losses=2
2026-05-16 14:03:47,333 [INFO] Digest complete
Balance: £309.14 | Reserved: £65.90 | Available: £243.24
Skipping high-odds lay: Top 5 Finish @ 6.00 odds (cap: 4.0)
Skipping high-odds lay: Top 5 Finish @ 6.00 odds (cap: 4.0)
Skipping high-odds lay: Top 5 Finish @ 6.00 odds (cap: 4.0)
Skipping high-odds lay: Top 5 Finish @ 6.00 odds (cap: 4.0)
No new paper trades to log
Distribution log updated: 2 new entries added
Total entries: 512
  7-9pp: 142 total, 22 resolved
  10-11pp: 38 total, 13 resolved
  12pp+: 332 total, 147 resolved

REVIEW DUE: 7-9pp band has 22 resolved entries (threshold: 12)
  Run: python distribution_logger.py report
  Then run: prompts/prompt_review_v1.md

REVIEW DUE: 7-9pp band has 22 resolved entries (threshold: 12)
  Run: python distribution_logger.py report
  Then run: prompts/prompt_review_v1.md
EXIT_CODE:0
Sent
2026-05-16 14:03:51,733 [STATIC-DASH] Building dashboard data…
2026-05-16 14:03:53,341 [STATIC-DASH] Data collected: 81 trades, 69 signals, 1590 markets
2026-05-16 14:03:53,727 [STATIC-DASH] Written: /home/jwfalc/smarkets-dashboard/index.html (4089KB)
2026-05-16 14:03:54 [DEPLOY] Starting dashboard deploy...
WARNING: could not find injection point in HTML
HTML written OK
2026-05-16 14:03:54 [DEPLOY] Static HTML built
[main 5e17adb] Deploy: 2026-05-16 14:03 UTC
 1 file changed, 1 insertion(+), 1 deletion(-)
To https://github.com/jwfalc-coder/smarkets-dashboard.git
   6468b42..5e17adb  main -> main
2026-05-16 14:03:54 [DEPLOY] Deploy complete: Deploy: 2026-05-16 14:03 UTC
