Telegram connection error (attempt 1/3), retrying in 8s: ('Connection aborted.', ConnectionResetError(104, 'Connection reset by peer'))
Sent
2026-06-10 22:00:11,026 [INFO] ============================================================
2026-06-10 22:00:11,027 [INFO] SCANNER RUN STARTED - BETFAIR
2026-06-10 22:00:11,027 [INFO] ============================================================
2026-06-10 22:00:11,602 [INFO] Cached Betfair session too old, re-logging in
2026-06-10 22:00:11,602 [INFO] Betfair login attempt 1/3
2026-06-10 22:00:11,809 [INFO] Betfair login successful
2026-06-10 22:00:12,037 [INFO] Catalogue: 100 markets for sport ID 1
2026-06-10 22:00:12,211 [INFO] Catalogue: 100 markets for sport ID 2
2026-06-10 22:00:12,401 [INFO] Catalogue: 100 markets for sport ID 7
2026-06-10 22:00:12,547 [INFO] Catalogue: 100 markets for sport ID 4
2026-06-10 22:00:12,665 [INFO] Catalogue: 0 markets for sport ID 2378961
2026-06-10 22:00:12,805 [INFO] Catalogue: 38 markets for sport ID 3
2026-06-10 22:00:13,007 [INFO] Catalogue: 53 markets for sport ID 7522
2026-06-10 22:00:13,133 [INFO] Catalogue: 3 markets for sport ID 6423
2026-06-10 22:00:13,134 [INFO] Betfair: fetching prices for 494 markets...
2026-06-10 22:00:34,274 [WARNING] API call failed (attempt 1): SportsAPING/v1.0/listMarketBook 
Params: {'marketIds': ['1.259057659', '1.259057658', '1.259057657', '1.259057690', '1.259057656', '1.259057686', '1.259057682', '1.259004180', '1.259057678', '1.259004177'], 'priceProjection': {'priceData': ['EX_BEST_OFFERS'], 'virtualise': False}} 
Exception: HTTPSConnectionPool(host='api.betfair.com', port=443): Read timed out. (read timeout=16)
2026-06-10 22:00:39,508 [INFO] Betfair: enriching 494 markets with price data...
2026-06-10 22:00:39,517 [INFO] Betfair: enriched 50/494 markets, 10 tradeable so far
2026-06-10 22:00:39,525 [INFO] Betfair: enriched 100/494 markets, 23 tradeable so far
2026-06-10 22:00:39,527 [INFO] Betfair: enriched 150/494 markets, 26 tradeable so far
2026-06-10 22:00:39,529 [INFO] Betfair: enriched 200/494 markets, 26 tradeable so far
2026-06-10 22:00:39,540 [INFO] Betfair: enriched 250/494 markets, 30 tradeable so far
2026-06-10 22:00:39,552 [INFO] Betfair: enriched 300/494 markets, 30 tradeable so far
2026-06-10 22:00:39,557 [INFO] Betfair: enriched 350/494 markets, 36 tradeable so far
2026-06-10 22:00:39,559 [INFO] Betfair: enriched 400/494 markets, 42 tradeable so far
2026-06-10 22:00:39,657 [INFO] Betfair: enriched 450/494 markets, 67 tradeable so far
2026-06-10 22:00:39,725 [INFO] Betfair: enriched 494/494 markets, 78 tradeable so far
2026-06-10 22:00:39,726 [INFO] Betfair: 494 total markets, 78 above 100 GBP volume
2026-06-10 22:00:39,866 [INFO] Outrights: 23 markets for sport 1
2026-06-10 22:00:40,015 [INFO] Outrights: 11 markets for sport 3
2026-06-10 22:00:40,165 [INFO] Outrights: 1 markets for sport 2378961
2026-06-10 22:00:40,722 [INFO] Outrights: 33 markets above 25 GBP
2026-06-10 22:00:40,729 [INFO] Betfair: added 28 outright markets for cross-ref
2026-06-10 22:00:40,730 [INFO] betfair: 522 total, 106 above 100 GBP threshold
2026-06-10 22:00:41,018 [INFO] Snapshot written: /home/jwfalc/smarkets-bot/data/snapshots/betfair/2026-06-10_21-00.json
2026-06-10 22:00:41,191 [INFO] Market log updated (betfair)
2026-06-10 22:01:10,574 [INFO] Scanner complete for betfair. Snapshot: 2026-06-10_21-00.json
2026-06-10 22:01:10,949 [INFO] ============================================================
2026-06-10 22:01:10,950 [INFO] SCANNER RUN STARTED - MATCHBOOK
2026-06-10 22:01:10,950 [INFO] ============================================================
2026-06-10 22:01:11,336 [INFO] Matchbook login attempt 1/3
2026-06-10 22:01:11,520 [INFO] Matchbook login successful
2026-06-10 22:01:11,520 [INFO] Matchbook: fetching events with prices for 15 sports...
2026-06-10 22:01:11,756 [INFO] Matchbook: fetched page offset=0, 20 events (total so far: 20)
2026-06-10 22:01:12,033 [INFO] Matchbook: fetched page offset=20, 20 events (total so far: 40)
2026-06-10 22:01:12,308 [INFO] Matchbook: fetched page offset=40, 20 events (total so far: 60)
2026-06-10 22:01:12,542 [INFO] Matchbook: fetched page offset=60, 20 events (total so far: 80)
2026-06-10 22:01:12,778 [INFO] Matchbook: fetched page offset=80, 20 events (total so far: 100)
2026-06-10 22:01:13,073 [INFO] Matchbook: fetched page offset=100, 20 events (total so far: 120)
2026-06-10 22:01:13,368 [INFO] Matchbook: fetched page offset=120, 20 events (total so far: 140)
2026-06-10 22:01:13,657 [INFO] Matchbook: fetched page offset=140, 20 events (total so far: 160)
2026-06-10 22:01:13,995 [INFO] Matchbook: fetched page offset=160, 20 events (total so far: 180)
2026-06-10 22:01:14,289 [INFO] Matchbook: fetched page offset=180, 20 events (total so far: 200)
2026-06-10 22:01:14,522 [INFO] Matchbook: fetched page offset=200, 3 events (total so far: 203)
2026-06-10 22:01:14,522 [INFO] Matchbook: processing 203 events
2026-06-10 22:01:14,537 [INFO] Matchbook: processed 20/203 events, 469 markets so far
2026-06-10 22:01:14,541 [INFO] Matchbook: processed 40/203 events, 649 markets so far
2026-06-10 22:01:14,549 [INFO] Matchbook: processed 60/203 events, 743 markets so far
2026-06-10 22:01:14,550 [INFO] Matchbook: processed 80/203 events, 763 markets so far
2026-06-10 22:01:14,552 [INFO] Matchbook: processed 100/203 events, 832 markets so far
2026-06-10 22:01:14,555 [INFO] Matchbook: processed 120/203 events, 980 markets so far
2026-06-10 22:01:14,566 [INFO] Matchbook: processed 140/203 events, 1101 markets so far
2026-06-10 22:01:14,576 [INFO] Matchbook: processed 160/203 events, 1339 markets so far
2026-06-10 22:01:14,594 [INFO] Matchbook: processed 180/203 events, 1753 markets so far
2026-06-10 22:01:14,606 [INFO] Matchbook: processed 200/203 events, 1977 markets so far
2026-06-10 22:01:14,607 [INFO] Matchbook: processed 203/203 events, 1980 markets so far
2026-06-10 22:01:14,607 [INFO] Matchbook: 1981 total markets, 400 above 25 GBP volume
2026-06-10 22:01:14,631 [INFO] matchbook: 1981 total, 400 above 25 GBP threshold
2026-06-10 22:01:14,812 [INFO] Snapshot written: /home/jwfalc/smarkets-bot/data/snapshots/matchbook/2026-06-10_21-01.json
2026-06-10 22:01:14,913 [INFO] Market log updated (matchbook)
2026-06-10 22:01:39,849 [INFO] Scanner complete for matchbook. Snapshot: 2026-06-10_21-01.json
2026-06-10 22:01:40,630 [RESEARCHER] Prior index loaded: 15 known runners
2026-06-10 22:01:40,787 [RESEARCHER] betfair: 106 tradeable markets from 2026-06-10_21-00.json
2026-06-10 22:01:40,788 [RESEARCHER] Market selection: 1 politics + 7 outrights + 8 other sports = 16 total (platforms: ['betfair'])
2026-06-10 22:01:40,789 [RESEARCHER] [1/16] Makerfield - Restore Britain Vote Percentage
2026-06-10 22:01:46,243 [RESEARCHER] [2/16] Winner
2026-06-10 22:01:53,239 [RESEARCHER]   Prior history injected for Portugal
2026-06-10 22:01:53,239 [RESEARCHER] [3/16] Winner
2026-06-10 22:02:01,389 [RESEARCHER]   Prior history injected for Tommy Fleetwood
2026-06-10 22:02:01,390 [RESEARCHER] [4/16] Winner
2026-06-10 22:02:09,858 [RESEARCHER]   Prior history injected for Scottie Scheffler
2026-06-10 22:02:09,858 [RESEARCHER]   Prior history injected for Xander Schauffele
2026-06-10 22:02:09,858 [RESEARCHER]   Prior history injected for Tommy Fleetwood
2026-06-10 22:02:09,859 [RESEARCHER] [5/16] Winner
2026-06-10 22:02:14,564 [RESEARCHER]   Prior history injected for Scottie Scheffler
2026-06-10 22:02:14,564 [RESEARCHER]   Prior history injected for Tommy Fleetwood
2026-06-10 22:02:14,565 [RESEARCHER]   Prior history injected for Xander Schauffele
2026-06-10 22:02:14,565 [RESEARCHER] [6/16] Top 10 Finish
2026-06-10 22:02:16,341 [RESEARCHER]   Prior history injected for Tommy Fleetwood
2026-06-10 22:02:16,341 [RESEARCHER] [7/16] Top 20 Finish
2026-06-10 22:02:18,189 [RESEARCHER]   Prior history injected for Tommy Fleetwood
2026-06-10 22:02:18,190 [RESEARCHER] [8/16] Top 5 Finish
2026-06-10 22:02:20,029 [RESEARCHER]   Prior history injected for Tommy Fleetwood
2026-06-10 22:02:20,029 [RESEARCHER] [9/16] NBA Championship Winner
2026-06-10 22:02:26,889 [RESEARCHER]   Prior history injected for New York Knicks
2026-06-10 22:02:26,889 [RESEARCHER] [10/16] Match Odds
2026-06-10 22:02:34,576 [RESEARCHER] [11/16] Moneyline
2026-06-10 22:02:42,180 [RESEARCHER]   Prior history injected for New York Knicks
2026-06-10 22:02:42,181 [RESEARCHER] [12/16] Name the Finalists
2026-06-10 22:02:50,172 [RESEARCHER] [13/16] Winner 2026/27
2026-06-10 22:02:57,045 [RESEARCHER] [14/16] Match Odds
2026-06-10 22:03:04,939 [RESEARCHER] [15/16] Match Odds
2026-06-10 22:03:13,113 [RESEARCHER] [16/16] Winner 2026/27
2026-06-10 22:03:20,552 [RESEARCHER] Research brief written: 2026-06-10_21-03_brief.json
2026-06-10 22:03:20,553 [RESEARCHER] Markets: 16 | Errors: 0 | Credits used: 69
BRIEF_PATH:/home/jwfalc/smarkets-bot/data/research/2026-06-10_21-03_brief.json
2026-06-10 22:03:20,867 [ANALYZER] Loading research brief: 2026-06-10_21-03_brief.json
2026-06-10 22:03:21,081 [ANALYZER] Betfair cross-ref index: 3888 runners
2026-06-10 22:03:21,088 [ANALYZER] Analyzed 16 markets
2026-06-10 22:03:21,088 [ANALYZER] Found 2 signals (10pp+)
2026-06-10 22:03:21,088 [ANALYZER] Logged 7 distribution entries (7pp+)
2026-06-10 22:03:21,102 [ANALYZER] Research output written: 2026-06-10_21-03_research.json
2026-06-10 22:03:21,105 [ANALYZER] Appended 80 edge traces to edge_traces.json
RESEARCH_PATH:/home/jwfalc/smarkets-bot/data/research/2026-06-10_21-03_research.json
2026-06-10 22:03:21,669 [RESOLVE] Found 9 open trade(s) to check (paper_mode=True)
2026-06-10 22:03:21,739 [RESOLVE] Using cached Betfair session token
2026-06-10 22:03:21,739 [RESOLVE] Betfair: checking 8 open-trade markets
2026-06-10 22:03:34,171 [RESOLVE] Snapshot name lookup: found mappings for 8 markets
2026-06-10 22:03:34,290 [RESOLVE] Settled markets found: 0
2026-06-10 22:03:34,290 [RESOLVE] No open-trade markets have settled yet.
2026-06-10 22:03:34,942 [INFO] ============================================================
2026-06-10 22:03:34,944 [INFO] DIGEST RUN STARTED
2026-06-10 22:03:34,944 [INFO] ============================================================
2026-06-10 22:03:39,109 [INFO] Slip dedup: skipping Scottie Scheffler (BACK) — already open
2026-06-10 22:03:39,115 [INFO] Sending batch slip: 1 signals
2026-06-10 22:03:39,278 [INFO] Telegram notification sent
2026-06-10 22:03:39,279 [INFO] Sent 2 Telegram signal alerts
2026-06-10 22:03:39,300 [INFO] Dashboard data written: /home/jwfalc/smarkets-bot/dashboard/dashboard_data.json
2026-06-10 22:03:39,396 [INFO] Period logs updated: 2026-06-10, 2026-W24, 2026-06, 2026-Q2
2026-06-10 22:03:39,397 [INFO] Run log: [2026-06-10 21:03 UTC] status=signal | platforms=betfair,matchbook | markets=506 | signals=2 | alerts=2 | movements=10 | consec_losses=0
2026-06-10 22:03:39,397 [INFO] Digest complete
Kelly balance: £96.52 | Reserved: £40.38 | Available: £56.14
Skipping (already open): Winner BACK
Logged paper trade: Match Odds - LAY @ 69.93% (edge: 12.05pp) [betfair] | available now £47.84

1 new paper trade(s) logged
Distribution log updated: 0 new entries added
Total entries: 1063
  near_certainty: 9 total, 7 resolved
  high_prob: 29 total, 17 resolved
  7-9pp: 320 total, 109 resolved
  10-11pp: 165 total, 61 resolved
  12pp+: 540 total, 406 resolved

REVIEW DUE: 7-9pp band has 109 resolved entries (threshold: 12)
  Run: python distribution_logger.py report
  Then run: prompts/prompt_review_v1.md

REVIEW DUE: 7-9pp band has 109 resolved entries (threshold: 12)
  Run: python distribution_logger.py report
  Then run: prompts/prompt_review_v1.md
EXIT_CODE:0
Sent
2026-06-10 22:03:42,525 [STATIC-DASH] Building dashboard data…
2026-06-10 22:03:44,255 [STATIC-DASH] Data collected: 26 trades, 35 signals, 506 markets
2026-06-10 22:03:44,491 [STATIC-DASH] Written: /home/jwfalc/smarkets-dashboard/index.html (2648KB)
2026-06-10 22:03:44,496 [STATIC-DASH] Copied PWA asset: manifest.json
2026-06-10 22:03:44,507 [STATIC-DASH] Copied PWA asset: apple-touch-icon.png
2026-06-10 22:03:44,508 [STATIC-DASH] Copied PWA asset: icon-192.png
2026-06-10 22:03:44,509 [STATIC-DASH] Copied PWA asset: icon-512.png
2026-06-10 22:03:44 [DEPLOY] Starting dashboard deploy...
WARNING: could not find injection point in HTML
HTML written OK
2026-06-10 22:03:44 [DEPLOY] Static HTML built
[main 629afb5] Deploy: 2026-06-10 22:03 UTC
 1 file changed, 1 insertion(+), 1 deletion(-)
To https://github.com/jwfalc-coder/smarkets-dashboard.git
   f7614a5..629afb5  main -> main
2026-06-10 22:03:44 [DEPLOY] Deploy complete: Deploy: 2026-06-10 22:03 UTC
[main 30423a1] log: routine_2026-06-10_2200
 1 file changed, 173 insertions(+)
 create mode 100644 data/routine_logs/routine_2026-06-10_2200.log
From https://github.com/jwfalc-coder/betting-auditor
 * branch            main       -> FETCH_HEAD
Current branch main is up to date.
To https://github.com/jwfalc-coder/betting-auditor.git
   636d060..30423a1  main -> main
