Sent
2026-05-20 14:00:02,988 [INFO] ============================================================
2026-05-20 14:00:02,989 [INFO] SCANNER RUN STARTED - BETFAIR
2026-05-20 14:00:02,989 [INFO] ============================================================
2026-05-20 14:00:03,575 [INFO] Cached Betfair session too old, re-logging in
2026-05-20 14:00:03,576 [INFO] Betfair login attempt 1/3
2026-05-20 14:00:03,756 [INFO] Betfair login successful
2026-05-20 14:00:03,928 [INFO] Catalogue: 100 markets for sport ID 1
2026-05-20 14:00:04,078 [INFO] Catalogue: 100 markets for sport ID 2
2026-05-20 14:00:04,228 [INFO] Catalogue: 100 markets for sport ID 7
2026-05-20 14:00:04,362 [INFO] Catalogue: 100 markets for sport ID 4
2026-05-20 14:00:04,470 [INFO] Catalogue: 2 markets for sport ID 2378961
2026-05-20 14:00:04,610 [INFO] Catalogue: 76 markets for sport ID 3
2026-05-20 14:00:04,867 [INFO] Catalogue: 100 markets for sport ID 7522
2026-05-20 14:00:04,956 [INFO] Catalogue: 0 markets for sport ID 6423
2026-05-20 14:00:04,956 [INFO] Betfair: fetching prices for 578 markets...
2026-05-20 14:00:10,147 [INFO] Betfair: enriching 578 markets with price data...
2026-05-20 14:00:10,155 [INFO] Betfair: enriched 50/578 markets, 2 tradeable so far
2026-05-20 14:00:10,159 [INFO] Betfair: enriched 100/578 markets, 10 tradeable so far
2026-05-20 14:00:10,161 [INFO] Betfair: enriched 150/578 markets, 11 tradeable so far
2026-05-20 14:00:10,163 [INFO] Betfair: enriched 200/578 markets, 13 tradeable so far
2026-05-20 14:00:10,172 [INFO] Betfair: enriched 250/578 markets, 42 tradeable so far
2026-05-20 14:00:10,180 [INFO] Betfair: enriched 300/578 markets, 64 tradeable so far
2026-05-20 14:00:10,185 [INFO] Betfair: enriched 350/578 markets, 79 tradeable so far
2026-05-20 14:00:10,189 [INFO] Betfair: enriched 400/578 markets, 83 tradeable so far
2026-05-20 14:00:10,227 [INFO] Betfair: enriched 450/578 markets, 122 tradeable so far
2026-05-20 14:00:10,277 [INFO] Betfair: enriched 500/578 markets, 147 tradeable so far
2026-05-20 14:00:10,332 [INFO] Betfair: enriched 550/578 markets, 156 tradeable so far
2026-05-20 14:00:10,380 [INFO] Betfair: enriched 578/578 markets, 160 tradeable so far
2026-05-20 14:00:10,383 [INFO] Betfair: 578 total markets, 160 above 100 GBP volume
2026-05-20 14:00:10,543 [INFO] Outrights: 50 markets for sport 1
2026-05-20 14:00:10,646 [INFO] Outrights: 13 markets for sport 3
2026-05-20 14:00:10,727 [INFO] Outrights: 0 markets for sport 2378961
2026-05-20 14:00:11,418 [INFO] Outrights: 47 markets above 25 GBP
2026-05-20 14:00:11,427 [INFO] Betfair: added 40 outright markets for cross-ref
2026-05-20 14:00:11,429 [INFO] betfair: 618 total, 200 above 100 GBP threshold
2026-05-20 14:00:11,873 [INFO] Snapshot written: /home/jwfalc/smarkets-bot/data/snapshots/betfair/2026-05-20_13-00.json
2026-05-20 14:00:12,095 [INFO] Market log updated (betfair)
2026-05-20 14:00:46,868 [INFO] Scanner complete for betfair. Snapshot: 2026-05-20_13-00.json
2026-05-20 14:00:47,373 [INFO] ============================================================
2026-05-20 14:00:47,374 [INFO] SCANNER RUN STARTED - MATCHBOOK
2026-05-20 14:00:47,374 [INFO] ============================================================
2026-05-20 14:00:47,865 [INFO] Matchbook login attempt 1/3
2026-05-20 14:00:48,054 [INFO] Matchbook login successful
2026-05-20 14:00:48,056 [INFO] Matchbook: fetching events with prices for 15 sports...
2026-05-20 14:00:48,167 [INFO] Matchbook: fetched page offset=0, 20 events (total so far: 20)
2026-05-20 14:00:48,421 [INFO] Matchbook: fetched page offset=20, 20 events (total so far: 40)
2026-05-20 14:00:48,706 [INFO] Matchbook: fetched page offset=40, 20 events (total so far: 60)
2026-05-20 14:00:49,005 [INFO] Matchbook: fetched page offset=60, 20 events (total so far: 80)
2026-05-20 14:00:49,422 [INFO] Matchbook: fetched page offset=80, 20 events (total so far: 100)
2026-05-20 14:00:49,748 [INFO] Matchbook: fetched page offset=100, 20 events (total so far: 120)
2026-05-20 14:00:50,140 [INFO] Matchbook: fetched page offset=120, 20 events (total so far: 140)
2026-05-20 14:00:50,495 [INFO] Matchbook: fetched page offset=140, 20 events (total so far: 160)
2026-05-20 14:00:50,730 [INFO] Matchbook: fetched page offset=160, 20 events (total so far: 180)
2026-05-20 14:00:51,012 [INFO] Matchbook: fetched page offset=180, 20 events (total so far: 200)
2026-05-20 14:00:51,247 [INFO] Matchbook: fetched page offset=200, 20 events (total so far: 220)
2026-05-20 14:00:51,565 [INFO] Matchbook: fetched page offset=220, 20 events (total so far: 240)
2026-05-20 14:00:51,917 [INFO] Matchbook: fetched page offset=240, 20 events (total so far: 260)
2026-05-20 14:00:52,253 [INFO] Matchbook: fetched page offset=260, 20 events (total so far: 280)
2026-05-20 14:00:52,576 [INFO] Matchbook: fetched page offset=280, 20 events (total so far: 300)
2026-05-20 14:00:52,843 [INFO] Matchbook: fetched page offset=300, 20 events (total so far: 320)
2026-05-20 14:00:53,078 [INFO] Matchbook: fetched page offset=320, 20 events (total so far: 340)
2026-05-20 14:00:53,312 [INFO] Matchbook: fetched page offset=340, 12 events (total so far: 352)
2026-05-20 14:00:53,312 [INFO] Matchbook: processing 352 events
2026-05-20 14:00:53,321 [INFO] Matchbook: processed 20/352 events, 139 markets so far
2026-05-20 14:00:53,325 [INFO] Matchbook: processed 40/352 events, 291 markets so far
2026-05-20 14:00:53,338 [INFO] Matchbook: processed 60/352 events, 512 markets so far
2026-05-20 14:00:53,352 [INFO] Matchbook: processed 80/352 events, 823 markets so far
2026-05-20 14:00:53,464 [INFO] Matchbook: processed 100/352 events, 1375 markets so far
2026-05-20 14:00:53,484 [INFO] Matchbook: processed 120/352 events, 1840 markets so far
2026-05-20 14:00:53,512 [INFO] Matchbook: processed 140/352 events, 2461 markets so far
2026-05-20 14:00:53,537 [INFO] Matchbook: processed 160/352 events, 2847 markets so far
2026-05-20 14:00:53,538 [INFO] Matchbook: processed 180/352 events, 2867 markets so far
2026-05-20 14:00:53,545 [INFO] Matchbook: processed 200/352 events, 2920 markets so far
2026-05-20 14:00:53,546 [INFO] Matchbook: processed 220/352 events, 2940 markets so far
2026-05-20 14:00:53,563 [INFO] Matchbook: processed 240/352 events, 3302 markets so far
2026-05-20 14:00:53,587 [INFO] Matchbook: processed 260/352 events, 3837 markets so far
2026-05-20 14:00:53,614 [INFO] Matchbook: processed 280/352 events, 4490 markets so far
2026-05-20 14:00:53,637 [INFO] Matchbook: processed 300/352 events, 4978 markets so far
2026-05-20 14:00:53,649 [INFO] Matchbook: processed 320/352 events, 5293 markets so far
2026-05-20 14:00:53,652 [INFO] Matchbook: processed 340/352 events, 5313 markets so far
2026-05-20 14:00:53,654 [INFO] Matchbook: processed 352/352 events, 5325 markets so far
2026-05-20 14:00:53,654 [INFO] Matchbook: 5326 total markets, 554 above 25 GBP volume
2026-05-20 14:00:53,727 [INFO] matchbook: 5326 total, 554 above 25 GBP threshold
2026-05-20 14:00:53,982 [INFO] Snapshot written: /home/jwfalc/smarkets-bot/data/snapshots/matchbook/2026-05-20_13-00.json
2026-05-20 14:00:54,109 [INFO] Market log updated (matchbook)
2026-05-20 14:01:30,038 [INFO] Scanner complete for matchbook. Snapshot: 2026-05-20_13-00.json
2026-05-20 14:01:31,112 [RESEARCHER] matchbook: 343 tradeable markets from 2026-05-20_13-00.json
2026-05-20 14:01:31,191 [RESEARCHER] betfair: 198 tradeable markets from 2026-05-20_13-00.json
2026-05-20 14:01:31,194 [RESEARCHER] Market selection: 2 politics/current-affairs + 7 matchbook-sports + 8 betfair-sports = 17 total
2026-05-20 14:01:31,194 [RESEARCHER] [1/17] Dublin Central by-election
2026-05-20 14:01:37,071 [RESEARCHER] [2/17] Galway West By-Election Winner
2026-05-20 14:01:40,988 [RESEARCHER] [3/17] Winner
2026-05-20 14:01:48,856 [RESEARCHER] [4/17] Winner
2026-05-20 14:01:56,259 [RESEARCHER] [5/17] Winner
2026-05-20 14:02:03,885 [RESEARCHER] [6/17] To Be Relegated
2026-05-20 14:02:12,104 [RESEARCHER] [7/17] Winner
2026-05-20 14:02:20,278 [RESEARCHER] [8/17] Correct Score
2026-05-20 14:02:28,610 [RESEARCHER] [9/17] Match Odds
2026-05-20 14:02:36,141 [RESEARCHER] [10/17] Relegation
2026-05-20 14:02:39,121 [RESEARCHER] [11/17] Winner
2026-05-20 14:02:40,637 [RESEARCHER] [12/17] Match Odds
2026-05-20 14:02:49,087 [RESEARCHER] [13/17] Winner 2025/26
2026-05-20 14:02:56,657 [RESEARCHER] [14/17] Top 4 Finish
2026-05-20 14:03:04,202 [RESEARCHER] [15/17] Top 10 Finish
2026-05-20 14:03:07,206 [RESEARCHER] [16/17] Promotion 2025/26
2026-05-20 14:03:14,629 [RESEARCHER] [17/17] Winner 2025/26
2026-05-20 14:03:21,838 [RESEARCHER] Research brief written: 2026-05-20_13-03_brief.json
2026-05-20 14:03:21,838 [RESEARCHER] Markets: 17 | Errors: 0 | Credits used: 66
BRIEF_PATH:/home/jwfalc/smarkets-bot/data/research/2026-05-20_13-03_brief.json
2026-05-20 14:03:22,274 [ANALYZER] Loading research brief: 2026-05-20_13-03_brief.json
2026-05-20 14:03:22,597 [ANALYZER] Betfair cross-ref index: 5283 runners
2026-05-20 14:03:22,604 [ANALYZER] Analyzed 17 markets
2026-05-20 14:03:22,604 [ANALYZER] Found 2 signals (10pp+)
2026-05-20 14:03:22,604 [ANALYZER] Logged 11 distribution entries (7pp+)
2026-05-20 14:03:22,623 [ANALYZER] Research output written: 2026-05-20_13-03_research.json
2026-05-20 14:03:22,626 [ANALYZER] Appended 88 edge traces to edge_traces.json
RESEARCH_PATH:/home/jwfalc/smarkets-bot/data/research/2026-05-20_13-03_research.json
2026-05-20 14:03:23,469 [RESOLVE] Found 16 open trade(s) to check (paper_mode=True)
2026-05-20 14:03:23,566 [RESOLVE] Using cached Betfair session token
2026-05-20 14:03:23,567 [RESOLVE] Betfair: checking 2 open-trade markets
2026-05-20 14:03:36,471 [RESOLVE] Snapshot name lookup: found mappings for 2 markets
2026-05-20 14:03:36,576 [RESOLVE] Settled markets found: 0
2026-05-20 14:03:36,576 [RESOLVE] Standings: unknown competition for 'Men's French Open 2026 - Winner' — skip
2026-05-20 14:03:36,576 [RESOLVE] No open-trade markets have settled yet.
2026-05-20 14:03:37,507 [INFO] ============================================================
2026-05-20 14:03:37,507 [INFO] DIGEST RUN STARTED
2026-05-20 14:03:37,507 [INFO] ============================================================
2026-05-20 14:03:43,916 [INFO] Dashboard data written: /home/jwfalc/smarkets-bot/dashboard/dashboard_data.json
2026-05-20 14:03:43,996 [INFO] Period logs updated: 2026-05-20, 2026-W21, 2026-05, 2026-Q2
2026-05-20 14:03:43,997 [INFO] Run log: [2026-05-20 13:03 UTC] status=signal | platforms=betfair,matchbook | markets=754 | signals=2 | alerts=0 | movements=10 | consec_losses=1
2026-05-20 14:03:43,997 [INFO] Digest complete
Balance: £271.25 | Reserved: £63.59 | Available: £207.66
No new paper trades to log
Distribution log updated: 4 new entries added
Total entries: 568
  near_certainty: 4 total, 4 resolved
  high_prob: 14 total, 5 resolved
  7-9pp: 150 total, 33 resolved
  10-11pp: 46 total, 21 resolved
  12pp+: 354 total, 193 resolved

REVIEW DUE: 7-9pp band has 33 resolved entries (threshold: 12)
  Run: python distribution_logger.py report
  Then run: prompts/prompt_review_v1.md

REVIEW DUE: 7-9pp band has 33 resolved entries (threshold: 12)
  Run: python distribution_logger.py report
  Then run: prompts/prompt_review_v1.md
EXIT_CODE:0
Sent
2026-05-20 14:03:48,403 [STATIC-DASH] Building dashboard data…
2026-05-20 14:03:49,758 [STATIC-DASH] Data collected: 112 trades, 12 signals, 754 markets
2026-05-20 14:03:50,052 [STATIC-DASH] Written: /home/jwfalc/smarkets-dashboard/index.html (3164KB)
2026-05-20 14:03:50 [DEPLOY] Starting dashboard deploy...
WARNING: could not find injection point in HTML
HTML written OK
2026-05-20 14:03:50 [DEPLOY] Static HTML built
[main d8734c8] Deploy: 2026-05-20 14:03 UTC
 1 file changed, 1 insertion(+), 1 deletion(-)
To https://github.com/jwfalc-coder/smarkets-dashboard.git
   d171b23..d8734c8  main -> main
2026-05-20 14:03:50 [DEPLOY] Deploy complete: Deploy: 2026-05-20 14:03 UTC
[main 92d3e41] log: routine_2026-05-20_1400
 1 file changed, 163 insertions(+)
 create mode 100644 data/routine_logs/routine_2026-05-20_1400.log
From https://github.com/jwfalc-coder/betting-auditor
 * branch            main       -> FETCH_HEAD
Current branch main is up to date.
To https://github.com/jwfalc-coder/betting-auditor.git
   e6e6641..92d3e41  main -> main
