Sent
2026-05-14 18:00:02,105 [INFO] ============================================================
2026-05-14 18:00:02,105 [INFO] SCANNER RUN STARTED - BETFAIR
2026-05-14 18:00:02,106 [INFO] ============================================================
2026-05-14 18:00:02,519 [INFO] Cached Betfair session too old, re-logging in
2026-05-14 18:00:02,520 [INFO] Betfair login attempt 1/3
2026-05-14 18:00:02,667 [INFO] Betfair login successful
2026-05-14 18:00:02,816 [INFO] Catalogue: 100 markets for sport ID 1
2026-05-14 18:00:02,943 [INFO] Catalogue: 100 markets for sport ID 2
2026-05-14 18:00:03,061 [INFO] Catalogue: 100 markets for sport ID 7
2026-05-14 18:00:03,173 [INFO] Catalogue: 100 markets for sport ID 4
2026-05-14 18:00:03,266 [INFO] Catalogue: 0 markets for sport ID 2378961
2026-05-14 18:00:03,359 [INFO] Catalogue: 8 markets for sport ID 3
2026-05-14 18:00:03,581 [INFO] Catalogue: 100 markets for sport ID 7522
2026-05-14 18:00:03,687 [INFO] Catalogue: 6 markets for sport ID 6423
2026-05-14 18:00:03,687 [INFO] Betfair: fetching prices for 514 markets...
2026-05-14 18:00:08,377 [INFO] Betfair: enriching 514 markets with price data...
2026-05-14 18:00:08,385 [INFO] Betfair: enriched 50/514 markets, 13 tradeable so far
2026-05-14 18:00:08,392 [INFO] Betfair: enriched 100/514 markets, 24 tradeable so far
2026-05-14 18:00:08,394 [INFO] Betfair: enriched 150/514 markets, 25 tradeable so far
2026-05-14 18:00:08,399 [INFO] Betfair: enriched 200/514 markets, 31 tradeable so far
2026-05-14 18:00:08,408 [INFO] Betfair: enriched 250/514 markets, 54 tradeable so far
2026-05-14 18:00:08,417 [INFO] Betfair: enriched 300/514 markets, 68 tradeable so far
2026-05-14 18:00:08,421 [INFO] Betfair: enriched 350/514 markets, 74 tradeable so far
2026-05-14 18:00:08,424 [INFO] Betfair: enriched 400/514 markets, 76 tradeable so far
2026-05-14 18:00:08,477 [INFO] Betfair: enriched 450/514 markets, 94 tradeable so far
2026-05-14 18:00:08,528 [INFO] Betfair: enriched 500/514 markets, 97 tradeable so far
2026-05-14 18:00:08,545 [INFO] Betfair: enriched 514/514 markets, 101 tradeable so far
2026-05-14 18:00:08,548 [INFO] Betfair: 514 total markets, 101 above 100 GBP volume
2026-05-14 18:00:08,578 [INFO] betfair: 514 total, 101 above 100 GBP threshold
2026-05-14 18:00:08,783 [INFO] Snapshot written: /home/jwfalc/smarkets-bot/data/snapshots/betfair/2026-05-14_17-00.json
2026-05-14 18:00:08,882 [INFO] Market log updated (betfair)
2026-05-14 18:00:39,523 [INFO] Scanner complete for betfair. Snapshot: 2026-05-14_17-00.json
2026-05-14 18:00:40,511 [INFO] ============================================================
2026-05-14 18:00:40,511 [INFO] SCANNER RUN STARTED - MATCHBOOK
2026-05-14 18:00:40,511 [INFO] ============================================================
2026-05-14 18:00:40,878 [INFO] Matchbook login attempt 1/3
2026-05-14 18:00:41,104 [INFO] Matchbook login successful
2026-05-14 18:00:41,105 [INFO] Matchbook: fetching events with prices for 15 sports...
2026-05-14 18:00:41,245 [INFO] Matchbook: fetched page offset=0, 20 events (total so far: 20)
2026-05-14 18:00:41,620 [INFO] Matchbook: fetched page offset=20, 20 events (total so far: 40)
2026-05-14 18:00:41,926 [INFO] Matchbook: fetched page offset=40, 20 events (total so far: 60)
2026-05-14 18:00:42,227 [INFO] Matchbook: fetched page offset=60, 20 events (total so far: 80)
2026-05-14 18:00:42,551 [INFO] Matchbook: fetched page offset=80, 20 events (total so far: 100)
2026-05-14 18:00:42,941 [INFO] Matchbook: fetched page offset=100, 20 events (total so far: 120)
2026-05-14 18:00:43,254 [INFO] Matchbook: fetched page offset=120, 20 events (total so far: 140)
2026-05-14 18:00:43,570 [INFO] Matchbook: fetched page offset=140, 20 events (total so far: 160)
2026-05-14 18:00:43,886 [INFO] Matchbook: fetched page offset=160, 20 events (total so far: 180)
2026-05-14 18:00:44,324 [INFO] Matchbook: fetched page offset=180, 20 events (total so far: 200)
2026-05-14 18:00:44,617 [INFO] Matchbook: fetched page offset=200, 20 events (total so far: 220)
2026-05-14 18:00:44,857 [INFO] Matchbook: fetched page offset=220, 19 events (total so far: 239)
2026-05-14 18:00:44,858 [INFO] Matchbook: processing 239 events
2026-05-14 18:00:44,870 [INFO] Matchbook: processed 20/239 events, 242 markets so far
2026-05-14 18:00:44,890 [INFO] Matchbook: processed 40/239 events, 828 markets so far
2026-05-14 18:00:44,907 [INFO] Matchbook: processed 60/239 events, 1300 markets so far
2026-05-14 18:00:44,918 [INFO] Matchbook: processed 80/239 events, 1633 markets so far
2026-05-14 18:00:45,000 [INFO] Matchbook: processed 100/239 events, 2360 markets so far
2026-05-14 18:00:45,030 [INFO] Matchbook: processed 120/239 events, 3233 markets so far
2026-05-14 18:00:45,053 [INFO] Matchbook: processed 140/239 events, 3943 markets so far
2026-05-14 18:00:45,073 [INFO] Matchbook: processed 160/239 events, 4559 markets so far
2026-05-14 18:00:45,092 [INFO] Matchbook: processed 180/239 events, 5178 markets so far
2026-05-14 18:00:45,119 [INFO] Matchbook: processed 200/239 events, 5895 markets so far
2026-05-14 18:00:45,136 [INFO] Matchbook: processed 220/239 events, 6340 markets so far
2026-05-14 18:00:45,138 [INFO] Matchbook: processed 239/239 events, 6359 markets so far
2026-05-14 18:00:45,138 [INFO] Matchbook: 6360 total markets, 524 above 25 GBP volume
2026-05-14 18:00:45,193 [INFO] matchbook: 6360 total, 524 above 25 GBP threshold
2026-05-14 18:00:45,389 [INFO] Snapshot written: /home/jwfalc/smarkets-bot/data/snapshots/matchbook/2026-05-14_17-00.json
2026-05-14 18:00:45,494 [INFO] Market log updated (matchbook)
2026-05-14 18:01:17,943 [INFO] Scanner complete for matchbook. Snapshot: 2026-05-14_17-00.json
2026-05-14 18:01:18,654 [RESEARCHER] matchbook: 368 tradeable markets from 2026-05-14_17-00.json
2026-05-14 18:01:18,656 [RESEARCHER] Market selection: 0 politics/current-affairs + 15 matchbook-sports + 0 betfair-sports = 15 total
2026-05-14 18:01:18,657 [RESEARCHER] [1/15] Winner
2026-05-14 18:01:22,869 [RESEARCHER] [2/15] Winner
2026-05-14 18:01:26,976 [RESEARCHER] [3/15] Winner
2026-05-14 18:01:31,016 [RESEARCHER] [4/15] To Be Relegated
2026-05-14 18:01:35,747 [RESEARCHER] [5/15] Winner
2026-05-14 18:01:40,907 [RESEARCHER] [6/15] Match Odds
2026-05-14 18:01:44,442 [RESEARCHER] [7/15] Match Odds
2026-05-14 18:01:48,148 [RESEARCHER] [8/15] Top 10 Finish
2026-05-14 18:01:50,605 [RESEARCHER] [9/15] Top 5 Finish
2026-05-14 18:01:52,985 [RESEARCHER] [10/15] Correct Score
2026-05-14 18:01:56,863 [RESEARCHER] [11/15] Top 4 Finish
2026-05-14 18:02:02,083 [RESEARCHER] [12/15] Match Odds
2026-05-14 18:02:06,738 [RESEARCHER] [13/15] Winner
2026-05-14 18:02:10,623 [RESEARCHER] [14/15] Top 6 Finish
2026-05-14 18:02:14,677 [RESEARCHER] [15/15] Correct Score
2026-05-14 18:02:18,768 [RESEARCHER] Research brief written: 2026-05-14_17-02_brief.json
2026-05-14 18:02:18,768 [RESEARCHER] Markets: 15 | Errors: 0 | Credits used: 30
BRIEF_PATH:/home/jwfalc/smarkets-bot/data/research/2026-05-14_17-02_brief.json
2026-05-14 18:02:19,060 [ANALYZER] Loading research brief: 2026-05-14_17-02_brief.json
2026-05-14 18:02:19,144 [ANALYZER] Analyzed 15 markets
2026-05-14 18:02:19,145 [ANALYZER] Found 2 signals (10pp+)
2026-05-14 18:02:19,145 [ANALYZER] Logged 8 distribution entries (7pp+)
2026-05-14 18:02:19,158 [ANALYZER] Research output written: 2026-05-14_17-02_research.json
2026-05-14 18:02:19,160 [ANALYZER] Appended 69 edge traces to edge_traces.json
RESEARCH_PATH:/home/jwfalc/smarkets-bot/data/research/2026-05-14_17-02_research.json
2026-05-14 18:02:19,721 [RESOLVE] Found 28 open trade(s) to check (paper_mode=True)
2026-05-14 18:02:19,722 [RESOLVE] Settled markets found: 0
2026-05-14 18:02:19,728 [RESOLVE] Standings fallback: 2 season future market(s) to check
2026-05-14 18:02:20,187 [RESOLVE] Standings: no match for ' Scottie Scheffler' in 24-team table
2026-05-14 18:02:20,188 [RESOLVE] Standings: no match for ' Scottie Scheffler' in 24-team table
2026-05-14 18:02:20,189 [RESOLVE] No open-trade markets have settled yet.
2026-05-14 18:02:20,792 [INFO] ============================================================
2026-05-14 18:02:20,793 [INFO] DIGEST RUN STARTED
2026-05-14 18:02:20,793 [INFO] ============================================================
2026-05-14 18:02:26,024 [INFO] Dashboard data written: /home/jwfalc/smarkets-bot/dashboard/dashboard_data.json
2026-05-14 18:02:26,107 [INFO] Period logs updated: 2026-05-14, 2026-W20, 2026-05, 2026-Q2
2026-05-14 18:02:26,107 [INFO] Run log: [2026-05-14 17:02 UTC] status=signal | platforms=betfair,matchbook | markets=625 | signals=2 | alerts=0 | movements=10 | consec_losses=0
2026-05-14 18:02:26,108 [INFO] Digest complete
Balance: £180.68 | Reserved: £199.66 | Available: £-18.98
Skipping (already open): Top 6 Finish LAY
Skipping (already open): Top 6 Finish LAY
No new paper trades to log
Distribution log updated: 0 new entries added
Total entries: 560
  7-9pp: 149 total, 23 resolved
  10-11pp: 64 total, 37 resolved
  12pp+: 347 total, 169 resolved

REVIEW DUE: 7-9pp band has 23 resolved entries (threshold: 12)
  Run: python distribution_logger.py report
  Then run: prompts/prompt_review_v1.md

REVIEW DUE: 7-9pp band has 23 resolved entries (threshold: 12)
  Run: python distribution_logger.py report
  Then run: prompts/prompt_review_v1.md
EXIT_CODE:0
Sent
2026-05-14 18:02:28,980 [STATIC-DASH] Building dashboard data…
2026-05-14 18:02:30,036 [STATIC-DASH] Data collected: 139 trades, 68 signals, 625 markets
2026-05-14 18:02:30,228 [STATIC-DASH] Written: /home/jwfalc/smarkets-dashboard/index.html (2497KB)
2026-05-14 18:02:30 [DEPLOY] Starting dashboard deploy...
WARNING: could not find injection point in HTML
HTML written OK
2026-05-14 18:02:30 [DEPLOY] Static HTML built
[main 890ec5d] Deploy: 2026-05-14 18:02 UTC
 1 file changed, 1 insertion(+), 1 deletion(-)
To https://github.com/jwfalc-coder/smarkets-dashboard.git
   11ce6fc..890ec5d  main -> main
2026-05-14 18:02:30 [DEPLOY] Deploy complete: Deploy: 2026-05-14 18:02 UTC
