Sent
2026-05-23 14:00:02,348 [INFO] ============================================================
2026-05-23 14:00:02,349 [INFO] SCANNER RUN STARTED - BETFAIR
2026-05-23 14:00:02,349 [INFO] ============================================================
2026-05-23 14:00:02,743 [INFO] Cached Betfair session too old, re-logging in
2026-05-23 14:00:02,744 [INFO] Betfair login attempt 1/3
2026-05-23 14:00:02,889 [INFO] Betfair login successful
2026-05-23 14:00:03,032 [INFO] Catalogue: 100 markets for sport ID 1
2026-05-23 14:00:03,165 [INFO] Catalogue: 100 markets for sport ID 2
2026-05-23 14:00:03,287 [INFO] Catalogue: 100 markets for sport ID 7
2026-05-23 14:00:03,401 [INFO] Catalogue: 100 markets for sport ID 4
2026-05-23 14:00:03,485 [INFO] Catalogue: 0 markets for sport ID 2378961
2026-05-23 14:00:03,589 [INFO] Catalogue: 30 markets for sport ID 3
2026-05-23 14:00:03,831 [INFO] Catalogue: 100 markets for sport ID 7522
2026-05-23 14:00:03,940 [INFO] Catalogue: 9 markets for sport ID 6423
2026-05-23 14:00:03,940 [INFO] Betfair: fetching prices for 539 markets...
2026-05-23 14:00:08,520 [INFO] Betfair: enriching 539 markets with price data...
2026-05-23 14:00:08,525 [INFO] Betfair: enriched 50/539 markets, 11 tradeable so far
2026-05-23 14:00:08,529 [INFO] Betfair: enriched 100/539 markets, 22 tradeable so far
2026-05-23 14:00:08,532 [INFO] Betfair: enriched 150/539 markets, 27 tradeable so far
2026-05-23 14:00:08,533 [INFO] Betfair: enriched 200/539 markets, 27 tradeable so far
2026-05-23 14:00:08,544 [INFO] Betfair: enriched 250/539 markets, 62 tradeable so far
2026-05-23 14:00:08,551 [INFO] Betfair: enriched 300/539 markets, 89 tradeable so far
2026-05-23 14:00:08,555 [INFO] Betfair: enriched 350/539 markets, 103 tradeable so far
2026-05-23 14:00:08,557 [INFO] Betfair: enriched 400/539 markets, 109 tradeable so far
2026-05-23 14:00:08,596 [INFO] Betfair: enriched 450/539 markets, 136 tradeable so far
2026-05-23 14:00:08,645 [INFO] Betfair: enriched 500/539 markets, 148 tradeable so far
2026-05-23 14:00:08,700 [INFO] Betfair: enriched 539/539 markets, 155 tradeable so far
2026-05-23 14:00:08,703 [INFO] Betfair: 539 total markets, 155 above 100 GBP volume
2026-05-23 14:00:08,835 [INFO] Outrights: 32 markets for sport 1
2026-05-23 14:00:08,929 [INFO] Outrights: 13 markets for sport 3
2026-05-23 14:00:09,011 [INFO] Outrights: 0 markets for sport 2378961
2026-05-23 14:00:09,458 [INFO] Outrights: 41 markets above 25 GBP
2026-05-23 14:00:09,463 [INFO] Betfair: added 38 outright markets for cross-ref
2026-05-23 14:00:09,464 [INFO] betfair: 577 total, 193 above 100 GBP threshold
2026-05-23 14:00:09,798 [INFO] Snapshot written: /home/jwfalc/smarkets-bot/data/snapshots/betfair/2026-05-23_13-00.json
2026-05-23 14:00:09,983 [INFO] Market log updated (betfair)
2026-05-23 14:00:43,086 [INFO] Scanner complete for betfair. Snapshot: 2026-05-23_13-00.json
2026-05-23 14:00:43,442 [INFO] ============================================================
2026-05-23 14:00:43,443 [INFO] SCANNER RUN STARTED - MATCHBOOK
2026-05-23 14:00:43,443 [INFO] ============================================================
2026-05-23 14:00:43,794 [INFO] Matchbook login attempt 1/3
2026-05-23 14:00:43,958 [INFO] Matchbook login successful
2026-05-23 14:00:43,959 [INFO] Matchbook: fetching events with prices for 15 sports...
2026-05-23 14:00:44,108 [INFO] Matchbook: fetched page offset=0, 20 events (total so far: 20)
2026-05-23 14:00:44,424 [INFO] Matchbook: fetched page offset=20, 20 events (total so far: 40)
2026-05-23 14:00:44,733 [INFO] Matchbook: fetched page offset=40, 20 events (total so far: 60)
2026-05-23 14:00:44,966 [INFO] Matchbook: fetched page offset=60, 20 events (total so far: 80)
2026-05-23 14:00:45,323 [INFO] Matchbook: fetched page offset=80, 20 events (total so far: 100)
2026-05-23 14:00:45,626 [INFO] Matchbook: fetched page offset=100, 20 events (total so far: 120)
2026-05-23 14:00:45,959 [INFO] Matchbook: fetched page offset=120, 20 events (total so far: 140)
2026-05-23 14:00:46,263 [INFO] Matchbook: fetched page offset=140, 20 events (total so far: 160)
2026-05-23 14:00:46,617 [INFO] Matchbook: fetched page offset=160, 20 events (total so far: 180)
2026-05-23 14:00:47,036 [INFO] Matchbook: fetched page offset=180, 20 events (total so far: 200)
2026-05-23 14:00:47,342 [INFO] Matchbook: fetched page offset=200, 20 events (total so far: 220)
2026-05-23 14:00:47,671 [INFO] Matchbook: fetched page offset=220, 20 events (total so far: 240)
2026-05-23 14:00:47,989 [INFO] Matchbook: fetched page offset=240, 20 events (total so far: 260)
2026-05-23 14:00:48,257 [INFO] Matchbook: fetched page offset=260, 20 events (total so far: 280)
2026-05-23 14:00:48,585 [INFO] Matchbook: fetched page offset=280, 20 events (total so far: 300)
2026-05-23 14:00:48,917 [INFO] Matchbook: fetched page offset=300, 20 events (total so far: 320)
2026-05-23 14:00:49,391 [INFO] Matchbook: fetched page offset=320, 20 events (total so far: 340)
2026-05-23 14:00:49,719 [INFO] Matchbook: fetched page offset=340, 20 events (total so far: 360)
2026-05-23 14:00:50,092 [INFO] Matchbook: fetched page offset=360, 20 events (total so far: 380)
2026-05-23 14:00:50,359 [INFO] Matchbook: fetched page offset=380, 20 events (total so far: 400)
2026-05-23 14:00:50,624 [INFO] Matchbook: fetched page offset=400, 20 events (total so far: 420)
2026-05-23 14:00:50,904 [INFO] Matchbook: fetched page offset=420, 20 events (total so far: 440)
2026-05-23 14:00:51,188 [INFO] Matchbook: fetched page offset=440, 20 events (total so far: 460)
2026-05-23 14:00:51,465 [INFO] Matchbook: fetched page offset=460, 20 events (total so far: 480)
2026-05-23 14:00:51,717 [INFO] Matchbook: fetched page offset=480, 20 events (total so far: 500)
2026-05-23 14:00:51,958 [INFO] Matchbook: fetched page offset=500, 20 events (total so far: 520)
2026-05-23 14:00:52,184 [INFO] Matchbook: processing 520 events
2026-05-23 14:00:52,200 [INFO] Matchbook: processed 20/520 events, 319 markets so far
2026-05-23 14:00:52,217 [INFO] Matchbook: processed 40/520 events, 844 markets so far
2026-05-23 14:00:52,271 [INFO] Matchbook: processed 60/520 events, 1340 markets so far
2026-05-23 14:00:52,272 [INFO] Matchbook: processed 80/520 events, 1360 markets so far
2026-05-23 14:00:52,289 [INFO] Matchbook: processed 100/520 events, 1945 markets so far
2026-05-23 14:00:52,307 [INFO] Matchbook: processed 120/520 events, 2531 markets so far
2026-05-23 14:00:52,324 [INFO] Matchbook: processed 140/520 events, 3117 markets so far
2026-05-23 14:00:52,339 [INFO] Matchbook: processed 160/520 events, 3700 markets so far
2026-05-23 14:00:52,365 [INFO] Matchbook: processed 180/520 events, 4407 markets so far
2026-05-23 14:00:52,387 [INFO] Matchbook: processed 200/520 events, 5092 markets so far
2026-05-23 14:00:52,403 [INFO] Matchbook: processed 220/520 events, 5719 markets so far
2026-05-23 14:00:52,421 [INFO] Matchbook: processed 240/520 events, 6349 markets so far
2026-05-23 14:00:52,449 [INFO] Matchbook: processed 260/520 events, 6980 markets so far
2026-05-23 14:00:52,461 [INFO] Matchbook: processed 280/520 events, 7453 markets so far
2026-05-23 14:00:52,474 [INFO] Matchbook: processed 300/520 events, 7853 markets so far
2026-05-23 14:00:52,490 [INFO] Matchbook: processed 320/520 events, 8377 markets so far
2026-05-23 14:00:52,514 [INFO] Matchbook: processed 340/520 events, 9029 markets so far
2026-05-23 14:00:52,536 [INFO] Matchbook: processed 360/520 events, 9662 markets so far
2026-05-23 14:00:52,560 [INFO] Matchbook: processed 380/520 events, 10380 markets so far
2026-05-23 14:00:52,570 [INFO] Matchbook: processed 400/520 events, 10765 markets so far
2026-05-23 14:00:52,579 [INFO] Matchbook: processed 420/520 events, 11143 markets so far
2026-05-23 14:00:52,597 [INFO] Matchbook: processed 440/520 events, 11536 markets so far
2026-05-23 14:00:52,606 [INFO] Matchbook: processed 460/520 events, 11921 markets so far
2026-05-23 14:00:52,619 [INFO] Matchbook: processed 480/520 events, 12420 markets so far
2026-05-23 14:00:52,622 [INFO] Matchbook: processed 500/520 events, 12440 markets so far
2026-05-23 14:00:52,624 [INFO] Matchbook: processed 520/520 events, 12460 markets so far
2026-05-23 14:00:52,625 [INFO] Matchbook: 12461 total markets, 1124 above 25 GBP volume
2026-05-23 14:00:52,721 [INFO] matchbook: 12461 total, 1124 above 25 GBP threshold
2026-05-23 14:00:53,080 [INFO] Snapshot written: /home/jwfalc/smarkets-bot/data/snapshots/matchbook/2026-05-23_13-00.json
2026-05-23 14:00:53,270 [INFO] Market log updated (matchbook)
2026-05-23 14:01:25,686 [INFO] Scanner complete for matchbook. Snapshot: 2026-05-23_13-00.json
2026-05-23 14:01:26,449 [RESEARCHER] matchbook: 1124 tradeable markets from 2026-05-23_13-00.json
2026-05-23 14:01:26,452 [RESEARCHER] Market selection: 0 politics/current-affairs + 15 sports = 15 total (platforms: ['matchbook'])
2026-05-23 14:01:26,452 [RESEARCHER] [1/15] Winner
2026-05-23 14:01:34,278 [RESEARCHER] [2/15] Winner
2026-05-23 14:01:41,557 [RESEARCHER] [3/15] Winner
2026-05-23 14:01:49,023 [RESEARCHER] [4/15] To Be Relegated
2026-05-23 14:01:56,168 [RESEARCHER] [5/15] Winner
2026-05-23 14:02:03,238 [RESEARCHER] [6/15] Correct Score
2026-05-23 14:02:11,351 [RESEARCHER] [7/15] Match Odds
2026-05-23 14:02:18,849 [RESEARCHER] [8/15] Match Odds
2026-05-23 14:02:26,570 [RESEARCHER] [9/15] Match Odds
2026-05-23 14:02:34,026 [RESEARCHER] [10/15] Match Odds
2026-05-23 14:02:41,817 [RESEARCHER] [11/15] Top 4 Finish
2026-05-23 14:02:51,027 [RESEARCHER] [12/15] Match Odds
2026-05-23 14:02:58,410 [RESEARCHER] [13/15] Match Odds
2026-05-23 14:03:05,087 [RESEARCHER] [14/15] Match Odds
2026-05-23 14:03:12,199 [RESEARCHER] [15/15] Winner
2026-05-23 14:03:20,960 [RESEARCHER] Research brief written: 2026-05-23_13-03_brief.json
2026-05-23 14:03:20,961 [RESEARCHER] Markets: 15 | Errors: 0 | Credits used: 60
BRIEF_PATH:/home/jwfalc/smarkets-bot/data/research/2026-05-23_13-03_brief.json
2026-05-23 14:03:21,265 [ANALYZER] Loading research brief: 2026-05-23_13-03_brief.json
2026-05-23 14:03:21,568 [ANALYZER] Betfair cross-ref index: 4031 runners
2026-05-23 14:03:21,572 [ANALYZER] Analyzed 15 markets
2026-05-23 14:03:21,572 [ANALYZER] Found 0 signals (10pp+)
2026-05-23 14:03:21,572 [ANALYZER] Logged 2 distribution entries (7pp+)
2026-05-23 14:03:21,583 [ANALYZER] Research output written: 2026-05-23_13-03_research.json
2026-05-23 14:03:21,585 [ANALYZER] Appended 60 edge traces to edge_traces.json
RESEARCH_PATH:/home/jwfalc/smarkets-bot/data/research/2026-05-23_13-03_research.json
2026-05-23 14:03:22,154 [RESOLVE] Found 17 open trade(s) to check (paper_mode=True)
2026-05-23 14:03:22,222 [RESOLVE] Using cached Betfair session token
2026-05-23 14:03:22,222 [RESOLVE] Betfair: checking 2 open-trade markets
2026-05-23 14:03:29,275 [RESOLVE] Snapshot name lookup: found mappings for 2 markets
2026-05-23 14:03:29,359 [RESOLVE] Web fallback: 1 stale match market(s) to look up
2026-05-23 14:03:55,701 [RESOLVE] Stale market unresolved — manual check needed: 'SC Freiburg vs Aston Villa' (market=33223408744800023, logged 2026-05-20). Tip: add [football_data] api_key to config.toml for CL coverage.
2026-05-23 14:03:55,701 [RESOLVE] Settled markets found: 0
2026-05-23 14:03:55,702 [RESOLVE] Standings: unknown competition for 'Men's French Open 2026 - Winner' — skip
2026-05-23 14:03:55,702 [RESOLVE] No open-trade markets have settled yet.
2026-05-23 14:03:56,354 [INFO] ============================================================
2026-05-23 14:03:56,356 [INFO] DIGEST RUN STARTED
2026-05-23 14:03:56,356 [INFO] ============================================================
2026-05-23 14:04:01,713 [INFO] Dashboard data written: /home/jwfalc/smarkets-bot/dashboard/dashboard_data.json
2026-05-23 14:04:01,780 [INFO] Period logs updated: 2026-05-23, 2026-W21, 2026-05, 2026-Q2
2026-05-23 14:04:01,781 [INFO] Run log: [2026-05-23 13:03 UTC] status=ok | platforms=betfair,matchbook | markets=1317 | signals=0 | alerts=0 | movements=10 | consec_losses=1
2026-05-23 14:04:01,781 [INFO] Digest complete
Balance: £271.25 | Reserved: £75.59 | Available: £195.66
No new paper trades to log
Distribution log updated: 1 new entries added
Total entries: 599
  near_certainty: 4 total, 4 resolved
  high_prob: 14 total, 5 resolved
  7-9pp: 159 total, 33 resolved
  10-11pp: 50 total, 21 resolved
  12pp+: 372 total, 193 resolved

REVIEW DUE: 7-9pp band has 33 resolved entries (threshold: 12)
  Run: python distribution_logger.py report
  Then run: prompts/prompt_review_v1.md

REVIEW DUE: 7-9pp band has 33 resolved entries (threshold: 12)
  Run: python distribution_logger.py report
  Then run: prompts/prompt_review_v1.md
EXIT_CODE:0
Sent
2026-05-23 14:04:04,700 [STATIC-DASH] Building dashboard data…
2026-05-23 14:04:05,799 [STATIC-DASH] Data collected: 113 trades, 14 signals, 1317 markets
2026-05-23 14:04:06,138 [STATIC-DASH] Written: /home/jwfalc/smarkets-dashboard/index.html (3665KB)
2026-05-23 14:04:06 [DEPLOY] Starting dashboard deploy...
WARNING: could not find injection point in HTML
HTML written OK
2026-05-23 14:04:06 [DEPLOY] Static HTML built
[main aec14ae] Deploy: 2026-05-23 14:04 UTC
 1 file changed, 1 insertion(+), 1 deletion(-)
To https://github.com/jwfalc-coder/smarkets-dashboard.git
   7c880c7..aec14ae  main -> main
2026-05-23 14:04:06 [DEPLOY] Deploy complete: Deploy: 2026-05-23 14:04 UTC
[main 7d81c29] log: routine_2026-05-23_1400
 1 file changed, 177 insertions(+)
 create mode 100644 data/routine_logs/routine_2026-05-23_1400.log
From https://github.com/jwfalc-coder/betting-auditor
 * branch            main       -> FETCH_HEAD
Current branch main is up to date.
To https://github.com/jwfalc-coder/betting-auditor.git
   81f9693..7d81c29  main -> main
