Sent
2026-05-09 14:00:02,844 [INFO] ============================================================
2026-05-09 14:00:02,844 [INFO] SCANNER RUN STARTED - BETFAIR
2026-05-09 14:00:02,844 [INFO] ============================================================
2026-05-09 14:00:03,239 [INFO] Cached Betfair session too old, re-logging in
2026-05-09 14:00:03,239 [INFO] Betfair login attempt 1/3
2026-05-09 14:00:03,391 [INFO] Betfair login successful
2026-05-09 14:00:03,551 [INFO] Catalogue: 100 markets for sport ID 1
2026-05-09 14:00:03,675 [INFO] Catalogue: 100 markets for sport ID 2
2026-05-09 14:00:03,807 [INFO] Catalogue: 100 markets for sport ID 7
2026-05-09 14:00:03,956 [INFO] Catalogue: 100 markets for sport ID 4
2026-05-09 14:00:04,047 [INFO] Catalogue: 2 markets for sport ID 2378961
2026-05-09 14:00:04,147 [INFO] Catalogue: 23 markets for sport ID 3
2026-05-09 14:00:04,466 [INFO] Catalogue: 100 markets for sport ID 7522
2026-05-09 14:00:04,580 [INFO] Catalogue: 9 markets for sport ID 6423
2026-05-09 14:00:04,580 [INFO] Betfair: fetching prices for 534 markets...
2026-05-09 14:00:09,511 [INFO] Betfair: enriching 534 markets with price data...
2026-05-09 14:00:09,515 [INFO] Betfair: enriched 50/534 markets, 17 tradeable so far
2026-05-09 14:00:09,524 [INFO] Betfair: enriched 100/534 markets, 55 tradeable so far
2026-05-09 14:00:09,527 [INFO] Betfair: enriched 150/534 markets, 58 tradeable so far
2026-05-09 14:00:09,529 [INFO] Betfair: enriched 200/534 markets, 64 tradeable so far
2026-05-09 14:00:09,538 [INFO] Betfair: enriched 250/534 markets, 90 tradeable so far
2026-05-09 14:00:09,546 [INFO] Betfair: enriched 300/534 markets, 117 tradeable so far
2026-05-09 14:00:09,549 [INFO] Betfair: enriched 350/534 markets, 125 tradeable so far
2026-05-09 14:00:09,551 [INFO] Betfair: enriched 400/534 markets, 132 tradeable so far
2026-05-09 14:00:09,585 [INFO] Betfair: enriched 450/534 markets, 154 tradeable so far
2026-05-09 14:00:09,636 [INFO] Betfair: enriched 500/534 markets, 166 tradeable so far
2026-05-09 14:00:09,684 [INFO] Betfair: enriched 534/534 markets, 177 tradeable so far
2026-05-09 14:00:09,688 [INFO] Betfair: 534 total markets, 177 above 100 GBP volume
2026-05-09 14:00:09,718 [INFO] betfair: 534 total, 177 above 100 GBP threshold
2026-05-09 14:00:10,083 [INFO] Snapshot written: /home/jwfalc/smarkets-bot/data/snapshots/betfair/2026-05-09_13-00.json
2026-05-09 14:00:10,257 [INFO] Market log updated (betfair)
2026-05-09 14:00:36,446 [INFO] Scanner complete for betfair. Snapshot: 2026-05-09_13-00.json
2026-05-09 14:00:36,920 [INFO] ============================================================
2026-05-09 14:00:36,921 [INFO] SCANNER RUN STARTED - MATCHBOOK
2026-05-09 14:00:36,921 [INFO] ============================================================
2026-05-09 14:00:37,416 [INFO] Matchbook login attempt 1/3
2026-05-09 14:00:37,590 [INFO] Matchbook login successful
2026-05-09 14:00:37,590 [INFO] Matchbook: fetching events with prices for 15 sports...
2026-05-09 14:00:37,754 [INFO] Matchbook: fetched page offset=0, 20 events (total so far: 20)
2026-05-09 14:00:38,086 [INFO] Matchbook: fetched page offset=20, 20 events (total so far: 40)
2026-05-09 14:00:38,419 [INFO] Matchbook: fetched page offset=40, 20 events (total so far: 60)
2026-05-09 14:00:38,851 [INFO] Matchbook: fetched page offset=60, 20 events (total so far: 80)
2026-05-09 14:00:39,219 [INFO] Matchbook: fetched page offset=80, 20 events (total so far: 100)
2026-05-09 14:00:39,587 [INFO] Matchbook: fetched page offset=100, 20 events (total so far: 120)
2026-05-09 14:00:39,923 [INFO] Matchbook: fetched page offset=120, 20 events (total so far: 140)
2026-05-09 14:00:40,306 [INFO] Matchbook: fetched page offset=140, 20 events (total so far: 160)
2026-05-09 14:00:40,654 [INFO] Matchbook: fetched page offset=160, 20 events (total so far: 180)
2026-05-09 14:00:41,002 [INFO] Matchbook: fetched page offset=180, 20 events (total so far: 200)
2026-05-09 14:00:41,354 [INFO] Matchbook: fetched page offset=200, 20 events (total so far: 220)
2026-05-09 14:00:41,704 [INFO] Matchbook: fetched page offset=220, 20 events (total so far: 240)
2026-05-09 14:00:42,035 [INFO] Matchbook: fetched page offset=240, 20 events (total so far: 260)
2026-05-09 14:00:42,354 [INFO] Matchbook: fetched page offset=260, 20 events (total so far: 280)
2026-05-09 14:00:42,656 [INFO] Matchbook: fetched page offset=280, 20 events (total so far: 300)
2026-05-09 14:00:43,095 [INFO] Matchbook: fetched page offset=300, 20 events (total so far: 320)
2026-05-09 14:00:43,450 [INFO] Matchbook: fetched page offset=320, 20 events (total so far: 340)
2026-05-09 14:00:43,751 [INFO] Matchbook: fetched page offset=340, 20 events (total so far: 360)
2026-05-09 14:00:44,034 [INFO] Matchbook: fetched page offset=360, 20 events (total so far: 380)
2026-05-09 14:00:44,368 [INFO] Matchbook: fetched page offset=380, 20 events (total so far: 400)
2026-05-09 14:00:44,771 [INFO] Matchbook: fetched page offset=400, 20 events (total so far: 420)
2026-05-09 14:00:45,126 [INFO] Matchbook: fetched page offset=420, 20 events (total so far: 440)
2026-05-09 14:00:45,519 [INFO] Matchbook: fetched page offset=440, 20 events (total so far: 460)
2026-05-09 14:00:45,801 [INFO] Matchbook: fetched page offset=460, 20 events (total so far: 480)
2026-05-09 14:00:46,123 [INFO] Matchbook: fetched page offset=480, 20 events (total so far: 500)
2026-05-09 14:00:46,398 [INFO] Matchbook: fetched page offset=500, 20 events (total so far: 520)
2026-05-09 14:00:46,635 [INFO] Matchbook: fetched page offset=520, 12 events (total so far: 532)
2026-05-09 14:00:46,636 [INFO] Matchbook: processing 532 events
2026-05-09 14:00:46,651 [INFO] Matchbook: processed 20/532 events, 204 markets so far
2026-05-09 14:00:46,768 [INFO] Matchbook: processed 40/532 events, 579 markets so far
2026-05-09 14:00:46,790 [INFO] Matchbook: processed 60/532 events, 1150 markets so far
2026-05-09 14:00:46,823 [INFO] Matchbook: processed 80/532 events, 1823 markets so far
2026-05-09 14:00:46,852 [INFO] Matchbook: processed 100/532 events, 2504 markets so far
2026-05-09 14:00:46,873 [INFO] Matchbook: processed 120/532 events, 3103 markets so far
2026-05-09 14:00:46,895 [INFO] Matchbook: processed 140/532 events, 3642 markets so far
2026-05-09 14:00:46,920 [INFO] Matchbook: processed 160/532 events, 4301 markets so far
2026-05-09 14:00:46,947 [INFO] Matchbook: processed 180/532 events, 4940 markets so far
2026-05-09 14:00:46,968 [INFO] Matchbook: processed 200/532 events, 5437 markets so far
2026-05-09 14:00:47,008 [INFO] Matchbook: processed 220/532 events, 6133 markets so far
2026-05-09 14:00:47,033 [INFO] Matchbook: processed 240/532 events, 6806 markets so far
2026-05-09 14:00:47,053 [INFO] Matchbook: processed 260/532 events, 7375 markets so far
2026-05-09 14:00:47,074 [INFO] Matchbook: processed 280/532 events, 7990 markets so far
2026-05-09 14:00:47,096 [INFO] Matchbook: processed 300/532 events, 8592 markets so far
2026-05-09 14:00:47,117 [INFO] Matchbook: processed 320/532 events, 9227 markets so far
2026-05-09 14:00:47,140 [INFO] Matchbook: processed 340/532 events, 9866 markets so far
2026-05-09 14:00:47,157 [INFO] Matchbook: processed 360/532 events, 10386 markets so far
2026-05-09 14:00:47,183 [INFO] Matchbook: processed 380/532 events, 10889 markets so far
2026-05-09 14:00:47,203 [INFO] Matchbook: processed 400/532 events, 11531 markets so far
2026-05-09 14:00:47,234 [INFO] Matchbook: processed 420/532 events, 12299 markets so far
2026-05-09 14:00:47,265 [INFO] Matchbook: processed 440/532 events, 13101 markets so far
2026-05-09 14:00:47,299 [INFO] Matchbook: processed 460/532 events, 13940 markets so far
2026-05-09 14:00:47,312 [INFO] Matchbook: processed 480/532 events, 14389 markets so far
2026-05-09 14:00:47,338 [INFO] Matchbook: processed 500/532 events, 15213 markets so far
2026-05-09 14:00:47,358 [INFO] Matchbook: processed 520/532 events, 15450 markets so far
2026-05-09 14:00:47,361 [INFO] Matchbook: processed 532/532 events, 15462 markets so far
2026-05-09 14:00:47,362 [INFO] Matchbook: 15463 total markets, 1295 above 25 GBP volume
2026-05-09 14:00:47,532 [INFO] matchbook: 15463 total, 1295 above 25 GBP threshold
2026-05-09 14:00:48,024 [INFO] Snapshot written: /home/jwfalc/smarkets-bot/data/snapshots/matchbook/2026-05-09_13-00.json
2026-05-09 14:00:48,270 [INFO] Market log updated (matchbook)
2026-05-09 14:01:16,371 [INFO] Scanner complete for matchbook. Snapshot: 2026-05-09_13-00.json
2026-05-09 14:01:17,470 [RESEARCHER] betfair: 177 tradeable markets from 2026-05-09_13-00.json
2026-05-09 14:01:17,569 [RESEARCHER] matchbook: 836 tradeable markets from 2026-05-09_13-00.json
2026-05-09 14:01:17,576 [RESEARCHER] Market selection: 2 politics/current-affairs + 7 matchbook-sports + 8 betfair-sports = 17 total
2026-05-09 14:01:17,577 [RESEARCHER] [1/17] 2026 Dublin Central by-election
2026-05-09 14:01:22,819 [RESEARCHER] [2/17] 2026 Galway West By-Election Winner
2026-05-09 14:01:26,949 [RESEARCHER] [3/17] Winner
2026-05-09 14:01:30,548 [RESEARCHER] [4/17] Winner
2026-05-09 14:01:34,098 [RESEARCHER] [5/17] Winner
2026-05-09 14:01:37,381 [RESEARCHER] [6/17] Winner
2026-05-09 14:01:40,999 [RESEARCHER] [7/17] Winner
2026-05-09 14:01:44,163 [RESEARCHER] [8/17] Correct Score
2026-05-09 14:01:47,848 [RESEARCHER] [9/17] To Be Relegated
2026-05-09 14:01:51,184 [RESEARCHER] [10/17] Match Odds
2026-05-09 14:01:55,394 [RESEARCHER] [11/17] Pakistan 1st Innings Runs Line
2026-05-09 14:01:58,864 [RESEARCHER] [12/17] Match Odds
2026-05-09 14:02:02,449 [RESEARCHER] [13/17] 7f Hcap
2026-05-09 14:02:05,764 [RESEARCHER] [14/17] Match Odds
2026-05-09 14:02:09,439 [RESEARCHER] [15/17] Winner
2026-05-09 14:02:12,820 [RESEARCHER] [16/17] Winner
2026-05-09 14:02:16,332 [RESEARCHER]   -> Dual entry: also on matchbook (market 33193608429700081)
2026-05-09 14:02:16,332 [RESEARCHER] [17/17] 1m4f Hcap
2026-05-09 14:02:19,825 [RESEARCHER] Research brief written: 2026-05-09_13-02_brief.json
2026-05-09 14:02:19,826 [RESEARCHER] Markets: 18 | Errors: 0 | Credits used: 36
BRIEF_PATH:/home/jwfalc/smarkets-bot/data/research/2026-05-09_13-02_brief.json
2026-05-09 14:02:20,220 [ANALYZER] Loading research brief: 2026-05-09_13-02_brief.json
2026-05-09 14:02:20,397 [ANALYZER] Analyzed 18 markets
2026-05-09 14:02:20,397 [ANALYZER] Found 11 signals (10pp+)
2026-05-09 14:02:20,397 [ANALYZER] Logged 15 distribution entries (7pp+)
2026-05-09 14:02:20,417 [ANALYZER] Research output written: 2026-05-09_13-02_research.json
RESEARCH_PATH:/home/jwfalc/smarkets-bot/data/research/2026-05-09_13-02_research.json
2026-05-09 14:02:21,349 [RESOLVE] Found 31 open trade(s) to check (paper_mode=True)
2026-05-09 14:02:21,469 [RESOLVE] Using cached Betfair session token
2026-05-09 14:02:21,470 [RESOLVE] Betfair: checking 6 open-trade markets
2026-05-09 14:02:25,874 [RESOLVE] Snapshot name lookup: found mappings for 6 markets
2026-05-09 14:02:25,981 [RESOLVE] Using cached Matchbook session token
2026-05-09 14:02:25,981 [RESOLVE] Matchbook: checking 5 open-trade markets against settled events
/home/jwfalc/smarkets-bot/scripts/check_resolutions.py:306: DeprecationWarning: datetime.datetime.utcnow() is deprecated and scheduled for removal in a future version. Use timezone-aware objects to represent datetimes in UTC: datetime.datetime.now(datetime.UTC).
  from_date = (datetime.datetime.utcnow() - datetime.timedelta(days=30)).strftime("%Y-%m-%d")
2026-05-09 14:02:26,039 [RESOLVE] GET events failed: 400 {"errors":[{"messages":["Incorrect request param: after."],"codes":[null]}]}
2026-05-09 14:02:28,319 [RESOLVE] GET events failed: 400 {"errors":[{"messages":["Incorrect request param: after."],"codes":[null]}]}
2026-05-09 14:02:30,348 [RESOLVE] GET events failed: 400 {"errors":[{"messages":["Incorrect request param: after."],"codes":[null]}]}
2026-05-09 14:02:30,348 [RESOLVE] Matchbook settled events request failed: GET events failed: 400
2026-05-09 14:02:30,349 [RESOLVE] Web fallback: 1 stale match market(s) to look up
2026-05-09 14:02:39,571 [RESOLVE] Stale market unresolved — manual check needed: 'Atlético de Madrid vs Celta de Vigo' (market=33128052006800081, logged 2026-05-07). Tip: add [football_data] api_key to config.toml for CL coverage.
2026-05-09 14:02:39,571 [RESOLVE] Settled markets found: 0
2026-05-09 14:02:39,571 [RESOLVE] No open-trade markets have settled yet.
2026-05-09 14:02:40,454 [INFO] ============================================================
2026-05-09 14:02:40,455 [INFO] DIGEST RUN STARTED
2026-05-09 14:02:40,455 [INFO] ============================================================
2026-05-09 14:02:45,116 [INFO] Signal filtered (high-odds lay): 2026 Dublin Central by-election @ 6.00 odds, 11.7pp edge
2026-05-09 14:02:45,121 [INFO] Signal filtered (high-odds lay): 2026 Galway West By-Election Winner @ 4.50 odds, 12.4pp edge
2026-05-09 14:02:45,121 [INFO] Signal filtered (high-odds lay): 2026 Galway West By-Election Winner @ 5.30 odds, 10.6pp edge
2026-05-09 14:02:45,154 [INFO] Dashboard data written: /home/jwfalc/smarkets-bot/dashboard/dashboard_data.json
2026-05-09 14:02:45,216 [INFO] Period logs updated: 2026-05-09, 2026-W19, 2026-05, 2026-Q2
2026-05-09 14:02:45,216 [INFO] Run log: [2026-05-09 13:02 UTC] status=signal | platforms=betfair,matchbook | markets=1472 | signals=8 | alerts=0 | movements=10 | consec_losses=0
2026-05-09 14:02:45,216 [INFO] Digest complete
Balance: £104.18 | Reserved: £238.71 | Available: £-134.53
Skipping high-odds lay: 2026 Dublin Central by-election @ 6.00 odds, 11.7pp edge (need 20.0pp+ above 4.0 odds)
Skipping (insufficient balance): 2026 Dublin Central by-election needs £0.05, only £-134.53 available
Skipping (insufficient balance): 2026 Dublin Central by-election needs £0.05, only £-134.53 available
Skipping (insufficient balance): 2026 Dublin Central by-election needs £0.05, only £-134.53 available
Skipping (insufficient balance): 2026 Dublin Central by-election needs £0.05, only £-134.53 available
Skipping (insufficient balance): 2026 Galway West By-Election Winner needs £2.55, only £-134.53 available
Skipping high-odds lay: 2026 Galway West By-Election Winner @ 4.50 odds, 12.4pp edge (need 20.0pp+ above 4.0 odds)
Skipping (insufficient balance): 2026 Galway West By-Election Winner needs £0.05, only £-134.53 available
Skipping high-odds lay: 2026 Galway West By-Election Winner @ 5.30 odds, 10.6pp edge (need 20.0pp+ above 4.0 odds)
Skipping (insufficient balance): Winner needs £1.00, only £-134.53 available
Skipping (insufficient balance): Winner needs £0.10, only £-134.53 available
No new paper trades to log
Distribution log updated: 4 new entries added
Total entries: 367
  7-9pp: 72 total, 14 resolved
  10-11pp: 51 total, 29 resolved
  12pp+: 244 total, 127 resolved

REVIEW DUE: 7-9pp band has 14 resolved entries (threshold: 12)
  Run: python distribution_logger.py report
  Then run: prompts/prompt_review_v1.md

REVIEW DUE: 7-9pp band has 14 resolved entries (threshold: 12)
  Run: python distribution_logger.py report
  Then run: prompts/prompt_review_v1.md
EXIT_CODE:0
Sent
2026-05-09 14:02:48 [DEPLOY] Starting dashboard deploy...
HTML written OK
2026-05-09 14:02:48 [DEPLOY] Static HTML built
[main b19fcd0] Deploy: 2026-05-09 14:02 UTC
 1 file changed, 1 insertion(+), 1 deletion(-)
To https://github.com/jwfalc-coder/smarkets-dashboard.git
   5930c0d..b19fcd0  main -> main
2026-05-09 14:02:48 [DEPLOY] Deploy complete: Deploy: 2026-05-09 14:02 UTC
