Sent
2026-05-28 06:00:02,852 [INFO] ============================================================
2026-05-28 06:00:02,852 [INFO] SCANNER RUN STARTED - BETFAIR
2026-05-28 06:00:02,852 [INFO] ============================================================
2026-05-28 06:00:03,249 [INFO] Cached Betfair session too old, re-logging in
2026-05-28 06:00:03,250 [INFO] Betfair login attempt 1/3
2026-05-28 06:00:03,394 [INFO] Betfair login successful
2026-05-28 06:00:03,541 [INFO] Catalogue: 100 markets for sport ID 1
2026-05-28 06:00:03,665 [INFO] Catalogue: 100 markets for sport ID 2
2026-05-28 06:00:03,797 [INFO] Catalogue: 100 markets for sport ID 7
2026-05-28 06:00:03,916 [INFO] Catalogue: 100 markets for sport ID 4
2026-05-28 06:00:03,997 [INFO] Catalogue: 0 markets for sport ID 2378961
2026-05-28 06:00:04,116 [INFO] Catalogue: 76 markets for sport ID 3
2026-05-28 06:00:04,303 [INFO] Catalogue: 89 markets for sport ID 7522
2026-05-28 06:00:04,404 [INFO] Catalogue: 3 markets for sport ID 6423
2026-05-28 06:00:04,404 [INFO] Betfair: fetching prices for 568 markets...
2026-05-28 06:00:09,100 [INFO] Betfair: enriching 568 markets with price data...
2026-05-28 06:00:09,107 [INFO] Betfair: enriched 50/568 markets, 2 tradeable so far
2026-05-28 06:00:09,115 [INFO] Betfair: enriched 100/568 markets, 11 tradeable so far
2026-05-28 06:00:09,118 [INFO] Betfair: enriched 150/568 markets, 15 tradeable so far
2026-05-28 06:00:09,120 [INFO] Betfair: enriched 200/568 markets, 18 tradeable so far
2026-05-28 06:00:09,130 [INFO] Betfair: enriched 250/568 markets, 27 tradeable so far
2026-05-28 06:00:09,138 [INFO] Betfair: enriched 300/568 markets, 29 tradeable so far
2026-05-28 06:00:09,143 [INFO] Betfair: enriched 350/568 markets, 42 tradeable so far
2026-05-28 06:00:09,146 [INFO] Betfair: enriched 400/568 markets, 47 tradeable so far
2026-05-28 06:00:09,187 [INFO] Betfair: enriched 450/568 markets, 83 tradeable so far
2026-05-28 06:00:09,220 [INFO] Betfair: enriched 500/568 markets, 101 tradeable so far
2026-05-28 06:00:09,289 [INFO] Betfair: enriched 550/568 markets, 108 tradeable so far
2026-05-28 06:00:09,309 [INFO] Betfair: enriched 568/568 markets, 108 tradeable so far
2026-05-28 06:00:09,312 [INFO] Betfair: 568 total markets, 108 above 100 GBP volume
2026-05-28 06:00:09,438 [INFO] Outrights: 20 markets for sport 1
2026-05-28 06:00:09,530 [INFO] Outrights: 16 markets for sport 3
2026-05-28 06:00:09,602 [INFO] Outrights: 0 markets for sport 2378961
2026-05-28 06:00:09,987 [INFO] Outrights: 31 markets above 25 GBP
2026-05-28 06:00:09,994 [INFO] Betfair: added 24 outright markets for cross-ref
2026-05-28 06:00:09,995 [INFO] betfair: 592 total, 132 above 100 GBP threshold
2026-05-28 06:00:10,243 [INFO] Snapshot written: /home/jwfalc/smarkets-bot/data/snapshots/betfair/2026-05-28_05-00.json
2026-05-28 06:00:10,370 [INFO] Market log updated (betfair)
2026-05-28 06:00:37,916 [INFO] Scanner complete for betfair. Snapshot: 2026-05-28_05-00.json
2026-05-28 06:00:38,285 [INFO] ============================================================
2026-05-28 06:00:38,285 [INFO] SCANNER RUN STARTED - MATCHBOOK
2026-05-28 06:00:38,285 [INFO] ============================================================
2026-05-28 06:00:38,621 [INFO] Matchbook login attempt 1/3
2026-05-28 06:00:38,780 [INFO] Matchbook login successful
2026-05-28 06:00:38,781 [INFO] Matchbook: fetching events with prices for 15 sports...
2026-05-28 06:00:38,877 [INFO] Matchbook: fetched page offset=0, 20 events (total so far: 20)
2026-05-28 06:00:39,104 [INFO] Matchbook: fetched page offset=20, 20 events (total so far: 40)
2026-05-28 06:00:39,405 [INFO] Matchbook: fetched page offset=40, 20 events (total so far: 60)
2026-05-28 06:00:39,730 [INFO] Matchbook: fetched page offset=60, 20 events (total so far: 80)
2026-05-28 06:00:39,957 [INFO] Matchbook: fetched page offset=80, 20 events (total so far: 100)
2026-05-28 06:00:40,195 [INFO] Matchbook: fetched page offset=100, 20 events (total so far: 120)
2026-05-28 06:00:40,466 [INFO] Matchbook: fetched page offset=120, 20 events (total so far: 140)
2026-05-28 06:00:40,741 [INFO] Matchbook: fetched page offset=140, 20 events (total so far: 160)
2026-05-28 06:00:41,028 [INFO] Matchbook: fetched page offset=160, 20 events (total so far: 180)
2026-05-28 06:00:41,305 [INFO] Matchbook: fetched page offset=180, 20 events (total so far: 200)
2026-05-28 06:00:41,608 [INFO] Matchbook: fetched page offset=200, 20 events (total so far: 220)
2026-05-28 06:00:41,858 [INFO] Matchbook: fetched page offset=220, 20 events (total so far: 240)
2026-05-28 06:00:42,088 [INFO] Matchbook: fetched page offset=240, 20 events (total so far: 260)
2026-05-28 06:00:42,321 [INFO] Matchbook: fetched page offset=260, 5 events (total so far: 265)
2026-05-28 06:00:42,322 [INFO] Matchbook: processing 265 events
2026-05-28 06:00:42,330 [INFO] Matchbook: processed 20/265 events, 23 markets so far
2026-05-28 06:00:42,331 [INFO] Matchbook: processed 40/265 events, 43 markets so far
2026-05-28 06:00:42,337 [INFO] Matchbook: processed 60/265 events, 244 markets so far
2026-05-28 06:00:42,349 [INFO] Matchbook: processed 80/265 events, 512 markets so far
2026-05-28 06:00:42,350 [INFO] Matchbook: processed 100/265 events, 532 markets so far
2026-05-28 06:00:42,352 [INFO] Matchbook: processed 120/265 events, 611 markets so far
2026-05-28 06:00:42,360 [INFO] Matchbook: processed 140/265 events, 830 markets so far
2026-05-28 06:00:42,372 [INFO] Matchbook: processed 160/265 events, 1179 markets so far
2026-05-28 06:00:42,386 [INFO] Matchbook: processed 180/265 events, 1587 markets so far
2026-05-28 06:00:42,397 [INFO] Matchbook: processed 200/265 events, 1910 markets so far
2026-05-28 06:00:42,442 [INFO] Matchbook: processed 220/265 events, 2484 markets so far
2026-05-28 06:00:42,449 [INFO] Matchbook: processed 240/265 events, 2548 markets so far
2026-05-28 06:00:42,450 [INFO] Matchbook: processed 260/265 events, 2568 markets so far
2026-05-28 06:00:42,452 [INFO] Matchbook: processed 265/265 events, 2573 markets so far
2026-05-28 06:00:42,452 [INFO] Matchbook: 2574 total markets, 242 above 25 GBP volume
2026-05-28 06:00:42,478 [INFO] matchbook: 2574 total, 242 above 25 GBP threshold
2026-05-28 06:00:42,628 [INFO] Snapshot written: /home/jwfalc/smarkets-bot/data/snapshots/matchbook/2026-05-28_05-00.json
2026-05-28 06:00:42,713 [INFO] Market log updated (matchbook)
2026-05-28 06:01:09,297 [INFO] Scanner complete for matchbook. Snapshot: 2026-05-28_05-00.json
2026-05-28 06:01:09,976 [RESEARCHER] Prior index loaded: 85 known runners
2026-05-28 06:01:10,026 [RESEARCHER] betfair: 132 tradeable markets from 2026-05-28_05-00.json
2026-05-28 06:01:10,027 [RESEARCHER] Market selection: 0 politics + 7 outrights + 8 other sports = 15 total (platforms: ['betfair'])
2026-05-28 06:01:10,027 [RESEARCHER] [1/15] Winner
2026-05-28 06:01:16,451 [RESEARCHER] [2/15] Winner
2026-05-28 06:01:24,680 [RESEARCHER]   Prior history injected for Ludvig Aberg
2026-05-28 06:01:24,680 [RESEARCHER]   Prior history injected for Ben Griffin
2026-05-28 06:01:24,681 [RESEARCHER] [3/15] Winner
2026-05-28 06:01:33,954 [RESEARCHER] [4/15] Winner
2026-05-28 06:01:42,504 [RESEARCHER]   Prior history injected for Jon Rahm
2026-05-28 06:01:42,505 [RESEARCHER]   Prior history injected for Bryson DeChambeau
2026-05-28 06:01:42,505 [RESEARCHER] [5/15] Winner
2026-05-28 06:01:50,438 [RESEARCHER]   Prior history injected for Scottie Scheffler
2026-05-28 06:01:50,438 [RESEARCHER]   Prior history injected for Rory McIlroy
2026-05-28 06:01:50,439 [RESEARCHER]   Prior history injected for Jon Rahm
2026-05-28 06:01:50,439 [RESEARCHER]   Prior history injected for Xander Schauffele
2026-05-28 06:01:50,439 [RESEARCHER]   Prior history injected for Cameron Young
2026-05-28 06:01:50,440 [RESEARCHER] [6/15] Winner
2026-05-28 06:01:54,867 [RESEARCHER]   Prior history injected for Scottie Scheffler
2026-05-28 06:01:54,867 [RESEARCHER]   Prior history injected for Rory McIlroy
2026-05-28 06:01:54,868 [RESEARCHER]   Prior history injected for Jon Rahm
2026-05-28 06:01:54,868 [RESEARCHER]   Prior history injected for Cameron Young
2026-05-28 06:01:54,868 [RESEARCHER]   Prior history injected for Ludvig Aberg
2026-05-28 06:01:54,868 [RESEARCHER]   Prior history injected for Xander Schauffele
2026-05-28 06:01:54,869 [RESEARCHER] [7/15] Top 10 Finish
2026-05-28 06:01:56,668 [RESEARCHER]   Prior history injected for Ludvig Aberg
2026-05-28 06:01:56,669 [RESEARCHER]   Prior history injected for Ben Griffin
2026-05-28 06:01:56,669 [RESEARCHER] [8/15] Match Odds
2026-05-28 06:02:04,598 [RESEARCHER]   Prior history injected for The Draw
2026-05-28 06:02:04,598 [RESEARCHER] [9/15] Winner 2025/26
2026-05-28 06:02:10,856 [RESEARCHER]   Prior history injected for Arsenal
2026-05-28 06:02:10,857 [RESEARCHER] [10/15] Winner 2026/27
2026-05-28 06:02:17,779 [RESEARCHER]   Prior history injected for Arsenal
2026-05-28 06:02:17,779 [RESEARCHER]   Prior history injected for Man City
2026-05-28 06:02:17,780 [RESEARCHER]   Prior history injected for Liverpool
2026-05-28 06:02:17,780 [RESEARCHER]   Prior history injected for Chelsea
2026-05-28 06:02:17,780 [RESEARCHER]   Prior history injected for Aston Villa
2026-05-28 06:02:17,780 [RESEARCHER] [11/15] Match Odds
2026-05-28 06:02:25,299 [RESEARCHER] [12/15] Daniel Hillier v Nathan Kimsey
2026-05-28 06:02:33,532 [RESEARCHER] [13/15] Match Odds
2026-05-28 06:02:40,997 [RESEARCHER] [14/15] Moneyline
2026-05-28 06:02:47,933 [RESEARCHER]   Prior history injected for San Antonio Spurs
2026-05-28 06:02:47,933 [RESEARCHER] [15/15] Winner 2026
2026-05-28 06:02:55,046 [RESEARCHER] Research brief written: 2026-05-28_05-02_brief.json
2026-05-28 06:02:55,046 [RESEARCHER] Markets: 15 | Errors: 0 | Credits used: 67
BRIEF_PATH:/home/jwfalc/smarkets-bot/data/research/2026-05-28_05-02_brief.json
2026-05-28 06:02:55,367 [ANALYZER] Loading research brief: 2026-05-28_05-02_brief.json
2026-05-28 06:02:55,573 [ANALYZER] Betfair cross-ref index: 4961 runners
2026-05-28 06:02:55,580 [ANALYZER] Analyzed 15 markets
2026-05-28 06:02:55,580 [ANALYZER] Found 6 signals (10pp+)
2026-05-28 06:02:55,580 [ANALYZER] Logged 9 distribution entries (7pp+)
2026-05-28 06:02:55,594 [ANALYZER] Research output written: 2026-05-28_05-02_research.json
2026-05-28 06:02:55,596 [ANALYZER] Appended 71 edge traces to edge_traces.json
RESEARCH_PATH:/home/jwfalc/smarkets-bot/data/research/2026-05-28_05-02_research.json
2026-05-28 06:02:56,162 [RESOLVE] Found 23 open trade(s) to check (paper_mode=True)
2026-05-28 06:02:56,230 [RESOLVE] Using cached Betfair session token
2026-05-28 06:02:56,231 [RESOLVE] Betfair: checking 11 open-trade markets
2026-05-28 06:03:04,326 [RESOLVE] Snapshot name lookup: found mappings for 10 markets
2026-05-28 06:03:04,514 [RESOLVE] Settled markets found: 0
2026-05-28 06:03:04,515 [RESOLVE] Standings: unknown competition for 'Men's French Open 2026 - Winner' — skip
2026-05-28 06:03:04,515 [RESOLVE] No open-trade markets have settled yet.
2026-05-28 06:03:05,138 [INFO] ============================================================
2026-05-28 06:03:05,138 [INFO] DIGEST RUN STARTED
2026-05-28 06:03:05,138 [INFO] ============================================================
2026-05-28 06:03:09,952 [WARNING] CONSECUTIVE LOSSES: 3
2026-05-28 06:03:09,952 [WARNING] Consecutive loss alert: 3 in a row
2026-05-28 06:03:10,051 [INFO] Telegram notification sent
2026-05-28 06:03:10,090 [INFO] Dashboard data written: /home/jwfalc/smarkets-bot/dashboard/dashboard_data.json
2026-05-28 06:03:10,163 [INFO] Period logs updated: 2026-05-28, 2026-W22, 2026-05, 2026-Q2
2026-05-28 06:03:10,163 [INFO] Run log: [2026-05-28 05:03 UTC] status=signal | platforms=betfair,matchbook | markets=374 | signals=6 | alerts=0 | movements=10 | consec_losses=3
2026-05-28 06:03:10,164 [INFO] Digest complete
Balance: £375.93 | Reserved: £119.15 | Available: £256.78
Reduced stake: Winner edge 12.9pp < 15.0pp → £2.95 (59%)
Skipping (already open): Winner BACK
Skipping (already open): Winner BACK
Skipping (conflicting back in same market): Winner
Reduced stake: Winner edge 11.2pp < 15.0pp → £1.15 (23%)
Skipping (already open): Winner BACK
Reduced stake: Daniel Hillier v Nathan Kimsey edge 14.9pp < 15.0pp → £4.90 (98%)
Logged paper trade: Daniel Hillier v Nathan Kimsey - BACK @ 52.91% (edge: 14.9pp) [betfair] | available now £251.88
Reduced stake: Winner 2026 edge 12.2pp < 15.0pp → £2.15 (43%)
Logged paper trade: Winner 2026 - BACK @ 16.67% (edge: 12.17pp) [betfair] | available now £249.73

2 new paper trade(s) logged
Distribution log updated: 9 new entries added
Total entries: 690
  near_certainty: 5 total, 4 resolved
  high_prob: 15 total, 7 resolved
  7-9pp: 190 total, 81 resolved
  10-11pp: 73 total, 35 resolved
  12pp+: 407 total, 317 resolved

REVIEW DUE: 7-9pp band has 81 resolved entries (threshold: 12)
  Run: python distribution_logger.py report
  Then run: prompts/prompt_review_v1.md

REVIEW DUE: 7-9pp band has 81 resolved entries (threshold: 12)
  Run: python distribution_logger.py report
  Then run: prompts/prompt_review_v1.md
EXIT_CODE:0
Sent
2026-05-28 06:03:13,083 [STATIC-DASH] Building dashboard data…
2026-05-28 06:03:14,077 [STATIC-DASH] Data collected: 197 trades, 48 signals, 374 markets
2026-05-28 06:03:14,286 [STATIC-DASH] Written: /home/jwfalc/smarkets-dashboard/index.html (2622KB)
2026-05-28 06:03:14 [DEPLOY] Starting dashboard deploy...
WARNING: could not find injection point in HTML
HTML written OK
2026-05-28 06:03:14 [DEPLOY] Static HTML built
[main 57f223e] Deploy: 2026-05-28 06:03 UTC
 1 file changed, 1 insertion(+), 1 deletion(-)
To https://github.com/jwfalc-coder/smarkets-dashboard.git
   72a07d5..57f223e  main -> main
2026-05-28 06:03:14 [DEPLOY] Deploy complete: Deploy: 2026-05-28 06:03 UTC
