Sent
2026-05-29 14:00:02,520 [INFO] ============================================================
2026-05-29 14:00:02,520 [INFO] SCANNER RUN STARTED - BETFAIR
2026-05-29 14:00:02,520 [INFO] ============================================================
2026-05-29 14:00:02,917 [INFO] Cached Betfair session too old, re-logging in
2026-05-29 14:00:02,917 [INFO] Betfair login attempt 1/3
2026-05-29 14:00:03,081 [INFO] Betfair login successful
2026-05-29 14:00:03,234 [INFO] Catalogue: 100 markets for sport ID 1
2026-05-29 14:00:03,357 [INFO] Catalogue: 100 markets for sport ID 2
2026-05-29 14:00:03,477 [INFO] Catalogue: 100 markets for sport ID 7
2026-05-29 14:00:03,600 [INFO] Catalogue: 100 markets for sport ID 4
2026-05-29 14:00:03,693 [INFO] Catalogue: 2 markets for sport ID 2378961
2026-05-29 14:00:03,794 [INFO] Catalogue: 10 markets for sport ID 3
2026-05-29 14:00:04,008 [INFO] Catalogue: 100 markets for sport ID 7522
2026-05-29 14:00:04,153 [INFO] Catalogue: 6 markets for sport ID 6423
2026-05-29 14:00:04,153 [INFO] Betfair: fetching prices for 518 markets...
2026-05-29 14:00:08,624 [INFO] Betfair: enriching 518 markets with price data...
2026-05-29 14:00:08,631 [INFO] Betfair: enriched 50/518 markets, 10 tradeable so far
2026-05-29 14:00:08,640 [INFO] Betfair: enriched 100/518 markets, 18 tradeable so far
2026-05-29 14:00:08,645 [INFO] Betfair: enriched 150/518 markets, 21 tradeable so far
2026-05-29 14:00:08,648 [INFO] Betfair: enriched 200/518 markets, 27 tradeable so far
2026-05-29 14:00:08,694 [INFO] Betfair: enriched 250/518 markets, 56 tradeable so far
2026-05-29 14:00:08,701 [INFO] Betfair: enriched 300/518 markets, 77 tradeable so far
2026-05-29 14:00:08,703 [INFO] Betfair: enriched 350/518 markets, 97 tradeable so far
2026-05-29 14:00:08,706 [INFO] Betfair: enriched 400/518 markets, 110 tradeable so far
2026-05-29 14:00:08,747 [INFO] Betfair: enriched 450/518 markets, 130 tradeable so far
2026-05-29 14:00:08,799 [INFO] Betfair: enriched 500/518 markets, 146 tradeable so far
2026-05-29 14:00:08,822 [INFO] Betfair: enriched 518/518 markets, 146 tradeable so far
2026-05-29 14:00:08,825 [INFO] Betfair: 518 total markets, 146 above 100 GBP volume
2026-05-29 14:00:08,953 [INFO] Outrights: 22 markets for sport 1
2026-05-29 14:00:09,044 [INFO] Outrights: 16 markets for sport 3
2026-05-29 14:00:09,135 [INFO] Outrights: 1 markets for sport 2378961
2026-05-29 14:00:09,525 [INFO] Outrights: 35 markets above 25 GBP
2026-05-29 14:00:09,531 [INFO] Betfair: added 32 outright markets for cross-ref
2026-05-29 14:00:09,531 [INFO] betfair: 550 total, 178 above 100 GBP threshold
2026-05-29 14:00:09,895 [INFO] Snapshot written: /home/jwfalc/smarkets-bot/data/snapshots/betfair/2026-05-29_13-00.json
2026-05-29 14:00:10,094 [INFO] Market log updated (betfair)
2026-05-29 14:00:39,608 [INFO] Scanner complete for betfair. Snapshot: 2026-05-29_13-00.json
2026-05-29 14:00:39,918 [INFO] ============================================================
2026-05-29 14:00:39,919 [INFO] SCANNER RUN STARTED - MATCHBOOK
2026-05-29 14:00:39,919 [INFO] ============================================================
2026-05-29 14:00:40,254 [INFO] Matchbook login attempt 1/3
2026-05-29 14:00:40,424 [INFO] Matchbook login successful
2026-05-29 14:00:40,425 [INFO] Matchbook: fetching events with prices for 15 sports...
2026-05-29 14:00:40,542 [INFO] Matchbook: fetched page offset=0, 20 events (total so far: 20)
2026-05-29 14:00:40,821 [INFO] Matchbook: fetched page offset=20, 20 events (total so far: 40)
2026-05-29 14:00:41,183 [INFO] Matchbook: fetched page offset=40, 20 events (total so far: 60)
2026-05-29 14:00:41,545 [INFO] Matchbook: fetched page offset=60, 20 events (total so far: 80)
2026-05-29 14:00:41,907 [INFO] Matchbook: fetched page offset=80, 20 events (total so far: 100)
2026-05-29 14:00:42,181 [INFO] Matchbook: fetched page offset=100, 20 events (total so far: 120)
2026-05-29 14:00:42,445 [INFO] Matchbook: fetched page offset=120, 20 events (total so far: 140)
2026-05-29 14:00:42,719 [INFO] Matchbook: fetched page offset=140, 20 events (total so far: 160)
2026-05-29 14:00:43,087 [INFO] Matchbook: fetched page offset=160, 20 events (total so far: 180)
2026-05-29 14:00:43,378 [INFO] Matchbook: fetched page offset=180, 20 events (total so far: 200)
2026-05-29 14:00:43,685 [INFO] Matchbook: fetched page offset=200, 20 events (total so far: 220)
2026-05-29 14:00:43,924 [INFO] Matchbook: fetched page offset=220, 20 events (total so far: 240)
2026-05-29 14:00:44,168 [INFO] Matchbook: fetched page offset=240, 20 events (total so far: 260)
2026-05-29 14:00:44,398 [INFO] Matchbook: fetched page offset=260, 1 events (total so far: 261)
2026-05-29 14:00:44,398 [INFO] Matchbook: processing 261 events
2026-05-29 14:00:44,421 [INFO] Matchbook: processed 20/261 events, 176 markets so far
2026-05-29 14:00:44,437 [INFO] Matchbook: processed 40/261 events, 440 markets so far
2026-05-29 14:00:44,473 [INFO] Matchbook: processed 60/261 events, 997 markets so far
2026-05-29 14:00:44,551 [INFO] Matchbook: processed 80/261 events, 1569 markets so far
2026-05-29 14:00:44,571 [INFO] Matchbook: processed 100/261 events, 2151 markets so far
2026-05-29 14:00:44,584 [INFO] Matchbook: processed 120/261 events, 2659 markets so far
2026-05-29 14:00:44,591 [INFO] Matchbook: processed 140/261 events, 2906 markets so far
2026-05-29 14:00:44,602 [INFO] Matchbook: processed 160/261 events, 3221 markets so far
2026-05-29 14:00:44,625 [INFO] Matchbook: processed 180/261 events, 3839 markets so far
2026-05-29 14:00:44,639 [INFO] Matchbook: processed 200/261 events, 4249 markets so far
2026-05-29 14:00:44,659 [INFO] Matchbook: processed 220/261 events, 4817 markets so far
2026-05-29 14:00:44,664 [INFO] Matchbook: processed 240/261 events, 4837 markets so far
2026-05-29 14:00:44,666 [INFO] Matchbook: processed 260/261 events, 4857 markets so far
2026-05-29 14:00:44,666 [INFO] Matchbook: processed 261/261 events, 4858 markets so far
2026-05-29 14:00:44,667 [INFO] Matchbook: 4859 total markets, 455 above 25 GBP volume
2026-05-29 14:00:44,713 [INFO] matchbook: 4859 total, 455 above 25 GBP threshold
2026-05-29 14:00:44,916 [INFO] Snapshot written: /home/jwfalc/smarkets-bot/data/snapshots/matchbook/2026-05-29_13-00.json
2026-05-29 14:00:45,030 [INFO] Market log updated (matchbook)
2026-05-29 14:01:15,060 [INFO] Scanner complete for matchbook. Snapshot: 2026-05-29_13-00.json
2026-05-29 14:01:15,705 [RESEARCHER] Prior index loaded: 88 known runners
2026-05-29 14:01:15,778 [RESEARCHER] betfair: 178 tradeable markets from 2026-05-29_13-00.json
2026-05-29 14:01:15,780 [RESEARCHER] Market selection: 3 politics + 7 outrights + 8 other sports = 18 total (platforms: ['betfair'])
2026-05-29 14:01:15,780 [RESEARCHER] [1/18] Maltese General Election
2026-05-29 14:01:21,592 [RESEARCHER] [2/18] Next President of Colombia
2026-05-29 14:01:28,251 [RESEARCHER]   Prior history injected for Paloma Valencia
2026-05-29 14:01:28,252 [RESEARCHER] [3/18] Makerfield - Restore Britain Vote Percentage
2026-05-29 14:01:34,134 [RESEARCHER] [4/18] Winner
2026-05-29 14:01:42,197 [RESEARCHER] [5/18] Winner
2026-05-29 14:01:49,526 [RESEARCHER]   Prior history injected for Arsenal
2026-05-29 14:01:49,527 [RESEARCHER] [6/18] Winner
2026-05-29 14:01:58,530 [RESEARCHER]   Prior history injected for Ludvig Aberg
2026-05-29 14:01:58,531 [RESEARCHER]   Prior history injected for Matt McCarty
2026-05-29 14:01:58,531 [RESEARCHER]   Prior history injected for Alex Smalley
2026-05-29 14:01:58,532 [RESEARCHER]   Prior history injected for Tom Kim
2026-05-29 14:01:58,532 [RESEARCHER] [7/18] Winner
2026-05-29 14:02:07,180 [RESEARCHER] [8/18] Winner
2026-05-29 14:02:16,063 [RESEARCHER]   Prior history injected for Bryson DeChambeau
2026-05-29 14:02:16,064 [RESEARCHER]   Prior history injected for Jon Rahm
2026-05-29 14:02:16,064 [RESEARCHER] [9/18] Top 10 Finish
2026-05-29 14:02:18,030 [RESEARCHER]   Prior history injected for Ludvig Aberg
2026-05-29 14:02:18,031 [RESEARCHER]   Prior history injected for Matt McCarty
2026-05-29 14:02:18,031 [RESEARCHER]   Prior history injected for Alex Smalley
2026-05-29 14:02:18,031 [RESEARCHER]   Prior history injected for Tom Kim
2026-05-29 14:02:18,032 [RESEARCHER] [10/18] Winner
2026-05-29 14:02:26,837 [RESEARCHER]   Prior history injected for Scottie Scheffler
2026-05-29 14:02:26,837 [RESEARCHER]   Prior history injected for Rory McIlroy
2026-05-29 14:02:26,837 [RESEARCHER]   Prior history injected for Jon Rahm
2026-05-29 14:02:26,838 [RESEARCHER]   Prior history injected for Xander Schauffele
2026-05-29 14:02:26,838 [RESEARCHER]   Prior history injected for Cameron Young
2026-05-29 14:02:26,838 [RESEARCHER] [11/18] Match Odds
2026-05-29 14:02:34,761 [RESEARCHER] [12/18] Match Odds
2026-05-29 14:02:42,184 [RESEARCHER] [13/18] 1m1f Hcap
2026-05-29 14:02:47,377 [RESEARCHER] [14/18] Match Odds
2026-05-29 14:02:56,263 [RESEARCHER] [15/18] Will an English team win the 25/26 UCL?
2026-05-29 14:03:03,569 [RESEARCHER]   Prior history injected for No
2026-05-29 14:03:03,570 [RESEARCHER]   Prior history injected for Yes
2026-05-29 14:03:03,570 [RESEARCHER] [16/18] 6f Hcap
2026-05-29 14:03:09,317 [RESEARCHER] [17/18] 1m2f Nov Stks
2026-05-29 14:03:14,559 [RESEARCHER] [18/18] Match Odds
2026-05-29 14:03:21,926 [RESEARCHER] Research brief written: 2026-05-29_13-03_brief.json
2026-05-29 14:03:21,927 [RESEARCHER] Markets: 18 | Errors: 0 | Credits used: 71
BRIEF_PATH:/home/jwfalc/smarkets-bot/data/research/2026-05-29_13-03_brief.json
2026-05-29 14:03:22,242 [ANALYZER] Loading research brief: 2026-05-29_13-03_brief.json
2026-05-29 14:03:22,532 [ANALYZER] Betfair cross-ref index: 4770 runners
2026-05-29 14:03:22,539 [ANALYZER] Analyzed 18 markets
2026-05-29 14:03:22,539 [ANALYZER] Found 4 signals (10pp+)
2026-05-29 14:03:22,539 [ANALYZER] Logged 11 distribution entries (7pp+)
2026-05-29 14:03:22,555 [ANALYZER] Research output written: 2026-05-29_13-03_research.json
2026-05-29 14:03:22,557 [ANALYZER] Appended 86 edge traces to edge_traces.json
RESEARCH_PATH:/home/jwfalc/smarkets-bot/data/research/2026-05-29_13-03_research.json
2026-05-29 14:03:23,123 [RESOLVE] Found 32 open trade(s) to check (paper_mode=True)
2026-05-29 14:03:23,192 [RESOLVE] Using cached Betfair session token
2026-05-29 14:03:23,192 [RESOLVE] Betfair: checking 14 open-trade markets
2026-05-29 14:03:31,809 [RESOLVE] Snapshot name lookup: found mappings for 14 markets
2026-05-29 14:03:31,994 [RESOLVE] Settled markets found: 0
2026-05-29 14:03:31,995 [RESOLVE] Standings: unknown competition for 'Men's French Open 2026 - Winner' — skip
2026-05-29 14:03:31,995 [RESOLVE] No open-trade markets have settled yet.
2026-05-29 14:03:32,610 [INFO] ============================================================
2026-05-29 14:03:32,610 [INFO] DIGEST RUN STARTED
2026-05-29 14:03:32,610 [INFO] ============================================================
2026-05-29 14:03:37,481 [INFO] Sending signal alert: Winner edge=17.17pp
2026-05-29 14:03:47,716 [INFO] Telegram notification sent
2026-05-29 14:03:47,718 [INFO] Sending signal alert: Top 10 Finish edge=17.17pp
2026-05-29 14:03:47,834 [INFO] Telegram notification sent
2026-05-29 14:03:47,836 [INFO] Sent 2 Telegram signal alerts
2026-05-29 14:03:47,905 [INFO] Dashboard data written: /home/jwfalc/smarkets-bot/dashboard/dashboard_data.json
2026-05-29 14:03:48,010 [INFO] Period logs updated: 2026-05-29, 2026-W22, 2026-05, 2026-Q2
2026-05-29 14:03:48,011 [INFO] Run log: [2026-05-29 13:03 UTC] status=signal | platforms=betfair,matchbook | markets=633 | signals=4 | alerts=2 | movements=10 | consec_losses=0
2026-05-29 14:03:48,011 [INFO] Digest complete
Balance: £368.99 | Reserved: £173.00 | Available: £195.99
Skipping (already open): Winner BACK
Logged paper trade: Match Odds - BACK @ 80.65% (edge: 8.56pp) [betfair] | available now £190.99

1 new paper trade(s) logged
Distribution log updated: 6 new entries added
Total entries: 736
  near_certainty: 6 total, 5 resolved
  high_prob: 16 total, 7 resolved
  7-9pp: 211 total, 82 resolved
  10-11pp: 80 total, 35 resolved
  12pp+: 423 total, 317 resolved

REVIEW DUE: 7-9pp band has 82 resolved entries (threshold: 12)
  Run: python distribution_logger.py report
  Then run: prompts/prompt_review_v1.md

REVIEW DUE: 7-9pp band has 82 resolved entries (threshold: 12)
  Run: python distribution_logger.py report
  Then run: prompts/prompt_review_v1.md
EXIT_CODE:0
Sent
2026-05-29 14:03:50,956 [STATIC-DASH] Building dashboard data…
2026-05-29 14:03:52,062 [STATIC-DASH] Data collected: 208 trades, 58 signals, 633 markets
2026-05-29 14:03:52,322 [STATIC-DASH] Written: /home/jwfalc/smarkets-dashboard/index.html (3461KB)
2026-05-29 14:03:52 [DEPLOY] Starting dashboard deploy...
WARNING: could not find injection point in HTML
HTML written OK
2026-05-29 14:03:52 [DEPLOY] Static HTML built
[main ed8f32c] Deploy: 2026-05-29 14:03 UTC
 1 file changed, 1 insertion(+), 1 deletion(-)
To https://github.com/jwfalc-coder/smarkets-dashboard.git
   a1b4dde..ed8f32c  main -> main
2026-05-29 14:03:52 [DEPLOY] Deploy complete: Deploy: 2026-05-29 14:03 UTC
[main 8c38f01] log: routine_2026-05-29_1400
 1 file changed, 182 insertions(+)
 create mode 100644 data/routine_logs/routine_2026-05-29_1400.log
From https://github.com/jwfalc-coder/betting-auditor
 * branch            main       -> FETCH_HEAD
Current branch main is up to date.
To https://github.com/jwfalc-coder/betting-auditor.git
   cea245f..8c38f01  main -> main
