Sent
2026-05-10 14:00:02,763 [INFO] ============================================================
2026-05-10 14:00:02,764 [INFO] SCANNER RUN STARTED - BETFAIR
2026-05-10 14:00:02,764 [INFO] ============================================================
2026-05-10 14:00:03,177 [INFO] Cached Betfair session too old, re-logging in
2026-05-10 14:00:03,177 [INFO] Betfair login attempt 1/3
2026-05-10 14:00:03,317 [INFO] Betfair login successful
2026-05-10 14:00:03,481 [INFO] Catalogue: 100 markets for sport ID 1
2026-05-10 14:00:03,614 [INFO] Catalogue: 100 markets for sport ID 2
2026-05-10 14:00:03,740 [INFO] Catalogue: 100 markets for sport ID 7
2026-05-10 14:00:03,870 [INFO] Catalogue: 95 markets for sport ID 4
2026-05-10 14:00:03,967 [INFO] Catalogue: 3 markets for sport ID 2378961
2026-05-10 14:00:04,086 [INFO] Catalogue: 23 markets for sport ID 3
2026-05-10 14:00:04,316 [INFO] Catalogue: 100 markets for sport ID 7522
2026-05-10 14:00:04,414 [INFO] Catalogue: 3 markets for sport ID 6423
2026-05-10 14:00:04,415 [INFO] Betfair: fetching prices for 524 markets...
2026-05-10 14:00:09,229 [INFO] Betfair: enriching 524 markets with price data...
2026-05-10 14:00:09,240 [INFO] Betfair: enriched 50/524 markets, 22 tradeable so far
2026-05-10 14:00:09,246 [INFO] Betfair: enriched 100/524 markets, 31 tradeable so far
2026-05-10 14:00:09,249 [INFO] Betfair: enriched 150/524 markets, 32 tradeable so far
2026-05-10 14:00:09,251 [INFO] Betfair: enriched 200/524 markets, 33 tradeable so far
2026-05-10 14:00:09,263 [INFO] Betfair: enriched 250/524 markets, 66 tradeable so far
2026-05-10 14:00:09,305 [INFO] Betfair: enriched 300/524 markets, 88 tradeable so far
2026-05-10 14:00:09,308 [INFO] Betfair: enriched 350/524 markets, 93 tradeable so far
2026-05-10 14:00:09,312 [INFO] Betfair: enriched 400/524 markets, 103 tradeable so far
2026-05-10 14:00:09,350 [INFO] Betfair: enriched 450/524 markets, 132 tradeable so far
2026-05-10 14:00:09,398 [INFO] Betfair: enriched 500/524 markets, 143 tradeable so far
2026-05-10 14:00:09,423 [INFO] Betfair: enriched 524/524 markets, 144 tradeable so far
2026-05-10 14:00:09,426 [INFO] Betfair: 524 total markets, 144 above 100 GBP volume
2026-05-10 14:00:09,452 [INFO] betfair: 524 total, 144 above 100 GBP threshold
2026-05-10 14:00:09,777 [INFO] Snapshot written: /home/jwfalc/smarkets-bot/data/snapshots/betfair/2026-05-10_13-00.json
2026-05-10 14:00:09,943 [INFO] Market log updated (betfair)
2026-05-10 14:00:38,387 [INFO] Scanner complete for betfair. Snapshot: 2026-05-10_13-00.json
2026-05-10 14:00:38,865 [INFO] ============================================================
2026-05-10 14:00:38,865 [INFO] SCANNER RUN STARTED - MATCHBOOK
2026-05-10 14:00:38,866 [INFO] ============================================================
2026-05-10 14:00:39,342 [INFO] Matchbook login attempt 1/3
2026-05-10 14:00:39,891 [INFO] Matchbook login successful
2026-05-10 14:00:39,893 [INFO] Matchbook: fetching events with prices for 15 sports...
2026-05-10 14:00:40,097 [INFO] Matchbook: fetched page offset=0, 20 events (total so far: 20)
2026-05-10 14:00:40,403 [INFO] Matchbook: fetched page offset=20, 20 events (total so far: 40)
2026-05-10 14:00:40,813 [INFO] Matchbook: fetched page offset=40, 20 events (total so far: 60)
2026-05-10 14:00:41,249 [INFO] Matchbook: fetched page offset=60, 20 events (total so far: 80)
2026-05-10 14:00:41,635 [INFO] Matchbook: fetched page offset=80, 20 events (total so far: 100)
2026-05-10 14:00:42,017 [INFO] Matchbook: fetched page offset=100, 20 events (total so far: 120)
2026-05-10 14:00:42,383 [INFO] Matchbook: fetched page offset=120, 20 events (total so far: 140)
2026-05-10 14:00:42,751 [INFO] Matchbook: fetched page offset=140, 20 events (total so far: 160)
2026-05-10 14:00:43,119 [INFO] Matchbook: fetched page offset=160, 20 events (total so far: 180)
2026-05-10 14:00:43,521 [INFO] Matchbook: fetched page offset=180, 20 events (total so far: 200)
2026-05-10 14:00:43,849 [INFO] Matchbook: fetched page offset=200, 20 events (total so far: 220)
2026-05-10 14:00:44,195 [INFO] Matchbook: fetched page offset=220, 20 events (total so far: 240)
2026-05-10 14:00:44,599 [INFO] Matchbook: fetched page offset=240, 20 events (total so far: 260)
2026-05-10 14:00:44,863 [INFO] Matchbook: fetched page offset=260, 20 events (total so far: 280)
2026-05-10 14:00:45,111 [INFO] Matchbook: fetched page offset=280, 20 events (total so far: 300)
2026-05-10 14:00:45,437 [INFO] Matchbook: fetched page offset=300, 20 events (total so far: 320)
2026-05-10 14:00:45,899 [INFO] Matchbook: fetched page offset=320, 20 events (total so far: 340)
2026-05-10 14:00:46,183 [INFO] Matchbook: fetched page offset=340, 20 events (total so far: 360)
2026-05-10 14:00:46,446 [INFO] Matchbook: fetched page offset=360, 20 events (total so far: 380)
2026-05-10 14:00:46,680 [INFO] Matchbook: fetched page offset=380, 11 events (total so far: 391)
2026-05-10 14:00:46,681 [INFO] Matchbook: processing 391 events
2026-05-10 14:00:46,697 [INFO] Matchbook: processed 20/391 events, 202 markets so far
2026-05-10 14:00:46,715 [INFO] Matchbook: processed 40/391 events, 594 markets so far
2026-05-10 14:00:46,738 [INFO] Matchbook: processed 60/391 events, 1174 markets so far
2026-05-10 14:00:46,768 [INFO] Matchbook: processed 80/391 events, 1787 markets so far
2026-05-10 14:00:46,796 [INFO] Matchbook: processed 100/391 events, 2427 markets so far
2026-05-10 14:00:46,826 [INFO] Matchbook: processed 120/391 events, 3088 markets so far
2026-05-10 14:00:46,857 [INFO] Matchbook: processed 140/391 events, 3791 markets so far
2026-05-10 14:00:46,907 [INFO] Matchbook: processed 160/391 events, 4412 markets so far
2026-05-10 14:00:46,932 [INFO] Matchbook: processed 180/391 events, 5074 markets so far
2026-05-10 14:00:46,962 [INFO] Matchbook: processed 200/391 events, 5782 markets so far
2026-05-10 14:00:46,985 [INFO] Matchbook: processed 220/391 events, 6438 markets so far
2026-05-10 14:00:47,008 [INFO] Matchbook: processed 240/391 events, 7078 markets so far
2026-05-10 14:00:47,033 [INFO] Matchbook: processed 260/391 events, 7702 markets so far
2026-05-10 14:00:47,041 [INFO] Matchbook: processed 280/391 events, 7892 markets so far
2026-05-10 14:00:47,045 [INFO] Matchbook: processed 300/391 events, 7979 markets so far
2026-05-10 14:00:47,067 [INFO] Matchbook: processed 320/391 events, 8560 markets so far
2026-05-10 14:00:47,100 [INFO] Matchbook: processed 340/391 events, 9223 markets so far
2026-05-10 14:00:47,119 [INFO] Matchbook: processed 360/391 events, 9883 markets so far
2026-05-10 14:00:47,129 [INFO] Matchbook: processed 380/391 events, 10120 markets so far
2026-05-10 14:00:47,130 [INFO] Matchbook: processed 391/391 events, 10131 markets so far
2026-05-10 14:00:47,130 [INFO] Matchbook: 10132 total markets, 1145 above 25 GBP volume
2026-05-10 14:00:47,251 [INFO] matchbook: 10132 total, 1145 above 25 GBP threshold
2026-05-10 14:00:47,690 [INFO] Snapshot written: /home/jwfalc/smarkets-bot/data/snapshots/matchbook/2026-05-10_13-00.json
2026-05-10 14:00:47,918 [INFO] Market log updated (matchbook)
2026-05-10 14:01:17,476 [INFO] Scanner complete for matchbook. Snapshot: 2026-05-10_13-00.json
2026-05-10 14:01:18,509 [RESEARCHER] betfair: 144 tradeable markets from 2026-05-10_13-00.json
2026-05-10 14:01:18,596 [RESEARCHER] matchbook: 774 tradeable markets from 2026-05-10_13-00.json
2026-05-10 14:01:18,601 [RESEARCHER] Market selection: 3 politics/current-affairs + 7 matchbook-sports + 8 betfair-sports = 18 total
2026-05-10 14:01:18,602 [RESEARCHER] [1/18] Nebraska Governor Republican Primary Winner
2026-05-10 14:01:23,817 [RESEARCHER] [2/18] West Virginia Republican Senate Primary Winner
2026-05-10 14:01:27,911 [RESEARCHER] [3/18] Nebraska Republican Senate Primary Winner
2026-05-10 14:01:31,675 [RESEARCHER] [4/18] Winner
2026-05-10 14:01:35,592 [RESEARCHER] [5/18] Winner
2026-05-10 14:01:38,998 [RESEARCHER] [6/18] Winner
2026-05-10 14:01:42,865 [RESEARCHER] [7/18] Winner
2026-05-10 14:01:45,978 [RESEARCHER] [8/18] Winner
2026-05-10 14:01:49,299 [RESEARCHER] [9/18] To Be Relegated
2026-05-10 14:01:52,718 [RESEARCHER] [10/18] Winner
2026-05-10 14:01:56,018 [RESEARCHER] [11/18] Match Odds
2026-05-10 14:01:59,495 [RESEARCHER] [12/18] Winner
2026-05-10 14:02:04,653 [RESEARCHER] [13/18] Match Odds
2026-05-10 14:02:08,433 [RESEARCHER] [14/18] Winner
2026-05-10 14:02:12,011 [RESEARCHER]   -> Dual entry: also on matchbook (market 33193608429700081)
2026-05-10 14:02:12,012 [RESEARCHER] [15/18] Match Odds
2026-05-10 14:02:15,647 [RESEARCHER] [16/18] Asian Handicap
2026-05-10 14:02:18,035 [RESEARCHER] [17/18] 1m Grp 1
2026-05-10 14:02:21,459 [RESEARCHER]   -> Dual entry: also on betfair (market 1.257935526)
2026-05-10 14:02:21,459 [RESEARCHER] [18/18] Bangladesh 2nd Innings Runs Line
2026-05-10 14:02:25,207 [RESEARCHER] Research brief written: 2026-05-10_13-02_brief.json
2026-05-10 14:02:25,208 [RESEARCHER] Markets: 20 | Errors: 0 | Credits used: 39
BRIEF_PATH:/home/jwfalc/smarkets-bot/data/research/2026-05-10_13-02_brief.json
2026-05-10 14:02:25,592 [ANALYZER] Loading research brief: 2026-05-10_13-02_brief.json
2026-05-10 14:02:25,751 [ANALYZER] Analyzed 20 markets
2026-05-10 14:02:25,751 [ANALYZER] Found 13 signals (10pp+)
2026-05-10 14:02:25,751 [ANALYZER] Logged 17 distribution entries (7pp+)
2026-05-10 14:02:25,773 [ANALYZER] Research output written: 2026-05-10_13-02_research.json
RESEARCH_PATH:/home/jwfalc/smarkets-bot/data/research/2026-05-10_13-02_research.json
2026-05-10 14:02:26,588 [RESOLVE] Found 24 open trade(s) to check (paper_mode=True)
2026-05-10 14:02:26,684 [RESOLVE] Using cached Betfair session token
2026-05-10 14:02:26,684 [RESOLVE] Betfair: checking 2 open-trade markets
2026-05-10 14:02:31,337 [RESOLVE] Snapshot name lookup: found mappings for 2 markets
2026-05-10 14:02:31,452 [RESOLVE] Using cached Matchbook session token
2026-05-10 14:02:31,453 [RESOLVE] Matchbook: checking 4 open-trade markets against settled events
/home/jwfalc/smarkets-bot/scripts/check_resolutions.py:305: DeprecationWarning: datetime.datetime.utcnow() is deprecated and scheduled for removal in a future version. Use timezone-aware objects to represent datetimes in UTC: datetime.datetime.now(datetime.UTC).
  cutoff = datetime.datetime.utcnow() - datetime.timedelta(days=30)
2026-05-10 14:02:43,063 [RESOLVE] Settled markets found: 0
2026-05-10 14:02:43,063 [RESOLVE] No open-trade markets have settled yet.
2026-05-10 14:02:43,950 [INFO] ============================================================
2026-05-10 14:02:43,950 [INFO] DIGEST RUN STARTED
2026-05-10 14:02:43,951 [INFO] ============================================================
2026-05-10 14:02:48,959 [INFO] Signal filtered (high-odds lay): Nebraska Governor Republican Primary Winner @ 5.00 odds, 14.6pp edge
2026-05-10 14:02:48,960 [INFO] Signal filtered (high-odds lay): Nebraska Governor Republican Primary Winner @ 6.00 odds, 11.4pp edge
2026-05-10 14:02:48,993 [INFO] Dashboard data written: /home/jwfalc/smarkets-bot/dashboard/dashboard_data.json
2026-05-10 14:02:49,047 [INFO] Period logs updated: 2026-05-10, 2026-W19, 2026-05, 2026-Q2
2026-05-10 14:02:49,048 [INFO] Run log: [2026-05-10 13:02 UTC] status=signal | platforms=betfair,matchbook | markets=1289 | signals=11 | alerts=0 | movements=10 | consec_losses=1
2026-05-10 14:02:49,048 [INFO] Digest complete
Balance: £100.38 | Reserved: £211.06 | Available: £-110.68
Skipping high-odds lay: Nebraska Governor Republican Primary Winner @ 5.00 odds, 14.6pp edge (need 20.0pp+ above 4.0 odds)
Skipping (insufficient balance): Nebraska Governor Republican Primary Winner needs £0.05, only £-110.68 available
Skipping (insufficient balance): Nebraska Governor Republican Primary Winner needs £0.05, only £-110.68 available
Skipping (insufficient balance): Nebraska Governor Republican Primary Winner needs £0.05, only £-110.68 available
Skipping high-odds lay: Nebraska Governor Republican Primary Winner @ 6.00 odds, 11.4pp edge (need 20.0pp+ above 4.0 odds)
Skipping (insufficient balance): Winner needs £5.00, only £-110.68 available
Skipping (insufficient balance): Winner needs £5.00, only £-110.68 available
Skipping (insufficient balance): Winner needs £0.05, only £-110.68 available
Skipping (insufficient balance): Winner needs £0.05, only £-110.68 available
Skipping (insufficient balance): Winner needs £0.05, only £-110.68 available
Skipping (insufficient balance): Winner needs £0.10, only £-110.68 available
Skipping (insufficient balance): Winner needs £0.10, only £-110.68 available
Skipping (insufficient balance): Winner needs £0.10, only £-110.68 available
No new paper trades to log
Distribution log updated: 9 new entries added
Total entries: 432
  7-9pp: 85 total, 18 resolved
  10-11pp: 54 total, 34 resolved
  12pp+: 293 total, 134 resolved

REVIEW DUE: 7-9pp band has 18 resolved entries (threshold: 12)
  Run: python distribution_logger.py report
  Then run: prompts/prompt_review_v1.md

REVIEW DUE: 7-9pp band has 18 resolved entries (threshold: 12)
  Run: python distribution_logger.py report
  Then run: prompts/prompt_review_v1.md
EXIT_CODE:0
Sent
2026-05-10 14:02:52 [DEPLOY] Starting dashboard deploy...
HTML written OK
2026-05-10 14:02:52 [DEPLOY] Static HTML built
[main bca007a] Deploy: 2026-05-10 14:02 UTC
 1 file changed, 1 insertion(+), 1 deletion(-)
To https://github.com/jwfalc-coder/smarkets-dashboard.git
   22928d5..bca007a  main -> main
2026-05-10 14:02:52 [DEPLOY] Deploy complete: Deploy: 2026-05-10 14:02 UTC
