Sent
2026-05-15 23:00:02,496 [INFO] ============================================================
2026-05-15 23:00:02,498 [INFO] SCANNER RUN STARTED - BETFAIR
2026-05-15 23:00:02,498 [INFO] ============================================================
2026-05-15 23:00:02,964 [INFO] Cached Betfair session too old, re-logging in
2026-05-15 23:00:02,964 [INFO] Betfair login attempt 1/3
2026-05-15 23:00:03,119 [INFO] Betfair login successful
2026-05-15 23:00:03,275 [INFO] Catalogue: 100 markets for sport ID 1
2026-05-15 23:00:03,407 [INFO] Catalogue: 100 markets for sport ID 2
2026-05-15 23:00:03,530 [INFO] Catalogue: 100 markets for sport ID 7
2026-05-15 23:00:03,651 [INFO] Catalogue: 100 markets for sport ID 4
2026-05-15 23:00:03,734 [INFO] Catalogue: 0 markets for sport ID 2378961
2026-05-15 23:00:03,808 [INFO] Catalogue: 0 markets for sport ID 3
2026-05-15 23:00:04,022 [INFO] Catalogue: 100 markets for sport ID 7522
2026-05-15 23:00:04,147 [INFO] Catalogue: 12 markets for sport ID 6423
2026-05-15 23:00:04,147 [INFO] Betfair: fetching prices for 512 markets...
2026-05-15 23:00:08,827 [INFO] Betfair: enriching 512 markets with price data...
2026-05-15 23:00:08,834 [INFO] Betfair: enriched 50/512 markets, 6 tradeable so far
2026-05-15 23:00:08,842 [INFO] Betfair: enriched 100/512 markets, 16 tradeable so far
2026-05-15 23:00:08,843 [INFO] Betfair: enriched 150/512 markets, 16 tradeable so far
2026-05-15 23:00:08,845 [INFO] Betfair: enriched 200/512 markets, 16 tradeable so far
2026-05-15 23:00:08,851 [INFO] Betfair: enriched 250/512 markets, 23 tradeable so far
2026-05-15 23:00:08,861 [INFO] Betfair: enriched 300/512 markets, 31 tradeable so far
2026-05-15 23:00:08,863 [INFO] Betfair: enriched 350/512 markets, 43 tradeable so far
2026-05-15 23:00:08,865 [INFO] Betfair: enriched 400/512 markets, 57 tradeable so far
2026-05-15 23:00:08,914 [INFO] Betfair: enriched 450/512 markets, 80 tradeable so far
2026-05-15 23:00:08,963 [INFO] Betfair: enriched 500/512 markets, 83 tradeable so far
2026-05-15 23:00:08,983 [INFO] Betfair: enriched 512/512 markets, 83 tradeable so far
2026-05-15 23:00:08,986 [INFO] Betfair: 512 total markets, 83 above 100 GBP volume
2026-05-15 23:00:09,014 [INFO] betfair: 512 total, 83 above 100 GBP threshold
2026-05-15 23:00:09,256 [INFO] Snapshot written: /home/jwfalc/smarkets-bot/data/snapshots/betfair/2026-05-15_22-00.json
2026-05-15 23:00:09,375 [INFO] Market log updated (betfair)
2026-05-15 23:00:46,145 [INFO] Scanner complete for betfair. Snapshot: 2026-05-15_22-00.json
2026-05-15 23:00:46,453 [INFO] ============================================================
2026-05-15 23:00:46,453 [INFO] SCANNER RUN STARTED - MATCHBOOK
2026-05-15 23:00:46,453 [INFO] ============================================================
2026-05-15 23:00:46,790 [INFO] Matchbook login attempt 1/3
2026-05-15 23:00:46,952 [INFO] Matchbook login successful
2026-05-15 23:00:46,952 [INFO] Matchbook: fetching events with prices for 15 sports...
2026-05-15 23:00:47,131 [INFO] Matchbook: fetched page offset=0, 20 events (total so far: 20)
2026-05-15 23:00:47,420 [INFO] Matchbook: fetched page offset=20, 20 events (total so far: 40)
2026-05-15 23:00:47,681 [INFO] Matchbook: fetched page offset=40, 20 events (total so far: 60)
2026-05-15 23:00:47,988 [INFO] Matchbook: fetched page offset=60, 20 events (total so far: 80)
2026-05-15 23:00:48,281 [INFO] Matchbook: fetched page offset=80, 20 events (total so far: 100)
2026-05-15 23:00:48,638 [INFO] Matchbook: fetched page offset=100, 20 events (total so far: 120)
2026-05-15 23:00:48,949 [INFO] Matchbook: fetched page offset=120, 20 events (total so far: 140)
2026-05-15 23:00:49,329 [INFO] Matchbook: fetched page offset=140, 20 events (total so far: 160)
2026-05-15 23:00:49,683 [INFO] Matchbook: fetched page offset=160, 20 events (total so far: 180)
2026-05-15 23:00:49,979 [INFO] Matchbook: fetched page offset=180, 20 events (total so far: 200)
2026-05-15 23:00:50,284 [INFO] Matchbook: fetched page offset=200, 20 events (total so far: 220)
2026-05-15 23:00:50,587 [INFO] Matchbook: fetched page offset=220, 20 events (total so far: 240)
2026-05-15 23:00:50,931 [INFO] Matchbook: fetched page offset=240, 20 events (total so far: 260)
2026-05-15 23:00:51,262 [INFO] Matchbook: fetched page offset=260, 20 events (total so far: 280)
2026-05-15 23:00:51,648 [INFO] Matchbook: fetched page offset=280, 20 events (total so far: 300)
2026-05-15 23:00:52,059 [INFO] Matchbook: fetched page offset=300, 20 events (total so far: 320)
2026-05-15 23:00:52,345 [INFO] Matchbook: fetched page offset=320, 20 events (total so far: 340)
2026-05-15 23:00:52,598 [INFO] Matchbook: fetched page offset=340, 20 events (total so far: 360)
2026-05-15 23:00:52,832 [INFO] Matchbook: fetched page offset=360, 18 events (total so far: 378)
2026-05-15 23:00:52,832 [INFO] Matchbook: processing 378 events
2026-05-15 23:00:52,855 [INFO] Matchbook: processed 20/378 events, 523 markets so far
2026-05-15 23:00:52,869 [INFO] Matchbook: processed 40/378 events, 984 markets so far
2026-05-15 23:00:52,877 [INFO] Matchbook: processed 60/378 events, 1265 markets so far
2026-05-15 23:00:52,885 [INFO] Matchbook: processed 80/378 events, 1494 markets so far
2026-05-15 23:00:52,899 [INFO] Matchbook: processed 100/378 events, 1955 markets so far
2026-05-15 23:00:52,922 [INFO] Matchbook: processed 120/378 events, 2523 markets so far
2026-05-15 23:00:52,938 [INFO] Matchbook: processed 140/378 events, 3041 markets so far
2026-05-15 23:00:52,953 [INFO] Matchbook: processed 160/378 events, 3612 markets so far
2026-05-15 23:00:52,987 [INFO] Matchbook: processed 180/378 events, 4311 markets so far
2026-05-15 23:00:53,000 [INFO] Matchbook: processed 200/378 events, 4812 markets so far
2026-05-15 23:00:53,018 [INFO] Matchbook: processed 220/378 events, 5413 markets so far
2026-05-15 23:00:53,038 [INFO] Matchbook: processed 240/378 events, 6008 markets so far
2026-05-15 23:00:53,061 [INFO] Matchbook: processed 260/378 events, 6661 markets so far
2026-05-15 23:00:53,086 [INFO] Matchbook: processed 280/378 events, 7473 markets so far
2026-05-15 23:00:53,122 [INFO] Matchbook: processed 300/378 events, 8353 markets so far
2026-05-15 23:00:53,158 [INFO] Matchbook: processed 320/378 events, 9192 markets so far
2026-05-15 23:00:53,169 [INFO] Matchbook: processed 340/378 events, 9477 markets so far
2026-05-15 23:00:53,170 [INFO] Matchbook: processed 360/378 events, 9498 markets so far
2026-05-15 23:00:53,172 [INFO] Matchbook: processed 378/378 events, 9515 markets so far
2026-05-15 23:00:53,172 [INFO] Matchbook: 9516 total markets, 618 above 25 GBP volume
2026-05-15 23:00:53,248 [INFO] matchbook: 9516 total, 618 above 25 GBP threshold
2026-05-15 23:00:53,462 [INFO] Snapshot written: /home/jwfalc/smarkets-bot/data/snapshots/matchbook/2026-05-15_22-00.json
2026-05-15 23:00:53,578 [INFO] Market log updated (matchbook)
2026-05-15 23:01:25,275 [INFO] Scanner complete for matchbook. Snapshot: 2026-05-15_22-00.json
2026-05-15 23:01:27,056 [RESEARCHER] matchbook: 398 tradeable markets from 2026-05-15_22-00.json
2026-05-15 23:01:27,058 [RESEARCHER] Market selection: 0 politics/current-affairs + 15 matchbook-sports + 0 betfair-sports = 15 total
2026-05-15 23:01:27,058 [RESEARCHER] [1/15] Winner
2026-05-15 23:01:34,680 [RESEARCHER] [2/15] Winner
2026-05-15 23:01:41,739 [RESEARCHER] [3/15] Winner
2026-05-15 23:01:48,855 [RESEARCHER] [4/15] To Be Relegated
2026-05-15 23:01:56,278 [RESEARCHER] [5/15] Winner
2026-05-15 23:02:04,182 [RESEARCHER] [6/15] Top 10 Finish
2026-05-15 23:02:07,059 [RESEARCHER] [7/15] Top 5 Finish
2026-05-15 23:02:10,381 [RESEARCHER] [8/15] Correct Score
2026-05-15 23:02:17,963 [RESEARCHER] [9/15] Handicap
2026-05-15 23:02:25,343 [RESEARCHER] [10/15] Moneyline
2026-05-15 23:02:33,066 [RESEARCHER] [11/15] Top 4 Finish
2026-05-15 23:02:41,538 [RESEARCHER] [12/15] Winner
2026-05-15 23:02:49,270 [RESEARCHER] [13/15] Match Odds
2026-05-15 23:02:56,645 [RESEARCHER] [14/15] Top 6 Finish
2026-05-15 23:02:59,684 [RESEARCHER] [15/15] Match Odds
2026-05-15 23:03:07,693 [RESEARCHER] Research brief written: 2026-05-15_22-03_brief.json
2026-05-15 23:03:07,693 [RESEARCHER] Markets: 15 | Errors: 0 | Credits used: 60
BRIEF_PATH:/home/jwfalc/smarkets-bot/data/research/2026-05-15_22-03_brief.json
2026-05-15 23:03:07,994 [ANALYZER] Loading research brief: 2026-05-15_22-03_brief.json
2026-05-15 23:03:08,088 [ANALYZER] Analyzed 15 markets
2026-05-15 23:03:08,089 [ANALYZER] Found 7 signals (10pp+)
2026-05-15 23:03:08,089 [ANALYZER] Logged 11 distribution entries (7pp+)
2026-05-15 23:03:08,102 [ANALYZER] Research output written: 2026-05-15_22-03_research.json
2026-05-15 23:03:08,106 [ANALYZER] Appended 64 edge traces to edge_traces.json
RESEARCH_PATH:/home/jwfalc/smarkets-bot/data/research/2026-05-15_22-03_research.json
2026-05-15 23:03:08,657 [RESOLVE] Found 20 open trade(s) to check (paper_mode=True)
2026-05-15 23:03:08,658 [RESOLVE] Settled markets found: 0
2026-05-15 23:03:08,658 [RESOLVE] Standings fallback: 2 season future market(s) to check
2026-05-15 23:03:09,122 [RESOLVE] Standings: no match for ' Scottie Scheffler' in 24-team table
2026-05-15 23:03:09,123 [RESOLVE] Standings: no match for ' Scottie Scheffler' in 24-team table
2026-05-15 23:03:09,123 [RESOLVE] No open-trade markets have settled yet.
2026-05-15 23:03:09,728 [INFO] ============================================================
2026-05-15 23:03:09,730 [INFO] DIGEST RUN STARTED
2026-05-15 23:03:09,730 [INFO] ============================================================
2026-05-15 23:03:15,353 [INFO] Signal filtered (high-odds lay): Top 5 Finish @ 6.00 odds (cap: 4.0)
2026-05-15 23:03:15,353 [INFO] Signal filtered (high-odds lay): Top 5 Finish @ 6.00 odds (cap: 4.0)
2026-05-15 23:03:15,354 [INFO] Signal filtered (high-odds lay): Top 5 Finish @ 6.00 odds (cap: 4.0)
2026-05-15 23:03:15,354 [INFO] Signal filtered (high-odds lay): Top 5 Finish @ 6.00 odds (cap: 4.0)
2026-05-15 23:03:15,354 [WARNING] CONSECUTIVE LOSSES: 3
2026-05-15 23:03:15,354 [WARNING] Consecutive loss alert: 3 in a row
2026-05-15 23:03:15,452 [INFO] Telegram notification sent
2026-05-15 23:03:15,478 [INFO] Dashboard data written: /home/jwfalc/smarkets-bot/dashboard/dashboard_data.json
2026-05-15 23:03:15,560 [INFO] Period logs updated: 2026-05-15, 2026-W20, 2026-05, 2026-Q2
2026-05-15 23:03:15,560 [INFO] Run log: [2026-05-15 22:03 UTC] status=signal | platforms=betfair,matchbook | markets=701 | signals=3 | alerts=0 | movements=10 | consec_losses=3
2026-05-15 23:03:15,660 [INFO] Telegram notification sent
2026-05-15 23:03:15,661 [INFO] Digest complete
Balance: £197.32 | Reserved: £178.26 | Available: £19.06
Skipping high-odds lay: Top 5 Finish @ 6.00 odds (cap: 4.0)
Skipping high-odds lay: Top 5 Finish @ 6.00 odds (cap: 4.0)
Skipping high-odds lay: Top 5 Finish @ 6.00 odds (cap: 4.0)
Skipping high-odds lay: Top 5 Finish @ 6.00 odds (cap: 4.0)
Skipping (already open): Top 6 Finish LAY
Skipping (already open): Top 6 Finish LAY
No new paper trades to log
Distribution log updated: 0 new entries added
Total entries: 597
  7-9pp: 164 total, 27 resolved
  10-11pp: 70 total, 37 resolved
  12pp+: 363 total, 171 resolved

REVIEW DUE: 7-9pp band has 27 resolved entries (threshold: 12)
  Run: python distribution_logger.py report
  Then run: prompts/prompt_review_v1.md

REVIEW DUE: 7-9pp band has 27 resolved entries (threshold: 12)
  Run: python distribution_logger.py report
  Then run: prompts/prompt_review_v1.md
EXIT_CODE:0
Sent
2026-05-15 23:03:18,569 [STATIC-DASH] Building dashboard data…
2026-05-15 23:03:19,722 [STATIC-DASH] Data collected: 99 trades, 60 signals, 701 markets
2026-05-15 23:03:19,954 [STATIC-DASH] Written: /home/jwfalc/smarkets-dashboard/index.html (2787KB)
2026-05-15 23:03:20 [DEPLOY] Starting dashboard deploy...
WARNING: could not find injection point in HTML
HTML written OK
2026-05-15 23:03:20 [DEPLOY] Static HTML built
[main e133a8d] Deploy: 2026-05-15 23:03 UTC
 1 file changed, 1 insertion(+), 1 deletion(-)
To https://github.com/jwfalc-coder/smarkets-dashboard.git
   b8c56b2..e133a8d  main -> main
2026-05-15 23:03:20 [DEPLOY] Deploy complete: Deploy: 2026-05-15 23:03 UTC
