Sent
2026-06-04 18:00:02,167 [INFO] ============================================================
2026-06-04 18:00:02,167 [INFO] SCANNER RUN STARTED - BETFAIR
2026-06-04 18:00:02,168 [INFO] ============================================================
2026-06-04 18:00:02,566 [INFO] Cached Betfair session too old, re-logging in
2026-06-04 18:00:02,567 [INFO] Betfair login attempt 1/3
2026-06-04 18:00:02,718 [INFO] Betfair login successful
2026-06-04 18:00:02,864 [INFO] Catalogue: 100 markets for sport ID 1
2026-06-04 18:00:02,994 [INFO] Catalogue: 100 markets for sport ID 2
2026-06-04 18:00:03,122 [INFO] Catalogue: 100 markets for sport ID 7
2026-06-04 18:00:03,249 [INFO] Catalogue: 100 markets for sport ID 4
2026-06-04 18:00:03,336 [INFO] Catalogue: 0 markets for sport ID 2378961
2026-06-04 18:00:03,437 [INFO] Catalogue: 32 markets for sport ID 3
2026-06-04 18:00:03,613 [INFO] Catalogue: 74 markets for sport ID 7522
2026-06-04 18:00:03,682 [INFO] Catalogue: 0 markets for sport ID 6423
2026-06-04 18:00:03,683 [INFO] Betfair: fetching prices for 506 markets...
2026-06-04 18:00:08,029 [INFO] Betfair: enriching 506 markets with price data...
2026-06-04 18:00:08,038 [INFO] Betfair: enriched 50/506 markets, 10 tradeable so far
2026-06-04 18:00:08,044 [INFO] Betfair: enriched 100/506 markets, 27 tradeable so far
2026-06-04 18:00:08,047 [INFO] Betfair: enriched 150/506 markets, 28 tradeable so far
2026-06-04 18:00:08,052 [INFO] Betfair: enriched 200/506 markets, 30 tradeable so far
2026-06-04 18:00:08,061 [INFO] Betfair: enriched 250/506 markets, 52 tradeable so far
2026-06-04 18:00:08,072 [INFO] Betfair: enriched 300/506 markets, 67 tradeable so far
2026-06-04 18:00:08,076 [INFO] Betfair: enriched 350/506 markets, 74 tradeable so far
2026-06-04 18:00:08,078 [INFO] Betfair: enriched 400/506 markets, 78 tradeable so far
2026-06-04 18:00:08,147 [INFO] Betfair: enriched 450/506 markets, 123 tradeable so far
2026-06-04 18:00:08,198 [INFO] Betfair: enriched 500/506 markets, 135 tradeable so far
2026-06-04 18:00:08,202 [INFO] Betfair: enriched 506/506 markets, 135 tradeable so far
2026-06-04 18:00:08,203 [INFO] Betfair: 506 total markets, 135 above 100 GBP volume
2026-06-04 18:00:08,332 [INFO] Outrights: 22 markets for sport 1
2026-06-04 18:00:08,429 [INFO] Outrights: 17 markets for sport 3
2026-06-04 18:00:08,508 [INFO] Outrights: 1 markets for sport 2378961
2026-06-04 18:00:08,896 [INFO] Outrights: 38 markets above 25 GBP
2026-06-04 18:00:08,902 [INFO] Betfair: added 34 outright markets for cross-ref
2026-06-04 18:00:08,902 [INFO] betfair: 540 total, 169 above 100 GBP threshold
2026-06-04 18:00:09,279 [INFO] Snapshot written: /home/jwfalc/smarkets-bot/data/snapshots/betfair/2026-06-04_17-00.json
2026-06-04 18:00:09,482 [INFO] Market log updated (betfair)
2026-06-04 18:00:34,769 [INFO] Scanner complete for betfair. Snapshot: 2026-06-04_17-00.json
2026-06-04 18:00:35,083 [INFO] ============================================================
2026-06-04 18:00:35,083 [INFO] SCANNER RUN STARTED - MATCHBOOK
2026-06-04 18:00:35,083 [INFO] ============================================================
2026-06-04 18:00:35,427 [INFO] Matchbook login attempt 1/3
2026-06-04 18:00:35,599 [INFO] Matchbook login successful
2026-06-04 18:00:35,599 [INFO] Matchbook: fetching events with prices for 15 sports...
2026-06-04 18:00:35,709 [INFO] Matchbook: fetched page offset=0, 20 events (total so far: 20)
2026-06-04 18:00:35,985 [INFO] Matchbook: fetched page offset=20, 20 events (total so far: 40)
2026-06-04 18:00:36,266 [INFO] Matchbook: fetched page offset=40, 20 events (total so far: 60)
2026-06-04 18:00:36,563 [INFO] Matchbook: fetched page offset=60, 20 events (total so far: 80)
2026-06-04 18:00:36,844 [INFO] Matchbook: fetched page offset=80, 20 events (total so far: 100)
2026-06-04 18:00:37,107 [INFO] Matchbook: fetched page offset=100, 20 events (total so far: 120)
2026-06-04 18:00:37,365 [INFO] Matchbook: fetched page offset=120, 20 events (total so far: 140)
2026-06-04 18:00:37,608 [INFO] Matchbook: fetched page offset=140, 8 events (total so far: 148)
2026-06-04 18:00:37,609 [INFO] Matchbook: processing 148 events
2026-06-04 18:00:37,616 [INFO] Matchbook: processed 20/148 events, 85 markets so far
2026-06-04 18:00:37,626 [INFO] Matchbook: processed 40/148 events, 361 markets so far
2026-06-04 18:00:37,638 [INFO] Matchbook: processed 60/148 events, 727 markets so far
2026-06-04 18:00:37,647 [INFO] Matchbook: processed 80/148 events, 950 markets so far
2026-06-04 18:00:37,660 [INFO] Matchbook: processed 100/148 events, 1327 markets so far
2026-06-04 18:00:37,667 [INFO] Matchbook: processed 120/148 events, 1389 markets so far
2026-06-04 18:00:37,672 [INFO] Matchbook: processed 140/148 events, 1453 markets so far
2026-06-04 18:00:37,675 [INFO] Matchbook: processed 148/148 events, 1472 markets so far
2026-06-04 18:00:37,675 [INFO] Matchbook: 1473 total markets, 313 above 25 GBP volume
2026-06-04 18:00:37,693 [INFO] matchbook: 1473 total, 313 above 25 GBP threshold
2026-06-04 18:00:37,840 [INFO] Snapshot written: /home/jwfalc/smarkets-bot/data/snapshots/matchbook/2026-06-04_17-00.json
2026-06-04 18:00:37,924 [INFO] Market log updated (matchbook)
2026-06-04 18:01:02,989 [INFO] Scanner complete for matchbook. Snapshot: 2026-06-04_17-00.json
2026-06-04 18:01:03,634 [RESEARCHER] Prior index loaded: 108 known runners
2026-06-04 18:01:03,709 [RESEARCHER] betfair: 169 tradeable markets from 2026-06-04_17-00.json
2026-06-04 18:01:03,710 [RESEARCHER] Market selection: 1 politics + 7 outrights + 8 other sports = 16 total (platforms: ['betfair'])
2026-06-04 18:01:03,710 [RESEARCHER] [1/16] Makerfield - Restore Britain Vote Percentage
2026-06-04 18:01:08,854 [RESEARCHER] [2/16] Winner
2026-06-04 18:01:15,784 [RESEARCHER] [3/16] Winner
2026-06-04 18:01:25,257 [RESEARCHER]   Prior history injected for Scottie Scheffler
2026-06-04 18:01:25,258 [RESEARCHER]   Prior history injected for Rory McIlroy
2026-06-04 18:01:25,258 [RESEARCHER]   Prior history injected for Ludvig Aberg
2026-06-04 18:01:25,259 [RESEARCHER]   Prior history injected for Si Woo Kim
2026-06-04 18:01:25,259 [RESEARCHER]   Prior history injected for Xander Schauffele
2026-06-04 18:01:25,259 [RESEARCHER] [4/16] Winner
2026-06-04 18:01:34,089 [RESEARCHER]   Prior history injected for Oliver Lindell
2026-06-04 18:01:34,089 [RESEARCHER] [5/16] Winner
2026-06-04 18:01:43,997 [RESEARCHER] [6/16] Top 10 Finish
2026-06-04 18:01:45,898 [RESEARCHER]   Prior history injected for Scottie Scheffler
2026-06-04 18:01:45,899 [RESEARCHER]   Prior history injected for Rory McIlroy
2026-06-04 18:01:45,899 [RESEARCHER]   Prior history injected for Ludvig Aberg
2026-06-04 18:01:45,899 [RESEARCHER]   Prior history injected for Si Woo Kim
2026-06-04 18:01:45,900 [RESEARCHER]   Prior history injected for Xander Schauffele
2026-06-04 18:01:45,900 [RESEARCHER] [7/16] Winner
2026-06-04 18:01:50,639 [RESEARCHER]   Prior history injected for Scottie Scheffler
2026-06-04 18:01:50,640 [RESEARCHER]   Prior history injected for Rory McIlroy
2026-06-04 18:01:50,640 [RESEARCHER]   Prior history injected for Jon Rahm
2026-06-04 18:01:50,640 [RESEARCHER]   Prior history injected for Cameron Young
2026-06-04 18:01:50,641 [RESEARCHER]   Prior history injected for Ludvig Aberg
2026-06-04 18:01:50,641 [RESEARCHER]   Prior history injected for Xander Schauffele
2026-06-04 18:01:50,641 [RESEARCHER] [8/16] Winner
2026-06-04 18:01:55,162 [RESEARCHER]   Prior history injected for Scottie Scheffler
2026-06-04 18:01:55,163 [RESEARCHER]   Prior history injected for Rory McIlroy
2026-06-04 18:01:55,163 [RESEARCHER]   Prior history injected for Jon Rahm
2026-06-04 18:01:55,163 [RESEARCHER]   Prior history injected for Xander Schauffele
2026-06-04 18:01:55,164 [RESEARCHER]   Prior history injected for Cameron Young
2026-06-04 18:01:55,164 [RESEARCHER] [9/16] NBA Championship Winner
2026-06-04 18:02:02,969 [RESEARCHER]   Prior history injected for San Antonio Spurs
2026-06-04 18:02:02,970 [RESEARCHER]   Prior history injected for Sacramento Kings
2026-06-04 18:02:02,970 [RESEARCHER] [10/16] 1m2f Nov Stks
2026-06-04 18:02:08,089 [RESEARCHER] [11/16] Winner 2026/27
2026-06-04 18:02:14,746 [RESEARCHER]   Prior history injected for Arsenal
2026-06-04 18:02:14,747 [RESEARCHER]   Prior history injected for Man City
2026-06-04 18:02:14,747 [RESEARCHER]   Prior history injected for Liverpool
2026-06-04 18:02:14,747 [RESEARCHER]   Prior history injected for Chelsea
2026-06-04 18:02:14,748 [RESEARCHER]   Prior history injected for Aston Villa
2026-06-04 18:02:14,748 [RESEARCHER] [12/16] Moneyline
2026-06-04 18:02:22,258 [RESEARCHER]   Prior history injected for San Antonio Spurs
2026-06-04 18:02:22,258 [RESEARCHER] [13/16] 5f Hcap
2026-06-04 18:02:27,204 [RESEARCHER] [14/16] 1m4f Listed
2026-06-04 18:02:32,310 [RESEARCHER] [15/16] Match Odds
2026-06-04 18:02:40,929 [RESEARCHER]   Prior history injected for Kent W
2026-06-04 18:02:40,929 [RESEARCHER]   Prior history injected for Worcestershire Rapids W
2026-06-04 18:02:40,930 [RESEARCHER] [16/16] Match Odds
2026-06-04 18:02:50,675 [RESEARCHER]   Prior history injected for Sussex Sharks W
2026-06-04 18:02:50,675 [RESEARCHER]   Prior history injected for Leicestershire Foxes W
2026-06-04 18:02:50,692 [RESEARCHER] Research brief written: 2026-06-04_17-02_brief.json
2026-06-04 18:02:50,692 [RESEARCHER] Markets: 16 | Errors: 0 | Credits used: 66
BRIEF_PATH:/home/jwfalc/smarkets-bot/data/research/2026-06-04_17-02_brief.json
2026-06-04 18:02:51,001 [ANALYZER] Loading research brief: 2026-06-04_17-02_brief.json
2026-06-04 18:02:51,286 [ANALYZER] Betfair cross-ref index: 4739 runners
2026-06-04 18:02:51,293 [ANALYZER] Analyzed 16 markets
2026-06-04 18:02:51,293 [ANALYZER] Found 4 signals (10pp+)
2026-06-04 18:02:51,293 [ANALYZER] Logged 8 distribution entries (7pp+)
2026-06-04 18:02:51,308 [ANALYZER] Research output written: 2026-06-04_17-02_research.json
2026-06-04 18:02:51,311 [ANALYZER] Appended 83 edge traces to edge_traces.json
RESEARCH_PATH:/home/jwfalc/smarkets-bot/data/research/2026-06-04_17-02_research.json
2026-06-04 18:02:51,881 [RESOLVE] Found 22 open trade(s) to check (paper_mode=True)
2026-06-04 18:02:51,949 [RESOLVE] Using cached Betfair session token
2026-06-04 18:02:51,949 [RESOLVE] Betfair: checking 16 open-trade markets
2026-06-04 18:03:02,107 [RESOLVE] Snapshot name lookup: found mappings for 16 markets
2026-06-04 18:03:02,305 [RESOLVE] Settled markets found: 0
2026-06-04 18:03:02,305 [RESOLVE] No open-trade markets have settled yet.
2026-06-04 18:03:02,925 [INFO] ============================================================
2026-06-04 18:03:02,925 [INFO] DIGEST RUN STARTED
2026-06-04 18:03:02,926 [INFO] ============================================================
2026-06-04 18:03:07,194 [INFO] Sending signal alert: Winner edge=17.17pp
2026-06-04 18:03:07,379 [INFO] Telegram notification sent
2026-06-04 18:03:07,380 [INFO] Sending signal alert: Top 10 Finish edge=17.17pp
2026-06-04 18:03:07,529 [INFO] Telegram notification sent
2026-06-04 18:03:07,530 [INFO] Sent 2 Telegram signal alerts
2026-06-04 18:03:07,575 [INFO] Dashboard data written: /home/jwfalc/smarkets-bot/dashboard/dashboard_data.json
2026-06-04 18:03:07,798 [INFO] Period logs updated: 2026-06-04, 2026-W23, 2026-06, 2026-Q2
2026-06-04 18:03:07,798 [INFO] Run log: [2026-06-04 17:03 UTC] status=signal | platforms=betfair,matchbook | markets=482 | signals=4 | alerts=2 | movements=10 | consec_losses=0
2026-06-04 18:03:07,799 [INFO] Digest complete
Balance: £432.73 | Reserved: £103.34 | Available: £329.39
Skipping (already open): Winner BACK
Skipping (correlated exposure in same market): Top 10 Finish BACK Scottie Scheffler
Reduced stake: Winner 2026/27 edge 12.2pp < 15.0pp → £2.15 (43%)
Skipping (already open): Winner 2026/27 BACK
Reduced stake: 1m4f Listed edge 7.6pp < 15.0pp → £2.60 (52%)
Logged paper trade: 1m4f Listed - BACK @ 76.92% (edge: 7.6pp) [betfair] | available now £326.79

1 new paper trade(s) logged
Distribution log updated: 2 new entries added
Total entries: 894
  near_certainty: 7 total, 6 resolved
  high_prob: 22 total, 11 resolved
  7-9pp: 264 total, 98 resolved
  10-11pp: 118 total, 46 resolved
  12pp+: 483 total, 360 resolved

REVIEW DUE: 7-9pp band has 98 resolved entries (threshold: 12)
  Run: python distribution_logger.py report
  Then run: prompts/prompt_review_v1.md

REVIEW DUE: 7-9pp band has 98 resolved entries (threshold: 12)
  Run: python distribution_logger.py report
  Then run: prompts/prompt_review_v1.md
EXIT_CODE:0
Sent
2026-06-04 18:03:10,807 [STATIC-DASH] Building dashboard data…
2026-06-04 18:03:11,968 [STATIC-DASH] Data collected: 235 trades, 62 signals, 482 markets
2026-06-04 18:03:12,276 [STATIC-DASH] Written: /home/jwfalc/smarkets-dashboard/index.html (3452KB)
2026-06-04 18:03:12 [DEPLOY] Starting dashboard deploy...
WARNING: could not find injection point in HTML
HTML written OK
2026-06-04 18:03:12 [DEPLOY] Static HTML built
[main a6c7a09] Deploy: 2026-06-04 18:03 UTC
 1 file changed, 1 insertion(+), 1 deletion(-)
To https://github.com/jwfalc-coder/smarkets-dashboard.git
   53f8d64..a6c7a09  main -> main
2026-06-04 18:03:12 [DEPLOY] Deploy complete: Deploy: 2026-06-04 18:03 UTC
