Sent
2026-06-03 14:00:02,653 [INFO] ============================================================
2026-06-03 14:00:02,654 [INFO] SCANNER RUN STARTED - BETFAIR
2026-06-03 14:00:02,654 [INFO] ============================================================
2026-06-03 14:00:03,053 [INFO] Cached Betfair session too old, re-logging in
2026-06-03 14:00:03,054 [INFO] Betfair login attempt 1/3
2026-06-03 14:00:03,202 [INFO] Betfair login successful
2026-06-03 14:00:03,353 [INFO] Catalogue: 100 markets for sport ID 1
2026-06-03 14:00:03,478 [INFO] Catalogue: 100 markets for sport ID 2
2026-06-03 14:00:03,606 [INFO] Catalogue: 100 markets for sport ID 7
2026-06-03 14:00:03,733 [INFO] Catalogue: 100 markets for sport ID 4
2026-06-03 14:00:03,800 [INFO] Catalogue: 0 markets for sport ID 2378961
2026-06-03 14:00:03,920 [INFO] Catalogue: 77 markets for sport ID 3
2026-06-03 14:00:04,137 [INFO] Catalogue: 97 markets for sport ID 7522
2026-06-03 14:00:04,205 [INFO] Catalogue: 0 markets for sport ID 6423
2026-06-03 14:00:04,205 [INFO] Betfair: fetching prices for 574 markets...
2026-06-03 14:00:09,265 [INFO] Betfair: enriching 574 markets with price data...
2026-06-03 14:00:09,271 [INFO] Betfair: enriched 50/574 markets, 2 tradeable so far
2026-06-03 14:00:09,274 [INFO] Betfair: enriched 100/574 markets, 10 tradeable so far
2026-06-03 14:00:09,276 [INFO] Betfair: enriched 150/574 markets, 16 tradeable so far
2026-06-03 14:00:09,280 [INFO] Betfair: enriched 200/574 markets, 24 tradeable so far
2026-06-03 14:00:09,288 [INFO] Betfair: enriched 250/574 markets, 52 tradeable so far
2026-06-03 14:00:09,297 [INFO] Betfair: enriched 300/574 markets, 79 tradeable so far
2026-06-03 14:00:09,300 [INFO] Betfair: enriched 350/574 markets, 93 tradeable so far
2026-06-03 14:00:09,303 [INFO] Betfair: enriched 400/574 markets, 100 tradeable so far
2026-06-03 14:00:09,337 [INFO] Betfair: enriched 450/574 markets, 142 tradeable so far
2026-06-03 14:00:09,371 [INFO] Betfair: enriched 500/574 markets, 170 tradeable so far
2026-06-03 14:00:09,434 [INFO] Betfair: enriched 550/574 markets, 186 tradeable so far
2026-06-03 14:00:09,463 [INFO] Betfair: enriched 574/574 markets, 186 tradeable so far
2026-06-03 14:00:09,463 [INFO] Betfair: 574 total markets, 186 above 100 GBP volume
2026-06-03 14:00:09,585 [INFO] Outrights: 21 markets for sport 1
2026-06-03 14:00:09,682 [INFO] Outrights: 17 markets for sport 3
2026-06-03 14:00:09,755 [INFO] Outrights: 1 markets for sport 2378961
2026-06-03 14:00:10,150 [INFO] Outrights: 37 markets above 25 GBP
2026-06-03 14:00:10,157 [INFO] Betfair: added 26 outright markets for cross-ref
2026-06-03 14:00:10,158 [INFO] betfair: 600 total, 212 above 100 GBP threshold
2026-06-03 14:00:10,569 [INFO] Snapshot written: /home/jwfalc/smarkets-bot/data/snapshots/betfair/2026-06-03_13-00.json
2026-06-03 14:00:10,777 [INFO] Market log updated (betfair)
2026-06-03 14:00:35,772 [INFO] Scanner complete for betfair. Snapshot: 2026-06-03_13-00.json
2026-06-03 14:00:36,093 [INFO] ============================================================
2026-06-03 14:00:36,093 [INFO] SCANNER RUN STARTED - MATCHBOOK
2026-06-03 14:00:36,093 [INFO] ============================================================
2026-06-03 14:00:36,436 [INFO] Matchbook login attempt 1/3
2026-06-03 14:00:36,598 [INFO] Matchbook login successful
2026-06-03 14:00:36,599 [INFO] Matchbook: fetching events with prices for 15 sports...
2026-06-03 14:00:36,678 [INFO] Matchbook: fetched page offset=0, 20 events (total so far: 20)
2026-06-03 14:00:36,918 [INFO] Matchbook: fetched page offset=20, 20 events (total so far: 40)
2026-06-03 14:00:37,208 [INFO] Matchbook: fetched page offset=40, 20 events (total so far: 60)
2026-06-03 14:00:37,513 [INFO] Matchbook: fetched page offset=60, 20 events (total so far: 80)
2026-06-03 14:00:37,743 [INFO] Matchbook: fetched page offset=80, 20 events (total so far: 100)
2026-06-03 14:00:37,973 [INFO] Matchbook: fetched page offset=100, 20 events (total so far: 120)
2026-06-03 14:00:38,254 [INFO] Matchbook: fetched page offset=120, 20 events (total so far: 140)
2026-06-03 14:00:38,484 [INFO] Matchbook: fetched page offset=140, 20 events (total so far: 160)
2026-06-03 14:00:38,714 [INFO] Matchbook: fetched page offset=160, 20 events (total so far: 180)
2026-06-03 14:00:38,991 [INFO] Matchbook: fetched page offset=180, 20 events (total so far: 200)
2026-06-03 14:00:39,293 [INFO] Matchbook: fetched page offset=200, 20 events (total so far: 220)
2026-06-03 14:00:39,552 [INFO] Matchbook: fetched page offset=220, 20 events (total so far: 240)
2026-06-03 14:00:39,792 [INFO] Matchbook: fetched page offset=240, 9 events (total so far: 249)
2026-06-03 14:00:39,793 [INFO] Matchbook: processing 249 events
2026-06-03 14:00:39,795 [INFO] Matchbook: processed 20/249 events, 48 markets so far
2026-06-03 14:00:39,804 [INFO] Matchbook: processed 40/249 events, 112 markets so far
2026-06-03 14:00:39,817 [INFO] Matchbook: processed 60/249 events, 503 markets so far
2026-06-03 14:00:39,832 [INFO] Matchbook: processed 80/249 events, 803 markets so far
2026-06-03 14:00:39,833 [INFO] Matchbook: processed 100/249 events, 823 markets so far
2026-06-03 14:00:39,834 [INFO] Matchbook: processed 120/249 events, 858 markets so far
2026-06-03 14:00:39,838 [INFO] Matchbook: processed 140/249 events, 910 markets so far
2026-06-03 14:00:39,841 [INFO] Matchbook: processed 160/249 events, 932 markets so far
2026-06-03 14:00:39,842 [INFO] Matchbook: processed 180/249 events, 952 markets so far
2026-06-03 14:00:39,848 [INFO] Matchbook: processed 200/249 events, 1144 markets so far
2026-06-03 14:00:39,856 [INFO] Matchbook: processed 220/249 events, 1252 markets so far
2026-06-03 14:00:39,860 [INFO] Matchbook: processed 240/249 events, 1314 markets so far
2026-06-03 14:00:39,863 [INFO] Matchbook: processed 249/249 events, 1333 markets so far
2026-06-03 14:00:39,864 [INFO] Matchbook: 1334 total markets, 292 above 25 GBP volume
2026-06-03 14:00:39,883 [INFO] matchbook: 1334 total, 292 above 25 GBP threshold
2026-06-03 14:00:40,035 [INFO] Snapshot written: /home/jwfalc/smarkets-bot/data/snapshots/matchbook/2026-06-03_13-00.json
2026-06-03 14:00:40,119 [INFO] Market log updated (matchbook)
2026-06-03 14:01:05,515 [INFO] Scanner complete for matchbook. Snapshot: 2026-06-03_13-00.json
2026-06-03 14:01:06,154 [RESEARCHER] Prior index loaded: 105 known runners
2026-06-03 14:01:06,236 [RESEARCHER] betfair: 212 tradeable markets from 2026-06-03_13-00.json
2026-06-03 14:01:06,237 [RESEARCHER] Market selection: 1 politics + 7 outrights + 8 other sports = 16 total (platforms: ['betfair'])
2026-06-03 14:01:06,237 [RESEARCHER] [1/16] Makerfield - Restore Britain Vote Percentage
2026-06-03 14:01:12,474 [RESEARCHER] [2/16] Winner
2026-06-03 14:01:19,629 [RESEARCHER] [3/16] Winner
2026-06-03 14:01:29,513 [RESEARCHER]   Prior history injected for Scottie Scheffler
2026-06-03 14:01:29,514 [RESEARCHER]   Prior history injected for Rory McIlroy
2026-06-03 14:01:29,514 [RESEARCHER]   Prior history injected for Ludvig Aberg
2026-06-03 14:01:29,514 [RESEARCHER]   Prior history injected for Cameron Young
2026-06-03 14:01:29,514 [RESEARCHER]   Prior history injected for Xander Schauffele
2026-06-03 14:01:29,514 [RESEARCHER]   Prior history injected for Si Woo Kim
2026-06-03 14:01:29,514 [RESEARCHER] [4/16] Winner
2026-06-03 14:01:38,587 [RESEARCHER]   Prior history injected for Daniel Hillier
2026-06-03 14:01:38,588 [RESEARCHER]   Prior history injected for Jacob Skov Olesen
2026-06-03 14:01:38,588 [RESEARCHER] [5/16] Winner
2026-06-03 14:01:43,335 [RESEARCHER]   Prior history injected for Scottie Scheffler
2026-06-03 14:01:43,335 [RESEARCHER]   Prior history injected for Rory McIlroy
2026-06-03 14:01:43,336 [RESEARCHER]   Prior history injected for Jon Rahm
2026-06-03 14:01:43,336 [RESEARCHER]   Prior history injected for Cameron Young
2026-06-03 14:01:43,336 [RESEARCHER]   Prior history injected for Ludvig Aberg
2026-06-03 14:01:43,336 [RESEARCHER]   Prior history injected for Xander Schauffele
2026-06-03 14:01:43,336 [RESEARCHER] [6/16] Winner
2026-06-03 14:01:48,293 [RESEARCHER]   Prior history injected for Scottie Scheffler
2026-06-03 14:01:48,294 [RESEARCHER]   Prior history injected for Rory McIlroy
2026-06-03 14:01:48,294 [RESEARCHER]   Prior history injected for Jon Rahm
2026-06-03 14:01:48,294 [RESEARCHER]   Prior history injected for Xander Schauffele
2026-06-03 14:01:48,295 [RESEARCHER]   Prior history injected for Cameron Young
2026-06-03 14:01:48,295 [RESEARCHER] [7/16] Winner
2026-06-03 14:01:56,844 [RESEARCHER]   Prior history injected for Jon Rahm
2026-06-03 14:01:56,844 [RESEARCHER]   Prior history injected for Bryson DeChambeau
2026-06-03 14:01:56,844 [RESEARCHER] [8/16] Top 10 Finish
2026-06-03 14:01:58,760 [RESEARCHER]   Prior history injected for Daniel Hillier
2026-06-03 14:01:58,760 [RESEARCHER]   Prior history injected for Jacob Skov Olesen
2026-06-03 14:01:58,760 [RESEARCHER] [9/16] NBA Championship Winner
2026-06-03 14:02:06,080 [RESEARCHER]   Prior history injected for San Antonio Spurs
2026-06-03 14:02:06,081 [RESEARCHER]   Prior history injected for Sacramento Kings
2026-06-03 14:02:06,081 [RESEARCHER] [10/16] Match Odds
2026-06-03 14:02:13,068 [RESEARCHER] [11/16] Match Odds
2026-06-03 14:02:20,582 [RESEARCHER]   Prior history injected for The Draw
2026-06-03 14:02:20,582 [RESEARCHER] [12/16] Match Odds
2026-06-03 14:02:27,995 [RESEARCHER] [13/16] 2m6f Mdn Hrd
2026-06-03 14:02:33,722 [RESEARCHER] [14/16] Moneyline
2026-06-03 14:02:41,657 [RESEARCHER]   Prior history injected for San Antonio Spurs
2026-06-03 14:02:41,657 [RESEARCHER] [15/16] 5f Mdn Stks
2026-06-03 14:02:46,862 [RESEARCHER] [16/16] Winner 2026/27
2026-06-03 14:02:53,910 [RESEARCHER]   Prior history injected for Arsenal
2026-06-03 14:02:53,910 [RESEARCHER]   Prior history injected for Man City
2026-06-03 14:02:53,911 [RESEARCHER]   Prior history injected for Liverpool
2026-06-03 14:02:53,911 [RESEARCHER]   Prior history injected for Chelsea
2026-06-03 14:02:53,911 [RESEARCHER]   Prior history injected for Aston Villa
2026-06-03 14:02:53,925 [RESEARCHER] Research brief written: 2026-06-03_13-02_brief.json
2026-06-03 14:02:53,926 [RESEARCHER] Markets: 16 | Errors: 0 | Credits used: 67
BRIEF_PATH:/home/jwfalc/smarkets-bot/data/research/2026-06-03_13-02_brief.json
2026-06-03 14:02:54,254 [ANALYZER] Loading research brief: 2026-06-03_13-02_brief.json
2026-06-03 14:02:54,573 [ANALYZER] Betfair cross-ref index: 5444 runners
2026-06-03 14:02:54,580 [ANALYZER] Analyzed 16 markets
2026-06-03 14:02:54,580 [ANALYZER] Found 1 signals (10pp+)
2026-06-03 14:02:54,580 [ANALYZER] Logged 7 distribution entries (7pp+)
2026-06-03 14:02:54,595 [ANALYZER] Research output written: 2026-06-03_13-02_research.json
2026-06-03 14:02:54,598 [ANALYZER] Appended 81 edge traces to edge_traces.json
RESEARCH_PATH:/home/jwfalc/smarkets-bot/data/research/2026-06-03_13-02_research.json
2026-06-03 14:02:55,281 [RESOLVE] Found 14 open trade(s) to check (paper_mode=True)
2026-06-03 14:02:55,371 [RESOLVE] Using cached Betfair session token
2026-06-03 14:02:55,371 [RESOLVE] Betfair: checking 13 open-trade markets
2026-06-03 14:03:05,432 [RESOLVE] Snapshot name lookup: found mappings for 13 markets
2026-06-03 14:03:05,622 [RESOLVE] Settled markets found: 0
2026-06-03 14:03:05,622 [RESOLVE] No open-trade markets have settled yet.
2026-06-03 14:03:06,297 [INFO] ============================================================
2026-06-03 14:03:06,298 [INFO] DIGEST RUN STARTED
2026-06-03 14:03:06,298 [INFO] ============================================================
2026-06-03 14:03:10,759 [INFO] Dashboard data written: /home/jwfalc/smarkets-bot/dashboard/dashboard_data.json
2026-06-03 14:03:10,816 [INFO] Period logs updated: 2026-06-03, 2026-W23, 2026-06, 2026-Q2
2026-06-03 14:03:10,816 [INFO] Run log: [2026-06-03 13:03 UTC] status=signal | platforms=betfair,matchbook | markets=504 | signals=1 | alerts=0 | movements=10 | consec_losses=0
2026-06-03 14:03:10,816 [INFO] Digest complete
Balance: £431.14 | Reserved: £44.75 | Available: £386.39
Reduced stake: Winner edge 11.7pp < 15.0pp → £1.70 (34%)
No new paper trades to log
Distribution log updated: 4 new entries added
Total entries: 859
  near_certainty: 7 total, 5 resolved
  high_prob: 18 total, 9 resolved
  7-9pp: 258 total, 98 resolved
  10-11pp: 111 total, 46 resolved
  12pp+: 465 total, 360 resolved

REVIEW DUE: 7-9pp band has 98 resolved entries (threshold: 12)
  Run: python distribution_logger.py report
  Then run: prompts/prompt_review_v1.md

REVIEW DUE: 7-9pp band has 98 resolved entries (threshold: 12)
  Run: python distribution_logger.py report
  Then run: prompts/prompt_review_v1.md
EXIT_CODE:0
Sent
2026-06-03 14:03:14,238 [STATIC-DASH] Building dashboard data…
2026-06-03 14:03:15,468 [STATIC-DASH] Data collected: 223 trades, 33 signals, 504 markets
2026-06-03 14:03:15,719 [STATIC-DASH] Written: /home/jwfalc/smarkets-dashboard/index.html (3360KB)
2026-06-03 14:03:15 [DEPLOY] Starting dashboard deploy...
WARNING: could not find injection point in HTML
HTML written OK
2026-06-03 14:03:15 [DEPLOY] Static HTML built
[main 45689e7] Deploy: 2026-06-03 14:03 UTC
 1 file changed, 1 insertion(+), 1 deletion(-)
To https://github.com/jwfalc-coder/smarkets-dashboard.git
   a8608a4..45689e7  main -> main
2026-06-03 14:03:15 [DEPLOY] Deploy complete: Deploy: 2026-06-03 14:03 UTC
