Sent
2026-06-06 12:42:29,542 [INFO] ============================================================
2026-06-06 12:42:29,542 [INFO] SCANNER RUN STARTED - BETFAIR
2026-06-06 12:42:29,542 [INFO] ============================================================
2026-06-06 12:42:29,967 [INFO] Using cached Betfair session token
2026-06-06 12:42:30,125 [INFO] Catalogue: 100 markets for sport ID 1
2026-06-06 12:42:30,249 [INFO] Catalogue: 100 markets for sport ID 2
2026-06-06 12:42:30,365 [INFO] Catalogue: 100 markets for sport ID 7
2026-06-06 12:42:30,478 [INFO] Catalogue: 100 markets for sport ID 4
2026-06-06 12:42:30,551 [INFO] Catalogue: 0 markets for sport ID 2378961
2026-06-06 12:42:30,643 [INFO] Catalogue: 34 markets for sport ID 3
2026-06-06 12:42:30,857 [INFO] Catalogue: 100 markets for sport ID 7522
2026-06-06 12:42:30,952 [INFO] Catalogue: 6 markets for sport ID 6423
2026-06-06 12:42:30,952 [INFO] Betfair: fetching prices for 540 markets...
2026-06-06 12:42:35,831 [INFO] Betfair: enriching 540 markets with price data...
2026-06-06 12:42:35,835 [INFO] Betfair: enriched 50/540 markets, 6 tradeable so far
2026-06-06 12:42:35,841 [INFO] Betfair: enriched 100/540 markets, 14 tradeable so far
2026-06-06 12:42:35,843 [INFO] Betfair: enriched 150/540 markets, 16 tradeable so far
2026-06-06 12:42:35,845 [INFO] Betfair: enriched 200/540 markets, 18 tradeable so far
2026-06-06 12:42:35,851 [INFO] Betfair: enriched 250/540 markets, 40 tradeable so far
2026-06-06 12:42:35,860 [INFO] Betfair: enriched 300/540 markets, 60 tradeable so far
2026-06-06 12:42:35,862 [INFO] Betfair: enriched 350/540 markets, 66 tradeable so far
2026-06-06 12:42:35,865 [INFO] Betfair: enriched 400/540 markets, 70 tradeable so far
2026-06-06 12:42:35,892 [INFO] Betfair: enriched 450/540 markets, 104 tradeable so far
2026-06-06 12:42:35,944 [INFO] Betfair: enriched 500/540 markets, 129 tradeable so far
2026-06-06 12:42:35,990 [INFO] Betfair: enriched 540/540 markets, 131 tradeable so far
2026-06-06 12:42:35,993 [INFO] Betfair: 540 total markets, 131 above 100 GBP volume
2026-06-06 12:42:36,107 [INFO] Outrights: 22 markets for sport 1
2026-06-06 12:42:36,218 [INFO] Outrights: 17 markets for sport 3
2026-06-06 12:42:36,296 [INFO] Outrights: 1 markets for sport 2378961
2026-06-06 12:42:36,658 [INFO] Outrights: 38 markets above 25 GBP
2026-06-06 12:42:36,664 [INFO] Betfair: added 33 outright markets for cross-ref
2026-06-06 12:42:36,665 [INFO] betfair: 573 total, 164 above 100 GBP threshold
2026-06-06 12:42:36,989 [INFO] Snapshot written: /home/jwfalc/smarkets-bot/data/snapshots/betfair/2026-06-06_11-42.json
2026-06-06 12:42:37,170 [INFO] Market log updated (betfair)
2026-06-06 12:43:06,063 [INFO] Scanner complete for betfair. Snapshot: 2026-06-06_11-42.json
2026-06-06 12:43:06,403 [INFO] ============================================================
2026-06-06 12:43:06,403 [INFO] SCANNER RUN STARTED - MATCHBOOK
2026-06-06 12:43:06,403 [INFO] ============================================================
2026-06-06 12:43:06,760 [INFO] Using cached Matchbook session token
2026-06-06 12:43:06,760 [INFO] Matchbook: fetching events with prices for 15 sports...
2026-06-06 12:43:06,900 [INFO] Matchbook: fetched page offset=0, 20 events (total so far: 20)
2026-06-06 12:43:07,137 [INFO] Matchbook: fetched page offset=20, 20 events (total so far: 40)
2026-06-06 12:43:07,381 [INFO] Matchbook: fetched page offset=40, 20 events (total so far: 60)
2026-06-06 12:43:07,678 [INFO] Matchbook: fetched page offset=60, 20 events (total so far: 80)
2026-06-06 12:43:08,000 [INFO] Matchbook: fetched page offset=80, 20 events (total so far: 100)
2026-06-06 12:43:08,339 [INFO] Matchbook: fetched page offset=100, 20 events (total so far: 120)
2026-06-06 12:43:08,660 [INFO] Matchbook: fetched page offset=120, 20 events (total so far: 140)
2026-06-06 12:43:08,947 [INFO] Matchbook: fetched page offset=140, 20 events (total so far: 160)
2026-06-06 12:43:09,256 [INFO] Matchbook: fetched page offset=160, 20 events (total so far: 180)
2026-06-06 12:43:09,518 [INFO] Matchbook: fetched page offset=180, 20 events (total so far: 200)
2026-06-06 12:43:09,776 [INFO] Matchbook: fetched page offset=200, 12 events (total so far: 212)
2026-06-06 12:43:09,777 [INFO] Matchbook: processing 212 events
2026-06-06 12:43:09,783 [INFO] Matchbook: processed 20/212 events, 57 markets so far
2026-06-06 12:43:09,785 [INFO] Matchbook: processed 40/212 events, 98 markets so far
2026-06-06 12:43:09,788 [INFO] Matchbook: processed 60/212 events, 148 markets so far
2026-06-06 12:43:09,802 [INFO] Matchbook: processed 80/212 events, 483 markets so far
2026-06-06 12:43:09,820 [INFO] Matchbook: processed 100/212 events, 804 markets so far
2026-06-06 12:43:09,846 [INFO] Matchbook: processed 120/212 events, 1381 markets so far
2026-06-06 12:43:09,874 [INFO] Matchbook: processed 140/212 events, 1929 markets so far
2026-06-06 12:43:09,897 [INFO] Matchbook: processed 160/212 events, 2389 markets so far
2026-06-06 12:43:09,958 [INFO] Matchbook: processed 180/212 events, 2609 markets so far
2026-06-06 12:43:09,965 [INFO] Matchbook: processed 200/212 events, 2697 markets so far
2026-06-06 12:43:09,972 [INFO] Matchbook: processed 212/212 events, 2731 markets so far
2026-06-06 12:43:09,973 [INFO] Matchbook: 2732 total markets, 432 above 25 GBP volume
2026-06-06 12:43:10,017 [INFO] matchbook: 2732 total, 432 above 25 GBP threshold
2026-06-06 12:43:10,245 [INFO] Snapshot written: /home/jwfalc/smarkets-bot/data/snapshots/matchbook/2026-06-06_11-43.json
2026-06-06 12:43:10,352 [INFO] Market log updated (matchbook)
2026-06-06 12:43:51,567 [INFO] Scanner complete for matchbook. Snapshot: 2026-06-06_11-43.json
2026-06-06 12:43:52,784 [RESEARCHER] Prior index loaded: 0 known runners
2026-06-06 12:43:52,876 [RESEARCHER] betfair: 164 tradeable markets from 2026-06-06_11-42.json
2026-06-06 12:43:52,877 [RESEARCHER] Market selection: 1 politics + 7 outrights + 8 other sports = 16 total (platforms: ['betfair'])
2026-06-06 12:43:52,878 [RESEARCHER] [1/16] Makerfield - Restore Britain Vote Percentage
2026-06-06 12:43:59,229 [RESEARCHER] [2/16] Winner
2026-06-06 12:44:06,503 [RESEARCHER] [3/16] Winner
2026-06-06 12:44:14,618 [RESEARCHER] [4/16] Winner
2026-06-06 12:44:22,957 [RESEARCHER] [5/16] Winner
2026-06-06 12:44:31,704 [RESEARCHER] [6/16] Top 10 Finish
2026-06-06 12:44:33,523 [RESEARCHER] [7/16] Winner
2026-06-06 12:44:42,163 [RESEARCHER] [8/16] Winner
2026-06-06 12:44:57,009 [RESEARCHER] [9/16] Match Odds
2026-06-06 12:45:04,023 [RESEARCHER] [10/16] The Derby
2026-06-06 12:45:09,463 [RESEARCHER] [11/16] 7f Grp 3
2026-06-06 12:45:14,691 [RESEARCHER] [12/16] Match Odds
2026-06-06 12:45:21,383 [RESEARCHER] [13/16] Winner 2026/27
2026-06-06 12:45:28,035 [RESEARCHER] [14/16] 7f Mdn Stks
2026-06-06 12:45:33,285 [RESEARCHER] [15/16] 2m Nov Hrd
2026-06-06 12:45:39,420 [RESEARCHER] [16/16] Name the Finalists
2026-06-06 12:45:47,260 [RESEARCHER] Research brief written: 2026-06-06_11-45_brief.json
2026-06-06 12:45:47,261 [RESEARCHER] Markets: 16 | Errors: 0 | Credits used: 65
BRIEF_PATH:/home/jwfalc/smarkets-bot/data/research/2026-06-06_11-45_brief.json
2026-06-06 12:45:47,855 [ANALYZER] Loading research brief: 2026-06-06_11-45_brief.json
2026-06-06 12:45:48,199 [ANALYZER] Betfair cross-ref index: 4015 runners
2026-06-06 12:45:48,212 [ANALYZER] Analyzed 16 markets
2026-06-06 12:45:48,213 [ANALYZER] Found 4 signals (10pp+)
2026-06-06 12:45:48,214 [ANALYZER] Logged 11 distribution entries (7pp+)
2026-06-06 12:45:48,238 [ANALYZER] Research output written: 2026-06-06_11-45_research.json
2026-06-06 12:45:48,243 [ANALYZER] Appended 88 edge traces to edge_traces.json
RESEARCH_PATH:/home/jwfalc/smarkets-bot/data/research/2026-06-06_11-45_research.json
2026-06-06 12:45:49,278 [RESOLVE] No open trades to check.
2026-06-06 12:45:50,514 [INFO] ============================================================
2026-06-06 12:45:50,514 [INFO] DIGEST RUN STARTED
2026-06-06 12:45:50,514 [INFO] ============================================================
2026-06-06 12:45:56,160 [INFO] Sending signal alert: Top 10 Finish edge=48.02pp
2026-06-06 12:45:56,338 [INFO] Telegram notification sent
2026-06-06 12:45:56,346 [INFO] Sending signal alert: Top 10 Finish edge=36.72pp
2026-06-06 12:45:56,492 [INFO] Telegram notification sent
2026-06-06 12:45:56,501 [INFO] Sending signal alert: Top 10 Finish edge=30.22pp
2026-06-06 12:45:56,660 [INFO] Telegram notification sent
2026-06-06 12:45:56,666 [INFO] Sent 3 Telegram signal alerts
2026-06-06 12:45:56,693 [INFO] Dashboard data written: /home/jwfalc/smarkets-bot/dashboard/dashboard_data.json
2026-06-06 12:45:56,777 [INFO] Period logs updated: 2026-06-06, 2026-W23, 2026-06, 2026-Q2
2026-06-06 12:45:56,778 [INFO] Run log: [2026-06-06 11:45 UTC] status=signal | platforms=betfair,matchbook | markets=596 | signals=4 | alerts=3 | movements=10 | consec_losses=0
2026-06-06 12:45:56,779 [INFO] Digest complete
Kelly balance: £100.00 | Reserved: £0.00 | Available: £100.00
Logged paper trade: Top 10 Finish - LAY @ 70.92% (edge: 48.02pp) [betfair] | available now £95.90
Logged paper trade: Top 10 Finish - LAY @ 57.14% (edge: 36.72pp) [betfair] | available now £88.40
Logged paper trade: Top 10 Finish - LAY @ 52.63% (edge: 30.22pp) [betfair] | available now £79.40
Logged paper trade: 2m Nov Hrd - BACK @ 71.94% (edge: 13.23pp) [betfair] | available now £73.38

4 new paper trade(s) logged
Distribution log updated: 3 new entries added
Total entries: 953
  near_certainty: 8 total, 6 resolved
  high_prob: 24 total, 14 resolved
  7-9pp: 277 total, 99 resolved
  10-11pp: 139 total, 46 resolved
  12pp+: 505 total, 364 resolved

REVIEW DUE: 7-9pp band has 99 resolved entries (threshold: 12)
  Run: python distribution_logger.py report
  Then run: prompts/prompt_review_v1.md

REVIEW DUE: 7-9pp band has 99 resolved entries (threshold: 12)
  Run: python distribution_logger.py report
  Then run: prompts/prompt_review_v1.md
EXIT_CODE:0
Sent
2026-06-06 12:46:12,345 [STATIC-DASH] Building dashboard data…
2026-06-06 12:46:14,148 [STATIC-DASH] Data collected: 4 trades, 53 signals, 596 markets
2026-06-06 12:46:14,450 [STATIC-DASH] Written: /home/jwfalc/smarkets-dashboard/index.html (3103KB)
2026-06-06 12:46:14 [DEPLOY] Starting dashboard deploy...
WARNING: could not find injection point in HTML
HTML written OK
2026-06-06 12:46:14 [DEPLOY] Static HTML built
[main 878a6f3] Deploy: 2026-06-06 12:46 UTC
 1 file changed, 1 insertion(+), 1 deletion(-)
To https://github.com/jwfalc-coder/smarkets-dashboard.git
   8865b0a..878a6f3  main -> main
2026-06-06 12:46:14 [DEPLOY] Deploy complete: Deploy: 2026-06-06 12:46 UTC
