Sent
2026-06-13 18:00:02,148 [INFO] ============================================================
2026-06-13 18:00:02,148 [INFO] SCANNER RUN STARTED - BETFAIR
2026-06-13 18:00:02,148 [INFO] ============================================================
2026-06-13 18:00:02,565 [INFO] Using cached Betfair session token
2026-06-13 18:00:02,714 [INFO] Catalogue: 100 markets for sport ID 1
2026-06-13 18:00:02,836 [INFO] Catalogue: 100 markets for sport ID 2
2026-06-13 18:00:02,948 [INFO] Catalogue: 100 markets for sport ID 7
2026-06-13 18:00:03,059 [INFO] Catalogue: 100 markets for sport ID 4
2026-06-13 18:00:03,146 [INFO] Catalogue: 0 markets for sport ID 2378961
2026-06-13 18:00:03,227 [INFO] Catalogue: 5 markets for sport ID 3
2026-06-13 18:00:03,425 [INFO] Catalogue: 71 markets for sport ID 7522
2026-06-13 18:00:03,523 [INFO] Catalogue: 6 markets for sport ID 6423
2026-06-13 18:00:03,523 [INFO] Betfair: fetching prices for 482 markets...
2026-06-13 18:00:07,645 [INFO] Betfair: enriching 482 markets with price data...
2026-06-13 18:00:07,653 [INFO] Betfair: enriched 50/482 markets, 9 tradeable so far
2026-06-13 18:00:07,660 [INFO] Betfair: enriched 100/482 markets, 15 tradeable so far
2026-06-13 18:00:07,662 [INFO] Betfair: enriched 150/482 markets, 19 tradeable so far
2026-06-13 18:00:07,665 [INFO] Betfair: enriched 200/482 markets, 20 tradeable so far
2026-06-13 18:00:07,674 [INFO] Betfair: enriched 250/482 markets, 40 tradeable so far
2026-06-13 18:00:07,682 [INFO] Betfair: enriched 300/482 markets, 53 tradeable so far
2026-06-13 18:00:07,685 [INFO] Betfair: enriched 350/482 markets, 61 tradeable so far
2026-06-13 18:00:07,688 [INFO] Betfair: enriched 400/482 markets, 64 tradeable so far
2026-06-13 18:00:07,759 [INFO] Betfair: enriched 450/482 markets, 94 tradeable so far
2026-06-13 18:00:07,797 [INFO] Betfair: enriched 482/482 markets, 94 tradeable so far
2026-06-13 18:00:07,798 [INFO] Betfair: 482 total markets, 94 above 100 GBP volume
2026-06-13 18:00:07,904 [INFO] Outrights: 20 markets for sport 1
2026-06-13 18:00:07,983 [INFO] Outrights: 11 markets for sport 3
2026-06-13 18:00:08,060 [INFO] Outrights: 1 markets for sport 2378961
2026-06-13 18:00:08,397 [INFO] Outrights: 30 markets above 25 GBP
2026-06-13 18:00:08,401 [INFO] Betfair: added 30 outright markets for cross-ref
2026-06-13 18:00:08,401 [INFO] betfair: 512 total, 124 above 100 GBP threshold
2026-06-13 18:00:08,714 [INFO] Snapshot written: /home/jwfalc/smarkets-bot/data/snapshots/betfair/2026-06-13_17-00.json
2026-06-13 18:00:08,886 [INFO] Market log updated (betfair)
2026-06-13 18:00:32,494 [INFO] Scanner complete for betfair. Snapshot: 2026-06-13_17-00.json
2026-06-13 18:00:32,841 [INFO] ============================================================
2026-06-13 18:00:33,555 [INFO] SCANNER RUN STARTED - MATCHBOOK
2026-06-13 18:00:33,555 [INFO] ============================================================
2026-06-13 18:00:33,895 [INFO] Using cached Matchbook session token
2026-06-13 18:00:33,895 [INFO] Matchbook: fetching events with prices for 15 sports...
2026-06-13 18:00:34,022 [INFO] Matchbook: fetched page offset=0, 20 events (total so far: 20)
2026-06-13 18:00:34,343 [INFO] Matchbook: fetched page offset=20, 20 events (total so far: 40)
2026-06-13 18:00:34,686 [INFO] Matchbook: fetched page offset=40, 20 events (total so far: 60)
2026-06-13 18:00:35,002 [INFO] Matchbook: fetched page offset=60, 20 events (total so far: 80)
2026-06-13 18:00:35,273 [INFO] Matchbook: fetched page offset=80, 20 events (total so far: 100)
2026-06-13 18:00:35,581 [INFO] Matchbook: fetched page offset=100, 20 events (total so far: 120)
2026-06-13 18:00:35,821 [INFO] Matchbook: fetched page offset=120, 20 events (total so far: 140)
2026-06-13 18:00:36,111 [INFO] Matchbook: fetched page offset=140, 20 events (total so far: 160)
2026-06-13 18:00:36,511 [INFO] Matchbook: fetched page offset=160, 20 events (total so far: 180)
2026-06-13 18:00:36,775 [INFO] Matchbook: fetched page offset=180, 20 events (total so far: 200)
2026-06-13 18:00:37,017 [INFO] Matchbook: fetched page offset=200, 5 events (total so far: 205)
2026-06-13 18:00:37,018 [INFO] Matchbook: processing 205 events
2026-06-13 18:00:37,023 [INFO] Matchbook: processed 20/205 events, 129 markets so far
2026-06-13 18:00:37,041 [INFO] Matchbook: processed 40/205 events, 600 markets so far
2026-06-13 18:00:37,065 [INFO] Matchbook: processed 60/205 events, 1224 markets so far
2026-06-13 18:00:37,081 [INFO] Matchbook: processed 80/205 events, 1651 markets so far
2026-06-13 18:00:37,092 [INFO] Matchbook: processed 100/205 events, 2023 markets so far
2026-06-13 18:00:37,140 [INFO] Matchbook: processed 120/205 events, 2506 markets so far
2026-06-13 18:00:37,143 [INFO] Matchbook: processed 140/205 events, 2705 markets so far
2026-06-13 18:00:37,154 [INFO] Matchbook: processed 160/205 events, 2965 markets so far
2026-06-13 18:00:37,180 [INFO] Matchbook: processed 180/205 events, 3500 markets so far
2026-06-13 18:00:37,189 [INFO] Matchbook: processed 200/205 events, 3638 markets so far
2026-06-13 18:00:37,192 [INFO] Matchbook: processed 205/205 events, 3643 markets so far
2026-06-13 18:00:37,192 [INFO] Matchbook: 3644 total markets, 569 above 25 GBP volume
2026-06-13 18:00:37,231 [INFO] matchbook: 3644 total, 569 above 25 GBP threshold
2026-06-13 18:00:37,442 [INFO] Snapshot written: /home/jwfalc/smarkets-bot/data/snapshots/matchbook/2026-06-13_17-00.json
2026-06-13 18:00:37,552 [INFO] Market log updated (matchbook)
2026-06-13 18:01:02,390 [INFO] Scanner complete for matchbook. Snapshot: 2026-06-13_17-00.json
2026-06-13 18:01:03,085 [RESEARCHER] Prior index loaded: 22 known runners
2026-06-13 18:01:03,153 [RESEARCHER] betfair: skipped 19 outright markets with no start time (BUG-093)
2026-06-13 18:01:03,154 [RESEARCHER] betfair: 105 tradeable markets from 2026-06-13_17-00.json
2026-06-13 18:01:03,154 [RESEARCHER] Market selection: 1 politics + 0 outrights + 15 other sports = 16 total (platforms: ['betfair'])
2026-06-13 18:01:03,154 [RESEARCHER] [1/16] Makerfield - Restore Britain Vote Percentage
2026-06-13 18:01:10,026 [RESEARCHER] [2/16] Match Odds
2026-06-13 18:01:17,660 [RESEARCHER]   Prior history injected for West Indies W
2026-06-13 18:01:17,661 [RESEARCHER]   Prior history injected for New Zealand W
2026-06-13 18:01:17,661 [RESEARCHER] [3/16] NBA Championship Winner
2026-06-13 18:01:24,535 [RESEARCHER]   Prior history injected for New York Knicks
2026-06-13 18:01:32,606 [RESEARCHER] [DATA_PROVIDER] NBA standings fetch failed: HTTPSConnectionPool(host='stats.nba.com', port=443): Read timed out. (read timeout=8)
2026-06-13 18:01:32,607 [RESEARCHER] [DATA_PROVIDER] _basketball_nba_stats failed: '<' not supported between instances of 'NoneType' and 'float'
2026-06-13 18:01:32,608 [RESEARCHER] [4/16] Moneyline
2026-06-13 18:01:39,896 [RESEARCHER]   Prior history injected for New York Knicks
2026-06-13 18:01:47,948 [RESEARCHER] [DATA_PROVIDER] NBA game log fetch failed for New York Knicks: HTTPSConnectionPool(host='stats.nba.com', port=443): Read timed out. (read timeout=8)
2026-06-13 18:01:56,020 [RESEARCHER] [DATA_PROVIDER] NBA game log fetch failed for New York Knicks: HTTPSConnectionPool(host='stats.nba.com', port=443): Read timed out. (read timeout=8)
2026-06-13 18:02:04,069 [RESEARCHER] [DATA_PROVIDER] NBA game log fetch failed for San Antonio Spurs: HTTPSConnectionPool(host='stats.nba.com', port=443): Read timed out. (read timeout=8)
2026-06-13 18:02:12,120 [RESEARCHER] [DATA_PROVIDER] NBA game log fetch failed for San Antonio Spurs: HTTPSConnectionPool(host='stats.nba.com', port=443): Read timed out. (read timeout=8)
2026-06-13 18:02:12,121 [RESEARCHER] [5/16] FIFA Golden Ball
2026-06-13 18:02:19,059 [RESEARCHER] [6/16] 2m Nov Hrd
2026-06-13 18:02:25,320 [RESEARCHER] [7/16] Match Odds
2026-06-13 18:02:33,102 [RESEARCHER] [8/16] Match Odds
2026-06-13 18:02:39,857 [RESEARCHER] [9/16] 1m Mdn Stks
2026-06-13 18:02:45,075 [RESEARCHER] [10/16] Match Odds
2026-06-13 18:02:52,519 [RESEARCHER]   Prior history injected for Bangladesh W
2026-06-13 18:02:52,520 [RESEARCHER]   Prior history injected for Netherlands W
2026-06-13 18:02:52,520 [RESEARCHER] [11/16] Moneyline
2026-06-13 18:03:00,090 [RESEARCHER] [12/16] PFA Player of the Year 2025/26
2026-06-13 18:03:08,100 [RESEARCHER] [13/16] 18:45-James
2026-06-13 18:03:17,672 [RESEARCHER] [14/16] Moneyline
2026-06-13 18:03:25,992 [RESEARCHER] [15/16] Moneyline
2026-06-13 18:03:32,633 [RESEARCHER] [16/16] Match Odds
2026-06-13 18:03:40,613 [RESEARCHER] Research brief written: 2026-06-13_17-03_brief.json
2026-06-13 18:03:40,613 [RESEARCHER] Markets: 16 | Errors: 0 | Credits used: 62
BRIEF_PATH:/home/jwfalc/smarkets-bot/data/research/2026-06-13_17-03_brief.json
2026-06-13 18:03:40,944 [ANALYZER] Loading research brief: 2026-06-13_17-03_brief.json
2026-06-13 18:03:41,200 [ANALYZER] Betfair cross-ref index: 2721 runners
2026-06-13 18:03:41,353 [ANALYZER] Analyzed 16 markets
2026-06-13 18:03:41,353 [ANALYZER] Found 4 signals (10pp+)
2026-06-13 18:03:41,353 [ANALYZER] Logged 15 distribution entries (7pp+)
2026-06-13 18:03:41,366 [ANALYZER] Research output written: 2026-06-13_17-03_research.json
2026-06-13 18:03:41,368 [ANALYZER] Appended 57 edge traces to edge_traces.json
RESEARCH_PATH:/home/jwfalc/smarkets-bot/data/research/2026-06-13_17-03_research.json
2026-06-13 18:03:41,940 [RESOLVE] Found 19 open trade(s) to check (paper_mode=True)
2026-06-13 18:03:42,009 [RESOLVE] Cached Betfair session too old, re-logging in
2026-06-13 18:03:42,009 [RESOLVE] Betfair login attempt 1/3
2026-06-13 18:03:42,151 [RESOLVE] Betfair login successful
2026-06-13 18:03:42,151 [RESOLVE] Betfair: checking 15 open-trade markets
2026-06-13 18:03:55,170 [RESOLVE] Snapshot name lookup: found mappings for 15 markets
2026-06-13 18:03:55,275 [RESOLVE] Betfair settled: market=1.258843152 winner=Australia W (10987516)
2026-06-13 18:03:55,368 [RESOLVE] Settled markets found: 1
2026-06-13 18:03:55,493 [RESOLVE]   [betfair] Match Odds | WIN | P&L: +0.60 | Selection: Australia W | Winner(s): Australia W
2026-06-13 18:03:55,493 [RESOLVE] Resolution alert: Match Odds pnl=+0.60
2026-06-13 18:04:05,709 [RESOLVE] Telegram notification sent
2026-06-13 18:04:05,806 [RESOLVE] Auto-resolved 1 trade(s). Running P&L: +22.05 | W/L: 20/7 | ROI: 13.23%
Kelly balance: £73.81 | Reserved: £95.52 | Available: £-21.71
Skipping (already open): NBA Championship Winner BACK
⚠ LOW BALANCE: Match Odds needs £2.00, only £-21.71 available — logging anyway (Phase 0 manual)
Logged paper trade: Match Odds - BACK @ 75.19% (edge: 6.83pp) [betfair] | available now £-23.71
⚠ LOW BALANCE: Moneyline needs £7.38, only £-23.71 available — logging anyway (Phase 0 manual)
Logged paper trade: Moneyline - BACK @ 78.74% (edge: 9.94pp) [betfair] | available now £-31.09
⚠ LOW BALANCE: Match Odds needs £2.97, only £-31.09 available — logging anyway (Phase 0 manual)
Logged paper trade: Match Odds - BACK @ 42.37% (edge: 11.65pp) [betfair] | available now £-34.06

3 new paper trade(s) logged
2026-06-13 18:04:07,090 [INFO] ============================================================
2026-06-13 18:04:07,090 [INFO] DIGEST RUN STARTED
2026-06-13 18:04:07,091 [INFO] ============================================================
2026-06-13 18:04:10,962 [INFO] Slip dedup: skipping Sri Lanka (BACK) — already open
2026-06-13 18:04:10,968 [INFO] Slip dedup: skipping Indiana Fever (BACK) — already open
2026-06-13 18:04:10,968 [INFO] Slip dedup: skipping New York Knicks (BACK) — already open
2026-06-13 18:04:10,968 [INFO] Slip dedup: skipping Bangladesh W (BACK) — already open
2026-06-13 18:04:10,969 [INFO] Slip dedup: all signals already open — no slip sent
2026-06-13 18:04:10,969 [INFO] Sent 4 Telegram signal alerts
2026-06-13 18:04:10,988 [INFO] Dashboard data written: /home/jwfalc/smarkets-bot/dashboard/dashboard_data.json
2026-06-13 18:04:11,060 [INFO] Period logs updated: 2026-06-13, 2026-W24, 2026-06, 2026-Q2
2026-06-13 18:04:11,061 [INFO] Run log: [2026-06-13 17:04 UTC] status=signal | platforms=betfair,matchbook | markets=693 | signals=4 | alerts=4 | movements=10 | consec_losses=0
2026-06-13 18:04:11,061 [INFO] Digest complete
Distribution log updated: 10 new entries added
Total entries: 1168
  near_certainty: 11 total, 9 resolved
  high_prob: 39 total, 21 resolved
  7-9pp: 353 total, 109 resolved
  10-11pp: 188 total, 62 resolved
  12pp+: 577 total, 410 resolved

REVIEW DUE: 7-9pp band has 109 resolved entries (threshold: 12)
  Run: python distribution_logger.py report
  Then run: prompts/prompt_review_v1.md

REVIEW DUE: 7-9pp band has 109 resolved entries (threshold: 12)
  Run: python distribution_logger.py report
  Then run: prompts/prompt_review_v1.md
EXIT_CODE:0
Sent
2026-06-13 18:04:13,523 [STATIC-DASH] Building dashboard data…
2026-06-13 18:04:14,711 [STATIC-DASH] Data collected: 48 trades, 52 signals, 693 markets
2026-06-13 18:04:14,962 [STATIC-DASH] Written: /home/jwfalc/smarkets-dashboard/index.html (3368KB)
2026-06-13 18:04:14,972 [STATIC-DASH] Copied PWA asset: manifest.json
2026-06-13 18:04:14,973 [STATIC-DASH] Copied PWA asset: apple-touch-icon.png
2026-06-13 18:04:14,974 [STATIC-DASH] Copied PWA asset: icon-192.png
2026-06-13 18:04:14,975 [STATIC-DASH] Copied PWA asset: icon-512.png
2026-06-13 18:04:15 [DEPLOY] Starting dashboard deploy...
WARNING: could not find injection point in HTML
HTML written OK
2026-06-13 18:04:15 [DEPLOY] Static HTML built
[main ee18610] Deploy: 2026-06-13 18:04 UTC
 1 file changed, 1 insertion(+), 1 deletion(-)
To https://github.com/jwfalc-coder/smarkets-dashboard.git
   2eacf75..ee18610  main -> main
2026-06-13 18:04:15 [DEPLOY] Deploy complete: Deploy: 2026-06-13 18:04 UTC
[main e1df744] log: routine_2026-06-13_1800
 1 file changed, 179 insertions(+)
 create mode 100644 data/routine_logs/routine_2026-06-13_1800.log
From https://github.com/jwfalc-coder/betting-auditor
 * branch            main       -> FETCH_HEAD
Current branch main is up to date.
To https://github.com/jwfalc-coder/betting-auditor.git
   fbfea54..e1df744  main -> main
