Sent
2026-05-13 23:00:03,696 [INFO] ============================================================
2026-05-13 23:00:03,696 [INFO] SCANNER RUN STARTED - BETFAIR
2026-05-13 23:00:03,696 [INFO] ============================================================
2026-05-13 23:00:04,421 [INFO] Cached Betfair session too old, re-logging in
2026-05-13 23:00:04,422 [INFO] Betfair login attempt 1/3
2026-05-13 23:00:04,590 [INFO] Betfair login successful
2026-05-13 23:00:04,797 [INFO] Catalogue: 100 markets for sport ID 1
2026-05-13 23:00:04,943 [INFO] Catalogue: 100 markets for sport ID 2
2026-05-13 23:00:05,094 [INFO] Catalogue: 100 markets for sport ID 7
2026-05-13 23:00:05,253 [INFO] Catalogue: 100 markets for sport ID 4
2026-05-13 23:00:05,337 [INFO] Catalogue: 0 markets for sport ID 2378961
2026-05-13 23:00:05,465 [INFO] Catalogue: 85 markets for sport ID 3
2026-05-13 23:00:05,735 [INFO] Catalogue: 100 markets for sport ID 7522
2026-05-13 23:00:05,816 [INFO] Catalogue: 0 markets for sport ID 6423
2026-05-13 23:00:05,817 [INFO] Betfair: fetching prices for 585 markets...
2026-05-13 23:00:11,463 [INFO] Betfair: enriching 585 markets with price data...
2026-05-13 23:00:11,469 [INFO] Betfair: enriched 50/585 markets, 19 tradeable so far
2026-05-13 23:00:11,475 [INFO] Betfair: enriched 100/585 markets, 27 tradeable so far
2026-05-13 23:00:11,478 [INFO] Betfair: enriched 150/585 markets, 27 tradeable so far
2026-05-13 23:00:11,481 [INFO] Betfair: enriched 200/585 markets, 28 tradeable so far
2026-05-13 23:00:11,491 [INFO] Betfair: enriched 250/585 markets, 30 tradeable so far
2026-05-13 23:00:11,501 [INFO] Betfair: enriched 300/585 markets, 33 tradeable so far
2026-05-13 23:00:11,504 [INFO] Betfair: enriched 350/585 markets, 39 tradeable so far
2026-05-13 23:00:11,508 [INFO] Betfair: enriched 400/585 markets, 42 tradeable so far
2026-05-13 23:00:11,556 [INFO] Betfair: enriched 450/585 markets, 75 tradeable so far
2026-05-13 23:00:11,585 [INFO] Betfair: enriched 500/585 markets, 108 tradeable so far
2026-05-13 23:00:11,647 [INFO] Betfair: enriched 550/585 markets, 121 tradeable so far
2026-05-13 23:00:11,690 [INFO] Betfair: enriched 585/585 markets, 121 tradeable so far
2026-05-13 23:00:11,693 [INFO] Betfair: 585 total markets, 121 above 100 GBP volume
2026-05-13 23:00:11,744 [INFO] betfair: 585 total, 121 above 100 GBP threshold
2026-05-13 23:00:12,173 [INFO] Snapshot written: /home/jwfalc/smarkets-bot/data/snapshots/betfair/2026-05-13_22-00.json
2026-05-13 23:00:12,361 [INFO] Market log updated (betfair)
2026-05-13 23:00:51,585 [INFO] Scanner complete for betfair. Snapshot: 2026-05-13_22-00.json
2026-05-13 23:00:52,235 [INFO] ============================================================
2026-05-13 23:00:52,236 [INFO] SCANNER RUN STARTED - MATCHBOOK
2026-05-13 23:00:52,237 [INFO] ============================================================
2026-05-13 23:00:52,900 [INFO] Matchbook login attempt 1/3
2026-05-13 23:00:53,090 [INFO] Matchbook login successful
2026-05-13 23:00:53,091 [INFO] Matchbook: fetching events with prices for 15 sports...
2026-05-13 23:00:53,336 [INFO] Matchbook: fetched page offset=0, 20 events (total so far: 20)
2026-05-13 23:00:53,776 [INFO] Matchbook: fetched page offset=20, 20 events (total so far: 40)
2026-05-13 23:00:54,036 [INFO] Matchbook: fetched page offset=40, 20 events (total so far: 60)
2026-05-13 23:00:54,333 [INFO] Matchbook: fetched page offset=60, 20 events (total so far: 80)
2026-05-13 23:00:54,579 [INFO] Matchbook: fetched page offset=80, 20 events (total so far: 100)
2026-05-13 23:00:54,905 [INFO] Matchbook: fetched page offset=100, 20 events (total so far: 120)
2026-05-13 23:00:55,162 [INFO] Matchbook: fetched page offset=120, 20 events (total so far: 140)
2026-05-13 23:00:55,528 [INFO] Matchbook: fetched page offset=140, 20 events (total so far: 160)
2026-05-13 23:00:55,892 [INFO] Matchbook: fetched page offset=160, 20 events (total so far: 180)
2026-05-13 23:00:56,267 [INFO] Matchbook: fetched page offset=180, 20 events (total so far: 200)
2026-05-13 23:00:56,579 [INFO] Matchbook: fetched page offset=200, 20 events (total so far: 220)
2026-05-13 23:00:56,915 [INFO] Matchbook: fetched page offset=220, 20 events (total so far: 240)
2026-05-13 23:00:57,292 [INFO] Matchbook: fetched page offset=240, 20 events (total so far: 260)
2026-05-13 23:00:57,582 [INFO] Matchbook: fetched page offset=260, 20 events (total so far: 280)
2026-05-13 23:00:57,827 [INFO] Matchbook: fetched page offset=280, 15 events (total so far: 295)
2026-05-13 23:00:57,828 [INFO] Matchbook: processing 295 events
2026-05-13 23:00:57,857 [INFO] Matchbook: processed 20/295 events, 496 markets so far
2026-05-13 23:00:57,897 [INFO] Matchbook: processed 40/295 events, 1133 markets so far
2026-05-13 23:00:57,902 [INFO] Matchbook: processed 60/295 events, 1213 markets so far
2026-05-13 23:00:57,914 [INFO] Matchbook: processed 80/295 events, 1268 markets so far
2026-05-13 23:00:57,916 [INFO] Matchbook: processed 100/295 events, 1288 markets so far
2026-05-13 23:00:58,046 [INFO] Matchbook: processed 120/295 events, 1308 markets so far
2026-05-13 23:00:58,052 [INFO] Matchbook: processed 140/295 events, 1451 markets so far
2026-05-13 23:00:58,078 [INFO] Matchbook: processed 160/295 events, 1993 markets so far
2026-05-13 23:00:58,107 [INFO] Matchbook: processed 180/295 events, 2661 markets so far
2026-05-13 23:00:58,145 [INFO] Matchbook: processed 200/295 events, 3349 markets so far
2026-05-13 23:00:58,168 [INFO] Matchbook: processed 220/295 events, 3960 markets so far
2026-05-13 23:00:58,202 [INFO] Matchbook: processed 240/295 events, 4584 markets so far
2026-05-13 23:00:58,241 [INFO] Matchbook: processed 260/295 events, 5336 markets so far
2026-05-13 23:00:58,257 [INFO] Matchbook: processed 280/295 events, 5632 markets so far
2026-05-13 23:00:58,260 [INFO] Matchbook: processed 295/295 events, 5647 markets so far
2026-05-13 23:00:58,261 [INFO] Matchbook: 5648 total markets, 527 above 25 GBP volume
2026-05-13 23:00:58,354 [INFO] matchbook: 5648 total, 527 above 25 GBP threshold
2026-05-13 23:00:58,640 [INFO] Snapshot written: /home/jwfalc/smarkets-bot/data/snapshots/matchbook/2026-05-13_22-00.json
2026-05-13 23:00:58,783 [INFO] Market log updated (matchbook)
2026-05-13 23:01:41,752 [INFO] Scanner complete for matchbook. Snapshot: 2026-05-13_22-00.json
2026-05-13 23:01:43,065 [RESEARCHER] matchbook: 361 tradeable markets from 2026-05-13_22-00.json
2026-05-13 23:01:43,069 [RESEARCHER] Market selection: 0 politics/current-affairs + 15 matchbook-sports + 0 betfair-sports = 15 total
2026-05-13 23:01:43,069 [RESEARCHER] [1/15] Winner
2026-05-13 23:01:47,285 [RESEARCHER] [2/15] Winner
2026-05-13 23:01:51,169 [RESEARCHER] [3/15] Winner
2026-05-13 23:01:54,991 [RESEARCHER] [4/15] To Be Relegated
2026-05-13 23:01:58,861 [RESEARCHER] [5/15] Winner
2026-05-13 23:02:03,387 [RESEARCHER] [6/15] Winner
2026-05-13 23:02:07,248 [RESEARCHER] [7/15] Top 10 Finish
2026-05-13 23:02:09,411 [RESEARCHER] [8/15] Top 5 Finish
2026-05-13 23:02:11,724 [RESEARCHER] [9/15] Top 4 Finish
2026-05-13 23:02:16,190 [RESEARCHER] [10/15] Correct Score
2026-05-13 23:02:19,861 [RESEARCHER] [11/15] Winner
2026-05-13 23:02:23,821 [RESEARCHER] [12/15] Moneyline
2026-05-13 23:02:27,348 [RESEARCHER] [13/15] Top 6 Finish
2026-05-13 23:02:31,401 [RESEARCHER] [14/15] Match Odds
2026-05-13 23:02:35,664 [RESEARCHER] [15/15] Match Odds
2026-05-13 23:02:39,869 [RESEARCHER] Research brief written: 2026-05-13_22-02_brief.json
2026-05-13 23:02:39,869 [RESEARCHER] Markets: 15 | Errors: 0 | Credits used: 30
BRIEF_PATH:/home/jwfalc/smarkets-bot/data/research/2026-05-13_22-02_brief.json
2026-05-13 23:02:40,404 [ANALYZER] Loading research brief: 2026-05-13_22-02_brief.json
2026-05-13 23:02:40,545 [ANALYZER] Analyzed 15 markets
2026-05-13 23:02:40,545 [ANALYZER] Found 10 signals (10pp+)
2026-05-13 23:02:40,546 [ANALYZER] Logged 17 distribution entries (7pp+)
2026-05-13 23:02:40,563 [ANALYZER] Research output written: 2026-05-13_22-02_research.json
2026-05-13 23:02:40,569 [ANALYZER] Appended 68 edge traces to edge_traces.json
RESEARCH_PATH:/home/jwfalc/smarkets-bot/data/research/2026-05-13_22-02_research.json
2026-05-13 23:02:41,645 [RESOLVE] Found 27 open trade(s) to check (paper_mode=True)
2026-05-13 23:02:41,646 [RESOLVE] Settled markets found: 0
2026-05-13 23:02:41,646 [RESOLVE] No open-trade markets have settled yet.
2026-05-13 23:02:42,806 [INFO] ============================================================
2026-05-13 23:02:42,808 [INFO] DIGEST RUN STARTED
2026-05-13 23:02:42,808 [INFO] ============================================================
2026-05-13 23:02:49,962 [INFO] Dashboard data written: /home/jwfalc/smarkets-bot/dashboard/dashboard_data.json
2026-05-13 23:02:50,035 [INFO] Period logs updated: 2026-05-13, 2026-W20, 2026-05, 2026-Q2
2026-05-13 23:02:50,037 [INFO] Run log: [2026-05-13 22:02 UTC] status=signal | platforms=betfair,matchbook | markets=648 | signals=10 | alerts=0 | movements=10 | consec_losses=1
2026-05-13 23:02:50,172 [INFO] Telegram notification sent
2026-05-13 23:02:50,175 [INFO] Digest complete
Balance: £207.32 | Reserved: £194.31 | Available: £13.01
Logged paper trade: Top 10 Finish - LAY @ 57.8% (edge: 29.54pp) [matchbook] | available now £9.36
Skipping (insufficient balance): Top 10 Finish needs £9.40, only £9.36 available
Skipping (insufficient balance): Top 10 Finish needs £11.25, only £9.36 available
Skipping (insufficient balance): Top 10 Finish needs £11.00, only £9.36 available
Skipping (insufficient balance): Top 10 Finish needs £15.00, only £9.36 available
Skipping (insufficient balance): Top 10 Finish needs £15.00, only £9.36 available
Logged paper trade: Top 5 Finish - LAY @ 42.74% (edge: 13.6pp) [matchbook] | available now £2.66
Skipping (already open): Top 6 Finish LAY
Skipping (already open): Top 6 Finish LAY
Skipping (insufficient balance): Match Odds needs £5.00, only £2.66 available

2 new paper trade(s) logged
Distribution log updated: 11 new entries added
Total entries: 536
  7-9pp: 138 total, 18 resolved
  10-11pp: 63 total, 37 resolved
  12pp+: 335 total, 169 resolved

REVIEW DUE: 7-9pp band has 18 resolved entries (threshold: 12)
  Run: python distribution_logger.py report
  Then run: prompts/prompt_review_v1.md

REVIEW DUE: 7-9pp band has 18 resolved entries (threshold: 12)
  Run: python distribution_logger.py report
  Then run: prompts/prompt_review_v1.md
EXIT_CODE:0
Sent
2026-05-13 23:02:55,232 [STATIC-DASH] Building dashboard data…
2026-05-13 23:02:56,757 [STATIC-DASH] Data collected: 106 trades, 57 signals, 648 markets
2026-05-13 23:02:57,037 [STATIC-DASH] Written: /home/jwfalc/smarkets-dashboard/index.html (2952KB)
2026-05-13 23:02:57 [DEPLOY] Starting dashboard deploy...
WARNING: could not find injection point in HTML
HTML written OK
2026-05-13 23:02:57 [DEPLOY] Static HTML built
[main 727b670] Deploy: 2026-05-13 23:02 UTC
 1 file changed, 1 insertion(+), 1 deletion(-)
To https://github.com/jwfalc-coder/smarkets-dashboard.git
   f2f79d8..727b670  main -> main
2026-05-13 23:02:57 [DEPLOY] Deploy complete: Deploy: 2026-05-13 23:02 UTC
