Sent
2026-05-27 06:00:13,181 [INFO] ============================================================
2026-05-27 06:00:13,181 [INFO] SCANNER RUN STARTED - BETFAIR
2026-05-27 06:00:13,181 [INFO] ============================================================
2026-05-27 06:00:13,739 [INFO] Cached Betfair session too old, re-logging in
2026-05-27 06:00:13,741 [INFO] Betfair login attempt 1/3
2026-05-27 06:00:13,894 [INFO] Betfair login successful
2026-05-27 06:00:14,084 [INFO] Catalogue: 100 markets for sport ID 1
2026-05-27 06:00:14,224 [INFO] Catalogue: 100 markets for sport ID 2
2026-05-27 06:00:14,361 [INFO] Catalogue: 100 markets for sport ID 7
2026-05-27 06:00:14,482 [INFO] Catalogue: 100 markets for sport ID 4
2026-05-27 06:00:14,560 [INFO] Catalogue: 0 markets for sport ID 2378961
2026-05-27 06:00:14,684 [INFO] Catalogue: 69 markets for sport ID 3
2026-05-27 06:00:14,927 [INFO] Catalogue: 100 markets for sport ID 7522
2026-05-27 06:00:14,997 [INFO] Catalogue: 0 markets for sport ID 6423
2026-05-27 06:00:14,997 [INFO] Betfair: fetching prices for 569 markets...
2026-05-27 06:00:20,025 [INFO] Betfair: enriching 569 markets with price data...
2026-05-27 06:00:20,031 [INFO] Betfair: enriched 50/569 markets, 3 tradeable so far
2026-05-27 06:00:20,041 [INFO] Betfair: enriched 100/569 markets, 5 tradeable so far
2026-05-27 06:00:20,044 [INFO] Betfair: enriched 150/569 markets, 12 tradeable so far
2026-05-27 06:00:20,046 [INFO] Betfair: enriched 200/569 markets, 13 tradeable so far
2026-05-27 06:00:20,054 [INFO] Betfair: enriched 250/569 markets, 23 tradeable so far
2026-05-27 06:00:20,063 [INFO] Betfair: enriched 300/569 markets, 32 tradeable so far
2026-05-27 06:00:20,066 [INFO] Betfair: enriched 350/569 markets, 42 tradeable so far
2026-05-27 06:00:20,068 [INFO] Betfair: enriched 400/569 markets, 48 tradeable so far
2026-05-27 06:00:20,127 [INFO] Betfair: enriched 450/569 markets, 72 tradeable so far
2026-05-27 06:00:20,166 [INFO] Betfair: enriched 500/569 markets, 75 tradeable so far
2026-05-27 06:00:20,225 [INFO] Betfair: enriched 550/569 markets, 80 tradeable so far
2026-05-27 06:00:20,266 [INFO] Betfair: enriched 569/569 markets, 81 tradeable so far
2026-05-27 06:00:20,266 [INFO] Betfair: 569 total markets, 82 above 100 GBP volume
2026-05-27 06:00:20,402 [INFO] Outrights: 21 markets for sport 1
2026-05-27 06:00:20,515 [INFO] Outrights: 16 markets for sport 3
2026-05-27 06:00:20,597 [INFO] Outrights: 0 markets for sport 2378961
2026-05-27 06:00:21,025 [INFO] Outrights: 30 markets above 25 GBP
2026-05-27 06:00:21,032 [INFO] Betfair: added 20 outright markets for cross-ref
2026-05-27 06:00:21,034 [INFO] betfair: 589 total, 102 above 100 GBP threshold
2026-05-27 06:00:21,293 [INFO] Snapshot written: /home/jwfalc/smarkets-bot/data/snapshots/betfair/2026-05-27_05-00.json
2026-05-27 06:00:21,417 [INFO] Market log updated (betfair)
2026-05-27 06:00:51,947 [INFO] Scanner complete for betfair. Snapshot: 2026-05-27_05-00.json
2026-05-27 06:00:52,430 [INFO] ============================================================
2026-05-27 06:00:52,430 [INFO] SCANNER RUN STARTED - MATCHBOOK
2026-05-27 06:00:52,430 [INFO] ============================================================
2026-05-27 06:00:52,936 [INFO] Matchbook login attempt 1/3
2026-05-27 06:00:53,112 [INFO] Matchbook login successful
2026-05-27 06:00:53,113 [INFO] Matchbook: fetching events with prices for 15 sports...
2026-05-27 06:00:53,229 [INFO] Matchbook: fetched page offset=0, 20 events (total so far: 20)
2026-05-27 06:00:53,498 [INFO] Matchbook: fetched page offset=20, 20 events (total so far: 40)
2026-05-27 06:00:53,767 [INFO] Matchbook: fetched page offset=40, 20 events (total so far: 60)
2026-05-27 06:00:54,072 [INFO] Matchbook: fetched page offset=60, 20 events (total so far: 80)
2026-05-27 06:00:54,432 [INFO] Matchbook: fetched page offset=80, 20 events (total so far: 100)
2026-05-27 06:00:54,782 [INFO] Matchbook: fetched page offset=100, 20 events (total so far: 120)
2026-05-27 06:00:55,024 [INFO] Matchbook: fetched page offset=120, 20 events (total so far: 140)
2026-05-27 06:00:55,279 [INFO] Matchbook: fetched page offset=140, 20 events (total so far: 160)
2026-05-27 06:00:55,522 [INFO] Matchbook: fetched page offset=160, 20 events (total so far: 180)
2026-05-27 06:00:55,788 [INFO] Matchbook: fetched page offset=180, 20 events (total so far: 200)
2026-05-27 06:00:56,020 [INFO] Matchbook: fetched page offset=200, 20 events (total so far: 220)
2026-05-27 06:00:56,302 [INFO] Matchbook: fetched page offset=220, 20 events (total so far: 240)
2026-05-27 06:00:56,625 [INFO] Matchbook: fetched page offset=240, 20 events (total so far: 260)
2026-05-27 06:00:56,861 [INFO] Matchbook: fetched page offset=260, 20 events (total so far: 280)
2026-05-27 06:00:57,107 [INFO] Matchbook: fetched page offset=280, 15 events (total so far: 295)
2026-05-27 06:00:57,108 [INFO] Matchbook: processing 295 events
2026-05-27 06:00:57,117 [INFO] Matchbook: processed 20/295 events, 224 markets so far
2026-05-27 06:00:57,130 [INFO] Matchbook: processed 40/295 events, 428 markets so far
2026-05-27 06:00:57,140 [INFO] Matchbook: processed 60/295 events, 650 markets so far
2026-05-27 06:00:57,160 [INFO] Matchbook: processed 80/295 events, 955 markets so far
2026-05-27 06:00:57,183 [INFO] Matchbook: processed 100/295 events, 1495 markets so far
2026-05-27 06:00:57,198 [INFO] Matchbook: processed 120/295 events, 1777 markets so far
2026-05-27 06:00:57,206 [INFO] Matchbook: processed 140/295 events, 1871 markets so far
2026-05-27 06:00:57,262 [INFO] Matchbook: processed 160/295 events, 2125 markets so far
2026-05-27 06:00:57,265 [INFO] Matchbook: processed 180/295 events, 2289 markets so far
2026-05-27 06:00:57,274 [INFO] Matchbook: processed 200/295 events, 2373 markets so far
2026-05-27 06:00:57,276 [INFO] Matchbook: processed 220/295 events, 2393 markets so far
2026-05-27 06:00:57,285 [INFO] Matchbook: processed 240/295 events, 2630 markets so far
2026-05-27 06:00:57,306 [INFO] Matchbook: processed 260/295 events, 3005 markets so far
2026-05-27 06:00:57,308 [INFO] Matchbook: processed 280/295 events, 3025 markets so far
2026-05-27 06:00:57,311 [INFO] Matchbook: processed 295/295 events, 3040 markets so far
2026-05-27 06:00:57,312 [INFO] Matchbook: 3041 total markets, 249 above 25 GBP volume
2026-05-27 06:00:57,351 [INFO] matchbook: 3041 total, 249 above 25 GBP threshold
2026-05-27 06:00:57,516 [INFO] Snapshot written: /home/jwfalc/smarkets-bot/data/snapshots/matchbook/2026-05-27_05-00.json
2026-05-27 06:00:57,602 [INFO] Market log updated (matchbook)
2026-05-27 06:01:28,806 [INFO] Scanner complete for matchbook. Snapshot: 2026-05-27_05-00.json
2026-05-27 06:01:30,821 [RESEARCHER] Prior index loaded: 82 known runners
2026-05-27 06:01:30,876 [RESEARCHER] betfair: 102 tradeable markets from 2026-05-27_05-00.json
2026-05-27 06:01:30,877 [RESEARCHER] Market selection: 0 politics + 7 outrights + 8 other sports = 15 total (platforms: ['betfair'])
2026-05-27 06:01:30,877 [RESEARCHER] [1/15] Winner
2026-05-27 06:01:37,644 [RESEARCHER] [2/15] Winner
2026-05-27 06:01:45,566 [RESEARCHER]   Prior history injected for Ludvig Aberg
2026-05-27 06:01:45,567 [RESEARCHER]   Prior history injected for Ben Griffin
2026-05-27 06:01:45,567 [RESEARCHER] [3/15] Winner
2026-05-27 06:01:52,931 [RESEARCHER]   Prior history injected for Crystal Palace
2026-05-27 06:01:52,931 [RESEARCHER] [4/15] Winner
2026-05-27 06:02:01,908 [RESEARCHER] [5/15] Winner
2026-05-27 06:02:11,096 [RESEARCHER]   Prior history injected for Scottie Scheffler
2026-05-27 06:02:11,096 [RESEARCHER]   Prior history injected for Rory McIlroy
2026-05-27 06:02:11,097 [RESEARCHER]   Prior history injected for Jon Rahm
2026-05-27 06:02:11,097 [RESEARCHER]   Prior history injected for Xander Schauffele
2026-05-27 06:02:11,097 [RESEARCHER]   Prior history injected for Cameron Young
2026-05-27 06:02:11,097 [RESEARCHER] [6/15] Winner
2026-05-27 06:02:15,426 [RESEARCHER]   Prior history injected for Scottie Scheffler
2026-05-27 06:02:15,426 [RESEARCHER]   Prior history injected for Rory McIlroy
2026-05-27 06:02:15,427 [RESEARCHER]   Prior history injected for Jon Rahm
2026-05-27 06:02:15,427 [RESEARCHER]   Prior history injected for Cameron Young
2026-05-27 06:02:15,427 [RESEARCHER]   Prior history injected for Ludvig Aberg
2026-05-27 06:02:15,427 [RESEARCHER]   Prior history injected for Xander Schauffele
2026-05-27 06:02:15,428 [RESEARCHER] [7/15] Top 20 Finish
2026-05-27 06:02:17,362 [RESEARCHER]   Prior history injected for Ludvig Aberg
2026-05-27 06:02:17,362 [RESEARCHER]   Prior history injected for Ben Griffin
2026-05-27 06:02:17,362 [RESEARCHER] [8/15] Winner 2025/26
2026-05-27 06:02:24,999 [RESEARCHER]   Prior history injected for Arsenal
2026-05-27 06:02:24,999 [RESEARCHER] [9/15] Match Odds
2026-05-27 06:02:32,394 [RESEARCHER] [10/15] Match Odds
2026-05-27 06:02:40,032 [RESEARCHER]   Prior history injected for The Draw
2026-05-27 06:02:40,032 [RESEARCHER] [11/15] Winner 2026/27
2026-05-27 06:02:47,759 [RESEARCHER]   Prior history injected for Arsenal
2026-05-27 06:02:47,759 [RESEARCHER]   Prior history injected for Man City
2026-05-27 06:02:47,759 [RESEARCHER]   Prior history injected for Liverpool
2026-05-27 06:02:47,760 [RESEARCHER]   Prior history injected for Chelsea
2026-05-27 06:02:47,760 [RESEARCHER]   Prior history injected for Aston Villa
2026-05-27 06:02:47,760 [RESEARCHER] [12/15] Match Odds
2026-05-27 06:02:55,389 [RESEARCHER] [13/15] Daniel Hillier v Nathan Kimsey
2026-05-27 06:03:05,265 [RESEARCHER] [14/15] Winner 2026
2026-05-27 06:03:11,695 [RESEARCHER] [15/15] Ballon d'Or Winner 2026
2026-05-27 06:03:18,604 [RESEARCHER] Research brief written: 2026-05-27_05-03_brief.json
2026-05-27 06:03:18,604 [RESEARCHER] Markets: 15 | Errors: 0 | Credits used: 66
BRIEF_PATH:/home/jwfalc/smarkets-bot/data/research/2026-05-27_05-03_brief.json
2026-05-27 06:03:19,035 [ANALYZER] Loading research brief: 2026-05-27_05-03_brief.json
2026-05-27 06:03:19,249 [ANALYZER] Betfair cross-ref index: 4615 runners
2026-05-27 06:03:19,260 [ANALYZER] Analyzed 15 markets
2026-05-27 06:03:19,260 [ANALYZER] Found 10 signals (10pp+)
2026-05-27 06:03:19,260 [ANALYZER] Logged 14 distribution entries (7pp+)
2026-05-27 06:03:19,278 [ANALYZER] Research output written: 2026-05-27_05-03_research.json
2026-05-27 06:03:19,281 [ANALYZER] Appended 75 edge traces to edge_traces.json
RESEARCH_PATH:/home/jwfalc/smarkets-bot/data/research/2026-05-27_05-03_research.json
2026-05-27 06:03:20,123 [RESOLVE] Found 7 open trade(s) to check (paper_mode=True)
2026-05-27 06:03:20,221 [RESOLVE] Using cached Betfair session token
2026-05-27 06:03:20,221 [RESOLVE] Betfair: checking 4 open-trade markets
2026-05-27 06:03:29,717 [RESOLVE] Snapshot name lookup: found mappings for 3 markets
2026-05-27 06:03:29,845 [RESOLVE] Settled markets found: 0
2026-05-27 06:03:29,845 [RESOLVE] Standings: unknown competition for 'Men's French Open 2026 - Winner' — skip
2026-05-27 06:03:29,845 [RESOLVE] No open-trade markets have settled yet.
2026-05-27 06:03:30,785 [INFO] ============================================================
2026-05-27 06:03:30,786 [INFO] DIGEST RUN STARTED
2026-05-27 06:03:30,787 [INFO] ============================================================
2026-05-27 06:03:36,698 [INFO] Dashboard data written: /home/jwfalc/smarkets-bot/dashboard/dashboard_data.json
2026-05-27 06:03:36,780 [INFO] Period logs updated: 2026-05-27, 2026-W22, 2026-05, 2026-Q2
2026-05-27 06:03:36,781 [INFO] Run log: [2026-05-27 05:03 UTC] status=signal | platforms=betfair,matchbook | markets=351 | signals=10 | alerts=0 | movements=10 | consec_losses=0
2026-05-27 06:03:36,781 [INFO] Digest complete
Balance: £379.13 | Reserved: £21.00 | Available: £358.13
Logged paper trade: Top 20 Finish - LAY @ 56.5% (edge: 29.91pp) [betfair] | available now £354.28
Logged paper trade: Top 20 Finish - LAY @ 48.08% (edge: 22.72pp) [betfair] | available now £348.88
Logged paper trade: Top 20 Finish - LAY @ 42.02% (edge: 19.18pp) [betfair] | available now £341.98
Logged paper trade: Top 20 Finish - LAY @ 38.76% (edge: 14.34pp) [betfair] | available now £334.08
Logged paper trade: Top 20 Finish - LAY @ 40.0% (edge: 18.04pp) [betfair] | available now £326.58
Logged paper trade: Top 20 Finish - LAY @ 39.68% (edge: 17.86pp) [betfair] | available now £318.98
Reduced stake: Winner 2026/27 edge 12.2pp < 15.0pp → £2.15 (43%)
Logged paper trade: Winner 2026/27 - BACK @ 16.67% (edge: 12.17pp) [betfair] | available now £316.83
Reduced stake: Ballon d'Or Winner 2026 edge 14.2pp < 15.0pp → £4.15 (83%)
Logged paper trade: Ballon d'Or Winner 2026 - BACK @ 16.67% (edge: 14.17pp) [betfair] | available now £312.68

8 new paper trade(s) logged
Distribution log updated: 14 new entries added
Total entries: 661
  near_certainty: 5 total, 4 resolved
  high_prob: 15 total, 7 resolved
  7-9pp: 178 total, 81 resolved
  10-11pp: 71 total, 34 resolved
  12pp+: 392 total, 315 resolved

REVIEW DUE: 7-9pp band has 81 resolved entries (threshold: 12)
  Run: python distribution_logger.py report
  Then run: prompts/prompt_review_v1.md

REVIEW DUE: 7-9pp band has 81 resolved entries (threshold: 12)
  Run: python distribution_logger.py report
  Then run: prompts/prompt_review_v1.md
EXIT_CODE:0
Sent
2026-05-27 06:03:41,109 [STATIC-DASH] Building dashboard data…
2026-05-27 06:03:42,484 [STATIC-DASH] Data collected: 184 trades, 29 signals, 351 markets
2026-05-27 06:03:42,696 [STATIC-DASH] Written: /home/jwfalc/smarkets-dashboard/index.html (2336KB)
2026-05-27 06:03:42 [DEPLOY] Starting dashboard deploy...
WARNING: could not find injection point in HTML
HTML written OK
2026-05-27 06:03:42 [DEPLOY] Static HTML built
[main 43235b8] Deploy: 2026-05-27 06:03 UTC
 1 file changed, 1 insertion(+), 1 deletion(-)
To https://github.com/jwfalc-coder/smarkets-dashboard.git
   f1018ef..43235b8  main -> main
2026-05-27 06:03:42 [DEPLOY] Deploy complete: Deploy: 2026-05-27 06:03 UTC
[main a48dcec] log: routine_2026-05-27_0600
 1 file changed, 189 insertions(+)
 create mode 100644 data/routine_logs/routine_2026-05-27_0600.log
From https://github.com/jwfalc-coder/betting-auditor
 * branch            main       -> FETCH_HEAD
Current branch main is up to date.
To https://github.com/jwfalc-coder/betting-auditor.git
   a358bc3..a48dcec  main -> main
