Sent
2026-05-12 18:00:02,692 [INFO] ============================================================
2026-05-12 18:00:02,692 [INFO] SCANNER RUN STARTED - BETFAIR
2026-05-12 18:00:02,692 [INFO] ============================================================
2026-05-12 18:00:03,107 [INFO] Cached Betfair session too old, re-logging in
2026-05-12 18:00:03,107 [INFO] Betfair login attempt 1/3
2026-05-12 18:00:03,261 [INFO] Betfair login successful
2026-05-12 18:00:03,414 [INFO] Catalogue: 100 markets for sport ID 1
2026-05-12 18:00:03,531 [INFO] Catalogue: 100 markets for sport ID 2
2026-05-12 18:00:03,656 [INFO] Catalogue: 100 markets for sport ID 7
2026-05-12 18:00:03,779 [INFO] Catalogue: 100 markets for sport ID 4
2026-05-12 18:00:03,858 [INFO] Catalogue: 0 markets for sport ID 2378961
2026-05-12 18:00:03,972 [INFO] Catalogue: 19 markets for sport ID 3
2026-05-12 18:00:04,207 [INFO] Catalogue: 100 markets for sport ID 7522
2026-05-12 18:00:04,290 [INFO] Catalogue: 0 markets for sport ID 6423
2026-05-12 18:00:04,290 [INFO] Betfair: fetching prices for 519 markets...
2026-05-12 18:00:08,892 [INFO] Betfair: enriching 519 markets with price data...
2026-05-12 18:00:08,896 [INFO] Betfair: enriched 50/519 markets, 15 tradeable so far
2026-05-12 18:00:08,902 [INFO] Betfair: enriched 100/519 markets, 26 tradeable so far
2026-05-12 18:00:08,903 [INFO] Betfair: enriched 150/519 markets, 29 tradeable so far
2026-05-12 18:00:08,906 [INFO] Betfair: enriched 200/519 markets, 35 tradeable so far
2026-05-12 18:00:08,914 [INFO] Betfair: enriched 250/519 markets, 62 tradeable so far
2026-05-12 18:00:08,922 [INFO] Betfair: enriched 300/519 markets, 82 tradeable so far
2026-05-12 18:00:08,924 [INFO] Betfair: enriched 350/519 markets, 85 tradeable so far
2026-05-12 18:00:08,927 [INFO] Betfair: enriched 400/519 markets, 90 tradeable so far
2026-05-12 18:00:08,993 [INFO] Betfair: enriched 450/519 markets, 109 tradeable so far
2026-05-12 18:00:09,040 [INFO] Betfair: enriched 500/519 markets, 117 tradeable so far
2026-05-12 18:00:09,057 [INFO] Betfair: enriched 519/519 markets, 117 tradeable so far
2026-05-12 18:00:09,057 [INFO] Betfair: 519 total markets, 117 above 100 GBP volume
2026-05-12 18:00:09,085 [INFO] betfair: 519 total, 117 above 100 GBP threshold
2026-05-12 18:00:09,393 [INFO] Snapshot written: /home/jwfalc/smarkets-bot/data/snapshots/betfair/2026-05-12_17-00.json
2026-05-12 18:00:09,545 [INFO] Market log updated (betfair)
2026-05-12 18:00:45,043 [INFO] Scanner complete for betfair. Snapshot: 2026-05-12_17-00.json
2026-05-12 18:00:45,718 [INFO] ============================================================
2026-05-12 18:00:45,719 [INFO] SCANNER RUN STARTED - MATCHBOOK
2026-05-12 18:00:45,719 [INFO] ============================================================
2026-05-12 18:00:46,260 [INFO] Matchbook login attempt 1/3
2026-05-12 18:00:46,438 [INFO] Matchbook login successful
2026-05-12 18:00:46,439 [INFO] Matchbook: fetching events with prices for 15 sports...
2026-05-12 18:00:46,574 [INFO] Matchbook: fetched page offset=0, 20 events (total so far: 20)
2026-05-12 18:00:46,906 [INFO] Matchbook: fetched page offset=20, 20 events (total so far: 40)
2026-05-12 18:00:47,351 [INFO] Matchbook: fetched page offset=40, 20 events (total so far: 60)
2026-05-12 18:00:47,762 [INFO] Matchbook: fetched page offset=60, 20 events (total so far: 80)
2026-05-12 18:00:48,004 [INFO] Matchbook: fetched page offset=80, 20 events (total so far: 100)
2026-05-12 18:00:48,272 [INFO] Matchbook: fetched page offset=100, 20 events (total so far: 120)
2026-05-12 18:00:48,552 [INFO] Matchbook: fetched page offset=120, 20 events (total so far: 140)
2026-05-12 18:00:48,943 [INFO] Matchbook: fetched page offset=140, 20 events (total so far: 160)
2026-05-12 18:00:49,286 [INFO] Matchbook: fetched page offset=160, 20 events (total so far: 180)
2026-05-12 18:00:49,608 [INFO] Matchbook: fetched page offset=180, 20 events (total so far: 200)
2026-05-12 18:00:49,958 [INFO] Matchbook: fetched page offset=200, 20 events (total so far: 220)
2026-05-12 18:00:50,286 [INFO] Matchbook: fetched page offset=220, 20 events (total so far: 240)
2026-05-12 18:00:50,626 [INFO] Matchbook: fetched page offset=240, 20 events (total so far: 260)
2026-05-12 18:00:50,925 [INFO] Matchbook: fetched page offset=260, 20 events (total so far: 280)
2026-05-12 18:00:51,161 [INFO] Matchbook: fetched page offset=280, 16 events (total so far: 296)
2026-05-12 18:00:51,162 [INFO] Matchbook: processing 296 events
2026-05-12 18:00:51,171 [INFO] Matchbook: processed 20/296 events, 205 markets so far
2026-05-12 18:00:51,191 [INFO] Matchbook: processed 40/296 events, 674 markets so far
2026-05-12 18:00:51,320 [INFO] Matchbook: processed 60/296 events, 1325 markets so far
2026-05-12 18:00:51,353 [INFO] Matchbook: processed 80/296 events, 1981 markets so far
2026-05-12 18:00:51,356 [INFO] Matchbook: processed 100/296 events, 2061 markets so far
2026-05-12 18:00:51,362 [INFO] Matchbook: processed 120/296 events, 2238 markets so far
2026-05-12 18:00:51,375 [INFO] Matchbook: processed 140/296 events, 2556 markets so far
2026-05-12 18:00:51,404 [INFO] Matchbook: processed 160/296 events, 3206 markets so far
2026-05-12 18:00:51,434 [INFO] Matchbook: processed 180/296 events, 3875 markets so far
2026-05-12 18:00:51,459 [INFO] Matchbook: processed 200/296 events, 4129 markets so far
2026-05-12 18:00:51,494 [INFO] Matchbook: processed 220/296 events, 4678 markets so far
2026-05-12 18:00:51,524 [INFO] Matchbook: processed 240/296 events, 5318 markets so far
2026-05-12 18:00:51,571 [INFO] Matchbook: processed 260/296 events, 6057 markets so far
2026-05-12 18:00:51,587 [INFO] Matchbook: processed 280/296 events, 6403 markets so far
2026-05-12 18:00:51,590 [INFO] Matchbook: processed 296/296 events, 6419 markets so far
2026-05-12 18:00:51,591 [INFO] Matchbook: 6420 total markets, 673 above 25 GBP volume
2026-05-12 18:00:51,693 [INFO] matchbook: 6420 total, 673 above 25 GBP threshold
2026-05-12 18:00:52,019 [INFO] Snapshot written: /home/jwfalc/smarkets-bot/data/snapshots/matchbook/2026-05-12_17-00.json
2026-05-12 18:00:52,170 [INFO] Market log updated (matchbook)
2026-05-12 18:01:27,131 [INFO] Scanner complete for matchbook. Snapshot: 2026-05-12_17-00.json
2026-05-12 18:01:28,181 [RESEARCHER] matchbook: 455 tradeable markets from 2026-05-12_17-00.json
2026-05-12 18:01:28,186 [RESEARCHER] Market selection: 0 politics/current-affairs + 15 matchbook-sports + 0 betfair-sports = 15 total
2026-05-12 18:01:28,187 [RESEARCHER] [1/15] Winner
2026-05-12 18:01:32,034 [RESEARCHER] [2/15] Winner
2026-05-12 18:01:35,671 [RESEARCHER] [3/15] Winner
2026-05-12 18:01:39,804 [RESEARCHER] [4/15] To Be Relegated
2026-05-12 18:01:44,069 [RESEARCHER] [5/15] Winner
2026-05-12 18:01:47,984 [RESEARCHER] [6/15] Correct Score
2026-05-12 18:01:51,825 [RESEARCHER] [7/15] Match Odds
2026-05-12 18:01:55,528 [RESEARCHER] [8/15] Match Odds
2026-05-12 18:01:59,102 [RESEARCHER] [9/15] Match Odds
2026-05-12 18:02:03,286 [RESEARCHER] [10/15] Moneyline
2026-05-12 18:02:07,056 [RESEARCHER] [11/15] Correct Score
2026-05-12 18:02:10,824 [RESEARCHER] [12/15] Top 4 Finish
2026-05-12 18:02:15,018 [RESEARCHER] [13/15] Winner
2026-05-12 18:02:18,717 [RESEARCHER] [14/15] Match Odds
2026-05-12 18:02:21,971 [RESEARCHER] [15/15] Top 6 Finish
2026-05-12 18:02:26,149 [RESEARCHER] Research brief written: 2026-05-12_17-02_brief.json
2026-05-12 18:02:26,149 [RESEARCHER] Markets: 15 | Errors: 0 | Credits used: 30
BRIEF_PATH:/home/jwfalc/smarkets-bot/data/research/2026-05-12_17-02_brief.json
2026-05-12 18:02:26,558 [ANALYZER] Loading research brief: 2026-05-12_17-02_brief.json
2026-05-12 18:02:26,689 [ANALYZER] Analyzed 15 markets
2026-05-12 18:02:26,690 [ANALYZER] Found 7 signals (10pp+)
2026-05-12 18:02:26,690 [ANALYZER] Logged 15 distribution entries (7pp+)
2026-05-12 18:02:26,705 [ANALYZER] Research output written: 2026-05-12_17-02_research.json
2026-05-12 18:02:26,707 [ANALYZER] Appended 62 edge traces to edge_traces.json
RESEARCH_PATH:/home/jwfalc/smarkets-bot/data/research/2026-05-12_17-02_research.json
2026-05-12 18:02:27,518 [RESOLVE] Found 25 open trade(s) to check (paper_mode=True)
2026-05-12 18:02:27,524 [RESOLVE] Using cached Matchbook session token
2026-05-12 18:02:27,524 [RESOLVE] Matchbook: checking 7 open-trade markets against settled events
/home/jwfalc/smarkets-bot/scripts/check_resolutions.py:305: DeprecationWarning: datetime.datetime.utcnow() is deprecated and scheduled for removal in a future version. Use timezone-aware objects to represent datetimes in UTC: datetime.datetime.now(datetime.UTC).
  cutoff = datetime.datetime.utcnow() - datetime.timedelta(days=30)
2026-05-12 18:02:37,473 [RESOLVE] Settled markets found: 0
2026-05-12 18:02:37,474 [RESOLVE] No open-trade markets have settled yet.
2026-05-12 18:02:38,375 [INFO] ============================================================
2026-05-12 18:02:38,375 [INFO] DIGEST RUN STARTED
2026-05-12 18:02:38,375 [INFO] ============================================================
2026-05-12 18:02:44,124 [INFO] Dashboard data written: /home/jwfalc/smarkets-bot/dashboard/dashboard_data.json
2026-05-12 18:02:44,219 [INFO] Period logs updated: 2026-05-12, 2026-W20, 2026-05, 2026-Q2
2026-05-12 18:02:44,220 [INFO] Run log: [2026-05-12 17:02 UTC] status=signal | platforms=betfair,matchbook | markets=790 | signals=7 | alerts=0 | movements=10 | consec_losses=0
2026-05-12 18:02:44,220 [INFO] Digest complete
Balance: £209.18 | Reserved: £184.31 | Available: £24.87
Skipping (conflicting back in same market): Winner
Skipping (conflicting back in same market): Winner
Logged paper trade: Moneyline - BACK @ 13.51% (edge: 12.73pp) [matchbook] | available now £19.87

1 new paper trade(s) logged
Distribution log updated: 1 new entries added
Total entries: 501
  7-9pp: 120 total, 18 resolved
  10-11pp: 61 total, 37 resolved
  12pp+: 320 total, 169 resolved

REVIEW DUE: 7-9pp band has 18 resolved entries (threshold: 12)
  Run: python distribution_logger.py report
  Then run: prompts/prompt_review_v1.md

REVIEW DUE: 7-9pp band has 18 resolved entries (threshold: 12)
  Run: python distribution_logger.py report
  Then run: prompts/prompt_review_v1.md
EXIT_CODE:0
Sent
2026-05-12 18:02:47 [DEPLOY] Starting dashboard deploy...
HTML written OK
2026-05-12 18:02:47 [DEPLOY] Static HTML built
[main e9b4064] Deploy: 2026-05-12 18:02 UTC
 1 file changed, 1 insertion(+), 1 deletion(-)
To https://github.com/jwfalc-coder/smarkets-dashboard.git
   fe0d21f..e9b4064  main -> main
2026-05-12 18:02:47 [DEPLOY] Deploy complete: Deploy: 2026-05-12 18:02 UTC
