Sent
2026-05-29 18:00:02,899 [INFO] ============================================================
2026-05-29 18:00:02,899 [INFO] SCANNER RUN STARTED - BETFAIR
2026-05-29 18:00:02,899 [INFO] ============================================================
2026-05-29 18:00:03,294 [INFO] Cached Betfair session too old, re-logging in
2026-05-29 18:00:03,295 [INFO] Betfair login attempt 1/3
2026-05-29 18:00:03,443 [INFO] Betfair login successful
2026-05-29 18:00:03,599 [INFO] Catalogue: 100 markets for sport ID 1
2026-05-29 18:00:03,724 [INFO] Catalogue: 100 markets for sport ID 2
2026-05-29 18:00:03,870 [INFO] Catalogue: 100 markets for sport ID 7
2026-05-29 18:00:04,007 [INFO] Catalogue: 100 markets for sport ID 4
2026-05-29 18:00:04,102 [INFO] Catalogue: 2 markets for sport ID 2378961
2026-05-29 18:00:04,197 [INFO] Catalogue: 8 markets for sport ID 3
2026-05-29 18:00:04,434 [INFO] Catalogue: 100 markets for sport ID 7522
2026-05-29 18:00:04,547 [INFO] Catalogue: 9 markets for sport ID 6423
2026-05-29 18:00:04,547 [INFO] Betfair: fetching prices for 519 markets...
2026-05-29 18:00:09,068 [INFO] Betfair: enriching 519 markets with price data...
2026-05-29 18:00:09,074 [INFO] Betfair: enriched 50/519 markets, 1 tradeable so far
2026-05-29 18:00:09,078 [INFO] Betfair: enriched 100/519 markets, 4 tradeable so far
2026-05-29 18:00:09,082 [INFO] Betfair: enriched 150/519 markets, 9 tradeable so far
2026-05-29 18:00:09,084 [INFO] Betfair: enriched 200/519 markets, 12 tradeable so far
2026-05-29 18:00:09,091 [INFO] Betfair: enriched 250/519 markets, 41 tradeable so far
2026-05-29 18:00:09,098 [INFO] Betfair: enriched 300/519 markets, 56 tradeable so far
2026-05-29 18:00:09,100 [INFO] Betfair: enriched 350/519 markets, 76 tradeable so far
2026-05-29 18:00:09,102 [INFO] Betfair: enriched 400/519 markets, 80 tradeable so far
2026-05-29 18:00:09,146 [INFO] Betfair: enriched 450/519 markets, 113 tradeable so far
2026-05-29 18:00:09,199 [INFO] Betfair: enriched 500/519 markets, 125 tradeable so far
2026-05-29 18:00:09,224 [INFO] Betfair: enriched 519/519 markets, 126 tradeable so far
2026-05-29 18:00:09,227 [INFO] Betfair: 519 total markets, 126 above 100 GBP volume
2026-05-29 18:00:09,347 [INFO] Outrights: 22 markets for sport 1
2026-05-29 18:00:09,436 [INFO] Outrights: 16 markets for sport 3
2026-05-29 18:00:09,514 [INFO] Outrights: 1 markets for sport 2378961
2026-05-29 18:00:09,894 [INFO] Outrights: 35 markets above 25 GBP
2026-05-29 18:00:09,901 [INFO] Betfair: added 32 outright markets for cross-ref
2026-05-29 18:00:09,901 [INFO] betfair: 551 total, 158 above 100 GBP threshold
2026-05-29 18:00:10,302 [INFO] Snapshot written: /home/jwfalc/smarkets-bot/data/snapshots/betfair/2026-05-29_17-00.json
2026-05-29 18:00:10,528 [INFO] Market log updated (betfair)
2026-05-29 18:00:39,945 [INFO] Scanner complete for betfair. Snapshot: 2026-05-29_17-00.json
2026-05-29 18:00:40,254 [INFO] ============================================================
2026-05-29 18:00:40,254 [INFO] SCANNER RUN STARTED - MATCHBOOK
2026-05-29 18:00:40,254 [INFO] ============================================================
2026-05-29 18:00:40,592 [INFO] Matchbook login attempt 1/3
2026-05-29 18:00:40,761 [INFO] Matchbook login successful
2026-05-29 18:00:40,762 [INFO] Matchbook: fetching events with prices for 15 sports...
2026-05-29 18:00:40,905 [INFO] Matchbook: fetched page offset=0, 20 events (total so far: 20)
2026-05-29 18:00:41,203 [INFO] Matchbook: fetched page offset=20, 20 events (total so far: 40)
2026-05-29 18:00:41,556 [INFO] Matchbook: fetched page offset=40, 20 events (total so far: 60)
2026-05-29 18:00:41,888 [INFO] Matchbook: fetched page offset=60, 20 events (total so far: 80)
2026-05-29 18:00:42,159 [INFO] Matchbook: fetched page offset=80, 20 events (total so far: 100)
2026-05-29 18:00:42,435 [INFO] Matchbook: fetched page offset=100, 20 events (total so far: 120)
2026-05-29 18:00:42,728 [INFO] Matchbook: fetched page offset=120, 20 events (total so far: 140)
2026-05-29 18:00:43,032 [INFO] Matchbook: fetched page offset=140, 20 events (total so far: 160)
2026-05-29 18:00:43,312 [INFO] Matchbook: fetched page offset=160, 20 events (total so far: 180)
2026-05-29 18:00:43,660 [INFO] Matchbook: fetched page offset=180, 20 events (total so far: 200)
2026-05-29 18:00:43,939 [INFO] Matchbook: fetched page offset=200, 20 events (total so far: 220)
2026-05-29 18:00:44,173 [INFO] Matchbook: fetched page offset=220, 20 events (total so far: 240)
2026-05-29 18:00:44,409 [INFO] Matchbook: fetched page offset=240, 11 events (total so far: 251)
2026-05-29 18:00:44,409 [INFO] Matchbook: processing 251 events
2026-05-29 18:00:44,423 [INFO] Matchbook: processed 20/251 events, 239 markets so far
2026-05-29 18:00:44,437 [INFO] Matchbook: processed 40/251 events, 630 markets so far
2026-05-29 18:00:44,463 [INFO] Matchbook: processed 60/251 events, 1240 markets so far
2026-05-29 18:00:44,528 [INFO] Matchbook: processed 80/251 events, 1756 markets so far
2026-05-29 18:00:44,549 [INFO] Matchbook: processed 100/251 events, 2206 markets so far
2026-05-29 18:00:44,564 [INFO] Matchbook: processed 120/251 events, 2465 markets so far
2026-05-29 18:00:44,589 [INFO] Matchbook: processed 140/251 events, 2928 markets so far
2026-05-29 18:00:44,606 [INFO] Matchbook: processed 160/251 events, 3415 markets so far
2026-05-29 18:00:44,619 [INFO] Matchbook: processed 180/251 events, 3786 markets so far
2026-05-29 18:00:44,641 [INFO] Matchbook: processed 200/251 events, 4439 markets so far
2026-05-29 18:00:44,652 [INFO] Matchbook: processed 220/251 events, 4652 markets so far
2026-05-29 18:00:44,653 [INFO] Matchbook: processed 240/251 events, 4672 markets so far
2026-05-29 18:00:44,655 [INFO] Matchbook: processed 251/251 events, 4683 markets so far
2026-05-29 18:00:44,655 [INFO] Matchbook: 4684 total markets, 550 above 25 GBP volume
2026-05-29 18:00:44,699 [INFO] matchbook: 4684 total, 550 above 25 GBP threshold
2026-05-29 18:00:44,919 [INFO] Snapshot written: /home/jwfalc/smarkets-bot/data/snapshots/matchbook/2026-05-29_17-00.json
2026-05-29 18:00:45,041 [INFO] Market log updated (matchbook)
2026-05-29 18:01:12,049 [INFO] Scanner complete for matchbook. Snapshot: 2026-05-29_17-00.json
2026-05-29 18:01:12,711 [RESEARCHER] Prior index loaded: 88 known runners
2026-05-29 18:01:12,792 [RESEARCHER] betfair: 158 tradeable markets from 2026-05-29_17-00.json
2026-05-29 18:01:12,793 [RESEARCHER] Market selection: 3 politics + 7 outrights + 8 other sports = 18 total (platforms: ['betfair'])
2026-05-29 18:01:12,793 [RESEARCHER] [1/18] Maltese General Election
2026-05-29 18:01:19,172 [RESEARCHER] [2/18] Next President of Colombia
2026-05-29 18:01:25,367 [RESEARCHER]   Prior history injected for Paloma Valencia
2026-05-29 18:01:25,368 [RESEARCHER] [3/18] Makerfield - Restore Britain Vote Percentage
2026-05-29 18:01:31,007 [RESEARCHER] [4/18] Winner
2026-05-29 18:01:39,464 [RESEARCHER] [5/18] Winner
2026-05-29 18:01:47,144 [RESEARCHER]   Prior history injected for Arsenal
2026-05-29 18:01:47,144 [RESEARCHER] [6/18] Winner
2026-05-29 18:01:55,846 [RESEARCHER]   Prior history injected for Alex Smalley
2026-05-29 18:01:55,847 [RESEARCHER] [7/18] Winner
2026-05-29 18:02:05,689 [RESEARCHER] [8/18] Winner
2026-05-29 18:02:14,052 [RESEARCHER]   Prior history injected for Bryson DeChambeau
2026-05-29 18:02:14,052 [RESEARCHER]   Prior history injected for Jon Rahm
2026-05-29 18:02:14,052 [RESEARCHER] [9/18] Top 10 Finish
2026-05-29 18:02:15,997 [RESEARCHER]   Prior history injected for Alex Smalley
2026-05-29 18:02:15,997 [RESEARCHER] [10/18] Winner
2026-05-29 18:02:24,832 [RESEARCHER]   Prior history injected for Scottie Scheffler
2026-05-29 18:02:24,833 [RESEARCHER]   Prior history injected for Rory McIlroy
2026-05-29 18:02:24,833 [RESEARCHER]   Prior history injected for Jon Rahm
2026-05-29 18:02:24,833 [RESEARCHER]   Prior history injected for Xander Schauffele
2026-05-29 18:02:24,834 [RESEARCHER]   Prior history injected for Cameron Young
2026-05-29 18:02:24,834 [RESEARCHER] [11/18] 1m4f Hcap
2026-05-29 18:02:30,080 [RESEARCHER] [12/18] Will an English team win the 25/26 UCL?
2026-05-29 18:02:38,073 [RESEARCHER]   Prior history injected for No
2026-05-29 18:02:38,074 [RESEARCHER]   Prior history injected for Yes
2026-05-29 18:02:38,074 [RESEARCHER] [13/18] Match Odds
2026-05-29 18:02:46,483 [RESEARCHER] [14/18] Match Odds
2026-05-29 18:02:54,828 [RESEARCHER] [15/18] Match Odds
2026-05-29 18:03:02,788 [RESEARCHER]   Prior history injected for Essex
2026-05-29 18:03:02,788 [RESEARCHER] [16/18] Match Odds
2026-05-29 18:03:10,924 [RESEARCHER] [17/18] Match Odds
2026-05-29 18:03:19,317 [RESEARCHER] [18/18] Match Odds
2026-05-29 18:03:27,142 [RESEARCHER]   Prior history injected for Hampshire
2026-05-29 18:03:27,168 [RESEARCHER] Research brief written: 2026-05-29_17-03_brief.json
2026-05-29 18:03:27,168 [RESEARCHER] Markets: 18 | Errors: 0 | Credits used: 73
BRIEF_PATH:/home/jwfalc/smarkets-bot/data/research/2026-05-29_17-03_brief.json
2026-05-29 18:03:27,486 [ANALYZER] Loading research brief: 2026-05-29_17-03_brief.json
2026-05-29 18:03:27,806 [ANALYZER] Betfair cross-ref index: 4546 runners
2026-05-29 18:03:27,812 [ANALYZER] Analyzed 18 markets
2026-05-29 18:03:27,812 [ANALYZER] Found 2 signals (10pp+)
2026-05-29 18:03:27,812 [ANALYZER] Logged 8 distribution entries (7pp+)
2026-05-29 18:03:27,826 [ANALYZER] Research output written: 2026-05-29_17-03_research.json
2026-05-29 18:03:27,829 [ANALYZER] Appended 78 edge traces to edge_traces.json
RESEARCH_PATH:/home/jwfalc/smarkets-bot/data/research/2026-05-29_17-03_research.json
2026-05-29 18:03:28,394 [RESOLVE] Found 33 open trade(s) to check (paper_mode=True)
2026-05-29 18:03:28,464 [RESOLVE] Using cached Betfair session token
2026-05-29 18:03:28,464 [RESOLVE] Betfair: checking 15 open-trade markets
2026-05-29 18:03:37,056 [RESOLVE] Snapshot name lookup: found mappings for 15 markets
2026-05-29 18:03:37,246 [RESOLVE] Settled markets found: 0
2026-05-29 18:03:37,247 [RESOLVE] Standings: unknown competition for 'Men's French Open 2026 - Winner' — skip
2026-05-29 18:03:37,247 [RESOLVE] No open-trade markets have settled yet.
2026-05-29 18:03:37,868 [INFO] ============================================================
2026-05-29 18:03:37,868 [INFO] DIGEST RUN STARTED
2026-05-29 18:03:37,869 [INFO] ============================================================
2026-05-29 18:03:42,829 [INFO] Sending signal alert: Next President of Colombia edge=15.78pp
2026-05-29 18:03:42,955 [INFO] Telegram notification sent
2026-05-29 18:03:42,956 [INFO] Sent 1 Telegram signal alerts
2026-05-29 18:03:42,997 [INFO] Dashboard data written: /home/jwfalc/smarkets-bot/dashboard/dashboard_data.json
2026-05-29 18:03:43,078 [INFO] Period logs updated: 2026-05-29, 2026-W22, 2026-05, 2026-Q2
2026-05-29 18:03:43,079 [INFO] Run log: [2026-05-29 17:03 UTC] status=signal | platforms=betfair,matchbook | markets=708 | signals=2 | alerts=1 | movements=10 | consec_losses=0
2026-05-29 18:03:43,079 [INFO] Digest complete
Balance: £368.99 | Reserved: £178.00 | Available: £190.99
Logged paper trade: Next President of Colombia - LAY @ 62.5% (edge: 15.78pp) [betfair] | available now £187.99

1 new paper trade(s) logged
Distribution log updated: 1 new entries added
Total entries: 737
  near_certainty: 6 total, 5 resolved
  high_prob: 16 total, 7 resolved
  7-9pp: 212 total, 82 resolved
  10-11pp: 80 total, 35 resolved
  12pp+: 423 total, 317 resolved

REVIEW DUE: 7-9pp band has 82 resolved entries (threshold: 12)
  Run: python distribution_logger.py report
  Then run: prompts/prompt_review_v1.md

REVIEW DUE: 7-9pp band has 82 resolved entries (threshold: 12)
  Run: python distribution_logger.py report
  Then run: prompts/prompt_review_v1.md
EXIT_CODE:0
Sent
2026-05-29 18:03:46,055 [STATIC-DASH] Building dashboard data…
2026-05-29 18:03:47,193 [STATIC-DASH] Data collected: 209 trades, 56 signals, 708 markets
2026-05-29 18:03:47,478 [STATIC-DASH] Written: /home/jwfalc/smarkets-dashboard/index.html (3749KB)
2026-05-29 18:03:47 [DEPLOY] Starting dashboard deploy...
WARNING: could not find injection point in HTML
HTML written OK
2026-05-29 18:03:47 [DEPLOY] Static HTML built
[main 1cdae13] Deploy: 2026-05-29 18:03 UTC
 1 file changed, 1 insertion(+), 1 deletion(-)
To https://github.com/jwfalc-coder/smarkets-dashboard.git
   ed8f32c..1cdae13  main -> main
2026-05-29 18:03:47 [DEPLOY] Deploy complete: Deploy: 2026-05-29 18:03 UTC
