Sent
2026-06-12 06:00:02,641 [INFO] ============================================================
2026-06-12 06:00:02,641 [INFO] SCANNER RUN STARTED - BETFAIR
2026-06-12 06:00:02,641 [INFO] ============================================================
2026-06-12 06:00:03,041 [INFO] Cached Betfair session too old, re-logging in
2026-06-12 06:00:03,041 [INFO] Betfair login attempt 1/3
2026-06-12 06:00:03,191 [INFO] Betfair login successful
2026-06-12 06:00:03,365 [INFO] Catalogue: 100 markets for sport ID 1
2026-06-12 06:00:03,493 [INFO] Catalogue: 100 markets for sport ID 2
2026-06-12 06:00:03,606 [INFO] Catalogue: 100 markets for sport ID 7
2026-06-12 06:00:03,707 [INFO] Catalogue: 100 markets for sport ID 4
2026-06-12 06:00:03,790 [INFO] Catalogue: 0 markets for sport ID 2378961
2026-06-12 06:00:03,888 [INFO] Catalogue: 37 markets for sport ID 3
2026-06-12 06:00:04,070 [INFO] Catalogue: 77 markets for sport ID 7522
2026-06-12 06:00:04,176 [INFO] Catalogue: 9 markets for sport ID 6423
2026-06-12 06:00:04,176 [INFO] Betfair: fetching prices for 523 markets...
2026-06-12 06:00:08,676 [INFO] Betfair: enriching 523 markets with price data...
2026-06-12 06:00:08,682 [INFO] Betfair: enriched 50/523 markets, 4 tradeable so far
2026-06-12 06:00:08,686 [INFO] Betfair: enriched 100/523 markets, 11 tradeable so far
2026-06-12 06:00:08,688 [INFO] Betfair: enriched 150/523 markets, 15 tradeable so far
2026-06-12 06:00:08,690 [INFO] Betfair: enriched 200/523 markets, 18 tradeable so far
2026-06-12 06:00:08,696 [INFO] Betfair: enriched 250/523 markets, 26 tradeable so far
2026-06-12 06:00:08,704 [INFO] Betfair: enriched 300/523 markets, 33 tradeable so far
2026-06-12 06:00:08,706 [INFO] Betfair: enriched 350/523 markets, 39 tradeable so far
2026-06-12 06:00:08,709 [INFO] Betfair: enriched 400/523 markets, 44 tradeable so far
2026-06-12 06:00:08,746 [INFO] Betfair: enriched 450/523 markets, 70 tradeable so far
2026-06-12 06:00:08,798 [INFO] Betfair: enriched 500/523 markets, 75 tradeable so far
2026-06-12 06:00:08,831 [INFO] Betfair: enriched 523/523 markets, 79 tradeable so far
2026-06-12 06:00:08,831 [INFO] Betfair: 523 total markets, 79 above 100 GBP volume
2026-06-12 06:00:08,947 [INFO] Outrights: 21 markets for sport 1
2026-06-12 06:00:09,051 [INFO] Outrights: 11 markets for sport 3
2026-06-12 06:00:09,131 [INFO] Outrights: 1 markets for sport 2378961
2026-06-12 06:00:09,488 [INFO] Outrights: 31 markets above 25 GBP
2026-06-12 06:00:09,493 [INFO] Betfair: added 26 outright markets for cross-ref
2026-06-12 06:00:09,494 [INFO] betfair: 549 total, 105 above 100 GBP threshold
2026-06-12 06:00:09,688 [INFO] Snapshot written: /home/jwfalc/smarkets-bot/data/snapshots/betfair/2026-06-12_05-00.json
2026-06-12 06:00:09,790 [INFO] Market log updated (betfair)
2026-06-12 06:00:34,726 [INFO] Scanner complete for betfair. Snapshot: 2026-06-12_05-00.json
2026-06-12 06:00:35,041 [INFO] ============================================================
2026-06-12 06:00:35,042 [INFO] SCANNER RUN STARTED - MATCHBOOK
2026-06-12 06:00:35,042 [INFO] ============================================================
2026-06-12 06:00:35,385 [INFO] Matchbook login attempt 1/3
2026-06-12 06:00:35,543 [INFO] Matchbook login successful
2026-06-12 06:00:35,543 [INFO] Matchbook: fetching events with prices for 15 sports...
2026-06-12 06:00:35,647 [INFO] Matchbook: fetched page offset=0, 20 events (total so far: 20)
2026-06-12 06:00:35,878 [INFO] Matchbook: fetched page offset=20, 20 events (total so far: 40)
2026-06-12 06:00:36,110 [INFO] Matchbook: fetched page offset=40, 20 events (total so far: 60)
2026-06-12 06:00:36,392 [INFO] Matchbook: fetched page offset=60, 20 events (total so far: 80)
2026-06-12 06:00:36,681 [INFO] Matchbook: fetched page offset=80, 20 events (total so far: 100)
2026-06-12 06:00:37,019 [INFO] Matchbook: fetched page offset=100, 20 events (total so far: 120)
2026-06-12 06:00:37,329 [INFO] Matchbook: fetched page offset=120, 20 events (total so far: 140)
2026-06-12 06:00:37,670 [INFO] Matchbook: fetched page offset=140, 20 events (total so far: 160)
2026-06-12 06:00:37,927 [INFO] Matchbook: fetched page offset=160, 20 events (total so far: 180)
2026-06-12 06:00:38,150 [INFO] Matchbook: processing 180 events
2026-06-12 06:00:38,158 [INFO] Matchbook: processed 20/180 events, 166 markets so far
2026-06-12 06:00:38,160 [INFO] Matchbook: processed 40/180 events, 215 markets so far
2026-06-12 06:00:38,162 [INFO] Matchbook: processed 60/180 events, 278 markets so far
2026-06-12 06:00:38,173 [INFO] Matchbook: processed 80/180 events, 609 markets so far
2026-06-12 06:00:38,185 [INFO] Matchbook: processed 100/180 events, 958 markets so far
2026-06-12 06:00:38,201 [INFO] Matchbook: processed 120/180 events, 1353 markets so far
2026-06-12 06:00:38,220 [INFO] Matchbook: processed 140/180 events, 1831 markets so far
2026-06-12 06:00:38,239 [INFO] Matchbook: processed 160/180 events, 2228 markets so far
2026-06-12 06:00:38,246 [INFO] Matchbook: processed 180/180 events, 2274 markets so far
2026-06-12 06:00:38,247 [INFO] Matchbook: 2275 total markets, 351 above 25 GBP volume
2026-06-12 06:00:38,274 [INFO] matchbook: 2275 total, 351 above 25 GBP threshold
2026-06-12 06:00:38,431 [INFO] Snapshot written: /home/jwfalc/smarkets-bot/data/snapshots/matchbook/2026-06-12_05-00.json
2026-06-12 06:00:38,521 [INFO] Market log updated (matchbook)
2026-06-12 06:01:01,085 [INFO] Scanner complete for matchbook. Snapshot: 2026-06-12_05-00.json
2026-06-12 06:01:01,727 [RESEARCHER] Prior index loaded: 18 known runners
2026-06-12 06:01:01,772 [RESEARCHER] betfair: 105 tradeable markets from 2026-06-12_05-00.json
2026-06-12 06:01:01,773 [RESEARCHER] Market selection: 1 politics + 7 outrights + 8 other sports = 16 total (platforms: ['betfair'])
2026-06-12 06:01:01,773 [RESEARCHER] [1/16] Makerfield - Restore Britain Vote Percentage
2026-06-12 06:01:07,302 [RESEARCHER] [2/16] Winner
2026-06-12 06:01:14,392 [RESEARCHER]   Prior history injected for Portugal
2026-06-12 06:01:14,392 [RESEARCHER] [3/16] Winner
2026-06-12 06:01:23,147 [RESEARCHER]   Prior history injected for Tommy Fleetwood
2026-06-12 06:01:23,147 [RESEARCHER] [4/16] Winner
2026-06-12 06:01:31,563 [RESEARCHER]   Prior history injected for Scottie Scheffler
2026-06-12 06:01:31,563 [RESEARCHER]   Prior history injected for Xander Schauffele
2026-06-12 06:01:31,564 [RESEARCHER]   Prior history injected for Tommy Fleetwood
2026-06-12 06:01:31,564 [RESEARCHER] [5/16] Top 10 Finish
2026-06-12 06:01:33,403 [RESEARCHER]   Prior history injected for Tommy Fleetwood
2026-06-12 06:01:33,403 [RESEARCHER] [6/16] Top 20 Finish
2026-06-12 06:01:35,303 [RESEARCHER]   Prior history injected for Tommy Fleetwood
2026-06-12 06:01:35,304 [RESEARCHER] [7/16] Winner
2026-06-12 06:01:39,513 [RESEARCHER]   Prior history injected for Scottie Scheffler
2026-06-12 06:01:39,513 [RESEARCHER]   Prior history injected for Tommy Fleetwood
2026-06-12 06:01:39,514 [RESEARCHER]   Prior history injected for Xander Schauffele
2026-06-12 06:01:39,514 [RESEARCHER] [8/16] Winner
2026-06-12 06:01:46,811 [RESEARCHER] [9/16] NBA Championship Winner
2026-06-12 06:01:53,564 [RESEARCHER]   Prior history injected for New York Knicks
2026-06-12 06:01:53,565 [RESEARCHER] [10/16] FIFA Golden Ball
2026-06-12 06:02:01,086 [RESEARCHER] [11/16] Match Odds
2026-06-12 06:02:09,753 [RESEARCHER] [12/16] Winner 2026/27
2026-06-12 06:02:15,787 [RESEARCHER] [13/16] Match Odds
2026-06-12 06:02:24,020 [RESEARCHER] [14/16] Each Way 10 Places - 1/5 Odds
2026-06-12 06:02:25,983 [RESEARCHER]   Prior history injected for Tommy Fleetwood
2026-06-12 06:02:25,984 [RESEARCHER] [15/16] Winner 2026/27
2026-06-12 06:02:33,053 [RESEARCHER] [16/16] Winner 2026
2026-06-12 06:02:39,548 [RESEARCHER] Research brief written: 2026-06-12_05-02_brief.json
2026-06-12 06:02:39,549 [RESEARCHER] Markets: 16 | Errors: 0 | Credits used: 69
BRIEF_PATH:/home/jwfalc/smarkets-bot/data/research/2026-06-12_05-02_brief.json
2026-06-12 06:02:39,860 [ANALYZER] Loading research brief: 2026-06-12_05-02_brief.json
2026-06-12 06:02:40,040 [ANALYZER] Betfair cross-ref index: 3291 runners
2026-06-12 06:02:40,048 [ANALYZER] Analyzed 16 markets
2026-06-12 06:02:40,049 [ANALYZER] Found 7 signals (10pp+)
2026-06-12 06:02:40,049 [ANALYZER] Logged 11 distribution entries (7pp+)
2026-06-12 06:02:40,065 [ANALYZER] Research output written: 2026-06-12_05-02_research.json
2026-06-12 06:02:40,068 [ANALYZER] Appended 88 edge traces to edge_traces.json
RESEARCH_PATH:/home/jwfalc/smarkets-bot/data/research/2026-06-12_05-02_research.json
2026-06-12 06:02:40,631 [RESOLVE] Found 16 open trade(s) to check (paper_mode=True)
2026-06-12 06:02:40,700 [RESOLVE] Using cached Betfair session token
2026-06-12 06:02:40,700 [RESOLVE] Betfair: checking 12 open-trade markets
2026-06-12 06:02:53,238 [RESOLVE] Snapshot name lookup: found mappings for 12 markets
2026-06-12 06:02:53,424 [RESOLVE] Settled markets found: 0
2026-06-12 06:02:53,424 [RESOLVE] No open-trade markets have settled yet.
2026-06-12 06:02:54,048 [INFO] ============================================================
2026-06-12 06:02:54,048 [INFO] DIGEST RUN STARTED
2026-06-12 06:02:54,048 [INFO] ============================================================
2026-06-12 06:02:57,935 [INFO] Slip dedup: skipping Scottie Scheffler (BACK) — already open
2026-06-12 06:02:57,936 [INFO] Slip dedup: skipping France (BACK) — already open
2026-06-12 06:02:57,936 [INFO] Slip dedup: skipping Scottie Scheffler (BACK) — already open
2026-06-12 06:02:57,936 [INFO] Slip dedup: skipping Lamine Yamal (BACK) — already open
2026-06-12 06:02:57,936 [INFO] Slip dedup: skipping New York Knicks (BACK) — already open
2026-06-12 06:02:57,936 [INFO] Slip dedup: skipping England W (BACK) — already open
2026-06-12 06:02:57,942 [INFO] Sending batch slip: 1 signals
2026-06-12 06:03:08,080 [INFO] Telegram notification sent
2026-06-12 06:03:08,082 [INFO] Sent 7 Telegram signal alerts
2026-06-12 06:03:08,125 [INFO] Dashboard data written: /home/jwfalc/smarkets-bot/dashboard/dashboard_data.json
2026-06-12 06:03:08,215 [INFO] Period logs updated: 2026-06-12, 2026-W24, 2026-06, 2026-Q2
2026-06-12 06:03:08,216 [INFO] Run log: [2026-06-12 05:02 UTC] status=signal | platforms=betfair,matchbook | markets=456 | signals=7 | alerts=7 | movements=10 | consec_losses=0
2026-06-12 06:03:08,216 [INFO] Digest complete
Kelly balance: £91.96 | Reserved: £86.80 | Available: £5.16
Skipping (already open): Winner BACK
Skipping (already open): Winner BACK
Skipping (conflicting back in same market): Top 20 Finish
Skipping (already open): Winner BACK
Skipping (already open): NBA Championship Winner BACK
Skipping (already open): FIFA Golden Ball BACK
Skipping (already open): Match Odds BACK
No new paper trades to log
Distribution log updated: 11 new entries added
Total entries: 1105
  near_certainty: 11 total, 7 resolved
  high_prob: 32 total, 18 resolved
  7-9pp: 331 total, 109 resolved
  10-11pp: 176 total, 62 resolved
  12pp+: 555 total, 408 resolved

REVIEW DUE: 7-9pp band has 109 resolved entries (threshold: 12)
  Run: python distribution_logger.py report
  Then run: prompts/prompt_review_v1.md

REVIEW DUE: 7-9pp band has 109 resolved entries (threshold: 12)
  Run: python distribution_logger.py report
  Then run: prompts/prompt_review_v1.md
EXIT_CODE:0
Telegram connection error (attempt 1/3), retrying in 8s: ('Connection aborted.', ConnectionResetError(104, 'Connection reset by peer'))
Sent
2026-06-12 06:03:19,370 [STATIC-DASH] Building dashboard data…
2026-06-12 06:03:20,483 [STATIC-DASH] Data collected: 37 trades, 40 signals, 456 markets
2026-06-12 06:03:20,665 [STATIC-DASH] Written: /home/jwfalc/smarkets-dashboard/index.html (2418KB)
2026-06-12 06:03:20,680 [STATIC-DASH] Copied PWA asset: manifest.json
2026-06-12 06:03:20,681 [STATIC-DASH] Copied PWA asset: apple-touch-icon.png
2026-06-12 06:03:20,683 [STATIC-DASH] Copied PWA asset: icon-192.png
2026-06-12 06:03:20,686 [STATIC-DASH] Copied PWA asset: icon-512.png
2026-06-12 06:03:20 [DEPLOY] Starting dashboard deploy...
WARNING: could not find injection point in HTML
HTML written OK
2026-06-12 06:03:20 [DEPLOY] Static HTML built
[main a120b9a] Deploy: 2026-06-12 06:03 UTC
 1 file changed, 1 insertion(+), 1 deletion(-)
To https://github.com/jwfalc-coder/smarkets-dashboard.git
   c550d92..a120b9a  main -> main
2026-06-12 06:03:20 [DEPLOY] Deploy complete: Deploy: 2026-06-12 06:03 UTC
[main e4aff74] log: routine_2026-06-12_0600
 1 file changed, 175 insertions(+)
 create mode 100644 data/routine_logs/routine_2026-06-12_0600.log
From https://github.com/jwfalc-coder/betting-auditor
 * branch            main       -> FETCH_HEAD
Current branch main is up to date.
To https://github.com/jwfalc-coder/betting-auditor.git
   6e83f95..e4aff74  main -> main
