Sent
2026-06-03 18:00:02,475 [INFO] ============================================================
2026-06-03 18:00:02,475 [INFO] SCANNER RUN STARTED - BETFAIR
2026-06-03 18:00:02,475 [INFO] ============================================================
2026-06-03 18:00:02,872 [INFO] Cached Betfair session too old, re-logging in
2026-06-03 18:00:02,872 [INFO] Betfair login attempt 1/3
2026-06-03 18:00:03,028 [INFO] Betfair login successful
2026-06-03 18:00:03,171 [INFO] Catalogue: 100 markets for sport ID 1
2026-06-03 18:00:03,291 [INFO] Catalogue: 100 markets for sport ID 2
2026-06-03 18:00:03,409 [INFO] Catalogue: 100 markets for sport ID 7
2026-06-03 18:00:03,531 [INFO] Catalogue: 100 markets for sport ID 4
2026-06-03 18:00:03,608 [INFO] Catalogue: 0 markets for sport ID 2378961
2026-06-03 18:00:03,733 [INFO] Catalogue: 78 markets for sport ID 3
2026-06-03 18:00:03,936 [INFO] Catalogue: 89 markets for sport ID 7522
2026-06-03 18:00:04,017 [INFO] Catalogue: 0 markets for sport ID 6423
2026-06-03 18:00:04,017 [INFO] Betfair: fetching prices for 567 markets...
2026-06-03 18:00:09,102 [INFO] Betfair: enriching 567 markets with price data...
2026-06-03 18:00:09,110 [INFO] Betfair: enriched 50/567 markets, 10 tradeable so far
2026-06-03 18:00:09,120 [INFO] Betfair: enriched 100/567 markets, 21 tradeable so far
2026-06-03 18:00:09,125 [INFO] Betfair: enriched 150/567 markets, 25 tradeable so far
2026-06-03 18:00:09,128 [INFO] Betfair: enriched 200/567 markets, 27 tradeable so far
2026-06-03 18:00:09,137 [INFO] Betfair: enriched 250/567 markets, 52 tradeable so far
2026-06-03 18:00:09,147 [INFO] Betfair: enriched 300/567 markets, 71 tradeable so far
2026-06-03 18:00:09,152 [INFO] Betfair: enriched 350/567 markets, 81 tradeable so far
2026-06-03 18:00:09,156 [INFO] Betfair: enriched 400/567 markets, 83 tradeable so far
2026-06-03 18:00:09,191 [INFO] Betfair: enriched 450/567 markets, 128 tradeable so far
2026-06-03 18:00:09,224 [INFO] Betfair: enriched 500/567 markets, 160 tradeable so far
2026-06-03 18:00:09,274 [INFO] Betfair: enriched 550/567 markets, 172 tradeable so far
2026-06-03 18:00:09,302 [INFO] Betfair: enriched 567/567 markets, 172 tradeable so far
2026-06-03 18:00:09,302 [INFO] Betfair: 567 total markets, 172 above 100 GBP volume
2026-06-03 18:00:09,422 [INFO] Outrights: 21 markets for sport 1
2026-06-03 18:00:09,516 [INFO] Outrights: 17 markets for sport 3
2026-06-03 18:00:09,588 [INFO] Outrights: 1 markets for sport 2378961
2026-06-03 18:00:09,979 [INFO] Outrights: 37 markets above 25 GBP
2026-06-03 18:00:09,986 [INFO] Betfair: added 26 outright markets for cross-ref
2026-06-03 18:00:09,987 [INFO] betfair: 593 total, 198 above 100 GBP threshold
2026-06-03 18:00:10,402 [INFO] Snapshot written: /home/jwfalc/smarkets-bot/data/snapshots/betfair/2026-06-03_17-00.json
2026-06-03 18:00:10,615 [INFO] Market log updated (betfair)
2026-06-03 18:00:35,539 [INFO] Scanner complete for betfair. Snapshot: 2026-06-03_17-00.json
2026-06-03 18:00:35,855 [INFO] ============================================================
2026-06-03 18:00:35,856 [INFO] SCANNER RUN STARTED - MATCHBOOK
2026-06-03 18:00:35,856 [INFO] ============================================================
2026-06-03 18:00:36,199 [INFO] Matchbook login attempt 1/3
2026-06-03 18:00:36,359 [INFO] Matchbook login successful
2026-06-03 18:00:36,359 [INFO] Matchbook: fetching events with prices for 15 sports...
2026-06-03 18:00:36,458 [INFO] Matchbook: fetched page offset=0, 20 events (total so far: 20)
2026-06-03 18:00:36,768 [INFO] Matchbook: fetched page offset=20, 20 events (total so far: 40)
2026-06-03 18:00:37,038 [INFO] Matchbook: fetched page offset=40, 20 events (total so far: 60)
2026-06-03 18:00:37,267 [INFO] Matchbook: fetched page offset=60, 20 events (total so far: 80)
2026-06-03 18:00:37,495 [INFO] Matchbook: fetched page offset=80, 20 events (total so far: 100)
2026-06-03 18:00:37,769 [INFO] Matchbook: fetched page offset=100, 20 events (total so far: 120)
2026-06-03 18:00:37,999 [INFO] Matchbook: fetched page offset=120, 20 events (total so far: 140)
2026-06-03 18:00:38,230 [INFO] Matchbook: fetched page offset=140, 20 events (total so far: 160)
2026-06-03 18:00:38,495 [INFO] Matchbook: fetched page offset=160, 20 events (total so far: 180)
2026-06-03 18:00:38,769 [INFO] Matchbook: fetched page offset=180, 20 events (total so far: 200)
2026-06-03 18:00:39,023 [INFO] Matchbook: fetched page offset=200, 20 events (total so far: 220)
2026-06-03 18:00:39,292 [INFO] Matchbook: fetched page offset=220, 17 events (total so far: 237)
2026-06-03 18:00:39,292 [INFO] Matchbook: processing 237 events
2026-06-03 18:00:39,299 [INFO] Matchbook: processed 20/237 events, 115 markets so far
2026-06-03 18:00:39,322 [INFO] Matchbook: processed 40/237 events, 598 markets so far
2026-06-03 18:00:39,334 [INFO] Matchbook: processed 60/237 events, 683 markets so far
2026-06-03 18:00:39,336 [INFO] Matchbook: processed 80/237 events, 711 markets so far
2026-06-03 18:00:39,338 [INFO] Matchbook: processed 100/237 events, 746 markets so far
2026-06-03 18:00:39,346 [INFO] Matchbook: processed 120/237 events, 800 markets so far
2026-06-03 18:00:39,348 [INFO] Matchbook: processed 140/237 events, 820 markets so far
2026-06-03 18:00:39,349 [INFO] Matchbook: processed 160/237 events, 840 markets so far
2026-06-03 18:00:39,359 [INFO] Matchbook: processed 180/237 events, 1045 markets so far
2026-06-03 18:00:39,373 [INFO] Matchbook: processed 200/237 events, 1212 markets so far
2026-06-03 18:00:39,380 [INFO] Matchbook: processed 220/237 events, 1271 markets so far
2026-06-03 18:00:39,384 [INFO] Matchbook: processed 237/237 events, 1316 markets so far
2026-06-03 18:00:39,385 [INFO] Matchbook: 1317 total markets, 318 above 25 GBP volume
2026-06-03 18:00:39,403 [INFO] matchbook: 1317 total, 318 above 25 GBP threshold
2026-06-03 18:00:39,567 [INFO] Snapshot written: /home/jwfalc/smarkets-bot/data/snapshots/matchbook/2026-06-03_17-00.json
2026-06-03 18:00:39,652 [INFO] Market log updated (matchbook)
2026-06-03 18:01:05,372 [INFO] Scanner complete for matchbook. Snapshot: 2026-06-03_17-00.json
2026-06-03 18:01:06,019 [RESEARCHER] Prior index loaded: 105 known runners
2026-06-03 18:01:06,101 [RESEARCHER] betfair: 198 tradeable markets from 2026-06-03_17-00.json
2026-06-03 18:01:06,102 [RESEARCHER] Market selection: 1 politics + 7 outrights + 8 other sports = 16 total (platforms: ['betfair'])
2026-06-03 18:01:06,103 [RESEARCHER] [1/16] Makerfield - Restore Britain Vote Percentage
2026-06-03 18:01:12,304 [RESEARCHER] [2/16] Winner
2026-06-03 18:01:19,452 [RESEARCHER] [3/16] Winner
2026-06-03 18:01:28,782 [RESEARCHER]   Prior history injected for Scottie Scheffler
2026-06-03 18:01:28,783 [RESEARCHER]   Prior history injected for Ludvig Aberg
2026-06-03 18:01:28,784 [RESEARCHER]   Prior history injected for Rory McIlroy
2026-06-03 18:01:28,784 [RESEARCHER]   Prior history injected for Cameron Young
2026-06-03 18:01:28,784 [RESEARCHER]   Prior history injected for Xander Schauffele
2026-06-03 18:01:28,785 [RESEARCHER]   Prior history injected for Si Woo Kim
2026-06-03 18:01:28,785 [RESEARCHER] [4/16] Winner
2026-06-03 18:01:40,415 [RESEARCHER]   Prior history injected for Daniel Hillier
2026-06-03 18:01:40,416 [RESEARCHER]   Prior history injected for Jacob Skov Olesen
2026-06-03 18:01:40,416 [RESEARCHER] [5/16] Winner
2026-06-03 18:01:45,194 [RESEARCHER]   Prior history injected for Scottie Scheffler
2026-06-03 18:01:45,195 [RESEARCHER]   Prior history injected for Rory McIlroy
2026-06-03 18:01:45,195 [RESEARCHER]   Prior history injected for Jon Rahm
2026-06-03 18:01:45,195 [RESEARCHER]   Prior history injected for Cameron Young
2026-06-03 18:01:45,196 [RESEARCHER]   Prior history injected for Ludvig Aberg
2026-06-03 18:01:45,196 [RESEARCHER]   Prior history injected for Xander Schauffele
2026-06-03 18:01:45,196 [RESEARCHER] [6/16] Winner
2026-06-03 18:01:50,047 [RESEARCHER]   Prior history injected for Scottie Scheffler
2026-06-03 18:01:50,048 [RESEARCHER]   Prior history injected for Rory McIlroy
2026-06-03 18:01:50,048 [RESEARCHER]   Prior history injected for Jon Rahm
2026-06-03 18:01:50,048 [RESEARCHER]   Prior history injected for Xander Schauffele
2026-06-03 18:01:50,049 [RESEARCHER]   Prior history injected for Cameron Young
2026-06-03 18:01:50,049 [RESEARCHER] [7/16] Winner
2026-06-03 18:01:58,302 [RESEARCHER]   Prior history injected for Jon Rahm
2026-06-03 18:01:58,303 [RESEARCHER]   Prior history injected for Bryson DeChambeau
2026-06-03 18:01:58,303 [RESEARCHER] [8/16] Top 10 Finish
2026-06-03 18:02:00,200 [RESEARCHER]   Prior history injected for Scottie Scheffler
2026-06-03 18:02:00,201 [RESEARCHER]   Prior history injected for Ludvig Aberg
2026-06-03 18:02:00,201 [RESEARCHER]   Prior history injected for Rory McIlroy
2026-06-03 18:02:00,201 [RESEARCHER]   Prior history injected for Cameron Young
2026-06-03 18:02:00,202 [RESEARCHER]   Prior history injected for Xander Schauffele
2026-06-03 18:02:00,202 [RESEARCHER]   Prior history injected for Si Woo Kim
2026-06-03 18:02:00,202 [RESEARCHER] [9/16] NBA Championship Winner
2026-06-03 18:02:10,110 [RESEARCHER]   Prior history injected for San Antonio Spurs
2026-06-03 18:02:10,111 [RESEARCHER]   Prior history injected for Sacramento Kings
2026-06-03 18:02:10,111 [RESEARCHER] [10/16] Match Odds
2026-06-03 18:02:18,190 [RESEARCHER]   Prior history injected for The Draw
2026-06-03 18:02:18,190 [RESEARCHER] [11/16] Moneyline
2026-06-03 18:02:26,018 [RESEARCHER]   Prior history injected for San Antonio Spurs
2026-06-03 18:02:26,018 [RESEARCHER] [12/16] Moneyline
2026-06-03 18:02:33,430 [RESEARCHER] [13/16] 1m3f Mdn Stks
2026-06-03 18:02:39,299 [RESEARCHER] [14/16] 2m Mdn Hrd
2026-06-03 18:02:44,934 [RESEARCHER] [15/16] Winner 2026/27
2026-06-03 18:02:51,878 [RESEARCHER]   Prior history injected for Arsenal
2026-06-03 18:02:51,878 [RESEARCHER]   Prior history injected for Man City
2026-06-03 18:02:51,879 [RESEARCHER]   Prior history injected for Liverpool
2026-06-03 18:02:51,879 [RESEARCHER]   Prior history injected for Chelsea
2026-06-03 18:02:51,880 [RESEARCHER]   Prior history injected for Aston Villa
2026-06-03 18:02:51,880 [RESEARCHER] [16/16] 6f Mdn
2026-06-03 18:02:57,685 [RESEARCHER] Research brief written: 2026-06-03_17-02_brief.json
2026-06-03 18:02:57,686 [RESEARCHER] Markets: 16 | Errors: 0 | Credits used: 66
BRIEF_PATH:/home/jwfalc/smarkets-bot/data/research/2026-06-03_17-02_brief.json
2026-06-03 18:02:57,999 [ANALYZER] Loading research brief: 2026-06-03_17-02_brief.json
2026-06-03 18:02:58,308 [ANALYZER] Betfair cross-ref index: 5369 runners
2026-06-03 18:02:58,316 [ANALYZER] Analyzed 16 markets
2026-06-03 18:02:58,316 [ANALYZER] Found 10 signals (10pp+)
2026-06-03 18:02:58,316 [ANALYZER] Logged 15 distribution entries (7pp+)
2026-06-03 18:02:58,333 [ANALYZER] Research output written: 2026-06-03_17-02_research.json
2026-06-03 18:02:58,336 [ANALYZER] Appended 83 edge traces to edge_traces.json
RESEARCH_PATH:/home/jwfalc/smarkets-bot/data/research/2026-06-03_17-02_research.json
2026-06-03 18:02:58,905 [RESOLVE] Found 14 open trade(s) to check (paper_mode=True)
2026-06-03 18:02:58,973 [RESOLVE] Using cached Betfair session token
2026-06-03 18:02:58,974 [RESOLVE] Betfair: checking 13 open-trade markets
2026-06-03 18:03:08,829 [RESOLVE] Snapshot name lookup: found mappings for 13 markets
2026-06-03 18:03:09,049 [RESOLVE] Betfair settled: market=1.258820927 winner=Philippines (5063534)
2026-06-03 18:03:09,050 [RESOLVE] Settled markets found: 1
2026-06-03 18:03:09,145 [RESOLVE]   [betfair] Match Odds | WIN | P&L: +0.13 | Selection: Philippines | Winner: Philippines
2026-06-03 18:03:09,145 [RESOLVE] Resolution alert: Match Odds pnl=+0.13
2026-06-03 18:03:09,268 [RESOLVE] Telegram notification sent
2026-06-03 18:03:09,294 [RESOLVE] Auto-resolved 1 trade(s). Running P&L: +331.27 | W/L: 130/79 | ROI: 35.43%
2026-06-03 18:03:09,920 [INFO] ============================================================
2026-06-03 18:03:09,921 [INFO] DIGEST RUN STARTED
2026-06-03 18:03:09,921 [INFO] ============================================================
2026-06-03 18:03:14,303 [INFO] Sending signal alert: Top 10 Finish edge=24.66pp
2026-06-03 18:03:14,410 [INFO] Telegram notification sent
2026-06-03 18:03:14,411 [INFO] Sending signal alert: Top 10 Finish edge=15.69pp
2026-06-03 18:03:14,520 [INFO] Telegram notification sent
2026-06-03 18:03:14,521 [INFO] Sent 2 Telegram signal alerts
2026-06-03 18:03:14,565 [INFO] Dashboard data written: /home/jwfalc/smarkets-bot/dashboard/dashboard_data.json
2026-06-03 18:03:14,622 [INFO] Period logs updated: 2026-06-03, 2026-W23, 2026-06, 2026-Q2
2026-06-03 18:03:14,622 [INFO] Run log: [2026-06-03 17:03 UTC] status=signal | platforms=betfair,matchbook | markets=516 | signals=10 | alerts=2 | movements=10 | consec_losses=0
2026-06-03 18:03:14,623 [INFO] Digest complete
Balance: £431.27 | Reserved: £43.10 | Available: £388.17
Reduced stake: Winner edge 13.1pp < 15.0pp → £3.15 (63%)
Skipping (already open): Winner BACK
Logged paper trade: Top 10 Finish - LAY @ 68.03% (edge: 24.66pp) [betfair] | available now £385.82
Logged paper trade: Top 10 Finish - LAY @ 36.5% (edge: 14.54pp) [betfair] | available now £377.12
Logged paper trade: Top 10 Finish - LAY @ 38.76% (edge: 15.69pp) [betfair] | available now £369.22
Reduced stake: Top 10 Finish edge 11.7pp < 12pp → £4.35 (87%)
Logged paper trade: Top 10 Finish - LAY @ 30.77% (edge: 11.73pp) [betfair] | available now £359.43
Logged paper trade: Top 10 Finish - LAY @ 31.75% (edge: 12.2pp) [betfair] | available now £348.68
Logged paper trade: Top 10 Finish - LAY @ 32.26% (edge: 12.45pp) [betfair] | available now £338.18
Reduced stake: Moneyline edge 8.5pp < 12pp → £3.50 (70%)
Logged paper trade: Moneyline - BACK @ 75.76% (edge: 8.5pp) [betfair] | available now £334.68
Reduced stake: 2m Mdn Hrd edge 6.8pp < 12pp → £1.75 (35%)
Logged paper trade: 2m Mdn Hrd - BACK @ 80.65% (edge: 6.77pp) [betfair] | available now £332.93
Reduced stake: Winner 2026/27 edge 12.2pp < 15.0pp → £2.15 (43%)
Skipping (already open): Winner 2026/27 BACK

8 new paper trade(s) logged
Distribution log updated: 10 new entries added
Total entries: 869
  near_certainty: 7 total, 6 resolved
  high_prob: 20 total, 9 resolved
  7-9pp: 258 total, 98 resolved
  10-11pp: 112 total, 46 resolved
  12pp+: 472 total, 360 resolved

REVIEW DUE: 7-9pp band has 98 resolved entries (threshold: 12)
  Run: python distribution_logger.py report
  Then run: prompts/prompt_review_v1.md

REVIEW DUE: 7-9pp band has 98 resolved entries (threshold: 12)
  Run: python distribution_logger.py report
  Then run: prompts/prompt_review_v1.md
EXIT_CODE:0
Sent
2026-06-03 18:03:17,627 [STATIC-DASH] Building dashboard data…
2026-06-03 18:03:18,789 [STATIC-DASH] Data collected: 231 trades, 39 signals, 516 markets
2026-06-03 18:03:19,047 [STATIC-DASH] Written: /home/jwfalc/smarkets-dashboard/index.html (3455KB)
2026-06-03 18:03:19 [DEPLOY] Starting dashboard deploy...
WARNING: could not find injection point in HTML
HTML written OK
2026-06-03 18:03:19 [DEPLOY] Static HTML built
[main d01e8ae] Deploy: 2026-06-03 18:03 UTC
 1 file changed, 1 insertion(+), 1 deletion(-)
To https://github.com/jwfalc-coder/smarkets-dashboard.git
   45689e7..d01e8ae  main -> main
2026-06-03 18:03:19 [DEPLOY] Deploy complete: Deploy: 2026-06-03 18:03 UTC
