Sent
2026-05-12 13:12:04,338 [INFO] ============================================================
2026-05-12 13:12:04,339 [INFO] SCANNER RUN STARTED - BETFAIR
2026-05-12 13:12:04,339 [INFO] ============================================================
2026-05-12 13:12:04,735 [INFO] Cached Betfair session too old, re-logging in
2026-05-12 13:12:04,735 [INFO] Betfair login attempt 1/3
2026-05-12 13:12:04,890 [INFO] Betfair login successful
2026-05-12 13:12:05,028 [INFO] Catalogue: 100 markets for sport ID 1
2026-05-12 13:12:05,195 [INFO] Catalogue: 100 markets for sport ID 2
2026-05-12 13:12:05,313 [INFO] Catalogue: 100 markets for sport ID 7
2026-05-12 13:12:05,431 [INFO] Catalogue: 100 markets for sport ID 4
2026-05-12 13:12:05,509 [INFO] Catalogue: 3 markets for sport ID 2378961
2026-05-12 13:12:05,611 [INFO] Catalogue: 19 markets for sport ID 3
2026-05-12 13:12:05,853 [INFO] Catalogue: 100 markets for sport ID 7522
2026-05-12 13:12:05,926 [INFO] Catalogue: 0 markets for sport ID 6423
2026-05-12 13:12:05,927 [INFO] Betfair: fetching prices for 522 markets...
2026-05-12 13:12:10,631 [INFO] Betfair: enriching 522 markets with price data...
2026-05-12 13:12:10,637 [INFO] Betfair: enriched 50/522 markets, 15 tradeable so far
2026-05-12 13:12:10,641 [INFO] Betfair: enriched 100/522 markets, 17 tradeable so far
2026-05-12 13:12:10,644 [INFO] Betfair: enriched 150/522 markets, 18 tradeable so far
2026-05-12 13:12:10,647 [INFO] Betfair: enriched 200/522 markets, 20 tradeable so far
2026-05-12 13:12:10,652 [INFO] Betfair: enriched 250/522 markets, 42 tradeable so far
2026-05-12 13:12:10,658 [INFO] Betfair: enriched 300/522 markets, 64 tradeable so far
2026-05-12 13:12:10,662 [INFO] Betfair: enriched 350/522 markets, 74 tradeable so far
2026-05-12 13:12:10,694 [INFO] Betfair: enriched 400/522 markets, 76 tradeable so far
2026-05-12 13:12:10,757 [INFO] Betfair: enriched 450/522 markets, 91 tradeable so far
2026-05-12 13:12:10,816 [INFO] Betfair: enriched 500/522 markets, 102 tradeable so far
2026-05-12 13:12:10,841 [INFO] Betfair: enriched 522/522 markets, 102 tradeable so far
2026-05-12 13:12:10,841 [INFO] Betfair: 522 total markets, 102 above 100 GBP volume
2026-05-12 13:12:10,877 [INFO] betfair: 522 total, 102 above 100 GBP threshold
2026-05-12 13:12:11,200 [INFO] Snapshot written: /home/jwfalc/smarkets-bot/data/snapshots/betfair/2026-05-12_12-12.json
2026-05-12 13:12:11,342 [INFO] Market log updated (betfair)
2026-05-12 13:12:41,957 [INFO] Scanner complete for betfair. Snapshot: 2026-05-12_12-12.json
2026-05-12 13:12:42,420 [INFO] ============================================================
2026-05-12 13:12:42,420 [INFO] SCANNER RUN STARTED - MATCHBOOK
2026-05-12 13:12:42,421 [INFO] ============================================================
2026-05-12 13:12:42,900 [INFO] Matchbook login attempt 1/3
2026-05-12 13:12:43,072 [INFO] Matchbook login successful
2026-05-12 13:12:43,073 [INFO] Matchbook: fetching events with prices for 15 sports...
2026-05-12 13:12:43,166 [INFO] Matchbook: fetched page offset=0, 20 events (total so far: 20)
2026-05-12 13:12:43,414 [INFO] Matchbook: fetched page offset=20, 20 events (total so far: 40)
2026-05-12 13:12:43,701 [INFO] Matchbook: fetched page offset=40, 20 events (total so far: 60)
2026-05-12 13:12:44,021 [INFO] Matchbook: fetched page offset=60, 20 events (total so far: 80)
2026-05-12 13:12:44,389 [INFO] Matchbook: fetched page offset=80, 20 events (total so far: 100)
2026-05-12 13:12:44,753 [INFO] Matchbook: fetched page offset=100, 20 events (total so far: 120)
2026-05-12 13:12:45,115 [INFO] Matchbook: fetched page offset=120, 20 events (total so far: 140)
2026-05-12 13:12:45,420 [INFO] Matchbook: fetched page offset=140, 20 events (total so far: 160)
2026-05-12 13:12:45,805 [INFO] Matchbook: fetched page offset=160, 20 events (total so far: 180)
2026-05-12 13:12:46,182 [INFO] Matchbook: fetched page offset=180, 20 events (total so far: 200)
2026-05-12 13:12:46,517 [INFO] Matchbook: fetched page offset=200, 20 events (total so far: 220)
2026-05-12 13:12:46,869 [INFO] Matchbook: fetched page offset=220, 20 events (total so far: 240)
2026-05-12 13:12:47,202 [INFO] Matchbook: fetched page offset=240, 20 events (total so far: 260)
2026-05-12 13:12:47,586 [INFO] Matchbook: fetched page offset=260, 20 events (total so far: 280)
2026-05-12 13:12:47,875 [INFO] Matchbook: fetched page offset=280, 20 events (total so far: 300)
2026-05-12 13:12:48,120 [INFO] Matchbook: fetched page offset=300, 14 events (total so far: 314)
2026-05-12 13:12:48,120 [INFO] Matchbook: processing 314 events
2026-05-12 13:12:48,122 [INFO] Matchbook: processed 20/314 events, 55 markets so far
2026-05-12 13:12:48,129 [INFO] Matchbook: processed 40/314 events, 149 markets so far
2026-05-12 13:12:48,139 [INFO] Matchbook: processed 60/314 events, 399 markets so far
2026-05-12 13:12:48,266 [INFO] Matchbook: processed 80/314 events, 726 markets so far
2026-05-12 13:12:48,288 [INFO] Matchbook: processed 100/314 events, 1231 markets so far
2026-05-12 13:12:48,313 [INFO] Matchbook: processed 120/314 events, 1862 markets so far
2026-05-12 13:12:48,340 [INFO] Matchbook: processed 140/314 events, 2476 markets so far
2026-05-12 13:12:48,356 [INFO] Matchbook: processed 160/314 events, 2902 markets so far
2026-05-12 13:12:48,387 [INFO] Matchbook: processed 180/314 events, 3596 markets so far
2026-05-12 13:12:48,415 [INFO] Matchbook: processed 200/314 events, 4304 markets so far
2026-05-12 13:12:48,433 [INFO] Matchbook: processed 220/314 events, 4568 markets so far
2026-05-12 13:12:48,457 [INFO] Matchbook: processed 240/314 events, 5124 markets so far
2026-05-12 13:12:48,499 [INFO] Matchbook: processed 260/314 events, 5769 markets so far
2026-05-12 13:12:48,529 [INFO] Matchbook: processed 280/314 events, 6519 markets so far
2026-05-12 13:12:48,541 [INFO] Matchbook: processed 300/314 events, 6786 markets so far
2026-05-12 13:12:48,544 [INFO] Matchbook: processed 314/314 events, 6800 markets so far
2026-05-12 13:12:48,545 [INFO] Matchbook: 6801 total markets, 523 above 25 GBP volume
2026-05-12 13:12:48,633 [INFO] matchbook: 6801 total, 523 above 25 GBP threshold
2026-05-12 13:12:48,878 [INFO] Snapshot written: /home/jwfalc/smarkets-bot/data/snapshots/matchbook/2026-05-12_12-12.json
2026-05-12 13:12:49,003 [INFO] Market log updated (matchbook)
2026-05-12 13:13:21,225 [INFO] Scanner complete for matchbook. Snapshot: 2026-05-12_12-12.json
2026-05-12 13:13:22,270 [RESEARCHER] matchbook: 347 tradeable markets from 2026-05-12_12-12.json
2026-05-12 13:13:22,272 [RESEARCHER] Market selection: 0 politics/current-affairs + 15 matchbook-sports + 0 betfair-sports = 15 total
2026-05-12 13:13:22,272 [RESEARCHER] [1/15] Winner
2026-05-12 13:13:26,405 [RESEARCHER] [2/15] Winner
2026-05-12 13:13:30,011 [RESEARCHER] [3/15] Winner
2026-05-12 13:13:33,626 [RESEARCHER] [4/15] To Be Relegated
2026-05-12 13:13:37,815 [RESEARCHER] [5/15] Winner
2026-05-12 13:13:41,431 [RESEARCHER] [6/15] Match Odds
2026-05-12 13:13:45,313 [RESEARCHER] [7/15] Top 4 Finish
2026-05-12 13:13:49,463 [RESEARCHER] [8/15] Correct Score
2026-05-12 13:13:52,804 [RESEARCHER] [9/15] Winner
2026-05-12 13:13:56,848 [RESEARCHER] [10/15] Top 6 Finish
2026-05-12 13:14:00,382 [RESEARCHER] [11/15] Moneyline
2026-05-12 13:14:03,565 [RESEARCHER] [12/15] Match Odds
2026-05-12 13:14:07,631 [RESEARCHER] [13/15] Match Odds
2026-05-12 13:14:11,538 [RESEARCHER] [14/15] Match Odds
2026-05-12 13:14:15,318 [RESEARCHER] [15/15] Moneyline
2026-05-12 13:14:18,968 [RESEARCHER] Research brief written: 2026-05-12_12-14_brief.json
2026-05-12 13:14:18,968 [RESEARCHER] Markets: 15 | Errors: 0 | Credits used: 30
BRIEF_PATH:/home/jwfalc/smarkets-bot/data/research/2026-05-12_12-14_brief.json
2026-05-12 13:14:19,356 [ANALYZER] Loading research brief: 2026-05-12_12-14_brief.json
2026-05-12 13:14:19,464 [ANALYZER] Analyzed 15 markets
2026-05-12 13:14:19,464 [ANALYZER] Found 6 signals (10pp+)
2026-05-12 13:14:19,464 [ANALYZER] Logged 13 distribution entries (7pp+)
2026-05-12 13:14:19,479 [ANALYZER] Research output written: 2026-05-12_12-14_research.json
RESEARCH_PATH:/home/jwfalc/smarkets-bot/data/research/2026-05-12_12-14_research.json
2026-05-12 13:14:20,233 [RESOLVE] Found 20 open trade(s) to check (paper_mode=True)
2026-05-12 13:14:20,238 [RESOLVE] Using cached Matchbook session token
2026-05-12 13:14:20,238 [RESOLVE] Matchbook: checking 5 open-trade markets against settled events
/home/jwfalc/smarkets-bot/scripts/check_resolutions.py:305: DeprecationWarning: datetime.datetime.utcnow() is deprecated and scheduled for removal in a future version. Use timezone-aware objects to represent datetimes in UTC: datetime.datetime.now(datetime.UTC).
  cutoff = datetime.datetime.utcnow() - datetime.timedelta(days=30)
2026-05-12 13:14:30,033 [RESOLVE] Settled markets found: 0
2026-05-12 13:14:30,034 [RESOLVE] No open-trade markets have settled yet.
2026-05-12 13:14:30,970 [INFO] ============================================================
2026-05-12 13:14:30,971 [INFO] DIGEST RUN STARTED
2026-05-12 13:14:30,971 [INFO] ============================================================
2026-05-12 13:14:36,447 [INFO] Dashboard data written: /home/jwfalc/smarkets-bot/dashboard/dashboard_data.json
2026-05-12 13:14:36,506 [INFO] Period logs updated: 2026-05-12, 2026-W20, 2026-05, 2026-Q2
2026-05-12 13:14:36,508 [INFO] Run log: [2026-05-12 12:14 UTC] status=signal | platforms=betfair,matchbook | markets=625 | signals=6 | alerts=0 | movements=10 | consec_losses=0
2026-05-12 13:14:36,509 [INFO] Digest complete
Balance: £209.18 | Reserved: £158.46 | Available: £50.72
Logged paper trade: Top 6 Finish - LAY @ 54.05% (edge: 26.68pp) [matchbook] | available now £46.47
Logged paper trade: Top 6 Finish - LAY @ 43.1% (edge: 21.28pp) [matchbook] | available now £39.87
Logged paper trade: Match Odds - BACK @ 60.98% (edge: 12.43pp) [matchbook] | available now £34.87
Logged paper trade: Match Odds - BACK @ 45.87% (edge: 12.69pp) [matchbook] | available now £29.87
Logged paper trade: Match Odds - BACK @ 27.4% (edge: 12.82pp) [matchbook] | available now £24.87

5 new paper trade(s) logged
Distribution log updated: 4 new entries added
Total entries: 499
  7-9pp: 119 total, 18 resolved
  10-11pp: 61 total, 37 resolved
  12pp+: 319 total, 169 resolved

REVIEW DUE: 7-9pp band has 18 resolved entries (threshold: 12)
  Run: python distribution_logger.py report
  Then run: prompts/prompt_review_v1.md

REVIEW DUE: 7-9pp band has 18 resolved entries (threshold: 12)
  Run: python distribution_logger.py report
  Then run: prompts/prompt_review_v1.md
EXIT_CODE:0
Sent
2026-05-12 13:14:40 [DEPLOY] Starting dashboard deploy...
HTML written OK
2026-05-12 13:14:40 [DEPLOY] Static HTML built
[main f9a5902] Deploy: 2026-05-12 13:14 UTC
 1 file changed, 1 insertion(+), 1 deletion(-)
To https://github.com/jwfalc-coder/smarkets-dashboard.git
   6cb1b3e..f9a5902  main -> main
2026-05-12 13:14:40 [DEPLOY] Deploy complete: Deploy: 2026-05-12 13:14 UTC
