Sent
2026-06-01 23:00:02,542 [INFO] ============================================================
2026-06-01 23:00:02,543 [INFO] SCANNER RUN STARTED - BETFAIR
2026-06-01 23:00:02,543 [INFO] ============================================================
2026-06-01 23:00:02,939 [INFO] Cached Betfair session too old, re-logging in
2026-06-01 23:00:02,939 [INFO] Betfair login attempt 1/3
2026-06-01 23:00:03,088 [INFO] Betfair login successful
2026-06-01 23:00:03,240 [INFO] Catalogue: 100 markets for sport ID 1
2026-06-01 23:00:03,348 [INFO] Catalogue: 100 markets for sport ID 2
2026-06-01 23:00:03,469 [INFO] Catalogue: 100 markets for sport ID 7
2026-06-01 23:00:03,585 [INFO] Catalogue: 100 markets for sport ID 4
2026-06-01 23:00:03,682 [INFO] Catalogue: 2 markets for sport ID 2378961
2026-06-01 23:00:03,779 [INFO] Catalogue: 6 markets for sport ID 3
2026-06-01 23:00:03,987 [INFO] Catalogue: 81 markets for sport ID 7522
2026-06-01 23:00:04,055 [INFO] Catalogue: 0 markets for sport ID 6423
2026-06-01 23:00:04,055 [INFO] Betfair: fetching prices for 489 markets...
2026-06-01 23:00:08,199 [INFO] Betfair: enriching 489 markets with price data...
2026-06-01 23:00:08,209 [INFO] Betfair: enriched 50/489 markets, 13 tradeable so far
2026-06-01 23:00:08,217 [INFO] Betfair: enriched 100/489 markets, 31 tradeable so far
2026-06-01 23:00:08,220 [INFO] Betfair: enriched 150/489 markets, 34 tradeable so far
2026-06-01 23:00:08,223 [INFO] Betfair: enriched 200/489 markets, 34 tradeable so far
2026-06-01 23:00:08,235 [INFO] Betfair: enriched 250/489 markets, 37 tradeable so far
2026-06-01 23:00:08,243 [INFO] Betfair: enriched 300/489 markets, 47 tradeable so far
2026-06-01 23:00:08,247 [INFO] Betfair: enriched 350/489 markets, 54 tradeable so far
2026-06-01 23:00:08,251 [INFO] Betfair: enriched 400/489 markets, 59 tradeable so far
2026-06-01 23:00:08,356 [INFO] Betfair: enriched 450/489 markets, 73 tradeable so far
2026-06-01 23:00:08,392 [INFO] Betfair: enriched 489/489 markets, 78 tradeable so far
2026-06-01 23:00:08,395 [INFO] Betfair: 489 total markets, 78 above 100 GBP volume
2026-06-01 23:00:08,501 [INFO] Outrights: 20 markets for sport 1
2026-06-01 23:00:08,592 [INFO] Outrights: 15 markets for sport 3
2026-06-01 23:00:08,670 [INFO] Outrights: 1 markets for sport 2378961
2026-06-01 23:00:09,037 [INFO] Outrights: 32 markets above 25 GBP
2026-06-01 23:00:09,043 [INFO] Betfair: added 29 outright markets for cross-ref
2026-06-01 23:00:09,044 [INFO] betfair: 518 total, 107 above 100 GBP threshold
2026-06-01 23:00:09,255 [INFO] Snapshot written: /home/jwfalc/smarkets-bot/data/snapshots/betfair/2026-06-01_22-00.json
2026-06-01 23:00:09,369 [INFO] Market log updated (betfair)
2026-06-01 23:00:33,568 [INFO] Scanner complete for betfair. Snapshot: 2026-06-01_22-00.json
2026-06-01 23:00:33,881 [INFO] ============================================================
2026-06-01 23:00:33,882 [INFO] SCANNER RUN STARTED - MATCHBOOK
2026-06-01 23:00:33,882 [INFO] ============================================================
2026-06-01 23:00:34,222 [INFO] Matchbook login attempt 1/3
2026-06-01 23:00:34,397 [INFO] Matchbook login successful
2026-06-01 23:00:34,398 [INFO] Matchbook: fetching events with prices for 15 sports...
2026-06-01 23:00:34,526 [INFO] Matchbook: fetched page offset=0, 20 events (total so far: 20)
2026-06-01 23:00:34,770 [INFO] Matchbook: fetched page offset=20, 20 events (total so far: 40)
2026-06-01 23:00:35,001 [INFO] Matchbook: fetched page offset=40, 20 events (total so far: 60)
2026-06-01 23:00:35,230 [INFO] Matchbook: fetched page offset=60, 20 events (total so far: 80)
2026-06-01 23:00:35,458 [INFO] Matchbook: fetched page offset=80, 20 events (total so far: 100)
2026-06-01 23:00:35,725 [INFO] Matchbook: fetched page offset=100, 20 events (total so far: 120)
2026-06-01 23:00:35,997 [INFO] Matchbook: fetched page offset=120, 20 events (total so far: 140)
2026-06-01 23:00:36,228 [INFO] Matchbook: fetched page offset=140, 20 events (total so far: 160)
2026-06-01 23:00:36,465 [INFO] Matchbook: fetched page offset=160, 11 events (total so far: 171)
2026-06-01 23:00:36,466 [INFO] Matchbook: processing 171 events
2026-06-01 23:00:36,478 [INFO] Matchbook: processed 20/171 events, 315 markets so far
2026-06-01 23:00:36,483 [INFO] Matchbook: processed 40/171 events, 444 markets so far
2026-06-01 23:00:36,485 [INFO] Matchbook: processed 60/171 events, 483 markets so far
2026-06-01 23:00:36,486 [INFO] Matchbook: processed 80/171 events, 523 markets so far
2026-06-01 23:00:36,487 [INFO] Matchbook: processed 100/171 events, 543 markets so far
2026-06-01 23:00:36,496 [INFO] Matchbook: processed 120/171 events, 823 markets so far
2026-06-01 23:00:36,502 [INFO] Matchbook: processed 140/171 events, 845 markets so far
2026-06-01 23:00:36,504 [INFO] Matchbook: processed 160/171 events, 865 markets so far
2026-06-01 23:00:36,506 [INFO] Matchbook: processed 171/171 events, 876 markets so far
2026-06-01 23:00:36,506 [INFO] Matchbook: 877 total markets, 227 above 25 GBP volume
2026-06-01 23:00:36,517 [INFO] matchbook: 877 total, 227 above 25 GBP threshold
2026-06-01 23:00:36,609 [INFO] Snapshot written: /home/jwfalc/smarkets-bot/data/snapshots/matchbook/2026-06-01_22-00.json
2026-06-01 23:00:36,658 [INFO] Market log updated (matchbook)
2026-06-01 23:01:00,968 [INFO] Scanner complete for matchbook. Snapshot: 2026-06-01_22-00.json
2026-06-01 23:01:01,603 [RESEARCHER] Prior index loaded: 105 known runners
2026-06-01 23:01:01,648 [RESEARCHER] betfair: 107 tradeable markets from 2026-06-01_22-00.json
2026-06-01 23:01:01,649 [RESEARCHER] Market selection: 3 politics + 7 outrights + 8 other sports = 18 total (platforms: ['betfair'])
2026-06-01 23:01:01,649 [RESEARCHER] [1/18] Makerfield - Restore Britain Vote Percentage
2026-06-01 23:01:07,118 [RESEARCHER] [2/18] Los Angeles Mayoral Election
2026-06-01 23:01:14,497 [RESEARCHER] [3/18] Next Mayor of Seoul
2026-06-01 23:01:20,115 [RESEARCHER] [4/18] Winner
2026-06-01 23:01:27,141 [RESEARCHER] [5/18] Winner
2026-06-01 23:01:36,786 [RESEARCHER]   Prior history injected for Scottie Scheffler
2026-06-01 23:01:36,786 [RESEARCHER]   Prior history injected for Rory McIlroy
2026-06-01 23:01:36,786 [RESEARCHER]   Prior history injected for Cameron Young
2026-06-01 23:01:36,787 [RESEARCHER]   Prior history injected for Xander Schauffele
2026-06-01 23:01:36,787 [RESEARCHER]   Prior history injected for Ludvig Aberg
2026-06-01 23:01:36,788 [RESEARCHER]   Prior history injected for Matt Fitzpatrick
2026-06-01 23:01:36,788 [RESEARCHER] [6/18] Winner
2026-06-01 23:01:41,385 [RESEARCHER]   Prior history injected for Scottie Scheffler
2026-06-01 23:01:41,385 [RESEARCHER]   Prior history injected for Rory McIlroy
2026-06-01 23:01:41,386 [RESEARCHER]   Prior history injected for Jon Rahm
2026-06-01 23:01:41,386 [RESEARCHER]   Prior history injected for Cameron Young
2026-06-01 23:01:41,386 [RESEARCHER]   Prior history injected for Ludvig Aberg
2026-06-01 23:01:41,387 [RESEARCHER]   Prior history injected for Bryson DeChambeau
2026-06-01 23:01:41,387 [RESEARCHER] [7/18] Winner
2026-06-01 23:01:45,532 [RESEARCHER]   Prior history injected for Scottie Scheffler
2026-06-01 23:01:45,533 [RESEARCHER]   Prior history injected for Rory McIlroy
2026-06-01 23:01:45,533 [RESEARCHER]   Prior history injected for Jon Rahm
2026-06-01 23:01:45,534 [RESEARCHER]   Prior history injected for Xander Schauffele
2026-06-01 23:01:45,534 [RESEARCHER]   Prior history injected for Cameron Young
2026-06-01 23:01:45,534 [RESEARCHER] [8/18] Winner
2026-06-01 23:01:54,861 [RESEARCHER]   Prior history injected for Daniel Hillier
2026-06-01 23:01:54,861 [RESEARCHER]   Prior history injected for Oliver Lindell
2026-06-01 23:01:54,862 [RESEARCHER]   Prior history injected for Casey Jarvis
2026-06-01 23:01:54,862 [RESEARCHER] [9/18] Winner
2026-06-01 23:01:59,767 [RESEARCHER]   Prior history injected for Scottie Scheffler
2026-06-01 23:01:59,767 [RESEARCHER]   Prior history injected for Rory McIlroy
2026-06-01 23:01:59,768 [RESEARCHER]   Prior history injected for Jon Rahm
2026-06-01 23:01:59,768 [RESEARCHER]   Prior history injected for Cameron Young
2026-06-01 23:01:59,769 [RESEARCHER]   Prior history injected for Ludvig Aberg
2026-06-01 23:01:59,769 [RESEARCHER]   Prior history injected for Bryson DeChambeau
2026-06-01 23:01:59,769 [RESEARCHER] [10/18] Top 5 Finish
2026-06-01 23:02:01,647 [RESEARCHER]   Prior history injected for Scottie Scheffler
2026-06-01 23:02:01,648 [RESEARCHER]   Prior history injected for Rory McIlroy
2026-06-01 23:02:01,648 [RESEARCHER]   Prior history injected for Cameron Young
2026-06-01 23:02:01,648 [RESEARCHER]   Prior history injected for Xander Schauffele
2026-06-01 23:02:01,649 [RESEARCHER]   Prior history injected for Ludvig Aberg
2026-06-01 23:02:01,649 [RESEARCHER]   Prior history injected for Matt Fitzpatrick
2026-06-01 23:02:01,649 [RESEARCHER] [11/18] Match Odds
2026-06-01 23:02:10,020 [RESEARCHER] [12/18] Winner 2026/27
2026-06-01 23:02:16,907 [RESEARCHER]   Prior history injected for Arsenal
2026-06-01 23:02:16,908 [RESEARCHER]   Prior history injected for Man City
2026-06-01 23:02:16,908 [RESEARCHER]   Prior history injected for Liverpool
2026-06-01 23:02:16,909 [RESEARCHER]   Prior history injected for Chelsea
2026-06-01 23:02:16,909 [RESEARCHER]   Prior history injected for Aston Villa
2026-06-01 23:02:16,909 [RESEARCHER] [13/18] Match Odds
2026-06-01 23:02:27,549 [RESEARCHER]   Prior history injected for Pakistan
2026-06-01 23:02:27,549 [RESEARCHER] [14/18] Match Odds
2026-06-01 23:02:39,098 [RESEARCHER] [15/18] Asian Handicap
2026-06-01 23:02:45,826 [RESEARCHER] [16/18] Winner 2026
2026-06-01 23:02:53,114 [RESEARCHER] [17/18] Match Odds
2026-06-01 23:03:01,312 [RESEARCHER] [18/18] Moneyline
2026-06-01 23:03:08,517 [RESEARCHER] Research brief written: 2026-06-01_22-03_brief.json
2026-06-01 23:03:08,517 [RESEARCHER] Markets: 18 | Errors: 0 | Credits used: 75
BRIEF_PATH:/home/jwfalc/smarkets-bot/data/research/2026-06-01_22-03_brief.json
2026-06-01 23:03:08,824 [ANALYZER] Loading research brief: 2026-06-01_22-03_brief.json
2026-06-01 23:03:08,996 [ANALYZER] Betfair cross-ref index: 3321 runners
2026-06-01 23:03:09,004 [ANALYZER] Analyzed 18 markets
2026-06-01 23:03:09,005 [ANALYZER] Found 5 signals (10pp+)
2026-06-01 23:03:09,005 [ANALYZER] Logged 15 distribution entries (7pp+)
2026-06-01 23:03:09,020 [ANALYZER] Research output written: 2026-06-01_22-03_research.json
2026-06-01 23:03:09,023 [ANALYZER] Appended 82 edge traces to edge_traces.json
RESEARCH_PATH:/home/jwfalc/smarkets-bot/data/research/2026-06-01_22-03_research.json
2026-06-01 23:03:09,583 [RESOLVE] Found 10 open trade(s) to check (paper_mode=True)
2026-06-01 23:03:09,651 [RESOLVE] Using cached Betfair session token
2026-06-01 23:03:09,652 [RESOLVE] Betfair: checking 10 open-trade markets
2026-06-01 23:03:18,771 [RESOLVE] Snapshot name lookup: found mappings for 10 markets
2026-06-01 23:03:18,875 [RESOLVE] Settled markets found: 0
2026-06-01 23:03:18,875 [RESOLVE] No open-trade markets have settled yet.
2026-06-01 23:03:19,490 [INFO] ============================================================
2026-06-01 23:03:19,490 [INFO] DIGEST RUN STARTED
2026-06-01 23:03:19,490 [INFO] ============================================================
2026-06-01 23:03:23,522 [INFO] Sending signal alert: Winner edge=17.17pp
2026-06-01 23:03:23,634 [INFO] Telegram notification sent
2026-06-01 23:03:23,635 [INFO] Sending signal alert: Top 5 Finish edge=17.17pp
2026-06-01 23:03:23,733 [INFO] Telegram notification sent
2026-06-01 23:03:23,733 [INFO] Sent 2 Telegram signal alerts
2026-06-01 23:03:23,782 [INFO] Dashboard data written: /home/jwfalc/smarkets-bot/dashboard/dashboard_data.json
2026-06-01 23:03:23,832 [INFO] Period logs updated: 2026-06-01, 2026-W23, 2026-06, 2026-Q2
2026-06-01 23:03:23,832 [INFO] Run log: [2026-06-01 22:03 UTC] status=signal | platforms=betfair,matchbook | markets=334 | signals=5 | alerts=2 | movements=10 | consec_losses=0
2026-06-01 23:03:23,945 [INFO] Telegram notification sent
2026-06-01 23:03:23,946 [INFO] Digest complete
Balance: £427.54 | Reserved: £29.35 | Available: £398.19
Reduced stake: Winner edge 12.2pp < 15.0pp → £2.15 (43%)
Skipping (already open): Winner BACK
Reduced stake: Winner edge 14.2pp < 15.0pp → £4.15 (83%)
Skipping (already open): Winner BACK
Logged paper trade: Top 5 Finish - BACK @ 16.67% (edge: 17.17pp) [betfair] | available now £393.19
Reduced stake: Winner 2026/27 edge 12.2pp < 15.0pp → £2.15 (43%)
Skipping (already open): Winner 2026/27 BACK

1 new paper trade(s) logged
Distribution log updated: 2 new entries added
Total entries: 821
  near_certainty: 6 total, 5 resolved
  high_prob: 18 total, 9 resolved
  7-9pp: 239 total, 98 resolved
  10-11pp: 103 total, 45 resolved
  12pp+: 455 total, 357 resolved

REVIEW DUE: 7-9pp band has 98 resolved entries (threshold: 12)
  Run: python distribution_logger.py report
  Then run: prompts/prompt_review_v1.md

REVIEW DUE: 7-9pp band has 98 resolved entries (threshold: 12)
  Run: python distribution_logger.py report
  Then run: prompts/prompt_review_v1.md
EXIT_CODE:0
Sent
2026-06-01 23:03:26,952 [STATIC-DASH] Building dashboard data…
2026-06-01 23:03:27,947 [STATIC-DASH] Data collected: 218 trades, 48 signals, 334 markets
2026-06-01 23:03:28,122 [STATIC-DASH] Written: /home/jwfalc/smarkets-dashboard/index.html (2356KB)
2026-06-01 23:03:28 [DEPLOY] Starting dashboard deploy...
WARNING: could not find injection point in HTML
HTML written OK
2026-06-01 23:03:28 [DEPLOY] Static HTML built
[main 751bf4a] Deploy: 2026-06-01 23:03 UTC
 1 file changed, 1 insertion(+), 1 deletion(-)
To https://github.com/jwfalc-coder/smarkets-dashboard.git
   a237096..751bf4a  main -> main
2026-06-01 23:03:28 [DEPLOY] Deploy complete: Deploy: 2026-06-01 23:03 UTC
[main 3e29258] log: routine_2026-06-01_2300
 1 file changed, 195 insertions(+)
 create mode 100644 data/routine_logs/routine_2026-06-01_2300.log
From https://github.com/jwfalc-coder/betting-auditor
 * branch            main       -> FETCH_HEAD
Current branch main is up to date.
To https://github.com/jwfalc-coder/betting-auditor.git
   97a76f5..3e29258  main -> main
