Sent
2026-05-11 10:00:02,446 [INFO] ============================================================
2026-05-11 10:00:02,446 [INFO] SCANNER RUN STARTED - BETFAIR
2026-05-11 10:00:02,446 [INFO] ============================================================
2026-05-11 10:00:02,854 [INFO] Cached Betfair session too old, re-logging in
2026-05-11 10:00:02,854 [INFO] Betfair login attempt 1/3
2026-05-11 10:00:03,005 [INFO] Betfair login successful
2026-05-11 10:00:03,161 [INFO] Catalogue: 100 markets for sport ID 1
2026-05-11 10:00:03,280 [INFO] Catalogue: 100 markets for sport ID 2
2026-05-11 10:00:03,406 [INFO] Catalogue: 100 markets for sport ID 7
2026-05-11 10:00:03,512 [INFO] Catalogue: 88 markets for sport ID 4
2026-05-11 10:00:03,602 [INFO] Catalogue: 3 markets for sport ID 2378961
2026-05-11 10:00:03,698 [INFO] Catalogue: 2 markets for sport ID 3
2026-05-11 10:00:03,927 [INFO] Catalogue: 100 markets for sport ID 7522
2026-05-11 10:00:04,006 [INFO] Catalogue: 0 markets for sport ID 6423
2026-05-11 10:00:04,007 [INFO] Betfair: fetching prices for 493 markets...
2026-05-11 10:00:08,241 [INFO] Betfair: enriching 493 markets with price data...
2026-05-11 10:00:08,248 [INFO] Betfair: enriched 50/493 markets, 2 tradeable so far
2026-05-11 10:00:08,257 [INFO] Betfair: enriched 100/493 markets, 5 tradeable so far
2026-05-11 10:00:08,261 [INFO] Betfair: enriched 150/493 markets, 11 tradeable so far
2026-05-11 10:00:08,264 [INFO] Betfair: enriched 200/493 markets, 13 tradeable so far
2026-05-11 10:00:08,276 [INFO] Betfair: enriched 250/493 markets, 25 tradeable so far
2026-05-11 10:00:08,322 [INFO] Betfair: enriched 300/493 markets, 43 tradeable so far
2026-05-11 10:00:08,326 [INFO] Betfair: enriched 350/493 markets, 55 tradeable so far
2026-05-11 10:00:08,341 [INFO] Betfair: enriched 400/493 markets, 66 tradeable so far
2026-05-11 10:00:08,387 [INFO] Betfair: enriched 450/493 markets, 71 tradeable so far
2026-05-11 10:00:08,427 [INFO] Betfair: enriched 493/493 markets, 77 tradeable so far
2026-05-11 10:00:08,427 [INFO] Betfair: 493 total markets, 77 above 100 GBP volume
2026-05-11 10:00:08,452 [INFO] betfair: 493 total, 77 above 100 GBP threshold
2026-05-11 10:00:08,593 [INFO] Snapshot written: /home/jwfalc/smarkets-bot/data/snapshots/betfair/2026-05-11_09-00.json
2026-05-11 10:00:08,662 [INFO] Market log updated (betfair)
2026-05-11 10:00:38,838 [INFO] Scanner complete for betfair. Snapshot: 2026-05-11_09-00.json
2026-05-11 10:00:39,292 [INFO] ============================================================
2026-05-11 10:00:39,293 [INFO] SCANNER RUN STARTED - MATCHBOOK
2026-05-11 10:00:39,293 [INFO] ============================================================
2026-05-11 10:00:39,756 [INFO] Matchbook login attempt 1/3
2026-05-11 10:00:39,929 [INFO] Matchbook login successful
2026-05-11 10:00:39,930 [INFO] Matchbook: fetching events with prices for 15 sports...
2026-05-11 10:00:40,013 [INFO] Matchbook: fetched page offset=0, 20 events (total so far: 20)
2026-05-11 10:00:40,284 [INFO] Matchbook: fetched page offset=20, 20 events (total so far: 40)
2026-05-11 10:00:40,574 [INFO] Matchbook: fetched page offset=40, 20 events (total so far: 60)
2026-05-11 10:00:40,908 [INFO] Matchbook: fetched page offset=60, 20 events (total so far: 80)
2026-05-11 10:00:41,249 [INFO] Matchbook: fetched page offset=80, 20 events (total so far: 100)
2026-05-11 10:00:41,650 [INFO] Matchbook: fetched page offset=100, 20 events (total so far: 120)
2026-05-11 10:00:41,927 [INFO] Matchbook: fetched page offset=120, 20 events (total so far: 140)
2026-05-11 10:00:42,158 [INFO] Matchbook: fetched page offset=140, 20 events (total so far: 160)
2026-05-11 10:00:42,491 [INFO] Matchbook: fetched page offset=160, 20 events (total so far: 180)
2026-05-11 10:00:42,817 [INFO] Matchbook: fetched page offset=180, 20 events (total so far: 200)
2026-05-11 10:00:43,164 [INFO] Matchbook: fetched page offset=200, 20 events (total so far: 220)
2026-05-11 10:00:43,532 [INFO] Matchbook: fetched page offset=220, 20 events (total so far: 240)
2026-05-11 10:00:43,864 [INFO] Matchbook: fetched page offset=240, 20 events (total so far: 260)
2026-05-11 10:00:44,112 [INFO] Matchbook: fetched page offset=260, 20 events (total so far: 280)
2026-05-11 10:00:44,344 [INFO] Matchbook: fetched page offset=280, 9 events (total so far: 289)
2026-05-11 10:00:44,344 [INFO] Matchbook: processing 289 events
2026-05-11 10:00:44,348 [INFO] Matchbook: processed 20/289 events, 134 markets so far
2026-05-11 10:00:44,360 [INFO] Matchbook: processed 40/289 events, 330 markets so far
2026-05-11 10:00:44,377 [INFO] Matchbook: processed 60/289 events, 643 markets so far
2026-05-11 10:00:44,396 [INFO] Matchbook: processed 80/289 events, 1013 markets so far
2026-05-11 10:00:44,510 [INFO] Matchbook: processed 100/289 events, 1485 markets so far
2026-05-11 10:00:44,545 [INFO] Matchbook: processed 120/289 events, 2223 markets so far
2026-05-11 10:00:44,559 [INFO] Matchbook: processed 140/289 events, 2516 markets so far
2026-05-11 10:00:44,560 [INFO] Matchbook: processed 160/289 events, 2536 markets so far
2026-05-11 10:00:44,583 [INFO] Matchbook: processed 180/289 events, 3114 markets so far
2026-05-11 10:00:44,611 [INFO] Matchbook: processed 200/289 events, 3698 markets so far
2026-05-11 10:00:44,644 [INFO] Matchbook: processed 220/289 events, 4418 markets so far
2026-05-11 10:00:44,671 [INFO] Matchbook: processed 240/289 events, 5075 markets so far
2026-05-11 10:00:44,703 [INFO] Matchbook: processed 260/289 events, 5825 markets so far
2026-05-11 10:00:44,721 [INFO] Matchbook: processed 280/289 events, 5948 markets so far
2026-05-11 10:00:44,722 [INFO] Matchbook: processed 289/289 events, 5957 markets so far
2026-05-11 10:00:44,723 [INFO] Matchbook: 5958 total markets, 285 above 25 GBP volume
2026-05-11 10:00:44,793 [INFO] matchbook: 5958 total, 285 above 25 GBP threshold
2026-05-11 10:00:44,922 [INFO] Snapshot written: /home/jwfalc/smarkets-bot/data/snapshots/matchbook/2026-05-11_09-00.json
2026-05-11 10:00:44,987 [INFO] Market log updated (matchbook)
2026-05-11 10:01:15,526 [INFO] Scanner complete for matchbook. Snapshot: 2026-05-11_09-00.json
2026-05-11 10:01:16,461 [RESEARCHER] matchbook: 183 tradeable markets from 2026-05-11_09-00.json
2026-05-11 10:01:16,463 [RESEARCHER] Market selection: 0 politics/current-affairs + 15 matchbook-sports + 0 betfair-sports = 15 total
2026-05-11 10:01:16,463 [RESEARCHER] [1/15] Winner
2026-05-11 10:01:19,907 [RESEARCHER] [2/15] Winner
2026-05-11 10:01:23,742 [RESEARCHER] [3/15] To Be Relegated
2026-05-11 10:01:26,962 [RESEARCHER] [4/15] Winner
2026-05-11 10:01:30,609 [RESEARCHER] [5/15] Winner
2026-05-11 10:01:34,256 [RESEARCHER] [6/15] Correct Score
2026-05-11 10:01:38,809 [RESEARCHER] [7/15] Match Odds
2026-05-11 10:01:42,298 [RESEARCHER] [8/15] Top 4 Finish
2026-05-11 10:01:45,992 [RESEARCHER] [9/15] Winner
2026-05-11 10:01:49,533 [RESEARCHER] [10/15] Top 6 Finish
2026-05-11 10:01:53,681 [RESEARCHER] [11/15] Correct Score
2026-05-11 10:01:57,413 [RESEARCHER] [12/15] Match Odds
2026-05-11 10:02:00,876 [RESEARCHER] [13/15] Match Odds
2026-05-11 10:02:04,517 [RESEARCHER] [14/15] Match Odds
2026-05-11 10:02:08,231 [RESEARCHER] [15/15] Winner
2026-05-11 10:02:11,636 [RESEARCHER] Research brief written: 2026-05-11_09-02_brief.json
2026-05-11 10:02:11,637 [RESEARCHER] Markets: 15 | Errors: 0 | Credits used: 30
BRIEF_PATH:/home/jwfalc/smarkets-bot/data/research/2026-05-11_09-02_brief.json
2026-05-11 10:02:12,024 [ANALYZER] Loading research brief: 2026-05-11_09-02_brief.json
2026-05-11 10:02:12,087 [ANALYZER] Analyzed 15 markets
2026-05-11 10:02:12,088 [ANALYZER] Found 3 signals (10pp+)
2026-05-11 10:02:12,088 [ANALYZER] Logged 7 distribution entries (7pp+)
2026-05-11 10:02:12,102 [ANALYZER] Research output written: 2026-05-11_09-02_research.json
RESEARCH_PATH:/home/jwfalc/smarkets-bot/data/research/2026-05-11_09-02_research.json
2026-05-11 10:02:12,854 [RESOLVE] Found 13 open trade(s) to check (paper_mode=True)
2026-05-11 10:02:12,862 [RESOLVE] Using cached Matchbook session token
2026-05-11 10:02:12,862 [RESOLVE] Matchbook: checking 5 open-trade markets against settled events
/home/jwfalc/smarkets-bot/scripts/check_resolutions.py:305: DeprecationWarning: datetime.datetime.utcnow() is deprecated and scheduled for removal in a future version. Use timezone-aware objects to represent datetimes in UTC: datetime.datetime.now(datetime.UTC).
  cutoff = datetime.datetime.utcnow() - datetime.timedelta(days=30)
2026-05-11 10:02:21,669 [RESOLVE] Settled markets found: 0
2026-05-11 10:02:21,670 [RESOLVE] No open-trade markets have settled yet.
2026-05-11 10:02:22,516 [INFO] ============================================================
2026-05-11 10:02:22,517 [INFO] DIGEST RUN STARTED
2026-05-11 10:02:22,518 [INFO] ============================================================
2026-05-11 10:02:27,734 [INFO] Dashboard data written: /home/jwfalc/smarkets-bot/dashboard/dashboard_data.json
2026-05-11 10:02:27,783 [INFO] Period logs updated: 2026-05-11, 2026-W20, 2026-05, 2026-Q2
2026-05-11 10:02:27,785 [INFO] Run log: [2026-05-11 09:02 UTC] status=signal | platforms=betfair,matchbook | markets=362 | signals=3 | alerts=0 | movements=10 | consec_losses=0
2026-05-11 10:02:27,786 [INFO] Digest complete
Balance: £159.18 | Reserved: £148.61 | Available: £10.57
Logged paper trade: Top 6 Finish - LAY @ 99.01% (edge: 49.07pp) [matchbook] | available now £10.52
Logged paper trade: Top 6 Finish - LAY @ 42.74% (edge: 21.18pp) [matchbook] | available now £3.82
Skipping (insufficient balance): Top 6 Finish needs £4.10, only £3.82 available

2 new paper trade(s) logged
Distribution log updated: 7 new entries added
Total entries: 462
  7-9pp: 99 total, 18 resolved
  10-11pp: 58 total, 37 resolved
  12pp+: 305 total, 169 resolved

REVIEW DUE: 7-9pp band has 18 resolved entries (threshold: 12)
  Run: python distribution_logger.py report
  Then run: prompts/prompt_review_v1.md

REVIEW DUE: 7-9pp band has 18 resolved entries (threshold: 12)
  Run: python distribution_logger.py report
  Then run: prompts/prompt_review_v1.md
EXIT_CODE:0
Sent
2026-05-11 10:02:31 [DEPLOY] Starting dashboard deploy...
HTML written OK
2026-05-11 10:02:31 [DEPLOY] Static HTML built
[main da2efe8] Deploy: 2026-05-11 10:02 UTC
 1 file changed, 1 insertion(+), 1 deletion(-)
To https://github.com/jwfalc-coder/smarkets-dashboard.git
   8d93caa..da2efe8  main -> main
2026-05-11 10:02:31 [DEPLOY] Deploy complete: Deploy: 2026-05-11 10:02 UTC
