Sent
2026-06-10 18:58:52,580 [INFO] ============================================================
2026-06-10 18:58:52,580 [INFO] SCANNER RUN STARTED - BETFAIR
2026-06-10 18:58:52,580 [INFO] ============================================================
2026-06-10 18:58:52,981 [INFO] Using cached Betfair session token
2026-06-10 18:58:53,132 [INFO] Catalogue: 100 markets for sport ID 1
2026-06-10 18:58:53,252 [INFO] Catalogue: 100 markets for sport ID 2
2026-06-10 18:58:53,370 [INFO] Catalogue: 100 markets for sport ID 7
2026-06-10 18:58:53,498 [INFO] Catalogue: 100 markets for sport ID 4
2026-06-10 18:58:53,575 [INFO] Catalogue: 0 markets for sport ID 2378961
2026-06-10 18:58:53,679 [INFO] Catalogue: 38 markets for sport ID 3
2026-06-10 18:58:53,856 [INFO] Catalogue: 62 markets for sport ID 7522
2026-06-10 18:58:53,932 [INFO] Catalogue: 3 markets for sport ID 6423
2026-06-10 18:58:53,932 [INFO] Betfair: fetching prices for 503 markets...
2026-06-10 18:58:58,992 [INFO] Betfair: enriching 503 markets with price data...
2026-06-10 18:58:59,004 [INFO] Betfair: enriched 50/503 markets, 6 tradeable so far
2026-06-10 18:58:59,013 [INFO] Betfair: enriched 100/503 markets, 15 tradeable so far
2026-06-10 18:58:59,019 [INFO] Betfair: enriched 150/503 markets, 21 tradeable so far
2026-06-10 18:58:59,023 [INFO] Betfair: enriched 200/503 markets, 29 tradeable so far
2026-06-10 18:58:59,036 [INFO] Betfair: enriched 250/503 markets, 59 tradeable so far
2026-06-10 18:58:59,049 [INFO] Betfair: enriched 300/503 markets, 80 tradeable so far
2026-06-10 18:58:59,053 [INFO] Betfair: enriched 350/503 markets, 85 tradeable so far
2026-06-10 18:58:59,055 [INFO] Betfair: enriched 400/503 markets, 90 tradeable so far
2026-06-10 18:58:59,116 [INFO] Betfair: enriched 450/503 markets, 118 tradeable so far
2026-06-10 18:58:59,167 [INFO] Betfair: enriched 500/503 markets, 131 tradeable so far
2026-06-10 18:58:59,173 [INFO] Betfair: enriched 503/503 markets, 131 tradeable so far
2026-06-10 18:58:59,173 [INFO] Betfair: 503 total markets, 131 above 100 GBP volume
2026-06-10 18:58:59,305 [INFO] Outrights: 23 markets for sport 1
2026-06-10 18:58:59,404 [INFO] Outrights: 11 markets for sport 3
2026-06-10 18:58:59,485 [INFO] Outrights: 1 markets for sport 2378961
2026-06-10 18:58:59,846 [INFO] Outrights: 33 markets above 25 GBP
2026-06-10 18:58:59,851 [INFO] Betfair: added 28 outright markets for cross-ref
2026-06-10 18:58:59,852 [INFO] betfair: 531 total, 159 above 100 GBP threshold
2026-06-10 18:59:00,192 [INFO] Snapshot written: /home/jwfalc/smarkets-bot/data/snapshots/betfair/2026-06-10_17-58.json
2026-06-10 18:59:00,371 [INFO] Market log updated (betfair)
2026-06-10 18:59:24,169 [INFO] Scanner complete for betfair. Snapshot: 2026-06-10_17-58.json
2026-06-10 18:59:24,478 [INFO] ============================================================
2026-06-10 18:59:24,478 [INFO] SCANNER RUN STARTED - MATCHBOOK
2026-06-10 18:59:24,478 [INFO] ============================================================
2026-06-10 18:59:24,815 [INFO] Using cached Matchbook session token
2026-06-10 18:59:24,815 [INFO] Matchbook: fetching events with prices for 15 sports...
2026-06-10 18:59:24,983 [INFO] Matchbook: fetched page offset=0, 20 events (total so far: 20)
2026-06-10 18:59:25,355 [INFO] Matchbook: fetched page offset=20, 20 events (total so far: 40)
2026-06-10 18:59:25,603 [INFO] Matchbook: fetched page offset=40, 20 events (total so far: 60)
2026-06-10 18:59:25,867 [INFO] Matchbook: fetched page offset=60, 20 events (total so far: 80)
2026-06-10 18:59:26,099 [INFO] Matchbook: fetched page offset=80, 20 events (total so far: 100)
2026-06-10 18:59:26,337 [INFO] Matchbook: fetched page offset=100, 20 events (total so far: 120)
2026-06-10 18:59:26,621 [INFO] Matchbook: fetched page offset=120, 20 events (total so far: 140)
2026-06-10 18:59:26,907 [INFO] Matchbook: fetched page offset=140, 20 events (total so far: 160)
2026-06-10 18:59:27,242 [INFO] Matchbook: fetched page offset=160, 20 events (total so far: 180)
2026-06-10 18:59:27,560 [INFO] Matchbook: fetched page offset=180, 20 events (total so far: 200)
2026-06-10 18:59:27,804 [INFO] Matchbook: fetched page offset=200, 10 events (total so far: 210)
2026-06-10 18:59:27,805 [INFO] Matchbook: processing 210 events
2026-06-10 18:59:27,817 [INFO] Matchbook: processed 20/210 events, 358 markets so far
2026-06-10 18:59:27,838 [INFO] Matchbook: processed 40/210 events, 935 markets so far
2026-06-10 18:59:27,842 [INFO] Matchbook: processed 60/210 events, 1094 markets so far
2026-06-10 18:59:27,849 [INFO] Matchbook: processed 80/210 events, 1168 markets so far
2026-06-10 18:59:27,850 [INFO] Matchbook: processed 100/210 events, 1188 markets so far
2026-06-10 18:59:27,851 [INFO] Matchbook: processed 120/210 events, 1264 markets so far
2026-06-10 18:59:27,859 [INFO] Matchbook: processed 140/210 events, 1397 markets so far
2026-06-10 18:59:27,868 [INFO] Matchbook: processed 160/210 events, 1545 markets so far
2026-06-10 18:59:27,887 [INFO] Matchbook: processed 180/210 events, 1966 markets so far
2026-06-10 18:59:27,901 [INFO] Matchbook: processed 200/210 events, 2282 markets so far
2026-06-10 18:59:27,904 [INFO] Matchbook: processed 210/210 events, 2296 markets so far
2026-06-10 18:59:27,904 [INFO] Matchbook: 2297 total markets, 426 above 25 GBP volume
2026-06-10 18:59:27,932 [INFO] matchbook: 2297 total, 426 above 25 GBP threshold
2026-06-10 18:59:28,113 [INFO] Snapshot written: /home/jwfalc/smarkets-bot/data/snapshots/matchbook/2026-06-10_17-59.json
2026-06-10 18:59:28,212 [INFO] Market log updated (matchbook)
2026-06-10 18:59:51,986 [INFO] Scanner complete for matchbook. Snapshot: 2026-06-10_17-59.json
2026-06-10 18:59:52,619 [RESEARCHER] Prior index loaded: 15 known runners
2026-06-10 18:59:52,691 [RESEARCHER] betfair: 159 tradeable markets from 2026-06-10_17-58.json
2026-06-10 18:59:52,692 [RESEARCHER] Market selection: 1 politics + 7 outrights + 8 other sports = 16 total (platforms: ['betfair'])
2026-06-10 18:59:52,692 [RESEARCHER] [1/16] Makerfield - Restore Britain Vote Percentage
2026-06-10 18:59:58,989 [RESEARCHER] [2/16] Winner
2026-06-10 19:00:09,639 [RESEARCHER]   Prior history injected for Portugal
2026-06-10 19:00:09,640 [RESEARCHER] [3/16] Winner
2026-06-10 19:00:18,176 [RESEARCHER]   Prior history injected for Tommy Fleetwood
2026-06-10 19:00:18,177 [RESEARCHER] [4/16] Winner
2026-06-10 19:00:26,970 [RESEARCHER]   Prior history injected for Scottie Scheffler
2026-06-10 19:00:26,970 [RESEARCHER]   Prior history injected for Xander Schauffele
2026-06-10 19:00:26,971 [RESEARCHER]   Prior history injected for Tommy Fleetwood
2026-06-10 19:00:26,971 [RESEARCHER] [5/16] Winner
2026-06-10 19:00:31,240 [RESEARCHER]   Prior history injected for Scottie Scheffler
2026-06-10 19:00:31,241 [RESEARCHER]   Prior history injected for Tommy Fleetwood
2026-06-10 19:00:31,241 [RESEARCHER]   Prior history injected for Xander Schauffele
2026-06-10 19:00:31,241 [RESEARCHER] [6/16] Top 10 Finish
2026-06-10 19:00:33,184 [RESEARCHER]   Prior history injected for Tommy Fleetwood
2026-06-10 19:00:33,185 [RESEARCHER] [7/16] Top 20 Finish
2026-06-10 19:00:35,095 [RESEARCHER]   Prior history injected for Tommy Fleetwood
2026-06-10 19:00:35,096 [RESEARCHER] [8/16] Top 5 Finish
2026-06-10 19:00:36,942 [RESEARCHER]   Prior history injected for Tommy Fleetwood
2026-06-10 19:00:36,942 [RESEARCHER] [9/16] NBA Championship Winner
2026-06-10 19:00:44,423 [RESEARCHER]   Prior history injected for New York Knicks
2026-06-10 19:00:44,424 [RESEARCHER] [10/16] Match Odds
2026-06-10 19:00:52,754 [RESEARCHER] [11/16] Moneyline
2026-06-10 19:01:00,568 [RESEARCHER]   Prior history injected for New York Knicks
2026-06-10 19:01:00,569 [RESEARCHER] [12/16] 6f Mdn Stks
2026-06-10 19:01:05,982 [RESEARCHER] [13/16] 6f Hcap
2026-06-10 19:01:11,610 [RESEARCHER] [14/16] Moneyline
2026-06-10 19:01:18,727 [RESEARCHER] [15/16] Winner 2026/27
2026-06-10 19:01:25,426 [RESEARCHER] [16/16] Name the Finalists
2026-06-10 19:01:35,510 [RESEARCHER] Research brief written: 2026-06-10_18-01_brief.json
2026-06-10 19:01:35,511 [RESEARCHER] Markets: 16 | Errors: 0 | Credits used: 67
BRIEF_PATH:/home/jwfalc/smarkets-bot/data/research/2026-06-10_18-01_brief.json
2026-06-10 19:01:35,807 [ANALYZER] Loading research brief: 2026-06-10_18-01_brief.json
2026-06-10 19:01:36,077 [ANALYZER] Betfair cross-ref index: 4513 runners
2026-06-10 19:01:36,082 [ANALYZER] Skipping 1.259049766 — illiquid order book detected: total back implied 159.2% > 130% threshold (BUG-116)
2026-06-10 19:01:36,084 [ANALYZER] Analyzed 16 markets
2026-06-10 19:01:36,085 [ANALYZER] Found 6 signals (10pp+)
2026-06-10 19:01:36,085 [ANALYZER] Logged 12 distribution entries (7pp+)
2026-06-10 19:01:36,100 [ANALYZER] Research output written: 2026-06-10_18-01_research.json
2026-06-10 19:01:36,103 [ANALYZER] Appended 81 edge traces to edge_traces.json
RESEARCH_PATH:/home/jwfalc/smarkets-bot/data/research/2026-06-10_18-01_research.json
2026-06-10 19:01:36,674 [RESOLVE] Found 7 open trade(s) to check (paper_mode=True)
2026-06-10 19:01:36,744 [RESOLVE] Using cached Betfair session token
2026-06-10 19:01:36,744 [RESOLVE] Betfair: checking 6 open-trade markets
2026-06-10 19:01:48,658 [RESOLVE] Snapshot name lookup: found mappings for 6 markets
2026-06-10 19:01:48,769 [RESOLVE] Settled markets found: 0
2026-06-10 19:01:48,769 [RESOLVE] No open-trade markets have settled yet.
2026-06-10 19:01:49,390 [INFO] ============================================================
2026-06-10 19:01:49,391 [INFO] DIGEST RUN STARTED
2026-06-10 19:01:49,391 [INFO] ============================================================
2026-06-10 19:01:53,059 [INFO] Slip dedup: skipping Scottie Scheffler (BACK) — already open
2026-06-10 19:01:53,065 [INFO] Sending batch slip: 5 signals
2026-06-10 19:01:53,252 [INFO] Telegram notification sent
2026-06-10 19:01:53,253 [INFO] Sent 6 Telegram signal alerts
2026-06-10 19:01:53,273 [INFO] Dashboard data written: /home/jwfalc/smarkets-bot/dashboard/dashboard_data.json
2026-06-10 19:01:53,375 [INFO] Period logs updated: 2026-06-10, 2026-W24, 2026-06, 2026-Q2
2026-06-10 19:01:53,375 [INFO] Run log: [2026-06-10 18:01 UTC] status=signal | platforms=betfair,matchbook | markets=585 | signals=6 | alerts=6 | movements=10 | consec_losses=0
2026-06-10 19:01:53,376 [INFO] Digest complete
Kelly balance: £96.52 | Reserved: £35.58 | Available: £60.94
Skipping (already open): Winner BACK
Skipping (correlated exposure in same market): Top 10 Finish BACK Tommy Fleetwood
Logged paper trade: Top 20 Finish - BACK @ 56.82% (edge: 12.27pp) [betfair] | available now £58.14
Logged paper trade: Top 5 Finish - BACK @ 25.32% (edge: 10.48pp) [betfair] | available now £56.14
Logged paper trade: Winner 2026/27 - BACK @ 16.67% (edge: 12.17pp) [betfair] | available now £53.82

3 new paper trade(s) logged
Distribution log updated: 6 new entries added
Total entries: 1063
  near_certainty: 9 total, 7 resolved
  high_prob: 29 total, 17 resolved
  7-9pp: 320 total, 109 resolved
  10-11pp: 165 total, 61 resolved
  12pp+: 540 total, 406 resolved

REVIEW DUE: 7-9pp band has 109 resolved entries (threshold: 12)
  Run: python distribution_logger.py report
  Then run: prompts/prompt_review_v1.md

REVIEW DUE: 7-9pp band has 109 resolved entries (threshold: 12)
  Run: python distribution_logger.py report
  Then run: prompts/prompt_review_v1.md
EXIT_CODE:0
Telegram connection error (attempt 1/3), retrying in 8s: ('Connection aborted.', ConnectionResetError(104, 'Connection reset by peer'))
Telegram connection error (attempt 2/3), retrying in 8s: ('Connection aborted.', ConnectionResetError(104, 'Connection reset by peer'))
Sent
2026-06-10 19:02:22,617 [STATIC-DASH] Building dashboard data…
2026-06-10 19:02:23,788 [STATIC-DASH] Data collected: 26 trades, 36 signals, 585 markets
2026-06-10 19:02:24,029 [STATIC-DASH] Written: /home/jwfalc/smarkets-dashboard/index.html (3119KB)
2026-06-10 19:02:24,033 [STATIC-DASH] Copied PWA asset: manifest.json
2026-06-10 19:02:24,034 [STATIC-DASH] Copied PWA asset: apple-touch-icon.png
2026-06-10 19:02:24,036 [STATIC-DASH] Copied PWA asset: icon-192.png
2026-06-10 19:02:24,037 [STATIC-DASH] Copied PWA asset: icon-512.png
2026-06-10 19:02:24 [DEPLOY] Starting dashboard deploy...
WARNING: could not find injection point in HTML
HTML written OK
2026-06-10 19:02:24 [DEPLOY] Static HTML built
[main f7614a5] Deploy: 2026-06-10 19:02 UTC
 1 file changed, 1 insertion(+), 1 deletion(-)
To https://github.com/jwfalc-coder/smarkets-dashboard.git
   4e9383d..f7614a5  main -> main
2026-06-10 19:02:24 [DEPLOY] Deploy complete: Deploy: 2026-06-10 19:02 UTC
