Sent
2026-05-10 18:00:02,645 [INFO] ============================================================
2026-05-10 18:00:02,645 [INFO] SCANNER RUN STARTED - BETFAIR
2026-05-10 18:00:02,645 [INFO] ============================================================
2026-05-10 18:00:03,047 [INFO] Cached Betfair session too old, re-logging in
2026-05-10 18:00:03,047 [INFO] Betfair login attempt 1/3
2026-05-10 18:00:03,205 [INFO] Betfair login successful
2026-05-10 18:00:03,351 [INFO] Catalogue: 100 markets for sport ID 1
2026-05-10 18:00:03,474 [INFO] Catalogue: 100 markets for sport ID 2
2026-05-10 18:00:03,585 [INFO] Catalogue: 100 markets for sport ID 7
2026-05-10 18:00:03,705 [INFO] Catalogue: 100 markets for sport ID 4
2026-05-10 18:00:03,796 [INFO] Catalogue: 3 markets for sport ID 2378961
2026-05-10 18:00:03,889 [INFO] Catalogue: 7 markets for sport ID 3
2026-05-10 18:00:04,116 [INFO] Catalogue: 94 markets for sport ID 7522
2026-05-10 18:00:04,234 [INFO] Catalogue: 3 markets for sport ID 6423
2026-05-10 18:00:04,235 [INFO] Betfair: fetching prices for 507 markets...
2026-05-10 18:00:08,730 [INFO] Betfair: enriching 507 markets with price data...
2026-05-10 18:00:08,737 [INFO] Betfair: enriched 50/507 markets, 22 tradeable so far
2026-05-10 18:00:08,748 [INFO] Betfair: enriched 100/507 markets, 37 tradeable so far
2026-05-10 18:00:08,751 [INFO] Betfair: enriched 150/507 markets, 38 tradeable so far
2026-05-10 18:00:08,755 [INFO] Betfair: enriched 200/507 markets, 41 tradeable so far
2026-05-10 18:00:08,763 [INFO] Betfair: enriched 250/507 markets, 52 tradeable so far
2026-05-10 18:00:08,770 [INFO] Betfair: enriched 300/507 markets, 53 tradeable so far
2026-05-10 18:00:08,774 [INFO] Betfair: enriched 350/507 markets, 60 tradeable so far
2026-05-10 18:00:08,778 [INFO] Betfair: enriched 400/507 markets, 62 tradeable so far
2026-05-10 18:00:08,869 [INFO] Betfair: enriched 450/507 markets, 85 tradeable so far
2026-05-10 18:00:08,916 [INFO] Betfair: enriched 500/507 markets, 97 tradeable so far
2026-05-10 18:00:08,923 [INFO] Betfair: enriched 507/507 markets, 98 tradeable so far
2026-05-10 18:00:08,926 [INFO] Betfair: 507 total markets, 98 above 100 GBP volume
2026-05-10 18:00:08,952 [INFO] betfair: 507 total, 98 above 100 GBP threshold
2026-05-10 18:00:09,186 [INFO] Snapshot written: /home/jwfalc/smarkets-bot/data/snapshots/betfair/2026-05-10_17-00.json
2026-05-10 18:00:09,306 [INFO] Market log updated (betfair)
2026-05-10 18:00:39,882 [INFO] Scanner complete for betfair. Snapshot: 2026-05-10_17-00.json
2026-05-10 18:00:40,317 [INFO] ============================================================
2026-05-10 18:00:40,317 [INFO] SCANNER RUN STARTED - MATCHBOOK
2026-05-10 18:00:40,318 [INFO] ============================================================
2026-05-10 18:00:40,769 [INFO] Matchbook login attempt 1/3
2026-05-10 18:00:40,945 [INFO] Matchbook login successful
2026-05-10 18:00:40,946 [INFO] Matchbook: fetching events with prices for 15 sports...
2026-05-10 18:00:41,099 [INFO] Matchbook: fetched page offset=0, 20 events (total so far: 20)
2026-05-10 18:00:41,411 [INFO] Matchbook: fetched page offset=20, 20 events (total so far: 40)
2026-05-10 18:00:41,765 [INFO] Matchbook: fetched page offset=40, 20 events (total so far: 60)
2026-05-10 18:00:42,153 [INFO] Matchbook: fetched page offset=60, 20 events (total so far: 80)
2026-05-10 18:00:42,542 [INFO] Matchbook: fetched page offset=80, 20 events (total so far: 100)
2026-05-10 18:00:42,862 [INFO] Matchbook: fetched page offset=100, 20 events (total so far: 120)
2026-05-10 18:00:43,217 [INFO] Matchbook: fetched page offset=120, 20 events (total so far: 140)
2026-05-10 18:00:43,561 [INFO] Matchbook: fetched page offset=140, 20 events (total so far: 160)
2026-05-10 18:00:43,825 [INFO] Matchbook: fetched page offset=160, 20 events (total so far: 180)
2026-05-10 18:00:44,059 [INFO] Matchbook: fetched page offset=180, 20 events (total so far: 200)
2026-05-10 18:00:44,398 [INFO] Matchbook: fetched page offset=200, 20 events (total so far: 220)
2026-05-10 18:00:44,697 [INFO] Matchbook: fetched page offset=220, 20 events (total so far: 240)
2026-05-10 18:00:45,048 [INFO] Matchbook: fetched page offset=240, 20 events (total so far: 260)
2026-05-10 18:00:45,364 [INFO] Matchbook: fetched page offset=260, 20 events (total so far: 280)
2026-05-10 18:00:45,656 [INFO] Matchbook: fetched page offset=280, 20 events (total so far: 300)
2026-05-10 18:00:45,926 [INFO] Matchbook: fetched page offset=300, 20 events (total so far: 320)
2026-05-10 18:00:46,160 [INFO] Matchbook: fetched page offset=320, 12 events (total so far: 332)
2026-05-10 18:00:46,160 [INFO] Matchbook: processing 332 events
2026-05-10 18:00:46,265 [INFO] Matchbook: processed 20/332 events, 228 markets so far
2026-05-10 18:00:46,284 [INFO] Matchbook: processed 40/332 events, 640 markets so far
2026-05-10 18:00:46,310 [INFO] Matchbook: processed 60/332 events, 1216 markets so far
2026-05-10 18:00:46,340 [INFO] Matchbook: processed 80/332 events, 1898 markets so far
2026-05-10 18:00:46,370 [INFO] Matchbook: processed 100/332 events, 2601 markets so far
2026-05-10 18:00:46,393 [INFO] Matchbook: processed 120/332 events, 3201 markets so far
2026-05-10 18:00:46,421 [INFO] Matchbook: processed 140/332 events, 3866 markets so far
2026-05-10 18:00:46,447 [INFO] Matchbook: processed 160/332 events, 4460 markets so far
2026-05-10 18:00:46,452 [INFO] Matchbook: processed 180/332 events, 4647 markets so far
2026-05-10 18:00:46,455 [INFO] Matchbook: processed 200/332 events, 4689 markets so far
2026-05-10 18:00:46,469 [INFO] Matchbook: processed 220/332 events, 5041 markets so far
2026-05-10 18:00:46,495 [INFO] Matchbook: processed 240/332 events, 5395 markets so far
2026-05-10 18:00:46,516 [INFO] Matchbook: processed 260/332 events, 5959 markets so far
2026-05-10 18:00:46,542 [INFO] Matchbook: processed 280/332 events, 6662 markets so far
2026-05-10 18:00:46,562 [INFO] Matchbook: processed 300/332 events, 7335 markets so far
2026-05-10 18:00:46,573 [INFO] Matchbook: processed 320/332 events, 7583 markets so far
2026-05-10 18:00:46,575 [INFO] Matchbook: processed 332/332 events, 7595 markets so far
2026-05-10 18:00:46,575 [INFO] Matchbook: 7596 total markets, 871 above 25 GBP volume
2026-05-10 18:00:46,658 [INFO] matchbook: 7596 total, 871 above 25 GBP threshold
2026-05-10 18:00:46,982 [INFO] Snapshot written: /home/jwfalc/smarkets-bot/data/snapshots/matchbook/2026-05-10_17-00.json
2026-05-10 18:00:47,156 [INFO] Market log updated (matchbook)
2026-05-10 18:01:20,317 [INFO] Scanner complete for matchbook. Snapshot: 2026-05-10_17-00.json
2026-05-10 18:01:21,463 [RESEARCHER] matchbook: 579 tradeable markets from 2026-05-10_17-00.json
2026-05-10 18:01:21,467 [RESEARCHER] Market selection: 0 politics/current-affairs + 15 matchbook-sports + 0 betfair-sports = 15 total
2026-05-10 18:01:21,468 [RESEARCHER] [1/15] Winner
2026-05-10 18:01:24,972 [RESEARCHER] [2/15] Winner
2026-05-10 18:01:29,881 [RESEARCHER] [3/15] Winner
2026-05-10 18:01:33,526 [RESEARCHER] [4/15] Winner
2026-05-10 18:01:37,228 [RESEARCHER] [5/15] Correct Score
2026-05-10 18:01:40,724 [RESEARCHER] [6/15] Match Odds
2026-05-10 18:01:45,073 [RESEARCHER] [7/15] To Be Relegated
2026-05-10 18:01:48,807 [RESEARCHER] [8/15] Winner
2026-05-10 18:01:53,067 [RESEARCHER] [9/15] Winner
2026-05-10 18:01:57,409 [RESEARCHER] [10/15] Total
2026-05-10 18:02:02,275 [RESEARCHER]   -> Dual entry: also on matchbook (market 33227370981000023)
2026-05-10 18:02:02,275 [RESEARCHER] [11/15] Match Odds
2026-05-10 18:02:06,911 [RESEARCHER] [12/15] Winner
2026-05-10 18:02:11,330 [RESEARCHER] [13/15] Match Odds
2026-05-10 18:02:15,712 [RESEARCHER] [14/15] Match Odds
2026-05-10 18:02:20,423 [RESEARCHER] [15/15] Match Odds
2026-05-10 18:02:24,704 [RESEARCHER] Research brief written: 2026-05-10_17-02_brief.json
2026-05-10 18:02:24,704 [RESEARCHER] Markets: 16 | Errors: 0 | Credits used: 30
BRIEF_PATH:/home/jwfalc/smarkets-bot/data/research/2026-05-10_17-02_brief.json
2026-05-10 18:02:25,089 [ANALYZER] Loading research brief: 2026-05-10_17-02_brief.json
2026-05-10 18:02:25,213 [ANALYZER] Analyzed 16 markets
2026-05-10 18:02:25,214 [ANALYZER] Found 9 signals (10pp+)
2026-05-10 18:02:25,214 [ANALYZER] Logged 10 distribution entries (7pp+)
2026-05-10 18:02:25,229 [ANALYZER] Research output written: 2026-05-10_17-02_research.json
RESEARCH_PATH:/home/jwfalc/smarkets-bot/data/research/2026-05-10_17-02_research.json
2026-05-10 18:02:26,050 [RESOLVE] Found 24 open trade(s) to check (paper_mode=True)
2026-05-10 18:02:26,146 [RESOLVE] Using cached Betfair session token
2026-05-10 18:02:26,147 [RESOLVE] Betfair: checking 2 open-trade markets
2026-05-10 18:02:30,761 [RESOLVE] Snapshot name lookup: found mappings for 2 markets
2026-05-10 18:02:30,903 [RESOLVE] Using cached Matchbook session token
2026-05-10 18:02:30,904 [RESOLVE] Matchbook: checking 4 open-trade markets against settled events
/home/jwfalc/smarkets-bot/scripts/check_resolutions.py:305: DeprecationWarning: datetime.datetime.utcnow() is deprecated and scheduled for removal in a future version. Use timezone-aware objects to represent datetimes in UTC: datetime.datetime.now(datetime.UTC).
  cutoff = datetime.datetime.utcnow() - datetime.timedelta(days=30)
2026-05-10 18:02:41,125 [RESOLVE] Settled markets found: 0
2026-05-10 18:02:41,125 [RESOLVE] No open-trade markets have settled yet.
2026-05-10 18:02:42,048 [INFO] ============================================================
2026-05-10 18:02:42,048 [INFO] DIGEST RUN STARTED
2026-05-10 18:02:42,048 [INFO] ============================================================
2026-05-10 18:02:47,117 [INFO] Signal filtered (high-odds lay): Correct Score @ 6.00 odds, 11.0pp edge
2026-05-10 18:02:47,118 [INFO] Signal filtered (high-odds lay): Correct Score @ 6.00 odds, 11.0pp edge
2026-05-10 18:02:47,119 [INFO] Signal filtered (high-odds lay): Correct Score @ 6.00 odds, 11.0pp edge
2026-05-10 18:02:47,146 [INFO] Dashboard data written: /home/jwfalc/smarkets-bot/dashboard/dashboard_data.json
2026-05-10 18:02:47,200 [INFO] Period logs updated: 2026-05-10, 2026-W19, 2026-05, 2026-Q2
2026-05-10 18:02:47,202 [INFO] Run log: [2026-05-10 17:02 UTC] status=signal | platforms=betfair,matchbook | markets=969 | signals=6 | alerts=0 | movements=10 | consec_losses=1
2026-05-10 18:02:47,202 [INFO] Digest complete
Balance: £100.38 | Reserved: £211.06 | Available: £-110.68
Skipping (insufficient balance): Winner needs £0.50, only £-110.68 available
Skipping (insufficient balance): Winner needs £6.40, only £-110.68 available
Skipping high-odds lay: Correct Score @ 6.00 odds, 11.0pp edge (need 20.0pp+ above 4.0 odds)
Skipping high-odds lay: Correct Score @ 6.00 odds, 11.0pp edge (need 20.0pp+ above 4.0 odds)
Skipping high-odds lay: Correct Score @ 6.00 odds, 11.0pp edge (need 20.0pp+ above 4.0 odds)
Skipping (insufficient balance): Match Odds needs £5.00, only £-110.68 available
Skipping (insufficient balance): Match Odds needs £5.00, only £-110.68 available
Skipping (insufficient balance): To Be Relegated needs £1.10, only £-110.68 available
Skipping (insufficient balance): Match Odds needs £10.00, only £-110.68 available
No new paper trades to log
Distribution log updated: 6 new entries added
Total entries: 438
  7-9pp: 85 total, 18 resolved
  10-11pp: 58 total, 34 resolved
  12pp+: 295 total, 134 resolved

REVIEW DUE: 7-9pp band has 18 resolved entries (threshold: 12)
  Run: python distribution_logger.py report
  Then run: prompts/prompt_review_v1.md

REVIEW DUE: 7-9pp band has 18 resolved entries (threshold: 12)
  Run: python distribution_logger.py report
  Then run: prompts/prompt_review_v1.md
EXIT_CODE:0
Sent
2026-05-10 18:02:50 [DEPLOY] Starting dashboard deploy...
HTML written OK
2026-05-10 18:02:50 [DEPLOY] Static HTML built
[main e6c557e] Deploy: 2026-05-10 18:02 UTC
 1 file changed, 1 insertion(+), 1 deletion(-)
To https://github.com/jwfalc-coder/smarkets-dashboard.git
   d4db8b0..e6c557e  main -> main
2026-05-10 18:02:50 [DEPLOY] Deploy complete: Deploy: 2026-05-10 18:02 UTC
