Sent
2026-05-25 14:00:02,118 [INFO] ============================================================
2026-05-25 14:00:02,118 [INFO] SCANNER RUN STARTED - BETFAIR
2026-05-25 14:00:02,118 [INFO] ============================================================
2026-05-25 14:00:02,516 [INFO] Cached Betfair session too old, re-logging in
2026-05-25 14:00:02,517 [INFO] Betfair login attempt 1/3
2026-05-25 14:00:02,678 [INFO] Betfair login successful
2026-05-25 14:00:02,833 [INFO] Catalogue: 100 markets for sport ID 1
2026-05-25 14:00:02,961 [INFO] Catalogue: 100 markets for sport ID 2
2026-05-25 14:00:03,085 [INFO] Catalogue: 100 markets for sport ID 7
2026-05-25 14:00:03,206 [INFO] Catalogue: 100 markets for sport ID 4
2026-05-25 14:00:03,295 [INFO] Catalogue: 1 markets for sport ID 2378961
2026-05-25 14:00:03,372 [INFO] Catalogue: 0 markets for sport ID 3
2026-05-25 14:00:03,585 [INFO] Catalogue: 100 markets for sport ID 7522
2026-05-25 14:00:03,660 [INFO] Catalogue: 0 markets for sport ID 6423
2026-05-25 14:00:03,660 [INFO] Betfair: fetching prices for 501 markets...
2026-05-25 14:00:08,374 [INFO] Betfair: enriching 501 markets with price data...
2026-05-25 14:00:08,384 [INFO] Betfair: enriched 50/501 markets, 8 tradeable so far
2026-05-25 14:00:08,393 [INFO] Betfair: enriched 100/501 markets, 19 tradeable so far
2026-05-25 14:00:08,399 [INFO] Betfair: enriched 150/501 markets, 22 tradeable so far
2026-05-25 14:00:08,402 [INFO] Betfair: enriched 200/501 markets, 24 tradeable so far
2026-05-25 14:00:08,448 [INFO] Betfair: enriched 250/501 markets, 52 tradeable so far
2026-05-25 14:00:08,455 [INFO] Betfair: enriched 300/501 markets, 75 tradeable so far
2026-05-25 14:00:08,462 [INFO] Betfair: enriched 350/501 markets, 93 tradeable so far
2026-05-25 14:00:08,465 [INFO] Betfair: enriched 400/501 markets, 98 tradeable so far
2026-05-25 14:00:08,515 [INFO] Betfair: enriched 450/501 markets, 111 tradeable so far
2026-05-25 14:00:08,565 [INFO] Betfair: enriched 500/501 markets, 124 tradeable so far
2026-05-25 14:00:08,567 [INFO] Betfair: enriched 501/501 markets, 124 tradeable so far
2026-05-25 14:00:08,568 [INFO] Betfair: 501 total markets, 124 above 100 GBP volume
2026-05-25 14:00:08,681 [INFO] Outrights: 19 markets for sport 1
2026-05-25 14:00:08,780 [INFO] Outrights: 12 markets for sport 3
2026-05-25 14:00:08,850 [INFO] Outrights: 0 markets for sport 2378961
2026-05-25 14:00:09,217 [INFO] Outrights: 23 markets above 25 GBP
2026-05-25 14:00:09,222 [INFO] Betfair: added 23 outright markets for cross-ref
2026-05-25 14:00:09,223 [INFO] betfair: 524 total, 147 above 100 GBP threshold
2026-05-25 14:00:09,511 [INFO] Snapshot written: /home/jwfalc/smarkets-bot/data/snapshots/betfair/2026-05-25_13-00.json
2026-05-25 14:00:09,667 [INFO] Market log updated (betfair)
2026-05-25 14:00:34,186 [INFO] Scanner complete for betfair. Snapshot: 2026-05-25_13-00.json
2026-05-25 14:00:34,504 [INFO] ============================================================
2026-05-25 14:00:34,504 [INFO] SCANNER RUN STARTED - MATCHBOOK
2026-05-25 14:00:34,505 [INFO] ============================================================
2026-05-25 14:00:34,848 [INFO] Matchbook login attempt 1/3
2026-05-25 14:00:35,014 [INFO] Matchbook login successful
2026-05-25 14:00:35,015 [INFO] Matchbook: fetching events with prices for 15 sports...
2026-05-25 14:00:35,119 [INFO] Matchbook: fetched page offset=0, 20 events (total so far: 20)
2026-05-25 14:00:35,412 [INFO] Matchbook: fetched page offset=20, 20 events (total so far: 40)
2026-05-25 14:00:35,771 [INFO] Matchbook: fetched page offset=40, 20 events (total so far: 60)
2026-05-25 14:00:36,114 [INFO] Matchbook: fetched page offset=60, 20 events (total so far: 80)
2026-05-25 14:00:36,447 [INFO] Matchbook: fetched page offset=80, 20 events (total so far: 100)
2026-05-25 14:00:36,743 [INFO] Matchbook: fetched page offset=100, 20 events (total so far: 120)
2026-05-25 14:00:36,991 [INFO] Matchbook: fetched page offset=120, 20 events (total so far: 140)
2026-05-25 14:00:37,242 [INFO] Matchbook: fetched page offset=140, 20 events (total so far: 160)
2026-05-25 14:00:37,483 [INFO] Matchbook: fetched page offset=160, 20 events (total so far: 180)
2026-05-25 14:00:37,718 [INFO] Matchbook: fetched page offset=180, 20 events (total so far: 200)
2026-05-25 14:00:37,961 [INFO] Matchbook: fetched page offset=200, 20 events (total so far: 220)
2026-05-25 14:00:38,242 [INFO] Matchbook: fetched page offset=220, 20 events (total so far: 240)
2026-05-25 14:00:38,567 [INFO] Matchbook: fetched page offset=240, 20 events (total so far: 260)
2026-05-25 14:00:38,871 [INFO] Matchbook: fetched page offset=260, 20 events (total so far: 280)
2026-05-25 14:00:39,160 [INFO] Matchbook: fetched page offset=280, 20 events (total so far: 300)
2026-05-25 14:00:39,391 [INFO] Matchbook: fetched page offset=300, 20 events (total so far: 320)
2026-05-25 14:00:39,626 [INFO] Matchbook: fetched page offset=320, 15 events (total so far: 335)
2026-05-25 14:00:39,627 [INFO] Matchbook: processing 335 events
2026-05-25 14:00:39,635 [INFO] Matchbook: processed 20/335 events, 258 markets so far
2026-05-25 14:00:39,684 [INFO] Matchbook: processed 40/335 events, 659 markets so far
2026-05-25 14:00:39,707 [INFO] Matchbook: processed 60/335 events, 1258 markets so far
2026-05-25 14:00:39,727 [INFO] Matchbook: processed 80/335 events, 1769 markets so far
2026-05-25 14:00:39,746 [INFO] Matchbook: processed 100/335 events, 2279 markets so far
2026-05-25 14:00:39,761 [INFO] Matchbook: processed 120/335 events, 2735 markets so far
2026-05-25 14:00:39,766 [INFO] Matchbook: processed 140/335 events, 2939 markets so far
2026-05-25 14:00:39,771 [INFO] Matchbook: processed 160/335 events, 3123 markets so far
2026-05-25 14:00:39,775 [INFO] Matchbook: processed 180/335 events, 3283 markets so far
2026-05-25 14:00:39,777 [INFO] Matchbook: processed 200/335 events, 3362 markets so far
2026-05-25 14:00:39,781 [INFO] Matchbook: processed 220/335 events, 3523 markets so far
2026-05-25 14:00:39,790 [INFO] Matchbook: processed 240/335 events, 3747 markets so far
2026-05-25 14:00:39,806 [INFO] Matchbook: processed 260/335 events, 4223 markets so far
2026-05-25 14:00:39,822 [INFO] Matchbook: processed 280/335 events, 4649 markets so far
2026-05-25 14:00:39,838 [INFO] Matchbook: processed 300/335 events, 5030 markets so far
2026-05-25 14:00:39,839 [INFO] Matchbook: processed 320/335 events, 5050 markets so far
2026-05-25 14:00:39,841 [INFO] Matchbook: processed 335/335 events, 5064 markets so far
2026-05-25 14:00:39,842 [INFO] Matchbook: 5065 total markets, 401 above 25 GBP volume
2026-05-25 14:00:39,886 [INFO] matchbook: 5065 total, 401 above 25 GBP threshold
2026-05-25 14:00:40,030 [INFO] Snapshot written: /home/jwfalc/smarkets-bot/data/snapshots/matchbook/2026-05-25_13-00.json
2026-05-25 14:00:40,108 [INFO] Market log updated (matchbook)
2026-05-25 14:01:04,654 [INFO] Scanner complete for matchbook. Snapshot: 2026-05-25_13-00.json
2026-05-25 14:01:05,330 [RESEARCHER] matchbook: 401 tradeable markets from 2026-05-25_13-00.json
2026-05-25 14:01:05,331 [RESEARCHER] Market selection: 0 politics/current-affairs + 15 sports = 15 total (platforms: ['matchbook'])
2026-05-25 14:01:05,331 [RESEARCHER] [1/15] Winner
2026-05-25 14:01:14,669 [RESEARCHER] [2/15] Winner
2026-05-25 14:01:23,277 [RESEARCHER] [3/15] Winner
2026-05-25 14:01:35,755 [RESEARCHER] [4/15] Match Odds
2026-05-25 14:01:46,773 [RESEARCHER] [5/15] Moneyline
2026-05-25 14:01:59,085 [RESEARCHER] [6/15] Correct Score
2026-05-25 14:02:06,660 [RESEARCHER] [7/15] Correct Score
2026-05-25 14:02:08,292 [RESEARCHER] [8/15] Winner
2026-05-25 14:02:16,896 [RESEARCHER] [9/15] Correct Score
2026-05-25 14:02:18,478 [RESEARCHER] [10/15] Match Odds
2026-05-25 14:02:24,818 [RESEARCHER] [11/15] Match Odds
2026-05-25 14:02:33,301 [RESEARCHER] [12/15] Winner
2026-05-25 14:02:45,816 [RESEARCHER] [13/15] Correct Score
2026-05-25 14:02:47,376 [RESEARCHER] [14/15] Match Odds
2026-05-25 14:02:54,927 [RESEARCHER] [15/15] Winner
2026-05-25 14:03:03,620 [RESEARCHER] Research brief written: 2026-05-25_13-03_brief.json
2026-05-25 14:03:03,620 [RESEARCHER] Markets: 15 | Errors: 0 | Credits used: 60
BRIEF_PATH:/home/jwfalc/smarkets-bot/data/research/2026-05-25_13-03_brief.json
2026-05-25 14:03:03,912 [ANALYZER] Loading research brief: 2026-05-25_13-03_brief.json
2026-05-25 14:03:04,142 [ANALYZER] Betfair cross-ref index: 3563 runners
2026-05-25 14:03:04,146 [ANALYZER] Analyzed 15 markets
2026-05-25 14:03:04,146 [ANALYZER] Found 0 signals (10pp+)
2026-05-25 14:03:04,146 [ANALYZER] Logged 0 distribution entries (7pp+)
2026-05-25 14:03:04,158 [ANALYZER] Research output written: 2026-05-25_13-03_research.json
2026-05-25 14:03:04,160 [ANALYZER] Appended 68 edge traces to edge_traces.json
RESEARCH_PATH:/home/jwfalc/smarkets-bot/data/research/2026-05-25_13-03_research.json
2026-05-25 14:03:04,719 [RESOLVE] Found 3 open trade(s) to check (paper_mode=True)
2026-05-25 14:03:04,719 [RESOLVE] Settled markets found: 0
2026-05-25 14:03:04,720 [RESOLVE] Standings: unknown competition for 'Men's French Open 2026 - Winner' — skip
2026-05-25 14:03:04,720 [RESOLVE] Standings fallback: 1 season future market(s) to check
2026-05-25 14:03:05,186 [RESOLVE] Standings: no match for 'Erling Haaland' in 20-team table
2026-05-25 14:03:05,186 [RESOLVE] No open-trade markets have settled yet.
2026-05-25 14:03:05,797 [INFO] ============================================================
2026-05-25 14:03:05,798 [INFO] DIGEST RUN STARTED
2026-05-25 14:03:05,798 [INFO] ============================================================
2026-05-25 14:03:10,310 [INFO] Dashboard data written: /home/jwfalc/smarkets-bot/dashboard/dashboard_data.json
2026-05-25 14:03:10,378 [INFO] Period logs updated: 2026-05-25, 2026-W22, 2026-05, 2026-Q2
2026-05-25 14:03:10,379 [INFO] Run log: [2026-05-25 13:03 UTC] status=ok | platforms=betfair,matchbook | markets=548 | signals=0 | alerts=0 | movements=10 | consec_losses=1
2026-05-25 14:03:10,379 [INFO] Digest complete
Balance: £282.75 | Reserved: £8.50 | Available: £274.25
No new paper trades to log
Distribution log updated: 0 new entries added
Total entries: 617
  near_certainty: 5 total, 4 resolved
  high_prob: 14 total, 7 resolved
  7-9pp: 165 total, 58 resolved
  10-11pp: 54 total, 29 resolved
  12pp+: 379 total, 270 resolved

REVIEW DUE: 7-9pp band has 58 resolved entries (threshold: 12)
  Run: python distribution_logger.py report
  Then run: prompts/prompt_review_v1.md

REVIEW DUE: 7-9pp band has 58 resolved entries (threshold: 12)
  Run: python distribution_logger.py report
  Then run: prompts/prompt_review_v1.md
EXIT_CODE:0
Sent
2026-05-25 14:03:13,365 [STATIC-DASH] Building dashboard data…
2026-05-25 14:03:14,339 [STATIC-DASH] Data collected: 152 trades, 7 signals, 548 markets
2026-05-25 14:03:14,538 [STATIC-DASH] Written: /home/jwfalc/smarkets-dashboard/index.html (2608KB)
2026-05-25 14:03:14 [DEPLOY] Starting dashboard deploy...
WARNING: could not find injection point in HTML
HTML written OK
2026-05-25 14:03:14 [DEPLOY] Static HTML built
[main f22d963] Deploy: 2026-05-25 14:03 UTC
 1 file changed, 1 insertion(+), 1 deletion(-)
To https://github.com/jwfalc-coder/smarkets-dashboard.git
   9f09b85..f22d963  main -> main
2026-05-25 14:03:14 [DEPLOY] Deploy complete: Deploy: 2026-05-25 14:03 UTC
