Sent
2026-05-20 20:03:40,699 [INFO] ============================================================
2026-05-20 20:03:40,700 [INFO] SCANNER RUN STARTED - BETFAIR
2026-05-20 20:03:40,700 [INFO] ============================================================
2026-05-20 20:03:41,285 [INFO] Using cached Betfair session token
2026-05-20 20:03:41,447 [INFO] Catalogue: 100 markets for sport ID 1
2026-05-20 20:03:41,594 [INFO] Catalogue: 100 markets for sport ID 2
2026-05-20 20:03:41,714 [INFO] Catalogue: 100 markets for sport ID 7
2026-05-20 20:03:41,846 [INFO] Catalogue: 100 markets for sport ID 4
2026-05-20 20:03:41,942 [INFO] Catalogue: 2 markets for sport ID 2378961
2026-05-20 20:03:42,070 [INFO] Catalogue: 76 markets for sport ID 3
2026-05-20 20:03:42,325 [INFO] Catalogue: 100 markets for sport ID 7522
2026-05-20 20:03:42,397 [INFO] Catalogue: 0 markets for sport ID 6423
2026-05-20 20:03:42,398 [INFO] Betfair: fetching prices for 578 markets...
2026-05-20 20:03:47,931 [INFO] Betfair: enriching 578 markets with price data...
2026-05-20 20:03:47,942 [INFO] Betfair: enriched 50/578 markets, 10 tradeable so far
2026-05-20 20:03:47,945 [INFO] Betfair: enriched 100/578 markets, 19 tradeable so far
2026-05-20 20:03:47,949 [INFO] Betfair: enriched 150/578 markets, 22 tradeable so far
2026-05-20 20:03:47,952 [INFO] Betfair: enriched 200/578 markets, 24 tradeable so far
2026-05-20 20:03:47,961 [INFO] Betfair: enriched 250/578 markets, 45 tradeable so far
2026-05-20 20:03:47,968 [INFO] Betfair: enriched 300/578 markets, 45 tradeable so far
2026-05-20 20:03:47,973 [INFO] Betfair: enriched 350/578 markets, 52 tradeable so far
2026-05-20 20:03:47,976 [INFO] Betfair: enriched 400/578 markets, 55 tradeable so far
2026-05-20 20:03:48,015 [INFO] Betfair: enriched 450/578 markets, 96 tradeable so far
2026-05-20 20:03:48,064 [INFO] Betfair: enriched 500/578 markets, 126 tradeable so far
2026-05-20 20:03:48,127 [INFO] Betfair: enriched 550/578 markets, 132 tradeable so far
2026-05-20 20:03:48,178 [INFO] Betfair: enriched 578/578 markets, 139 tradeable so far
2026-05-20 20:03:48,180 [INFO] Betfair: 578 total markets, 139 above 100 GBP volume
2026-05-20 20:03:48,327 [INFO] Outrights: 49 markets for sport 1
2026-05-20 20:03:48,418 [INFO] Outrights: 13 markets for sport 3
2026-05-20 20:03:48,496 [INFO] Outrights: 0 markets for sport 2378961
2026-05-20 20:03:49,221 [INFO] Outrights: 47 markets above 25 GBP
2026-05-20 20:03:49,229 [INFO] Betfair: added 40 outright markets for cross-ref
2026-05-20 20:03:49,231 [INFO] betfair: 618 total, 179 above 100 GBP threshold
2026-05-20 20:03:49,691 [INFO] Snapshot written: /home/jwfalc/smarkets-bot/data/snapshots/betfair/2026-05-20_19-03.json
2026-05-20 20:03:49,913 [INFO] Market log updated (betfair)
2026-05-20 20:04:25,270 [INFO] Scanner complete for betfair. Snapshot: 2026-05-20_19-03.json
2026-05-20 20:04:25,817 [INFO] ============================================================
2026-05-20 20:04:26,592 [INFO] SCANNER RUN STARTED - MATCHBOOK
2026-05-20 20:04:26,593 [INFO] ============================================================
2026-05-20 20:04:27,106 [INFO] Using cached Matchbook session token
2026-05-20 20:04:27,106 [INFO] Matchbook: fetching events with prices for 15 sports...
2026-05-20 20:04:27,283 [INFO] Matchbook: fetched page offset=0, 20 events (total so far: 20)
2026-05-20 20:04:27,664 [INFO] Matchbook: fetched page offset=20, 20 events (total so far: 40)
2026-05-20 20:04:27,995 [INFO] Matchbook: fetched page offset=40, 20 events (total so far: 60)
2026-05-20 20:04:28,226 [INFO] Matchbook: fetched page offset=60, 20 events (total so far: 80)
2026-05-20 20:04:28,462 [INFO] Matchbook: fetched page offset=80, 20 events (total so far: 100)
2026-05-20 20:04:28,781 [INFO] Matchbook: fetched page offset=100, 20 events (total so far: 120)
2026-05-20 20:04:29,013 [INFO] Matchbook: fetched page offset=120, 20 events (total so far: 140)
2026-05-20 20:04:29,271 [INFO] Matchbook: fetched page offset=140, 20 events (total so far: 160)
2026-05-20 20:04:29,579 [INFO] Matchbook: fetched page offset=160, 20 events (total so far: 180)
2026-05-20 20:04:29,894 [INFO] Matchbook: fetched page offset=180, 20 events (total so far: 200)
2026-05-20 20:04:30,228 [INFO] Matchbook: fetched page offset=200, 20 events (total so far: 220)
2026-05-20 20:04:30,595 [INFO] Matchbook: fetched page offset=220, 20 events (total so far: 240)
2026-05-20 20:04:30,953 [INFO] Matchbook: fetched page offset=240, 20 events (total so far: 260)
2026-05-20 20:04:31,213 [INFO] Matchbook: fetched page offset=260, 20 events (total so far: 280)
2026-05-20 20:04:31,459 [INFO] Matchbook: fetched page offset=280, 20 events (total so far: 300)
2026-05-20 20:04:31,691 [INFO] Matchbook: fetched page offset=300, 10 events (total so far: 310)
2026-05-20 20:04:31,691 [INFO] Matchbook: processing 310 events
2026-05-20 20:04:31,707 [INFO] Matchbook: processed 20/310 events, 316 markets so far
2026-05-20 20:04:31,741 [INFO] Matchbook: processed 40/310 events, 967 markets so far
2026-05-20 20:04:31,763 [INFO] Matchbook: processed 60/310 events, 1270 markets so far
2026-05-20 20:04:31,764 [INFO] Matchbook: processed 80/310 events, 1290 markets so far
2026-05-20 20:04:31,766 [INFO] Matchbook: processed 100/310 events, 1330 markets so far
2026-05-20 20:04:31,777 [INFO] Matchbook: processed 120/310 events, 1429 markets so far
2026-05-20 20:04:31,778 [INFO] Matchbook: processed 140/310 events, 1449 markets so far
2026-05-20 20:04:31,782 [INFO] Matchbook: processed 160/310 events, 1540 markets so far
2026-05-20 20:04:31,882 [INFO] Matchbook: processed 180/310 events, 2132 markets so far
2026-05-20 20:04:31,907 [INFO] Matchbook: processed 200/310 events, 2623 markets so far
2026-05-20 20:04:31,930 [INFO] Matchbook: processed 220/310 events, 3143 markets so far
2026-05-20 20:04:31,961 [INFO] Matchbook: processed 240/310 events, 3751 markets so far
2026-05-20 20:04:31,988 [INFO] Matchbook: processed 260/310 events, 4254 markets so far
2026-05-20 20:04:31,997 [INFO] Matchbook: processed 280/310 events, 4495 markets so far
2026-05-20 20:04:32,001 [INFO] Matchbook: processed 300/310 events, 4515 markets so far
2026-05-20 20:04:32,004 [INFO] Matchbook: processed 310/310 events, 4525 markets so far
2026-05-20 20:04:32,004 [INFO] Matchbook: 4526 total markets, 509 above 25 GBP volume
2026-05-20 20:04:32,071 [INFO] matchbook: 4526 total, 509 above 25 GBP threshold
2026-05-20 20:04:32,332 [INFO] Snapshot written: /home/jwfalc/smarkets-bot/data/snapshots/matchbook/2026-05-20_19-04.json
2026-05-20 20:04:32,464 [INFO] Market log updated (matchbook)
2026-05-20 20:05:11,054 [INFO] Scanner complete for matchbook. Snapshot: 2026-05-20_19-04.json
2026-05-20 20:05:12,147 [RESEARCHER] matchbook: 509 tradeable markets from 2026-05-20_19-04.json
2026-05-20 20:05:12,400 [RESEARCHER] Market selection: 0 politics/current-affairs + 15 sports = 15 total (platforms: ['matchbook'])
2026-05-20 20:05:12,400 [RESEARCHER] [1/15] Winner
2026-05-20 20:05:19,582 [RESEARCHER] [2/15] Winner
2026-05-20 20:05:27,428 [RESEARCHER] [3/15] Winner
2026-05-20 20:05:35,956 [RESEARCHER] [4/15] Correct Score
2026-05-20 20:05:44,059 [RESEARCHER] [5/15] To Be Relegated
2026-05-20 20:05:52,090 [RESEARCHER] [6/15] Winner
2026-05-20 20:05:59,858 [RESEARCHER] [7/15] Match Odds
2026-05-20 20:06:07,593 [RESEARCHER] [8/15] Correct Score
2026-05-20 20:06:09,288 [RESEARCHER] [9/15] Top 4 Finish
2026-05-20 20:06:17,056 [RESEARCHER] [10/15] Total
2026-05-20 20:06:21,045 [RESEARCHER] [11/15] Winner
2026-05-20 20:06:28,422 [RESEARCHER] [12/15] Top 6 Finish
2026-05-20 20:06:31,445 [RESEARCHER] [13/15] Both Teams To Score
2026-05-20 20:06:34,973 [RESEARCHER] [14/15] Match Odds
2026-05-20 20:06:42,638 [RESEARCHER] [15/15] Correct Score
Traceback (most recent call last):
  File "/home/jwfalc/smarkets-bot/scripts/researcher.py", line 431, in <module>
    run_research()
    ~~~~~~~~~~~~^^
  File "/home/jwfalc/smarkets-bot/scripts/researcher.py", line 416, in run_research
    "platforms": platforms,
                 ^^^^^^^^^
NameError: name 'platforms' is not defined. Did you mean: 'platform'?
2026-05-20 20:06:44,796 [ANALYZER] Loading research brief: 2026-05-20_17-03_brief.json
2026-05-20 20:06:45,134 [ANALYZER] Betfair cross-ref index: 5091 runners
2026-05-20 20:06:45,141 [ANALYZER] Analyzed 17 markets
2026-05-20 20:06:45,141 [ANALYZER] Found 4 signals (10pp+)
2026-05-20 20:06:45,141 [ANALYZER] Logged 12 distribution entries (7pp+)
2026-05-20 20:06:45,160 [ANALYZER] Research output written: 2026-05-20_19-06_research.json
2026-05-20 20:06:45,163 [ANALYZER] Appended 92 edge traces to edge_traces.json
RESEARCH_PATH:/home/jwfalc/smarkets-bot/data/research/2026-05-20_19-06_research.json
2026-05-20 20:06:46,032 [RESOLVE] Found 16 open trade(s) to check (paper_mode=True)
2026-05-20 20:06:46,137 [RESOLVE] Using cached Betfair session token
2026-05-20 20:06:46,137 [RESOLVE] Betfair: checking 2 open-trade markets
2026-05-20 20:06:53,622 [RESOLVE] Snapshot name lookup: found mappings for 2 markets
2026-05-20 20:06:53,722 [RESOLVE] Settled markets found: 0
2026-05-20 20:06:53,723 [RESOLVE] Standings: unknown competition for 'Men's French Open 2026 - Winner' — skip
2026-05-20 20:06:53,723 [RESOLVE] No open-trade markets have settled yet.
2026-05-20 20:06:54,729 [INFO] ============================================================
2026-05-20 20:06:54,731 [INFO] DIGEST RUN STARTED
2026-05-20 20:06:54,732 [INFO] ============================================================
2026-05-20 20:07:01,510 [INFO] Signal filtered (high-odds lay): Galway West By-Election Winner @ 5.00 odds (cap: 4.0)
2026-05-20 20:07:01,551 [INFO] Dashboard data written: /home/jwfalc/smarkets-bot/dashboard/dashboard_data.json
2026-05-20 20:07:01,636 [INFO] Period logs updated: 2026-05-20, 2026-W21, 2026-05, 2026-Q2
2026-05-20 20:07:01,637 [INFO] Run log: [2026-05-20 19:06 UTC] status=signal | platforms=betfair,matchbook | markets=688 | signals=3 | alerts=0 | movements=10 | consec_losses=1
2026-05-20 20:07:01,637 [INFO] Digest complete
Balance: £271.25 | Reserved: £63.59 | Available: £207.66
No new paper trades to log
Distribution log updated: 0 new entries added
Total entries: 571
  near_certainty: 4 total, 4 resolved
  high_prob: 14 total, 5 resolved
  7-9pp: 151 total, 33 resolved
  10-11pp: 46 total, 21 resolved
  12pp+: 356 total, 193 resolved

REVIEW DUE: 7-9pp band has 33 resolved entries (threshold: 12)
  Run: python distribution_logger.py report
  Then run: prompts/prompt_review_v1.md

REVIEW DUE: 7-9pp band has 33 resolved entries (threshold: 12)
  Run: python distribution_logger.py report
  Then run: prompts/prompt_review_v1.md
EXIT_CODE:0
Sent
2026-05-20 20:07:06,604 [REPAIR_RUNNER] INFO Re-running: python3 /home/jwfalc/smarkets-bot/scripts/researcher.py
2026-05-20 20:07:44,929 [REPAIR_RUNNER] ERROR Repair failed alert: researcher
2026-05-20 20:07:45,106 [REPAIR_RUNNER] INFO Telegram notification sent
2026-05-20 20:07:45,410 [WATCHDOG] WARNING HIGH alert: researcher repair_id=2026-05-20_20-07-45-1d86
2026-05-20 20:07:45,602 [WATCHDOG] INFO Telegram notification sent
2026-05-20 20:07:46,145 [STATIC-DASH] Building dashboard data…
2026-05-20 20:07:48,130 [STATIC-DASH] Data collected: 112 trades, 17 signals, 688 markets
2026-05-20 20:07:48,546 [STATIC-DASH] Written: /home/jwfalc/smarkets-dashboard/index.html (3357KB)
2026-05-20 20:07:49 [DEPLOY] Starting dashboard deploy...
WARNING: could not find injection point in HTML
HTML written OK
2026-05-20 20:07:49 [DEPLOY] Static HTML built
[main a16eceb] Deploy: 2026-05-20 20:07 UTC
 1 file changed, 1 insertion(+), 1 deletion(-)
To https://github.com/jwfalc-coder/smarkets-dashboard.git
   6ec2388..a16eceb  main -> main
2026-05-20 20:07:49 [DEPLOY] Deploy complete: Deploy: 2026-05-20 20:07 UTC
[main 204692d] log: routine_2026-05-20_2003
 1 file changed, 164 insertions(+)
 create mode 100644 data/routine_logs/routine_2026-05-20_2003.log
From https://github.com/jwfalc-coder/betting-auditor
 * branch            main       -> FETCH_HEAD
Current branch main is up to date.
To https://github.com/jwfalc-coder/betting-auditor.git
   78c0652..204692d  main -> main
