Sent
2026-05-12 23:00:03,630 [INFO] ============================================================
2026-05-12 23:00:03,631 [INFO] SCANNER RUN STARTED - BETFAIR
2026-05-12 23:00:03,631 [INFO] ============================================================
2026-05-12 23:00:04,382 [INFO] Cached Betfair session too old, re-logging in
2026-05-12 23:00:04,383 [INFO] Betfair login attempt 1/3
2026-05-12 23:00:04,549 [INFO] Betfair login successful
2026-05-12 23:00:04,726 [INFO] Catalogue: 100 markets for sport ID 1
2026-05-12 23:00:04,872 [INFO] Catalogue: 100 markets for sport ID 2
2026-05-12 23:00:05,030 [INFO] Catalogue: 100 markets for sport ID 7
2026-05-12 23:00:05,157 [INFO] Catalogue: 100 markets for sport ID 4
2026-05-12 23:00:05,245 [INFO] Catalogue: 0 markets for sport ID 2378961
2026-05-12 23:00:05,374 [INFO] Catalogue: 65 markets for sport ID 3
2026-05-12 23:00:05,649 [INFO] Catalogue: 100 markets for sport ID 7522
2026-05-12 23:00:05,744 [INFO] Catalogue: 0 markets for sport ID 6423
2026-05-12 23:00:05,745 [INFO] Betfair: fetching prices for 565 markets...
2026-05-12 23:00:11,271 [INFO] Betfair: enriching 565 markets with price data...
2026-05-12 23:00:11,278 [INFO] Betfair: enriched 50/565 markets, 27 tradeable so far
2026-05-12 23:00:11,283 [INFO] Betfair: enriched 100/565 markets, 47 tradeable so far
2026-05-12 23:00:11,286 [INFO] Betfair: enriched 150/565 markets, 51 tradeable so far
2026-05-12 23:00:11,289 [INFO] Betfair: enriched 200/565 markets, 53 tradeable so far
2026-05-12 23:00:11,302 [INFO] Betfair: enriched 250/565 markets, 58 tradeable so far
2026-05-12 23:00:11,314 [INFO] Betfair: enriched 300/565 markets, 62 tradeable so far
2026-05-12 23:00:11,317 [INFO] Betfair: enriched 350/565 markets, 69 tradeable so far
2026-05-12 23:00:11,321 [INFO] Betfair: enriched 400/565 markets, 73 tradeable so far
2026-05-12 23:00:11,371 [INFO] Betfair: enriched 450/565 markets, 88 tradeable so far
2026-05-12 23:00:11,414 [INFO] Betfair: enriched 500/565 markets, 100 tradeable so far
2026-05-12 23:00:11,476 [INFO] Betfair: enriched 550/565 markets, 103 tradeable so far
2026-05-12 23:00:11,515 [INFO] Betfair: enriched 565/565 markets, 103 tradeable so far
2026-05-12 23:00:11,516 [INFO] Betfair: 565 total markets, 103 above 100 GBP volume
2026-05-12 23:00:11,567 [INFO] betfair: 565 total, 103 above 100 GBP threshold
2026-05-12 23:00:11,925 [INFO] Snapshot written: /home/jwfalc/smarkets-bot/data/snapshots/betfair/2026-05-12_22-00.json
2026-05-12 23:00:12,082 [INFO] Market log updated (betfair)
2026-05-12 23:00:48,736 [INFO] Scanner complete for betfair. Snapshot: 2026-05-12_22-00.json
2026-05-12 23:00:49,391 [INFO] ============================================================
2026-05-12 23:00:49,392 [INFO] SCANNER RUN STARTED - MATCHBOOK
2026-05-12 23:00:49,392 [INFO] ============================================================
2026-05-12 23:00:50,068 [INFO] Using cached Matchbook session token
2026-05-12 23:00:50,068 [INFO] Matchbook: fetching events with prices for 15 sports...
2026-05-12 23:00:50,314 [INFO] Matchbook: fetched page offset=0, 20 events (total so far: 20)
2026-05-12 23:00:50,551 [INFO] Matchbook: fetched page offset=20, 20 events (total so far: 40)
2026-05-12 23:00:50,812 [INFO] Matchbook: fetched page offset=40, 20 events (total so far: 60)
2026-05-12 23:00:51,061 [INFO] Matchbook: fetched page offset=60, 20 events (total so far: 80)
2026-05-12 23:00:51,354 [INFO] Matchbook: fetched page offset=80, 20 events (total so far: 100)
2026-05-12 23:00:51,776 [INFO] Matchbook: fetched page offset=100, 20 events (total so far: 120)
2026-05-12 23:00:52,152 [INFO] Matchbook: fetched page offset=120, 20 events (total so far: 140)
2026-05-12 23:00:52,469 [INFO] Matchbook: fetched page offset=140, 20 events (total so far: 160)
2026-05-12 23:00:52,781 [INFO] Matchbook: fetched page offset=160, 20 events (total so far: 180)
2026-05-12 23:00:53,160 [INFO] Matchbook: fetched page offset=180, 20 events (total so far: 200)
2026-05-12 23:00:53,536 [INFO] Matchbook: fetched page offset=200, 20 events (total so far: 220)
2026-05-12 23:00:53,914 [INFO] Matchbook: fetched page offset=220, 20 events (total so far: 240)
2026-05-12 23:00:54,226 [INFO] Matchbook: fetched page offset=240, 20 events (total so far: 260)
2026-05-12 23:00:54,470 [INFO] Matchbook: fetched page offset=260, 20 events (total so far: 280)
2026-05-12 23:00:54,699 [INFO] Matchbook: fetched page offset=280, 1 events (total so far: 281)
2026-05-12 23:00:54,699 [INFO] Matchbook: processing 281 events
2026-05-12 23:00:54,726 [INFO] Matchbook: processed 20/281 events, 495 markets so far
2026-05-12 23:00:54,728 [INFO] Matchbook: processed 40/281 events, 536 markets so far
2026-05-12 23:00:54,735 [INFO] Matchbook: processed 60/281 events, 682 markets so far
2026-05-12 23:00:54,739 [INFO] Matchbook: processed 80/281 events, 769 markets so far
2026-05-12 23:00:54,757 [INFO] Matchbook: processed 100/281 events, 1081 markets so far
2026-05-12 23:00:54,783 [INFO] Matchbook: processed 120/281 events, 1643 markets so far
2026-05-12 23:00:54,939 [INFO] Matchbook: processed 140/281 events, 2332 markets so far
2026-05-12 23:00:54,960 [INFO] Matchbook: processed 160/281 events, 2808 markets so far
2026-05-12 23:00:54,977 [INFO] Matchbook: processed 180/281 events, 2832 markets so far
2026-05-12 23:00:55,004 [INFO] Matchbook: processed 200/281 events, 3451 markets so far
2026-05-12 23:00:55,042 [INFO] Matchbook: processed 220/281 events, 4133 markets so far
2026-05-12 23:00:55,075 [INFO] Matchbook: processed 240/281 events, 4844 markets so far
2026-05-12 23:00:55,099 [INFO] Matchbook: processed 260/281 events, 5356 markets so far
2026-05-12 23:00:55,102 [INFO] Matchbook: processed 280/281 events, 5376 markets so far
2026-05-12 23:00:55,103 [INFO] Matchbook: processed 281/281 events, 5377 markets so far
2026-05-12 23:00:55,104 [INFO] Matchbook: 5378 total markets, 439 above 25 GBP volume
2026-05-12 23:00:55,194 [INFO] matchbook: 5378 total, 439 above 25 GBP threshold
2026-05-12 23:00:55,434 [INFO] Snapshot written: /home/jwfalc/smarkets-bot/data/snapshots/matchbook/2026-05-12_22-00.json
2026-05-12 23:00:55,559 [INFO] Market log updated (matchbook)
2026-05-12 23:01:37,311 [INFO] Scanner complete for matchbook. Snapshot: 2026-05-12_22-00.json
2026-05-12 23:01:38,788 [RESEARCHER] matchbook: 281 tradeable markets from 2026-05-12_22-00.json
2026-05-12 23:01:38,790 [RESEARCHER] Market selection: 0 politics/current-affairs + 15 matchbook-sports + 0 betfair-sports = 15 total
2026-05-12 23:01:38,791 [RESEARCHER] [1/15] Winner
2026-05-12 23:01:43,061 [RESEARCHER] [2/15] Winner
2026-05-12 23:01:47,533 [RESEARCHER] [3/15] Winner
2026-05-12 23:01:51,195 [RESEARCHER] [4/15] To Be Relegated
2026-05-12 23:01:55,203 [RESEARCHER] [5/15] Winner
2026-05-12 23:01:58,992 [RESEARCHER] [6/15] Match Odds
2026-05-12 23:02:02,966 [RESEARCHER] [7/15] Top 4 Finish
2026-05-12 23:02:07,372 [RESEARCHER] [8/15] Match Odds
2026-05-12 23:02:11,242 [RESEARCHER] [9/15] Winner
2026-05-12 23:02:15,580 [RESEARCHER] [10/15] Top 6 Finish
2026-05-12 23:02:19,607 [RESEARCHER] [11/15] Correct Score
2026-05-12 23:02:24,075 [RESEARCHER] [12/15] Match Odds
2026-05-12 23:02:27,932 [RESEARCHER] [13/15] Correct Score
2026-05-12 23:02:31,471 [RESEARCHER] [14/15] Match Odds
2026-05-12 23:02:35,164 [RESEARCHER] [15/15] Match Odds
2026-05-12 23:02:39,178 [RESEARCHER] Research brief written: 2026-05-12_22-02_brief.json
2026-05-12 23:02:39,178 [RESEARCHER] Markets: 15 | Errors: 0 | Credits used: 30
BRIEF_PATH:/home/jwfalc/smarkets-bot/data/research/2026-05-12_22-02_brief.json
2026-05-12 23:02:39,700 [ANALYZER] Loading research brief: 2026-05-12_22-02_brief.json
2026-05-12 23:02:39,826 [ANALYZER] Analyzed 15 markets
2026-05-12 23:02:39,826 [ANALYZER] Found 3 signals (10pp+)
2026-05-12 23:02:39,827 [ANALYZER] Logged 11 distribution entries (7pp+)
2026-05-12 23:02:39,841 [ANALYZER] Research output written: 2026-05-12_22-02_research.json
2026-05-12 23:02:39,843 [ANALYZER] Appended 63 edge traces to edge_traces.json
RESEARCH_PATH:/home/jwfalc/smarkets-bot/data/research/2026-05-12_22-02_research.json
2026-05-12 23:02:40,900 [RESOLVE] Found 26 open trade(s) to check (paper_mode=True)
2026-05-12 23:02:40,912 [RESOLVE] Using cached Matchbook session token
2026-05-12 23:02:40,913 [RESOLVE] Matchbook: checking 8 open-trade markets against settled events
/home/jwfalc/smarkets-bot/scripts/check_resolutions.py:305: DeprecationWarning: datetime.datetime.utcnow() is deprecated and scheduled for removal in a future version. Use timezone-aware objects to represent datetimes in UTC: datetime.datetime.now(datetime.UTC).
  cutoff = datetime.datetime.utcnow() - datetime.timedelta(days=30)
2026-05-12 23:02:50,251 [RESOLVE] Settled markets found: 0
2026-05-12 23:02:50,252 [RESOLVE] No open-trade markets have settled yet.
2026-05-12 23:02:51,402 [INFO] ============================================================
2026-05-12 23:02:51,403 [INFO] DIGEST RUN STARTED
2026-05-12 23:02:51,403 [INFO] ============================================================
2026-05-12 23:02:58,140 [INFO] Dashboard data written: /home/jwfalc/smarkets-bot/dashboard/dashboard_data.json
2026-05-12 23:02:58,207 [INFO] Period logs updated: 2026-05-12, 2026-W20, 2026-05, 2026-Q2
2026-05-12 23:02:58,209 [INFO] Run log: [2026-05-12 22:02 UTC] status=signal | platforms=betfair,matchbook | markets=542 | signals=3 | alerts=0 | movements=10 | consec_losses=0
2026-05-12 23:02:58,375 [INFO] Telegram notification sent
2026-05-12 23:02:58,376 [INFO] Digest complete
Balance: £209.18 | Reserved: £189.31 | Available: £19.87
No new paper trades to log
Distribution log updated: 2 new entries added
Total entries: 503
  7-9pp: 122 total, 18 resolved
  10-11pp: 61 total, 37 resolved
  12pp+: 320 total, 169 resolved

REVIEW DUE: 7-9pp band has 18 resolved entries (threshold: 12)
  Run: python distribution_logger.py report
  Then run: prompts/prompt_review_v1.md

REVIEW DUE: 7-9pp band has 18 resolved entries (threshold: 12)
  Run: python distribution_logger.py report
  Then run: prompts/prompt_review_v1.md
EXIT_CODE:0
Sent
2026-05-12 23:03:03,566 [STATIC-DASH] Building dashboard data…
2026-05-12 23:03:05,079 [STATIC-DASH] Data collected: 101 trades, 51 signals, 542 markets
2026-05-12 23:03:05,347 [STATIC-DASH] Written: /home/jwfalc/smarkets-dashboard/index.html (2573KB)
2026-05-12 23:03:05 [DEPLOY] Starting dashboard deploy...
WARNING: could not find injection point in HTML
HTML written OK
2026-05-12 23:03:05 [DEPLOY] Static HTML built
[main 9f4b88f] Deploy: 2026-05-12 23:03 UTC
 1 file changed, 1 insertion(+), 1 deletion(-)
To https://github.com/jwfalc-coder/smarkets-dashboard.git
   74d7b78..9f4b88f  main -> main
2026-05-12 23:03:05 [DEPLOY] Deploy complete: Deploy: 2026-05-12 23:03 UTC
