Sent
2026-06-15 10:30:02,733 [INFO] ============================================================
2026-06-15 10:30:02,734 [INFO] SCANNER RUN STARTED - BETFAIR
2026-06-15 10:30:02,734 [INFO] ============================================================
2026-06-15 10:30:03,134 [INFO] Cached Betfair session too old, re-logging in
2026-06-15 10:30:03,135 [INFO] Betfair login attempt 1/3
2026-06-15 10:30:03,276 [INFO] Betfair login successful
2026-06-15 10:30:03,420 [INFO] Catalogue: 100 markets for sport ID 1 (window=48h)
2026-06-15 10:30:03,538 [INFO] Catalogue: 100 markets for sport ID 2 (window=48h)
2026-06-15 10:30:03,653 [INFO] Catalogue: 100 markets for sport ID 7 (window=48h)
2026-06-15 10:30:03,770 [INFO] Catalogue: 100 markets for sport ID 4 (window=48h)
2026-06-15 10:30:03,855 [INFO] Catalogue: 12 markets for sport ID 2378961 (window=168h)
2026-06-15 10:30:03,942 [INFO] Catalogue: 1 markets for sport ID 3 (window=168h)
2026-06-15 10:30:04,078 [INFO] Catalogue: 42 markets for sport ID 7522 (window=48h)
2026-06-15 10:30:04,148 [INFO] Catalogue: 0 markets for sport ID 6423 (window=48h)
2026-06-15 10:30:04,149 [INFO] Betfair: fetching prices for 455 markets...
2026-06-15 10:30:07,785 [INFO] Betfair: enriching 455 markets with price data...
2026-06-15 10:30:07,793 [INFO] Betfair: enriched 50/455 markets, 8 tradeable so far
2026-06-15 10:30:07,799 [INFO] Betfair: enriched 100/455 markets, 11 tradeable so far
2026-06-15 10:30:07,802 [INFO] Betfair: enriched 150/455 markets, 13 tradeable so far
2026-06-15 10:30:07,807 [INFO] Betfair: enriched 200/455 markets, 15 tradeable so far
2026-06-15 10:30:07,820 [INFO] Betfair: enriched 250/455 markets, 32 tradeable so far
2026-06-15 10:30:07,832 [INFO] Betfair: enriched 300/455 markets, 53 tradeable so far
2026-06-15 10:30:07,836 [INFO] Betfair: enriched 350/455 markets, 64 tradeable so far
2026-06-15 10:30:07,840 [INFO] Betfair: enriched 400/455 markets, 66 tradeable so far
2026-06-15 10:30:07,883 [INFO] Betfair: enriched 450/455 markets, 82 tradeable so far
2026-06-15 10:30:07,887 [INFO] Betfair: enriched 455/455 markets, 82 tradeable so far
2026-06-15 10:30:07,889 [INFO] Betfair: 455 total markets, 82 above 100 GBP volume
2026-06-15 10:30:07,987 [INFO] Outrights: 20 markets for sport 1
2026-06-15 10:30:08,064 [INFO] Outrights: 6 markets for sport 3
2026-06-15 10:30:08,150 [INFO] Outrights: 50 markets for sport 2378961
2026-06-15 10:30:08,788 [INFO] Outrights: 58 markets above 25 GBP
2026-06-15 10:30:08,792 [INFO] Betfair: added 48 outright markets for cross-ref
2026-06-15 10:30:08,793 [INFO] betfair: 503 total, 130 above 100 GBP threshold
2026-06-15 10:30:08,940 [INFO] Snapshot written: /home/jwfalc/smarkets-bot/data/snapshots/betfair/2026-06-15_09-30.json
2026-06-15 10:30:09,015 [INFO] Market log updated (betfair)
2026-06-15 10:30:29,554 [INFO] Scanner complete for betfair. Snapshot: 2026-06-15_09-30.json
2026-06-15 10:30:29,860 [INFO] ============================================================
2026-06-15 10:30:29,860 [INFO] SCANNER RUN STARTED - MATCHBOOK
2026-06-15 10:30:29,861 [INFO] ============================================================
2026-06-15 10:30:30,205 [INFO] Matchbook login attempt 1/3
2026-06-15 10:30:30,368 [INFO] Matchbook login successful
2026-06-15 10:30:30,369 [INFO] Matchbook: fetching events with prices for 15 sports...
2026-06-15 10:30:30,463 [INFO] Matchbook: fetched page offset=0, 20 events (total so far: 20)
2026-06-15 10:30:30,713 [INFO] Matchbook: fetched page offset=20, 20 events (total so far: 40)
2026-06-15 10:30:30,981 [INFO] Matchbook: fetched page offset=40, 20 events (total so far: 60)
2026-06-15 10:30:31,318 [INFO] Matchbook: fetched page offset=60, 20 events (total so far: 80)
2026-06-15 10:30:31,568 [INFO] Matchbook: fetched page offset=80, 20 events (total so far: 100)
2026-06-15 10:30:31,806 [INFO] Matchbook: fetched page offset=100, 20 events (total so far: 120)
2026-06-15 10:30:32,089 [INFO] Matchbook: fetched page offset=120, 20 events (total so far: 140)
2026-06-15 10:30:32,494 [INFO] Matchbook: fetched page offset=140, 20 events (total so far: 160)
2026-06-15 10:30:32,782 [INFO] Matchbook: fetched page offset=160, 20 events (total so far: 180)
2026-06-15 10:30:33,084 [INFO] Matchbook: fetched page offset=180, 16 events (total so far: 196)
2026-06-15 10:30:33,085 [INFO] Matchbook: processing 196 events
2026-06-15 10:30:33,093 [INFO] Matchbook: processed 20/196 events, 171 markets so far
2026-06-15 10:30:33,099 [INFO] Matchbook: processed 40/196 events, 396 markets so far
2026-06-15 10:30:33,107 [INFO] Matchbook: processed 60/196 events, 598 markets so far
2026-06-15 10:30:33,126 [INFO] Matchbook: processed 80/196 events, 1092 markets so far
2026-06-15 10:30:33,131 [INFO] Matchbook: processed 100/196 events, 1336 markets so far
2026-06-15 10:30:33,136 [INFO] Matchbook: processed 120/196 events, 1534 markets so far
2026-06-15 10:30:33,146 [INFO] Matchbook: processed 140/196 events, 1811 markets so far
2026-06-15 10:30:33,173 [INFO] Matchbook: processed 160/196 events, 2390 markets so far
2026-06-15 10:30:33,188 [INFO] Matchbook: processed 180/196 events, 2723 markets so far
2026-06-15 10:30:33,194 [INFO] Matchbook: processed 196/196 events, 2739 markets so far
2026-06-15 10:30:33,195 [INFO] Matchbook: 2740 total markets, 451 above 25 GBP volume
2026-06-15 10:30:33,224 [INFO] matchbook: 2740 total, 451 above 25 GBP threshold
2026-06-15 10:30:33,391 [INFO] Snapshot written: /home/jwfalc/smarkets-bot/data/snapshots/matchbook/2026-06-15_09-30.json
2026-06-15 10:30:33,479 [INFO] Market log updated (matchbook)
2026-06-15 10:30:53,983 [INFO] Scanner complete for matchbook. Snapshot: 2026-06-15_09-30.json
2026-06-15 10:30:54,646 [RESEARCHER] Prior index loaded: 24 known runners
2026-06-15 10:30:54,651 [RESEARCHER] Research cache: 61 entries loaded (TTL 6h, drift 10%)
2026-06-15 10:30:54,687 [RESEARCHER] betfair: skipped 1 markets above volume cap (£500,000)
2026-06-15 10:30:54,688 [RESEARCHER] Horizon filter: skipping English Premier League | pfa player of the year 2025/26 — no market_start_time (outright/long-horizon type)
2026-06-15 10:30:54,688 [RESEARCHER] Horizon filter: skipping Brazilian Serie A | winner 2026 — no market_start_time (outright/long-horizon type)
2026-06-15 10:30:54,688 [RESEARCHER] Horizon filter: skipping Irish Premier Division | winner outright 2026 — no market_start_time (outright/long-horizon type)
2026-06-15 10:30:54,688 [RESEARCHER] Horizon filter: skipping US Major League Soccer | mls cup winner 2026 — no market_start_time (outright/long-horizon type)
2026-06-15 10:30:54,688 [RESEARCHER] Horizon filter: skipping FIFA World Cup | fifa golden ball — no market_start_time (outright/long-horizon type)
2026-06-15 10:30:54,688 [RESEARCHER] Horizon filter: skipping FIFA World Cup | winning group — no market_start_time (outright/long-horizon type)
2026-06-15 10:30:54,688 [RESEARCHER] Horizon filter: skipping FIFA World Cup | england starting xi vs croatia - midfielders — no market_start_time (outright/long-horizon type)
2026-06-15 10:30:54,689 [RESEARCHER] Horizon filter: skipping FIFA World Cup | england starting xi vs croatia - goalkeepers — no market_start_time (outright/long-horizon type)
2026-06-15 10:30:54,689 [RESEARCHER] Horizon filter: skipping FIFA World Cup | england starting xi vs croatia - defenders — no market_start_time (outright/long-horizon type)
2026-06-15 10:30:54,689 [RESEARCHER] Horizon filter: skipping FIFA World Cup | england starting xi vs croatia - forwards — no market_start_time (outright/long-horizon type)
2026-06-15 10:30:54,689 [RESEARCHER] Horizon filter: skipping FIFA World Cup | total tournament goals — no market_start_time (outright/long-horizon type)
2026-06-15 10:30:54,689 [RESEARCHER] Horizon filter: skipping FIFA World Cup | england top team goalscorer — no market_start_time (outright/long-horizon type)
2026-06-15 10:30:54,689 [RESEARCHER] Horizon filter: skipping FIFA World Cup | who will perform at the world cup final ht show? — no market_start_time (outright/long-horizon type)
2026-06-15 10:30:54,689 [RESEARCHER] Horizon filter: skipping English Sky Bet League 1 | winner 2026/27 — no market_start_time (outright/long-horizon type)
2026-06-15 10:30:54,689 [RESEARCHER] Horizon filter: skipping English Sky Bet League 2 | winner 2026/27 — no market_start_time (outright/long-horizon type)
2026-06-15 10:30:54,689 [RESEARCHER] Horizon filter: skipping English Sky Bet Championship | winner 2026/27 — no market_start_time (outright/long-horizon type)
2026-06-15 10:30:54,689 [RESEARCHER] Horizon filter: skipping English Premier League | winner 2026/27 — no market_start_time (outright/long-horizon type)
2026-06-15 10:30:54,689 [RESEARCHER] Horizon filter: skipping Specials | ballon d'or winner 2026 — no market_start_time (outright/long-horizon type)
2026-06-15 10:30:54,690 [RESEARCHER] Horizon filter: skipping The Open Championship 2026 | winner — no market_start_time (outright/long-horizon type)
2026-06-15 10:30:54,690 [RESEARCHER] Horizon filter: skipping Presidents Cup 2026 | winner — no market_start_time (outright/long-horizon type)
2026-06-15 10:30:54,690 [RESEARCHER] Horizon filter: skipping The Masters 2027 | winner — no market_start_time (outright/long-horizon type)
2026-06-15 10:30:54,690 [RESEARCHER] Horizon filter: skipping The Ryder Cup 2027 | winner — no market_start_time (outright/long-horizon type)
2026-06-15 10:30:54,690 [RESEARCHER] betfair: skipped 22 outright markets with no start time (BUG-093)
2026-06-15 10:30:54,690 [RESEARCHER] betfair: 107 tradeable markets from 2026-06-15_09-30.json
2026-06-15 10:30:54,692 [RESEARCHER] Politics: skipping indefinite market: South American Politics | Next President of Peru
2026-06-15 10:30:54,692 [RESEARCHER] Politics: skipping indefinite market: South American Politics | Next President of Colombia
2026-06-15 10:30:54,692 [RESEARCHER] Politics: skipping indefinite market: UK - Party Leaders | Next Lib Dem Leader
2026-06-15 10:30:54,693 [RESEARCHER] Politics: skipping indefinite market: European Politics | Next Prime Minister of Sweden
2026-06-15 10:30:54,693 [RESEARCHER] Politics: skipping indefinite market: UK - Party Leaders | Next Labour Leader
2026-06-15 10:30:54,693 [RESEARCHER] Politics: skipping indefinite market: South American Politics | Next President of Brazil
2026-06-15 10:30:54,693 [RESEARCHER] Politics: capped at 5 slots — dropped 22 lowest-volume politics markets
2026-06-15 10:30:54,693 [RESEARCHER] Market selection: 5 politics + 1 outrights + 14 other sports = 20 total (platforms: ['betfair'])
2026-06-15 10:30:54,693 [RESEARCHER] [1/20] Makerfield by-election
2026-06-15 10:30:54,694 [RESEARCHER]   [CACHE HIT] Reusing research from 2026-06-15T05:01
2026-06-15 10:30:56,572 [RESEARCHER] [2/20] Which party will control the House in 2026?
2026-06-15 10:30:56,573 [RESEARCHER]   [CACHE HIT] Reusing research from 2026-06-15T05:01
2026-06-15 10:30:58,316 [RESEARCHER] [3/20] Makerfield by-election winner without Labour
2026-06-15 10:30:58,316 [RESEARCHER]   [CACHE HIT] Reusing research from 2026-06-15T05:01
2026-06-15 10:31:00,199 [RESEARCHER] [4/20] Which party will control the Senate in 2026?
2026-06-15 10:31:00,199 [RESEARCHER]   [CACHE HIT] Reusing research from 2026-06-15T05:01
2026-06-15 10:31:02,061 [RESEARCHER] [5/20] Makerfield - Restore Britain Vote Percentage
2026-06-15 10:31:02,062 [RESEARCHER]   [CACHE HIT] Reusing research from 2026-06-15T05:01
2026-06-15 10:31:03,819 [RESEARCHER] [6/20] Winner
2026-06-15 10:31:12,372 [RESEARCHER]   Prior history injected for Scottie Scheffler
2026-06-15 10:31:12,373 [RESEARCHER]   Prior history injected for Tommy Fleetwood
2026-06-15 10:31:12,373 [RESEARCHER]   Prior history injected for Xander Schauffele
2026-06-15 10:31:19,034 [RESEARCHER] [SLASHGOLF] HTTP 400 for /leaderboard
2026-06-15 10:31:19,035 [RESEARCHER] [7/20] Match Odds
2026-06-15 10:31:27,266 [RESEARCHER] [8/20] Match Odds
2026-06-15 10:31:35,190 [RESEARCHER]   Prior history injected for Australia W
2026-06-15 10:31:35,191 [RESEARCHER]   Prior history injected for Bangladesh W
2026-06-15 10:31:35,928 [RESEARCHER]   Data provider: 3 facts injected
2026-06-15 10:31:35,928 [RESEARCHER] [9/20] Match Odds
2026-06-15 10:31:44,047 [RESEARCHER] [DATA_PROVIDER] theoddsapi: unrecognised sport_type=
2026-06-15 10:31:44,047 [RESEARCHER]   Data provider: 2 facts injected
2026-06-15 10:31:44,047 [RESEARCHER] [10/20] Match Odds
2026-06-15 10:31:51,491 [RESEARCHER] [DATA_PROVIDER] theoddsapi: unrecognised sport_type=
2026-06-15 10:31:51,491 [RESEARCHER]   Data provider: 5 facts injected
2026-06-15 10:31:51,491 [RESEARCHER] [11/20] 7f Mdn Stks
2026-06-15 10:31:56,462 [RESEARCHER] [12/20] Match Odds
2026-06-15 10:32:03,943 [RESEARCHER] [13/20] 5f Hcap
2026-06-15 10:32:08,377 [RESEARCHER] [14/20] Match Odds
2026-06-15 10:32:16,827 [RESEARCHER]   Prior history injected for Rwanda W
2026-06-15 10:32:16,827 [RESEARCHER]   Prior history injected for Malawi W
2026-06-15 10:32:17,315 [RESEARCHER]   Data provider: 2 facts injected
2026-06-15 10:32:17,316 [RESEARCHER] [15/20] 6f Hcap
2026-06-15 10:32:22,262 [RESEARCHER] [16/20] Moneyline
2026-06-15 10:32:29,488 [RESEARCHER] [DATA_PROVIDER] theoddsapi: unrecognised sport_type=
2026-06-15 10:32:29,489 [RESEARCHER] [17/20] Match Odds
2026-06-15 10:32:37,302 [RESEARCHER]   Prior history injected for England W
2026-06-15 10:32:37,302 [RESEARCHER]   Prior history injected for Ireland W
2026-06-15 10:32:38,101 [RESEARCHER]   Data provider: 3 facts injected
2026-06-15 10:32:38,102 [RESEARCHER] [18/20] Match Odds
2026-06-15 10:32:46,041 [RESEARCHER] [19/20] Match Odds
2026-06-15 10:32:53,374 [RESEARCHER]   Prior history injected for New Zealand W
2026-06-15 10:32:53,375 [RESEARCHER]   Prior history injected for Sri Lanka W
2026-06-15 10:32:54,099 [RESEARCHER]   Data provider: 3 facts injected
2026-06-15 10:32:54,099 [RESEARCHER] [20/20] Match Odds
2026-06-15 10:33:02,084 [RESEARCHER] Research cache: 5 hits, 15 fresh lookups
2026-06-15 10:33:02,102 [RESEARCHER] Research brief written: 2026-06-15_09-33_brief.json
2026-06-15 10:33:02,103 [RESEARCHER] Markets: 20 | Errors: 0 | Credits used: 58
BRIEF_PATH:/home/jwfalc/smarkets-bot/data/research/2026-06-15_09-33_brief.json
2026-06-15 10:33:02,423 [ANALYZER] Loading research brief: 2026-06-15_09-33_brief.json
2026-06-15 10:33:02,576 [ANALYZER] Betfair cross-ref index: 2612 runners
2026-06-15 10:33:02,596 [ANALYZER] BUG-134: Merged duplicate runner 'Deomcratic Party' into 'Democratic Party' (similarity 0.94) in USA 2026 Midterm Elections | Which party will control the House in 2026?
2026-06-15 10:33:02,610 [ANALYZER] BUG-134: Merged duplicate runner '15-19.99%' into '5-9.99%' (similarity 0.88) in UK - By-Elections | Makerfield - Restore Britain Vote Percentage
2026-06-15 10:33:02,610 [ANALYZER] BUG-134: Merged duplicate runner '25-29.99%' into '5-9.99%' (similarity 0.88) in UK - By-Elections | Makerfield - Restore Britain Vote Percentage
2026-06-15 10:33:02,658 [ANALYZER] BUG-130: Skipped unsupported market type: Wetherby 15th Jun | 7f Mdn Stks [betfair]
2026-06-15 10:33:02,662 [ANALYZER] BUG-130: Skipped unsupported market type: Chepstow 15th Jun | 5f Hcap [betfair]
2026-06-15 10:33:02,666 [ANALYZER] BUG-130: Skipped unsupported market type: Carlisle 15th Jun | 6f Hcap [betfair]
2026-06-15 10:33:02,686 [ANALYZER] Analyzed 17 markets
2026-06-15 10:33:02,686 [ANALYZER] Found 6 signals (10pp+)
2026-06-15 10:33:02,686 [ANALYZER] Logged 19 distribution entries (7pp+)
2026-06-15 10:33:02,698 [ANALYZER] Research output written: 2026-06-15_09-33_research.json
2026-06-15 10:33:02,699 [ANALYZER] Appended 47 edge traces to edge_traces.json
RESEARCH_PATH:/home/jwfalc/smarkets-bot/data/research/2026-06-15_09-33_research.json
2026-06-15 10:33:03,264 [RESOLVE] Found 7 open trade(s) to check (paper_mode=True)
2026-06-15 10:33:03,336 [RESOLVE] Using cached Betfair session token
2026-06-15 10:33:03,336 [RESOLVE] Betfair: checking 6 open-trade markets
2026-06-15 10:33:16,289 [RESOLVE] Snapshot name lookup: found mappings for 6 markets
2026-06-15 10:33:16,385 [RESOLVE] Settled markets found: 0
2026-06-15 10:33:16,386 [RESOLVE] No open-trade markets have settled yet.
Kelly balance: £107.58 | Reserved: £42.80 | Available: £64.78
Stake scaling: Kelly balance £107.58 → max stake £15.00 (was £50.00)
Logged paper trade: Makerfield - Restore Britain Vote Percentage - BACK @ 43.1% (edge: 12.3pp) [betfair] | available now £62.30
Skipping (already open): Winner BACK
Logged paper trade: Match Odds - BACK @ 50.0% (edge: 28.55pp) [betfair] | available now £50.85
Logged paper trade: Match Odds - BACK @ 50.0% (edge: 47.35pp) [betfair] | available now £35.85
Skipping (Kelly stake below £0.50 floor): Moneyline Fenerbahce Sk — stake=£0.00 odds=1.33 model_prob=74.33%
Skipping (Kelly stake below £0.50 floor): Match Odds New Zealand W — stake=£0.00 odds=1.33 model_prob=74.33%

3 new paper trade(s) logged
Signal drought counter: 0 consecutive zero-signal run(s)
2026-06-15 10:33:17,695 [INFO] ============================================================
2026-06-15 10:33:17,695 [INFO] DIGEST RUN STARTED
2026-06-15 10:33:17,695 [INFO] ============================================================
2026-06-15 10:33:21,227 [INFO] Slip dedup: skipping Scottie Scheffler (BACK) — conflicting back in same market
2026-06-15 10:33:21,235 [INFO] Sending batch slip: 5 signals
2026-06-15 10:33:21,510 [INFO] Telegram notification sent
2026-06-15 10:33:21,511 [INFO] Sent 5 Telegram signal alerts
2026-06-15 10:33:24,446 [INFO] cashout_advisor: no advisory triggers fired
2026-06-15 10:33:24,446 [WARNING] CONSECUTIVE LOSSES: 3
2026-06-15 10:33:24,446 [WARNING] Consecutive loss alert: 3 in a row
2026-06-15 10:33:24,649 [INFO] Telegram notification sent
2026-06-15 10:33:24,669 [INFO] Dashboard data written: /home/jwfalc/smarkets-bot/dashboard/dashboard_data.json
2026-06-15 10:33:24,743 [INFO] Period logs updated: 2026-06-15, 2026-W25, 2026-06, 2026-Q2
2026-06-15 10:33:24,744 [INFO] Run log: [2026-06-15 09:33 UTC] status=signal | platforms=betfair,matchbook | markets=581 | signals=6 | alerts=5 | movements=10 | consec_losses=3
2026-06-15 10:33:24,744 [INFO] Digest complete
Distribution log updated: 15 new entries added
Total entries: 1272
  near_certainty: 14 total, 11 resolved
  high_prob: 47 total, 32 resolved
  7-9pp: 386 total, 134 resolved
  10-11pp: 198 total, 75 resolved
  12pp+: 627 total, 437 resolved

REVIEW DUE: 7-9pp band has 134 resolved entries (threshold: 12)
  Run: python distribution_logger.py report
  Then run: prompts/prompt_review_v1.md

REVIEW DUE: 7-9pp band has 134 resolved entries (threshold: 12)
  Run: python distribution_logger.py report
  Then run: prompts/prompt_review_v1.md
EXIT_CODE:0
Sent
2026-06-15 10:33:27,627 [STATIC-DASH] Building dashboard data…
2026-06-15 10:33:27,631 [STATIC-DASH] Data collected: 56 trades, 6 signals
2026-06-15 10:33:27,653 [STATIC-DASH] Written: /home/jwfalc/smarkets-dashboard/index.html (502KB)
2026-06-15 10:33:27,669 [STATIC-DASH] Copied PWA asset: manifest.json
2026-06-15 10:33:27,670 [STATIC-DASH] Copied PWA asset: apple-touch-icon.png
2026-06-15 10:33:27,672 [STATIC-DASH] Copied PWA asset: icon-192.png
2026-06-15 10:33:27,673 [STATIC-DASH] Copied PWA asset: icon-512.png
2026-06-15 10:33:27 [DEPLOY] Starting dashboard deploy...
HTML written OK
2026-06-15 10:33:27 [DEPLOY] Static HTML built
[main ae3376e] Deploy: 2026-06-15 10:33 UTC
 1 file changed, 1 insertion(+), 1 deletion(-)
To https://github.com/jwfalc-coder/smarkets-dashboard.git
   b0cd082..ae3376e  main -> main
2026-06-15 10:33:27 [DEPLOY] Deploy complete: Deploy: 2026-06-15 10:33 UTC
[main 4927208] log: routine_2026-06-15_1030
 1 file changed, 232 insertions(+)
 create mode 100644 data/routine_logs/routine_2026-06-15_1030.log
error: cannot pull with rebase: You have unstaged changes.
error: Please commit or stash them.
