Sent
2026-05-23 06:00:02,200 [INFO] ============================================================
2026-05-23 06:00:02,200 [INFO] SCANNER RUN STARTED - BETFAIR
2026-05-23 06:00:02,201 [INFO] ============================================================
2026-05-23 06:00:02,596 [INFO] Cached Betfair session too old, re-logging in
2026-05-23 06:00:02,596 [INFO] Betfair login attempt 1/3
2026-05-23 06:00:02,845 [INFO] Betfair login successful
2026-05-23 06:00:02,996 [INFO] Catalogue: 100 markets for sport ID 1
2026-05-23 06:00:03,105 [INFO] Catalogue: 100 markets for sport ID 2
2026-05-23 06:00:03,233 [INFO] Catalogue: 100 markets for sport ID 7
2026-05-23 06:00:03,356 [INFO] Catalogue: 100 markets for sport ID 4
2026-05-23 06:00:03,432 [INFO] Catalogue: 0 markets for sport ID 2378961
2026-05-23 06:00:03,552 [INFO] Catalogue: 60 markets for sport ID 3
2026-05-23 06:00:03,810 [INFO] Catalogue: 100 markets for sport ID 7522
2026-05-23 06:00:03,906 [INFO] Catalogue: 9 markets for sport ID 6423
2026-05-23 06:00:03,907 [INFO] Betfair: fetching prices for 569 markets...
2026-05-23 06:00:08,626 [INFO] Betfair: enriching 569 markets with price data...
2026-05-23 06:00:08,630 [INFO] Betfair: enriched 50/569 markets, 2 tradeable so far
2026-05-23 06:00:08,636 [INFO] Betfair: enriched 100/569 markets, 4 tradeable so far
2026-05-23 06:00:08,638 [INFO] Betfair: enriched 150/569 markets, 6 tradeable so far
2026-05-23 06:00:08,640 [INFO] Betfair: enriched 200/569 markets, 8 tradeable so far
2026-05-23 06:00:08,648 [INFO] Betfair: enriched 250/569 markets, 21 tradeable so far
2026-05-23 06:00:08,655 [INFO] Betfair: enriched 300/569 markets, 30 tradeable so far
2026-05-23 06:00:08,658 [INFO] Betfair: enriched 350/569 markets, 42 tradeable so far
2026-05-23 06:00:08,661 [INFO] Betfair: enriched 400/569 markets, 52 tradeable so far
2026-05-23 06:00:08,702 [INFO] Betfair: enriched 450/569 markets, 73 tradeable so far
2026-05-23 06:00:08,743 [INFO] Betfair: enriched 500/569 markets, 85 tradeable so far
2026-05-23 06:00:08,811 [INFO] Betfair: enriched 550/569 markets, 91 tradeable so far
2026-05-23 06:00:08,835 [INFO] Betfair: enriched 569/569 markets, 92 tradeable so far
2026-05-23 06:00:08,839 [INFO] Betfair: 569 total markets, 92 above 100 GBP volume
2026-05-23 06:00:08,964 [INFO] Outrights: 33 markets for sport 1
2026-05-23 06:00:09,065 [INFO] Outrights: 13 markets for sport 3
2026-05-23 06:00:09,141 [INFO] Outrights: 0 markets for sport 2378961
2026-05-23 06:00:09,566 [INFO] Outrights: 42 markets above 25 GBP
2026-05-23 06:00:09,571 [INFO] Betfair: added 35 outright markets for cross-ref
2026-05-23 06:00:09,572 [INFO] betfair: 604 total, 127 above 100 GBP threshold
2026-05-23 06:00:09,860 [INFO] Snapshot written: /home/jwfalc/smarkets-bot/data/snapshots/betfair/2026-05-23_05-00.json
2026-05-23 06:00:10,015 [INFO] Market log updated (betfair)
2026-05-23 06:00:40,849 [INFO] Scanner complete for betfair. Snapshot: 2026-05-23_05-00.json
2026-05-23 06:00:41,169 [INFO] ============================================================
2026-05-23 06:00:41,170 [INFO] SCANNER RUN STARTED - MATCHBOOK
2026-05-23 06:00:41,170 [INFO] ============================================================
2026-05-23 06:00:41,511 [INFO] Matchbook login attempt 1/3
2026-05-23 06:00:41,676 [INFO] Matchbook login successful
2026-05-23 06:00:41,677 [INFO] Matchbook: fetching events with prices for 15 sports...
2026-05-23 06:00:41,777 [INFO] Matchbook: fetched page offset=0, 20 events (total so far: 20)
2026-05-23 06:00:42,091 [INFO] Matchbook: fetched page offset=20, 20 events (total so far: 40)
2026-05-23 06:00:42,404 [INFO] Matchbook: fetched page offset=40, 20 events (total so far: 60)
2026-05-23 06:00:42,763 [INFO] Matchbook: fetched page offset=60, 20 events (total so far: 80)
2026-05-23 06:00:43,120 [INFO] Matchbook: fetched page offset=80, 20 events (total so far: 100)
2026-05-23 06:00:43,460 [INFO] Matchbook: fetched page offset=100, 20 events (total so far: 120)
2026-05-23 06:00:43,721 [INFO] Matchbook: fetched page offset=120, 20 events (total so far: 140)
2026-05-23 06:00:44,041 [INFO] Matchbook: fetched page offset=140, 20 events (total so far: 160)
2026-05-23 06:00:44,378 [INFO] Matchbook: fetched page offset=160, 20 events (total so far: 180)
2026-05-23 06:00:44,658 [INFO] Matchbook: fetched page offset=180, 20 events (total so far: 200)
2026-05-23 06:00:44,974 [INFO] Matchbook: fetched page offset=200, 20 events (total so far: 220)
2026-05-23 06:00:45,328 [INFO] Matchbook: fetched page offset=220, 20 events (total so far: 240)
2026-05-23 06:00:45,627 [INFO] Matchbook: fetched page offset=240, 20 events (total so far: 260)
2026-05-23 06:00:45,937 [INFO] Matchbook: fetched page offset=260, 20 events (total so far: 280)
2026-05-23 06:00:46,199 [INFO] Matchbook: fetched page offset=280, 20 events (total so far: 300)
2026-05-23 06:00:46,486 [INFO] Matchbook: fetched page offset=300, 20 events (total so far: 320)
2026-05-23 06:00:46,896 [INFO] Matchbook: fetched page offset=320, 20 events (total so far: 340)
2026-05-23 06:00:47,216 [INFO] Matchbook: fetched page offset=340, 20 events (total so far: 360)
2026-05-23 06:00:47,545 [INFO] Matchbook: fetched page offset=360, 20 events (total so far: 380)
2026-05-23 06:00:47,796 [INFO] Matchbook: fetched page offset=380, 20 events (total so far: 400)
2026-05-23 06:00:48,040 [INFO] Matchbook: fetched page offset=400, 20 events (total so far: 420)
2026-05-23 06:00:48,285 [INFO] Matchbook: fetched page offset=420, 20 events (total so far: 440)
2026-05-23 06:00:48,535 [INFO] Matchbook: fetched page offset=440, 20 events (total so far: 460)
2026-05-23 06:00:48,793 [INFO] Matchbook: fetched page offset=460, 20 events (total so far: 480)
2026-05-23 06:00:49,039 [INFO] Matchbook: fetched page offset=480, 20 events (total so far: 500)
2026-05-23 06:00:49,287 [INFO] Matchbook: fetched page offset=500, 20 events (total so far: 520)
2026-05-23 06:00:49,515 [INFO] Matchbook: fetched page offset=520, 3 events (total so far: 523)
2026-05-23 06:00:49,515 [INFO] Matchbook: processing 523 events
2026-05-23 06:00:49,532 [INFO] Matchbook: processed 20/523 events, 89 markets so far
2026-05-23 06:00:49,564 [INFO] Matchbook: processed 40/523 events, 461 markets so far
2026-05-23 06:00:49,590 [INFO] Matchbook: processed 60/523 events, 1009 markets so far
2026-05-23 06:00:49,645 [INFO] Matchbook: processed 80/523 events, 1632 markets so far
2026-05-23 06:00:49,667 [INFO] Matchbook: processed 100/523 events, 2237 markets so far
2026-05-23 06:00:49,685 [INFO] Matchbook: processed 120/523 events, 2775 markets so far
2026-05-23 06:00:49,689 [INFO] Matchbook: processed 140/523 events, 2866 markets so far
2026-05-23 06:00:49,699 [INFO] Matchbook: processed 160/523 events, 3254 markets so far
2026-05-23 06:00:49,715 [INFO] Matchbook: processed 180/523 events, 3824 markets so far
2026-05-23 06:00:49,729 [INFO] Matchbook: processed 200/523 events, 4374 markets so far
2026-05-23 06:00:49,748 [INFO] Matchbook: processed 220/523 events, 4969 markets so far
2026-05-23 06:00:49,772 [INFO] Matchbook: processed 240/523 events, 5628 markets so far
2026-05-23 06:00:49,788 [INFO] Matchbook: processed 260/523 events, 6203 markets so far
2026-05-23 06:00:49,815 [INFO] Matchbook: processed 280/523 events, 6787 markets so far
2026-05-23 06:00:49,823 [INFO] Matchbook: processed 300/523 events, 7109 markets so far
2026-05-23 06:00:49,839 [INFO] Matchbook: processed 320/523 events, 7631 markets so far
2026-05-23 06:00:49,860 [INFO] Matchbook: processed 340/523 events, 8222 markets so far
2026-05-23 06:00:49,884 [INFO] Matchbook: processed 360/523 events, 8881 markets so far
2026-05-23 06:00:49,908 [INFO] Matchbook: processed 380/523 events, 9602 markets so far
2026-05-23 06:00:49,916 [INFO] Matchbook: processed 400/523 events, 10002 markets so far
2026-05-23 06:00:49,923 [INFO] Matchbook: processed 420/523 events, 10351 markets so far
2026-05-23 06:00:49,929 [INFO] Matchbook: processed 440/523 events, 10710 markets so far
2026-05-23 06:00:49,936 [INFO] Matchbook: processed 460/523 events, 11079 markets so far
2026-05-23 06:00:49,954 [INFO] Matchbook: processed 480/523 events, 11540 markets so far
2026-05-23 06:00:49,958 [INFO] Matchbook: processed 500/523 events, 11612 markets so far
2026-05-23 06:00:49,960 [INFO] Matchbook: processed 520/523 events, 11632 markets so far
2026-05-23 06:00:49,961 [INFO] Matchbook: processed 523/523 events, 11635 markets so far
2026-05-23 06:00:49,961 [INFO] Matchbook: 11636 total markets, 626 above 25 GBP volume
2026-05-23 06:00:50,052 [INFO] matchbook: 11636 total, 626 above 25 GBP threshold
2026-05-23 06:00:50,308 [INFO] Snapshot written: /home/jwfalc/smarkets-bot/data/snapshots/matchbook/2026-05-23_05-00.json
2026-05-23 06:00:50,442 [INFO] Market log updated (matchbook)
2026-05-23 06:01:21,609 [INFO] Scanner complete for matchbook. Snapshot: 2026-05-23_05-00.json
2026-05-23 06:01:22,342 [RESEARCHER] matchbook: 626 tradeable markets from 2026-05-23_05-00.json
2026-05-23 06:01:22,343 [RESEARCHER] Market selection: 0 politics/current-affairs + 15 sports = 15 total (platforms: ['matchbook'])
2026-05-23 06:01:22,344 [RESEARCHER] [1/15] Winner
2026-05-23 06:01:30,347 [RESEARCHER] [2/15] Winner
2026-05-23 06:01:38,662 [RESEARCHER] [3/15] Winner
2026-05-23 06:01:45,988 [RESEARCHER] [4/15] To Be Relegated
2026-05-23 06:01:52,843 [RESEARCHER] [5/15] Winner
2026-05-23 06:02:00,384 [RESEARCHER] [6/15] Match Odds
2026-05-23 06:02:07,511 [RESEARCHER] [7/15] Correct Score
2026-05-23 06:02:14,378 [RESEARCHER] [8/15] Match Odds
2026-05-23 06:02:21,883 [RESEARCHER] [9/15] Top 4 Finish
2026-05-23 06:02:30,224 [RESEARCHER] [10/15] Winner
2026-05-23 06:02:37,593 [RESEARCHER] [11/15] Match Odds
2026-05-23 06:02:44,866 [RESEARCHER] [12/15] Match Odds
2026-05-23 06:02:52,950 [RESEARCHER] [13/15] Top 6 Finish
2026-05-23 06:02:56,465 [RESEARCHER] [14/15] Match Odds
2026-05-23 06:03:03,158 [RESEARCHER] [15/15] Match Odds
2026-05-23 06:03:09,896 [RESEARCHER] Research brief written: 2026-05-23_05-03_brief.json
2026-05-23 06:03:09,896 [RESEARCHER] Markets: 15 | Errors: 0 | Credits used: 60
BRIEF_PATH:/home/jwfalc/smarkets-bot/data/research/2026-05-23_05-03_brief.json
2026-05-23 06:03:10,201 [ANALYZER] Loading research brief: 2026-05-23_05-03_brief.json
2026-05-23 06:03:10,443 [ANALYZER] Betfair cross-ref index: 3598 runners
2026-05-23 06:03:10,447 [ANALYZER] Analyzed 15 markets
2026-05-23 06:03:10,447 [ANALYZER] Found 0 signals (10pp+)
2026-05-23 06:03:10,448 [ANALYZER] Logged 4 distribution entries (7pp+)
2026-05-23 06:03:10,459 [ANALYZER] Research output written: 2026-05-23_05-03_research.json
2026-05-23 06:03:10,461 [ANALYZER] Appended 63 edge traces to edge_traces.json
RESEARCH_PATH:/home/jwfalc/smarkets-bot/data/research/2026-05-23_05-03_research.json
2026-05-23 06:03:11,018 [RESOLVE] Found 17 open trade(s) to check (paper_mode=True)
2026-05-23 06:03:11,087 [RESOLVE] Using cached Betfair session token
2026-05-23 06:03:11,088 [RESOLVE] Betfair: checking 2 open-trade markets
2026-05-23 06:03:18,127 [RESOLVE] Snapshot name lookup: found mappings for 2 markets
2026-05-23 06:03:18,208 [RESOLVE] Web fallback: 1 stale match market(s) to look up
2026-05-23 06:03:44,316 [RESOLVE] Stale market unresolved — manual check needed: 'SC Freiburg vs Aston Villa' (market=33223408744800023, logged 2026-05-20). Tip: add [football_data] api_key to config.toml for CL coverage.
2026-05-23 06:03:44,316 [RESOLVE] Settled markets found: 0
2026-05-23 06:03:44,317 [RESOLVE] Standings: unknown competition for 'Men's French Open 2026 - Winner' — skip
2026-05-23 06:03:44,317 [RESOLVE] No open-trade markets have settled yet.
2026-05-23 06:03:44,959 [INFO] ============================================================
2026-05-23 06:03:44,959 [INFO] DIGEST RUN STARTED
2026-05-23 06:03:44,959 [INFO] ============================================================
2026-05-23 06:03:50,299 [INFO] Dashboard data written: /home/jwfalc/smarkets-bot/dashboard/dashboard_data.json
2026-05-23 06:03:50,364 [INFO] Period logs updated: 2026-05-23, 2026-W21, 2026-05, 2026-Q2
2026-05-23 06:03:50,364 [INFO] Run log: [2026-05-23 05:03 UTC] status=ok | platforms=betfair,matchbook | markets=753 | signals=0 | alerts=0 | movements=10 | consec_losses=1
2026-05-23 06:03:50,364 [INFO] Digest complete
Balance: £271.25 | Reserved: £75.59 | Available: £195.66
No new paper trades to log
Distribution log updated: 3 new entries added
Total entries: 598
  near_certainty: 4 total, 4 resolved
  high_prob: 14 total, 5 resolved
  7-9pp: 158 total, 33 resolved
  10-11pp: 50 total, 21 resolved
  12pp+: 372 total, 193 resolved

REVIEW DUE: 7-9pp band has 33 resolved entries (threshold: 12)
  Run: python distribution_logger.py report
  Then run: prompts/prompt_review_v1.md

REVIEW DUE: 7-9pp band has 33 resolved entries (threshold: 12)
  Run: python distribution_logger.py report
  Then run: prompts/prompt_review_v1.md
EXIT_CODE:0
Sent
2026-05-23 06:03:53,289 [STATIC-DASH] Building dashboard data…
2026-05-23 06:03:54,286 [STATIC-DASH] Data collected: 113 trades, 16 signals, 753 markets
2026-05-23 06:03:54,520 [STATIC-DASH] Written: /home/jwfalc/smarkets-dashboard/index.html (2971KB)
2026-05-23 06:03:54 [DEPLOY] Starting dashboard deploy...
WARNING: could not find injection point in HTML
HTML written OK
2026-05-23 06:03:54 [DEPLOY] Static HTML built
[main f6fe5ce] Deploy: 2026-05-23 06:03 UTC
 1 file changed, 1 insertion(+), 1 deletion(-)
To https://github.com/jwfalc-coder/smarkets-dashboard.git
   211d4d4..f6fe5ce  main -> main
2026-05-23 06:03:54 [DEPLOY] Deploy complete: Deploy: 2026-05-23 06:03 UTC
[main 001d1f6] log: routine_2026-05-23_0600
 1 file changed, 180 insertions(+)
 create mode 100644 data/routine_logs/routine_2026-05-23_0600.log
From https://github.com/jwfalc-coder/betting-auditor
 * branch            main       -> FETCH_HEAD
Current branch main is up to date.
To https://github.com/jwfalc-coder/betting-auditor.git
   daf9631..001d1f6  main -> main
