Sent
2026-06-05 06:00:02,749 [INFO] ============================================================
2026-06-05 06:00:02,749 [INFO] SCANNER RUN STARTED - BETFAIR
2026-06-05 06:00:02,749 [INFO] ============================================================
2026-06-05 06:00:03,161 [INFO] Cached Betfair session too old, re-logging in
2026-06-05 06:00:03,162 [INFO] Betfair login attempt 1/3
2026-06-05 06:00:03,306 [INFO] Betfair login successful
2026-06-05 06:00:03,463 [INFO] Catalogue: 100 markets for sport ID 1
2026-06-05 06:00:03,579 [INFO] Catalogue: 100 markets for sport ID 2
2026-06-05 06:00:03,700 [INFO] Catalogue: 100 markets for sport ID 7
2026-06-05 06:00:03,819 [INFO] Catalogue: 100 markets for sport ID 4
2026-06-05 06:00:03,896 [INFO] Catalogue: 0 markets for sport ID 2378961
2026-06-05 06:00:04,018 [INFO] Catalogue: 84 markets for sport ID 3
2026-06-05 06:00:04,244 [INFO] Catalogue: 83 markets for sport ID 7522
2026-06-05 06:00:04,313 [INFO] Catalogue: 0 markets for sport ID 6423
2026-06-05 06:00:04,313 [INFO] Betfair: fetching prices for 567 markets...
2026-06-05 06:00:09,001 [INFO] Betfair: enriching 567 markets with price data...
2026-06-05 06:00:09,005 [INFO] Betfair: enriched 50/567 markets, 0 tradeable so far
2026-06-05 06:00:09,010 [INFO] Betfair: enriched 100/567 markets, 0 tradeable so far
2026-06-05 06:00:09,013 [INFO] Betfair: enriched 150/567 markets, 4 tradeable so far
2026-06-05 06:00:09,014 [INFO] Betfair: enriched 200/567 markets, 5 tradeable so far
2026-06-05 06:00:09,021 [INFO] Betfair: enriched 250/567 markets, 14 tradeable so far
2026-06-05 06:00:09,028 [INFO] Betfair: enriched 300/567 markets, 16 tradeable so far
2026-06-05 06:00:09,031 [INFO] Betfair: enriched 350/567 markets, 28 tradeable so far
2026-06-05 06:00:09,033 [INFO] Betfair: enriched 400/567 markets, 34 tradeable so far
2026-06-05 06:00:09,061 [INFO] Betfair: enriched 450/567 markets, 66 tradeable so far
2026-06-05 06:00:09,086 [INFO] Betfair: enriched 500/567 markets, 86 tradeable so far
2026-06-05 06:00:09,137 [INFO] Betfair: enriched 550/567 markets, 95 tradeable so far
2026-06-05 06:00:09,154 [INFO] Betfair: enriched 567/567 markets, 95 tradeable so far
2026-06-05 06:00:09,156 [INFO] Betfair: 567 total markets, 95 above 100 GBP volume
2026-06-05 06:00:09,267 [INFO] Outrights: 22 markets for sport 1
2026-06-05 06:00:09,378 [INFO] Outrights: 17 markets for sport 3
2026-06-05 06:00:09,457 [INFO] Outrights: 1 markets for sport 2378961
2026-06-05 06:00:09,844 [INFO] Outrights: 38 markets above 25 GBP
2026-06-05 06:00:09,850 [INFO] Betfair: added 30 outright markets for cross-ref
2026-06-05 06:00:09,851 [INFO] betfair: 597 total, 125 above 100 GBP threshold
2026-06-05 06:00:10,057 [INFO] Snapshot written: /home/jwfalc/smarkets-bot/data/snapshots/betfair/2026-06-05_05-00.json
2026-06-05 06:00:10,171 [INFO] Market log updated (betfair)
2026-06-05 06:00:36,526 [INFO] Scanner complete for betfair. Snapshot: 2026-06-05_05-00.json
2026-06-05 06:00:36,840 [INFO] ============================================================
2026-06-05 06:00:36,840 [INFO] SCANNER RUN STARTED - MATCHBOOK
2026-06-05 06:00:36,840 [INFO] ============================================================
2026-06-05 06:00:37,184 [INFO] Matchbook login attempt 1/3
2026-06-05 06:00:37,356 [INFO] Matchbook login successful
2026-06-05 06:00:37,357 [INFO] Matchbook: fetching events with prices for 15 sports...
2026-06-05 06:00:37,497 [INFO] Matchbook: fetched page offset=0, 20 events (total so far: 20)
2026-06-05 06:00:37,729 [INFO] Matchbook: fetched page offset=20, 20 events (total so far: 40)
2026-06-05 06:00:37,983 [INFO] Matchbook: fetched page offset=40, 20 events (total so far: 60)
2026-06-05 06:00:38,260 [INFO] Matchbook: fetched page offset=60, 20 events (total so far: 80)
2026-06-05 06:00:38,585 [INFO] Matchbook: fetched page offset=80, 20 events (total so far: 100)
2026-06-05 06:00:38,848 [INFO] Matchbook: fetched page offset=100, 20 events (total so far: 120)
2026-06-05 06:00:39,150 [INFO] Matchbook: fetched page offset=120, 20 events (total so far: 140)
2026-06-05 06:00:39,428 [INFO] Matchbook: fetched page offset=140, 20 events (total so far: 160)
2026-06-05 06:00:39,691 [INFO] Matchbook: fetched page offset=160, 9 events (total so far: 169)
2026-06-05 06:00:39,692 [INFO] Matchbook: processing 169 events
2026-06-05 06:00:39,718 [INFO] Matchbook: processed 20/169 events, 176 markets so far
2026-06-05 06:00:39,723 [INFO] Matchbook: processed 40/169 events, 227 markets so far
2026-06-05 06:00:39,734 [INFO] Matchbook: processed 60/169 events, 358 markets so far
2026-06-05 06:00:39,748 [INFO] Matchbook: processed 80/169 events, 567 markets so far
2026-06-05 06:00:39,771 [INFO] Matchbook: processed 100/169 events, 1072 markets so far
2026-06-05 06:00:39,783 [INFO] Matchbook: processed 120/169 events, 1440 markets so far
2026-06-05 06:00:39,796 [INFO] Matchbook: processed 140/169 events, 1578 markets so far
2026-06-05 06:00:39,802 [INFO] Matchbook: processed 160/169 events, 1639 markets so far
2026-06-05 06:00:39,806 [INFO] Matchbook: processed 169/169 events, 1662 markets so far
2026-06-05 06:00:39,807 [INFO] Matchbook: 1663 total markets, 188 above 25 GBP volume
2026-06-05 06:00:39,831 [INFO] matchbook: 1663 total, 188 above 25 GBP threshold
2026-06-05 06:00:39,961 [INFO] Snapshot written: /home/jwfalc/smarkets-bot/data/snapshots/matchbook/2026-06-05_05-00.json
2026-06-05 06:00:40,037 [INFO] Market log updated (matchbook)
2026-06-05 06:01:05,581 [INFO] Scanner complete for matchbook. Snapshot: 2026-06-05_05-00.json
2026-06-05 06:01:06,354 [RESEARCHER] Prior index loaded: 109 known runners
2026-06-05 06:01:06,402 [RESEARCHER] betfair: 125 tradeable markets from 2026-06-05_05-00.json
2026-06-05 06:01:06,402 [RESEARCHER] Market selection: 1 politics + 7 outrights + 8 other sports = 16 total (platforms: ['betfair'])
2026-06-05 06:01:06,403 [RESEARCHER] [1/16] Makerfield - Restore Britain Vote Percentage
2026-06-05 06:01:11,413 [RESEARCHER] [2/16] Winner
2026-06-05 06:01:18,559 [RESEARCHER] [3/16] Winner
2026-06-05 06:01:27,881 [RESEARCHER]   Prior history injected for J.J. Spaun
2026-06-05 06:01:27,882 [RESEARCHER]   Prior history injected for Scottie Scheffler
2026-06-05 06:01:27,882 [RESEARCHER]   Prior history injected for Ludvig Aberg
2026-06-05 06:01:27,882 [RESEARCHER] [4/16] Winner
2026-06-05 06:01:37,652 [RESEARCHER]   Prior history injected for Oliver Lindell
2026-06-05 06:01:37,652 [RESEARCHER] [5/16] Winner
2026-06-05 06:01:47,082 [RESEARCHER]   Prior history injected for Bryson DeChambeau
2026-06-05 06:01:47,083 [RESEARCHER] [6/16] Top 10 Finish
2026-06-05 06:01:48,926 [RESEARCHER]   Prior history injected for J.J. Spaun
2026-06-05 06:01:48,926 [RESEARCHER]   Prior history injected for Scottie Scheffler
2026-06-05 06:01:48,927 [RESEARCHER]   Prior history injected for Ludvig Aberg
2026-06-05 06:01:48,927 [RESEARCHER] [7/16] Winner
2026-06-05 06:01:57,951 [RESEARCHER]   Prior history injected for Scottie Scheffler
2026-06-05 06:01:57,951 [RESEARCHER]   Prior history injected for Rory McIlroy
2026-06-05 06:01:57,952 [RESEARCHER]   Prior history injected for Jon Rahm
2026-06-05 06:01:57,952 [RESEARCHER]   Prior history injected for Cameron Young
2026-06-05 06:01:57,952 [RESEARCHER]   Prior history injected for Ludvig Aberg
2026-06-05 06:01:57,953 [RESEARCHER]   Prior history injected for Xander Schauffele
2026-06-05 06:01:57,953 [RESEARCHER] [8/16] Winner
2026-06-05 06:02:03,044 [RESEARCHER]   Prior history injected for Scottie Scheffler
2026-06-05 06:02:03,045 [RESEARCHER]   Prior history injected for Rory McIlroy
2026-06-05 06:02:03,047 [RESEARCHER]   Prior history injected for Jon Rahm
2026-06-05 06:02:03,048 [RESEARCHER]   Prior history injected for Xander Schauffele
2026-06-05 06:02:03,048 [RESEARCHER]   Prior history injected for Cameron Young
2026-06-05 06:02:03,048 [RESEARCHER] [9/16] Match Odds
2026-06-05 06:02:10,644 [RESEARCHER]   Prior history injected for The Draw
2026-06-05 06:02:10,645 [RESEARCHER] [10/16] NBA Championship Winner
2026-06-05 06:02:17,563 [RESEARCHER]   Prior history injected for San Antonio Spurs
2026-06-05 06:02:17,564 [RESEARCHER]   Prior history injected for Sacramento Kings
2026-06-05 06:02:17,564 [RESEARCHER] [11/16] Winner 2026/27
2026-06-05 06:02:24,340 [RESEARCHER]   Prior history injected for Arsenal
2026-06-05 06:02:24,340 [RESEARCHER]   Prior history injected for Man City
2026-06-05 06:02:24,340 [RESEARCHER]   Prior history injected for Liverpool
2026-06-05 06:02:24,341 [RESEARCHER]   Prior history injected for Chelsea
2026-06-05 06:02:24,341 [RESEARCHER]   Prior history injected for Aston Villa
2026-06-05 06:02:24,341 [RESEARCHER] [12/16] Moneyline
2026-06-05 06:02:31,614 [RESEARCHER]   Prior history injected for San Antonio Spurs
2026-06-05 06:02:31,615 [RESEARCHER] [13/16] Match Odds
2026-06-05 06:02:39,319 [RESEARCHER]   Prior history injected for The Blaze W
2026-06-05 06:02:39,320 [RESEARCHER]   Prior history injected for Warwickshire W
2026-06-05 06:02:39,320 [RESEARCHER] [14/16] Match Odds
2026-06-05 06:02:47,902 [RESEARCHER]   Prior history injected for Sussex Sharks W
2026-06-05 06:02:47,902 [RESEARCHER]   Prior history injected for Leicestershire Foxes W
2026-06-05 06:02:47,903 [RESEARCHER] [15/16] Match Odds
2026-06-05 06:02:55,897 [RESEARCHER]   Prior history injected for Kent W
2026-06-05 06:02:55,897 [RESEARCHER]   Prior history injected for Worcestershire Rapids W
2026-06-05 06:02:55,898 [RESEARCHER] [16/16] Match Odds
2026-06-05 06:03:04,702 [RESEARCHER]   Prior history injected for Northamptonshire W
2026-06-05 06:03:04,703 [RESEARCHER]   Prior history injected for Glamorgan W
2026-06-05 06:03:04,725 [RESEARCHER] Research brief written: 2026-06-05_05-03_brief.json
2026-06-05 06:03:04,725 [RESEARCHER] Markets: 16 | Errors: 0 | Credits used: 69
BRIEF_PATH:/home/jwfalc/smarkets-bot/data/research/2026-06-05_05-03_brief.json
2026-06-05 06:03:05,048 [ANALYZER] Loading research brief: 2026-06-05_05-03_brief.json
2026-06-05 06:03:05,239 [ANALYZER] Betfair cross-ref index: 4629 runners
2026-06-05 06:03:05,247 [ANALYZER] Analyzed 16 markets
2026-06-05 06:03:05,247 [ANALYZER] Found 8 signals (10pp+)
2026-06-05 06:03:05,247 [ANALYZER] Logged 12 distribution entries (7pp+)
2026-06-05 06:03:05,262 [ANALYZER] Research output written: 2026-06-05_05-03_research.json
2026-06-05 06:03:05,265 [ANALYZER] Appended 73 edge traces to edge_traces.json
RESEARCH_PATH:/home/jwfalc/smarkets-bot/data/research/2026-06-05_05-03_research.json
2026-06-05 06:03:05,834 [RESOLVE] Found 24 open trade(s) to check (paper_mode=True)
2026-06-05 06:03:05,903 [RESOLVE] Using cached Betfair session token
2026-06-05 06:03:05,903 [RESOLVE] Betfair: checking 18 open-trade markets
2026-06-05 06:03:16,247 [RESOLVE] Snapshot name lookup: found mappings for 18 markets
2026-06-05 06:03:16,376 [RESOLVE] Betfair settled: market=1.258798107 winner=Tommy Fleetwood (13496408)
2026-06-05 06:03:16,457 [RESOLVE] Betfair settled: market=1.258835557 winner=Czechia (84483772)
2026-06-05 06:03:16,459 [RESOLVE] Settled markets found: 2
2026-06-05 06:03:16,560 [RESOLVE]   [betfair] 1st Round Leader | LOSS | P&L: -5.00 | Selection: Scottie Scheffler | Winner: Tommy Fleetwood
2026-06-05 06:03:16,657 [RESOLVE]   [betfair] Match Odds | WIN | P&L: +0.90 | Selection: Czechia | Winner: Czechia
2026-06-05 06:03:16,658 [RESOLVE] Batch resolution alert: 2 trades, net=-4.10
2026-06-05 06:03:16,754 [RESOLVE] Telegram notification sent
2026-06-05 06:03:16,782 [RESOLVE] Auto-resolved 2 trade(s). Running P&L: +329.37 | W/L: 134/80 | ROI: 34.56%
2026-06-05 06:03:17,403 [INFO] ============================================================
2026-06-05 06:03:17,404 [INFO] DIGEST RUN STARTED
2026-06-05 06:03:17,404 [INFO] ============================================================
2026-06-05 06:03:21,669 [INFO] Sending signal alert: Top 10 Finish edge=36.86pp
2026-06-05 06:03:21,713 [WARNING] Telegram notification failed silently: ('Connection aborted.', ConnectionResetError(104, 'Connection reset by peer'))
2026-06-05 06:03:21,713 [INFO] Sending signal alert: Top 10 Finish edge=30.41pp
2026-06-05 06:03:21,812 [INFO] Telegram notification sent
2026-06-05 06:03:21,813 [INFO] Sending signal alert: Top 10 Finish edge=24.56pp
2026-06-05 06:03:21,947 [INFO] Telegram notification sent
2026-06-05 06:03:21,948 [INFO] Sending signal alert: Top 10 Finish edge=22.77pp
2026-06-05 06:03:21,988 [WARNING] Telegram notification failed silently: ('Connection aborted.', ConnectionResetError(104, 'Connection reset by peer'))
2026-06-05 06:03:21,988 [INFO] Sending signal alert: Top 10 Finish edge=21.94pp
2026-06-05 06:03:22,027 [WARNING] Telegram notification failed silently: ('Connection aborted.', ConnectionResetError(104, 'Connection reset by peer'))
2026-06-05 06:03:22,027 [INFO] Sending signal alert: Top 10 Finish edge=20.0pp
2026-06-05 06:03:22,130 [INFO] Telegram notification sent
2026-06-05 06:03:22,131 [INFO] Sent 6 Telegram signal alerts
2026-06-05 06:03:22,176 [INFO] Dashboard data written: /home/jwfalc/smarkets-bot/dashboard/dashboard_data.json
2026-06-05 06:03:22,233 [INFO] Period logs updated: 2026-06-05, 2026-W23, 2026-06, 2026-Q2
2026-06-05 06:03:22,234 [INFO] Run log: [2026-06-05 05:03 UTC] status=signal | platforms=betfair,matchbook | markets=313 | signals=8 | alerts=6 | movements=10 | consec_losses=0
2026-06-05 06:03:22,234 [INFO] Digest complete
Balance: £429.37 | Reserved: £100.04 | Available: £329.33
Logged paper trade: Top 10 Finish - LAY @ 62.89% (edge: 36.86pp) [betfair] | available now £326.38
Logged paper trade: Top 10 Finish - LAY @ 56.5% (edge: 30.41pp) [betfair] | available now £322.53
Skipping (already open): Top 10 Finish LAY
Logged paper trade: Top 10 Finish - LAY @ 47.62% (edge: 24.56pp) [betfair] | available now £317.03
Logged paper trade: Top 10 Finish - LAY @ 43.48% (edge: 21.94pp) [betfair] | available now £310.53
Skipping (already open): Top 10 Finish LAY
Reduced stake: Winner edge 11.2pp < 15.0pp → £1.15 (23%)
Skipping (already open): Winner BACK

4 new paper trade(s) logged
Distribution log updated: 12 new entries added
Total entries: 909
  near_certainty: 7 total, 6 resolved
  high_prob: 23 total, 13 resolved
  7-9pp: 266 total, 98 resolved
  10-11pp: 122 total, 46 resolved
  12pp+: 491 total, 361 resolved

REVIEW DUE: 7-9pp band has 98 resolved entries (threshold: 12)
  Run: python distribution_logger.py report
  Then run: prompts/prompt_review_v1.md

REVIEW DUE: 7-9pp band has 98 resolved entries (threshold: 12)
  Run: python distribution_logger.py report
  Then run: prompts/prompt_review_v1.md
EXIT_CODE:0
Sent
2026-06-05 06:03:25,274 [STATIC-DASH] Building dashboard data…
2026-06-05 06:03:26,334 [STATIC-DASH] Data collected: 241 trades, 68 signals, 313 markets
2026-06-05 06:03:26,572 [STATIC-DASH] Written: /home/jwfalc/smarkets-dashboard/index.html (2588KB)
2026-06-05 06:03:26 [DEPLOY] Starting dashboard deploy...
WARNING: could not find injection point in HTML
HTML written OK
2026-06-05 06:03:26 [DEPLOY] Static HTML built
[main 745bbe3] Deploy: 2026-06-05 06:03 UTC
 1 file changed, 1 insertion(+), 1 deletion(-)
To https://github.com/jwfalc-coder/smarkets-dashboard.git
   35133e9..745bbe3  main -> main
2026-06-05 06:03:26 [DEPLOY] Deploy complete: Deploy: 2026-06-05 06:03 UTC
