Sent
2026-05-30 06:00:02,064 [INFO] ============================================================
2026-05-30 06:00:02,064 [INFO] SCANNER RUN STARTED - BETFAIR
2026-05-30 06:00:02,064 [INFO] ============================================================
2026-05-30 06:00:02,466 [INFO] Cached Betfair session too old, re-logging in
2026-05-30 06:00:02,467 [INFO] Betfair login attempt 1/3
2026-05-30 06:00:02,621 [INFO] Betfair login successful
2026-05-30 06:00:02,765 [INFO] Catalogue: 100 markets for sport ID 1
2026-05-30 06:00:02,891 [INFO] Catalogue: 100 markets for sport ID 2
2026-05-30 06:00:03,012 [INFO] Catalogue: 100 markets for sport ID 7
2026-05-30 06:00:03,117 [INFO] Catalogue: 100 markets for sport ID 4
2026-05-30 06:00:03,200 [INFO] Catalogue: 3 markets for sport ID 2378961
2026-05-30 06:00:03,311 [INFO] Catalogue: 62 markets for sport ID 3
2026-05-30 06:00:03,488 [INFO] Catalogue: 68 markets for sport ID 7522
2026-05-30 06:00:03,593 [INFO] Catalogue: 9 markets for sport ID 6423
2026-05-30 06:00:03,593 [INFO] Betfair: fetching prices for 542 markets...
2026-05-30 06:00:08,129 [INFO] Betfair: enriching 542 markets with price data...
2026-05-30 06:00:08,137 [INFO] Betfair: enriched 50/542 markets, 6 tradeable so far
2026-05-30 06:00:08,143 [INFO] Betfair: enriched 100/542 markets, 10 tradeable so far
2026-05-30 06:00:08,146 [INFO] Betfair: enriched 150/542 markets, 12 tradeable so far
2026-05-30 06:00:08,150 [INFO] Betfair: enriched 200/542 markets, 14 tradeable so far
2026-05-30 06:00:08,162 [INFO] Betfair: enriched 250/542 markets, 27 tradeable so far
2026-05-30 06:00:08,172 [INFO] Betfair: enriched 300/542 markets, 36 tradeable so far
2026-05-30 06:00:08,174 [INFO] Betfair: enriched 350/542 markets, 44 tradeable so far
2026-05-30 06:00:08,177 [INFO] Betfair: enriched 400/542 markets, 50 tradeable so far
2026-05-30 06:00:08,213 [INFO] Betfair: enriched 450/542 markets, 80 tradeable so far
2026-05-30 06:00:08,252 [INFO] Betfair: enriched 500/542 markets, 93 tradeable so far
2026-05-30 06:00:08,299 [INFO] Betfair: enriched 542/542 markets, 99 tradeable so far
2026-05-30 06:00:08,303 [INFO] Betfair: 542 total markets, 99 above 100 GBP volume
2026-05-30 06:00:08,429 [INFO] Outrights: 22 markets for sport 1
2026-05-30 06:00:08,536 [INFO] Outrights: 16 markets for sport 3
2026-05-30 06:00:08,614 [INFO] Outrights: 1 markets for sport 2378961
2026-05-30 06:00:08,992 [INFO] Outrights: 35 markets above 25 GBP
2026-05-30 06:00:08,998 [INFO] Betfair: added 28 outright markets for cross-ref
2026-05-30 06:00:08,999 [INFO] betfair: 570 total, 127 above 100 GBP threshold
2026-05-30 06:00:09,301 [INFO] Snapshot written: /home/jwfalc/smarkets-bot/data/snapshots/betfair/2026-05-30_05-00.json
2026-05-30 06:00:09,466 [INFO] Market log updated (betfair)
2026-05-30 06:00:36,643 [INFO] Scanner complete for betfair. Snapshot: 2026-05-30_05-00.json
2026-05-30 06:00:36,959 [INFO] ============================================================
2026-05-30 06:00:36,959 [INFO] SCANNER RUN STARTED - MATCHBOOK
2026-05-30 06:00:36,960 [INFO] ============================================================
2026-05-30 06:00:38,194 [INFO] Matchbook login attempt 1/3
2026-05-30 06:00:38,365 [INFO] Matchbook login successful
2026-05-30 06:00:38,366 [INFO] Matchbook: fetching events with prices for 15 sports...
2026-05-30 06:00:38,526 [INFO] Matchbook: fetched page offset=0, 20 events (total so far: 20)
2026-05-30 06:00:38,824 [INFO] Matchbook: fetched page offset=20, 20 events (total so far: 40)
2026-05-30 06:00:39,112 [INFO] Matchbook: fetched page offset=40, 20 events (total so far: 60)
2026-05-30 06:00:39,444 [INFO] Matchbook: fetched page offset=60, 20 events (total so far: 80)
2026-05-30 06:00:39,707 [INFO] Matchbook: fetched page offset=80, 20 events (total so far: 100)
2026-05-30 06:00:39,992 [INFO] Matchbook: fetched page offset=100, 20 events (total so far: 120)
2026-05-30 06:00:40,308 [INFO] Matchbook: fetched page offset=120, 20 events (total so far: 140)
2026-05-30 06:00:40,611 [INFO] Matchbook: fetched page offset=140, 20 events (total so far: 160)
2026-05-30 06:00:40,923 [INFO] Matchbook: fetched page offset=160, 20 events (total so far: 180)
2026-05-30 06:00:41,224 [INFO] Matchbook: fetched page offset=180, 20 events (total so far: 200)
2026-05-30 06:00:41,486 [INFO] Matchbook: fetched page offset=200, 20 events (total so far: 220)
2026-05-30 06:00:41,837 [INFO] Matchbook: fetched page offset=220, 20 events (total so far: 240)
2026-05-30 06:00:42,115 [INFO] Matchbook: fetched page offset=240, 20 events (total so far: 260)
2026-05-30 06:00:42,349 [INFO] Matchbook: fetched page offset=260, 20 events (total so far: 280)
2026-05-30 06:00:42,590 [INFO] Matchbook: fetched page offset=280, 12 events (total so far: 292)
2026-05-30 06:00:42,590 [INFO] Matchbook: processing 292 events
2026-05-30 06:00:42,601 [INFO] Matchbook: processed 20/292 events, 152 markets so far
2026-05-30 06:00:42,608 [INFO] Matchbook: processed 40/292 events, 320 markets so far
2026-05-30 06:00:42,621 [INFO] Matchbook: processed 60/292 events, 699 markets so far
2026-05-30 06:00:42,683 [INFO] Matchbook: processed 80/292 events, 1174 markets so far
2026-05-30 06:00:42,690 [INFO] Matchbook: processed 100/292 events, 1379 markets so far
2026-05-30 06:00:42,700 [INFO] Matchbook: processed 120/292 events, 1605 markets so far
2026-05-30 06:00:42,715 [INFO] Matchbook: processed 140/292 events, 2053 markets so far
2026-05-30 06:00:42,732 [INFO] Matchbook: processed 160/292 events, 2557 markets so far
2026-05-30 06:00:42,750 [INFO] Matchbook: processed 180/292 events, 3067 markets so far
2026-05-30 06:00:42,768 [INFO] Matchbook: processed 200/292 events, 3588 markets so far
2026-05-30 06:00:42,776 [INFO] Matchbook: processed 220/292 events, 3882 markets so far
2026-05-30 06:00:42,801 [INFO] Matchbook: processed 240/292 events, 4618 markets so far
2026-05-30 06:00:42,813 [INFO] Matchbook: processed 260/292 events, 4839 markets so far
2026-05-30 06:00:42,814 [INFO] Matchbook: processed 280/292 events, 4859 markets so far
2026-05-30 06:00:42,817 [INFO] Matchbook: processed 292/292 events, 4871 markets so far
2026-05-30 06:00:42,817 [INFO] Matchbook: 4872 total markets, 354 above 25 GBP volume
2026-05-30 06:00:42,864 [INFO] matchbook: 4872 total, 354 above 25 GBP threshold
2026-05-30 06:00:43,032 [INFO] Snapshot written: /home/jwfalc/smarkets-bot/data/snapshots/matchbook/2026-05-30_05-00.json
2026-05-30 06:00:43,127 [INFO] Market log updated (matchbook)
2026-05-30 06:01:09,915 [INFO] Scanner complete for matchbook. Snapshot: 2026-05-30_05-00.json
2026-05-30 06:01:10,568 [RESEARCHER] Prior index loaded: 89 known runners
2026-05-30 06:01:10,630 [RESEARCHER] betfair: 127 tradeable markets from 2026-05-30_05-00.json
2026-05-30 06:01:10,631 [RESEARCHER] Market selection: 4 politics + 7 outrights + 8 other sports = 19 total (platforms: ['betfair'])
2026-05-30 06:01:10,631 [RESEARCHER] [1/19] Starmer Replaced by June 1st 2026
2026-05-30 06:01:16,049 [RESEARCHER]   Prior history injected for Yes
2026-05-30 06:01:16,050 [RESEARCHER]   Prior history injected for No
2026-05-30 06:01:16,050 [RESEARCHER] [2/19] Maltese General Election
2026-05-30 06:01:21,859 [RESEARCHER] [3/19] Next President of Colombia
2026-05-30 06:01:26,952 [RESEARCHER]   Prior history injected for Paloma Valencia
2026-05-30 06:01:26,953 [RESEARCHER] [4/19] Makerfield - Restore Britain Vote Percentage
2026-05-30 06:01:31,865 [RESEARCHER] [5/19] Winner
2026-05-30 06:01:38,490 [RESEARCHER] [6/19] Winner
2026-05-30 06:01:45,308 [RESEARCHER]   Prior history injected for Arsenal
2026-05-30 06:01:45,309 [RESEARCHER] [7/19] Winner
2026-05-30 06:01:53,577 [RESEARCHER] [8/19] Winner
2026-05-30 06:02:01,449 [RESEARCHER] [9/19] Winner
2026-05-30 06:02:08,849 [RESEARCHER] [10/19] Winner
2026-05-30 06:02:17,490 [RESEARCHER]   Prior history injected for Scottie Scheffler
2026-05-30 06:02:17,491 [RESEARCHER]   Prior history injected for Rory McIlroy
2026-05-30 06:02:17,491 [RESEARCHER]   Prior history injected for Jon Rahm
2026-05-30 06:02:17,491 [RESEARCHER]   Prior history injected for Xander Schauffele
2026-05-30 06:02:17,492 [RESEARCHER]   Prior history injected for Cameron Young
2026-05-30 06:02:17,492 [RESEARCHER] [11/19] Winner
2026-05-30 06:02:22,027 [RESEARCHER]   Prior history injected for Scottie Scheffler
2026-05-30 06:02:22,028 [RESEARCHER]   Prior history injected for Rory McIlroy
2026-05-30 06:02:22,028 [RESEARCHER]   Prior history injected for Jon Rahm
2026-05-30 06:02:22,028 [RESEARCHER]   Prior history injected for Cameron Young
2026-05-30 06:02:22,029 [RESEARCHER]   Prior history injected for Ludvig Aberg
2026-05-30 06:02:22,029 [RESEARCHER]   Prior history injected for Bryson DeChambeau
2026-05-30 06:02:22,029 [RESEARCHER] [12/19] Match Odds
2026-05-30 06:02:28,175 [RESEARCHER] [13/19] Match Odds
2026-05-30 06:02:35,936 [RESEARCHER]   Prior history injected for Pakistan
2026-05-30 06:02:35,936 [RESEARCHER] [14/19] Moneyline
2026-05-30 06:02:43,221 [RESEARCHER]   Prior history injected for San Antonio Spurs
2026-05-30 06:02:43,221 [RESEARCHER] [15/19] Will an English team win the 25/26 UCL?
2026-05-30 06:02:49,762 [RESEARCHER]   Prior history injected for No
2026-05-30 06:02:49,763 [RESEARCHER]   Prior history injected for Yes
2026-05-30 06:02:49,763 [RESEARCHER] [16/19] Winner 2026/27
2026-05-30 06:02:55,825 [RESEARCHER]   Prior history injected for Arsenal
2026-05-30 06:02:55,825 [RESEARCHER]   Prior history injected for Man City
2026-05-30 06:02:55,826 [RESEARCHER]   Prior history injected for Liverpool
2026-05-30 06:02:55,826 [RESEARCHER]   Prior history injected for Chelsea
2026-05-30 06:02:55,826 [RESEARCHER]   Prior history injected for Aston Villa
2026-05-30 06:02:55,827 [RESEARCHER] [17/19] Match Odds
2026-05-30 06:03:03,643 [RESEARCHER] [18/19] Daniel Hillier v Nathan Kimsey
2026-05-30 06:03:11,683 [RESEARCHER] [19/19] Winner 2026
2026-05-30 06:03:18,160 [RESEARCHER] Research brief written: 2026-05-30_05-03_brief.json
2026-05-30 06:03:18,160 [RESEARCHER] Markets: 19 | Errors: 0 | Credits used: 78
BRIEF_PATH:/home/jwfalc/smarkets-bot/data/research/2026-05-30_05-03_brief.json
2026-05-30 06:03:18,476 [ANALYZER] Loading research brief: 2026-05-30_05-03_brief.json
2026-05-30 06:03:18,722 [ANALYZER] Betfair cross-ref index: 4183 runners
2026-05-30 06:03:18,729 [ANALYZER] Analyzed 19 markets
2026-05-30 06:03:18,729 [ANALYZER] Found 4 signals (10pp+)
2026-05-30 06:03:18,729 [ANALYZER] Logged 11 distribution entries (7pp+)
2026-05-30 06:03:18,744 [ANALYZER] Research output written: 2026-05-30_05-03_research.json
2026-05-30 06:03:18,747 [ANALYZER] Appended 84 edge traces to edge_traces.json
RESEARCH_PATH:/home/jwfalc/smarkets-bot/data/research/2026-05-30_05-03_research.json
2026-05-30 06:03:19,309 [RESOLVE] Found 33 open trade(s) to check (paper_mode=True)
2026-05-30 06:03:19,378 [RESOLVE] Using cached Betfair session token
2026-05-30 06:03:19,378 [RESOLVE] Betfair: checking 15 open-trade markets
2026-05-30 06:03:28,144 [RESOLVE] Snapshot name lookup: found mappings for 15 markets
2026-05-30 06:03:28,347 [RESOLVE] Settled markets found: 0
2026-05-30 06:03:28,348 [RESOLVE] Standings: unknown competition for 'Men's French Open 2026 - Winner' — skip
2026-05-30 06:03:28,348 [RESOLVE] No open-trade markets have settled yet.
2026-05-30 06:03:28,967 [INFO] ============================================================
2026-05-30 06:03:28,967 [INFO] DIGEST RUN STARTED
2026-05-30 06:03:28,968 [INFO] ============================================================
2026-05-30 06:03:33,851 [INFO] Dashboard data written: /home/jwfalc/smarkets-bot/dashboard/dashboard_data.json
2026-05-30 06:03:33,930 [INFO] Period logs updated: 2026-05-30, 2026-W22, 2026-05, 2026-Q2
2026-05-30 06:03:33,930 [INFO] Run log: [2026-05-30 05:03 UTC] status=signal | platforms=betfair,matchbook | markets=481 | signals=4 | alerts=0 | movements=10 | consec_losses=1
2026-05-30 06:03:33,930 [INFO] Digest complete
Balance: £363.99 | Reserved: £176.00 | Available: £187.99
Reduced stake: Winner edge 14.2pp < 15.0pp → £4.15 (83%)
Skipping (conflicting back in same market): Winner
Reduced stake: Winner edge 13.2pp < 15.0pp → £3.15 (63%)
Skipping (already open): Winner BACK
Reduced stake: Winner edge 11.2pp < 15.0pp → £1.15 (23%)
Skipping (already open): Winner BACK
Reduced stake: Winner 2026/27 edge 12.2pp < 15.0pp → £2.15 (43%)
Skipping (already open): Winner 2026/27 BACK
No new paper trades to log
Distribution log updated: 11 new entries added
Total entries: 749
  near_certainty: 6 total, 5 resolved
  high_prob: 16 total, 8 resolved
  7-9pp: 217 total, 82 resolved
  10-11pp: 82 total, 35 resolved
  12pp+: 428 total, 317 resolved

REVIEW DUE: 7-9pp band has 82 resolved entries (threshold: 12)
  Run: python distribution_logger.py report
  Then run: prompts/prompt_review_v1.md

REVIEW DUE: 7-9pp band has 82 resolved entries (threshold: 12)
  Run: python distribution_logger.py report
  Then run: prompts/prompt_review_v1.md
EXIT_CODE:0
Sent
2026-05-30 06:03:36,842 [STATIC-DASH] Building dashboard data…
2026-05-30 06:03:37,905 [STATIC-DASH] Data collected: 209 trades, 48 signals, 481 markets
2026-05-30 06:03:38,132 [STATIC-DASH] Written: /home/jwfalc/smarkets-dashboard/index.html (3061KB)
2026-05-30 06:03:38 [DEPLOY] Starting dashboard deploy...
WARNING: could not find injection point in HTML
HTML written OK
2026-05-30 06:03:38 [DEPLOY] Static HTML built
[main 9f14c0b] Deploy: 2026-05-30 06:03 UTC
 1 file changed, 1 insertion(+), 1 deletion(-)
To https://github.com/jwfalc-coder/smarkets-dashboard.git
   516a2f9..9f14c0b  main -> main
2026-05-30 06:03:38 [DEPLOY] Deploy complete: Deploy: 2026-05-30 06:03 UTC
[main adb0f0a] log: routine_2026-05-30_0600
 1 file changed, 190 insertions(+)
 create mode 100644 data/routine_logs/routine_2026-05-30_0600.log
From https://github.com/jwfalc-coder/betting-auditor
 * branch            main       -> FETCH_HEAD
Current branch main is up to date.
To https://github.com/jwfalc-coder/betting-auditor.git
   4224a14..adb0f0a  main -> main
