Sent
2026-05-22 18:00:02,905 [INFO] ============================================================
2026-05-22 18:00:02,906 [INFO] SCANNER RUN STARTED - BETFAIR
2026-05-22 18:00:02,906 [INFO] ============================================================
2026-05-22 18:00:03,308 [INFO] Cached Betfair session too old, re-logging in
2026-05-22 18:00:03,309 [INFO] Betfair login attempt 1/3
2026-05-22 18:00:03,470 [INFO] Betfair login successful
2026-05-22 18:00:03,632 [INFO] Catalogue: 100 markets for sport ID 1
2026-05-22 18:00:03,773 [INFO] Catalogue: 100 markets for sport ID 2
2026-05-22 18:00:03,923 [INFO] Catalogue: 100 markets for sport ID 7
2026-05-22 18:00:04,050 [INFO] Catalogue: 100 markets for sport ID 4
2026-05-22 18:00:04,127 [INFO] Catalogue: 0 markets for sport ID 2378961
2026-05-22 18:00:04,221 [INFO] Catalogue: 6 markets for sport ID 3
2026-05-22 18:00:04,442 [INFO] Catalogue: 100 markets for sport ID 7522
2026-05-22 18:00:04,549 [INFO] Catalogue: 6 markets for sport ID 6423
2026-05-22 18:00:04,549 [INFO] Betfair: fetching prices for 512 markets...
2026-05-22 18:00:09,101 [INFO] Betfair: enriching 512 markets with price data...
2026-05-22 18:00:09,109 [INFO] Betfair: enriched 50/512 markets, 9 tradeable so far
2026-05-22 18:00:09,114 [INFO] Betfair: enriched 100/512 markets, 23 tradeable so far
2026-05-22 18:00:09,119 [INFO] Betfair: enriched 150/512 markets, 23 tradeable so far
2026-05-22 18:00:09,121 [INFO] Betfair: enriched 200/512 markets, 23 tradeable so far
2026-05-22 18:00:09,129 [INFO] Betfair: enriched 250/512 markets, 55 tradeable so far
2026-05-22 18:00:09,137 [INFO] Betfair: enriched 300/512 markets, 73 tradeable so far
2026-05-22 18:00:09,140 [INFO] Betfair: enriched 350/512 markets, 99 tradeable so far
2026-05-22 18:00:09,142 [INFO] Betfair: enriched 400/512 markets, 105 tradeable so far
2026-05-22 18:00:09,187 [INFO] Betfair: enriched 450/512 markets, 124 tradeable so far
2026-05-22 18:00:09,239 [INFO] Betfair: enriched 500/512 markets, 131 tradeable so far
2026-05-22 18:00:09,254 [INFO] Betfair: enriched 512/512 markets, 131 tradeable so far
2026-05-22 18:00:09,258 [INFO] Betfair: 512 total markets, 131 above 100 GBP volume
2026-05-22 18:00:09,391 [INFO] Outrights: 33 markets for sport 1
2026-05-22 18:00:09,493 [INFO] Outrights: 13 markets for sport 3
2026-05-22 18:00:09,575 [INFO] Outrights: 0 markets for sport 2378961
2026-05-22 18:00:10,031 [INFO] Outrights: 42 markets above 25 GBP
2026-05-22 18:00:10,037 [INFO] Betfair: added 42 outright markets for cross-ref
2026-05-22 18:00:10,038 [INFO] betfair: 554 total, 173 above 100 GBP threshold
2026-05-22 18:00:10,349 [INFO] Snapshot written: /home/jwfalc/smarkets-bot/data/snapshots/betfair/2026-05-22_17-00.json
2026-05-22 18:00:10,524 [INFO] Market log updated (betfair)
2026-05-22 18:00:41,802 [INFO] Scanner complete for betfair. Snapshot: 2026-05-22_17-00.json
2026-05-22 18:00:42,119 [INFO] ============================================================
2026-05-22 18:00:42,120 [INFO] SCANNER RUN STARTED - MATCHBOOK
2026-05-22 18:00:42,120 [INFO] ============================================================
2026-05-22 18:00:42,459 [INFO] Matchbook login attempt 1/3
2026-05-22 18:00:42,623 [INFO] Matchbook login successful
2026-05-22 18:00:42,624 [INFO] Matchbook: fetching events with prices for 15 sports...
2026-05-22 18:00:42,788 [INFO] Matchbook: fetched page offset=0, 20 events (total so far: 20)
2026-05-22 18:00:43,145 [INFO] Matchbook: fetched page offset=20, 20 events (total so far: 40)
2026-05-22 18:00:43,492 [INFO] Matchbook: fetched page offset=40, 20 events (total so far: 60)
2026-05-22 18:00:43,830 [INFO] Matchbook: fetched page offset=60, 20 events (total so far: 80)
2026-05-22 18:00:44,165 [INFO] Matchbook: fetched page offset=80, 20 events (total so far: 100)
2026-05-22 18:00:44,551 [INFO] Matchbook: fetched page offset=100, 20 events (total so far: 120)
2026-05-22 18:00:44,866 [INFO] Matchbook: fetched page offset=120, 20 events (total so far: 140)
2026-05-22 18:00:45,241 [INFO] Matchbook: fetched page offset=140, 20 events (total so far: 160)
2026-05-22 18:00:45,573 [INFO] Matchbook: fetched page offset=160, 20 events (total so far: 180)
2026-05-22 18:00:45,839 [INFO] Matchbook: fetched page offset=180, 20 events (total so far: 200)
2026-05-22 18:00:46,108 [INFO] Matchbook: fetched page offset=200, 20 events (total so far: 220)
2026-05-22 18:00:46,368 [INFO] Matchbook: fetched page offset=220, 20 events (total so far: 240)
2026-05-22 18:00:46,642 [INFO] Matchbook: fetched page offset=240, 20 events (total so far: 260)
2026-05-22 18:00:46,924 [INFO] Matchbook: fetched page offset=260, 20 events (total so far: 280)
2026-05-22 18:00:47,321 [INFO] Matchbook: fetched page offset=280, 20 events (total so far: 300)
2026-05-22 18:00:47,723 [INFO] Matchbook: fetched page offset=300, 20 events (total so far: 320)
2026-05-22 18:00:48,003 [INFO] Matchbook: fetched page offset=320, 20 events (total so far: 340)
2026-05-22 18:00:48,261 [INFO] Matchbook: fetched page offset=340, 20 events (total so far: 360)
2026-05-22 18:00:48,502 [INFO] Matchbook: fetched page offset=360, 20 events (total so far: 380)
2026-05-22 18:00:48,731 [INFO] Matchbook: processing 380 events
2026-05-22 18:00:48,749 [INFO] Matchbook: processed 20/380 events, 353 markets so far
2026-05-22 18:00:48,774 [INFO] Matchbook: processed 40/380 events, 1002 markets so far
2026-05-22 18:00:48,797 [INFO] Matchbook: processed 60/380 events, 1639 markets so far
2026-05-22 18:00:48,813 [INFO] Matchbook: processed 80/380 events, 2154 markets so far
2026-05-22 18:00:48,830 [INFO] Matchbook: processed 100/380 events, 2697 markets so far
2026-05-22 18:00:48,847 [INFO] Matchbook: processed 120/380 events, 3273 markets so far
2026-05-22 18:00:48,872 [INFO] Matchbook: processed 140/380 events, 3806 markets so far
2026-05-22 18:00:48,902 [INFO] Matchbook: processed 160/380 events, 4576 markets so far
2026-05-22 18:00:48,920 [INFO] Matchbook: processed 180/380 events, 5125 markets so far
2026-05-22 18:00:48,929 [INFO] Matchbook: processed 200/380 events, 5488 markets so far
2026-05-22 18:00:48,936 [INFO] Matchbook: processed 220/380 events, 5880 markets so far
2026-05-22 18:00:48,945 [INFO] Matchbook: processed 240/380 events, 6256 markets so far
2026-05-22 18:00:48,954 [INFO] Matchbook: processed 260/380 events, 6642 markets so far
2026-05-22 18:00:48,967 [INFO] Matchbook: processed 280/380 events, 7080 markets so far
2026-05-22 18:00:48,996 [INFO] Matchbook: processed 300/380 events, 7812 markets so far
2026-05-22 18:00:49,022 [INFO] Matchbook: processed 320/380 events, 8625 markets so far
2026-05-22 18:00:49,046 [INFO] Matchbook: processed 340/380 events, 9124 markets so far
2026-05-22 18:00:49,049 [INFO] Matchbook: processed 360/380 events, 9143 markets so far
2026-05-22 18:00:49,051 [INFO] Matchbook: processed 380/380 events, 9163 markets so far
2026-05-22 18:00:49,052 [INFO] Matchbook: 9164 total markets, 740 above 25 GBP volume
2026-05-22 18:00:49,126 [INFO] matchbook: 9164 total, 740 above 25 GBP threshold
2026-05-22 18:00:49,417 [INFO] Snapshot written: /home/jwfalc/smarkets-bot/data/snapshots/matchbook/2026-05-22_17-00.json
2026-05-22 18:00:49,597 [INFO] Market log updated (matchbook)
2026-05-22 18:01:22,309 [INFO] Scanner complete for matchbook. Snapshot: 2026-05-22_17-00.json
2026-05-22 18:01:23,033 [RESEARCHER] matchbook: 740 tradeable markets from 2026-05-22_17-00.json
2026-05-22 18:01:23,035 [RESEARCHER] Market selection: 0 politics/current-affairs + 15 sports = 15 total (platforms: ['matchbook'])
2026-05-22 18:01:23,035 [RESEARCHER] [1/15] Winner
2026-05-22 18:01:30,684 [RESEARCHER] [2/15] Winner
2026-05-22 18:01:38,390 [RESEARCHER] [3/15] Winner
2026-05-22 18:01:48,038 [RESEARCHER] [4/15] To Be Relegated
2026-05-22 18:01:55,345 [RESEARCHER] [5/15] Winner
2026-05-22 18:02:02,839 [RESEARCHER] [6/15] Match Odds
2026-05-22 18:02:10,534 [RESEARCHER] [7/15] Match Odds
2026-05-22 18:02:19,065 [RESEARCHER] [8/15] Top 4 Finish
2026-05-22 18:02:26,255 [RESEARCHER] [9/15] Winner
2026-05-22 18:02:34,042 [RESEARCHER] [10/15] Top 6 Finish
2026-05-22 18:02:36,966 [RESEARCHER] [11/15] Match Odds
2026-05-22 18:02:45,762 [RESEARCHER] [12/15] Match Odds
2026-05-22 18:02:54,373 [RESEARCHER] [13/15] Match Odds
2026-05-22 18:03:01,964 [RESEARCHER] [14/15] Match Odds
2026-05-22 18:03:09,418 [RESEARCHER] [15/15] Match Odds
2026-05-22 18:03:16,013 [RESEARCHER] Research brief written: 2026-05-22_17-03_brief.json
2026-05-22 18:03:16,014 [RESEARCHER] Markets: 15 | Errors: 0 | Credits used: 60
BRIEF_PATH:/home/jwfalc/smarkets-bot/data/research/2026-05-22_17-03_brief.json
2026-05-22 18:03:16,305 [ANALYZER] Loading research brief: 2026-05-22_17-03_brief.json
2026-05-22 18:03:16,583 [ANALYZER] Betfair cross-ref index: 4222 runners
2026-05-22 18:03:16,587 [ANALYZER] Analyzed 15 markets
2026-05-22 18:03:16,587 [ANALYZER] Found 0 signals (10pp+)
2026-05-22 18:03:16,587 [ANALYZER] Logged 2 distribution entries (7pp+)
2026-05-22 18:03:16,598 [ANALYZER] Research output written: 2026-05-22_17-03_research.json
2026-05-22 18:03:16,600 [ANALYZER] Appended 60 edge traces to edge_traces.json
RESEARCH_PATH:/home/jwfalc/smarkets-bot/data/research/2026-05-22_17-03_research.json
2026-05-22 18:03:17,164 [RESOLVE] Found 17 open trade(s) to check (paper_mode=True)
2026-05-22 18:03:17,232 [RESOLVE] Using cached Betfair session token
2026-05-22 18:03:17,232 [RESOLVE] Betfair: checking 2 open-trade markets
2026-05-22 18:03:24,267 [RESOLVE] Snapshot name lookup: found mappings for 2 markets
2026-05-22 18:03:24,352 [RESOLVE] Web fallback: 1 stale match market(s) to look up
2026-05-22 18:03:49,502 [RESOLVE] Stale market unresolved — manual check needed: 'SC Freiburg vs Aston Villa' (market=33223408744800023, logged 2026-05-20). Tip: add [football_data] api_key to config.toml for CL coverage.
2026-05-22 18:03:49,503 [RESOLVE] Settled markets found: 0
2026-05-22 18:03:49,503 [RESOLVE] Standings: unknown competition for 'Men's French Open 2026 - Winner' — skip
2026-05-22 18:03:49,504 [RESOLVE] No open-trade markets have settled yet.
2026-05-22 18:03:50,149 [INFO] ============================================================
2026-05-22 18:03:50,150 [INFO] DIGEST RUN STARTED
2026-05-22 18:03:50,150 [INFO] ============================================================
2026-05-22 18:03:55,488 [INFO] Dashboard data written: /home/jwfalc/smarkets-bot/dashboard/dashboard_data.json
2026-05-22 18:03:55,554 [INFO] Period logs updated: 2026-05-22, 2026-W21, 2026-05, 2026-Q2
2026-05-22 18:03:55,555 [INFO] Run log: [2026-05-22 17:03 UTC] status=ok | platforms=betfair,matchbook | markets=913 | signals=0 | alerts=0 | movements=10 | consec_losses=1
2026-05-22 18:03:55,555 [INFO] Digest complete
Balance: £271.25 | Reserved: £75.59 | Available: £195.66
No new paper trades to log
Distribution log updated: 0 new entries added
Total entries: 595
  near_certainty: 4 total, 4 resolved
  high_prob: 14 total, 5 resolved
  7-9pp: 156 total, 33 resolved
  10-11pp: 49 total, 21 resolved
  12pp+: 372 total, 193 resolved

REVIEW DUE: 7-9pp band has 33 resolved entries (threshold: 12)
  Run: python distribution_logger.py report
  Then run: prompts/prompt_review_v1.md

REVIEW DUE: 7-9pp band has 33 resolved entries (threshold: 12)
  Run: python distribution_logger.py report
  Then run: prompts/prompt_review_v1.md
EXIT_CODE:0
Sent
2026-05-22 18:03:58,457 [STATIC-DASH] Building dashboard data…
2026-05-22 18:03:59,489 [STATIC-DASH] Data collected: 113 trades, 17 signals, 913 markets
2026-05-22 18:03:59,753 [STATIC-DASH] Written: /home/jwfalc/smarkets-dashboard/index.html (3238KB)
2026-05-22 18:03:59 [DEPLOY] Starting dashboard deploy...
WARNING: could not find injection point in HTML
HTML written OK
2026-05-22 18:03:59 [DEPLOY] Static HTML built
[main 7c852f2] Deploy: 2026-05-22 18:04 UTC
 1 file changed, 1 insertion(+), 1 deletion(-)
To https://github.com/jwfalc-coder/smarkets-dashboard.git
   2e62df4..7c852f2  main -> main
2026-05-22 18:03:59 [DEPLOY] Deploy complete: Deploy: 2026-05-22 18:04 UTC
